[2026-07-06T13:31:56.983+0000] {local_task_job_runner.py:120} INFO - ::group::Pre task execution logs
[2026-07-06T13:31:57.000+0000] {taskinstance.py:2076} INFO - Dependencies all met for dep_context=non-requeueable deps ti=<TaskInstance: mongo_to_bigquery_pipeline.upload_to_gcs manual__2026-07-06T13:26:49.315952+00:00 [queued]>
[2026-07-06T13:31:57.007+0000] {taskinstance.py:2076} INFO - Dependencies all met for dep_context=requeueable deps ti=<TaskInstance: mongo_to_bigquery_pipeline.upload_to_gcs manual__2026-07-06T13:26:49.315952+00:00 [queued]>
[2026-07-06T13:31:57.008+0000] {taskinstance.py:2306} INFO - Starting attempt 2 of 2
[2026-07-06T13:31:57.019+0000] {taskinstance.py:2330} INFO - Executing <Task(LocalFilesystemToGCSOperator): upload_to_gcs> on 2026-07-06 13:26:49.315952+00:00
[2026-07-06T13:31:57.026+0000] {standard_task_runner.py:63} INFO - Started process 1634 to run task
[2026-07-06T13:31:57.029+0000] {standard_task_runner.py:90} INFO - Running: ['***', 'tasks', 'run', 'mongo_to_bigquery_pipeline', 'upload_to_gcs', 'manual__2026-07-06T13:26:49.315952+00:00', '--job-id', '26', '--raw', '--subdir', 'DAGS_FOLDER/mongo_to_bq_dag.py', '--cfg-path', '/tmp/tmp0rii3x3h']
[2026-07-06T13:31:57.031+0000] {standard_task_runner.py:91} INFO - Job 26: Subtask upload_to_gcs
[2026-07-06T13:31:57.079+0000] {task_command.py:426} INFO - Running <TaskInstance: mongo_to_bigquery_pipeline.upload_to_gcs manual__2026-07-06T13:26:49.315952+00:00 [running]> on host b66a75308c99
[2026-07-06T13:31:57.145+0000] {taskinstance.py:2648} INFO - Exporting env vars: AIRFLOW_CTX_DAG_OWNER='data_engineer' AIRFLOW_CTX_DAG_ID='mongo_to_bigquery_pipeline' AIRFLOW_CTX_TASK_ID='upload_to_gcs' AIRFLOW_CTX_EXECUTION_DATE='2026-07-06T13:26:49.315952+00:00' AIRFLOW_CTX_TRY_NUMBER='2' AIRFLOW_CTX_DAG_RUN_ID='manual__2026-07-06T13:26:49.315952+00:00'
[2026-07-06T13:31:57.147+0000] {taskinstance.py:430} INFO - ::endgroup::
[2026-07-06T13:31:57.156+0000] {connection.py:274} WARNING - Connection schemes (type: google_cloud_platform) shall not contain '_' according to RFC3986.
[2026-07-06T13:31:57.158+0000] {base.py:84} INFO - Using connection ID 'gcp_conn' for task execution.
[2026-07-06T13:31:57.160+0000] {taskinstance.py:441} INFO - ::group::Post task execution logs
[2026-07-06T13:31:57.161+0000] {taskinstance.py:2905} ERROR - Task failed with exception
Traceback (most recent call last):
  File "/home/airflow/.local/lib/python3.11/site-packages/airflow/models/taskinstance.py", line 465, in _execute_task
    result = _execute_callable(context=context, **execute_callable_kwargs)
             ^^^^^^^^^^^^^^^^^^^^^^^^^^^^^^^^^^^^^^^^^^^^^^^^^^^^^^^^^^^^^
  File "/home/airflow/.local/lib/python3.11/site-packages/airflow/models/taskinstance.py", line 432, in _execute_callable
    return execute_callable(context=context, **execute_callable_kwargs)
           ^^^^^^^^^^^^^^^^^^^^^^^^^^^^^^^^^^^^^^^^^^^^^^^^^^^^^^^^^^^^
  File "/home/airflow/.local/lib/python3.11/site-packages/airflow/models/baseoperator.py", line 400, in wrapper
    return func(self, *args, **kwargs)
           ^^^^^^^^^^^^^^^^^^^^^^^^^^^
  File "/home/airflow/.local/lib/python3.11/site-packages/airflow/providers/google/cloud/transfers/local_to_gcs.py", line 111, in execute
    hook.upload(
  File "/home/airflow/.local/lib/python3.11/site-packages/airflow/providers/google/cloud/hooks/gcs.py", line 524, in upload
    client = self.get_conn()
             ^^^^^^^^^^^^^^^
  File "/home/airflow/.local/lib/python3.11/site-packages/airflow/providers/google/cloud/hooks/gcs.py", line 169, in get_conn
    credentials=self.get_credentials(), client_info=CLIENT_INFO, project=self.project_id
                ^^^^^^^^^^^^^^^^^^^^^^
  File "/home/airflow/.local/lib/python3.11/site-packages/airflow/providers/google/common/hooks/base_google.py", line 308, in get_credentials
    credentials, _ = self.get_credentials_and_project_id()
                     ^^^^^^^^^^^^^^^^^^^^^^^^^^^^^^^^^^^^^
  File "/home/airflow/.local/lib/python3.11/site-packages/airflow/providers/google/common/hooks/base_google.py", line 285, in get_credentials_and_project_id
    credentials, project_id = get_credentials_and_project_id(
                              ^^^^^^^^^^^^^^^^^^^^^^^^^^^^^^^
  File "/home/airflow/.local/lib/python3.11/site-packages/airflow/providers/google/cloud/utils/credentials_provider.py", line 362, in get_credentials_and_project_id
    return _CredentialProvider(*args, **kwargs).get_credentials_and_project()
           ^^^^^^^^^^^^^^^^^^^^^^^^^^^^^^^^^^^^^^^^^^^^^^^^^^^^^^^^^^^^^^^^^^
  File "/home/airflow/.local/lib/python3.11/site-packages/airflow/providers/google/cloud/utils/credentials_provider.py", line 235, in get_credentials_and_project
    credentials, project_id = self._get_credentials_using_key_path()
                              ^^^^^^^^^^^^^^^^^^^^^^^^^^^^^^^^^^^^^^
  File "/home/airflow/.local/lib/python3.11/site-packages/airflow/providers/google/cloud/utils/credentials_provider.py", line 286, in _get_credentials_using_key_path
    credentials = google.oauth2.service_account.Credentials.from_service_account_file(
                  ^^^^^^^^^^^^^^^^^^^^^^^^^^^^^^^^^^^^^^^^^^^^^^^^^^^^^^^^^^^^^^^^^^^^
  File "/home/airflow/.local/lib/python3.11/site-packages/google/oauth2/service_account.py", line 258, in from_service_account_file
    info, signer = _service_account_info.from_filename(
                   ^^^^^^^^^^^^^^^^^^^^^^^^^^^^^^^^^^^^
  File "/home/airflow/.local/lib/python3.11/site-packages/google/auth/_service_account_info.py", line 78, in from_filename
    with io.open(filename, "r", encoding="utf-8") as json_file:
         ^^^^^^^^^^^^^^^^^^^^^^^^^^^^^^^^^^^^^^^^
FileNotFoundError: [Errno 2] No such file or directory: '/opt/airflow/dags/gcp-key.json'
[2026-07-06T13:31:57.169+0000] {taskinstance.py:1206} INFO - Marking task as FAILED. dag_id=mongo_to_bigquery_pipeline, task_id=upload_to_gcs, run_id=manual__2026-07-06T13:26:49.315952+00:00, execution_date=20260706T132649, start_date=20260706T133157, end_date=20260706T133157
[2026-07-06T13:31:57.179+0000] {standard_task_runner.py:110} ERROR - Failed to execute job 26 for task upload_to_gcs ([Errno 2] No such file or directory: '/opt/airflow/dags/gcp-key.json'; 1634)
[2026-07-06T13:31:57.202+0000] {local_task_job_runner.py:240} INFO - Task exited with return code 1
[2026-07-06T13:31:57.219+0000] {taskinstance.py:3498} INFO - 0 downstream tasks scheduled from follow-on schedule check
[2026-07-06T13:31:57.223+0000] {local_task_job_runner.py:222} INFO - ::endgroup::
