[2026-07-07T15:48:01.430+0000] {local_task_job_runner.py:120} INFO - ::group::Pre task execution logs
[2026-07-07T15:48:01.449+0000] {taskinstance.py:2076} INFO - Dependencies all met for dep_context=non-requeueable deps ti=<TaskInstance: mongo_to_bq_dag.extract_carts manual__2026-07-07T15:47:55.746653+00:00 [queued]>
[2026-07-07T15:48:01.457+0000] {taskinstance.py:2076} INFO - Dependencies all met for dep_context=requeueable deps ti=<TaskInstance: mongo_to_bq_dag.extract_carts manual__2026-07-07T15:47:55.746653+00:00 [queued]>
[2026-07-07T15:48:01.458+0000] {taskinstance.py:2306} INFO - Starting attempt 1 of 1
[2026-07-07T15:48:01.474+0000] {taskinstance.py:2330} INFO - Executing <Task(PythonOperator): extract_carts> on 2026-07-07 15:47:55.746653+00:00
[2026-07-07T15:48:01.482+0000] {standard_task_runner.py:63} INFO - Started process 554 to run task
[2026-07-07T15:48:01.485+0000] {standard_task_runner.py:90} INFO - Running: ['***', 'tasks', 'run', 'mongo_to_bq_dag', 'extract_carts', 'manual__2026-07-07T15:47:55.746653+00:00', '--job-id', '54', '--raw', '--subdir', 'DAGS_FOLDER/mongo_to_bq_dag.py', '--cfg-path', '/tmp/tmpolfed7ru']
[2026-07-07T15:48:01.486+0000] {standard_task_runner.py:91} INFO - Job 54: Subtask extract_carts
[2026-07-07T15:48:01.545+0000] {task_command.py:426} INFO - Running <TaskInstance: mongo_to_bq_dag.extract_carts manual__2026-07-07T15:47:55.746653+00:00 [running]> on host b66a75308c99
[2026-07-07T15:48:01.934+0000] {taskinstance.py:2648} INFO - Exporting env vars: AIRFLOW_CTX_DAG_OWNER='data_engineer' AIRFLOW_CTX_DAG_ID='mongo_to_bq_dag' AIRFLOW_CTX_TASK_ID='extract_carts' AIRFLOW_CTX_EXECUTION_DATE='2026-07-07T15:47:55.746653+00:00' AIRFLOW_CTX_TRY_NUMBER='1' AIRFLOW_CTX_DAG_RUN_ID='manual__2026-07-07T15:47:55.746653+00:00'
[2026-07-07T15:48:01.935+0000] {taskinstance.py:430} INFO - ::endgroup::
[2026-07-07T15:48:01.936+0000] {logging_mixin.py:188} INFO - Ekstraksi MongoDB untuk collection: carts
[2026-07-07T15:48:01.946+0000] {base.py:84} INFO - Using connection ID 'mongo_conn' for task execution.
[2026-07-07T15:48:02.401+0000] {logger.py:96} INFO - {"message": "Waiting for suitable server to become available", "selector": "Primary()", "operation": "find", "topologyDescription": "<TopologyDescription id: 6a4d1fb2469f21beada2e95e, topology_type: ReplicaSetNoPrimary, servers: [<ServerDescription ('ac-u3q28i0-shard-00-00.cpdvfd0.mongodb.net', 27017) server_type: Unknown, rtt: None>, <ServerDescription ('ac-u3q28i0-shard-00-01.cpdvfd0.mongodb.net', 27017) server_type: Unknown, rtt: None>, <ServerDescription ('ac-u3q28i0-shard-00-02.cpdvfd0.mongodb.net', 27017) server_type: Unknown, rtt: None>]>", "clientId": {"$oid": "6a4d1fb2469f21beada2e95e"}, "remainingTimeMS": 29}
[2026-07-07T15:48:07.287+0000] {python.py:237} INFO - Done. Returned value was: /opt/***/dags/temp_carts.json
[2026-07-07T15:48:07.287+0000] {taskinstance.py:441} INFO - ::group::Post task execution logs
[2026-07-07T15:48:07.322+0000] {taskinstance.py:1206} INFO - Marking task as SUCCESS. dag_id=mongo_to_bq_dag, task_id=extract_carts, run_id=manual__2026-07-07T15:47:55.746653+00:00, execution_date=20260707T154755, start_date=20260707T154801, end_date=20260707T154807
[2026-07-07T15:48:07.391+0000] {local_task_job_runner.py:240} INFO - Task exited with return code 0
[2026-07-07T15:48:07.426+0000] {taskinstance.py:3498} INFO - 1 downstream tasks scheduled from follow-on schedule check
[2026-07-07T15:48:07.428+0000] {local_task_job_runner.py:222} INFO - ::endgroup::
