[2026-07-05T16:07:28.294+0000] {processor.py:161} INFO - Started process (PID=77) to work on /home/airflow/.local/lib/python3.11/site-packages/airflow/example_dags/example_branch_day_of_week_operator.py
[2026-07-05T16:07:28.311+0000] {processor.py:830} INFO - Processing file /home/airflow/.local/lib/python3.11/site-packages/airflow/example_dags/example_branch_day_of_week_operator.py for tasks to queue
[2026-07-05T16:07:28.330+0000] {logging_mixin.py:188} INFO - [2026-07-05T16:07:28.329+0000] {dagbag.py:545} INFO - Filling up the DagBag from /home/airflow/.local/lib/python3.11/site-packages/airflow/example_dags/example_branch_day_of_week_operator.py
[2026-07-05T16:07:28.406+0000] {processor.py:840} INFO - DAG(s) 'example_weekday_branch_operator' retrieved from /home/airflow/.local/lib/python3.11/site-packages/airflow/example_dags/example_branch_day_of_week_operator.py
[2026-07-05T16:07:28.961+0000] {logging_mixin.py:188} INFO - [2026-07-05T16:07:28.958+0000] {override.py:1829} INFO - Created Permission View: can delete on DAG:example_weekday_branch_operator
[2026-07-05T16:07:28.983+0000] {logging_mixin.py:188} INFO - [2026-07-05T16:07:28.983+0000] {override.py:1829} INFO - Created Permission View: can read on DAG:example_weekday_branch_operator
[2026-07-05T16:07:28.994+0000] {logging_mixin.py:188} INFO - [2026-07-05T16:07:28.993+0000] {override.py:1829} INFO - Created Permission View: can edit on DAG:example_weekday_branch_operator
[2026-07-05T16:07:28.995+0000] {logging_mixin.py:188} INFO - [2026-07-05T16:07:28.994+0000] {dag.py:3096} INFO - Sync 1 DAGs
[2026-07-05T16:07:29.044+0000] {logging_mixin.py:188} INFO - [2026-07-05T16:07:29.043+0000] {dag.py:3118} INFO - Creating ORM DAG for example_weekday_branch_operator
[2026-07-05T16:07:29.135+0000] {logging_mixin.py:188} INFO - [2026-07-05T16:07:29.133+0000] {dag.py:3954} INFO - Setting next_dagrun for example_weekday_branch_operator to 2026-07-04 00:00:00+00:00, run_after=2026-07-05 00:00:00+00:00
[2026-07-05T16:07:29.189+0000] {processor.py:183} INFO - Processing /home/airflow/.local/lib/python3.11/site-packages/airflow/example_dags/example_branch_day_of_week_operator.py took 1.009 seconds
[2026-07-05T16:07:59.565+0000] {processor.py:161} INFO - Started process (PID=135) to work on /home/airflow/.local/lib/python3.11/site-packages/airflow/example_dags/example_branch_day_of_week_operator.py
[2026-07-05T16:07:59.566+0000] {processor.py:830} INFO - Processing file /home/airflow/.local/lib/python3.11/site-packages/airflow/example_dags/example_branch_day_of_week_operator.py for tasks to queue
[2026-07-05T16:07:59.568+0000] {logging_mixin.py:188} INFO - [2026-07-05T16:07:59.568+0000] {dagbag.py:545} INFO - Filling up the DagBag from /home/airflow/.local/lib/python3.11/site-packages/airflow/example_dags/example_branch_day_of_week_operator.py
[2026-07-05T16:07:59.578+0000] {processor.py:840} INFO - DAG(s) 'example_weekday_branch_operator' retrieved from /home/airflow/.local/lib/python3.11/site-packages/airflow/example_dags/example_branch_day_of_week_operator.py
[2026-07-05T16:07:59.598+0000] {logging_mixin.py:188} INFO - [2026-07-05T16:07:59.598+0000] {dag.py:3096} INFO - Sync 1 DAGs
[2026-07-05T16:07:59.618+0000] {logging_mixin.py:188} INFO - [2026-07-05T16:07:59.618+0000] {dag.py:3954} INFO - Setting next_dagrun for example_weekday_branch_operator to 2026-07-04 00:00:00+00:00, run_after=2026-07-05 00:00:00+00:00
[2026-07-05T16:07:59.638+0000] {processor.py:183} INFO - Processing /home/airflow/.local/lib/python3.11/site-packages/airflow/example_dags/example_branch_day_of_week_operator.py took 0.078 seconds
[2026-07-05T16:08:30.160+0000] {processor.py:161} INFO - Started process (PID=193) to work on /home/airflow/.local/lib/python3.11/site-packages/airflow/example_dags/example_branch_day_of_week_operator.py
[2026-07-05T16:08:30.161+0000] {processor.py:830} INFO - Processing file /home/airflow/.local/lib/python3.11/site-packages/airflow/example_dags/example_branch_day_of_week_operator.py for tasks to queue
[2026-07-05T16:08:30.164+0000] {logging_mixin.py:188} INFO - [2026-07-05T16:08:30.163+0000] {dagbag.py:545} INFO - Filling up the DagBag from /home/airflow/.local/lib/python3.11/site-packages/airflow/example_dags/example_branch_day_of_week_operator.py
[2026-07-05T16:08:30.173+0000] {processor.py:840} INFO - DAG(s) 'example_weekday_branch_operator' retrieved from /home/airflow/.local/lib/python3.11/site-packages/airflow/example_dags/example_branch_day_of_week_operator.py
[2026-07-05T16:08:30.196+0000] {logging_mixin.py:188} INFO - [2026-07-05T16:08:30.196+0000] {dag.py:3096} INFO - Sync 1 DAGs
[2026-07-05T16:08:30.217+0000] {logging_mixin.py:188} INFO - [2026-07-05T16:08:30.217+0000] {dag.py:3954} INFO - Setting next_dagrun for example_weekday_branch_operator to 2026-07-04 00:00:00+00:00, run_after=2026-07-05 00:00:00+00:00
[2026-07-05T16:08:30.238+0000] {processor.py:183} INFO - Processing /home/airflow/.local/lib/python3.11/site-packages/airflow/example_dags/example_branch_day_of_week_operator.py took 0.085 seconds
[2026-07-05T16:09:00.396+0000] {processor.py:161} INFO - Started process (PID=251) to work on /home/airflow/.local/lib/python3.11/site-packages/airflow/example_dags/example_branch_day_of_week_operator.py
[2026-07-05T16:09:00.397+0000] {processor.py:830} INFO - Processing file /home/airflow/.local/lib/python3.11/site-packages/airflow/example_dags/example_branch_day_of_week_operator.py for tasks to queue
[2026-07-05T16:09:00.401+0000] {logging_mixin.py:188} INFO - [2026-07-05T16:09:00.400+0000] {dagbag.py:545} INFO - Filling up the DagBag from /home/airflow/.local/lib/python3.11/site-packages/airflow/example_dags/example_branch_day_of_week_operator.py
[2026-07-05T16:09:00.409+0000] {processor.py:840} INFO - DAG(s) 'example_weekday_branch_operator' retrieved from /home/airflow/.local/lib/python3.11/site-packages/airflow/example_dags/example_branch_day_of_week_operator.py
[2026-07-05T16:09:00.432+0000] {logging_mixin.py:188} INFO - [2026-07-05T16:09:00.432+0000] {dag.py:3096} INFO - Sync 1 DAGs
[2026-07-05T16:09:00.455+0000] {logging_mixin.py:188} INFO - [2026-07-05T16:09:00.455+0000] {dag.py:3954} INFO - Setting next_dagrun for example_weekday_branch_operator to 2026-07-04 00:00:00+00:00, run_after=2026-07-05 00:00:00+00:00
[2026-07-05T16:09:00.475+0000] {processor.py:183} INFO - Processing /home/airflow/.local/lib/python3.11/site-packages/airflow/example_dags/example_branch_day_of_week_operator.py took 0.085 seconds
[2026-07-05T16:09:30.528+0000] {processor.py:161} INFO - Started process (PID=309) to work on /home/airflow/.local/lib/python3.11/site-packages/airflow/example_dags/example_branch_day_of_week_operator.py
[2026-07-05T16:09:30.529+0000] {processor.py:830} INFO - Processing file /home/airflow/.local/lib/python3.11/site-packages/airflow/example_dags/example_branch_day_of_week_operator.py for tasks to queue
[2026-07-05T16:09:30.531+0000] {logging_mixin.py:188} INFO - [2026-07-05T16:09:30.531+0000] {dagbag.py:545} INFO - Filling up the DagBag from /home/airflow/.local/lib/python3.11/site-packages/airflow/example_dags/example_branch_day_of_week_operator.py
[2026-07-05T16:09:30.538+0000] {processor.py:840} INFO - DAG(s) 'example_weekday_branch_operator' retrieved from /home/airflow/.local/lib/python3.11/site-packages/airflow/example_dags/example_branch_day_of_week_operator.py
[2026-07-05T16:09:30.551+0000] {logging_mixin.py:188} INFO - [2026-07-05T16:09:30.551+0000] {dag.py:3096} INFO - Sync 1 DAGs
[2026-07-05T16:09:30.573+0000] {logging_mixin.py:188} INFO - [2026-07-05T16:09:30.573+0000] {dag.py:3954} INFO - Setting next_dagrun for example_weekday_branch_operator to 2026-07-04 00:00:00+00:00, run_after=2026-07-05 00:00:00+00:00
[2026-07-05T16:09:30.596+0000] {processor.py:183} INFO - Processing /home/airflow/.local/lib/python3.11/site-packages/airflow/example_dags/example_branch_day_of_week_operator.py took 0.074 seconds
[2026-07-05T16:10:11.612+0000] {processor.py:161} INFO - Started process (PID=66) to work on /home/airflow/.local/lib/python3.11/site-packages/airflow/example_dags/example_branch_day_of_week_operator.py
[2026-07-05T16:10:11.614+0000] {processor.py:830} INFO - Processing file /home/airflow/.local/lib/python3.11/site-packages/airflow/example_dags/example_branch_day_of_week_operator.py for tasks to queue
[2026-07-05T16:10:11.618+0000] {logging_mixin.py:188} INFO - [2026-07-05T16:10:11.617+0000] {dagbag.py:545} INFO - Filling up the DagBag from /home/airflow/.local/lib/python3.11/site-packages/airflow/example_dags/example_branch_day_of_week_operator.py
[2026-07-05T16:10:11.634+0000] {processor.py:840} INFO - DAG(s) 'example_weekday_branch_operator' retrieved from /home/airflow/.local/lib/python3.11/site-packages/airflow/example_dags/example_branch_day_of_week_operator.py
[2026-07-05T16:10:11.655+0000] {logging_mixin.py:188} INFO - [2026-07-05T16:10:11.654+0000] {dag.py:3096} INFO - Sync 1 DAGs
[2026-07-05T16:10:12.022+0000] {logging_mixin.py:188} INFO - [2026-07-05T16:10:12.022+0000] {dag.py:3954} INFO - Setting next_dagrun for example_weekday_branch_operator to 2026-07-04 00:00:00+00:00, run_after=2026-07-05 00:00:00+00:00
[2026-07-05T16:10:12.059+0000] {processor.py:183} INFO - Processing /home/airflow/.local/lib/python3.11/site-packages/airflow/example_dags/example_branch_day_of_week_operator.py took 0.406 seconds
[2026-07-05T16:10:42.223+0000] {processor.py:161} INFO - Started process (PID=131) to work on /home/airflow/.local/lib/python3.11/site-packages/airflow/example_dags/example_branch_day_of_week_operator.py
[2026-07-05T16:10:42.224+0000] {processor.py:830} INFO - Processing file /home/airflow/.local/lib/python3.11/site-packages/airflow/example_dags/example_branch_day_of_week_operator.py for tasks to queue
[2026-07-05T16:10:42.227+0000] {logging_mixin.py:188} INFO - [2026-07-05T16:10:42.227+0000] {dagbag.py:545} INFO - Filling up the DagBag from /home/airflow/.local/lib/python3.11/site-packages/airflow/example_dags/example_branch_day_of_week_operator.py
[2026-07-05T16:10:42.237+0000] {processor.py:840} INFO - DAG(s) 'example_weekday_branch_operator' retrieved from /home/airflow/.local/lib/python3.11/site-packages/airflow/example_dags/example_branch_day_of_week_operator.py
[2026-07-05T16:10:42.351+0000] {logging_mixin.py:188} INFO - [2026-07-05T16:10:42.351+0000] {dag.py:3096} INFO - Sync 1 DAGs
[2026-07-05T16:10:42.378+0000] {logging_mixin.py:188} INFO - [2026-07-05T16:10:42.377+0000] {dag.py:3954} INFO - Setting next_dagrun for example_weekday_branch_operator to 2026-07-04 00:00:00+00:00, run_after=2026-07-05 00:00:00+00:00
[2026-07-05T16:10:42.400+0000] {processor.py:183} INFO - Processing /home/airflow/.local/lib/python3.11/site-packages/airflow/example_dags/example_branch_day_of_week_operator.py took 0.186 seconds
[2026-07-05T16:11:12.455+0000] {processor.py:161} INFO - Started process (PID=189) to work on /home/airflow/.local/lib/python3.11/site-packages/airflow/example_dags/example_branch_day_of_week_operator.py
[2026-07-05T16:11:12.456+0000] {processor.py:830} INFO - Processing file /home/airflow/.local/lib/python3.11/site-packages/airflow/example_dags/example_branch_day_of_week_operator.py for tasks to queue
[2026-07-05T16:11:12.458+0000] {logging_mixin.py:188} INFO - [2026-07-05T16:11:12.458+0000] {dagbag.py:545} INFO - Filling up the DagBag from /home/airflow/.local/lib/python3.11/site-packages/airflow/example_dags/example_branch_day_of_week_operator.py
[2026-07-05T16:11:12.465+0000] {processor.py:840} INFO - DAG(s) 'example_weekday_branch_operator' retrieved from /home/airflow/.local/lib/python3.11/site-packages/airflow/example_dags/example_branch_day_of_week_operator.py
[2026-07-05T16:11:12.485+0000] {logging_mixin.py:188} INFO - [2026-07-05T16:11:12.485+0000] {dag.py:3096} INFO - Sync 1 DAGs
[2026-07-05T16:11:12.503+0000] {logging_mixin.py:188} INFO - [2026-07-05T16:11:12.503+0000] {dag.py:3954} INFO - Setting next_dagrun for example_weekday_branch_operator to 2026-07-04 00:00:00+00:00, run_after=2026-07-05 00:00:00+00:00
[2026-07-05T16:11:12.520+0000] {processor.py:183} INFO - Processing /home/airflow/.local/lib/python3.11/site-packages/airflow/example_dags/example_branch_day_of_week_operator.py took 0.070 seconds
[2026-07-05T16:11:42.815+0000] {processor.py:161} INFO - Started process (PID=247) to work on /home/airflow/.local/lib/python3.11/site-packages/airflow/example_dags/example_branch_day_of_week_operator.py
[2026-07-05T16:11:42.817+0000] {processor.py:830} INFO - Processing file /home/airflow/.local/lib/python3.11/site-packages/airflow/example_dags/example_branch_day_of_week_operator.py for tasks to queue
[2026-07-05T16:11:42.819+0000] {logging_mixin.py:188} INFO - [2026-07-05T16:11:42.818+0000] {dagbag.py:545} INFO - Filling up the DagBag from /home/airflow/.local/lib/python3.11/site-packages/airflow/example_dags/example_branch_day_of_week_operator.py
[2026-07-05T16:11:42.828+0000] {processor.py:840} INFO - DAG(s) 'example_weekday_branch_operator' retrieved from /home/airflow/.local/lib/python3.11/site-packages/airflow/example_dags/example_branch_day_of_week_operator.py
[2026-07-05T16:11:42.848+0000] {logging_mixin.py:188} INFO - [2026-07-05T16:11:42.848+0000] {dag.py:3096} INFO - Sync 1 DAGs
[2026-07-05T16:11:42.868+0000] {logging_mixin.py:188} INFO - [2026-07-05T16:11:42.868+0000] {dag.py:3954} INFO - Setting next_dagrun for example_weekday_branch_operator to 2026-07-04 00:00:00+00:00, run_after=2026-07-05 00:00:00+00:00
[2026-07-05T16:11:42.888+0000] {processor.py:183} INFO - Processing /home/airflow/.local/lib/python3.11/site-packages/airflow/example_dags/example_branch_day_of_week_operator.py took 0.079 seconds
[2026-07-05T16:12:13.886+0000] {processor.py:161} INFO - Started process (PID=305) to work on /home/airflow/.local/lib/python3.11/site-packages/airflow/example_dags/example_branch_day_of_week_operator.py
[2026-07-05T16:12:13.888+0000] {processor.py:830} INFO - Processing file /home/airflow/.local/lib/python3.11/site-packages/airflow/example_dags/example_branch_day_of_week_operator.py for tasks to queue
[2026-07-05T16:12:13.893+0000] {logging_mixin.py:188} INFO - [2026-07-05T16:12:13.892+0000] {dagbag.py:545} INFO - Filling up the DagBag from /home/airflow/.local/lib/python3.11/site-packages/airflow/example_dags/example_branch_day_of_week_operator.py
[2026-07-05T16:12:13.909+0000] {processor.py:840} INFO - DAG(s) 'example_weekday_branch_operator' retrieved from /home/airflow/.local/lib/python3.11/site-packages/airflow/example_dags/example_branch_day_of_week_operator.py
[2026-07-05T16:12:13.931+0000] {logging_mixin.py:188} INFO - [2026-07-05T16:12:13.931+0000] {dag.py:3096} INFO - Sync 1 DAGs
[2026-07-05T16:12:13.967+0000] {logging_mixin.py:188} INFO - [2026-07-05T16:12:13.967+0000] {dag.py:3954} INFO - Setting next_dagrun for example_weekday_branch_operator to 2026-07-04 00:00:00+00:00, run_after=2026-07-05 00:00:00+00:00
[2026-07-05T16:12:13.996+0000] {processor.py:183} INFO - Processing /home/airflow/.local/lib/python3.11/site-packages/airflow/example_dags/example_branch_day_of_week_operator.py took 0.125 seconds
[2026-07-05T16:12:44.543+0000] {processor.py:161} INFO - Started process (PID=364) to work on /home/airflow/.local/lib/python3.11/site-packages/airflow/example_dags/example_branch_day_of_week_operator.py
[2026-07-05T16:12:44.546+0000] {processor.py:830} INFO - Processing file /home/airflow/.local/lib/python3.11/site-packages/airflow/example_dags/example_branch_day_of_week_operator.py for tasks to queue
[2026-07-05T16:12:44.549+0000] {logging_mixin.py:188} INFO - [2026-07-05T16:12:44.549+0000] {dagbag.py:545} INFO - Filling up the DagBag from /home/airflow/.local/lib/python3.11/site-packages/airflow/example_dags/example_branch_day_of_week_operator.py
[2026-07-05T16:12:44.562+0000] {processor.py:840} INFO - DAG(s) 'example_weekday_branch_operator' retrieved from /home/airflow/.local/lib/python3.11/site-packages/airflow/example_dags/example_branch_day_of_week_operator.py
[2026-07-05T16:12:44.697+0000] {logging_mixin.py:188} INFO - [2026-07-05T16:12:44.696+0000] {dag.py:3096} INFO - Sync 1 DAGs
[2026-07-05T16:12:44.724+0000] {logging_mixin.py:188} INFO - [2026-07-05T16:12:44.724+0000] {dag.py:3954} INFO - Setting next_dagrun for example_weekday_branch_operator to 2026-07-04 00:00:00+00:00, run_after=2026-07-05 00:00:00+00:00
[2026-07-05T16:12:44.752+0000] {processor.py:183} INFO - Processing /home/airflow/.local/lib/python3.11/site-packages/airflow/example_dags/example_branch_day_of_week_operator.py took 0.220 seconds
[2026-07-05T16:13:15.586+0000] {processor.py:161} INFO - Started process (PID=422) to work on /home/airflow/.local/lib/python3.11/site-packages/airflow/example_dags/example_branch_day_of_week_operator.py
[2026-07-05T16:13:15.587+0000] {processor.py:830} INFO - Processing file /home/airflow/.local/lib/python3.11/site-packages/airflow/example_dags/example_branch_day_of_week_operator.py for tasks to queue
[2026-07-05T16:13:15.592+0000] {logging_mixin.py:188} INFO - [2026-07-05T16:13:15.591+0000] {dagbag.py:545} INFO - Filling up the DagBag from /home/airflow/.local/lib/python3.11/site-packages/airflow/example_dags/example_branch_day_of_week_operator.py
[2026-07-05T16:13:15.617+0000] {processor.py:840} INFO - DAG(s) 'example_weekday_branch_operator' retrieved from /home/airflow/.local/lib/python3.11/site-packages/airflow/example_dags/example_branch_day_of_week_operator.py
[2026-07-05T16:13:15.653+0000] {logging_mixin.py:188} INFO - [2026-07-05T16:13:15.653+0000] {dag.py:3096} INFO - Sync 1 DAGs
[2026-07-05T16:13:15.678+0000] {logging_mixin.py:188} INFO - [2026-07-05T16:13:15.678+0000] {dag.py:3954} INFO - Setting next_dagrun for example_weekday_branch_operator to 2026-07-04 00:00:00+00:00, run_after=2026-07-05 00:00:00+00:00
[2026-07-05T16:13:15.704+0000] {processor.py:183} INFO - Processing /home/airflow/.local/lib/python3.11/site-packages/airflow/example_dags/example_branch_day_of_week_operator.py took 0.132 seconds
[2026-07-05T16:13:46.192+0000] {processor.py:161} INFO - Started process (PID=480) to work on /home/airflow/.local/lib/python3.11/site-packages/airflow/example_dags/example_branch_day_of_week_operator.py
[2026-07-05T16:13:46.193+0000] {processor.py:830} INFO - Processing file /home/airflow/.local/lib/python3.11/site-packages/airflow/example_dags/example_branch_day_of_week_operator.py for tasks to queue
[2026-07-05T16:13:46.195+0000] {logging_mixin.py:188} INFO - [2026-07-05T16:13:46.195+0000] {dagbag.py:545} INFO - Filling up the DagBag from /home/airflow/.local/lib/python3.11/site-packages/airflow/example_dags/example_branch_day_of_week_operator.py
[2026-07-05T16:13:46.203+0000] {processor.py:840} INFO - DAG(s) 'example_weekday_branch_operator' retrieved from /home/airflow/.local/lib/python3.11/site-packages/airflow/example_dags/example_branch_day_of_week_operator.py
[2026-07-05T16:13:46.224+0000] {logging_mixin.py:188} INFO - [2026-07-05T16:13:46.224+0000] {dag.py:3096} INFO - Sync 1 DAGs
[2026-07-05T16:13:46.244+0000] {logging_mixin.py:188} INFO - [2026-07-05T16:13:46.244+0000] {dag.py:3954} INFO - Setting next_dagrun for example_weekday_branch_operator to 2026-07-04 00:00:00+00:00, run_after=2026-07-05 00:00:00+00:00
[2026-07-05T16:13:46.263+0000] {processor.py:183} INFO - Processing /home/airflow/.local/lib/python3.11/site-packages/airflow/example_dags/example_branch_day_of_week_operator.py took 0.076 seconds
[2026-07-05T16:14:16.306+0000] {processor.py:161} INFO - Started process (PID=538) to work on /home/airflow/.local/lib/python3.11/site-packages/airflow/example_dags/example_branch_day_of_week_operator.py
[2026-07-05T16:14:16.307+0000] {processor.py:830} INFO - Processing file /home/airflow/.local/lib/python3.11/site-packages/airflow/example_dags/example_branch_day_of_week_operator.py for tasks to queue
[2026-07-05T16:14:16.309+0000] {logging_mixin.py:188} INFO - [2026-07-05T16:14:16.308+0000] {dagbag.py:545} INFO - Filling up the DagBag from /home/airflow/.local/lib/python3.11/site-packages/airflow/example_dags/example_branch_day_of_week_operator.py
[2026-07-05T16:14:16.317+0000] {processor.py:840} INFO - DAG(s) 'example_weekday_branch_operator' retrieved from /home/airflow/.local/lib/python3.11/site-packages/airflow/example_dags/example_branch_day_of_week_operator.py
[2026-07-05T16:14:16.340+0000] {logging_mixin.py:188} INFO - [2026-07-05T16:14:16.339+0000] {dag.py:3096} INFO - Sync 1 DAGs
[2026-07-05T16:14:16.360+0000] {logging_mixin.py:188} INFO - [2026-07-05T16:14:16.360+0000] {dag.py:3954} INFO - Setting next_dagrun for example_weekday_branch_operator to 2026-07-04 00:00:00+00:00, run_after=2026-07-05 00:00:00+00:00
[2026-07-05T16:14:16.381+0000] {processor.py:183} INFO - Processing /home/airflow/.local/lib/python3.11/site-packages/airflow/example_dags/example_branch_day_of_week_operator.py took 0.081 seconds
[2026-07-05T16:14:46.421+0000] {processor.py:161} INFO - Started process (PID=595) to work on /home/airflow/.local/lib/python3.11/site-packages/airflow/example_dags/example_branch_day_of_week_operator.py
[2026-07-05T16:14:46.422+0000] {processor.py:830} INFO - Processing file /home/airflow/.local/lib/python3.11/site-packages/airflow/example_dags/example_branch_day_of_week_operator.py for tasks to queue
[2026-07-05T16:14:46.425+0000] {logging_mixin.py:188} INFO - [2026-07-05T16:14:46.424+0000] {dagbag.py:545} INFO - Filling up the DagBag from /home/airflow/.local/lib/python3.11/site-packages/airflow/example_dags/example_branch_day_of_week_operator.py
[2026-07-05T16:14:46.433+0000] {processor.py:840} INFO - DAG(s) 'example_weekday_branch_operator' retrieved from /home/airflow/.local/lib/python3.11/site-packages/airflow/example_dags/example_branch_day_of_week_operator.py
[2026-07-05T16:14:46.454+0000] {logging_mixin.py:188} INFO - [2026-07-05T16:14:46.454+0000] {dag.py:3096} INFO - Sync 1 DAGs
[2026-07-05T16:14:46.472+0000] {logging_mixin.py:188} INFO - [2026-07-05T16:14:46.472+0000] {dag.py:3954} INFO - Setting next_dagrun for example_weekday_branch_operator to 2026-07-04 00:00:00+00:00, run_after=2026-07-05 00:00:00+00:00
[2026-07-05T16:14:46.492+0000] {processor.py:183} INFO - Processing /home/airflow/.local/lib/python3.11/site-packages/airflow/example_dags/example_branch_day_of_week_operator.py took 0.077 seconds
[2026-07-05T16:15:16.593+0000] {processor.py:161} INFO - Started process (PID=653) to work on /home/airflow/.local/lib/python3.11/site-packages/airflow/example_dags/example_branch_day_of_week_operator.py
[2026-07-05T16:15:16.595+0000] {processor.py:830} INFO - Processing file /home/airflow/.local/lib/python3.11/site-packages/airflow/example_dags/example_branch_day_of_week_operator.py for tasks to queue
[2026-07-05T16:15:16.597+0000] {logging_mixin.py:188} INFO - [2026-07-05T16:15:16.596+0000] {dagbag.py:545} INFO - Filling up the DagBag from /home/airflow/.local/lib/python3.11/site-packages/airflow/example_dags/example_branch_day_of_week_operator.py
[2026-07-05T16:15:16.604+0000] {processor.py:840} INFO - DAG(s) 'example_weekday_branch_operator' retrieved from /home/airflow/.local/lib/python3.11/site-packages/airflow/example_dags/example_branch_day_of_week_operator.py
[2026-07-05T16:15:16.624+0000] {logging_mixin.py:188} INFO - [2026-07-05T16:15:16.624+0000] {dag.py:3096} INFO - Sync 1 DAGs
[2026-07-05T16:15:16.644+0000] {logging_mixin.py:188} INFO - [2026-07-05T16:15:16.643+0000] {dag.py:3954} INFO - Setting next_dagrun for example_weekday_branch_operator to 2026-07-04 00:00:00+00:00, run_after=2026-07-05 00:00:00+00:00
[2026-07-05T16:15:16.666+0000] {processor.py:183} INFO - Processing /home/airflow/.local/lib/python3.11/site-packages/airflow/example_dags/example_branch_day_of_week_operator.py took 0.078 seconds
[2026-07-05T16:15:46.962+0000] {processor.py:161} INFO - Started process (PID=712) to work on /home/airflow/.local/lib/python3.11/site-packages/airflow/example_dags/example_branch_day_of_week_operator.py
[2026-07-05T16:15:46.963+0000] {processor.py:830} INFO - Processing file /home/airflow/.local/lib/python3.11/site-packages/airflow/example_dags/example_branch_day_of_week_operator.py for tasks to queue
[2026-07-05T16:15:46.965+0000] {logging_mixin.py:188} INFO - [2026-07-05T16:15:46.965+0000] {dagbag.py:545} INFO - Filling up the DagBag from /home/airflow/.local/lib/python3.11/site-packages/airflow/example_dags/example_branch_day_of_week_operator.py
[2026-07-05T16:15:46.972+0000] {processor.py:840} INFO - DAG(s) 'example_weekday_branch_operator' retrieved from /home/airflow/.local/lib/python3.11/site-packages/airflow/example_dags/example_branch_day_of_week_operator.py
[2026-07-05T16:15:46.991+0000] {logging_mixin.py:188} INFO - [2026-07-05T16:15:46.991+0000] {dag.py:3096} INFO - Sync 1 DAGs
[2026-07-05T16:15:47.012+0000] {logging_mixin.py:188} INFO - [2026-07-05T16:15:47.012+0000] {dag.py:3954} INFO - Setting next_dagrun for example_weekday_branch_operator to 2026-07-04 00:00:00+00:00, run_after=2026-07-05 00:00:00+00:00
[2026-07-05T16:15:47.031+0000] {processor.py:183} INFO - Processing /home/airflow/.local/lib/python3.11/site-packages/airflow/example_dags/example_branch_day_of_week_operator.py took 0.075 seconds
[2026-07-05T16:16:17.072+0000] {processor.py:161} INFO - Started process (PID=770) to work on /home/airflow/.local/lib/python3.11/site-packages/airflow/example_dags/example_branch_day_of_week_operator.py
[2026-07-05T16:16:17.073+0000] {processor.py:830} INFO - Processing file /home/airflow/.local/lib/python3.11/site-packages/airflow/example_dags/example_branch_day_of_week_operator.py for tasks to queue
[2026-07-05T16:16:17.075+0000] {logging_mixin.py:188} INFO - [2026-07-05T16:16:17.074+0000] {dagbag.py:545} INFO - Filling up the DagBag from /home/airflow/.local/lib/python3.11/site-packages/airflow/example_dags/example_branch_day_of_week_operator.py
[2026-07-05T16:16:17.082+0000] {processor.py:840} INFO - DAG(s) 'example_weekday_branch_operator' retrieved from /home/airflow/.local/lib/python3.11/site-packages/airflow/example_dags/example_branch_day_of_week_operator.py
[2026-07-05T16:16:17.103+0000] {logging_mixin.py:188} INFO - [2026-07-05T16:16:17.102+0000] {dag.py:3096} INFO - Sync 1 DAGs
[2026-07-05T16:16:17.121+0000] {logging_mixin.py:188} INFO - [2026-07-05T16:16:17.121+0000] {dag.py:3954} INFO - Setting next_dagrun for example_weekday_branch_operator to 2026-07-04 00:00:00+00:00, run_after=2026-07-05 00:00:00+00:00
[2026-07-05T16:16:17.140+0000] {processor.py:183} INFO - Processing /home/airflow/.local/lib/python3.11/site-packages/airflow/example_dags/example_branch_day_of_week_operator.py took 0.074 seconds
[2026-07-05T16:16:47.504+0000] {processor.py:161} INFO - Started process (PID=828) to work on /home/airflow/.local/lib/python3.11/site-packages/airflow/example_dags/example_branch_day_of_week_operator.py
[2026-07-05T16:16:47.505+0000] {processor.py:830} INFO - Processing file /home/airflow/.local/lib/python3.11/site-packages/airflow/example_dags/example_branch_day_of_week_operator.py for tasks to queue
[2026-07-05T16:16:47.507+0000] {logging_mixin.py:188} INFO - [2026-07-05T16:16:47.507+0000] {dagbag.py:545} INFO - Filling up the DagBag from /home/airflow/.local/lib/python3.11/site-packages/airflow/example_dags/example_branch_day_of_week_operator.py
[2026-07-05T16:16:47.516+0000] {processor.py:840} INFO - DAG(s) 'example_weekday_branch_operator' retrieved from /home/airflow/.local/lib/python3.11/site-packages/airflow/example_dags/example_branch_day_of_week_operator.py
[2026-07-05T16:16:47.536+0000] {logging_mixin.py:188} INFO - [2026-07-05T16:16:47.535+0000] {dag.py:3096} INFO - Sync 1 DAGs
[2026-07-05T16:16:47.562+0000] {logging_mixin.py:188} INFO - [2026-07-05T16:16:47.562+0000] {dag.py:3954} INFO - Setting next_dagrun for example_weekday_branch_operator to 2026-07-04 00:00:00+00:00, run_after=2026-07-05 00:00:00+00:00
[2026-07-05T16:16:47.580+0000] {processor.py:183} INFO - Processing /home/airflow/.local/lib/python3.11/site-packages/airflow/example_dags/example_branch_day_of_week_operator.py took 0.082 seconds
[2026-07-05T16:17:17.724+0000] {processor.py:161} INFO - Started process (PID=886) to work on /home/airflow/.local/lib/python3.11/site-packages/airflow/example_dags/example_branch_day_of_week_operator.py
[2026-07-05T16:17:17.725+0000] {processor.py:830} INFO - Processing file /home/airflow/.local/lib/python3.11/site-packages/airflow/example_dags/example_branch_day_of_week_operator.py for tasks to queue
[2026-07-05T16:17:17.727+0000] {logging_mixin.py:188} INFO - [2026-07-05T16:17:17.727+0000] {dagbag.py:545} INFO - Filling up the DagBag from /home/airflow/.local/lib/python3.11/site-packages/airflow/example_dags/example_branch_day_of_week_operator.py
[2026-07-05T16:17:17.734+0000] {processor.py:840} INFO - DAG(s) 'example_weekday_branch_operator' retrieved from /home/airflow/.local/lib/python3.11/site-packages/airflow/example_dags/example_branch_day_of_week_operator.py
[2026-07-05T16:17:17.754+0000] {logging_mixin.py:188} INFO - [2026-07-05T16:17:17.754+0000] {dag.py:3096} INFO - Sync 1 DAGs
[2026-07-05T16:17:17.776+0000] {logging_mixin.py:188} INFO - [2026-07-05T16:17:17.776+0000] {dag.py:3954} INFO - Setting next_dagrun for example_weekday_branch_operator to 2026-07-04 00:00:00+00:00, run_after=2026-07-05 00:00:00+00:00
[2026-07-05T16:17:17.794+0000] {processor.py:183} INFO - Processing /home/airflow/.local/lib/python3.11/site-packages/airflow/example_dags/example_branch_day_of_week_operator.py took 0.076 seconds
[2026-07-05T16:17:48.043+0000] {processor.py:161} INFO - Started process (PID=944) to work on /home/airflow/.local/lib/python3.11/site-packages/airflow/example_dags/example_branch_day_of_week_operator.py
[2026-07-05T16:17:48.044+0000] {processor.py:830} INFO - Processing file /home/airflow/.local/lib/python3.11/site-packages/airflow/example_dags/example_branch_day_of_week_operator.py for tasks to queue
[2026-07-05T16:17:48.049+0000] {logging_mixin.py:188} INFO - [2026-07-05T16:17:48.049+0000] {dagbag.py:545} INFO - Filling up the DagBag from /home/airflow/.local/lib/python3.11/site-packages/airflow/example_dags/example_branch_day_of_week_operator.py
[2026-07-05T16:17:48.056+0000] {processor.py:840} INFO - DAG(s) 'example_weekday_branch_operator' retrieved from /home/airflow/.local/lib/python3.11/site-packages/airflow/example_dags/example_branch_day_of_week_operator.py
[2026-07-05T16:17:48.076+0000] {logging_mixin.py:188} INFO - [2026-07-05T16:17:48.076+0000] {dag.py:3096} INFO - Sync 1 DAGs
[2026-07-05T16:17:48.095+0000] {logging_mixin.py:188} INFO - [2026-07-05T16:17:48.095+0000] {dag.py:3954} INFO - Setting next_dagrun for example_weekday_branch_operator to 2026-07-04 00:00:00+00:00, run_after=2026-07-05 00:00:00+00:00
[2026-07-05T16:17:48.114+0000] {processor.py:183} INFO - Processing /home/airflow/.local/lib/python3.11/site-packages/airflow/example_dags/example_branch_day_of_week_operator.py took 0.077 seconds
[2026-07-05T16:18:18.860+0000] {processor.py:161} INFO - Started process (PID=1002) to work on /home/airflow/.local/lib/python3.11/site-packages/airflow/example_dags/example_branch_day_of_week_operator.py
[2026-07-05T16:18:18.861+0000] {processor.py:830} INFO - Processing file /home/airflow/.local/lib/python3.11/site-packages/airflow/example_dags/example_branch_day_of_week_operator.py for tasks to queue
[2026-07-05T16:18:18.864+0000] {logging_mixin.py:188} INFO - [2026-07-05T16:18:18.864+0000] {dagbag.py:545} INFO - Filling up the DagBag from /home/airflow/.local/lib/python3.11/site-packages/airflow/example_dags/example_branch_day_of_week_operator.py
[2026-07-05T16:18:18.873+0000] {processor.py:840} INFO - DAG(s) 'example_weekday_branch_operator' retrieved from /home/airflow/.local/lib/python3.11/site-packages/airflow/example_dags/example_branch_day_of_week_operator.py
[2026-07-05T16:18:18.896+0000] {logging_mixin.py:188} INFO - [2026-07-05T16:18:18.896+0000] {dag.py:3096} INFO - Sync 1 DAGs
[2026-07-05T16:18:18.919+0000] {logging_mixin.py:188} INFO - [2026-07-05T16:18:18.919+0000] {dag.py:3954} INFO - Setting next_dagrun for example_weekday_branch_operator to 2026-07-04 00:00:00+00:00, run_after=2026-07-05 00:00:00+00:00
[2026-07-05T16:18:18.940+0000] {processor.py:183} INFO - Processing /home/airflow/.local/lib/python3.11/site-packages/airflow/example_dags/example_branch_day_of_week_operator.py took 0.087 seconds
[2026-07-05T16:18:49.122+0000] {processor.py:161} INFO - Started process (PID=1060) to work on /home/airflow/.local/lib/python3.11/site-packages/airflow/example_dags/example_branch_day_of_week_operator.py
[2026-07-05T16:18:49.123+0000] {processor.py:830} INFO - Processing file /home/airflow/.local/lib/python3.11/site-packages/airflow/example_dags/example_branch_day_of_week_operator.py for tasks to queue
[2026-07-05T16:18:49.124+0000] {logging_mixin.py:188} INFO - [2026-07-05T16:18:49.124+0000] {dagbag.py:545} INFO - Filling up the DagBag from /home/airflow/.local/lib/python3.11/site-packages/airflow/example_dags/example_branch_day_of_week_operator.py
[2026-07-05T16:18:49.132+0000] {processor.py:840} INFO - DAG(s) 'example_weekday_branch_operator' retrieved from /home/airflow/.local/lib/python3.11/site-packages/airflow/example_dags/example_branch_day_of_week_operator.py
[2026-07-05T16:18:49.152+0000] {logging_mixin.py:188} INFO - [2026-07-05T16:18:49.152+0000] {dag.py:3096} INFO - Sync 1 DAGs
[2026-07-05T16:18:49.173+0000] {logging_mixin.py:188} INFO - [2026-07-05T16:18:49.173+0000] {dag.py:3954} INFO - Setting next_dagrun for example_weekday_branch_operator to 2026-07-04 00:00:00+00:00, run_after=2026-07-05 00:00:00+00:00
[2026-07-05T16:18:49.191+0000] {processor.py:183} INFO - Processing /home/airflow/.local/lib/python3.11/site-packages/airflow/example_dags/example_branch_day_of_week_operator.py took 0.076 seconds
