[2026-07-05T16:07:38.946+0000] {processor.py:161} INFO - Started process (PID=98) to work on /home/airflow/.local/lib/python3.11/site-packages/airflow/example_dags/example_local_kubernetes_executor.py
[2026-07-05T16:07:38.947+0000] {processor.py:830} INFO - Processing file /home/airflow/.local/lib/python3.11/site-packages/airflow/example_dags/example_local_kubernetes_executor.py for tasks to queue
[2026-07-05T16:07:38.954+0000] {logging_mixin.py:188} INFO - [2026-07-05T16:07:38.954+0000] {dagbag.py:545} INFO - Filling up the DagBag from /home/airflow/.local/lib/python3.11/site-packages/airflow/example_dags/example_local_kubernetes_executor.py
[2026-07-05T16:07:38.967+0000] {processor.py:840} INFO - DAG(s) 'example_local_kubernetes_executor' retrieved from /home/airflow/.local/lib/python3.11/site-packages/airflow/example_dags/example_local_kubernetes_executor.py
[2026-07-05T16:07:39.119+0000] {logging_mixin.py:188} INFO - [2026-07-05T16:07:39.118+0000] {override.py:1829} INFO - Created Permission View: can delete on DAG:example_local_kubernetes_executor
[2026-07-05T16:07:39.133+0000] {logging_mixin.py:188} INFO - [2026-07-05T16:07:39.132+0000] {override.py:1829} INFO - Created Permission View: can read on DAG:example_local_kubernetes_executor
[2026-07-05T16:07:39.140+0000] {logging_mixin.py:188} INFO - [2026-07-05T16:07:39.140+0000] {override.py:1829} INFO - Created Permission View: can edit on DAG:example_local_kubernetes_executor
[2026-07-05T16:07:39.142+0000] {logging_mixin.py:188} INFO - [2026-07-05T16:07:39.141+0000] {dag.py:3096} INFO - Sync 1 DAGs
[2026-07-05T16:07:39.154+0000] {logging_mixin.py:188} INFO - [2026-07-05T16:07:39.154+0000] {dag.py:3118} INFO - Creating ORM DAG for example_local_kubernetes_executor
[2026-07-05T16:07:39.155+0000] {logging_mixin.py:188} INFO - [2026-07-05T16:07:39.155+0000] {dag.py:3954} INFO - Setting next_dagrun for example_local_kubernetes_executor to None, run_after=None
[2026-07-05T16:07:39.175+0000] {processor.py:183} INFO - Processing /home/airflow/.local/lib/python3.11/site-packages/airflow/example_dags/example_local_kubernetes_executor.py took 0.238 seconds
[2026-07-05T16:08:09.546+0000] {processor.py:161} INFO - Started process (PID=156) to work on /home/airflow/.local/lib/python3.11/site-packages/airflow/example_dags/example_local_kubernetes_executor.py
[2026-07-05T16:08:09.548+0000] {processor.py:830} INFO - Processing file /home/airflow/.local/lib/python3.11/site-packages/airflow/example_dags/example_local_kubernetes_executor.py for tasks to queue
[2026-07-05T16:08:09.550+0000] {logging_mixin.py:188} INFO - [2026-07-05T16:08:09.549+0000] {dagbag.py:545} INFO - Filling up the DagBag from /home/airflow/.local/lib/python3.11/site-packages/airflow/example_dags/example_local_kubernetes_executor.py
[2026-07-05T16:08:09.561+0000] {processor.py:840} INFO - DAG(s) 'example_local_kubernetes_executor' retrieved from /home/airflow/.local/lib/python3.11/site-packages/airflow/example_dags/example_local_kubernetes_executor.py
[2026-07-05T16:08:09.591+0000] {logging_mixin.py:188} INFO - [2026-07-05T16:08:09.590+0000] {dag.py:3096} INFO - Sync 1 DAGs
[2026-07-05T16:08:09.601+0000] {logging_mixin.py:188} INFO - [2026-07-05T16:08:09.601+0000] {dag.py:3954} INFO - Setting next_dagrun for example_local_kubernetes_executor to None, run_after=None
[2026-07-05T16:08:09.619+0000] {processor.py:183} INFO - Processing /home/airflow/.local/lib/python3.11/site-packages/airflow/example_dags/example_local_kubernetes_executor.py took 0.079 seconds
[2026-07-05T16:08:40.248+0000] {processor.py:161} INFO - Started process (PID=214) to work on /home/airflow/.local/lib/python3.11/site-packages/airflow/example_dags/example_local_kubernetes_executor.py
[2026-07-05T16:08:40.249+0000] {processor.py:830} INFO - Processing file /home/airflow/.local/lib/python3.11/site-packages/airflow/example_dags/example_local_kubernetes_executor.py for tasks to queue
[2026-07-05T16:08:40.252+0000] {logging_mixin.py:188} INFO - [2026-07-05T16:08:40.251+0000] {dagbag.py:545} INFO - Filling up the DagBag from /home/airflow/.local/lib/python3.11/site-packages/airflow/example_dags/example_local_kubernetes_executor.py
[2026-07-05T16:08:40.261+0000] {processor.py:840} INFO - DAG(s) 'example_local_kubernetes_executor' retrieved from /home/airflow/.local/lib/python3.11/site-packages/airflow/example_dags/example_local_kubernetes_executor.py
[2026-07-05T16:08:40.301+0000] {logging_mixin.py:188} INFO - [2026-07-05T16:08:40.301+0000] {dag.py:3096} INFO - Sync 1 DAGs
[2026-07-05T16:08:40.314+0000] {logging_mixin.py:188} INFO - [2026-07-05T16:08:40.314+0000] {dag.py:3954} INFO - Setting next_dagrun for example_local_kubernetes_executor to None, run_after=None
[2026-07-05T16:08:40.335+0000] {processor.py:183} INFO - Processing /home/airflow/.local/lib/python3.11/site-packages/airflow/example_dags/example_local_kubernetes_executor.py took 0.096 seconds
[2026-07-05T16:09:10.556+0000] {processor.py:161} INFO - Started process (PID=272) to work on /home/airflow/.local/lib/python3.11/site-packages/airflow/example_dags/example_local_kubernetes_executor.py
[2026-07-05T16:09:10.557+0000] {processor.py:830} INFO - Processing file /home/airflow/.local/lib/python3.11/site-packages/airflow/example_dags/example_local_kubernetes_executor.py for tasks to queue
[2026-07-05T16:09:10.560+0000] {logging_mixin.py:188} INFO - [2026-07-05T16:09:10.559+0000] {dagbag.py:545} INFO - Filling up the DagBag from /home/airflow/.local/lib/python3.11/site-packages/airflow/example_dags/example_local_kubernetes_executor.py
[2026-07-05T16:09:10.574+0000] {processor.py:840} INFO - DAG(s) 'example_local_kubernetes_executor' retrieved from /home/airflow/.local/lib/python3.11/site-packages/airflow/example_dags/example_local_kubernetes_executor.py
[2026-07-05T16:09:10.591+0000] {logging_mixin.py:188} INFO - [2026-07-05T16:09:10.591+0000] {dag.py:3096} INFO - Sync 1 DAGs
[2026-07-05T16:09:10.612+0000] {logging_mixin.py:188} INFO - [2026-07-05T16:09:10.611+0000] {dag.py:3954} INFO - Setting next_dagrun for example_local_kubernetes_executor to None, run_after=None
[2026-07-05T16:09:10.644+0000] {processor.py:183} INFO - Processing /home/airflow/.local/lib/python3.11/site-packages/airflow/example_dags/example_local_kubernetes_executor.py took 0.098 seconds
[2026-07-05T16:09:41.290+0000] {processor.py:161} INFO - Started process (PID=330) to work on /home/airflow/.local/lib/python3.11/site-packages/airflow/example_dags/example_local_kubernetes_executor.py
[2026-07-05T16:09:41.291+0000] {processor.py:830} INFO - Processing file /home/airflow/.local/lib/python3.11/site-packages/airflow/example_dags/example_local_kubernetes_executor.py for tasks to queue
[2026-07-05T16:09:41.293+0000] {logging_mixin.py:188} INFO - [2026-07-05T16:09:41.293+0000] {dagbag.py:545} INFO - Filling up the DagBag from /home/airflow/.local/lib/python3.11/site-packages/airflow/example_dags/example_local_kubernetes_executor.py
[2026-07-05T16:09:41.302+0000] {processor.py:840} INFO - DAG(s) 'example_local_kubernetes_executor' retrieved from /home/airflow/.local/lib/python3.11/site-packages/airflow/example_dags/example_local_kubernetes_executor.py
[2026-07-05T16:09:41.412+0000] {logging_mixin.py:188} INFO - [2026-07-05T16:09:41.412+0000] {dag.py:3096} INFO - Sync 1 DAGs
[2026-07-05T16:09:41.421+0000] {logging_mixin.py:188} INFO - [2026-07-05T16:09:41.420+0000] {dag.py:3954} INFO - Setting next_dagrun for example_local_kubernetes_executor to None, run_after=None
[2026-07-05T16:09:41.438+0000] {processor.py:183} INFO - Processing /home/airflow/.local/lib/python3.11/site-packages/airflow/example_dags/example_local_kubernetes_executor.py took 0.156 seconds
[2026-07-05T16:10:15.752+0000] {processor.py:161} INFO - Started process (PID=93) to work on /home/airflow/.local/lib/python3.11/site-packages/airflow/example_dags/example_local_kubernetes_executor.py
[2026-07-05T16:10:15.757+0000] {processor.py:830} INFO - Processing file /home/airflow/.local/lib/python3.11/site-packages/airflow/example_dags/example_local_kubernetes_executor.py for tasks to queue
[2026-07-05T16:10:15.760+0000] {logging_mixin.py:188} INFO - [2026-07-05T16:10:15.760+0000] {dagbag.py:545} INFO - Filling up the DagBag from /home/airflow/.local/lib/python3.11/site-packages/airflow/example_dags/example_local_kubernetes_executor.py
[2026-07-05T16:10:15.776+0000] {processor.py:840} INFO - DAG(s) 'example_local_kubernetes_executor' retrieved from /home/airflow/.local/lib/python3.11/site-packages/airflow/example_dags/example_local_kubernetes_executor.py
[2026-07-05T16:10:15.816+0000] {logging_mixin.py:188} INFO - [2026-07-05T16:10:15.815+0000] {dag.py:3096} INFO - Sync 1 DAGs
[2026-07-05T16:10:15.874+0000] {logging_mixin.py:188} INFO - [2026-07-05T16:10:15.874+0000] {dag.py:3954} INFO - Setting next_dagrun for example_local_kubernetes_executor to None, run_after=None
[2026-07-05T16:10:15.930+0000] {processor.py:183} INFO - Processing /home/airflow/.local/lib/python3.11/site-packages/airflow/example_dags/example_local_kubernetes_executor.py took 0.189 seconds
[2026-07-05T16:10:46.522+0000] {processor.py:161} INFO - Started process (PID=152) to work on /home/airflow/.local/lib/python3.11/site-packages/airflow/example_dags/example_local_kubernetes_executor.py
[2026-07-05T16:10:46.523+0000] {processor.py:830} INFO - Processing file /home/airflow/.local/lib/python3.11/site-packages/airflow/example_dags/example_local_kubernetes_executor.py for tasks to queue
[2026-07-05T16:10:46.527+0000] {logging_mixin.py:188} INFO - [2026-07-05T16:10:46.526+0000] {dagbag.py:545} INFO - Filling up the DagBag from /home/airflow/.local/lib/python3.11/site-packages/airflow/example_dags/example_local_kubernetes_executor.py
[2026-07-05T16:10:46.539+0000] {processor.py:840} INFO - DAG(s) 'example_local_kubernetes_executor' retrieved from /home/airflow/.local/lib/python3.11/site-packages/airflow/example_dags/example_local_kubernetes_executor.py
[2026-07-05T16:10:46.720+0000] {logging_mixin.py:188} INFO - [2026-07-05T16:10:46.718+0000] {dag.py:3096} INFO - Sync 1 DAGs
[2026-07-05T16:10:46.740+0000] {logging_mixin.py:188} INFO - [2026-07-05T16:10:46.739+0000] {dag.py:3954} INFO - Setting next_dagrun for example_local_kubernetes_executor to None, run_after=None
[2026-07-05T16:10:46.773+0000] {processor.py:183} INFO - Processing /home/airflow/.local/lib/python3.11/site-packages/airflow/example_dags/example_local_kubernetes_executor.py took 0.261 seconds
[2026-07-05T16:11:17.692+0000] {processor.py:161} INFO - Started process (PID=210) to work on /home/airflow/.local/lib/python3.11/site-packages/airflow/example_dags/example_local_kubernetes_executor.py
[2026-07-05T16:11:17.694+0000] {processor.py:830} INFO - Processing file /home/airflow/.local/lib/python3.11/site-packages/airflow/example_dags/example_local_kubernetes_executor.py for tasks to queue
[2026-07-05T16:11:17.696+0000] {logging_mixin.py:188} INFO - [2026-07-05T16:11:17.696+0000] {dagbag.py:545} INFO - Filling up the DagBag from /home/airflow/.local/lib/python3.11/site-packages/airflow/example_dags/example_local_kubernetes_executor.py
[2026-07-05T16:11:17.705+0000] {processor.py:840} INFO - DAG(s) 'example_local_kubernetes_executor' retrieved from /home/airflow/.local/lib/python3.11/site-packages/airflow/example_dags/example_local_kubernetes_executor.py
[2026-07-05T16:11:17.758+0000] {logging_mixin.py:188} INFO - [2026-07-05T16:11:17.758+0000] {dag.py:3096} INFO - Sync 1 DAGs
[2026-07-05T16:11:17.778+0000] {logging_mixin.py:188} INFO - [2026-07-05T16:11:17.778+0000] {dag.py:3954} INFO - Setting next_dagrun for example_local_kubernetes_executor to None, run_after=None
[2026-07-05T16:11:17.812+0000] {processor.py:183} INFO - Processing /home/airflow/.local/lib/python3.11/site-packages/airflow/example_dags/example_local_kubernetes_executor.py took 0.127 seconds
[2026-07-05T16:11:48.466+0000] {processor.py:161} INFO - Started process (PID=268) to work on /home/airflow/.local/lib/python3.11/site-packages/airflow/example_dags/example_local_kubernetes_executor.py
[2026-07-05T16:11:48.467+0000] {processor.py:830} INFO - Processing file /home/airflow/.local/lib/python3.11/site-packages/airflow/example_dags/example_local_kubernetes_executor.py for tasks to queue
[2026-07-05T16:11:48.469+0000] {logging_mixin.py:188} INFO - [2026-07-05T16:11:48.469+0000] {dagbag.py:545} INFO - Filling up the DagBag from /home/airflow/.local/lib/python3.11/site-packages/airflow/example_dags/example_local_kubernetes_executor.py
[2026-07-05T16:11:48.477+0000] {processor.py:840} INFO - DAG(s) 'example_local_kubernetes_executor' retrieved from /home/airflow/.local/lib/python3.11/site-packages/airflow/example_dags/example_local_kubernetes_executor.py
[2026-07-05T16:11:48.492+0000] {logging_mixin.py:188} INFO - [2026-07-05T16:11:48.491+0000] {dag.py:3096} INFO - Sync 1 DAGs
[2026-07-05T16:11:48.505+0000] {logging_mixin.py:188} INFO - [2026-07-05T16:11:48.504+0000] {dag.py:3954} INFO - Setting next_dagrun for example_local_kubernetes_executor to None, run_after=None
[2026-07-05T16:11:48.528+0000] {processor.py:183} INFO - Processing /home/airflow/.local/lib/python3.11/site-packages/airflow/example_dags/example_local_kubernetes_executor.py took 0.068 seconds
[2026-07-05T16:12:19.160+0000] {processor.py:161} INFO - Started process (PID=326) to work on /home/airflow/.local/lib/python3.11/site-packages/airflow/example_dags/example_local_kubernetes_executor.py
[2026-07-05T16:12:19.163+0000] {processor.py:830} INFO - Processing file /home/airflow/.local/lib/python3.11/site-packages/airflow/example_dags/example_local_kubernetes_executor.py for tasks to queue
[2026-07-05T16:12:19.167+0000] {logging_mixin.py:188} INFO - [2026-07-05T16:12:19.166+0000] {dagbag.py:545} INFO - Filling up the DagBag from /home/airflow/.local/lib/python3.11/site-packages/airflow/example_dags/example_local_kubernetes_executor.py
[2026-07-05T16:12:19.184+0000] {processor.py:840} INFO - DAG(s) 'example_local_kubernetes_executor' retrieved from /home/airflow/.local/lib/python3.11/site-packages/airflow/example_dags/example_local_kubernetes_executor.py
[2026-07-05T16:12:19.559+0000] {logging_mixin.py:188} INFO - [2026-07-05T16:12:19.559+0000] {dag.py:3096} INFO - Sync 1 DAGs
[2026-07-05T16:12:19.593+0000] {logging_mixin.py:188} INFO - [2026-07-05T16:12:19.592+0000] {dag.py:3954} INFO - Setting next_dagrun for example_local_kubernetes_executor to None, run_after=None
[2026-07-05T16:12:19.626+0000] {processor.py:183} INFO - Processing /home/airflow/.local/lib/python3.11/site-packages/airflow/example_dags/example_local_kubernetes_executor.py took 0.479 seconds
[2026-07-05T16:12:50.295+0000] {processor.py:161} INFO - Started process (PID=385) to work on /home/airflow/.local/lib/python3.11/site-packages/airflow/example_dags/example_local_kubernetes_executor.py
[2026-07-05T16:12:50.296+0000] {processor.py:830} INFO - Processing file /home/airflow/.local/lib/python3.11/site-packages/airflow/example_dags/example_local_kubernetes_executor.py for tasks to queue
[2026-07-05T16:12:50.297+0000] {logging_mixin.py:188} INFO - [2026-07-05T16:12:50.297+0000] {dagbag.py:545} INFO - Filling up the DagBag from /home/airflow/.local/lib/python3.11/site-packages/airflow/example_dags/example_local_kubernetes_executor.py
[2026-07-05T16:12:50.305+0000] {processor.py:840} INFO - DAG(s) 'example_local_kubernetes_executor' retrieved from /home/airflow/.local/lib/python3.11/site-packages/airflow/example_dags/example_local_kubernetes_executor.py
[2026-07-05T16:12:50.341+0000] {logging_mixin.py:188} INFO - [2026-07-05T16:12:50.341+0000] {dag.py:3096} INFO - Sync 1 DAGs
[2026-07-05T16:12:50.354+0000] {logging_mixin.py:188} INFO - [2026-07-05T16:12:50.354+0000] {dag.py:3954} INFO - Setting next_dagrun for example_local_kubernetes_executor to None, run_after=None
[2026-07-05T16:12:50.375+0000] {processor.py:183} INFO - Processing /home/airflow/.local/lib/python3.11/site-packages/airflow/example_dags/example_local_kubernetes_executor.py took 0.086 seconds
[2026-07-05T16:13:20.908+0000] {processor.py:161} INFO - Started process (PID=443) to work on /home/airflow/.local/lib/python3.11/site-packages/airflow/example_dags/example_local_kubernetes_executor.py
[2026-07-05T16:13:20.910+0000] {processor.py:830} INFO - Processing file /home/airflow/.local/lib/python3.11/site-packages/airflow/example_dags/example_local_kubernetes_executor.py for tasks to queue
[2026-07-05T16:13:20.912+0000] {logging_mixin.py:188} INFO - [2026-07-05T16:13:20.912+0000] {dagbag.py:545} INFO - Filling up the DagBag from /home/airflow/.local/lib/python3.11/site-packages/airflow/example_dags/example_local_kubernetes_executor.py
[2026-07-05T16:13:20.923+0000] {processor.py:840} INFO - DAG(s) 'example_local_kubernetes_executor' retrieved from /home/airflow/.local/lib/python3.11/site-packages/airflow/example_dags/example_local_kubernetes_executor.py
[2026-07-05T16:13:20.964+0000] {logging_mixin.py:188} INFO - [2026-07-05T16:13:20.963+0000] {dag.py:3096} INFO - Sync 1 DAGs
[2026-07-05T16:13:20.978+0000] {logging_mixin.py:188} INFO - [2026-07-05T16:13:20.978+0000] {dag.py:3954} INFO - Setting next_dagrun for example_local_kubernetes_executor to None, run_after=None
[2026-07-05T16:13:20.996+0000] {processor.py:183} INFO - Processing /home/airflow/.local/lib/python3.11/site-packages/airflow/example_dags/example_local_kubernetes_executor.py took 0.096 seconds
[2026-07-05T16:13:51.394+0000] {processor.py:161} INFO - Started process (PID=501) to work on /home/airflow/.local/lib/python3.11/site-packages/airflow/example_dags/example_local_kubernetes_executor.py
[2026-07-05T16:13:51.404+0000] {processor.py:830} INFO - Processing file /home/airflow/.local/lib/python3.11/site-packages/airflow/example_dags/example_local_kubernetes_executor.py for tasks to queue
[2026-07-05T16:13:51.407+0000] {logging_mixin.py:188} INFO - [2026-07-05T16:13:51.406+0000] {dagbag.py:545} INFO - Filling up the DagBag from /home/airflow/.local/lib/python3.11/site-packages/airflow/example_dags/example_local_kubernetes_executor.py
[2026-07-05T16:13:51.418+0000] {processor.py:840} INFO - DAG(s) 'example_local_kubernetes_executor' retrieved from /home/airflow/.local/lib/python3.11/site-packages/airflow/example_dags/example_local_kubernetes_executor.py
[2026-07-05T16:13:51.464+0000] {logging_mixin.py:188} INFO - [2026-07-05T16:13:51.464+0000] {dag.py:3096} INFO - Sync 1 DAGs
[2026-07-05T16:13:51.479+0000] {logging_mixin.py:188} INFO - [2026-07-05T16:13:51.479+0000] {dag.py:3954} INFO - Setting next_dagrun for example_local_kubernetes_executor to None, run_after=None
[2026-07-05T16:13:51.499+0000] {processor.py:183} INFO - Processing /home/airflow/.local/lib/python3.11/site-packages/airflow/example_dags/example_local_kubernetes_executor.py took 0.114 seconds
[2026-07-05T16:14:21.636+0000] {processor.py:161} INFO - Started process (PID=560) to work on /home/airflow/.local/lib/python3.11/site-packages/airflow/example_dags/example_local_kubernetes_executor.py
[2026-07-05T16:14:21.637+0000] {processor.py:830} INFO - Processing file /home/airflow/.local/lib/python3.11/site-packages/airflow/example_dags/example_local_kubernetes_executor.py for tasks to queue
[2026-07-05T16:14:21.639+0000] {logging_mixin.py:188} INFO - [2026-07-05T16:14:21.639+0000] {dagbag.py:545} INFO - Filling up the DagBag from /home/airflow/.local/lib/python3.11/site-packages/airflow/example_dags/example_local_kubernetes_executor.py
[2026-07-05T16:14:21.647+0000] {processor.py:840} INFO - DAG(s) 'example_local_kubernetes_executor' retrieved from /home/airflow/.local/lib/python3.11/site-packages/airflow/example_dags/example_local_kubernetes_executor.py
[2026-07-05T16:14:21.678+0000] {logging_mixin.py:188} INFO - [2026-07-05T16:14:21.678+0000] {dag.py:3096} INFO - Sync 1 DAGs
[2026-07-05T16:14:21.690+0000] {logging_mixin.py:188} INFO - [2026-07-05T16:14:21.689+0000] {dag.py:3954} INFO - Setting next_dagrun for example_local_kubernetes_executor to None, run_after=None
[2026-07-05T16:14:21.713+0000] {processor.py:183} INFO - Processing /home/airflow/.local/lib/python3.11/site-packages/airflow/example_dags/example_local_kubernetes_executor.py took 0.083 seconds
[2026-07-05T16:14:51.887+0000] {processor.py:161} INFO - Started process (PID=617) to work on /home/airflow/.local/lib/python3.11/site-packages/airflow/example_dags/example_local_kubernetes_executor.py
[2026-07-05T16:14:51.888+0000] {processor.py:830} INFO - Processing file /home/airflow/.local/lib/python3.11/site-packages/airflow/example_dags/example_local_kubernetes_executor.py for tasks to queue
[2026-07-05T16:14:51.890+0000] {logging_mixin.py:188} INFO - [2026-07-05T16:14:51.889+0000] {dagbag.py:545} INFO - Filling up the DagBag from /home/airflow/.local/lib/python3.11/site-packages/airflow/example_dags/example_local_kubernetes_executor.py
[2026-07-05T16:14:51.898+0000] {processor.py:840} INFO - DAG(s) 'example_local_kubernetes_executor' retrieved from /home/airflow/.local/lib/python3.11/site-packages/airflow/example_dags/example_local_kubernetes_executor.py
[2026-07-05T16:14:51.933+0000] {logging_mixin.py:188} INFO - [2026-07-05T16:14:51.932+0000] {dag.py:3096} INFO - Sync 1 DAGs
[2026-07-05T16:14:51.944+0000] {logging_mixin.py:188} INFO - [2026-07-05T16:14:51.944+0000] {dag.py:3954} INFO - Setting next_dagrun for example_local_kubernetes_executor to None, run_after=None
[2026-07-05T16:14:51.963+0000] {processor.py:183} INFO - Processing /home/airflow/.local/lib/python3.11/site-packages/airflow/example_dags/example_local_kubernetes_executor.py took 0.083 seconds
[2026-07-05T16:15:22.855+0000] {processor.py:161} INFO - Started process (PID=675) to work on /home/airflow/.local/lib/python3.11/site-packages/airflow/example_dags/example_local_kubernetes_executor.py
[2026-07-05T16:15:22.857+0000] {processor.py:830} INFO - Processing file /home/airflow/.local/lib/python3.11/site-packages/airflow/example_dags/example_local_kubernetes_executor.py for tasks to queue
[2026-07-05T16:15:22.859+0000] {logging_mixin.py:188} INFO - [2026-07-05T16:15:22.859+0000] {dagbag.py:545} INFO - Filling up the DagBag from /home/airflow/.local/lib/python3.11/site-packages/airflow/example_dags/example_local_kubernetes_executor.py
[2026-07-05T16:15:22.871+0000] {processor.py:840} INFO - DAG(s) 'example_local_kubernetes_executor' retrieved from /home/airflow/.local/lib/python3.11/site-packages/airflow/example_dags/example_local_kubernetes_executor.py
[2026-07-05T16:15:22.909+0000] {logging_mixin.py:188} INFO - [2026-07-05T16:15:22.909+0000] {dag.py:3096} INFO - Sync 1 DAGs
[2026-07-05T16:15:22.927+0000] {logging_mixin.py:188} INFO - [2026-07-05T16:15:22.926+0000] {dag.py:3954} INFO - Setting next_dagrun for example_local_kubernetes_executor to None, run_after=None
[2026-07-05T16:15:22.947+0000] {processor.py:183} INFO - Processing /home/airflow/.local/lib/python3.11/site-packages/airflow/example_dags/example_local_kubernetes_executor.py took 0.102 seconds
[2026-07-05T16:15:53.123+0000] {processor.py:161} INFO - Started process (PID=733) to work on /home/airflow/.local/lib/python3.11/site-packages/airflow/example_dags/example_local_kubernetes_executor.py
[2026-07-05T16:15:53.124+0000] {processor.py:830} INFO - Processing file /home/airflow/.local/lib/python3.11/site-packages/airflow/example_dags/example_local_kubernetes_executor.py for tasks to queue
[2026-07-05T16:15:53.126+0000] {logging_mixin.py:188} INFO - [2026-07-05T16:15:53.126+0000] {dagbag.py:545} INFO - Filling up the DagBag from /home/airflow/.local/lib/python3.11/site-packages/airflow/example_dags/example_local_kubernetes_executor.py
[2026-07-05T16:15:53.133+0000] {processor.py:840} INFO - DAG(s) 'example_local_kubernetes_executor' retrieved from /home/airflow/.local/lib/python3.11/site-packages/airflow/example_dags/example_local_kubernetes_executor.py
[2026-07-05T16:15:53.165+0000] {logging_mixin.py:188} INFO - [2026-07-05T16:15:53.164+0000] {dag.py:3096} INFO - Sync 1 DAGs
[2026-07-05T16:15:53.178+0000] {logging_mixin.py:188} INFO - [2026-07-05T16:15:53.178+0000] {dag.py:3954} INFO - Setting next_dagrun for example_local_kubernetes_executor to None, run_after=None
[2026-07-05T16:15:53.198+0000] {processor.py:183} INFO - Processing /home/airflow/.local/lib/python3.11/site-packages/airflow/example_dags/example_local_kubernetes_executor.py took 0.080 seconds
[2026-07-05T16:16:23.305+0000] {processor.py:161} INFO - Started process (PID=791) to work on /home/airflow/.local/lib/python3.11/site-packages/airflow/example_dags/example_local_kubernetes_executor.py
[2026-07-05T16:16:23.306+0000] {processor.py:830} INFO - Processing file /home/airflow/.local/lib/python3.11/site-packages/airflow/example_dags/example_local_kubernetes_executor.py for tasks to queue
[2026-07-05T16:16:23.308+0000] {logging_mixin.py:188} INFO - [2026-07-05T16:16:23.307+0000] {dagbag.py:545} INFO - Filling up the DagBag from /home/airflow/.local/lib/python3.11/site-packages/airflow/example_dags/example_local_kubernetes_executor.py
[2026-07-05T16:16:23.315+0000] {processor.py:840} INFO - DAG(s) 'example_local_kubernetes_executor' retrieved from /home/airflow/.local/lib/python3.11/site-packages/airflow/example_dags/example_local_kubernetes_executor.py
[2026-07-05T16:16:23.346+0000] {logging_mixin.py:188} INFO - [2026-07-05T16:16:23.346+0000] {dag.py:3096} INFO - Sync 1 DAGs
[2026-07-05T16:16:23.358+0000] {logging_mixin.py:188} INFO - [2026-07-05T16:16:23.357+0000] {dag.py:3954} INFO - Setting next_dagrun for example_local_kubernetes_executor to None, run_after=None
[2026-07-05T16:16:23.380+0000] {processor.py:183} INFO - Processing /home/airflow/.local/lib/python3.11/site-packages/airflow/example_dags/example_local_kubernetes_executor.py took 0.081 seconds
[2026-07-05T16:16:53.449+0000] {processor.py:161} INFO - Started process (PID=849) to work on /home/airflow/.local/lib/python3.11/site-packages/airflow/example_dags/example_local_kubernetes_executor.py
[2026-07-05T16:16:53.450+0000] {processor.py:830} INFO - Processing file /home/airflow/.local/lib/python3.11/site-packages/airflow/example_dags/example_local_kubernetes_executor.py for tasks to queue
[2026-07-05T16:16:53.452+0000] {logging_mixin.py:188} INFO - [2026-07-05T16:16:53.452+0000] {dagbag.py:545} INFO - Filling up the DagBag from /home/airflow/.local/lib/python3.11/site-packages/airflow/example_dags/example_local_kubernetes_executor.py
[2026-07-05T16:16:53.460+0000] {processor.py:840} INFO - DAG(s) 'example_local_kubernetes_executor' retrieved from /home/airflow/.local/lib/python3.11/site-packages/airflow/example_dags/example_local_kubernetes_executor.py
[2026-07-05T16:16:53.492+0000] {logging_mixin.py:188} INFO - [2026-07-05T16:16:53.492+0000] {dag.py:3096} INFO - Sync 1 DAGs
[2026-07-05T16:16:53.503+0000] {logging_mixin.py:188} INFO - [2026-07-05T16:16:53.503+0000] {dag.py:3954} INFO - Setting next_dagrun for example_local_kubernetes_executor to None, run_after=None
[2026-07-05T16:16:53.532+0000] {processor.py:183} INFO - Processing /home/airflow/.local/lib/python3.11/site-packages/airflow/example_dags/example_local_kubernetes_executor.py took 0.088 seconds
[2026-07-05T16:17:23.787+0000] {processor.py:161} INFO - Started process (PID=907) to work on /home/airflow/.local/lib/python3.11/site-packages/airflow/example_dags/example_local_kubernetes_executor.py
[2026-07-05T16:17:23.788+0000] {processor.py:830} INFO - Processing file /home/airflow/.local/lib/python3.11/site-packages/airflow/example_dags/example_local_kubernetes_executor.py for tasks to queue
[2026-07-05T16:17:23.790+0000] {logging_mixin.py:188} INFO - [2026-07-05T16:17:23.790+0000] {dagbag.py:545} INFO - Filling up the DagBag from /home/airflow/.local/lib/python3.11/site-packages/airflow/example_dags/example_local_kubernetes_executor.py
[2026-07-05T16:17:23.797+0000] {processor.py:840} INFO - DAG(s) 'example_local_kubernetes_executor' retrieved from /home/airflow/.local/lib/python3.11/site-packages/airflow/example_dags/example_local_kubernetes_executor.py
[2026-07-05T16:17:23.852+0000] {logging_mixin.py:188} INFO - [2026-07-05T16:17:23.852+0000] {dag.py:3096} INFO - Sync 1 DAGs
[2026-07-05T16:17:23.863+0000] {logging_mixin.py:188} INFO - [2026-07-05T16:17:23.863+0000] {dag.py:3954} INFO - Setting next_dagrun for example_local_kubernetes_executor to None, run_after=None
[2026-07-05T16:17:23.882+0000] {processor.py:183} INFO - Processing /home/airflow/.local/lib/python3.11/site-packages/airflow/example_dags/example_local_kubernetes_executor.py took 0.101 seconds
[2026-07-05T16:17:54.153+0000] {processor.py:161} INFO - Started process (PID=965) to work on /home/airflow/.local/lib/python3.11/site-packages/airflow/example_dags/example_local_kubernetes_executor.py
[2026-07-05T16:17:54.154+0000] {processor.py:830} INFO - Processing file /home/airflow/.local/lib/python3.11/site-packages/airflow/example_dags/example_local_kubernetes_executor.py for tasks to queue
[2026-07-05T16:17:54.157+0000] {logging_mixin.py:188} INFO - [2026-07-05T16:17:54.156+0000] {dagbag.py:545} INFO - Filling up the DagBag from /home/airflow/.local/lib/python3.11/site-packages/airflow/example_dags/example_local_kubernetes_executor.py
[2026-07-05T16:17:54.163+0000] {processor.py:840} INFO - DAG(s) 'example_local_kubernetes_executor' retrieved from /home/airflow/.local/lib/python3.11/site-packages/airflow/example_dags/example_local_kubernetes_executor.py
[2026-07-05T16:17:54.193+0000] {logging_mixin.py:188} INFO - [2026-07-05T16:17:54.193+0000] {dag.py:3096} INFO - Sync 1 DAGs
[2026-07-05T16:17:54.205+0000] {logging_mixin.py:188} INFO - [2026-07-05T16:17:54.204+0000] {dag.py:3954} INFO - Setting next_dagrun for example_local_kubernetes_executor to None, run_after=None
[2026-07-05T16:17:54.222+0000] {processor.py:183} INFO - Processing /home/airflow/.local/lib/python3.11/site-packages/airflow/example_dags/example_local_kubernetes_executor.py took 0.075 seconds
[2026-07-05T16:18:24.300+0000] {processor.py:161} INFO - Started process (PID=1023) to work on /home/airflow/.local/lib/python3.11/site-packages/airflow/example_dags/example_local_kubernetes_executor.py
[2026-07-05T16:18:24.301+0000] {processor.py:830} INFO - Processing file /home/airflow/.local/lib/python3.11/site-packages/airflow/example_dags/example_local_kubernetes_executor.py for tasks to queue
[2026-07-05T16:18:24.303+0000] {logging_mixin.py:188} INFO - [2026-07-05T16:18:24.303+0000] {dagbag.py:545} INFO - Filling up the DagBag from /home/airflow/.local/lib/python3.11/site-packages/airflow/example_dags/example_local_kubernetes_executor.py
[2026-07-05T16:18:24.310+0000] {processor.py:840} INFO - DAG(s) 'example_local_kubernetes_executor' retrieved from /home/airflow/.local/lib/python3.11/site-packages/airflow/example_dags/example_local_kubernetes_executor.py
[2026-07-05T16:18:24.343+0000] {logging_mixin.py:188} INFO - [2026-07-05T16:18:24.343+0000] {dag.py:3096} INFO - Sync 1 DAGs
[2026-07-05T16:18:24.356+0000] {logging_mixin.py:188} INFO - [2026-07-05T16:18:24.356+0000] {dag.py:3954} INFO - Setting next_dagrun for example_local_kubernetes_executor to None, run_after=None
[2026-07-05T16:18:24.376+0000] {processor.py:183} INFO - Processing /home/airflow/.local/lib/python3.11/site-packages/airflow/example_dags/example_local_kubernetes_executor.py took 0.082 seconds
[2026-07-05T16:18:54.447+0000] {processor.py:161} INFO - Started process (PID=1081) to work on /home/airflow/.local/lib/python3.11/site-packages/airflow/example_dags/example_local_kubernetes_executor.py
[2026-07-05T16:18:54.448+0000] {processor.py:830} INFO - Processing file /home/airflow/.local/lib/python3.11/site-packages/airflow/example_dags/example_local_kubernetes_executor.py for tasks to queue
[2026-07-05T16:18:54.450+0000] {logging_mixin.py:188} INFO - [2026-07-05T16:18:54.450+0000] {dagbag.py:545} INFO - Filling up the DagBag from /home/airflow/.local/lib/python3.11/site-packages/airflow/example_dags/example_local_kubernetes_executor.py
[2026-07-05T16:18:54.458+0000] {processor.py:840} INFO - DAG(s) 'example_local_kubernetes_executor' retrieved from /home/airflow/.local/lib/python3.11/site-packages/airflow/example_dags/example_local_kubernetes_executor.py
[2026-07-05T16:18:54.498+0000] {logging_mixin.py:188} INFO - [2026-07-05T16:18:54.498+0000] {dag.py:3096} INFO - Sync 1 DAGs
[2026-07-05T16:18:54.515+0000] {logging_mixin.py:188} INFO - [2026-07-05T16:18:54.514+0000] {dag.py:3954} INFO - Setting next_dagrun for example_local_kubernetes_executor to None, run_after=None
[2026-07-05T16:18:54.539+0000] {processor.py:183} INFO - Processing /home/airflow/.local/lib/python3.11/site-packages/airflow/example_dags/example_local_kubernetes_executor.py took 0.097 seconds
