[2026-07-05T16:07:39.432+0000] {processor.py:161} INFO - Started process (PID=101) to work on /home/airflow/.local/lib/python3.11/site-packages/airflow/example_dags/example_task_group_decorator.py
[2026-07-05T16:07:39.434+0000] {processor.py:830} INFO - Processing file /home/airflow/.local/lib/python3.11/site-packages/airflow/example_dags/example_task_group_decorator.py for tasks to queue
[2026-07-05T16:07:39.438+0000] {logging_mixin.py:188} INFO - [2026-07-05T16:07:39.437+0000] {dagbag.py:545} INFO - Filling up the DagBag from /home/airflow/.local/lib/python3.11/site-packages/airflow/example_dags/example_task_group_decorator.py
[2026-07-05T16:07:39.462+0000] {processor.py:840} INFO - DAG(s) 'example_task_group_decorator' retrieved from /home/airflow/.local/lib/python3.11/site-packages/airflow/example_dags/example_task_group_decorator.py
[2026-07-05T16:07:39.599+0000] {logging_mixin.py:188} INFO - [2026-07-05T16:07:39.599+0000] {override.py:1829} INFO - Created Permission View: can delete on DAG:example_task_group_decorator
[2026-07-05T16:07:39.614+0000] {logging_mixin.py:188} INFO - [2026-07-05T16:07:39.613+0000] {override.py:1829} INFO - Created Permission View: can read on DAG:example_task_group_decorator
[2026-07-05T16:07:39.626+0000] {logging_mixin.py:188} INFO - [2026-07-05T16:07:39.626+0000] {override.py:1829} INFO - Created Permission View: can edit on DAG:example_task_group_decorator
[2026-07-05T16:07:39.628+0000] {logging_mixin.py:188} INFO - [2026-07-05T16:07:39.628+0000] {dag.py:3096} INFO - Sync 1 DAGs
[2026-07-05T16:07:39.653+0000] {logging_mixin.py:188} INFO - [2026-07-05T16:07:39.652+0000] {dag.py:3118} INFO - Creating ORM DAG for example_task_group_decorator
[2026-07-05T16:07:39.680+0000] {logging_mixin.py:188} INFO - [2026-07-05T16:07:39.680+0000] {dag.py:3954} INFO - Setting next_dagrun for example_task_group_decorator to 2026-07-04 00:00:00+00:00, run_after=2026-07-05 00:00:00+00:00
[2026-07-05T16:07:39.729+0000] {processor.py:183} INFO - Processing /home/airflow/.local/lib/python3.11/site-packages/airflow/example_dags/example_task_group_decorator.py took 0.307 seconds
[2026-07-05T16:08:09.806+0000] {processor.py:161} INFO - Started process (PID=159) to work on /home/airflow/.local/lib/python3.11/site-packages/airflow/example_dags/example_task_group_decorator.py
[2026-07-05T16:08:09.807+0000] {processor.py:830} INFO - Processing file /home/airflow/.local/lib/python3.11/site-packages/airflow/example_dags/example_task_group_decorator.py for tasks to queue
[2026-07-05T16:08:09.810+0000] {logging_mixin.py:188} INFO - [2026-07-05T16:08:09.809+0000] {dagbag.py:545} INFO - Filling up the DagBag from /home/airflow/.local/lib/python3.11/site-packages/airflow/example_dags/example_task_group_decorator.py
[2026-07-05T16:08:09.823+0000] {processor.py:840} INFO - DAG(s) 'example_task_group_decorator' retrieved from /home/airflow/.local/lib/python3.11/site-packages/airflow/example_dags/example_task_group_decorator.py
[2026-07-05T16:08:09.844+0000] {logging_mixin.py:188} INFO - [2026-07-05T16:08:09.844+0000] {dag.py:3096} INFO - Sync 1 DAGs
[2026-07-05T16:08:09.863+0000] {logging_mixin.py:188} INFO - [2026-07-05T16:08:09.862+0000] {dag.py:3954} INFO - Setting next_dagrun for example_task_group_decorator to 2026-07-04 00:00:00+00:00, run_after=2026-07-05 00:00:00+00:00
[2026-07-05T16:08:09.884+0000] {processor.py:183} INFO - Processing /home/airflow/.local/lib/python3.11/site-packages/airflow/example_dags/example_task_group_decorator.py took 0.086 seconds
[2026-07-05T16:08:40.485+0000] {processor.py:161} INFO - Started process (PID=217) to work on /home/airflow/.local/lib/python3.11/site-packages/airflow/example_dags/example_task_group_decorator.py
[2026-07-05T16:08:40.486+0000] {processor.py:830} INFO - Processing file /home/airflow/.local/lib/python3.11/site-packages/airflow/example_dags/example_task_group_decorator.py for tasks to queue
[2026-07-05T16:08:40.488+0000] {logging_mixin.py:188} INFO - [2026-07-05T16:08:40.488+0000] {dagbag.py:545} INFO - Filling up the DagBag from /home/airflow/.local/lib/python3.11/site-packages/airflow/example_dags/example_task_group_decorator.py
[2026-07-05T16:08:40.502+0000] {processor.py:840} INFO - DAG(s) 'example_task_group_decorator' retrieved from /home/airflow/.local/lib/python3.11/site-packages/airflow/example_dags/example_task_group_decorator.py
[2026-07-05T16:08:40.531+0000] {logging_mixin.py:188} INFO - [2026-07-05T16:08:40.530+0000] {dag.py:3096} INFO - Sync 1 DAGs
[2026-07-05T16:08:40.556+0000] {logging_mixin.py:188} INFO - [2026-07-05T16:08:40.556+0000] {dag.py:3954} INFO - Setting next_dagrun for example_task_group_decorator to 2026-07-04 00:00:00+00:00, run_after=2026-07-05 00:00:00+00:00
[2026-07-05T16:08:40.580+0000] {processor.py:183} INFO - Processing /home/airflow/.local/lib/python3.11/site-packages/airflow/example_dags/example_task_group_decorator.py took 0.101 seconds
[2026-07-05T16:09:10.730+0000] {processor.py:161} INFO - Started process (PID=275) to work on /home/airflow/.local/lib/python3.11/site-packages/airflow/example_dags/example_task_group_decorator.py
[2026-07-05T16:09:10.731+0000] {processor.py:830} INFO - Processing file /home/airflow/.local/lib/python3.11/site-packages/airflow/example_dags/example_task_group_decorator.py for tasks to queue
[2026-07-05T16:09:10.737+0000] {logging_mixin.py:188} INFO - [2026-07-05T16:09:10.735+0000] {dagbag.py:545} INFO - Filling up the DagBag from /home/airflow/.local/lib/python3.11/site-packages/airflow/example_dags/example_task_group_decorator.py
[2026-07-05T16:09:10.767+0000] {processor.py:840} INFO - DAG(s) 'example_task_group_decorator' retrieved from /home/airflow/.local/lib/python3.11/site-packages/airflow/example_dags/example_task_group_decorator.py
[2026-07-05T16:09:10.791+0000] {logging_mixin.py:188} INFO - [2026-07-05T16:09:10.790+0000] {dag.py:3096} INFO - Sync 1 DAGs
[2026-07-05T16:09:10.825+0000] {logging_mixin.py:188} INFO - [2026-07-05T16:09:10.825+0000] {dag.py:3954} INFO - Setting next_dagrun for example_task_group_decorator to 2026-07-04 00:00:00+00:00, run_after=2026-07-05 00:00:00+00:00
[2026-07-05T16:09:10.854+0000] {processor.py:183} INFO - Processing /home/airflow/.local/lib/python3.11/site-packages/airflow/example_dags/example_task_group_decorator.py took 0.135 seconds
[2026-07-05T16:09:41.621+0000] {processor.py:161} INFO - Started process (PID=333) to work on /home/airflow/.local/lib/python3.11/site-packages/airflow/example_dags/example_task_group_decorator.py
[2026-07-05T16:09:41.622+0000] {processor.py:830} INFO - Processing file /home/airflow/.local/lib/python3.11/site-packages/airflow/example_dags/example_task_group_decorator.py for tasks to queue
[2026-07-05T16:09:41.624+0000] {logging_mixin.py:188} INFO - [2026-07-05T16:09:41.623+0000] {dagbag.py:545} INFO - Filling up the DagBag from /home/airflow/.local/lib/python3.11/site-packages/airflow/example_dags/example_task_group_decorator.py
[2026-07-05T16:09:41.641+0000] {processor.py:840} INFO - DAG(s) 'example_task_group_decorator' retrieved from /home/airflow/.local/lib/python3.11/site-packages/airflow/example_dags/example_task_group_decorator.py
[2026-07-05T16:09:41.743+0000] {logging_mixin.py:188} INFO - [2026-07-05T16:09:41.742+0000] {dag.py:3096} INFO - Sync 1 DAGs
[2026-07-05T16:09:41.761+0000] {logging_mixin.py:188} INFO - [2026-07-05T16:09:41.760+0000] {dag.py:3954} INFO - Setting next_dagrun for example_task_group_decorator to 2026-07-04 00:00:00+00:00, run_after=2026-07-05 00:00:00+00:00
[2026-07-05T16:09:41.779+0000] {processor.py:183} INFO - Processing /home/airflow/.local/lib/python3.11/site-packages/airflow/example_dags/example_task_group_decorator.py took 0.164 seconds
[2026-07-05T16:10:16.125+0000] {processor.py:161} INFO - Started process (PID=96) to work on /home/airflow/.local/lib/python3.11/site-packages/airflow/example_dags/example_task_group_decorator.py
[2026-07-05T16:10:16.127+0000] {processor.py:830} INFO - Processing file /home/airflow/.local/lib/python3.11/site-packages/airflow/example_dags/example_task_group_decorator.py for tasks to queue
[2026-07-05T16:10:16.129+0000] {logging_mixin.py:188} INFO - [2026-07-05T16:10:16.129+0000] {dagbag.py:545} INFO - Filling up the DagBag from /home/airflow/.local/lib/python3.11/site-packages/airflow/example_dags/example_task_group_decorator.py
[2026-07-05T16:10:16.149+0000] {processor.py:840} INFO - DAG(s) 'example_task_group_decorator' retrieved from /home/airflow/.local/lib/python3.11/site-packages/airflow/example_dags/example_task_group_decorator.py
[2026-07-05T16:10:16.167+0000] {logging_mixin.py:188} INFO - [2026-07-05T16:10:16.167+0000] {dag.py:3096} INFO - Sync 1 DAGs
[2026-07-05T16:10:16.197+0000] {logging_mixin.py:188} INFO - [2026-07-05T16:10:16.196+0000] {dag.py:3954} INFO - Setting next_dagrun for example_task_group_decorator to 2026-07-04 00:00:00+00:00, run_after=2026-07-05 00:00:00+00:00
[2026-07-05T16:10:16.219+0000] {processor.py:183} INFO - Processing /home/airflow/.local/lib/python3.11/site-packages/airflow/example_dags/example_task_group_decorator.py took 0.101 seconds
[2026-07-05T16:10:46.888+0000] {processor.py:161} INFO - Started process (PID=155) to work on /home/airflow/.local/lib/python3.11/site-packages/airflow/example_dags/example_task_group_decorator.py
[2026-07-05T16:10:46.891+0000] {processor.py:830} INFO - Processing file /home/airflow/.local/lib/python3.11/site-packages/airflow/example_dags/example_task_group_decorator.py for tasks to queue
[2026-07-05T16:10:46.894+0000] {logging_mixin.py:188} INFO - [2026-07-05T16:10:46.893+0000] {dagbag.py:545} INFO - Filling up the DagBag from /home/airflow/.local/lib/python3.11/site-packages/airflow/example_dags/example_task_group_decorator.py
[2026-07-05T16:10:46.916+0000] {processor.py:840} INFO - DAG(s) 'example_task_group_decorator' retrieved from /home/airflow/.local/lib/python3.11/site-packages/airflow/example_dags/example_task_group_decorator.py
[2026-07-05T16:10:47.075+0000] {logging_mixin.py:188} INFO - [2026-07-05T16:10:47.075+0000] {dag.py:3096} INFO - Sync 1 DAGs
[2026-07-05T16:10:47.101+0000] {logging_mixin.py:188} INFO - [2026-07-05T16:10:47.101+0000] {dag.py:3954} INFO - Setting next_dagrun for example_task_group_decorator to 2026-07-04 00:00:00+00:00, run_after=2026-07-05 00:00:00+00:00
[2026-07-05T16:10:47.128+0000] {processor.py:183} INFO - Processing /home/airflow/.local/lib/python3.11/site-packages/airflow/example_dags/example_task_group_decorator.py took 0.249 seconds
[2026-07-05T16:11:17.872+0000] {processor.py:161} INFO - Started process (PID=213) to work on /home/airflow/.local/lib/python3.11/site-packages/airflow/example_dags/example_task_group_decorator.py
[2026-07-05T16:11:17.874+0000] {processor.py:830} INFO - Processing file /home/airflow/.local/lib/python3.11/site-packages/airflow/example_dags/example_task_group_decorator.py for tasks to queue
[2026-07-05T16:11:17.876+0000] {logging_mixin.py:188} INFO - [2026-07-05T16:11:17.875+0000] {dagbag.py:545} INFO - Filling up the DagBag from /home/airflow/.local/lib/python3.11/site-packages/airflow/example_dags/example_task_group_decorator.py
[2026-07-05T16:11:17.894+0000] {processor.py:840} INFO - DAG(s) 'example_task_group_decorator' retrieved from /home/airflow/.local/lib/python3.11/site-packages/airflow/example_dags/example_task_group_decorator.py
[2026-07-05T16:11:17.923+0000] {logging_mixin.py:188} INFO - [2026-07-05T16:11:17.923+0000] {dag.py:3096} INFO - Sync 1 DAGs
[2026-07-05T16:11:17.947+0000] {logging_mixin.py:188} INFO - [2026-07-05T16:11:17.946+0000] {dag.py:3954} INFO - Setting next_dagrun for example_task_group_decorator to 2026-07-04 00:00:00+00:00, run_after=2026-07-05 00:00:00+00:00
[2026-07-05T16:11:17.970+0000] {processor.py:183} INFO - Processing /home/airflow/.local/lib/python3.11/site-packages/airflow/example_dags/example_task_group_decorator.py took 0.106 seconds
[2026-07-05T16:11:48.585+0000] {processor.py:161} INFO - Started process (PID=271) to work on /home/airflow/.local/lib/python3.11/site-packages/airflow/example_dags/example_task_group_decorator.py
[2026-07-05T16:11:48.586+0000] {processor.py:830} INFO - Processing file /home/airflow/.local/lib/python3.11/site-packages/airflow/example_dags/example_task_group_decorator.py for tasks to queue
[2026-07-05T16:11:48.589+0000] {logging_mixin.py:188} INFO - [2026-07-05T16:11:48.588+0000] {dagbag.py:545} INFO - Filling up the DagBag from /home/airflow/.local/lib/python3.11/site-packages/airflow/example_dags/example_task_group_decorator.py
[2026-07-05T16:11:48.607+0000] {processor.py:840} INFO - DAG(s) 'example_task_group_decorator' retrieved from /home/airflow/.local/lib/python3.11/site-packages/airflow/example_dags/example_task_group_decorator.py
[2026-07-05T16:11:48.623+0000] {logging_mixin.py:188} INFO - [2026-07-05T16:11:48.623+0000] {dag.py:3096} INFO - Sync 1 DAGs
[2026-07-05T16:11:48.650+0000] {logging_mixin.py:188} INFO - [2026-07-05T16:11:48.650+0000] {dag.py:3954} INFO - Setting next_dagrun for example_task_group_decorator to 2026-07-04 00:00:00+00:00, run_after=2026-07-05 00:00:00+00:00
[2026-07-05T16:11:48.672+0000] {processor.py:183} INFO - Processing /home/airflow/.local/lib/python3.11/site-packages/airflow/example_dags/example_task_group_decorator.py took 0.096 seconds
[2026-07-05T16:12:19.733+0000] {processor.py:161} INFO - Started process (PID=329) to work on /home/airflow/.local/lib/python3.11/site-packages/airflow/example_dags/example_task_group_decorator.py
[2026-07-05T16:12:19.736+0000] {processor.py:830} INFO - Processing file /home/airflow/.local/lib/python3.11/site-packages/airflow/example_dags/example_task_group_decorator.py for tasks to queue
[2026-07-05T16:12:19.740+0000] {logging_mixin.py:188} INFO - [2026-07-05T16:12:19.739+0000] {dagbag.py:545} INFO - Filling up the DagBag from /home/airflow/.local/lib/python3.11/site-packages/airflow/example_dags/example_task_group_decorator.py
[2026-07-05T16:12:19.786+0000] {processor.py:840} INFO - DAG(s) 'example_task_group_decorator' retrieved from /home/airflow/.local/lib/python3.11/site-packages/airflow/example_dags/example_task_group_decorator.py
[2026-07-05T16:12:19.980+0000] {logging_mixin.py:188} INFO - [2026-07-05T16:12:19.980+0000] {dag.py:3096} INFO - Sync 1 DAGs
[2026-07-05T16:12:20.018+0000] {logging_mixin.py:188} INFO - [2026-07-05T16:12:20.018+0000] {dag.py:3954} INFO - Setting next_dagrun for example_task_group_decorator to 2026-07-04 00:00:00+00:00, run_after=2026-07-05 00:00:00+00:00
[2026-07-05T16:12:20.054+0000] {processor.py:183} INFO - Processing /home/airflow/.local/lib/python3.11/site-packages/airflow/example_dags/example_task_group_decorator.py took 0.343 seconds
[2026-07-05T16:12:50.506+0000] {processor.py:161} INFO - Started process (PID=388) to work on /home/airflow/.local/lib/python3.11/site-packages/airflow/example_dags/example_task_group_decorator.py
[2026-07-05T16:12:50.507+0000] {processor.py:830} INFO - Processing file /home/airflow/.local/lib/python3.11/site-packages/airflow/example_dags/example_task_group_decorator.py for tasks to queue
[2026-07-05T16:12:50.509+0000] {logging_mixin.py:188} INFO - [2026-07-05T16:12:50.509+0000] {dagbag.py:545} INFO - Filling up the DagBag from /home/airflow/.local/lib/python3.11/site-packages/airflow/example_dags/example_task_group_decorator.py
[2026-07-05T16:12:50.521+0000] {processor.py:840} INFO - DAG(s) 'example_task_group_decorator' retrieved from /home/airflow/.local/lib/python3.11/site-packages/airflow/example_dags/example_task_group_decorator.py
[2026-07-05T16:12:50.545+0000] {logging_mixin.py:188} INFO - [2026-07-05T16:12:50.545+0000] {dag.py:3096} INFO - Sync 1 DAGs
[2026-07-05T16:12:50.563+0000] {logging_mixin.py:188} INFO - [2026-07-05T16:12:50.563+0000] {dag.py:3954} INFO - Setting next_dagrun for example_task_group_decorator to 2026-07-04 00:00:00+00:00, run_after=2026-07-05 00:00:00+00:00
[2026-07-05T16:12:50.581+0000] {processor.py:183} INFO - Processing /home/airflow/.local/lib/python3.11/site-packages/airflow/example_dags/example_task_group_decorator.py took 0.081 seconds
[2026-07-05T16:13:21.131+0000] {processor.py:161} INFO - Started process (PID=446) to work on /home/airflow/.local/lib/python3.11/site-packages/airflow/example_dags/example_task_group_decorator.py
[2026-07-05T16:13:21.132+0000] {processor.py:830} INFO - Processing file /home/airflow/.local/lib/python3.11/site-packages/airflow/example_dags/example_task_group_decorator.py for tasks to queue
[2026-07-05T16:13:21.135+0000] {logging_mixin.py:188} INFO - [2026-07-05T16:13:21.134+0000] {dagbag.py:545} INFO - Filling up the DagBag from /home/airflow/.local/lib/python3.11/site-packages/airflow/example_dags/example_task_group_decorator.py
[2026-07-05T16:13:21.150+0000] {processor.py:840} INFO - DAG(s) 'example_task_group_decorator' retrieved from /home/airflow/.local/lib/python3.11/site-packages/airflow/example_dags/example_task_group_decorator.py
[2026-07-05T16:13:21.182+0000] {logging_mixin.py:188} INFO - [2026-07-05T16:13:21.181+0000] {dag.py:3096} INFO - Sync 1 DAGs
[2026-07-05T16:13:21.212+0000] {logging_mixin.py:188} INFO - [2026-07-05T16:13:21.212+0000] {dag.py:3954} INFO - Setting next_dagrun for example_task_group_decorator to 2026-07-04 00:00:00+00:00, run_after=2026-07-05 00:00:00+00:00
[2026-07-05T16:13:21.239+0000] {processor.py:183} INFO - Processing /home/airflow/.local/lib/python3.11/site-packages/airflow/example_dags/example_task_group_decorator.py took 0.115 seconds
[2026-07-05T16:13:51.652+0000] {processor.py:161} INFO - Started process (PID=504) to work on /home/airflow/.local/lib/python3.11/site-packages/airflow/example_dags/example_task_group_decorator.py
[2026-07-05T16:13:51.653+0000] {processor.py:830} INFO - Processing file /home/airflow/.local/lib/python3.11/site-packages/airflow/example_dags/example_task_group_decorator.py for tasks to queue
[2026-07-05T16:13:51.655+0000] {logging_mixin.py:188} INFO - [2026-07-05T16:13:51.655+0000] {dagbag.py:545} INFO - Filling up the DagBag from /home/airflow/.local/lib/python3.11/site-packages/airflow/example_dags/example_task_group_decorator.py
[2026-07-05T16:13:51.667+0000] {processor.py:840} INFO - DAG(s) 'example_task_group_decorator' retrieved from /home/airflow/.local/lib/python3.11/site-packages/airflow/example_dags/example_task_group_decorator.py
[2026-07-05T16:13:51.695+0000] {logging_mixin.py:188} INFO - [2026-07-05T16:13:51.694+0000] {dag.py:3096} INFO - Sync 1 DAGs
[2026-07-05T16:13:51.716+0000] {logging_mixin.py:188} INFO - [2026-07-05T16:13:51.715+0000] {dag.py:3954} INFO - Setting next_dagrun for example_task_group_decorator to 2026-07-04 00:00:00+00:00, run_after=2026-07-05 00:00:00+00:00
[2026-07-05T16:13:51.735+0000] {processor.py:183} INFO - Processing /home/airflow/.local/lib/python3.11/site-packages/airflow/example_dags/example_task_group_decorator.py took 0.089 seconds
[2026-07-05T16:14:21.856+0000] {processor.py:161} INFO - Started process (PID=562) to work on /home/airflow/.local/lib/python3.11/site-packages/airflow/example_dags/example_task_group_decorator.py
[2026-07-05T16:14:21.857+0000] {processor.py:830} INFO - Processing file /home/airflow/.local/lib/python3.11/site-packages/airflow/example_dags/example_task_group_decorator.py for tasks to queue
[2026-07-05T16:14:21.859+0000] {logging_mixin.py:188} INFO - [2026-07-05T16:14:21.859+0000] {dagbag.py:545} INFO - Filling up the DagBag from /home/airflow/.local/lib/python3.11/site-packages/airflow/example_dags/example_task_group_decorator.py
[2026-07-05T16:14:21.875+0000] {processor.py:840} INFO - DAG(s) 'example_task_group_decorator' retrieved from /home/airflow/.local/lib/python3.11/site-packages/airflow/example_dags/example_task_group_decorator.py
[2026-07-05T16:14:21.898+0000] {logging_mixin.py:188} INFO - [2026-07-05T16:14:21.897+0000] {dag.py:3096} INFO - Sync 1 DAGs
[2026-07-05T16:14:21.915+0000] {logging_mixin.py:188} INFO - [2026-07-05T16:14:21.915+0000] {dag.py:3954} INFO - Setting next_dagrun for example_task_group_decorator to 2026-07-04 00:00:00+00:00, run_after=2026-07-05 00:00:00+00:00
[2026-07-05T16:14:21.933+0000] {processor.py:183} INFO - Processing /home/airflow/.local/lib/python3.11/site-packages/airflow/example_dags/example_task_group_decorator.py took 0.082 seconds
[2026-07-05T16:14:52.232+0000] {processor.py:161} INFO - Started process (PID=620) to work on /home/airflow/.local/lib/python3.11/site-packages/airflow/example_dags/example_task_group_decorator.py
[2026-07-05T16:14:52.233+0000] {processor.py:830} INFO - Processing file /home/airflow/.local/lib/python3.11/site-packages/airflow/example_dags/example_task_group_decorator.py for tasks to queue
[2026-07-05T16:14:52.235+0000] {logging_mixin.py:188} INFO - [2026-07-05T16:14:52.235+0000] {dagbag.py:545} INFO - Filling up the DagBag from /home/airflow/.local/lib/python3.11/site-packages/airflow/example_dags/example_task_group_decorator.py
[2026-07-05T16:14:52.252+0000] {processor.py:840} INFO - DAG(s) 'example_task_group_decorator' retrieved from /home/airflow/.local/lib/python3.11/site-packages/airflow/example_dags/example_task_group_decorator.py
[2026-07-05T16:14:52.282+0000] {logging_mixin.py:188} INFO - [2026-07-05T16:14:52.282+0000] {dag.py:3096} INFO - Sync 1 DAGs
[2026-07-05T16:14:52.307+0000] {logging_mixin.py:188} INFO - [2026-07-05T16:14:52.306+0000] {dag.py:3954} INFO - Setting next_dagrun for example_task_group_decorator to 2026-07-04 00:00:00+00:00, run_after=2026-07-05 00:00:00+00:00
[2026-07-05T16:14:52.330+0000] {processor.py:183} INFO - Processing /home/airflow/.local/lib/python3.11/site-packages/airflow/example_dags/example_task_group_decorator.py took 0.104 seconds
[2026-07-05T16:15:23.073+0000] {processor.py:161} INFO - Started process (PID=678) to work on /home/airflow/.local/lib/python3.11/site-packages/airflow/example_dags/example_task_group_decorator.py
[2026-07-05T16:15:23.074+0000] {processor.py:830} INFO - Processing file /home/airflow/.local/lib/python3.11/site-packages/airflow/example_dags/example_task_group_decorator.py for tasks to queue
[2026-07-05T16:15:23.076+0000] {logging_mixin.py:188} INFO - [2026-07-05T16:15:23.075+0000] {dagbag.py:545} INFO - Filling up the DagBag from /home/airflow/.local/lib/python3.11/site-packages/airflow/example_dags/example_task_group_decorator.py
[2026-07-05T16:15:23.088+0000] {processor.py:840} INFO - DAG(s) 'example_task_group_decorator' retrieved from /home/airflow/.local/lib/python3.11/site-packages/airflow/example_dags/example_task_group_decorator.py
[2026-07-05T16:15:23.110+0000] {logging_mixin.py:188} INFO - [2026-07-05T16:15:23.109+0000] {dag.py:3096} INFO - Sync 1 DAGs
[2026-07-05T16:15:23.130+0000] {logging_mixin.py:188} INFO - [2026-07-05T16:15:23.129+0000] {dag.py:3954} INFO - Setting next_dagrun for example_task_group_decorator to 2026-07-04 00:00:00+00:00, run_after=2026-07-05 00:00:00+00:00
[2026-07-05T16:15:23.150+0000] {processor.py:183} INFO - Processing /home/airflow/.local/lib/python3.11/site-packages/airflow/example_dags/example_task_group_decorator.py took 0.083 seconds
[2026-07-05T16:15:53.335+0000] {processor.py:161} INFO - Started process (PID=736) to work on /home/airflow/.local/lib/python3.11/site-packages/airflow/example_dags/example_task_group_decorator.py
[2026-07-05T16:15:53.336+0000] {processor.py:830} INFO - Processing file /home/airflow/.local/lib/python3.11/site-packages/airflow/example_dags/example_task_group_decorator.py for tasks to queue
[2026-07-05T16:15:53.338+0000] {logging_mixin.py:188} INFO - [2026-07-05T16:15:53.338+0000] {dagbag.py:545} INFO - Filling up the DagBag from /home/airflow/.local/lib/python3.11/site-packages/airflow/example_dags/example_task_group_decorator.py
[2026-07-05T16:15:53.352+0000] {processor.py:840} INFO - DAG(s) 'example_task_group_decorator' retrieved from /home/airflow/.local/lib/python3.11/site-packages/airflow/example_dags/example_task_group_decorator.py
[2026-07-05T16:15:53.374+0000] {logging_mixin.py:188} INFO - [2026-07-05T16:15:53.373+0000] {dag.py:3096} INFO - Sync 1 DAGs
[2026-07-05T16:15:53.392+0000] {logging_mixin.py:188} INFO - [2026-07-05T16:15:53.392+0000] {dag.py:3954} INFO - Setting next_dagrun for example_task_group_decorator to 2026-07-04 00:00:00+00:00, run_after=2026-07-05 00:00:00+00:00
[2026-07-05T16:15:53.410+0000] {processor.py:183} INFO - Processing /home/airflow/.local/lib/python3.11/site-packages/airflow/example_dags/example_task_group_decorator.py took 0.083 seconds
[2026-07-05T16:16:23.546+0000] {processor.py:161} INFO - Started process (PID=794) to work on /home/airflow/.local/lib/python3.11/site-packages/airflow/example_dags/example_task_group_decorator.py
[2026-07-05T16:16:23.548+0000] {processor.py:830} INFO - Processing file /home/airflow/.local/lib/python3.11/site-packages/airflow/example_dags/example_task_group_decorator.py for tasks to queue
[2026-07-05T16:16:23.550+0000] {logging_mixin.py:188} INFO - [2026-07-05T16:16:23.550+0000] {dagbag.py:545} INFO - Filling up the DagBag from /home/airflow/.local/lib/python3.11/site-packages/airflow/example_dags/example_task_group_decorator.py
[2026-07-05T16:16:23.567+0000] {processor.py:840} INFO - DAG(s) 'example_task_group_decorator' retrieved from /home/airflow/.local/lib/python3.11/site-packages/airflow/example_dags/example_task_group_decorator.py
[2026-07-05T16:16:23.595+0000] {logging_mixin.py:188} INFO - [2026-07-05T16:16:23.595+0000] {dag.py:3096} INFO - Sync 1 DAGs
[2026-07-05T16:16:23.621+0000] {logging_mixin.py:188} INFO - [2026-07-05T16:16:23.621+0000] {dag.py:3954} INFO - Setting next_dagrun for example_task_group_decorator to 2026-07-04 00:00:00+00:00, run_after=2026-07-05 00:00:00+00:00
[2026-07-05T16:16:23.643+0000] {processor.py:183} INFO - Processing /home/airflow/.local/lib/python3.11/site-packages/airflow/example_dags/example_task_group_decorator.py took 0.104 seconds
[2026-07-05T16:16:53.787+0000] {processor.py:161} INFO - Started process (PID=852) to work on /home/airflow/.local/lib/python3.11/site-packages/airflow/example_dags/example_task_group_decorator.py
[2026-07-05T16:16:53.788+0000] {processor.py:830} INFO - Processing file /home/airflow/.local/lib/python3.11/site-packages/airflow/example_dags/example_task_group_decorator.py for tasks to queue
[2026-07-05T16:16:53.791+0000] {logging_mixin.py:188} INFO - [2026-07-05T16:16:53.790+0000] {dagbag.py:545} INFO - Filling up the DagBag from /home/airflow/.local/lib/python3.11/site-packages/airflow/example_dags/example_task_group_decorator.py
[2026-07-05T16:16:53.804+0000] {processor.py:840} INFO - DAG(s) 'example_task_group_decorator' retrieved from /home/airflow/.local/lib/python3.11/site-packages/airflow/example_dags/example_task_group_decorator.py
[2026-07-05T16:16:53.828+0000] {logging_mixin.py:188} INFO - [2026-07-05T16:16:53.828+0000] {dag.py:3096} INFO - Sync 1 DAGs
[2026-07-05T16:16:53.848+0000] {logging_mixin.py:188} INFO - [2026-07-05T16:16:53.848+0000] {dag.py:3954} INFO - Setting next_dagrun for example_task_group_decorator to 2026-07-04 00:00:00+00:00, run_after=2026-07-05 00:00:00+00:00
[2026-07-05T16:16:53.886+0000] {processor.py:183} INFO - Processing /home/airflow/.local/lib/python3.11/site-packages/airflow/example_dags/example_task_group_decorator.py took 0.105 seconds
[2026-07-05T16:17:24.007+0000] {processor.py:161} INFO - Started process (PID=910) to work on /home/airflow/.local/lib/python3.11/site-packages/airflow/example_dags/example_task_group_decorator.py
[2026-07-05T16:17:24.008+0000] {processor.py:830} INFO - Processing file /home/airflow/.local/lib/python3.11/site-packages/airflow/example_dags/example_task_group_decorator.py for tasks to queue
[2026-07-05T16:17:24.009+0000] {logging_mixin.py:188} INFO - [2026-07-05T16:17:24.009+0000] {dagbag.py:545} INFO - Filling up the DagBag from /home/airflow/.local/lib/python3.11/site-packages/airflow/example_dags/example_task_group_decorator.py
[2026-07-05T16:17:24.021+0000] {processor.py:840} INFO - DAG(s) 'example_task_group_decorator' retrieved from /home/airflow/.local/lib/python3.11/site-packages/airflow/example_dags/example_task_group_decorator.py
[2026-07-05T16:17:24.043+0000] {logging_mixin.py:188} INFO - [2026-07-05T16:17:24.042+0000] {dag.py:3096} INFO - Sync 1 DAGs
[2026-07-05T16:17:24.060+0000] {logging_mixin.py:188} INFO - [2026-07-05T16:17:24.060+0000] {dag.py:3954} INFO - Setting next_dagrun for example_task_group_decorator to 2026-07-04 00:00:00+00:00, run_after=2026-07-05 00:00:00+00:00
[2026-07-05T16:17:24.077+0000] {processor.py:183} INFO - Processing /home/airflow/.local/lib/python3.11/site-packages/airflow/example_dags/example_task_group_decorator.py took 0.076 seconds
[2026-07-05T16:17:54.360+0000] {processor.py:161} INFO - Started process (PID=968) to work on /home/airflow/.local/lib/python3.11/site-packages/airflow/example_dags/example_task_group_decorator.py
[2026-07-05T16:17:54.361+0000] {processor.py:830} INFO - Processing file /home/airflow/.local/lib/python3.11/site-packages/airflow/example_dags/example_task_group_decorator.py for tasks to queue
[2026-07-05T16:17:54.363+0000] {logging_mixin.py:188} INFO - [2026-07-05T16:17:54.363+0000] {dagbag.py:545} INFO - Filling up the DagBag from /home/airflow/.local/lib/python3.11/site-packages/airflow/example_dags/example_task_group_decorator.py
[2026-07-05T16:17:54.374+0000] {processor.py:840} INFO - DAG(s) 'example_task_group_decorator' retrieved from /home/airflow/.local/lib/python3.11/site-packages/airflow/example_dags/example_task_group_decorator.py
[2026-07-05T16:17:54.395+0000] {logging_mixin.py:188} INFO - [2026-07-05T16:17:54.395+0000] {dag.py:3096} INFO - Sync 1 DAGs
[2026-07-05T16:17:54.414+0000] {logging_mixin.py:188} INFO - [2026-07-05T16:17:54.414+0000] {dag.py:3954} INFO - Setting next_dagrun for example_task_group_decorator to 2026-07-04 00:00:00+00:00, run_after=2026-07-05 00:00:00+00:00
[2026-07-05T16:17:54.431+0000] {processor.py:183} INFO - Processing /home/airflow/.local/lib/python3.11/site-packages/airflow/example_dags/example_task_group_decorator.py took 0.077 seconds
[2026-07-05T16:18:24.629+0000] {processor.py:161} INFO - Started process (PID=1026) to work on /home/airflow/.local/lib/python3.11/site-packages/airflow/example_dags/example_task_group_decorator.py
[2026-07-05T16:18:24.630+0000] {processor.py:830} INFO - Processing file /home/airflow/.local/lib/python3.11/site-packages/airflow/example_dags/example_task_group_decorator.py for tasks to queue
[2026-07-05T16:18:24.633+0000] {logging_mixin.py:188} INFO - [2026-07-05T16:18:24.632+0000] {dagbag.py:545} INFO - Filling up the DagBag from /home/airflow/.local/lib/python3.11/site-packages/airflow/example_dags/example_task_group_decorator.py
[2026-07-05T16:18:24.644+0000] {processor.py:840} INFO - DAG(s) 'example_task_group_decorator' retrieved from /home/airflow/.local/lib/python3.11/site-packages/airflow/example_dags/example_task_group_decorator.py
[2026-07-05T16:18:24.667+0000] {logging_mixin.py:188} INFO - [2026-07-05T16:18:24.667+0000] {dag.py:3096} INFO - Sync 1 DAGs
[2026-07-05T16:18:24.686+0000] {logging_mixin.py:188} INFO - [2026-07-05T16:18:24.686+0000] {dag.py:3954} INFO - Setting next_dagrun for example_task_group_decorator to 2026-07-04 00:00:00+00:00, run_after=2026-07-05 00:00:00+00:00
[2026-07-05T16:18:24.705+0000] {processor.py:183} INFO - Processing /home/airflow/.local/lib/python3.11/site-packages/airflow/example_dags/example_task_group_decorator.py took 0.082 seconds
[2026-07-05T16:18:54.776+0000] {processor.py:161} INFO - Started process (PID=1084) to work on /home/airflow/.local/lib/python3.11/site-packages/airflow/example_dags/example_task_group_decorator.py
[2026-07-05T16:18:54.777+0000] {processor.py:830} INFO - Processing file /home/airflow/.local/lib/python3.11/site-packages/airflow/example_dags/example_task_group_decorator.py for tasks to queue
[2026-07-05T16:18:54.779+0000] {logging_mixin.py:188} INFO - [2026-07-05T16:18:54.779+0000] {dagbag.py:545} INFO - Filling up the DagBag from /home/airflow/.local/lib/python3.11/site-packages/airflow/example_dags/example_task_group_decorator.py
[2026-07-05T16:18:54.804+0000] {processor.py:840} INFO - DAG(s) 'example_task_group_decorator' retrieved from /home/airflow/.local/lib/python3.11/site-packages/airflow/example_dags/example_task_group_decorator.py
[2026-07-05T16:18:54.835+0000] {logging_mixin.py:188} INFO - [2026-07-05T16:18:54.835+0000] {dag.py:3096} INFO - Sync 1 DAGs
[2026-07-05T16:18:54.859+0000] {logging_mixin.py:188} INFO - [2026-07-05T16:18:54.859+0000] {dag.py:3954} INFO - Setting next_dagrun for example_task_group_decorator to 2026-07-04 00:00:00+00:00, run_after=2026-07-05 00:00:00+00:00
[2026-07-05T16:18:54.882+0000] {processor.py:183} INFO - Processing /home/airflow/.local/lib/python3.11/site-packages/airflow/example_dags/example_task_group_decorator.py took 0.112 seconds
