[2026-07-05T16:07:26.830+0000] {processor.py:161} INFO - Started process (PID=74) to work on /home/airflow/.local/lib/python3.11/site-packages/airflow/example_dags/example_subdag_operator.py
[2026-07-05T16:07:26.832+0000] {processor.py:830} INFO - Processing file /home/airflow/.local/lib/python3.11/site-packages/airflow/example_dags/example_subdag_operator.py for tasks to queue
[2026-07-05T16:07:26.835+0000] {logging_mixin.py:188} INFO - [2026-07-05T16:07:26.835+0000] {dagbag.py:545} INFO - Filling up the DagBag from /home/airflow/.local/lib/python3.11/site-packages/airflow/example_dags/example_subdag_operator.py
[2026-07-05T16:07:26.904+0000] {processor.py:840} INFO - DAG(s) 'example_subdag_operator.section-1', 'example_subdag_operator.section-2', 'example_subdag_operator' retrieved from /home/airflow/.local/lib/python3.11/site-packages/airflow/example_dags/example_subdag_operator.py
[2026-07-05T16:07:27.311+0000] {logging_mixin.py:188} INFO - [2026-07-05T16:07:27.310+0000] {override.py:1829} INFO - Created Permission View: can delete on DAG:example_subdag_operator
[2026-07-05T16:07:27.331+0000] {logging_mixin.py:188} INFO - [2026-07-05T16:07:27.331+0000] {override.py:1829} INFO - Created Permission View: can read on DAG:example_subdag_operator
[2026-07-05T16:07:27.340+0000] {logging_mixin.py:188} INFO - [2026-07-05T16:07:27.340+0000] {override.py:1829} INFO - Created Permission View: can edit on DAG:example_subdag_operator
[2026-07-05T16:07:27.341+0000] {logging_mixin.py:188} INFO - [2026-07-05T16:07:27.340+0000] {dag.py:3096} INFO - Sync 3 DAGs
[2026-07-05T16:07:27.377+0000] {logging_mixin.py:188} INFO - [2026-07-05T16:07:27.377+0000] {dag.py:3118} INFO - Creating ORM DAG for example_subdag_operator.section-1
[2026-07-05T16:07:27.379+0000] {logging_mixin.py:188} INFO - [2026-07-05T16:07:27.379+0000] {dag.py:3118} INFO - Creating ORM DAG for example_subdag_operator
[2026-07-05T16:07:27.381+0000] {logging_mixin.py:188} INFO - [2026-07-05T16:07:27.381+0000] {dag.py:3118} INFO - Creating ORM DAG for example_subdag_operator.section-2
[2026-07-05T16:07:27.412+0000] {logging_mixin.py:188} INFO - [2026-07-05T16:07:27.411+0000] {dag.py:3954} INFO - Setting next_dagrun for example_subdag_operator to 2022-01-01 00:00:00+00:00, run_after=2022-01-01 00:00:00+00:00
[2026-07-05T16:07:27.415+0000] {logging_mixin.py:188} INFO - [2026-07-05T16:07:27.414+0000] {dag.py:3954} INFO - Setting next_dagrun for example_subdag_operator.section-1 to None, run_after=None
[2026-07-05T16:07:27.416+0000] {logging_mixin.py:188} INFO - [2026-07-05T16:07:27.416+0000] {dag.py:3954} INFO - Setting next_dagrun for example_subdag_operator.section-2 to None, run_after=None
[2026-07-05T16:07:27.437+0000] {logging_mixin.py:188} INFO - [2026-07-05T16:07:27.437+0000] {dag.py:3096} INFO - Sync 2 DAGs
[2026-07-05T16:07:27.450+0000] {logging_mixin.py:188} INFO - [2026-07-05T16:07:27.450+0000] {dag.py:3954} INFO - Setting next_dagrun for example_subdag_operator.section-1 to None, run_after=None
[2026-07-05T16:07:27.459+0000] {logging_mixin.py:188} INFO - [2026-07-05T16:07:27.458+0000] {dag.py:3954} INFO - Setting next_dagrun for example_subdag_operator.section-2 to None, run_after=None
[2026-07-05T16:07:27.489+0000] {processor.py:183} INFO - Processing /home/airflow/.local/lib/python3.11/site-packages/airflow/example_dags/example_subdag_operator.py took 0.672 seconds
[2026-07-05T16:07:58.435+0000] {processor.py:161} INFO - Started process (PID=132) to work on /home/airflow/.local/lib/python3.11/site-packages/airflow/example_dags/example_subdag_operator.py
[2026-07-05T16:07:58.436+0000] {processor.py:830} INFO - Processing file /home/airflow/.local/lib/python3.11/site-packages/airflow/example_dags/example_subdag_operator.py for tasks to queue
[2026-07-05T16:07:58.438+0000] {logging_mixin.py:188} INFO - [2026-07-05T16:07:58.437+0000] {dagbag.py:545} INFO - Filling up the DagBag from /home/airflow/.local/lib/python3.11/site-packages/airflow/example_dags/example_subdag_operator.py
[2026-07-05T16:07:58.462+0000] {processor.py:840} INFO - DAG(s) 'example_subdag_operator.section-1', 'example_subdag_operator.section-2', 'example_subdag_operator' retrieved from /home/airflow/.local/lib/python3.11/site-packages/airflow/example_dags/example_subdag_operator.py
[2026-07-05T16:07:58.476+0000] {logging_mixin.py:188} INFO - [2026-07-05T16:07:58.476+0000] {dag.py:3096} INFO - Sync 3 DAGs
[2026-07-05T16:07:58.496+0000] {logging_mixin.py:188} INFO - [2026-07-05T16:07:58.496+0000] {dag.py:3954} INFO - Setting next_dagrun for example_subdag_operator to 2022-01-01 00:00:00+00:00, run_after=2022-01-01 00:00:00+00:00
[2026-07-05T16:07:58.500+0000] {logging_mixin.py:188} INFO - [2026-07-05T16:07:58.500+0000] {dag.py:3954} INFO - Setting next_dagrun for example_subdag_operator.section-1 to None, run_after=None
[2026-07-05T16:07:58.502+0000] {logging_mixin.py:188} INFO - [2026-07-05T16:07:58.501+0000] {dag.py:3954} INFO - Setting next_dagrun for example_subdag_operator.section-2 to None, run_after=None
[2026-07-05T16:07:58.509+0000] {logging_mixin.py:188} INFO - [2026-07-05T16:07:58.509+0000] {dag.py:3096} INFO - Sync 2 DAGs
[2026-07-05T16:07:58.514+0000] {logging_mixin.py:188} INFO - [2026-07-05T16:07:58.514+0000] {dag.py:3954} INFO - Setting next_dagrun for example_subdag_operator.section-1 to None, run_after=None
[2026-07-05T16:07:58.515+0000] {logging_mixin.py:188} INFO - [2026-07-05T16:07:58.514+0000] {dag.py:3954} INFO - Setting next_dagrun for example_subdag_operator.section-2 to None, run_after=None
[2026-07-05T16:07:58.526+0000] {processor.py:183} INFO - Processing /home/airflow/.local/lib/python3.11/site-packages/airflow/example_dags/example_subdag_operator.py took 0.097 seconds
[2026-07-05T16:08:28.975+0000] {processor.py:161} INFO - Started process (PID=190) to work on /home/airflow/.local/lib/python3.11/site-packages/airflow/example_dags/example_subdag_operator.py
[2026-07-05T16:08:28.977+0000] {processor.py:830} INFO - Processing file /home/airflow/.local/lib/python3.11/site-packages/airflow/example_dags/example_subdag_operator.py for tasks to queue
[2026-07-05T16:08:28.979+0000] {logging_mixin.py:188} INFO - [2026-07-05T16:08:28.979+0000] {dagbag.py:545} INFO - Filling up the DagBag from /home/airflow/.local/lib/python3.11/site-packages/airflow/example_dags/example_subdag_operator.py
[2026-07-05T16:08:29.014+0000] {processor.py:840} INFO - DAG(s) 'example_subdag_operator.section-1', 'example_subdag_operator.section-2', 'example_subdag_operator' retrieved from /home/airflow/.local/lib/python3.11/site-packages/airflow/example_dags/example_subdag_operator.py
[2026-07-05T16:08:29.034+0000] {logging_mixin.py:188} INFO - [2026-07-05T16:08:29.034+0000] {dag.py:3096} INFO - Sync 3 DAGs
[2026-07-05T16:08:29.061+0000] {logging_mixin.py:188} INFO - [2026-07-05T16:08:29.061+0000] {dag.py:3954} INFO - Setting next_dagrun for example_subdag_operator to 2022-01-01 00:00:00+00:00, run_after=2022-01-01 00:00:00+00:00
[2026-07-05T16:08:29.066+0000] {logging_mixin.py:188} INFO - [2026-07-05T16:08:29.066+0000] {dag.py:3954} INFO - Setting next_dagrun for example_subdag_operator.section-1 to None, run_after=None
[2026-07-05T16:08:29.068+0000] {logging_mixin.py:188} INFO - [2026-07-05T16:08:29.067+0000] {dag.py:3954} INFO - Setting next_dagrun for example_subdag_operator.section-2 to None, run_after=None
[2026-07-05T16:08:29.079+0000] {logging_mixin.py:188} INFO - [2026-07-05T16:08:29.079+0000] {dag.py:3096} INFO - Sync 2 DAGs
[2026-07-05T16:08:29.087+0000] {logging_mixin.py:188} INFO - [2026-07-05T16:08:29.087+0000] {dag.py:3954} INFO - Setting next_dagrun for example_subdag_operator.section-1 to None, run_after=None
[2026-07-05T16:08:29.089+0000] {logging_mixin.py:188} INFO - [2026-07-05T16:08:29.088+0000] {dag.py:3954} INFO - Setting next_dagrun for example_subdag_operator.section-2 to None, run_after=None
[2026-07-05T16:08:29.104+0000] {processor.py:183} INFO - Processing /home/airflow/.local/lib/python3.11/site-packages/airflow/example_dags/example_subdag_operator.py took 0.138 seconds
[2026-07-05T16:08:59.200+0000] {processor.py:161} INFO - Started process (PID=248) to work on /home/airflow/.local/lib/python3.11/site-packages/airflow/example_dags/example_subdag_operator.py
[2026-07-05T16:08:59.201+0000] {processor.py:830} INFO - Processing file /home/airflow/.local/lib/python3.11/site-packages/airflow/example_dags/example_subdag_operator.py for tasks to queue
[2026-07-05T16:08:59.205+0000] {logging_mixin.py:188} INFO - [2026-07-05T16:08:59.204+0000] {dagbag.py:545} INFO - Filling up the DagBag from /home/airflow/.local/lib/python3.11/site-packages/airflow/example_dags/example_subdag_operator.py
[2026-07-05T16:08:59.243+0000] {processor.py:840} INFO - DAG(s) 'example_subdag_operator.section-1', 'example_subdag_operator.section-2', 'example_subdag_operator' retrieved from /home/airflow/.local/lib/python3.11/site-packages/airflow/example_dags/example_subdag_operator.py
[2026-07-05T16:08:59.268+0000] {logging_mixin.py:188} INFO - [2026-07-05T16:08:59.268+0000] {dag.py:3096} INFO - Sync 3 DAGs
[2026-07-05T16:08:59.298+0000] {logging_mixin.py:188} INFO - [2026-07-05T16:08:59.298+0000] {dag.py:3954} INFO - Setting next_dagrun for example_subdag_operator to 2022-01-01 00:00:00+00:00, run_after=2022-01-01 00:00:00+00:00
[2026-07-05T16:08:59.304+0000] {logging_mixin.py:188} INFO - [2026-07-05T16:08:59.303+0000] {dag.py:3954} INFO - Setting next_dagrun for example_subdag_operator.section-1 to None, run_after=None
[2026-07-05T16:08:59.306+0000] {logging_mixin.py:188} INFO - [2026-07-05T16:08:59.306+0000] {dag.py:3954} INFO - Setting next_dagrun for example_subdag_operator.section-2 to None, run_after=None
[2026-07-05T16:08:59.316+0000] {logging_mixin.py:188} INFO - [2026-07-05T16:08:59.315+0000] {dag.py:3096} INFO - Sync 2 DAGs
[2026-07-05T16:08:59.321+0000] {logging_mixin.py:188} INFO - [2026-07-05T16:08:59.321+0000] {dag.py:3954} INFO - Setting next_dagrun for example_subdag_operator.section-1 to None, run_after=None
[2026-07-05T16:08:59.324+0000] {logging_mixin.py:188} INFO - [2026-07-05T16:08:59.324+0000] {dag.py:3954} INFO - Setting next_dagrun for example_subdag_operator.section-2 to None, run_after=None
[2026-07-05T16:08:59.339+0000] {processor.py:183} INFO - Processing /home/airflow/.local/lib/python3.11/site-packages/airflow/example_dags/example_subdag_operator.py took 0.147 seconds
[2026-07-05T16:09:29.404+0000] {processor.py:161} INFO - Started process (PID=306) to work on /home/airflow/.local/lib/python3.11/site-packages/airflow/example_dags/example_subdag_operator.py
[2026-07-05T16:09:29.405+0000] {processor.py:830} INFO - Processing file /home/airflow/.local/lib/python3.11/site-packages/airflow/example_dags/example_subdag_operator.py for tasks to queue
[2026-07-05T16:09:29.407+0000] {logging_mixin.py:188} INFO - [2026-07-05T16:09:29.407+0000] {dagbag.py:545} INFO - Filling up the DagBag from /home/airflow/.local/lib/python3.11/site-packages/airflow/example_dags/example_subdag_operator.py
[2026-07-05T16:09:29.431+0000] {processor.py:840} INFO - DAG(s) 'example_subdag_operator.section-1', 'example_subdag_operator.section-2', 'example_subdag_operator' retrieved from /home/airflow/.local/lib/python3.11/site-packages/airflow/example_dags/example_subdag_operator.py
[2026-07-05T16:09:29.435+0000] {logging_mixin.py:188} INFO - [2026-07-05T16:09:29.434+0000] {dag.py:3096} INFO - Sync 3 DAGs
[2026-07-05T16:09:29.453+0000] {logging_mixin.py:188} INFO - [2026-07-05T16:09:29.453+0000] {dag.py:3954} INFO - Setting next_dagrun for example_subdag_operator to 2022-01-01 00:00:00+00:00, run_after=2022-01-01 00:00:00+00:00
[2026-07-05T16:09:29.457+0000] {logging_mixin.py:188} INFO - [2026-07-05T16:09:29.457+0000] {dag.py:3954} INFO - Setting next_dagrun for example_subdag_operator.section-1 to None, run_after=None
[2026-07-05T16:09:29.459+0000] {logging_mixin.py:188} INFO - [2026-07-05T16:09:29.458+0000] {dag.py:3954} INFO - Setting next_dagrun for example_subdag_operator.section-2 to None, run_after=None
[2026-07-05T16:09:29.465+0000] {logging_mixin.py:188} INFO - [2026-07-05T16:09:29.465+0000] {dag.py:3096} INFO - Sync 2 DAGs
[2026-07-05T16:09:29.470+0000] {logging_mixin.py:188} INFO - [2026-07-05T16:09:29.470+0000] {dag.py:3954} INFO - Setting next_dagrun for example_subdag_operator.section-1 to None, run_after=None
[2026-07-05T16:09:29.471+0000] {logging_mixin.py:188} INFO - [2026-07-05T16:09:29.471+0000] {dag.py:3954} INFO - Setting next_dagrun for example_subdag_operator.section-2 to None, run_after=None
[2026-07-05T16:09:29.483+0000] {processor.py:183} INFO - Processing /home/airflow/.local/lib/python3.11/site-packages/airflow/example_dags/example_subdag_operator.py took 0.085 seconds
[2026-07-05T16:10:10.793+0000] {processor.py:161} INFO - Started process (PID=63) to work on /home/airflow/.local/lib/python3.11/site-packages/airflow/example_dags/example_subdag_operator.py
[2026-07-05T16:10:10.808+0000] {processor.py:830} INFO - Processing file /home/airflow/.local/lib/python3.11/site-packages/airflow/example_dags/example_subdag_operator.py for tasks to queue
[2026-07-05T16:10:10.817+0000] {logging_mixin.py:188} INFO - [2026-07-05T16:10:10.816+0000] {dagbag.py:545} INFO - Filling up the DagBag from /home/airflow/.local/lib/python3.11/site-packages/airflow/example_dags/example_subdag_operator.py
[2026-07-05T16:10:10.910+0000] {processor.py:840} INFO - DAG(s) 'example_subdag_operator.section-1', 'example_subdag_operator.section-2', 'example_subdag_operator' retrieved from /home/airflow/.local/lib/python3.11/site-packages/airflow/example_dags/example_subdag_operator.py
[2026-07-05T16:10:10.920+0000] {logging_mixin.py:188} INFO - [2026-07-05T16:10:10.919+0000] {dag.py:3096} INFO - Sync 3 DAGs
[2026-07-05T16:10:11.283+0000] {logging_mixin.py:188} INFO - [2026-07-05T16:10:11.282+0000] {dag.py:3954} INFO - Setting next_dagrun for example_subdag_operator to 2022-01-01 00:00:00+00:00, run_after=2022-01-01 00:00:00+00:00
[2026-07-05T16:10:11.310+0000] {logging_mixin.py:188} INFO - [2026-07-05T16:10:11.302+0000] {dag.py:3954} INFO - Setting next_dagrun for example_subdag_operator.section-1 to None, run_after=None
[2026-07-05T16:10:11.316+0000] {logging_mixin.py:188} INFO - [2026-07-05T16:10:11.315+0000] {dag.py:3954} INFO - Setting next_dagrun for example_subdag_operator.section-2 to None, run_after=None
[2026-07-05T16:10:11.334+0000] {logging_mixin.py:188} INFO - [2026-07-05T16:10:11.326+0000] {dag.py:3096} INFO - Sync 2 DAGs
[2026-07-05T16:10:11.353+0000] {logging_mixin.py:188} INFO - [2026-07-05T16:10:11.353+0000] {dag.py:3954} INFO - Setting next_dagrun for example_subdag_operator.section-1 to None, run_after=None
[2026-07-05T16:10:11.354+0000] {logging_mixin.py:188} INFO - [2026-07-05T16:10:11.354+0000] {dag.py:3954} INFO - Setting next_dagrun for example_subdag_operator.section-2 to None, run_after=None
[2026-07-05T16:10:11.377+0000] {processor.py:183} INFO - Processing /home/airflow/.local/lib/python3.11/site-packages/airflow/example_dags/example_subdag_operator.py took 0.604 seconds
[2026-07-05T16:10:41.637+0000] {processor.py:161} INFO - Started process (PID=121) to work on /home/airflow/.local/lib/python3.11/site-packages/airflow/example_dags/example_subdag_operator.py
[2026-07-05T16:10:41.640+0000] {processor.py:830} INFO - Processing file /home/airflow/.local/lib/python3.11/site-packages/airflow/example_dags/example_subdag_operator.py for tasks to queue
[2026-07-05T16:10:41.646+0000] {logging_mixin.py:188} INFO - [2026-07-05T16:10:41.645+0000] {dagbag.py:545} INFO - Filling up the DagBag from /home/airflow/.local/lib/python3.11/site-packages/airflow/example_dags/example_subdag_operator.py
[2026-07-05T16:10:41.681+0000] {processor.py:840} INFO - DAG(s) 'example_subdag_operator.section-1', 'example_subdag_operator.section-2', 'example_subdag_operator' retrieved from /home/airflow/.local/lib/python3.11/site-packages/airflow/example_dags/example_subdag_operator.py
[2026-07-05T16:10:41.811+0000] {logging_mixin.py:188} INFO - [2026-07-05T16:10:41.811+0000] {dag.py:3096} INFO - Sync 3 DAGs
[2026-07-05T16:10:41.847+0000] {logging_mixin.py:188} INFO - [2026-07-05T16:10:41.847+0000] {dag.py:3954} INFO - Setting next_dagrun for example_subdag_operator to 2022-01-01 00:00:00+00:00, run_after=2022-01-01 00:00:00+00:00
[2026-07-05T16:10:41.852+0000] {logging_mixin.py:188} INFO - [2026-07-05T16:10:41.852+0000] {dag.py:3954} INFO - Setting next_dagrun for example_subdag_operator.section-1 to None, run_after=None
[2026-07-05T16:10:41.855+0000] {logging_mixin.py:188} INFO - [2026-07-05T16:10:41.855+0000] {dag.py:3954} INFO - Setting next_dagrun for example_subdag_operator.section-2 to None, run_after=None
[2026-07-05T16:10:41.867+0000] {logging_mixin.py:188} INFO - [2026-07-05T16:10:41.867+0000] {dag.py:3096} INFO - Sync 2 DAGs
[2026-07-05T16:10:41.878+0000] {logging_mixin.py:188} INFO - [2026-07-05T16:10:41.878+0000] {dag.py:3954} INFO - Setting next_dagrun for example_subdag_operator.section-1 to None, run_after=None
[2026-07-05T16:10:41.879+0000] {logging_mixin.py:188} INFO - [2026-07-05T16:10:41.879+0000] {dag.py:3954} INFO - Setting next_dagrun for example_subdag_operator.section-2 to None, run_after=None
[2026-07-05T16:10:41.894+0000] {processor.py:183} INFO - Processing /home/airflow/.local/lib/python3.11/site-packages/airflow/example_dags/example_subdag_operator.py took 0.266 seconds
[2026-07-05T16:11:12.212+0000] {processor.py:161} INFO - Started process (PID=180) to work on /home/airflow/.local/lib/python3.11/site-packages/airflow/example_dags/example_subdag_operator.py
[2026-07-05T16:11:12.213+0000] {processor.py:830} INFO - Processing file /home/airflow/.local/lib/python3.11/site-packages/airflow/example_dags/example_subdag_operator.py for tasks to queue
[2026-07-05T16:11:12.215+0000] {logging_mixin.py:188} INFO - [2026-07-05T16:11:12.215+0000] {dagbag.py:545} INFO - Filling up the DagBag from /home/airflow/.local/lib/python3.11/site-packages/airflow/example_dags/example_subdag_operator.py
[2026-07-05T16:11:12.240+0000] {processor.py:840} INFO - DAG(s) 'example_subdag_operator.section-1', 'example_subdag_operator.section-2', 'example_subdag_operator' retrieved from /home/airflow/.local/lib/python3.11/site-packages/airflow/example_dags/example_subdag_operator.py
[2026-07-05T16:11:12.258+0000] {logging_mixin.py:188} INFO - [2026-07-05T16:11:12.258+0000] {dag.py:3096} INFO - Sync 3 DAGs
[2026-07-05T16:11:12.285+0000] {logging_mixin.py:188} INFO - [2026-07-05T16:11:12.285+0000] {dag.py:3954} INFO - Setting next_dagrun for example_subdag_operator to 2022-01-01 00:00:00+00:00, run_after=2022-01-01 00:00:00+00:00
[2026-07-05T16:11:12.289+0000] {logging_mixin.py:188} INFO - [2026-07-05T16:11:12.288+0000] {dag.py:3954} INFO - Setting next_dagrun for example_subdag_operator.section-1 to None, run_after=None
[2026-07-05T16:11:12.292+0000] {logging_mixin.py:188} INFO - [2026-07-05T16:11:12.292+0000] {dag.py:3954} INFO - Setting next_dagrun for example_subdag_operator.section-2 to None, run_after=None
[2026-07-05T16:11:12.300+0000] {logging_mixin.py:188} INFO - [2026-07-05T16:11:12.300+0000] {dag.py:3096} INFO - Sync 2 DAGs
[2026-07-05T16:11:12.306+0000] {logging_mixin.py:188} INFO - [2026-07-05T16:11:12.306+0000] {dag.py:3954} INFO - Setting next_dagrun for example_subdag_operator.section-1 to None, run_after=None
[2026-07-05T16:11:12.307+0000] {logging_mixin.py:188} INFO - [2026-07-05T16:11:12.306+0000] {dag.py:3954} INFO - Setting next_dagrun for example_subdag_operator.section-2 to None, run_after=None
[2026-07-05T16:11:12.318+0000] {processor.py:183} INFO - Processing /home/airflow/.local/lib/python3.11/site-packages/airflow/example_dags/example_subdag_operator.py took 0.111 seconds
[2026-07-05T16:11:42.561+0000] {processor.py:161} INFO - Started process (PID=244) to work on /home/airflow/.local/lib/python3.11/site-packages/airflow/example_dags/example_subdag_operator.py
[2026-07-05T16:11:42.562+0000] {processor.py:830} INFO - Processing file /home/airflow/.local/lib/python3.11/site-packages/airflow/example_dags/example_subdag_operator.py for tasks to queue
[2026-07-05T16:11:42.564+0000] {logging_mixin.py:188} INFO - [2026-07-05T16:11:42.564+0000] {dagbag.py:545} INFO - Filling up the DagBag from /home/airflow/.local/lib/python3.11/site-packages/airflow/example_dags/example_subdag_operator.py
[2026-07-05T16:11:42.588+0000] {processor.py:840} INFO - DAG(s) 'example_subdag_operator.section-1', 'example_subdag_operator.section-2', 'example_subdag_operator' retrieved from /home/airflow/.local/lib/python3.11/site-packages/airflow/example_dags/example_subdag_operator.py
[2026-07-05T16:11:42.602+0000] {logging_mixin.py:188} INFO - [2026-07-05T16:11:42.602+0000] {dag.py:3096} INFO - Sync 3 DAGs
[2026-07-05T16:11:42.621+0000] {logging_mixin.py:188} INFO - [2026-07-05T16:11:42.621+0000] {dag.py:3954} INFO - Setting next_dagrun for example_subdag_operator to 2022-01-01 00:00:00+00:00, run_after=2022-01-01 00:00:00+00:00
[2026-07-05T16:11:42.625+0000] {logging_mixin.py:188} INFO - [2026-07-05T16:11:42.625+0000] {dag.py:3954} INFO - Setting next_dagrun for example_subdag_operator.section-1 to None, run_after=None
[2026-07-05T16:11:42.627+0000] {logging_mixin.py:188} INFO - [2026-07-05T16:11:42.627+0000] {dag.py:3954} INFO - Setting next_dagrun for example_subdag_operator.section-2 to None, run_after=None
[2026-07-05T16:11:42.635+0000] {logging_mixin.py:188} INFO - [2026-07-05T16:11:42.635+0000] {dag.py:3096} INFO - Sync 2 DAGs
[2026-07-05T16:11:42.641+0000] {logging_mixin.py:188} INFO - [2026-07-05T16:11:42.640+0000] {dag.py:3954} INFO - Setting next_dagrun for example_subdag_operator.section-1 to None, run_after=None
[2026-07-05T16:11:42.641+0000] {logging_mixin.py:188} INFO - [2026-07-05T16:11:42.641+0000] {dag.py:3954} INFO - Setting next_dagrun for example_subdag_operator.section-2 to None, run_after=None
[2026-07-05T16:11:42.656+0000] {processor.py:183} INFO - Processing /home/airflow/.local/lib/python3.11/site-packages/airflow/example_dags/example_subdag_operator.py took 0.101 seconds
[2026-07-05T16:12:13.460+0000] {processor.py:161} INFO - Started process (PID=302) to work on /home/airflow/.local/lib/python3.11/site-packages/airflow/example_dags/example_subdag_operator.py
[2026-07-05T16:12:13.463+0000] {processor.py:830} INFO - Processing file /home/airflow/.local/lib/python3.11/site-packages/airflow/example_dags/example_subdag_operator.py for tasks to queue
[2026-07-05T16:12:13.467+0000] {logging_mixin.py:188} INFO - [2026-07-05T16:12:13.466+0000] {dagbag.py:545} INFO - Filling up the DagBag from /home/airflow/.local/lib/python3.11/site-packages/airflow/example_dags/example_subdag_operator.py
[2026-07-05T16:12:13.520+0000] {processor.py:840} INFO - DAG(s) 'example_subdag_operator.section-1', 'example_subdag_operator.section-2', 'example_subdag_operator' retrieved from /home/airflow/.local/lib/python3.11/site-packages/airflow/example_dags/example_subdag_operator.py
[2026-07-05T16:12:13.527+0000] {logging_mixin.py:188} INFO - [2026-07-05T16:12:13.526+0000] {dag.py:3096} INFO - Sync 3 DAGs
[2026-07-05T16:12:13.575+0000] {logging_mixin.py:188} INFO - [2026-07-05T16:12:13.575+0000] {dag.py:3954} INFO - Setting next_dagrun for example_subdag_operator to 2022-01-01 00:00:00+00:00, run_after=2022-01-01 00:00:00+00:00
[2026-07-05T16:12:13.582+0000] {logging_mixin.py:188} INFO - [2026-07-05T16:12:13.582+0000] {dag.py:3954} INFO - Setting next_dagrun for example_subdag_operator.section-1 to None, run_after=None
[2026-07-05T16:12:13.586+0000] {logging_mixin.py:188} INFO - [2026-07-05T16:12:13.585+0000] {dag.py:3954} INFO - Setting next_dagrun for example_subdag_operator.section-2 to None, run_after=None
[2026-07-05T16:12:13.606+0000] {logging_mixin.py:188} INFO - [2026-07-05T16:12:13.605+0000] {dag.py:3096} INFO - Sync 2 DAGs
[2026-07-05T16:12:13.616+0000] {logging_mixin.py:188} INFO - [2026-07-05T16:12:13.616+0000] {dag.py:3954} INFO - Setting next_dagrun for example_subdag_operator.section-1 to None, run_after=None
[2026-07-05T16:12:13.617+0000] {logging_mixin.py:188} INFO - [2026-07-05T16:12:13.617+0000] {dag.py:3954} INFO - Setting next_dagrun for example_subdag_operator.section-2 to None, run_after=None
[2026-07-05T16:12:13.646+0000] {processor.py:183} INFO - Processing /home/airflow/.local/lib/python3.11/site-packages/airflow/example_dags/example_subdag_operator.py took 0.204 seconds
[2026-07-05T16:12:43.969+0000] {processor.py:161} INFO - Started process (PID=361) to work on /home/airflow/.local/lib/python3.11/site-packages/airflow/example_dags/example_subdag_operator.py
[2026-07-05T16:12:43.970+0000] {processor.py:830} INFO - Processing file /home/airflow/.local/lib/python3.11/site-packages/airflow/example_dags/example_subdag_operator.py for tasks to queue
[2026-07-05T16:12:43.972+0000] {logging_mixin.py:188} INFO - [2026-07-05T16:12:43.972+0000] {dagbag.py:545} INFO - Filling up the DagBag from /home/airflow/.local/lib/python3.11/site-packages/airflow/example_dags/example_subdag_operator.py
[2026-07-05T16:12:44.002+0000] {processor.py:840} INFO - DAG(s) 'example_subdag_operator.section-1', 'example_subdag_operator.section-2', 'example_subdag_operator' retrieved from /home/airflow/.local/lib/python3.11/site-packages/airflow/example_dags/example_subdag_operator.py
[2026-07-05T16:12:44.134+0000] {logging_mixin.py:188} INFO - [2026-07-05T16:12:44.133+0000] {dag.py:3096} INFO - Sync 3 DAGs
[2026-07-05T16:12:44.161+0000] {logging_mixin.py:188} INFO - [2026-07-05T16:12:44.160+0000] {dag.py:3954} INFO - Setting next_dagrun for example_subdag_operator to 2022-01-01 00:00:00+00:00, run_after=2022-01-01 00:00:00+00:00
[2026-07-05T16:12:44.165+0000] {logging_mixin.py:188} INFO - [2026-07-05T16:12:44.164+0000] {dag.py:3954} INFO - Setting next_dagrun for example_subdag_operator.section-1 to None, run_after=None
[2026-07-05T16:12:44.166+0000] {logging_mixin.py:188} INFO - [2026-07-05T16:12:44.166+0000] {dag.py:3954} INFO - Setting next_dagrun for example_subdag_operator.section-2 to None, run_after=None
[2026-07-05T16:12:44.180+0000] {logging_mixin.py:188} INFO - [2026-07-05T16:12:44.179+0000] {dag.py:3096} INFO - Sync 2 DAGs
[2026-07-05T16:12:44.187+0000] {logging_mixin.py:188} INFO - [2026-07-05T16:12:44.186+0000] {dag.py:3954} INFO - Setting next_dagrun for example_subdag_operator.section-1 to None, run_after=None
[2026-07-05T16:12:44.189+0000] {logging_mixin.py:188} INFO - [2026-07-05T16:12:44.189+0000] {dag.py:3954} INFO - Setting next_dagrun for example_subdag_operator.section-2 to None, run_after=None
[2026-07-05T16:12:44.202+0000] {processor.py:183} INFO - Processing /home/airflow/.local/lib/python3.11/site-packages/airflow/example_dags/example_subdag_operator.py took 0.243 seconds
[2026-07-05T16:13:14.247+0000] {processor.py:161} INFO - Started process (PID=419) to work on /home/airflow/.local/lib/python3.11/site-packages/airflow/example_dags/example_subdag_operator.py
[2026-07-05T16:13:14.248+0000] {processor.py:830} INFO - Processing file /home/airflow/.local/lib/python3.11/site-packages/airflow/example_dags/example_subdag_operator.py for tasks to queue
[2026-07-05T16:13:14.250+0000] {logging_mixin.py:188} INFO - [2026-07-05T16:13:14.250+0000] {dagbag.py:545} INFO - Filling up the DagBag from /home/airflow/.local/lib/python3.11/site-packages/airflow/example_dags/example_subdag_operator.py
[2026-07-05T16:13:14.275+0000] {processor.py:840} INFO - DAG(s) 'example_subdag_operator.section-1', 'example_subdag_operator.section-2', 'example_subdag_operator' retrieved from /home/airflow/.local/lib/python3.11/site-packages/airflow/example_dags/example_subdag_operator.py
[2026-07-05T16:13:14.293+0000] {logging_mixin.py:188} INFO - [2026-07-05T16:13:14.292+0000] {dag.py:3096} INFO - Sync 3 DAGs
[2026-07-05T16:13:14.316+0000] {logging_mixin.py:188} INFO - [2026-07-05T16:13:14.316+0000] {dag.py:3954} INFO - Setting next_dagrun for example_subdag_operator to 2022-01-01 00:00:00+00:00, run_after=2022-01-01 00:00:00+00:00
[2026-07-05T16:13:14.321+0000] {logging_mixin.py:188} INFO - [2026-07-05T16:13:14.320+0000] {dag.py:3954} INFO - Setting next_dagrun for example_subdag_operator.section-1 to None, run_after=None
[2026-07-05T16:13:14.323+0000] {logging_mixin.py:188} INFO - [2026-07-05T16:13:14.322+0000] {dag.py:3954} INFO - Setting next_dagrun for example_subdag_operator.section-2 to None, run_after=None
[2026-07-05T16:13:14.330+0000] {logging_mixin.py:188} INFO - [2026-07-05T16:13:14.330+0000] {dag.py:3096} INFO - Sync 2 DAGs
[2026-07-05T16:13:14.334+0000] {logging_mixin.py:188} INFO - [2026-07-05T16:13:14.334+0000] {dag.py:3954} INFO - Setting next_dagrun for example_subdag_operator.section-1 to None, run_after=None
[2026-07-05T16:13:14.335+0000] {logging_mixin.py:188} INFO - [2026-07-05T16:13:14.335+0000] {dag.py:3954} INFO - Setting next_dagrun for example_subdag_operator.section-2 to None, run_after=None
[2026-07-05T16:13:14.347+0000] {processor.py:183} INFO - Processing /home/airflow/.local/lib/python3.11/site-packages/airflow/example_dags/example_subdag_operator.py took 0.107 seconds
[2026-07-05T16:13:44.813+0000] {processor.py:161} INFO - Started process (PID=477) to work on /home/airflow/.local/lib/python3.11/site-packages/airflow/example_dags/example_subdag_operator.py
[2026-07-05T16:13:44.814+0000] {processor.py:830} INFO - Processing file /home/airflow/.local/lib/python3.11/site-packages/airflow/example_dags/example_subdag_operator.py for tasks to queue
[2026-07-05T16:13:44.817+0000] {logging_mixin.py:188} INFO - [2026-07-05T16:13:44.816+0000] {dagbag.py:545} INFO - Filling up the DagBag from /home/airflow/.local/lib/python3.11/site-packages/airflow/example_dags/example_subdag_operator.py
[2026-07-05T16:13:44.847+0000] {processor.py:840} INFO - DAG(s) 'example_subdag_operator.section-1', 'example_subdag_operator.section-2', 'example_subdag_operator' retrieved from /home/airflow/.local/lib/python3.11/site-packages/airflow/example_dags/example_subdag_operator.py
[2026-07-05T16:13:44.861+0000] {logging_mixin.py:188} INFO - [2026-07-05T16:13:44.861+0000] {dag.py:3096} INFO - Sync 3 DAGs
[2026-07-05T16:13:44.886+0000] {logging_mixin.py:188} INFO - [2026-07-05T16:13:44.886+0000] {dag.py:3954} INFO - Setting next_dagrun for example_subdag_operator to 2022-01-01 00:00:00+00:00, run_after=2022-01-01 00:00:00+00:00
[2026-07-05T16:13:44.890+0000] {logging_mixin.py:188} INFO - [2026-07-05T16:13:44.890+0000] {dag.py:3954} INFO - Setting next_dagrun for example_subdag_operator.section-1 to None, run_after=None
[2026-07-05T16:13:44.892+0000] {logging_mixin.py:188} INFO - [2026-07-05T16:13:44.891+0000] {dag.py:3954} INFO - Setting next_dagrun for example_subdag_operator.section-2 to None, run_after=None
[2026-07-05T16:13:44.901+0000] {logging_mixin.py:188} INFO - [2026-07-05T16:13:44.901+0000] {dag.py:3096} INFO - Sync 2 DAGs
[2026-07-05T16:13:44.907+0000] {logging_mixin.py:188} INFO - [2026-07-05T16:13:44.906+0000] {dag.py:3954} INFO - Setting next_dagrun for example_subdag_operator.section-1 to None, run_after=None
[2026-07-05T16:13:44.907+0000] {logging_mixin.py:188} INFO - [2026-07-05T16:13:44.907+0000] {dag.py:3954} INFO - Setting next_dagrun for example_subdag_operator.section-2 to None, run_after=None
[2026-07-05T16:13:44.918+0000] {processor.py:183} INFO - Processing /home/airflow/.local/lib/python3.11/site-packages/airflow/example_dags/example_subdag_operator.py took 0.113 seconds
[2026-07-05T16:14:15.051+0000] {processor.py:161} INFO - Started process (PID=535) to work on /home/airflow/.local/lib/python3.11/site-packages/airflow/example_dags/example_subdag_operator.py
[2026-07-05T16:14:15.052+0000] {processor.py:830} INFO - Processing file /home/airflow/.local/lib/python3.11/site-packages/airflow/example_dags/example_subdag_operator.py for tasks to queue
[2026-07-05T16:14:15.055+0000] {logging_mixin.py:188} INFO - [2026-07-05T16:14:15.054+0000] {dagbag.py:545} INFO - Filling up the DagBag from /home/airflow/.local/lib/python3.11/site-packages/airflow/example_dags/example_subdag_operator.py
[2026-07-05T16:14:15.082+0000] {processor.py:840} INFO - DAG(s) 'example_subdag_operator.section-1', 'example_subdag_operator.section-2', 'example_subdag_operator' retrieved from /home/airflow/.local/lib/python3.11/site-packages/airflow/example_dags/example_subdag_operator.py
[2026-07-05T16:14:15.097+0000] {logging_mixin.py:188} INFO - [2026-07-05T16:14:15.097+0000] {dag.py:3096} INFO - Sync 3 DAGs
[2026-07-05T16:14:15.120+0000] {logging_mixin.py:188} INFO - [2026-07-05T16:14:15.120+0000] {dag.py:3954} INFO - Setting next_dagrun for example_subdag_operator to 2022-01-01 00:00:00+00:00, run_after=2022-01-01 00:00:00+00:00
[2026-07-05T16:14:15.125+0000] {logging_mixin.py:188} INFO - [2026-07-05T16:14:15.124+0000] {dag.py:3954} INFO - Setting next_dagrun for example_subdag_operator.section-1 to None, run_after=None
[2026-07-05T16:14:15.127+0000] {logging_mixin.py:188} INFO - [2026-07-05T16:14:15.127+0000] {dag.py:3954} INFO - Setting next_dagrun for example_subdag_operator.section-2 to None, run_after=None
[2026-07-05T16:14:15.135+0000] {logging_mixin.py:188} INFO - [2026-07-05T16:14:15.135+0000] {dag.py:3096} INFO - Sync 2 DAGs
[2026-07-05T16:14:15.142+0000] {logging_mixin.py:188} INFO - [2026-07-05T16:14:15.142+0000] {dag.py:3954} INFO - Setting next_dagrun for example_subdag_operator.section-1 to None, run_after=None
[2026-07-05T16:14:15.143+0000] {logging_mixin.py:188} INFO - [2026-07-05T16:14:15.143+0000] {dag.py:3954} INFO - Setting next_dagrun for example_subdag_operator.section-2 to None, run_after=None
[2026-07-05T16:14:15.158+0000] {processor.py:183} INFO - Processing /home/airflow/.local/lib/python3.11/site-packages/airflow/example_dags/example_subdag_operator.py took 0.113 seconds
[2026-07-05T16:14:45.286+0000] {processor.py:161} INFO - Started process (PID=593) to work on /home/airflow/.local/lib/python3.11/site-packages/airflow/example_dags/example_subdag_operator.py
[2026-07-05T16:14:45.287+0000] {processor.py:830} INFO - Processing file /home/airflow/.local/lib/python3.11/site-packages/airflow/example_dags/example_subdag_operator.py for tasks to queue
[2026-07-05T16:14:45.290+0000] {logging_mixin.py:188} INFO - [2026-07-05T16:14:45.289+0000] {dagbag.py:545} INFO - Filling up the DagBag from /home/airflow/.local/lib/python3.11/site-packages/airflow/example_dags/example_subdag_operator.py
[2026-07-05T16:14:45.322+0000] {processor.py:840} INFO - DAG(s) 'example_subdag_operator.section-1', 'example_subdag_operator.section-2', 'example_subdag_operator' retrieved from /home/airflow/.local/lib/python3.11/site-packages/airflow/example_dags/example_subdag_operator.py
[2026-07-05T16:14:45.342+0000] {logging_mixin.py:188} INFO - [2026-07-05T16:14:45.342+0000] {dag.py:3096} INFO - Sync 3 DAGs
[2026-07-05T16:14:45.369+0000] {logging_mixin.py:188} INFO - [2026-07-05T16:14:45.369+0000] {dag.py:3954} INFO - Setting next_dagrun for example_subdag_operator to 2022-01-01 00:00:00+00:00, run_after=2022-01-01 00:00:00+00:00
[2026-07-05T16:14:45.374+0000] {logging_mixin.py:188} INFO - [2026-07-05T16:14:45.374+0000] {dag.py:3954} INFO - Setting next_dagrun for example_subdag_operator.section-1 to None, run_after=None
[2026-07-05T16:14:45.378+0000] {logging_mixin.py:188} INFO - [2026-07-05T16:14:45.377+0000] {dag.py:3954} INFO - Setting next_dagrun for example_subdag_operator.section-2 to None, run_after=None
[2026-07-05T16:14:45.388+0000] {logging_mixin.py:188} INFO - [2026-07-05T16:14:45.387+0000] {dag.py:3096} INFO - Sync 2 DAGs
[2026-07-05T16:14:45.395+0000] {logging_mixin.py:188} INFO - [2026-07-05T16:14:45.395+0000] {dag.py:3954} INFO - Setting next_dagrun for example_subdag_operator.section-1 to None, run_after=None
[2026-07-05T16:14:45.396+0000] {logging_mixin.py:188} INFO - [2026-07-05T16:14:45.396+0000] {dag.py:3954} INFO - Setting next_dagrun for example_subdag_operator.section-2 to None, run_after=None
[2026-07-05T16:14:45.410+0000] {processor.py:183} INFO - Processing /home/airflow/.local/lib/python3.11/site-packages/airflow/example_dags/example_subdag_operator.py took 0.130 seconds
[2026-07-05T16:15:15.487+0000] {processor.py:161} INFO - Started process (PID=651) to work on /home/airflow/.local/lib/python3.11/site-packages/airflow/example_dags/example_subdag_operator.py
[2026-07-05T16:15:15.488+0000] {processor.py:830} INFO - Processing file /home/airflow/.local/lib/python3.11/site-packages/airflow/example_dags/example_subdag_operator.py for tasks to queue
[2026-07-05T16:15:15.490+0000] {logging_mixin.py:188} INFO - [2026-07-05T16:15:15.490+0000] {dagbag.py:545} INFO - Filling up the DagBag from /home/airflow/.local/lib/python3.11/site-packages/airflow/example_dags/example_subdag_operator.py
[2026-07-05T16:15:15.514+0000] {processor.py:840} INFO - DAG(s) 'example_subdag_operator.section-1', 'example_subdag_operator.section-2', 'example_subdag_operator' retrieved from /home/airflow/.local/lib/python3.11/site-packages/airflow/example_dags/example_subdag_operator.py
[2026-07-05T16:15:15.528+0000] {logging_mixin.py:188} INFO - [2026-07-05T16:15:15.527+0000] {dag.py:3096} INFO - Sync 3 DAGs
[2026-07-05T16:15:15.545+0000] {logging_mixin.py:188} INFO - [2026-07-05T16:15:15.545+0000] {dag.py:3954} INFO - Setting next_dagrun for example_subdag_operator to 2022-01-01 00:00:00+00:00, run_after=2022-01-01 00:00:00+00:00
[2026-07-05T16:15:15.548+0000] {logging_mixin.py:188} INFO - [2026-07-05T16:15:15.548+0000] {dag.py:3954} INFO - Setting next_dagrun for example_subdag_operator.section-1 to None, run_after=None
[2026-07-05T16:15:15.550+0000] {logging_mixin.py:188} INFO - [2026-07-05T16:15:15.550+0000] {dag.py:3954} INFO - Setting next_dagrun for example_subdag_operator.section-2 to None, run_after=None
[2026-07-05T16:15:15.558+0000] {logging_mixin.py:188} INFO - [2026-07-05T16:15:15.557+0000] {dag.py:3096} INFO - Sync 2 DAGs
[2026-07-05T16:15:15.562+0000] {logging_mixin.py:188} INFO - [2026-07-05T16:15:15.562+0000] {dag.py:3954} INFO - Setting next_dagrun for example_subdag_operator.section-1 to None, run_after=None
[2026-07-05T16:15:15.562+0000] {logging_mixin.py:188} INFO - [2026-07-05T16:15:15.562+0000] {dag.py:3954} INFO - Setting next_dagrun for example_subdag_operator.section-2 to None, run_after=None
[2026-07-05T16:15:15.573+0000] {processor.py:183} INFO - Processing /home/airflow/.local/lib/python3.11/site-packages/airflow/example_dags/example_subdag_operator.py took 0.095 seconds
[2026-07-05T16:15:45.748+0000] {processor.py:161} INFO - Started process (PID=709) to work on /home/airflow/.local/lib/python3.11/site-packages/airflow/example_dags/example_subdag_operator.py
[2026-07-05T16:15:45.749+0000] {processor.py:830} INFO - Processing file /home/airflow/.local/lib/python3.11/site-packages/airflow/example_dags/example_subdag_operator.py for tasks to queue
[2026-07-05T16:15:45.752+0000] {logging_mixin.py:188} INFO - [2026-07-05T16:15:45.751+0000] {dagbag.py:545} INFO - Filling up the DagBag from /home/airflow/.local/lib/python3.11/site-packages/airflow/example_dags/example_subdag_operator.py
[2026-07-05T16:15:45.775+0000] {processor.py:840} INFO - DAG(s) 'example_subdag_operator.section-1', 'example_subdag_operator.section-2', 'example_subdag_operator' retrieved from /home/airflow/.local/lib/python3.11/site-packages/airflow/example_dags/example_subdag_operator.py
[2026-07-05T16:15:45.787+0000] {logging_mixin.py:188} INFO - [2026-07-05T16:15:45.787+0000] {dag.py:3096} INFO - Sync 3 DAGs
[2026-07-05T16:15:45.806+0000] {logging_mixin.py:188} INFO - [2026-07-05T16:15:45.806+0000] {dag.py:3954} INFO - Setting next_dagrun for example_subdag_operator to 2022-01-01 00:00:00+00:00, run_after=2022-01-01 00:00:00+00:00
[2026-07-05T16:15:45.810+0000] {logging_mixin.py:188} INFO - [2026-07-05T16:15:45.810+0000] {dag.py:3954} INFO - Setting next_dagrun for example_subdag_operator.section-1 to None, run_after=None
[2026-07-05T16:15:45.812+0000] {logging_mixin.py:188} INFO - [2026-07-05T16:15:45.812+0000] {dag.py:3954} INFO - Setting next_dagrun for example_subdag_operator.section-2 to None, run_after=None
[2026-07-05T16:15:45.819+0000] {logging_mixin.py:188} INFO - [2026-07-05T16:15:45.818+0000] {dag.py:3096} INFO - Sync 2 DAGs
[2026-07-05T16:15:45.824+0000] {logging_mixin.py:188} INFO - [2026-07-05T16:15:45.824+0000] {dag.py:3954} INFO - Setting next_dagrun for example_subdag_operator.section-1 to None, run_after=None
[2026-07-05T16:15:45.825+0000] {logging_mixin.py:188} INFO - [2026-07-05T16:15:45.825+0000] {dag.py:3954} INFO - Setting next_dagrun for example_subdag_operator.section-2 to None, run_after=None
[2026-07-05T16:15:45.835+0000] {processor.py:183} INFO - Processing /home/airflow/.local/lib/python3.11/site-packages/airflow/example_dags/example_subdag_operator.py took 0.092 seconds
[2026-07-05T16:16:15.958+0000] {processor.py:161} INFO - Started process (PID=767) to work on /home/airflow/.local/lib/python3.11/site-packages/airflow/example_dags/example_subdag_operator.py
[2026-07-05T16:16:15.959+0000] {processor.py:830} INFO - Processing file /home/airflow/.local/lib/python3.11/site-packages/airflow/example_dags/example_subdag_operator.py for tasks to queue
[2026-07-05T16:16:15.961+0000] {logging_mixin.py:188} INFO - [2026-07-05T16:16:15.961+0000] {dagbag.py:545} INFO - Filling up the DagBag from /home/airflow/.local/lib/python3.11/site-packages/airflow/example_dags/example_subdag_operator.py
[2026-07-05T16:16:15.984+0000] {processor.py:840} INFO - DAG(s) 'example_subdag_operator.section-1', 'example_subdag_operator.section-2', 'example_subdag_operator' retrieved from /home/airflow/.local/lib/python3.11/site-packages/airflow/example_dags/example_subdag_operator.py
[2026-07-05T16:16:15.996+0000] {logging_mixin.py:188} INFO - [2026-07-05T16:16:15.996+0000] {dag.py:3096} INFO - Sync 3 DAGs
[2026-07-05T16:16:16.013+0000] {logging_mixin.py:188} INFO - [2026-07-05T16:16:16.013+0000] {dag.py:3954} INFO - Setting next_dagrun for example_subdag_operator to 2022-01-01 00:00:00+00:00, run_after=2022-01-01 00:00:00+00:00
[2026-07-05T16:16:16.016+0000] {logging_mixin.py:188} INFO - [2026-07-05T16:16:16.016+0000] {dag.py:3954} INFO - Setting next_dagrun for example_subdag_operator.section-1 to None, run_after=None
[2026-07-05T16:16:16.017+0000] {logging_mixin.py:188} INFO - [2026-07-05T16:16:16.017+0000] {dag.py:3954} INFO - Setting next_dagrun for example_subdag_operator.section-2 to None, run_after=None
[2026-07-05T16:16:16.023+0000] {logging_mixin.py:188} INFO - [2026-07-05T16:16:16.023+0000] {dag.py:3096} INFO - Sync 2 DAGs
[2026-07-05T16:16:16.028+0000] {logging_mixin.py:188} INFO - [2026-07-05T16:16:16.028+0000] {dag.py:3954} INFO - Setting next_dagrun for example_subdag_operator.section-1 to None, run_after=None
[2026-07-05T16:16:16.029+0000] {logging_mixin.py:188} INFO - [2026-07-05T16:16:16.029+0000] {dag.py:3954} INFO - Setting next_dagrun for example_subdag_operator.section-2 to None, run_after=None
[2026-07-05T16:16:16.039+0000] {processor.py:183} INFO - Processing /home/airflow/.local/lib/python3.11/site-packages/airflow/example_dags/example_subdag_operator.py took 0.087 seconds
[2026-07-05T16:16:46.278+0000] {processor.py:161} INFO - Started process (PID=825) to work on /home/airflow/.local/lib/python3.11/site-packages/airflow/example_dags/example_subdag_operator.py
[2026-07-05T16:16:46.279+0000] {processor.py:830} INFO - Processing file /home/airflow/.local/lib/python3.11/site-packages/airflow/example_dags/example_subdag_operator.py for tasks to queue
[2026-07-05T16:16:46.281+0000] {logging_mixin.py:188} INFO - [2026-07-05T16:16:46.281+0000] {dagbag.py:545} INFO - Filling up the DagBag from /home/airflow/.local/lib/python3.11/site-packages/airflow/example_dags/example_subdag_operator.py
[2026-07-05T16:16:46.311+0000] {processor.py:840} INFO - DAG(s) 'example_subdag_operator.section-1', 'example_subdag_operator.section-2', 'example_subdag_operator' retrieved from /home/airflow/.local/lib/python3.11/site-packages/airflow/example_dags/example_subdag_operator.py
[2026-07-05T16:16:46.325+0000] {logging_mixin.py:188} INFO - [2026-07-05T16:16:46.325+0000] {dag.py:3096} INFO - Sync 3 DAGs
[2026-07-05T16:16:46.351+0000] {logging_mixin.py:188} INFO - [2026-07-05T16:16:46.351+0000] {dag.py:3954} INFO - Setting next_dagrun for example_subdag_operator to 2022-01-01 00:00:00+00:00, run_after=2022-01-01 00:00:00+00:00
[2026-07-05T16:16:46.355+0000] {logging_mixin.py:188} INFO - [2026-07-05T16:16:46.355+0000] {dag.py:3954} INFO - Setting next_dagrun for example_subdag_operator.section-1 to None, run_after=None
[2026-07-05T16:16:46.357+0000] {logging_mixin.py:188} INFO - [2026-07-05T16:16:46.357+0000] {dag.py:3954} INFO - Setting next_dagrun for example_subdag_operator.section-2 to None, run_after=None
[2026-07-05T16:16:46.365+0000] {logging_mixin.py:188} INFO - [2026-07-05T16:16:46.365+0000] {dag.py:3096} INFO - Sync 2 DAGs
[2026-07-05T16:16:46.370+0000] {logging_mixin.py:188} INFO - [2026-07-05T16:16:46.370+0000] {dag.py:3954} INFO - Setting next_dagrun for example_subdag_operator.section-1 to None, run_after=None
[2026-07-05T16:16:46.371+0000] {logging_mixin.py:188} INFO - [2026-07-05T16:16:46.370+0000] {dag.py:3954} INFO - Setting next_dagrun for example_subdag_operator.section-2 to None, run_after=None
[2026-07-05T16:16:46.381+0000] {processor.py:183} INFO - Processing /home/airflow/.local/lib/python3.11/site-packages/airflow/example_dags/example_subdag_operator.py took 0.112 seconds
[2026-07-05T16:17:16.487+0000] {processor.py:161} INFO - Started process (PID=883) to work on /home/airflow/.local/lib/python3.11/site-packages/airflow/example_dags/example_subdag_operator.py
[2026-07-05T16:17:16.488+0000] {processor.py:830} INFO - Processing file /home/airflow/.local/lib/python3.11/site-packages/airflow/example_dags/example_subdag_operator.py for tasks to queue
[2026-07-05T16:17:16.490+0000] {logging_mixin.py:188} INFO - [2026-07-05T16:17:16.490+0000] {dagbag.py:545} INFO - Filling up the DagBag from /home/airflow/.local/lib/python3.11/site-packages/airflow/example_dags/example_subdag_operator.py
[2026-07-05T16:17:16.514+0000] {processor.py:840} INFO - DAG(s) 'example_subdag_operator.section-1', 'example_subdag_operator.section-2', 'example_subdag_operator' retrieved from /home/airflow/.local/lib/python3.11/site-packages/airflow/example_dags/example_subdag_operator.py
[2026-07-05T16:17:16.527+0000] {logging_mixin.py:188} INFO - [2026-07-05T16:17:16.527+0000] {dag.py:3096} INFO - Sync 3 DAGs
[2026-07-05T16:17:16.553+0000] {logging_mixin.py:188} INFO - [2026-07-05T16:17:16.552+0000] {dag.py:3954} INFO - Setting next_dagrun for example_subdag_operator to 2022-01-01 00:00:00+00:00, run_after=2022-01-01 00:00:00+00:00
[2026-07-05T16:17:16.557+0000] {logging_mixin.py:188} INFO - [2026-07-05T16:17:16.557+0000] {dag.py:3954} INFO - Setting next_dagrun for example_subdag_operator.section-1 to None, run_after=None
[2026-07-05T16:17:16.559+0000] {logging_mixin.py:188} INFO - [2026-07-05T16:17:16.559+0000] {dag.py:3954} INFO - Setting next_dagrun for example_subdag_operator.section-2 to None, run_after=None
[2026-07-05T16:17:16.566+0000] {logging_mixin.py:188} INFO - [2026-07-05T16:17:16.566+0000] {dag.py:3096} INFO - Sync 2 DAGs
[2026-07-05T16:17:16.572+0000] {logging_mixin.py:188} INFO - [2026-07-05T16:17:16.572+0000] {dag.py:3954} INFO - Setting next_dagrun for example_subdag_operator.section-1 to None, run_after=None
[2026-07-05T16:17:16.573+0000] {logging_mixin.py:188} INFO - [2026-07-05T16:17:16.572+0000] {dag.py:3954} INFO - Setting next_dagrun for example_subdag_operator.section-2 to None, run_after=None
[2026-07-05T16:17:16.582+0000] {processor.py:183} INFO - Processing /home/airflow/.local/lib/python3.11/site-packages/airflow/example_dags/example_subdag_operator.py took 0.102 seconds
[2026-07-05T16:17:46.821+0000] {processor.py:161} INFO - Started process (PID=941) to work on /home/airflow/.local/lib/python3.11/site-packages/airflow/example_dags/example_subdag_operator.py
[2026-07-05T16:17:46.822+0000] {processor.py:830} INFO - Processing file /home/airflow/.local/lib/python3.11/site-packages/airflow/example_dags/example_subdag_operator.py for tasks to queue
[2026-07-05T16:17:46.824+0000] {logging_mixin.py:188} INFO - [2026-07-05T16:17:46.824+0000] {dagbag.py:545} INFO - Filling up the DagBag from /home/airflow/.local/lib/python3.11/site-packages/airflow/example_dags/example_subdag_operator.py
[2026-07-05T16:17:46.847+0000] {processor.py:840} INFO - DAG(s) 'example_subdag_operator.section-1', 'example_subdag_operator.section-2', 'example_subdag_operator' retrieved from /home/airflow/.local/lib/python3.11/site-packages/airflow/example_dags/example_subdag_operator.py
[2026-07-05T16:17:46.860+0000] {logging_mixin.py:188} INFO - [2026-07-05T16:17:46.860+0000] {dag.py:3096} INFO - Sync 3 DAGs
[2026-07-05T16:17:46.879+0000] {logging_mixin.py:188} INFO - [2026-07-05T16:17:46.878+0000] {dag.py:3954} INFO - Setting next_dagrun for example_subdag_operator to 2022-01-01 00:00:00+00:00, run_after=2022-01-01 00:00:00+00:00
[2026-07-05T16:17:46.882+0000] {logging_mixin.py:188} INFO - [2026-07-05T16:17:46.882+0000] {dag.py:3954} INFO - Setting next_dagrun for example_subdag_operator.section-1 to None, run_after=None
[2026-07-05T16:17:46.884+0000] {logging_mixin.py:188} INFO - [2026-07-05T16:17:46.884+0000] {dag.py:3954} INFO - Setting next_dagrun for example_subdag_operator.section-2 to None, run_after=None
[2026-07-05T16:17:46.891+0000] {logging_mixin.py:188} INFO - [2026-07-05T16:17:46.891+0000] {dag.py:3096} INFO - Sync 2 DAGs
[2026-07-05T16:17:46.897+0000] {logging_mixin.py:188} INFO - [2026-07-05T16:17:46.896+0000] {dag.py:3954} INFO - Setting next_dagrun for example_subdag_operator.section-1 to None, run_after=None
[2026-07-05T16:17:46.897+0000] {logging_mixin.py:188} INFO - [2026-07-05T16:17:46.897+0000] {dag.py:3954} INFO - Setting next_dagrun for example_subdag_operator.section-2 to None, run_after=None
[2026-07-05T16:17:46.907+0000] {processor.py:183} INFO - Processing /home/airflow/.local/lib/python3.11/site-packages/airflow/example_dags/example_subdag_operator.py took 0.091 seconds
[2026-07-05T16:18:17.602+0000] {processor.py:161} INFO - Started process (PID=999) to work on /home/airflow/.local/lib/python3.11/site-packages/airflow/example_dags/example_subdag_operator.py
[2026-07-05T16:18:17.603+0000] {processor.py:830} INFO - Processing file /home/airflow/.local/lib/python3.11/site-packages/airflow/example_dags/example_subdag_operator.py for tasks to queue
[2026-07-05T16:18:17.605+0000] {logging_mixin.py:188} INFO - [2026-07-05T16:18:17.605+0000] {dagbag.py:545} INFO - Filling up the DagBag from /home/airflow/.local/lib/python3.11/site-packages/airflow/example_dags/example_subdag_operator.py
[2026-07-05T16:18:17.638+0000] {processor.py:840} INFO - DAG(s) 'example_subdag_operator.section-1', 'example_subdag_operator.section-2', 'example_subdag_operator' retrieved from /home/airflow/.local/lib/python3.11/site-packages/airflow/example_dags/example_subdag_operator.py
[2026-07-05T16:18:17.662+0000] {logging_mixin.py:188} INFO - [2026-07-05T16:18:17.661+0000] {dag.py:3096} INFO - Sync 3 DAGs
[2026-07-05T16:18:17.686+0000] {logging_mixin.py:188} INFO - [2026-07-05T16:18:17.686+0000] {dag.py:3954} INFO - Setting next_dagrun for example_subdag_operator to 2022-01-01 00:00:00+00:00, run_after=2022-01-01 00:00:00+00:00
[2026-07-05T16:18:17.691+0000] {logging_mixin.py:188} INFO - [2026-07-05T16:18:17.690+0000] {dag.py:3954} INFO - Setting next_dagrun for example_subdag_operator.section-1 to None, run_after=None
[2026-07-05T16:18:17.692+0000] {logging_mixin.py:188} INFO - [2026-07-05T16:18:17.692+0000] {dag.py:3954} INFO - Setting next_dagrun for example_subdag_operator.section-2 to None, run_after=None
[2026-07-05T16:18:17.702+0000] {logging_mixin.py:188} INFO - [2026-07-05T16:18:17.702+0000] {dag.py:3096} INFO - Sync 2 DAGs
[2026-07-05T16:18:17.710+0000] {logging_mixin.py:188} INFO - [2026-07-05T16:18:17.710+0000] {dag.py:3954} INFO - Setting next_dagrun for example_subdag_operator.section-1 to None, run_after=None
[2026-07-05T16:18:17.711+0000] {logging_mixin.py:188} INFO - [2026-07-05T16:18:17.711+0000] {dag.py:3954} INFO - Setting next_dagrun for example_subdag_operator.section-2 to None, run_after=None
[2026-07-05T16:18:17.724+0000] {processor.py:183} INFO - Processing /home/airflow/.local/lib/python3.11/site-packages/airflow/example_dags/example_subdag_operator.py took 0.133 seconds
[2026-07-05T16:18:47.922+0000] {processor.py:161} INFO - Started process (PID=1057) to work on /home/airflow/.local/lib/python3.11/site-packages/airflow/example_dags/example_subdag_operator.py
[2026-07-05T16:18:47.923+0000] {processor.py:830} INFO - Processing file /home/airflow/.local/lib/python3.11/site-packages/airflow/example_dags/example_subdag_operator.py for tasks to queue
[2026-07-05T16:18:47.926+0000] {logging_mixin.py:188} INFO - [2026-07-05T16:18:47.926+0000] {dagbag.py:545} INFO - Filling up the DagBag from /home/airflow/.local/lib/python3.11/site-packages/airflow/example_dags/example_subdag_operator.py
[2026-07-05T16:18:47.951+0000] {processor.py:840} INFO - DAG(s) 'example_subdag_operator.section-1', 'example_subdag_operator.section-2', 'example_subdag_operator' retrieved from /home/airflow/.local/lib/python3.11/site-packages/airflow/example_dags/example_subdag_operator.py
[2026-07-05T16:18:47.965+0000] {logging_mixin.py:188} INFO - [2026-07-05T16:18:47.964+0000] {dag.py:3096} INFO - Sync 3 DAGs
[2026-07-05T16:18:47.983+0000] {logging_mixin.py:188} INFO - [2026-07-05T16:18:47.983+0000] {dag.py:3954} INFO - Setting next_dagrun for example_subdag_operator to 2022-01-01 00:00:00+00:00, run_after=2022-01-01 00:00:00+00:00
[2026-07-05T16:18:47.988+0000] {logging_mixin.py:188} INFO - [2026-07-05T16:18:47.987+0000] {dag.py:3954} INFO - Setting next_dagrun for example_subdag_operator.section-1 to None, run_after=None
[2026-07-05T16:18:47.990+0000] {logging_mixin.py:188} INFO - [2026-07-05T16:18:47.989+0000] {dag.py:3954} INFO - Setting next_dagrun for example_subdag_operator.section-2 to None, run_after=None
[2026-07-05T16:18:47.998+0000] {logging_mixin.py:188} INFO - [2026-07-05T16:18:47.998+0000] {dag.py:3096} INFO - Sync 2 DAGs
[2026-07-05T16:18:48.003+0000] {logging_mixin.py:188} INFO - [2026-07-05T16:18:48.003+0000] {dag.py:3954} INFO - Setting next_dagrun for example_subdag_operator.section-1 to None, run_after=None
[2026-07-05T16:18:48.004+0000] {logging_mixin.py:188} INFO - [2026-07-05T16:18:48.003+0000] {dag.py:3954} INFO - Setting next_dagrun for example_subdag_operator.section-2 to None, run_after=None
[2026-07-05T16:18:48.013+0000] {processor.py:183} INFO - Processing /home/airflow/.local/lib/python3.11/site-packages/airflow/example_dags/example_subdag_operator.py took 0.097 seconds
