[2026-07-05T16:07:40.978+0000] {processor.py:161} INFO - Started process (PID=111) to work on /home/airflow/.local/lib/python3.11/site-packages/airflow/example_dags/example_branch_datetime_operator.py
[2026-07-05T16:07:40.981+0000] {processor.py:830} INFO - Processing file /home/airflow/.local/lib/python3.11/site-packages/airflow/example_dags/example_branch_datetime_operator.py for tasks to queue
[2026-07-05T16:07:40.985+0000] {logging_mixin.py:188} INFO - [2026-07-05T16:07:40.984+0000] {dagbag.py:545} INFO - Filling up the DagBag from /home/airflow/.local/lib/python3.11/site-packages/airflow/example_dags/example_branch_datetime_operator.py
[2026-07-05T16:07:41.007+0000] {processor.py:840} INFO - DAG(s) 'example_branch_datetime_operator_2', 'example_branch_datetime_operator', 'example_branch_datetime_operator_3' retrieved from /home/airflow/.local/lib/python3.11/site-packages/airflow/example_dags/example_branch_datetime_operator.py
[2026-07-05T16:07:41.257+0000] {logging_mixin.py:188} INFO - [2026-07-05T16:07:41.256+0000] {override.py:1829} INFO - Created Permission View: can delete on DAG:example_branch_datetime_operator_2
[2026-07-05T16:07:41.283+0000] {logging_mixin.py:188} INFO - [2026-07-05T16:07:41.283+0000] {override.py:1829} INFO - Created Permission View: can read on DAG:example_branch_datetime_operator_2
[2026-07-05T16:07:41.298+0000] {logging_mixin.py:188} INFO - [2026-07-05T16:07:41.297+0000] {override.py:1829} INFO - Created Permission View: can edit on DAG:example_branch_datetime_operator_2
[2026-07-05T16:07:41.317+0000] {logging_mixin.py:188} INFO - [2026-07-05T16:07:41.316+0000] {override.py:1829} INFO - Created Permission View: can delete on DAG:example_branch_datetime_operator
[2026-07-05T16:07:41.327+0000] {logging_mixin.py:188} INFO - [2026-07-05T16:07:41.327+0000] {override.py:1829} INFO - Created Permission View: can read on DAG:example_branch_datetime_operator
[2026-07-05T16:07:41.337+0000] {logging_mixin.py:188} INFO - [2026-07-05T16:07:41.337+0000] {override.py:1829} INFO - Created Permission View: can edit on DAG:example_branch_datetime_operator
[2026-07-05T16:07:41.356+0000] {logging_mixin.py:188} INFO - [2026-07-05T16:07:41.355+0000] {override.py:1829} INFO - Created Permission View: can delete on DAG:example_branch_datetime_operator_3
[2026-07-05T16:07:41.366+0000] {logging_mixin.py:188} INFO - [2026-07-05T16:07:41.366+0000] {override.py:1829} INFO - Created Permission View: can read on DAG:example_branch_datetime_operator_3
[2026-07-05T16:07:41.378+0000] {logging_mixin.py:188} INFO - [2026-07-05T16:07:41.377+0000] {override.py:1829} INFO - Created Permission View: can edit on DAG:example_branch_datetime_operator_3
[2026-07-05T16:07:41.379+0000] {logging_mixin.py:188} INFO - [2026-07-05T16:07:41.378+0000] {dag.py:3096} INFO - Sync 3 DAGs
[2026-07-05T16:07:41.396+0000] {logging_mixin.py:188} INFO - [2026-07-05T16:07:41.395+0000] {dag.py:3118} INFO - Creating ORM DAG for example_branch_datetime_operator
[2026-07-05T16:07:41.397+0000] {logging_mixin.py:188} INFO - [2026-07-05T16:07:41.397+0000] {dag.py:3118} INFO - Creating ORM DAG for example_branch_datetime_operator_3
[2026-07-05T16:07:41.398+0000] {logging_mixin.py:188} INFO - [2026-07-05T16:07:41.398+0000] {dag.py:3118} INFO - Creating ORM DAG for example_branch_datetime_operator_2
[2026-07-05T16:07:41.415+0000] {logging_mixin.py:188} INFO - [2026-07-05T16:07:41.414+0000] {dag.py:3954} INFO - Setting next_dagrun for example_branch_datetime_operator to 2026-07-04 00:00:00+00:00, run_after=2026-07-05 00:00:00+00:00
[2026-07-05T16:07:41.418+0000] {logging_mixin.py:188} INFO - [2026-07-05T16:07:41.418+0000] {dag.py:3954} INFO - Setting next_dagrun for example_branch_datetime_operator_2 to 2026-07-04 00:00:00+00:00, run_after=2026-07-05 00:00:00+00:00
[2026-07-05T16:07:41.421+0000] {logging_mixin.py:188} INFO - [2026-07-05T16:07:41.421+0000] {dag.py:3954} INFO - Setting next_dagrun for example_branch_datetime_operator_3 to 2026-07-04 00:00:00+00:00, run_after=2026-07-05 00:00:00+00:00
[2026-07-05T16:07:41.459+0000] {processor.py:183} INFO - Processing /home/airflow/.local/lib/python3.11/site-packages/airflow/example_dags/example_branch_datetime_operator.py took 0.494 seconds
[2026-07-05T16:08:11.600+0000] {processor.py:161} INFO - Started process (PID=170) to work on /home/airflow/.local/lib/python3.11/site-packages/airflow/example_dags/example_branch_datetime_operator.py
[2026-07-05T16:08:11.601+0000] {processor.py:830} INFO - Processing file /home/airflow/.local/lib/python3.11/site-packages/airflow/example_dags/example_branch_datetime_operator.py for tasks to queue
[2026-07-05T16:08:11.604+0000] {logging_mixin.py:188} INFO - [2026-07-05T16:08:11.604+0000] {dagbag.py:545} INFO - Filling up the DagBag from /home/airflow/.local/lib/python3.11/site-packages/airflow/example_dags/example_branch_datetime_operator.py
[2026-07-05T16:08:11.614+0000] {processor.py:840} INFO - DAG(s) 'example_branch_datetime_operator_2', 'example_branch_datetime_operator_3', 'example_branch_datetime_operator' retrieved from /home/airflow/.local/lib/python3.11/site-packages/airflow/example_dags/example_branch_datetime_operator.py
[2026-07-05T16:08:11.640+0000] {logging_mixin.py:188} INFO - [2026-07-05T16:08:11.639+0000] {dag.py:3096} INFO - Sync 3 DAGs
[2026-07-05T16:08:11.661+0000] {logging_mixin.py:188} INFO - [2026-07-05T16:08:11.661+0000] {dag.py:3954} INFO - Setting next_dagrun for example_branch_datetime_operator to 2026-07-04 00:00:00+00:00, run_after=2026-07-05 00:00:00+00:00
[2026-07-05T16:08:11.666+0000] {logging_mixin.py:188} INFO - [2026-07-05T16:08:11.665+0000] {dag.py:3954} INFO - Setting next_dagrun for example_branch_datetime_operator_2 to 2026-07-04 00:00:00+00:00, run_after=2026-07-05 00:00:00+00:00
[2026-07-05T16:08:11.668+0000] {logging_mixin.py:188} INFO - [2026-07-05T16:08:11.668+0000] {dag.py:3954} INFO - Setting next_dagrun for example_branch_datetime_operator_3 to 2026-07-04 00:00:00+00:00, run_after=2026-07-05 00:00:00+00:00
[2026-07-05T16:08:11.685+0000] {processor.py:183} INFO - Processing /home/airflow/.local/lib/python3.11/site-packages/airflow/example_dags/example_branch_datetime_operator.py took 0.090 seconds
[2026-07-05T16:08:42.331+0000] {processor.py:161} INFO - Started process (PID=227) to work on /home/airflow/.local/lib/python3.11/site-packages/airflow/example_dags/example_branch_datetime_operator.py
[2026-07-05T16:08:42.332+0000] {processor.py:830} INFO - Processing file /home/airflow/.local/lib/python3.11/site-packages/airflow/example_dags/example_branch_datetime_operator.py for tasks to queue
[2026-07-05T16:08:42.335+0000] {logging_mixin.py:188} INFO - [2026-07-05T16:08:42.335+0000] {dagbag.py:545} INFO - Filling up the DagBag from /home/airflow/.local/lib/python3.11/site-packages/airflow/example_dags/example_branch_datetime_operator.py
[2026-07-05T16:08:42.349+0000] {processor.py:840} INFO - DAG(s) 'example_branch_datetime_operator_2', 'example_branch_datetime_operator', 'example_branch_datetime_operator_3' retrieved from /home/airflow/.local/lib/python3.11/site-packages/airflow/example_dags/example_branch_datetime_operator.py
[2026-07-05T16:08:42.387+0000] {logging_mixin.py:188} INFO - [2026-07-05T16:08:42.387+0000] {dag.py:3096} INFO - Sync 3 DAGs
[2026-07-05T16:08:42.473+0000] {logging_mixin.py:188} INFO - [2026-07-05T16:08:42.473+0000] {dag.py:3954} INFO - Setting next_dagrun for example_branch_datetime_operator to 2026-07-04 00:00:00+00:00, run_after=2026-07-05 00:00:00+00:00
[2026-07-05T16:08:42.505+0000] {logging_mixin.py:188} INFO - [2026-07-05T16:08:42.505+0000] {dag.py:3954} INFO - Setting next_dagrun for example_branch_datetime_operator_2 to 2026-07-04 00:00:00+00:00, run_after=2026-07-05 00:00:00+00:00
[2026-07-05T16:08:42.519+0000] {logging_mixin.py:188} INFO - [2026-07-05T16:08:42.519+0000] {dag.py:3954} INFO - Setting next_dagrun for example_branch_datetime_operator_3 to 2026-07-04 00:00:00+00:00, run_after=2026-07-05 00:00:00+00:00
[2026-07-05T16:08:42.558+0000] {processor.py:183} INFO - Processing /home/airflow/.local/lib/python3.11/site-packages/airflow/example_dags/example_branch_datetime_operator.py took 0.235 seconds
[2026-07-05T16:09:12.689+0000] {processor.py:161} INFO - Started process (PID=285) to work on /home/airflow/.local/lib/python3.11/site-packages/airflow/example_dags/example_branch_datetime_operator.py
[2026-07-05T16:09:12.691+0000] {processor.py:830} INFO - Processing file /home/airflow/.local/lib/python3.11/site-packages/airflow/example_dags/example_branch_datetime_operator.py for tasks to queue
[2026-07-05T16:09:12.694+0000] {logging_mixin.py:188} INFO - [2026-07-05T16:09:12.694+0000] {dagbag.py:545} INFO - Filling up the DagBag from /home/airflow/.local/lib/python3.11/site-packages/airflow/example_dags/example_branch_datetime_operator.py
[2026-07-05T16:09:12.715+0000] {processor.py:840} INFO - DAG(s) 'example_branch_datetime_operator_2', 'example_branch_datetime_operator_3', 'example_branch_datetime_operator' retrieved from /home/airflow/.local/lib/python3.11/site-packages/airflow/example_dags/example_branch_datetime_operator.py
[2026-07-05T16:09:12.735+0000] {logging_mixin.py:188} INFO - [2026-07-05T16:09:12.735+0000] {dag.py:3096} INFO - Sync 3 DAGs
[2026-07-05T16:09:12.772+0000] {logging_mixin.py:188} INFO - [2026-07-05T16:09:12.768+0000] {dag.py:3954} INFO - Setting next_dagrun for example_branch_datetime_operator to 2026-07-04 00:00:00+00:00, run_after=2026-07-05 00:00:00+00:00
[2026-07-05T16:09:12.780+0000] {logging_mixin.py:188} INFO - [2026-07-05T16:09:12.779+0000] {dag.py:3954} INFO - Setting next_dagrun for example_branch_datetime_operator_2 to 2026-07-04 00:00:00+00:00, run_after=2026-07-05 00:00:00+00:00
[2026-07-05T16:09:12.788+0000] {logging_mixin.py:188} INFO - [2026-07-05T16:09:12.788+0000] {dag.py:3954} INFO - Setting next_dagrun for example_branch_datetime_operator_3 to 2026-07-04 00:00:00+00:00, run_after=2026-07-05 00:00:00+00:00
[2026-07-05T16:09:12.819+0000] {processor.py:183} INFO - Processing /home/airflow/.local/lib/python3.11/site-packages/airflow/example_dags/example_branch_datetime_operator.py took 0.139 seconds
[2026-07-05T16:10:17.034+0000] {processor.py:161} INFO - Started process (PID=106) to work on /home/airflow/.local/lib/python3.11/site-packages/airflow/example_dags/example_branch_datetime_operator.py
[2026-07-05T16:10:17.036+0000] {processor.py:830} INFO - Processing file /home/airflow/.local/lib/python3.11/site-packages/airflow/example_dags/example_branch_datetime_operator.py for tasks to queue
[2026-07-05T16:10:17.038+0000] {logging_mixin.py:188} INFO - [2026-07-05T16:10:17.038+0000] {dagbag.py:545} INFO - Filling up the DagBag from /home/airflow/.local/lib/python3.11/site-packages/airflow/example_dags/example_branch_datetime_operator.py
[2026-07-05T16:10:17.051+0000] {processor.py:840} INFO - DAG(s) 'example_branch_datetime_operator_2', 'example_branch_datetime_operator_3', 'example_branch_datetime_operator' retrieved from /home/airflow/.local/lib/python3.11/site-packages/airflow/example_dags/example_branch_datetime_operator.py
[2026-07-05T16:10:17.068+0000] {logging_mixin.py:188} INFO - [2026-07-05T16:10:17.068+0000] {dag.py:3096} INFO - Sync 3 DAGs
[2026-07-05T16:10:17.095+0000] {logging_mixin.py:188} INFO - [2026-07-05T16:10:17.094+0000] {dag.py:3954} INFO - Setting next_dagrun for example_branch_datetime_operator to 2026-07-04 00:00:00+00:00, run_after=2026-07-05 00:00:00+00:00
[2026-07-05T16:10:17.100+0000] {logging_mixin.py:188} INFO - [2026-07-05T16:10:17.100+0000] {dag.py:3954} INFO - Setting next_dagrun for example_branch_datetime_operator_2 to 2026-07-04 00:00:00+00:00, run_after=2026-07-05 00:00:00+00:00
[2026-07-05T16:10:17.103+0000] {logging_mixin.py:188} INFO - [2026-07-05T16:10:17.103+0000] {dag.py:3954} INFO - Setting next_dagrun for example_branch_datetime_operator_3 to 2026-07-04 00:00:00+00:00, run_after=2026-07-05 00:00:00+00:00
[2026-07-05T16:10:17.128+0000] {processor.py:183} INFO - Processing /home/airflow/.local/lib/python3.11/site-packages/airflow/example_dags/example_branch_datetime_operator.py took 0.100 seconds
[2026-07-05T16:10:48.712+0000] {processor.py:161} INFO - Started process (PID=165) to work on /home/airflow/.local/lib/python3.11/site-packages/airflow/example_dags/example_branch_datetime_operator.py
[2026-07-05T16:10:48.713+0000] {processor.py:830} INFO - Processing file /home/airflow/.local/lib/python3.11/site-packages/airflow/example_dags/example_branch_datetime_operator.py for tasks to queue
[2026-07-05T16:10:48.717+0000] {logging_mixin.py:188} INFO - [2026-07-05T16:10:48.716+0000] {dagbag.py:545} INFO - Filling up the DagBag from /home/airflow/.local/lib/python3.11/site-packages/airflow/example_dags/example_branch_datetime_operator.py
[2026-07-05T16:10:48.733+0000] {processor.py:840} INFO - DAG(s) 'example_branch_datetime_operator_2', 'example_branch_datetime_operator', 'example_branch_datetime_operator_3' retrieved from /home/airflow/.local/lib/python3.11/site-packages/airflow/example_dags/example_branch_datetime_operator.py
[2026-07-05T16:10:48.964+0000] {logging_mixin.py:188} INFO - [2026-07-05T16:10:48.964+0000] {dag.py:3096} INFO - Sync 3 DAGs
[2026-07-05T16:10:48.995+0000] {logging_mixin.py:188} INFO - [2026-07-05T16:10:48.994+0000] {dag.py:3954} INFO - Setting next_dagrun for example_branch_datetime_operator to 2026-07-04 00:00:00+00:00, run_after=2026-07-05 00:00:00+00:00
[2026-07-05T16:10:49.001+0000] {logging_mixin.py:188} INFO - [2026-07-05T16:10:49.000+0000] {dag.py:3954} INFO - Setting next_dagrun for example_branch_datetime_operator_2 to 2026-07-04 00:00:00+00:00, run_after=2026-07-05 00:00:00+00:00
[2026-07-05T16:10:49.005+0000] {logging_mixin.py:188} INFO - [2026-07-05T16:10:49.004+0000] {dag.py:3954} INFO - Setting next_dagrun for example_branch_datetime_operator_3 to 2026-07-04 00:00:00+00:00, run_after=2026-07-05 00:00:00+00:00
[2026-07-05T16:10:49.029+0000] {processor.py:183} INFO - Processing /home/airflow/.local/lib/python3.11/site-packages/airflow/example_dags/example_branch_datetime_operator.py took 0.329 seconds
[2026-07-05T16:11:19.631+0000] {processor.py:161} INFO - Started process (PID=223) to work on /home/airflow/.local/lib/python3.11/site-packages/airflow/example_dags/example_branch_datetime_operator.py
[2026-07-05T16:11:19.632+0000] {processor.py:830} INFO - Processing file /home/airflow/.local/lib/python3.11/site-packages/airflow/example_dags/example_branch_datetime_operator.py for tasks to queue
[2026-07-05T16:11:19.635+0000] {logging_mixin.py:188} INFO - [2026-07-05T16:11:19.634+0000] {dagbag.py:545} INFO - Filling up the DagBag from /home/airflow/.local/lib/python3.11/site-packages/airflow/example_dags/example_branch_datetime_operator.py
[2026-07-05T16:11:19.654+0000] {processor.py:840} INFO - DAG(s) 'example_branch_datetime_operator_3', 'example_branch_datetime_operator_2', 'example_branch_datetime_operator' retrieved from /home/airflow/.local/lib/python3.11/site-packages/airflow/example_dags/example_branch_datetime_operator.py
[2026-07-05T16:11:19.709+0000] {logging_mixin.py:188} INFO - [2026-07-05T16:11:19.709+0000] {dag.py:3096} INFO - Sync 3 DAGs
[2026-07-05T16:11:19.735+0000] {logging_mixin.py:188} INFO - [2026-07-05T16:11:19.734+0000] {dag.py:3954} INFO - Setting next_dagrun for example_branch_datetime_operator to 2026-07-04 00:00:00+00:00, run_after=2026-07-05 00:00:00+00:00
[2026-07-05T16:11:19.739+0000] {logging_mixin.py:188} INFO - [2026-07-05T16:11:19.739+0000] {dag.py:3954} INFO - Setting next_dagrun for example_branch_datetime_operator_2 to 2026-07-04 00:00:00+00:00, run_after=2026-07-05 00:00:00+00:00
[2026-07-05T16:11:19.742+0000] {logging_mixin.py:188} INFO - [2026-07-05T16:11:19.742+0000] {dag.py:3954} INFO - Setting next_dagrun for example_branch_datetime_operator_3 to 2026-07-04 00:00:00+00:00, run_after=2026-07-05 00:00:00+00:00
[2026-07-05T16:11:19.761+0000] {processor.py:183} INFO - Processing /home/airflow/.local/lib/python3.11/site-packages/airflow/example_dags/example_branch_datetime_operator.py took 0.137 seconds
[2026-07-05T16:11:50.385+0000] {processor.py:161} INFO - Started process (PID=281) to work on /home/airflow/.local/lib/python3.11/site-packages/airflow/example_dags/example_branch_datetime_operator.py
[2026-07-05T16:11:50.386+0000] {processor.py:830} INFO - Processing file /home/airflow/.local/lib/python3.11/site-packages/airflow/example_dags/example_branch_datetime_operator.py for tasks to queue
[2026-07-05T16:11:50.389+0000] {logging_mixin.py:188} INFO - [2026-07-05T16:11:50.389+0000] {dagbag.py:545} INFO - Filling up the DagBag from /home/airflow/.local/lib/python3.11/site-packages/airflow/example_dags/example_branch_datetime_operator.py
[2026-07-05T16:11:50.399+0000] {processor.py:840} INFO - DAG(s) 'example_branch_datetime_operator_3', 'example_branch_datetime_operator_2', 'example_branch_datetime_operator' retrieved from /home/airflow/.local/lib/python3.11/site-packages/airflow/example_dags/example_branch_datetime_operator.py
[2026-07-05T16:11:50.415+0000] {logging_mixin.py:188} INFO - [2026-07-05T16:11:50.414+0000] {dag.py:3096} INFO - Sync 3 DAGs
[2026-07-05T16:11:50.441+0000] {logging_mixin.py:188} INFO - [2026-07-05T16:11:50.440+0000] {dag.py:3954} INFO - Setting next_dagrun for example_branch_datetime_operator to 2026-07-04 00:00:00+00:00, run_after=2026-07-05 00:00:00+00:00
[2026-07-05T16:11:50.446+0000] {logging_mixin.py:188} INFO - [2026-07-05T16:11:50.445+0000] {dag.py:3954} INFO - Setting next_dagrun for example_branch_datetime_operator_2 to 2026-07-04 00:00:00+00:00, run_after=2026-07-05 00:00:00+00:00
[2026-07-05T16:11:50.448+0000] {logging_mixin.py:188} INFO - [2026-07-05T16:11:50.448+0000] {dag.py:3954} INFO - Setting next_dagrun for example_branch_datetime_operator_3 to 2026-07-04 00:00:00+00:00, run_after=2026-07-05 00:00:00+00:00
[2026-07-05T16:11:50.468+0000] {processor.py:183} INFO - Processing /home/airflow/.local/lib/python3.11/site-packages/airflow/example_dags/example_branch_datetime_operator.py took 0.089 seconds
[2026-07-05T16:12:22.461+0000] {processor.py:161} INFO - Started process (PID=339) to work on /home/airflow/.local/lib/python3.11/site-packages/airflow/example_dags/example_branch_datetime_operator.py
[2026-07-05T16:12:22.464+0000] {processor.py:830} INFO - Processing file /home/airflow/.local/lib/python3.11/site-packages/airflow/example_dags/example_branch_datetime_operator.py for tasks to queue
[2026-07-05T16:12:22.468+0000] {logging_mixin.py:188} INFO - [2026-07-05T16:12:22.467+0000] {dagbag.py:545} INFO - Filling up the DagBag from /home/airflow/.local/lib/python3.11/site-packages/airflow/example_dags/example_branch_datetime_operator.py
[2026-07-05T16:12:22.491+0000] {processor.py:840} INFO - DAG(s) 'example_branch_datetime_operator', 'example_branch_datetime_operator_3', 'example_branch_datetime_operator_2' retrieved from /home/airflow/.local/lib/python3.11/site-packages/airflow/example_dags/example_branch_datetime_operator.py
[2026-07-05T16:12:22.686+0000] {logging_mixin.py:188} INFO - [2026-07-05T16:12:22.686+0000] {dag.py:3096} INFO - Sync 3 DAGs
[2026-07-05T16:12:22.712+0000] {logging_mixin.py:188} INFO - [2026-07-05T16:12:22.711+0000] {dag.py:3954} INFO - Setting next_dagrun for example_branch_datetime_operator to 2026-07-04 00:00:00+00:00, run_after=2026-07-05 00:00:00+00:00
[2026-07-05T16:12:22.720+0000] {logging_mixin.py:188} INFO - [2026-07-05T16:12:22.718+0000] {dag.py:3954} INFO - Setting next_dagrun for example_branch_datetime_operator_2 to 2026-07-04 00:00:00+00:00, run_after=2026-07-05 00:00:00+00:00
[2026-07-05T16:12:22.725+0000] {logging_mixin.py:188} INFO - [2026-07-05T16:12:22.725+0000] {dag.py:3954} INFO - Setting next_dagrun for example_branch_datetime_operator_3 to 2026-07-04 00:00:00+00:00, run_after=2026-07-05 00:00:00+00:00
[2026-07-05T16:12:22.751+0000] {processor.py:183} INFO - Processing /home/airflow/.local/lib/python3.11/site-packages/airflow/example_dags/example_branch_datetime_operator.py took 0.308 seconds
[2026-07-05T16:12:53.161+0000] {processor.py:161} INFO - Started process (PID=398) to work on /home/airflow/.local/lib/python3.11/site-packages/airflow/example_dags/example_branch_datetime_operator.py
[2026-07-05T16:12:53.162+0000] {processor.py:830} INFO - Processing file /home/airflow/.local/lib/python3.11/site-packages/airflow/example_dags/example_branch_datetime_operator.py for tasks to queue
[2026-07-05T16:12:53.164+0000] {logging_mixin.py:188} INFO - [2026-07-05T16:12:53.164+0000] {dagbag.py:545} INFO - Filling up the DagBag from /home/airflow/.local/lib/python3.11/site-packages/airflow/example_dags/example_branch_datetime_operator.py
[2026-07-05T16:12:53.175+0000] {processor.py:840} INFO - DAG(s) 'example_branch_datetime_operator_2', 'example_branch_datetime_operator_3', 'example_branch_datetime_operator' retrieved from /home/airflow/.local/lib/python3.11/site-packages/airflow/example_dags/example_branch_datetime_operator.py
[2026-07-05T16:12:53.205+0000] {logging_mixin.py:188} INFO - [2026-07-05T16:12:53.204+0000] {dag.py:3096} INFO - Sync 3 DAGs
[2026-07-05T16:12:53.227+0000] {logging_mixin.py:188} INFO - [2026-07-05T16:12:53.227+0000] {dag.py:3954} INFO - Setting next_dagrun for example_branch_datetime_operator to 2026-07-04 00:00:00+00:00, run_after=2026-07-05 00:00:00+00:00
[2026-07-05T16:12:53.232+0000] {logging_mixin.py:188} INFO - [2026-07-05T16:12:53.232+0000] {dag.py:3954} INFO - Setting next_dagrun for example_branch_datetime_operator_2 to 2026-07-04 00:00:00+00:00, run_after=2026-07-05 00:00:00+00:00
[2026-07-05T16:12:53.234+0000] {logging_mixin.py:188} INFO - [2026-07-05T16:12:53.234+0000] {dag.py:3954} INFO - Setting next_dagrun for example_branch_datetime_operator_3 to 2026-07-04 00:00:00+00:00, run_after=2026-07-05 00:00:00+00:00
[2026-07-05T16:12:53.253+0000] {processor.py:183} INFO - Processing /home/airflow/.local/lib/python3.11/site-packages/airflow/example_dags/example_branch_datetime_operator.py took 0.098 seconds
[2026-07-05T16:13:23.821+0000] {processor.py:161} INFO - Started process (PID=456) to work on /home/airflow/.local/lib/python3.11/site-packages/airflow/example_dags/example_branch_datetime_operator.py
[2026-07-05T16:13:23.823+0000] {processor.py:830} INFO - Processing file /home/airflow/.local/lib/python3.11/site-packages/airflow/example_dags/example_branch_datetime_operator.py for tasks to queue
[2026-07-05T16:13:23.832+0000] {logging_mixin.py:188} INFO - [2026-07-05T16:13:23.831+0000] {dagbag.py:545} INFO - Filling up the DagBag from /home/airflow/.local/lib/python3.11/site-packages/airflow/example_dags/example_branch_datetime_operator.py
[2026-07-05T16:13:23.847+0000] {processor.py:840} INFO - DAG(s) 'example_branch_datetime_operator_2', 'example_branch_datetime_operator', 'example_branch_datetime_operator_3' retrieved from /home/airflow/.local/lib/python3.11/site-packages/airflow/example_dags/example_branch_datetime_operator.py
[2026-07-05T16:13:23.875+0000] {logging_mixin.py:188} INFO - [2026-07-05T16:13:23.875+0000] {dag.py:3096} INFO - Sync 3 DAGs
[2026-07-05T16:13:23.899+0000] {logging_mixin.py:188} INFO - [2026-07-05T16:13:23.899+0000] {dag.py:3954} INFO - Setting next_dagrun for example_branch_datetime_operator to 2026-07-04 00:00:00+00:00, run_after=2026-07-05 00:00:00+00:00
[2026-07-05T16:13:23.904+0000] {logging_mixin.py:188} INFO - [2026-07-05T16:13:23.904+0000] {dag.py:3954} INFO - Setting next_dagrun for example_branch_datetime_operator_2 to 2026-07-04 00:00:00+00:00, run_after=2026-07-05 00:00:00+00:00
[2026-07-05T16:13:23.906+0000] {logging_mixin.py:188} INFO - [2026-07-05T16:13:23.906+0000] {dag.py:3954} INFO - Setting next_dagrun for example_branch_datetime_operator_3 to 2026-07-04 00:00:00+00:00, run_after=2026-07-05 00:00:00+00:00
[2026-07-05T16:13:23.923+0000] {processor.py:183} INFO - Processing /home/airflow/.local/lib/python3.11/site-packages/airflow/example_dags/example_branch_datetime_operator.py took 0.108 seconds
[2026-07-05T16:13:54.200+0000] {processor.py:161} INFO - Started process (PID=514) to work on /home/airflow/.local/lib/python3.11/site-packages/airflow/example_dags/example_branch_datetime_operator.py
[2026-07-05T16:13:54.201+0000] {processor.py:830} INFO - Processing file /home/airflow/.local/lib/python3.11/site-packages/airflow/example_dags/example_branch_datetime_operator.py for tasks to queue
[2026-07-05T16:13:54.203+0000] {logging_mixin.py:188} INFO - [2026-07-05T16:13:54.203+0000] {dagbag.py:545} INFO - Filling up the DagBag from /home/airflow/.local/lib/python3.11/site-packages/airflow/example_dags/example_branch_datetime_operator.py
[2026-07-05T16:13:54.211+0000] {processor.py:840} INFO - DAG(s) 'example_branch_datetime_operator_3', 'example_branch_datetime_operator_2', 'example_branch_datetime_operator' retrieved from /home/airflow/.local/lib/python3.11/site-packages/airflow/example_dags/example_branch_datetime_operator.py
[2026-07-05T16:13:54.237+0000] {logging_mixin.py:188} INFO - [2026-07-05T16:13:54.237+0000] {dag.py:3096} INFO - Sync 3 DAGs
[2026-07-05T16:13:54.256+0000] {logging_mixin.py:188} INFO - [2026-07-05T16:13:54.256+0000] {dag.py:3954} INFO - Setting next_dagrun for example_branch_datetime_operator to 2026-07-04 00:00:00+00:00, run_after=2026-07-05 00:00:00+00:00
[2026-07-05T16:13:54.261+0000] {logging_mixin.py:188} INFO - [2026-07-05T16:13:54.261+0000] {dag.py:3954} INFO - Setting next_dagrun for example_branch_datetime_operator_2 to 2026-07-04 00:00:00+00:00, run_after=2026-07-05 00:00:00+00:00
[2026-07-05T16:13:54.263+0000] {logging_mixin.py:188} INFO - [2026-07-05T16:13:54.263+0000] {dag.py:3954} INFO - Setting next_dagrun for example_branch_datetime_operator_3 to 2026-07-04 00:00:00+00:00, run_after=2026-07-05 00:00:00+00:00
[2026-07-05T16:13:54.282+0000] {processor.py:183} INFO - Processing /home/airflow/.local/lib/python3.11/site-packages/airflow/example_dags/example_branch_datetime_operator.py took 0.089 seconds
[2026-07-05T16:14:25.265+0000] {processor.py:161} INFO - Started process (PID=573) to work on /home/airflow/.local/lib/python3.11/site-packages/airflow/example_dags/example_branch_datetime_operator.py
[2026-07-05T16:14:25.266+0000] {processor.py:830} INFO - Processing file /home/airflow/.local/lib/python3.11/site-packages/airflow/example_dags/example_branch_datetime_operator.py for tasks to queue
[2026-07-05T16:14:25.268+0000] {logging_mixin.py:188} INFO - [2026-07-05T16:14:25.268+0000] {dagbag.py:545} INFO - Filling up the DagBag from /home/airflow/.local/lib/python3.11/site-packages/airflow/example_dags/example_branch_datetime_operator.py
[2026-07-05T16:14:25.280+0000] {processor.py:840} INFO - DAG(s) 'example_branch_datetime_operator_2', 'example_branch_datetime_operator_3', 'example_branch_datetime_operator' retrieved from /home/airflow/.local/lib/python3.11/site-packages/airflow/example_dags/example_branch_datetime_operator.py
[2026-07-05T16:14:25.309+0000] {logging_mixin.py:188} INFO - [2026-07-05T16:14:25.309+0000] {dag.py:3096} INFO - Sync 3 DAGs
[2026-07-05T16:14:25.346+0000] {logging_mixin.py:188} INFO - [2026-07-05T16:14:25.346+0000] {dag.py:3954} INFO - Setting next_dagrun for example_branch_datetime_operator to 2026-07-04 00:00:00+00:00, run_after=2026-07-05 00:00:00+00:00
[2026-07-05T16:14:25.352+0000] {logging_mixin.py:188} INFO - [2026-07-05T16:14:25.351+0000] {dag.py:3954} INFO - Setting next_dagrun for example_branch_datetime_operator_2 to 2026-07-04 00:00:00+00:00, run_after=2026-07-05 00:00:00+00:00
[2026-07-05T16:14:25.355+0000] {logging_mixin.py:188} INFO - [2026-07-05T16:14:25.355+0000] {dag.py:3954} INFO - Setting next_dagrun for example_branch_datetime_operator_3 to 2026-07-04 00:00:00+00:00, run_after=2026-07-05 00:00:00+00:00
[2026-07-05T16:14:25.376+0000] {processor.py:183} INFO - Processing /home/airflow/.local/lib/python3.11/site-packages/airflow/example_dags/example_branch_datetime_operator.py took 0.118 seconds
[2026-07-05T16:14:55.647+0000] {processor.py:161} INFO - Started process (PID=630) to work on /home/airflow/.local/lib/python3.11/site-packages/airflow/example_dags/example_branch_datetime_operator.py
[2026-07-05T16:14:55.648+0000] {processor.py:830} INFO - Processing file /home/airflow/.local/lib/python3.11/site-packages/airflow/example_dags/example_branch_datetime_operator.py for tasks to queue
[2026-07-05T16:14:55.651+0000] {logging_mixin.py:188} INFO - [2026-07-05T16:14:55.650+0000] {dagbag.py:545} INFO - Filling up the DagBag from /home/airflow/.local/lib/python3.11/site-packages/airflow/example_dags/example_branch_datetime_operator.py
[2026-07-05T16:14:55.661+0000] {processor.py:840} INFO - DAG(s) 'example_branch_datetime_operator', 'example_branch_datetime_operator_2', 'example_branch_datetime_operator_3' retrieved from /home/airflow/.local/lib/python3.11/site-packages/airflow/example_dags/example_branch_datetime_operator.py
[2026-07-05T16:14:55.691+0000] {logging_mixin.py:188} INFO - [2026-07-05T16:14:55.690+0000] {dag.py:3096} INFO - Sync 3 DAGs
[2026-07-05T16:14:55.715+0000] {logging_mixin.py:188} INFO - [2026-07-05T16:14:55.714+0000] {dag.py:3954} INFO - Setting next_dagrun for example_branch_datetime_operator to 2026-07-04 00:00:00+00:00, run_after=2026-07-05 00:00:00+00:00
[2026-07-05T16:14:55.719+0000] {logging_mixin.py:188} INFO - [2026-07-05T16:14:55.719+0000] {dag.py:3954} INFO - Setting next_dagrun for example_branch_datetime_operator_2 to 2026-07-04 00:00:00+00:00, run_after=2026-07-05 00:00:00+00:00
[2026-07-05T16:14:55.722+0000] {logging_mixin.py:188} INFO - [2026-07-05T16:14:55.722+0000] {dag.py:3954} INFO - Setting next_dagrun for example_branch_datetime_operator_3 to 2026-07-04 00:00:00+00:00, run_after=2026-07-05 00:00:00+00:00
[2026-07-05T16:14:55.739+0000] {processor.py:183} INFO - Processing /home/airflow/.local/lib/python3.11/site-packages/airflow/example_dags/example_branch_datetime_operator.py took 0.098 seconds
[2026-07-05T16:15:26.672+0000] {processor.py:161} INFO - Started process (PID=688) to work on /home/airflow/.local/lib/python3.11/site-packages/airflow/example_dags/example_branch_datetime_operator.py
[2026-07-05T16:15:26.673+0000] {processor.py:830} INFO - Processing file /home/airflow/.local/lib/python3.11/site-packages/airflow/example_dags/example_branch_datetime_operator.py for tasks to queue
[2026-07-05T16:15:26.675+0000] {logging_mixin.py:188} INFO - [2026-07-05T16:15:26.675+0000] {dagbag.py:545} INFO - Filling up the DagBag from /home/airflow/.local/lib/python3.11/site-packages/airflow/example_dags/example_branch_datetime_operator.py
[2026-07-05T16:15:26.684+0000] {processor.py:840} INFO - DAG(s) 'example_branch_datetime_operator', 'example_branch_datetime_operator_3', 'example_branch_datetime_operator_2' retrieved from /home/airflow/.local/lib/python3.11/site-packages/airflow/example_dags/example_branch_datetime_operator.py
[2026-07-05T16:15:26.709+0000] {logging_mixin.py:188} INFO - [2026-07-05T16:15:26.709+0000] {dag.py:3096} INFO - Sync 3 DAGs
[2026-07-05T16:15:26.731+0000] {logging_mixin.py:188} INFO - [2026-07-05T16:15:26.731+0000] {dag.py:3954} INFO - Setting next_dagrun for example_branch_datetime_operator to 2026-07-04 00:00:00+00:00, run_after=2026-07-05 00:00:00+00:00
[2026-07-05T16:15:26.736+0000] {logging_mixin.py:188} INFO - [2026-07-05T16:15:26.736+0000] {dag.py:3954} INFO - Setting next_dagrun for example_branch_datetime_operator_2 to 2026-07-04 00:00:00+00:00, run_after=2026-07-05 00:00:00+00:00
[2026-07-05T16:15:26.739+0000] {logging_mixin.py:188} INFO - [2026-07-05T16:15:26.739+0000] {dag.py:3954} INFO - Setting next_dagrun for example_branch_datetime_operator_3 to 2026-07-04 00:00:00+00:00, run_after=2026-07-05 00:00:00+00:00
[2026-07-05T16:15:26.756+0000] {processor.py:183} INFO - Processing /home/airflow/.local/lib/python3.11/site-packages/airflow/example_dags/example_branch_datetime_operator.py took 0.089 seconds
[2026-07-05T16:15:56.826+0000] {processor.py:161} INFO - Started process (PID=746) to work on /home/airflow/.local/lib/python3.11/site-packages/airflow/example_dags/example_branch_datetime_operator.py
[2026-07-05T16:15:56.827+0000] {processor.py:830} INFO - Processing file /home/airflow/.local/lib/python3.11/site-packages/airflow/example_dags/example_branch_datetime_operator.py for tasks to queue
[2026-07-05T16:15:56.829+0000] {logging_mixin.py:188} INFO - [2026-07-05T16:15:56.829+0000] {dagbag.py:545} INFO - Filling up the DagBag from /home/airflow/.local/lib/python3.11/site-packages/airflow/example_dags/example_branch_datetime_operator.py
[2026-07-05T16:15:56.839+0000] {processor.py:840} INFO - DAG(s) 'example_branch_datetime_operator_3', 'example_branch_datetime_operator_2', 'example_branch_datetime_operator' retrieved from /home/airflow/.local/lib/python3.11/site-packages/airflow/example_dags/example_branch_datetime_operator.py
[2026-07-05T16:15:56.863+0000] {logging_mixin.py:188} INFO - [2026-07-05T16:15:56.863+0000] {dag.py:3096} INFO - Sync 3 DAGs
[2026-07-05T16:15:56.884+0000] {logging_mixin.py:188} INFO - [2026-07-05T16:15:56.884+0000] {dag.py:3954} INFO - Setting next_dagrun for example_branch_datetime_operator to 2026-07-04 00:00:00+00:00, run_after=2026-07-05 00:00:00+00:00
[2026-07-05T16:15:56.888+0000] {logging_mixin.py:188} INFO - [2026-07-05T16:15:56.888+0000] {dag.py:3954} INFO - Setting next_dagrun for example_branch_datetime_operator_2 to 2026-07-04 00:00:00+00:00, run_after=2026-07-05 00:00:00+00:00
[2026-07-05T16:15:56.892+0000] {logging_mixin.py:188} INFO - [2026-07-05T16:15:56.892+0000] {dag.py:3954} INFO - Setting next_dagrun for example_branch_datetime_operator_3 to 2026-07-04 00:00:00+00:00, run_after=2026-07-05 00:00:00+00:00
[2026-07-05T16:15:56.910+0000] {processor.py:183} INFO - Processing /home/airflow/.local/lib/python3.11/site-packages/airflow/example_dags/example_branch_datetime_operator.py took 0.091 seconds
[2026-07-05T16:16:27.172+0000] {processor.py:161} INFO - Started process (PID=804) to work on /home/airflow/.local/lib/python3.11/site-packages/airflow/example_dags/example_branch_datetime_operator.py
[2026-07-05T16:16:27.173+0000] {processor.py:830} INFO - Processing file /home/airflow/.local/lib/python3.11/site-packages/airflow/example_dags/example_branch_datetime_operator.py for tasks to queue
[2026-07-05T16:16:27.175+0000] {logging_mixin.py:188} INFO - [2026-07-05T16:16:27.175+0000] {dagbag.py:545} INFO - Filling up the DagBag from /home/airflow/.local/lib/python3.11/site-packages/airflow/example_dags/example_branch_datetime_operator.py
[2026-07-05T16:16:27.187+0000] {processor.py:840} INFO - DAG(s) 'example_branch_datetime_operator_3', 'example_branch_datetime_operator', 'example_branch_datetime_operator_2' retrieved from /home/airflow/.local/lib/python3.11/site-packages/airflow/example_dags/example_branch_datetime_operator.py
[2026-07-05T16:16:27.217+0000] {logging_mixin.py:188} INFO - [2026-07-05T16:16:27.217+0000] {dag.py:3096} INFO - Sync 3 DAGs
[2026-07-05T16:16:27.240+0000] {logging_mixin.py:188} INFO - [2026-07-05T16:16:27.240+0000] {dag.py:3954} INFO - Setting next_dagrun for example_branch_datetime_operator to 2026-07-04 00:00:00+00:00, run_after=2026-07-05 00:00:00+00:00
[2026-07-05T16:16:27.245+0000] {logging_mixin.py:188} INFO - [2026-07-05T16:16:27.245+0000] {dag.py:3954} INFO - Setting next_dagrun for example_branch_datetime_operator_2 to 2026-07-04 00:00:00+00:00, run_after=2026-07-05 00:00:00+00:00
[2026-07-05T16:16:27.248+0000] {logging_mixin.py:188} INFO - [2026-07-05T16:16:27.248+0000] {dag.py:3954} INFO - Setting next_dagrun for example_branch_datetime_operator_3 to 2026-07-04 00:00:00+00:00, run_after=2026-07-05 00:00:00+00:00
[2026-07-05T16:16:27.266+0000] {processor.py:183} INFO - Processing /home/airflow/.local/lib/python3.11/site-packages/airflow/example_dags/example_branch_datetime_operator.py took 0.100 seconds
[2026-07-05T16:16:57.373+0000] {processor.py:161} INFO - Started process (PID=862) to work on /home/airflow/.local/lib/python3.11/site-packages/airflow/example_dags/example_branch_datetime_operator.py
[2026-07-05T16:16:57.374+0000] {processor.py:830} INFO - Processing file /home/airflow/.local/lib/python3.11/site-packages/airflow/example_dags/example_branch_datetime_operator.py for tasks to queue
[2026-07-05T16:16:57.376+0000] {logging_mixin.py:188} INFO - [2026-07-05T16:16:57.376+0000] {dagbag.py:545} INFO - Filling up the DagBag from /home/airflow/.local/lib/python3.11/site-packages/airflow/example_dags/example_branch_datetime_operator.py
[2026-07-05T16:16:57.386+0000] {processor.py:840} INFO - DAG(s) 'example_branch_datetime_operator_2', 'example_branch_datetime_operator_3', 'example_branch_datetime_operator' retrieved from /home/airflow/.local/lib/python3.11/site-packages/airflow/example_dags/example_branch_datetime_operator.py
[2026-07-05T16:16:57.412+0000] {logging_mixin.py:188} INFO - [2026-07-05T16:16:57.411+0000] {dag.py:3096} INFO - Sync 3 DAGs
[2026-07-05T16:16:57.432+0000] {logging_mixin.py:188} INFO - [2026-07-05T16:16:57.432+0000] {dag.py:3954} INFO - Setting next_dagrun for example_branch_datetime_operator to 2026-07-04 00:00:00+00:00, run_after=2026-07-05 00:00:00+00:00
[2026-07-05T16:16:57.437+0000] {logging_mixin.py:188} INFO - [2026-07-05T16:16:57.437+0000] {dag.py:3954} INFO - Setting next_dagrun for example_branch_datetime_operator_2 to 2026-07-04 00:00:00+00:00, run_after=2026-07-05 00:00:00+00:00
[2026-07-05T16:16:57.439+0000] {logging_mixin.py:188} INFO - [2026-07-05T16:16:57.439+0000] {dag.py:3954} INFO - Setting next_dagrun for example_branch_datetime_operator_3 to 2026-07-04 00:00:00+00:00, run_after=2026-07-05 00:00:00+00:00
[2026-07-05T16:16:57.457+0000] {processor.py:183} INFO - Processing /home/airflow/.local/lib/python3.11/site-packages/airflow/example_dags/example_branch_datetime_operator.py took 0.090 seconds
[2026-07-05T16:17:27.512+0000] {processor.py:161} INFO - Started process (PID=920) to work on /home/airflow/.local/lib/python3.11/site-packages/airflow/example_dags/example_branch_datetime_operator.py
[2026-07-05T16:17:27.513+0000] {processor.py:830} INFO - Processing file /home/airflow/.local/lib/python3.11/site-packages/airflow/example_dags/example_branch_datetime_operator.py for tasks to queue
[2026-07-05T16:17:27.515+0000] {logging_mixin.py:188} INFO - [2026-07-05T16:17:27.514+0000] {dagbag.py:545} INFO - Filling up the DagBag from /home/airflow/.local/lib/python3.11/site-packages/airflow/example_dags/example_branch_datetime_operator.py
[2026-07-05T16:17:27.524+0000] {processor.py:840} INFO - DAG(s) 'example_branch_datetime_operator_3', 'example_branch_datetime_operator', 'example_branch_datetime_operator_2' retrieved from /home/airflow/.local/lib/python3.11/site-packages/airflow/example_dags/example_branch_datetime_operator.py
[2026-07-05T16:17:27.550+0000] {logging_mixin.py:188} INFO - [2026-07-05T16:17:27.550+0000] {dag.py:3096} INFO - Sync 3 DAGs
[2026-07-05T16:17:27.570+0000] {logging_mixin.py:188} INFO - [2026-07-05T16:17:27.570+0000] {dag.py:3954} INFO - Setting next_dagrun for example_branch_datetime_operator to 2026-07-04 00:00:00+00:00, run_after=2026-07-05 00:00:00+00:00
[2026-07-05T16:17:27.576+0000] {logging_mixin.py:188} INFO - [2026-07-05T16:17:27.575+0000] {dag.py:3954} INFO - Setting next_dagrun for example_branch_datetime_operator_2 to 2026-07-04 00:00:00+00:00, run_after=2026-07-05 00:00:00+00:00
[2026-07-05T16:17:27.581+0000] {logging_mixin.py:188} INFO - [2026-07-05T16:17:27.581+0000] {dag.py:3954} INFO - Setting next_dagrun for example_branch_datetime_operator_3 to 2026-07-04 00:00:00+00:00, run_after=2026-07-05 00:00:00+00:00
[2026-07-05T16:17:27.599+0000] {processor.py:183} INFO - Processing /home/airflow/.local/lib/python3.11/site-packages/airflow/example_dags/example_branch_datetime_operator.py took 0.094 seconds
[2026-07-05T16:17:57.758+0000] {processor.py:161} INFO - Started process (PID=978) to work on /home/airflow/.local/lib/python3.11/site-packages/airflow/example_dags/example_branch_datetime_operator.py
[2026-07-05T16:17:57.759+0000] {processor.py:830} INFO - Processing file /home/airflow/.local/lib/python3.11/site-packages/airflow/example_dags/example_branch_datetime_operator.py for tasks to queue
[2026-07-05T16:17:57.761+0000] {logging_mixin.py:188} INFO - [2026-07-05T16:17:57.760+0000] {dagbag.py:545} INFO - Filling up the DagBag from /home/airflow/.local/lib/python3.11/site-packages/airflow/example_dags/example_branch_datetime_operator.py
[2026-07-05T16:17:57.770+0000] {processor.py:840} INFO - DAG(s) 'example_branch_datetime_operator_2', 'example_branch_datetime_operator_3', 'example_branch_datetime_operator' retrieved from /home/airflow/.local/lib/python3.11/site-packages/airflow/example_dags/example_branch_datetime_operator.py
[2026-07-05T16:17:57.794+0000] {logging_mixin.py:188} INFO - [2026-07-05T16:17:57.794+0000] {dag.py:3096} INFO - Sync 3 DAGs
[2026-07-05T16:17:57.814+0000] {logging_mixin.py:188} INFO - [2026-07-05T16:17:57.814+0000] {dag.py:3954} INFO - Setting next_dagrun for example_branch_datetime_operator to 2026-07-04 00:00:00+00:00, run_after=2026-07-05 00:00:00+00:00
[2026-07-05T16:17:57.819+0000] {logging_mixin.py:188} INFO - [2026-07-05T16:17:57.819+0000] {dag.py:3954} INFO - Setting next_dagrun for example_branch_datetime_operator_2 to 2026-07-04 00:00:00+00:00, run_after=2026-07-05 00:00:00+00:00
[2026-07-05T16:17:57.822+0000] {logging_mixin.py:188} INFO - [2026-07-05T16:17:57.822+0000] {dag.py:3954} INFO - Setting next_dagrun for example_branch_datetime_operator_3 to 2026-07-04 00:00:00+00:00, run_after=2026-07-05 00:00:00+00:00
[2026-07-05T16:17:57.839+0000] {processor.py:183} INFO - Processing /home/airflow/.local/lib/python3.11/site-packages/airflow/example_dags/example_branch_datetime_operator.py took 0.087 seconds
[2026-07-05T16:18:28.100+0000] {processor.py:161} INFO - Started process (PID=1036) to work on /home/airflow/.local/lib/python3.11/site-packages/airflow/example_dags/example_branch_datetime_operator.py
[2026-07-05T16:18:28.101+0000] {processor.py:830} INFO - Processing file /home/airflow/.local/lib/python3.11/site-packages/airflow/example_dags/example_branch_datetime_operator.py for tasks to queue
[2026-07-05T16:18:28.103+0000] {logging_mixin.py:188} INFO - [2026-07-05T16:18:28.103+0000] {dagbag.py:545} INFO - Filling up the DagBag from /home/airflow/.local/lib/python3.11/site-packages/airflow/example_dags/example_branch_datetime_operator.py
[2026-07-05T16:18:28.112+0000] {processor.py:840} INFO - DAG(s) 'example_branch_datetime_operator', 'example_branch_datetime_operator_2', 'example_branch_datetime_operator_3' retrieved from /home/airflow/.local/lib/python3.11/site-packages/airflow/example_dags/example_branch_datetime_operator.py
[2026-07-05T16:18:28.140+0000] {logging_mixin.py:188} INFO - [2026-07-05T16:18:28.140+0000] {dag.py:3096} INFO - Sync 3 DAGs
[2026-07-05T16:18:28.165+0000] {logging_mixin.py:188} INFO - [2026-07-05T16:18:28.165+0000] {dag.py:3954} INFO - Setting next_dagrun for example_branch_datetime_operator to 2026-07-04 00:00:00+00:00, run_after=2026-07-05 00:00:00+00:00
[2026-07-05T16:18:28.170+0000] {logging_mixin.py:188} INFO - [2026-07-05T16:18:28.170+0000] {dag.py:3954} INFO - Setting next_dagrun for example_branch_datetime_operator_2 to 2026-07-04 00:00:00+00:00, run_after=2026-07-05 00:00:00+00:00
[2026-07-05T16:18:28.174+0000] {logging_mixin.py:188} INFO - [2026-07-05T16:18:28.174+0000] {dag.py:3954} INFO - Setting next_dagrun for example_branch_datetime_operator_3 to 2026-07-04 00:00:00+00:00, run_after=2026-07-05 00:00:00+00:00
[2026-07-05T16:18:28.192+0000] {processor.py:183} INFO - Processing /home/airflow/.local/lib/python3.11/site-packages/airflow/example_dags/example_branch_datetime_operator.py took 0.098 seconds
[2026-07-05T16:18:58.286+0000] {processor.py:161} INFO - Started process (PID=1094) to work on /home/airflow/.local/lib/python3.11/site-packages/airflow/example_dags/example_branch_datetime_operator.py
[2026-07-05T16:18:58.287+0000] {processor.py:830} INFO - Processing file /home/airflow/.local/lib/python3.11/site-packages/airflow/example_dags/example_branch_datetime_operator.py for tasks to queue
[2026-07-05T16:18:58.289+0000] {logging_mixin.py:188} INFO - [2026-07-05T16:18:58.289+0000] {dagbag.py:545} INFO - Filling up the DagBag from /home/airflow/.local/lib/python3.11/site-packages/airflow/example_dags/example_branch_datetime_operator.py
[2026-07-05T16:18:58.298+0000] {processor.py:840} INFO - DAG(s) 'example_branch_datetime_operator', 'example_branch_datetime_operator_2', 'example_branch_datetime_operator_3' retrieved from /home/airflow/.local/lib/python3.11/site-packages/airflow/example_dags/example_branch_datetime_operator.py
[2026-07-05T16:18:58.329+0000] {logging_mixin.py:188} INFO - [2026-07-05T16:18:58.329+0000] {dag.py:3096} INFO - Sync 3 DAGs
[2026-07-05T16:18:58.357+0000] {logging_mixin.py:188} INFO - [2026-07-05T16:18:58.356+0000] {dag.py:3954} INFO - Setting next_dagrun for example_branch_datetime_operator to 2026-07-04 00:00:00+00:00, run_after=2026-07-05 00:00:00+00:00
[2026-07-05T16:18:58.362+0000] {logging_mixin.py:188} INFO - [2026-07-05T16:18:58.362+0000] {dag.py:3954} INFO - Setting next_dagrun for example_branch_datetime_operator_2 to 2026-07-04 00:00:00+00:00, run_after=2026-07-05 00:00:00+00:00
[2026-07-05T16:18:58.365+0000] {logging_mixin.py:188} INFO - [2026-07-05T16:18:58.365+0000] {dag.py:3954} INFO - Setting next_dagrun for example_branch_datetime_operator_3 to 2026-07-04 00:00:00+00:00, run_after=2026-07-05 00:00:00+00:00
[2026-07-05T16:18:58.381+0000] {processor.py:183} INFO - Processing /home/airflow/.local/lib/python3.11/site-packages/airflow/example_dags/example_branch_datetime_operator.py took 0.102 seconds
