[2026-07-05T16:07:22.430+0000] {processor.py:161} INFO - Started process (PID=61) to work on /home/airflow/.local/lib/python3.11/site-packages/airflow/example_dags/example_datasets.py
[2026-07-05T16:07:22.437+0000] {processor.py:830} INFO - Processing file /home/airflow/.local/lib/python3.11/site-packages/airflow/example_dags/example_datasets.py for tasks to queue
[2026-07-05T16:07:22.457+0000] {logging_mixin.py:188} INFO - [2026-07-05T16:07:22.452+0000] {dagbag.py:545} INFO - Filling up the DagBag from /home/airflow/.local/lib/python3.11/site-packages/airflow/example_dags/example_datasets.py
[2026-07-05T16:07:22.575+0000] {processor.py:840} INFO - DAG(s) 'dataset_consumes_1', 'dataset_produces_2', 'conditional_dataset_and_time_based_timetable', 'dataset_consumes_1_and_2', 'dataset_produces_1', 'consume_1_or_2_with_dataset_expressions', 'consume_1_or_both_2_and_3_with_dataset_expressions', 'consume_1_and_2_with_dataset_expressions', 'dataset_consumes_unknown_never_scheduled', 'dataset_consumes_1_never_scheduled' retrieved from /home/airflow/.local/lib/python3.11/site-packages/airflow/example_dags/example_datasets.py
[2026-07-05T16:07:24.309+0000] {logging_mixin.py:188} INFO - [2026-07-05T16:07:24.308+0000] {override.py:1829} INFO - Created Permission View: can delete on DAG:dataset_consumes_1
[2026-07-05T16:07:24.334+0000] {logging_mixin.py:188} INFO - [2026-07-05T16:07:24.334+0000] {override.py:1829} INFO - Created Permission View: can read on DAG:dataset_consumes_1
[2026-07-05T16:07:24.347+0000] {logging_mixin.py:188} INFO - [2026-07-05T16:07:24.347+0000] {override.py:1829} INFO - Created Permission View: can edit on DAG:dataset_consumes_1
[2026-07-05T16:07:24.369+0000] {logging_mixin.py:188} INFO - [2026-07-05T16:07:24.368+0000] {override.py:1829} INFO - Created Permission View: can delete on DAG:dataset_produces_2
[2026-07-05T16:07:24.382+0000] {logging_mixin.py:188} INFO - [2026-07-05T16:07:24.381+0000] {override.py:1829} INFO - Created Permission View: can read on DAG:dataset_produces_2
[2026-07-05T16:07:24.394+0000] {logging_mixin.py:188} INFO - [2026-07-05T16:07:24.394+0000] {override.py:1829} INFO - Created Permission View: can edit on DAG:dataset_produces_2
[2026-07-05T16:07:24.417+0000] {logging_mixin.py:188} INFO - [2026-07-05T16:07:24.416+0000] {override.py:1829} INFO - Created Permission View: can delete on DAG:conditional_dataset_and_time_based_timetable
[2026-07-05T16:07:24.432+0000] {logging_mixin.py:188} INFO - [2026-07-05T16:07:24.431+0000] {override.py:1829} INFO - Created Permission View: can read on DAG:conditional_dataset_and_time_based_timetable
[2026-07-05T16:07:24.444+0000] {logging_mixin.py:188} INFO - [2026-07-05T16:07:24.443+0000] {override.py:1829} INFO - Created Permission View: can edit on DAG:conditional_dataset_and_time_based_timetable
[2026-07-05T16:07:24.467+0000] {logging_mixin.py:188} INFO - [2026-07-05T16:07:24.466+0000] {override.py:1829} INFO - Created Permission View: can delete on DAG:dataset_consumes_1_and_2
[2026-07-05T16:07:24.481+0000] {logging_mixin.py:188} INFO - [2026-07-05T16:07:24.480+0000] {override.py:1829} INFO - Created Permission View: can read on DAG:dataset_consumes_1_and_2
[2026-07-05T16:07:24.498+0000] {logging_mixin.py:188} INFO - [2026-07-05T16:07:24.497+0000] {override.py:1829} INFO - Created Permission View: can edit on DAG:dataset_consumes_1_and_2
[2026-07-05T16:07:24.522+0000] {logging_mixin.py:188} INFO - [2026-07-05T16:07:24.521+0000] {override.py:1829} INFO - Created Permission View: can delete on DAG:dataset_produces_1
[2026-07-05T16:07:24.543+0000] {logging_mixin.py:188} INFO - [2026-07-05T16:07:24.542+0000] {override.py:1829} INFO - Created Permission View: can read on DAG:dataset_produces_1
[2026-07-05T16:07:24.565+0000] {logging_mixin.py:188} INFO - [2026-07-05T16:07:24.563+0000] {override.py:1829} INFO - Created Permission View: can edit on DAG:dataset_produces_1
[2026-07-05T16:07:24.608+0000] {logging_mixin.py:188} INFO - [2026-07-05T16:07:24.607+0000] {override.py:1829} INFO - Created Permission View: can delete on DAG:consume_1_or_2_with_dataset_expressions
[2026-07-05T16:07:24.625+0000] {logging_mixin.py:188} INFO - [2026-07-05T16:07:24.625+0000] {override.py:1829} INFO - Created Permission View: can read on DAG:consume_1_or_2_with_dataset_expressions
[2026-07-05T16:07:24.640+0000] {logging_mixin.py:188} INFO - [2026-07-05T16:07:24.640+0000] {override.py:1829} INFO - Created Permission View: can edit on DAG:consume_1_or_2_with_dataset_expressions
[2026-07-05T16:07:24.666+0000] {logging_mixin.py:188} INFO - [2026-07-05T16:07:24.665+0000] {override.py:1829} INFO - Created Permission View: can delete on DAG:consume_1_or_both_2_and_3_with_dataset_expressions
[2026-07-05T16:07:24.678+0000] {logging_mixin.py:188} INFO - [2026-07-05T16:07:24.677+0000] {override.py:1829} INFO - Created Permission View: can read on DAG:consume_1_or_both_2_and_3_with_dataset_expressions
[2026-07-05T16:07:24.691+0000] {logging_mixin.py:188} INFO - [2026-07-05T16:07:24.691+0000] {override.py:1829} INFO - Created Permission View: can edit on DAG:consume_1_or_both_2_and_3_with_dataset_expressions
[2026-07-05T16:07:24.716+0000] {logging_mixin.py:188} INFO - [2026-07-05T16:07:24.716+0000] {override.py:1829} INFO - Created Permission View: can delete on DAG:consume_1_and_2_with_dataset_expressions
[2026-07-05T16:07:24.730+0000] {logging_mixin.py:188} INFO - [2026-07-05T16:07:24.730+0000] {override.py:1829} INFO - Created Permission View: can read on DAG:consume_1_and_2_with_dataset_expressions
[2026-07-05T16:07:24.747+0000] {logging_mixin.py:188} INFO - [2026-07-05T16:07:24.747+0000] {override.py:1829} INFO - Created Permission View: can edit on DAG:consume_1_and_2_with_dataset_expressions
[2026-07-05T16:07:24.772+0000] {logging_mixin.py:188} INFO - [2026-07-05T16:07:24.771+0000] {override.py:1829} INFO - Created Permission View: can delete on DAG:dataset_consumes_unknown_never_scheduled
[2026-07-05T16:07:24.786+0000] {logging_mixin.py:188} INFO - [2026-07-05T16:07:24.786+0000] {override.py:1829} INFO - Created Permission View: can read on DAG:dataset_consumes_unknown_never_scheduled
[2026-07-05T16:07:24.805+0000] {logging_mixin.py:188} INFO - [2026-07-05T16:07:24.803+0000] {override.py:1829} INFO - Created Permission View: can edit on DAG:dataset_consumes_unknown_never_scheduled
[2026-07-05T16:07:24.841+0000] {logging_mixin.py:188} INFO - [2026-07-05T16:07:24.840+0000] {override.py:1829} INFO - Created Permission View: can delete on DAG:dataset_consumes_1_never_scheduled
[2026-07-05T16:07:24.855+0000] {logging_mixin.py:188} INFO - [2026-07-05T16:07:24.854+0000] {override.py:1829} INFO - Created Permission View: can read on DAG:dataset_consumes_1_never_scheduled
[2026-07-05T16:07:24.872+0000] {logging_mixin.py:188} INFO - [2026-07-05T16:07:24.871+0000] {override.py:1829} INFO - Created Permission View: can edit on DAG:dataset_consumes_1_never_scheduled
[2026-07-05T16:07:24.874+0000] {logging_mixin.py:188} INFO - [2026-07-05T16:07:24.873+0000] {dag.py:3096} INFO - Sync 10 DAGs
[2026-07-05T16:07:24.912+0000] {logging_mixin.py:188} INFO - [2026-07-05T16:07:24.911+0000] {dag.py:3118} INFO - Creating ORM DAG for dataset_consumes_1
[2026-07-05T16:07:24.914+0000] {logging_mixin.py:188} INFO - [2026-07-05T16:07:24.913+0000] {dag.py:3118} INFO - Creating ORM DAG for dataset_consumes_1_and_2
[2026-07-05T16:07:24.915+0000] {logging_mixin.py:188} INFO - [2026-07-05T16:07:24.915+0000] {dag.py:3118} INFO - Creating ORM DAG for dataset_consumes_unknown_never_scheduled
[2026-07-05T16:07:24.917+0000] {logging_mixin.py:188} INFO - [2026-07-05T16:07:24.916+0000] {dag.py:3118} INFO - Creating ORM DAG for consume_1_or_2_with_dataset_expressions
[2026-07-05T16:07:24.920+0000] {logging_mixin.py:188} INFO - [2026-07-05T16:07:24.920+0000] {dag.py:3118} INFO - Creating ORM DAG for conditional_dataset_and_time_based_timetable
[2026-07-05T16:07:24.926+0000] {logging_mixin.py:188} INFO - [2026-07-05T16:07:24.925+0000] {dag.py:3118} INFO - Creating ORM DAG for dataset_produces_2
[2026-07-05T16:07:24.929+0000] {logging_mixin.py:188} INFO - [2026-07-05T16:07:24.928+0000] {dag.py:3118} INFO - Creating ORM DAG for consume_1_or_both_2_and_3_with_dataset_expressions
[2026-07-05T16:07:24.936+0000] {logging_mixin.py:188} INFO - [2026-07-05T16:07:24.935+0000] {dag.py:3118} INFO - Creating ORM DAG for dataset_consumes_1_never_scheduled
[2026-07-05T16:07:24.940+0000] {logging_mixin.py:188} INFO - [2026-07-05T16:07:24.940+0000] {dag.py:3118} INFO - Creating ORM DAG for consume_1_and_2_with_dataset_expressions
[2026-07-05T16:07:24.942+0000] {logging_mixin.py:188} INFO - [2026-07-05T16:07:24.941+0000] {dag.py:3118} INFO - Creating ORM DAG for dataset_produces_1
[2026-07-05T16:07:24.977+0000] {logging_mixin.py:188} INFO - [2026-07-05T16:07:24.976+0000] {dag.py:3954} INFO - Setting next_dagrun for conditional_dataset_and_time_based_timetable to 2026-07-01 01:00:00+00:00, run_after=2026-07-01 01:00:00+00:00
[2026-07-05T16:07:24.981+0000] {logging_mixin.py:188} INFO - [2026-07-05T16:07:24.980+0000] {dag.py:3954} INFO - Setting next_dagrun for consume_1_and_2_with_dataset_expressions to None, run_after=None
[2026-07-05T16:07:24.983+0000] {logging_mixin.py:188} INFO - [2026-07-05T16:07:24.983+0000] {dag.py:3954} INFO - Setting next_dagrun for consume_1_or_2_with_dataset_expressions to None, run_after=None
[2026-07-05T16:07:24.985+0000] {logging_mixin.py:188} INFO - [2026-07-05T16:07:24.985+0000] {dag.py:3954} INFO - Setting next_dagrun for consume_1_or_both_2_and_3_with_dataset_expressions to None, run_after=None
[2026-07-05T16:07:24.987+0000] {logging_mixin.py:188} INFO - [2026-07-05T16:07:24.986+0000] {dag.py:3954} INFO - Setting next_dagrun for dataset_consumes_1 to None, run_after=None
[2026-07-05T16:07:24.993+0000] {logging_mixin.py:188} INFO - [2026-07-05T16:07:24.992+0000] {dag.py:3954} INFO - Setting next_dagrun for dataset_consumes_1_and_2 to None, run_after=None
[2026-07-05T16:07:24.994+0000] {logging_mixin.py:188} INFO - [2026-07-05T16:07:24.994+0000] {dag.py:3954} INFO - Setting next_dagrun for dataset_consumes_1_never_scheduled to None, run_after=None
[2026-07-05T16:07:24.996+0000] {logging_mixin.py:188} INFO - [2026-07-05T16:07:24.996+0000] {dag.py:3954} INFO - Setting next_dagrun for dataset_consumes_unknown_never_scheduled to None, run_after=None
[2026-07-05T16:07:25.003+0000] {logging_mixin.py:188} INFO - [2026-07-05T16:07:25.003+0000] {dag.py:3954} INFO - Setting next_dagrun for dataset_produces_1 to 2026-07-04 00:00:00+00:00, run_after=2026-07-05 00:00:00+00:00
[2026-07-05T16:07:25.006+0000] {logging_mixin.py:188} INFO - [2026-07-05T16:07:25.005+0000] {dag.py:3954} INFO - Setting next_dagrun for dataset_produces_2 to None, run_after=None
[2026-07-05T16:07:25.144+0000] {processor.py:183} INFO - Processing /home/airflow/.local/lib/python3.11/site-packages/airflow/example_dags/example_datasets.py took 2.784 seconds
[2026-07-05T16:07:55.999+0000] {processor.py:161} INFO - Started process (PID=125) to work on /home/airflow/.local/lib/python3.11/site-packages/airflow/example_dags/example_datasets.py
[2026-07-05T16:07:56.000+0000] {processor.py:830} INFO - Processing file /home/airflow/.local/lib/python3.11/site-packages/airflow/example_dags/example_datasets.py for tasks to queue
[2026-07-05T16:07:56.002+0000] {logging_mixin.py:188} INFO - [2026-07-05T16:07:56.002+0000] {dagbag.py:545} INFO - Filling up the DagBag from /home/airflow/.local/lib/python3.11/site-packages/airflow/example_dags/example_datasets.py
[2026-07-05T16:07:56.022+0000] {processor.py:840} INFO - DAG(s) 'dataset_consumes_unknown_never_scheduled', 'consume_1_or_both_2_and_3_with_dataset_expressions', 'conditional_dataset_and_time_based_timetable', 'consume_1_and_2_with_dataset_expressions', 'dataset_produces_2', 'dataset_consumes_1_never_scheduled', 'dataset_consumes_1', 'dataset_consumes_1_and_2', 'dataset_produces_1', 'consume_1_or_2_with_dataset_expressions' retrieved from /home/airflow/.local/lib/python3.11/site-packages/airflow/example_dags/example_datasets.py
[2026-07-05T16:07:56.074+0000] {logging_mixin.py:188} INFO - [2026-07-05T16:07:56.074+0000] {dag.py:3096} INFO - Sync 10 DAGs
[2026-07-05T16:07:56.098+0000] {logging_mixin.py:188} INFO - [2026-07-05T16:07:56.098+0000] {dag.py:3954} INFO - Setting next_dagrun for conditional_dataset_and_time_based_timetable to 2026-07-01 01:00:00+00:00, run_after=2026-07-01 01:00:00+00:00
[2026-07-05T16:07:56.102+0000] {logging_mixin.py:188} INFO - [2026-07-05T16:07:56.102+0000] {dag.py:3954} INFO - Setting next_dagrun for consume_1_and_2_with_dataset_expressions to None, run_after=None
[2026-07-05T16:07:56.104+0000] {logging_mixin.py:188} INFO - [2026-07-05T16:07:56.104+0000] {dag.py:3954} INFO - Setting next_dagrun for consume_1_or_2_with_dataset_expressions to None, run_after=None
[2026-07-05T16:07:56.105+0000] {logging_mixin.py:188} INFO - [2026-07-05T16:07:56.105+0000] {dag.py:3954} INFO - Setting next_dagrun for consume_1_or_both_2_and_3_with_dataset_expressions to None, run_after=None
[2026-07-05T16:07:56.107+0000] {logging_mixin.py:188} INFO - [2026-07-05T16:07:56.107+0000] {dag.py:3954} INFO - Setting next_dagrun for dataset_consumes_1 to None, run_after=None
[2026-07-05T16:07:56.108+0000] {logging_mixin.py:188} INFO - [2026-07-05T16:07:56.108+0000] {dag.py:3954} INFO - Setting next_dagrun for dataset_consumes_1_and_2 to None, run_after=None
[2026-07-05T16:07:56.110+0000] {logging_mixin.py:188} INFO - [2026-07-05T16:07:56.110+0000] {dag.py:3954} INFO - Setting next_dagrun for dataset_consumes_1_never_scheduled to None, run_after=None
[2026-07-05T16:07:56.113+0000] {logging_mixin.py:188} INFO - [2026-07-05T16:07:56.112+0000] {dag.py:3954} INFO - Setting next_dagrun for dataset_consumes_unknown_never_scheduled to None, run_after=None
[2026-07-05T16:07:56.115+0000] {logging_mixin.py:188} INFO - [2026-07-05T16:07:56.115+0000] {dag.py:3954} INFO - Setting next_dagrun for dataset_produces_1 to 2026-07-04 00:00:00+00:00, run_after=2026-07-05 00:00:00+00:00
[2026-07-05T16:07:56.116+0000] {logging_mixin.py:188} INFO - [2026-07-05T16:07:56.116+0000] {dag.py:3954} INFO - Setting next_dagrun for dataset_produces_2 to None, run_after=None
[2026-07-05T16:07:56.152+0000] {processor.py:183} INFO - Processing /home/airflow/.local/lib/python3.11/site-packages/airflow/example_dags/example_datasets.py took 0.158 seconds
[2026-07-05T16:08:26.245+0000] {processor.py:161} INFO - Started process (PID=183) to work on /home/airflow/.local/lib/python3.11/site-packages/airflow/example_dags/example_datasets.py
[2026-07-05T16:08:26.246+0000] {processor.py:830} INFO - Processing file /home/airflow/.local/lib/python3.11/site-packages/airflow/example_dags/example_datasets.py for tasks to queue
[2026-07-05T16:08:26.249+0000] {logging_mixin.py:188} INFO - [2026-07-05T16:08:26.248+0000] {dagbag.py:545} INFO - Filling up the DagBag from /home/airflow/.local/lib/python3.11/site-packages/airflow/example_dags/example_datasets.py
[2026-07-05T16:08:26.264+0000] {processor.py:840} INFO - DAG(s) 'dataset_consumes_1_and_2', 'dataset_consumes_1', 'consume_1_or_both_2_and_3_with_dataset_expressions', 'conditional_dataset_and_time_based_timetable', 'dataset_consumes_1_never_scheduled', 'dataset_produces_1', 'consume_1_and_2_with_dataset_expressions', 'dataset_consumes_unknown_never_scheduled', 'dataset_produces_2', 'consume_1_or_2_with_dataset_expressions' retrieved from /home/airflow/.local/lib/python3.11/site-packages/airflow/example_dags/example_datasets.py
[2026-07-05T16:08:26.313+0000] {logging_mixin.py:188} INFO - [2026-07-05T16:08:26.313+0000] {dag.py:3096} INFO - Sync 10 DAGs
[2026-07-05T16:08:26.348+0000] {logging_mixin.py:188} INFO - [2026-07-05T16:08:26.347+0000] {dag.py:3954} INFO - Setting next_dagrun for conditional_dataset_and_time_based_timetable to 2026-07-01 01:00:00+00:00, run_after=2026-07-01 01:00:00+00:00
[2026-07-05T16:08:26.352+0000] {logging_mixin.py:188} INFO - [2026-07-05T16:08:26.352+0000] {dag.py:3954} INFO - Setting next_dagrun for consume_1_and_2_with_dataset_expressions to None, run_after=None
[2026-07-05T16:08:26.354+0000] {logging_mixin.py:188} INFO - [2026-07-05T16:08:26.353+0000] {dag.py:3954} INFO - Setting next_dagrun for consume_1_or_2_with_dataset_expressions to None, run_after=None
[2026-07-05T16:08:26.355+0000] {logging_mixin.py:188} INFO - [2026-07-05T16:08:26.355+0000] {dag.py:3954} INFO - Setting next_dagrun for consume_1_or_both_2_and_3_with_dataset_expressions to None, run_after=None
[2026-07-05T16:08:26.357+0000] {logging_mixin.py:188} INFO - [2026-07-05T16:08:26.357+0000] {dag.py:3954} INFO - Setting next_dagrun for dataset_consumes_1 to None, run_after=None
[2026-07-05T16:08:26.359+0000] {logging_mixin.py:188} INFO - [2026-07-05T16:08:26.358+0000] {dag.py:3954} INFO - Setting next_dagrun for dataset_consumes_1_and_2 to None, run_after=None
[2026-07-05T16:08:26.360+0000] {logging_mixin.py:188} INFO - [2026-07-05T16:08:26.360+0000] {dag.py:3954} INFO - Setting next_dagrun for dataset_consumes_1_never_scheduled to None, run_after=None
[2026-07-05T16:08:26.362+0000] {logging_mixin.py:188} INFO - [2026-07-05T16:08:26.362+0000] {dag.py:3954} INFO - Setting next_dagrun for dataset_consumes_unknown_never_scheduled to None, run_after=None
[2026-07-05T16:08:26.364+0000] {logging_mixin.py:188} INFO - [2026-07-05T16:08:26.364+0000] {dag.py:3954} INFO - Setting next_dagrun for dataset_produces_1 to 2026-07-04 00:00:00+00:00, run_after=2026-07-05 00:00:00+00:00
[2026-07-05T16:08:26.366+0000] {logging_mixin.py:188} INFO - [2026-07-05T16:08:26.366+0000] {dag.py:3954} INFO - Setting next_dagrun for dataset_produces_2 to None, run_after=None
[2026-07-05T16:08:26.404+0000] {processor.py:183} INFO - Processing /home/airflow/.local/lib/python3.11/site-packages/airflow/example_dags/example_datasets.py took 0.169 seconds
[2026-07-05T16:08:56.528+0000] {processor.py:161} INFO - Started process (PID=241) to work on /home/airflow/.local/lib/python3.11/site-packages/airflow/example_dags/example_datasets.py
[2026-07-05T16:08:56.533+0000] {processor.py:830} INFO - Processing file /home/airflow/.local/lib/python3.11/site-packages/airflow/example_dags/example_datasets.py for tasks to queue
[2026-07-05T16:08:56.541+0000] {logging_mixin.py:188} INFO - [2026-07-05T16:08:56.541+0000] {dagbag.py:545} INFO - Filling up the DagBag from /home/airflow/.local/lib/python3.11/site-packages/airflow/example_dags/example_datasets.py
[2026-07-05T16:08:56.563+0000] {processor.py:840} INFO - DAG(s) 'consume_1_or_2_with_dataset_expressions', 'dataset_consumes_1_never_scheduled', 'dataset_produces_1', 'consume_1_and_2_with_dataset_expressions', 'dataset_consumes_unknown_never_scheduled', 'dataset_consumes_1', 'conditional_dataset_and_time_based_timetable', 'consume_1_or_both_2_and_3_with_dataset_expressions', 'dataset_produces_2', 'dataset_consumes_1_and_2' retrieved from /home/airflow/.local/lib/python3.11/site-packages/airflow/example_dags/example_datasets.py
[2026-07-05T16:08:56.606+0000] {logging_mixin.py:188} INFO - [2026-07-05T16:08:56.605+0000] {dag.py:3096} INFO - Sync 10 DAGs
[2026-07-05T16:08:56.636+0000] {logging_mixin.py:188} INFO - [2026-07-05T16:08:56.636+0000] {dag.py:3954} INFO - Setting next_dagrun for conditional_dataset_and_time_based_timetable to 2026-07-01 01:00:00+00:00, run_after=2026-07-01 01:00:00+00:00
[2026-07-05T16:08:56.640+0000] {logging_mixin.py:188} INFO - [2026-07-05T16:08:56.639+0000] {dag.py:3954} INFO - Setting next_dagrun for consume_1_and_2_with_dataset_expressions to None, run_after=None
[2026-07-05T16:08:56.641+0000] {logging_mixin.py:188} INFO - [2026-07-05T16:08:56.641+0000] {dag.py:3954} INFO - Setting next_dagrun for consume_1_or_2_with_dataset_expressions to None, run_after=None
[2026-07-05T16:08:56.642+0000] {logging_mixin.py:188} INFO - [2026-07-05T16:08:56.642+0000] {dag.py:3954} INFO - Setting next_dagrun for consume_1_or_both_2_and_3_with_dataset_expressions to None, run_after=None
[2026-07-05T16:08:56.643+0000] {logging_mixin.py:188} INFO - [2026-07-05T16:08:56.643+0000] {dag.py:3954} INFO - Setting next_dagrun for dataset_consumes_1 to None, run_after=None
[2026-07-05T16:08:56.644+0000] {logging_mixin.py:188} INFO - [2026-07-05T16:08:56.644+0000] {dag.py:3954} INFO - Setting next_dagrun for dataset_consumes_1_and_2 to None, run_after=None
[2026-07-05T16:08:56.645+0000] {logging_mixin.py:188} INFO - [2026-07-05T16:08:56.645+0000] {dag.py:3954} INFO - Setting next_dagrun for dataset_consumes_1_never_scheduled to None, run_after=None
[2026-07-05T16:08:56.646+0000] {logging_mixin.py:188} INFO - [2026-07-05T16:08:56.646+0000] {dag.py:3954} INFO - Setting next_dagrun for dataset_consumes_unknown_never_scheduled to None, run_after=None
[2026-07-05T16:08:56.648+0000] {logging_mixin.py:188} INFO - [2026-07-05T16:08:56.648+0000] {dag.py:3954} INFO - Setting next_dagrun for dataset_produces_1 to 2026-07-04 00:00:00+00:00, run_after=2026-07-05 00:00:00+00:00
[2026-07-05T16:08:56.650+0000] {logging_mixin.py:188} INFO - [2026-07-05T16:08:56.650+0000] {dag.py:3954} INFO - Setting next_dagrun for dataset_produces_2 to None, run_after=None
[2026-07-05T16:08:56.677+0000] {processor.py:183} INFO - Processing /home/airflow/.local/lib/python3.11/site-packages/airflow/example_dags/example_datasets.py took 0.157 seconds
[2026-07-05T16:09:26.809+0000] {processor.py:161} INFO - Started process (PID=299) to work on /home/airflow/.local/lib/python3.11/site-packages/airflow/example_dags/example_datasets.py
[2026-07-05T16:09:26.811+0000] {processor.py:830} INFO - Processing file /home/airflow/.local/lib/python3.11/site-packages/airflow/example_dags/example_datasets.py for tasks to queue
[2026-07-05T16:09:26.815+0000] {logging_mixin.py:188} INFO - [2026-07-05T16:09:26.815+0000] {dagbag.py:545} INFO - Filling up the DagBag from /home/airflow/.local/lib/python3.11/site-packages/airflow/example_dags/example_datasets.py
[2026-07-05T16:09:26.835+0000] {processor.py:840} INFO - DAG(s) 'dataset_consumes_1_and_2', 'dataset_produces_2', 'dataset_consumes_unknown_never_scheduled', 'dataset_consumes_1_never_scheduled', 'dataset_consumes_1', 'consume_1_or_both_2_and_3_with_dataset_expressions', 'conditional_dataset_and_time_based_timetable', 'consume_1_and_2_with_dataset_expressions', 'consume_1_or_2_with_dataset_expressions', 'dataset_produces_1' retrieved from /home/airflow/.local/lib/python3.11/site-packages/airflow/example_dags/example_datasets.py
[2026-07-05T16:09:26.858+0000] {logging_mixin.py:188} INFO - [2026-07-05T16:09:26.858+0000] {dag.py:3096} INFO - Sync 10 DAGs
[2026-07-05T16:09:26.894+0000] {logging_mixin.py:188} INFO - [2026-07-05T16:09:26.894+0000] {dag.py:3954} INFO - Setting next_dagrun for conditional_dataset_and_time_based_timetable to 2026-07-01 01:00:00+00:00, run_after=2026-07-01 01:00:00+00:00
[2026-07-05T16:09:26.900+0000] {logging_mixin.py:188} INFO - [2026-07-05T16:09:26.899+0000] {dag.py:3954} INFO - Setting next_dagrun for consume_1_and_2_with_dataset_expressions to None, run_after=None
[2026-07-05T16:09:26.901+0000] {logging_mixin.py:188} INFO - [2026-07-05T16:09:26.901+0000] {dag.py:3954} INFO - Setting next_dagrun for consume_1_or_2_with_dataset_expressions to None, run_after=None
[2026-07-05T16:09:26.903+0000] {logging_mixin.py:188} INFO - [2026-07-05T16:09:26.903+0000] {dag.py:3954} INFO - Setting next_dagrun for consume_1_or_both_2_and_3_with_dataset_expressions to None, run_after=None
[2026-07-05T16:09:26.906+0000] {logging_mixin.py:188} INFO - [2026-07-05T16:09:26.905+0000] {dag.py:3954} INFO - Setting next_dagrun for dataset_consumes_1 to None, run_after=None
[2026-07-05T16:09:26.907+0000] {logging_mixin.py:188} INFO - [2026-07-05T16:09:26.907+0000] {dag.py:3954} INFO - Setting next_dagrun for dataset_consumes_1_and_2 to None, run_after=None
[2026-07-05T16:09:26.911+0000] {logging_mixin.py:188} INFO - [2026-07-05T16:09:26.911+0000] {dag.py:3954} INFO - Setting next_dagrun for dataset_consumes_1_never_scheduled to None, run_after=None
[2026-07-05T16:09:26.913+0000] {logging_mixin.py:188} INFO - [2026-07-05T16:09:26.913+0000] {dag.py:3954} INFO - Setting next_dagrun for dataset_consumes_unknown_never_scheduled to None, run_after=None
[2026-07-05T16:09:26.916+0000] {logging_mixin.py:188} INFO - [2026-07-05T16:09:26.916+0000] {dag.py:3954} INFO - Setting next_dagrun for dataset_produces_1 to 2026-07-04 00:00:00+00:00, run_after=2026-07-05 00:00:00+00:00
[2026-07-05T16:09:26.918+0000] {logging_mixin.py:188} INFO - [2026-07-05T16:09:26.918+0000] {dag.py:3954} INFO - Setting next_dagrun for dataset_produces_2 to None, run_after=None
[2026-07-05T16:09:27.045+0000] {processor.py:183} INFO - Processing /home/airflow/.local/lib/python3.11/site-packages/airflow/example_dags/example_datasets.py took 0.245 seconds
[2026-07-05T16:10:09.205+0000] {processor.py:161} INFO - Started process (PID=56) to work on /home/airflow/.local/lib/python3.11/site-packages/airflow/example_dags/example_datasets.py
[2026-07-05T16:10:09.208+0000] {processor.py:830} INFO - Processing file /home/airflow/.local/lib/python3.11/site-packages/airflow/example_dags/example_datasets.py for tasks to queue
[2026-07-05T16:10:09.213+0000] {logging_mixin.py:188} INFO - [2026-07-05T16:10:09.213+0000] {dagbag.py:545} INFO - Filling up the DagBag from /home/airflow/.local/lib/python3.11/site-packages/airflow/example_dags/example_datasets.py
[2026-07-05T16:10:09.250+0000] {processor.py:840} INFO - DAG(s) 'consume_1_or_2_with_dataset_expressions', 'dataset_consumes_1_never_scheduled', 'dataset_consumes_unknown_never_scheduled', 'dataset_produces_2', 'consume_1_and_2_with_dataset_expressions', 'dataset_consumes_1_and_2', 'dataset_consumes_1', 'conditional_dataset_and_time_based_timetable', 'dataset_produces_1', 'consume_1_or_both_2_and_3_with_dataset_expressions' retrieved from /home/airflow/.local/lib/python3.11/site-packages/airflow/example_dags/example_datasets.py
[2026-07-05T16:10:09.299+0000] {logging_mixin.py:188} INFO - [2026-07-05T16:10:09.298+0000] {dag.py:3096} INFO - Sync 10 DAGs
[2026-07-05T16:10:09.644+0000] {logging_mixin.py:188} INFO - [2026-07-05T16:10:09.643+0000] {dag.py:3954} INFO - Setting next_dagrun for conditional_dataset_and_time_based_timetable to 2026-07-01 01:00:00+00:00, run_after=2026-07-01 01:00:00+00:00
[2026-07-05T16:10:09.648+0000] {logging_mixin.py:188} INFO - [2026-07-05T16:10:09.648+0000] {dag.py:3954} INFO - Setting next_dagrun for consume_1_and_2_with_dataset_expressions to None, run_after=None
[2026-07-05T16:10:09.650+0000] {logging_mixin.py:188} INFO - [2026-07-05T16:10:09.650+0000] {dag.py:3954} INFO - Setting next_dagrun for consume_1_or_2_with_dataset_expressions to None, run_after=None
[2026-07-05T16:10:09.652+0000] {logging_mixin.py:188} INFO - [2026-07-05T16:10:09.652+0000] {dag.py:3954} INFO - Setting next_dagrun for consume_1_or_both_2_and_3_with_dataset_expressions to None, run_after=None
[2026-07-05T16:10:09.654+0000] {logging_mixin.py:188} INFO - [2026-07-05T16:10:09.654+0000] {dag.py:3954} INFO - Setting next_dagrun for dataset_consumes_1 to None, run_after=None
[2026-07-05T16:10:09.656+0000] {logging_mixin.py:188} INFO - [2026-07-05T16:10:09.656+0000] {dag.py:3954} INFO - Setting next_dagrun for dataset_consumes_1_and_2 to None, run_after=None
[2026-07-05T16:10:09.658+0000] {logging_mixin.py:188} INFO - [2026-07-05T16:10:09.657+0000] {dag.py:3954} INFO - Setting next_dagrun for dataset_consumes_1_never_scheduled to None, run_after=None
[2026-07-05T16:10:09.659+0000] {logging_mixin.py:188} INFO - [2026-07-05T16:10:09.659+0000] {dag.py:3954} INFO - Setting next_dagrun for dataset_consumes_unknown_never_scheduled to None, run_after=None
[2026-07-05T16:10:09.662+0000] {logging_mixin.py:188} INFO - [2026-07-05T16:10:09.662+0000] {dag.py:3954} INFO - Setting next_dagrun for dataset_produces_1 to 2026-07-04 00:00:00+00:00, run_after=2026-07-05 00:00:00+00:00
[2026-07-05T16:10:09.664+0000] {logging_mixin.py:188} INFO - [2026-07-05T16:10:09.664+0000] {dag.py:3954} INFO - Setting next_dagrun for dataset_produces_2 to None, run_after=None
[2026-07-05T16:10:09.704+0000] {processor.py:183} INFO - Processing /home/airflow/.local/lib/python3.11/site-packages/airflow/example_dags/example_datasets.py took 0.515 seconds
[2026-07-05T16:10:39.996+0000] {processor.py:161} INFO - Started process (PID=114) to work on /home/airflow/.local/lib/python3.11/site-packages/airflow/example_dags/example_datasets.py
[2026-07-05T16:10:39.998+0000] {processor.py:830} INFO - Processing file /home/airflow/.local/lib/python3.11/site-packages/airflow/example_dags/example_datasets.py for tasks to queue
[2026-07-05T16:10:40.001+0000] {logging_mixin.py:188} INFO - [2026-07-05T16:10:40.000+0000] {dagbag.py:545} INFO - Filling up the DagBag from /home/airflow/.local/lib/python3.11/site-packages/airflow/example_dags/example_datasets.py
[2026-07-05T16:10:40.014+0000] {processor.py:840} INFO - DAG(s) 'dataset_consumes_1_and_2', 'dataset_produces_1', 'conditional_dataset_and_time_based_timetable', 'dataset_produces_2', 'consume_1_or_2_with_dataset_expressions', 'consume_1_and_2_with_dataset_expressions', 'dataset_consumes_unknown_never_scheduled', 'consume_1_or_both_2_and_3_with_dataset_expressions', 'dataset_consumes_1', 'dataset_consumes_1_never_scheduled' retrieved from /home/airflow/.local/lib/python3.11/site-packages/airflow/example_dags/example_datasets.py
[2026-07-05T16:10:40.241+0000] {logging_mixin.py:188} INFO - [2026-07-05T16:10:40.241+0000] {dag.py:3096} INFO - Sync 10 DAGs
[2026-07-05T16:10:40.262+0000] {logging_mixin.py:188} INFO - [2026-07-05T16:10:40.262+0000] {dag.py:3954} INFO - Setting next_dagrun for conditional_dataset_and_time_based_timetable to 2026-07-01 01:00:00+00:00, run_after=2026-07-01 01:00:00+00:00
[2026-07-05T16:10:40.265+0000] {logging_mixin.py:188} INFO - [2026-07-05T16:10:40.265+0000] {dag.py:3954} INFO - Setting next_dagrun for consume_1_and_2_with_dataset_expressions to None, run_after=None
[2026-07-05T16:10:40.267+0000] {logging_mixin.py:188} INFO - [2026-07-05T16:10:40.266+0000] {dag.py:3954} INFO - Setting next_dagrun for consume_1_or_2_with_dataset_expressions to None, run_after=None
[2026-07-05T16:10:40.268+0000] {logging_mixin.py:188} INFO - [2026-07-05T16:10:40.268+0000] {dag.py:3954} INFO - Setting next_dagrun for consume_1_or_both_2_and_3_with_dataset_expressions to None, run_after=None
[2026-07-05T16:10:40.269+0000] {logging_mixin.py:188} INFO - [2026-07-05T16:10:40.269+0000] {dag.py:3954} INFO - Setting next_dagrun for dataset_consumes_1 to None, run_after=None
[2026-07-05T16:10:40.270+0000] {logging_mixin.py:188} INFO - [2026-07-05T16:10:40.270+0000] {dag.py:3954} INFO - Setting next_dagrun for dataset_consumes_1_and_2 to None, run_after=None
[2026-07-05T16:10:40.271+0000] {logging_mixin.py:188} INFO - [2026-07-05T16:10:40.271+0000] {dag.py:3954} INFO - Setting next_dagrun for dataset_consumes_1_never_scheduled to None, run_after=None
[2026-07-05T16:10:40.272+0000] {logging_mixin.py:188} INFO - [2026-07-05T16:10:40.272+0000] {dag.py:3954} INFO - Setting next_dagrun for dataset_consumes_unknown_never_scheduled to None, run_after=None
[2026-07-05T16:10:40.274+0000] {logging_mixin.py:188} INFO - [2026-07-05T16:10:40.274+0000] {dag.py:3954} INFO - Setting next_dagrun for dataset_produces_1 to 2026-07-04 00:00:00+00:00, run_after=2026-07-05 00:00:00+00:00
[2026-07-05T16:10:40.275+0000] {logging_mixin.py:188} INFO - [2026-07-05T16:10:40.275+0000] {dag.py:3954} INFO - Setting next_dagrun for dataset_produces_2 to None, run_after=None
[2026-07-05T16:10:40.316+0000] {processor.py:183} INFO - Processing /home/airflow/.local/lib/python3.11/site-packages/airflow/example_dags/example_datasets.py took 0.328 seconds
[2026-07-05T16:11:10.464+0000] {processor.py:161} INFO - Started process (PID=173) to work on /home/airflow/.local/lib/python3.11/site-packages/airflow/example_dags/example_datasets.py
[2026-07-05T16:11:10.465+0000] {processor.py:830} INFO - Processing file /home/airflow/.local/lib/python3.11/site-packages/airflow/example_dags/example_datasets.py for tasks to queue
[2026-07-05T16:11:10.468+0000] {logging_mixin.py:188} INFO - [2026-07-05T16:11:10.467+0000] {dagbag.py:545} INFO - Filling up the DagBag from /home/airflow/.local/lib/python3.11/site-packages/airflow/example_dags/example_datasets.py
[2026-07-05T16:11:10.483+0000] {processor.py:840} INFO - DAG(s) 'dataset_consumes_1', 'dataset_produces_2', 'consume_1_or_2_with_dataset_expressions', 'dataset_consumes_unknown_never_scheduled', 'conditional_dataset_and_time_based_timetable', 'consume_1_or_both_2_and_3_with_dataset_expressions', 'dataset_produces_1', 'dataset_consumes_1_and_2', 'consume_1_and_2_with_dataset_expressions', 'dataset_consumes_1_never_scheduled' retrieved from /home/airflow/.local/lib/python3.11/site-packages/airflow/example_dags/example_datasets.py
[2026-07-05T16:11:10.532+0000] {logging_mixin.py:188} INFO - [2026-07-05T16:11:10.531+0000] {dag.py:3096} INFO - Sync 10 DAGs
[2026-07-05T16:11:10.554+0000] {logging_mixin.py:188} INFO - [2026-07-05T16:11:10.554+0000] {dag.py:3954} INFO - Setting next_dagrun for conditional_dataset_and_time_based_timetable to 2026-07-01 01:00:00+00:00, run_after=2026-07-01 01:00:00+00:00
[2026-07-05T16:11:10.557+0000] {logging_mixin.py:188} INFO - [2026-07-05T16:11:10.557+0000] {dag.py:3954} INFO - Setting next_dagrun for consume_1_and_2_with_dataset_expressions to None, run_after=None
[2026-07-05T16:11:10.559+0000] {logging_mixin.py:188} INFO - [2026-07-05T16:11:10.559+0000] {dag.py:3954} INFO - Setting next_dagrun for consume_1_or_2_with_dataset_expressions to None, run_after=None
[2026-07-05T16:11:10.560+0000] {logging_mixin.py:188} INFO - [2026-07-05T16:11:10.560+0000] {dag.py:3954} INFO - Setting next_dagrun for consume_1_or_both_2_and_3_with_dataset_expressions to None, run_after=None
[2026-07-05T16:11:10.562+0000] {logging_mixin.py:188} INFO - [2026-07-05T16:11:10.561+0000] {dag.py:3954} INFO - Setting next_dagrun for dataset_consumes_1 to None, run_after=None
[2026-07-05T16:11:10.563+0000] {logging_mixin.py:188} INFO - [2026-07-05T16:11:10.563+0000] {dag.py:3954} INFO - Setting next_dagrun for dataset_consumes_1_and_2 to None, run_after=None
[2026-07-05T16:11:10.564+0000] {logging_mixin.py:188} INFO - [2026-07-05T16:11:10.564+0000] {dag.py:3954} INFO - Setting next_dagrun for dataset_consumes_1_never_scheduled to None, run_after=None
[2026-07-05T16:11:10.565+0000] {logging_mixin.py:188} INFO - [2026-07-05T16:11:10.565+0000] {dag.py:3954} INFO - Setting next_dagrun for dataset_consumes_unknown_never_scheduled to None, run_after=None
[2026-07-05T16:11:10.567+0000] {logging_mixin.py:188} INFO - [2026-07-05T16:11:10.567+0000] {dag.py:3954} INFO - Setting next_dagrun for dataset_produces_1 to 2026-07-04 00:00:00+00:00, run_after=2026-07-05 00:00:00+00:00
[2026-07-05T16:11:10.568+0000] {logging_mixin.py:188} INFO - [2026-07-05T16:11:10.568+0000] {dag.py:3954} INFO - Setting next_dagrun for dataset_produces_2 to None, run_after=None
[2026-07-05T16:11:10.598+0000] {processor.py:183} INFO - Processing /home/airflow/.local/lib/python3.11/site-packages/airflow/example_dags/example_datasets.py took 0.148 seconds
[2026-07-05T16:11:40.835+0000] {processor.py:161} INFO - Started process (PID=231) to work on /home/airflow/.local/lib/python3.11/site-packages/airflow/example_dags/example_datasets.py
[2026-07-05T16:11:40.836+0000] {processor.py:830} INFO - Processing file /home/airflow/.local/lib/python3.11/site-packages/airflow/example_dags/example_datasets.py for tasks to queue
[2026-07-05T16:11:40.839+0000] {logging_mixin.py:188} INFO - [2026-07-05T16:11:40.839+0000] {dagbag.py:545} INFO - Filling up the DagBag from /home/airflow/.local/lib/python3.11/site-packages/airflow/example_dags/example_datasets.py
[2026-07-05T16:11:40.856+0000] {processor.py:840} INFO - DAG(s) 'dataset_consumes_1_and_2', 'dataset_produces_2', 'dataset_produces_1', 'consume_1_or_2_with_dataset_expressions', 'dataset_consumes_1_never_scheduled', 'conditional_dataset_and_time_based_timetable', 'consume_1_or_both_2_and_3_with_dataset_expressions', 'consume_1_and_2_with_dataset_expressions', 'dataset_consumes_1', 'dataset_consumes_unknown_never_scheduled' retrieved from /home/airflow/.local/lib/python3.11/site-packages/airflow/example_dags/example_datasets.py
[2026-07-05T16:11:40.910+0000] {logging_mixin.py:188} INFO - [2026-07-05T16:11:40.910+0000] {dag.py:3096} INFO - Sync 10 DAGs
[2026-07-05T16:11:40.947+0000] {logging_mixin.py:188} INFO - [2026-07-05T16:11:40.946+0000] {dag.py:3954} INFO - Setting next_dagrun for conditional_dataset_and_time_based_timetable to 2026-07-01 01:00:00+00:00, run_after=2026-07-01 01:00:00+00:00
[2026-07-05T16:11:40.951+0000] {logging_mixin.py:188} INFO - [2026-07-05T16:11:40.951+0000] {dag.py:3954} INFO - Setting next_dagrun for consume_1_and_2_with_dataset_expressions to None, run_after=None
[2026-07-05T16:11:40.954+0000] {logging_mixin.py:188} INFO - [2026-07-05T16:11:40.953+0000] {dag.py:3954} INFO - Setting next_dagrun for consume_1_or_2_with_dataset_expressions to None, run_after=None
[2026-07-05T16:11:40.956+0000] {logging_mixin.py:188} INFO - [2026-07-05T16:11:40.955+0000] {dag.py:3954} INFO - Setting next_dagrun for consume_1_or_both_2_and_3_with_dataset_expressions to None, run_after=None
[2026-07-05T16:11:40.958+0000] {logging_mixin.py:188} INFO - [2026-07-05T16:11:40.958+0000] {dag.py:3954} INFO - Setting next_dagrun for dataset_consumes_1 to None, run_after=None
[2026-07-05T16:11:40.961+0000] {logging_mixin.py:188} INFO - [2026-07-05T16:11:40.961+0000] {dag.py:3954} INFO - Setting next_dagrun for dataset_consumes_1_and_2 to None, run_after=None
[2026-07-05T16:11:40.963+0000] {logging_mixin.py:188} INFO - [2026-07-05T16:11:40.963+0000] {dag.py:3954} INFO - Setting next_dagrun for dataset_consumes_1_never_scheduled to None, run_after=None
[2026-07-05T16:11:40.965+0000] {logging_mixin.py:188} INFO - [2026-07-05T16:11:40.965+0000] {dag.py:3954} INFO - Setting next_dagrun for dataset_consumes_unknown_never_scheduled to None, run_after=None
[2026-07-05T16:11:40.969+0000] {logging_mixin.py:188} INFO - [2026-07-05T16:11:40.969+0000] {dag.py:3954} INFO - Setting next_dagrun for dataset_produces_1 to 2026-07-04 00:00:00+00:00, run_after=2026-07-05 00:00:00+00:00
[2026-07-05T16:11:40.971+0000] {logging_mixin.py:188} INFO - [2026-07-05T16:11:40.971+0000] {dag.py:3954} INFO - Setting next_dagrun for dataset_produces_2 to None, run_after=None
[2026-07-05T16:11:41.032+0000] {processor.py:183} INFO - Processing /home/airflow/.local/lib/python3.11/site-packages/airflow/example_dags/example_datasets.py took 0.205 seconds
[2026-07-05T16:12:11.260+0000] {processor.py:161} INFO - Started process (PID=289) to work on /home/airflow/.local/lib/python3.11/site-packages/airflow/example_dags/example_datasets.py
[2026-07-05T16:12:11.263+0000] {processor.py:830} INFO - Processing file /home/airflow/.local/lib/python3.11/site-packages/airflow/example_dags/example_datasets.py for tasks to queue
[2026-07-05T16:12:11.268+0000] {logging_mixin.py:188} INFO - [2026-07-05T16:12:11.267+0000] {dagbag.py:545} INFO - Filling up the DagBag from /home/airflow/.local/lib/python3.11/site-packages/airflow/example_dags/example_datasets.py
[2026-07-05T16:12:11.307+0000] {processor.py:840} INFO - DAG(s) 'consume_1_or_both_2_and_3_with_dataset_expressions', 'dataset_produces_2', 'dataset_consumes_unknown_never_scheduled', 'consume_1_and_2_with_dataset_expressions', 'dataset_consumes_1_and_2', 'consume_1_or_2_with_dataset_expressions', 'conditional_dataset_and_time_based_timetable', 'dataset_consumes_1', 'dataset_consumes_1_never_scheduled', 'dataset_produces_1' retrieved from /home/airflow/.local/lib/python3.11/site-packages/airflow/example_dags/example_datasets.py
[2026-07-05T16:12:11.366+0000] {logging_mixin.py:188} INFO - [2026-07-05T16:12:11.365+0000] {dag.py:3096} INFO - Sync 10 DAGs
[2026-07-05T16:12:11.472+0000] {logging_mixin.py:188} INFO - [2026-07-05T16:12:11.471+0000] {dag.py:3954} INFO - Setting next_dagrun for conditional_dataset_and_time_based_timetable to 2026-07-01 01:00:00+00:00, run_after=2026-07-01 01:00:00+00:00
[2026-07-05T16:12:11.487+0000] {logging_mixin.py:188} INFO - [2026-07-05T16:12:11.486+0000] {dag.py:3954} INFO - Setting next_dagrun for consume_1_and_2_with_dataset_expressions to None, run_after=None
[2026-07-05T16:12:11.492+0000] {logging_mixin.py:188} INFO - [2026-07-05T16:12:11.492+0000] {dag.py:3954} INFO - Setting next_dagrun for consume_1_or_2_with_dataset_expressions to None, run_after=None
[2026-07-05T16:12:11.496+0000] {logging_mixin.py:188} INFO - [2026-07-05T16:12:11.496+0000] {dag.py:3954} INFO - Setting next_dagrun for consume_1_or_both_2_and_3_with_dataset_expressions to None, run_after=None
[2026-07-05T16:12:11.500+0000] {logging_mixin.py:188} INFO - [2026-07-05T16:12:11.499+0000] {dag.py:3954} INFO - Setting next_dagrun for dataset_consumes_1 to None, run_after=None
[2026-07-05T16:12:11.514+0000] {logging_mixin.py:188} INFO - [2026-07-05T16:12:11.511+0000] {dag.py:3954} INFO - Setting next_dagrun for dataset_consumes_1_and_2 to None, run_after=None
[2026-07-05T16:12:11.521+0000] {logging_mixin.py:188} INFO - [2026-07-05T16:12:11.520+0000] {dag.py:3954} INFO - Setting next_dagrun for dataset_consumes_1_never_scheduled to None, run_after=None
[2026-07-05T16:12:11.525+0000] {logging_mixin.py:188} INFO - [2026-07-05T16:12:11.524+0000] {dag.py:3954} INFO - Setting next_dagrun for dataset_consumes_unknown_never_scheduled to None, run_after=None
[2026-07-05T16:12:11.530+0000] {logging_mixin.py:188} INFO - [2026-07-05T16:12:11.529+0000] {dag.py:3954} INFO - Setting next_dagrun for dataset_produces_1 to 2026-07-04 00:00:00+00:00, run_after=2026-07-05 00:00:00+00:00
[2026-07-05T16:12:11.535+0000] {logging_mixin.py:188} INFO - [2026-07-05T16:12:11.533+0000] {dag.py:3954} INFO - Setting next_dagrun for dataset_produces_2 to None, run_after=None
[2026-07-05T16:12:11.672+0000] {processor.py:183} INFO - Processing /home/airflow/.local/lib/python3.11/site-packages/airflow/example_dags/example_datasets.py took 0.427 seconds
[2026-07-05T16:12:41.869+0000] {processor.py:161} INFO - Started process (PID=347) to work on /home/airflow/.local/lib/python3.11/site-packages/airflow/example_dags/example_datasets.py
[2026-07-05T16:12:41.870+0000] {processor.py:830} INFO - Processing file /home/airflow/.local/lib/python3.11/site-packages/airflow/example_dags/example_datasets.py for tasks to queue
[2026-07-05T16:12:41.872+0000] {logging_mixin.py:188} INFO - [2026-07-05T16:12:41.872+0000] {dagbag.py:545} INFO - Filling up the DagBag from /home/airflow/.local/lib/python3.11/site-packages/airflow/example_dags/example_datasets.py
[2026-07-05T16:12:41.886+0000] {processor.py:840} INFO - DAG(s) 'consume_1_or_both_2_and_3_with_dataset_expressions', 'consume_1_or_2_with_dataset_expressions', 'dataset_consumes_unknown_never_scheduled', 'dataset_produces_1', 'dataset_produces_2', 'conditional_dataset_and_time_based_timetable', 'dataset_consumes_1_never_scheduled', 'consume_1_and_2_with_dataset_expressions', 'dataset_consumes_1', 'dataset_consumes_1_and_2' retrieved from /home/airflow/.local/lib/python3.11/site-packages/airflow/example_dags/example_datasets.py
[2026-07-05T16:12:42.160+0000] {logging_mixin.py:188} INFO - [2026-07-05T16:12:42.160+0000] {dag.py:3096} INFO - Sync 10 DAGs
[2026-07-05T16:12:42.189+0000] {logging_mixin.py:188} INFO - [2026-07-05T16:12:42.188+0000] {dag.py:3954} INFO - Setting next_dagrun for conditional_dataset_and_time_based_timetable to 2026-07-01 01:00:00+00:00, run_after=2026-07-01 01:00:00+00:00
[2026-07-05T16:12:42.193+0000] {logging_mixin.py:188} INFO - [2026-07-05T16:12:42.192+0000] {dag.py:3954} INFO - Setting next_dagrun for consume_1_and_2_with_dataset_expressions to None, run_after=None
[2026-07-05T16:12:42.195+0000] {logging_mixin.py:188} INFO - [2026-07-05T16:12:42.195+0000] {dag.py:3954} INFO - Setting next_dagrun for consume_1_or_2_with_dataset_expressions to None, run_after=None
[2026-07-05T16:12:42.198+0000] {logging_mixin.py:188} INFO - [2026-07-05T16:12:42.197+0000] {dag.py:3954} INFO - Setting next_dagrun for consume_1_or_both_2_and_3_with_dataset_expressions to None, run_after=None
[2026-07-05T16:12:42.200+0000] {logging_mixin.py:188} INFO - [2026-07-05T16:12:42.199+0000] {dag.py:3954} INFO - Setting next_dagrun for dataset_consumes_1 to None, run_after=None
[2026-07-05T16:12:42.202+0000] {logging_mixin.py:188} INFO - [2026-07-05T16:12:42.202+0000] {dag.py:3954} INFO - Setting next_dagrun for dataset_consumes_1_and_2 to None, run_after=None
[2026-07-05T16:12:42.267+0000] {logging_mixin.py:188} INFO - [2026-07-05T16:12:42.266+0000] {dag.py:3954} INFO - Setting next_dagrun for dataset_consumes_1_never_scheduled to None, run_after=None
[2026-07-05T16:12:42.270+0000] {logging_mixin.py:188} INFO - [2026-07-05T16:12:42.269+0000] {dag.py:3954} INFO - Setting next_dagrun for dataset_consumes_unknown_never_scheduled to None, run_after=None
[2026-07-05T16:12:42.274+0000] {logging_mixin.py:188} INFO - [2026-07-05T16:12:42.274+0000] {dag.py:3954} INFO - Setting next_dagrun for dataset_produces_1 to 2026-07-04 00:00:00+00:00, run_after=2026-07-05 00:00:00+00:00
[2026-07-05T16:12:42.277+0000] {logging_mixin.py:188} INFO - [2026-07-05T16:12:42.277+0000] {dag.py:3954} INFO - Setting next_dagrun for dataset_produces_2 to None, run_after=None
[2026-07-05T16:12:42.325+0000] {processor.py:183} INFO - Processing /home/airflow/.local/lib/python3.11/site-packages/airflow/example_dags/example_datasets.py took 0.399 seconds
[2026-07-05T16:13:12.458+0000] {processor.py:161} INFO - Started process (PID=406) to work on /home/airflow/.local/lib/python3.11/site-packages/airflow/example_dags/example_datasets.py
[2026-07-05T16:13:12.460+0000] {processor.py:830} INFO - Processing file /home/airflow/.local/lib/python3.11/site-packages/airflow/example_dags/example_datasets.py for tasks to queue
[2026-07-05T16:13:12.462+0000] {logging_mixin.py:188} INFO - [2026-07-05T16:13:12.462+0000] {dagbag.py:545} INFO - Filling up the DagBag from /home/airflow/.local/lib/python3.11/site-packages/airflow/example_dags/example_datasets.py
[2026-07-05T16:13:12.481+0000] {processor.py:840} INFO - DAG(s) 'consume_1_or_2_with_dataset_expressions', 'consume_1_and_2_with_dataset_expressions', 'dataset_consumes_1_and_2', 'dataset_consumes_1_never_scheduled', 'consume_1_or_both_2_and_3_with_dataset_expressions', 'dataset_consumes_unknown_never_scheduled', 'dataset_produces_2', 'dataset_consumes_1', 'conditional_dataset_and_time_based_timetable', 'dataset_produces_1' retrieved from /home/airflow/.local/lib/python3.11/site-packages/airflow/example_dags/example_datasets.py
[2026-07-05T16:13:12.541+0000] {logging_mixin.py:188} INFO - [2026-07-05T16:13:12.541+0000] {dag.py:3096} INFO - Sync 10 DAGs
[2026-07-05T16:13:12.566+0000] {logging_mixin.py:188} INFO - [2026-07-05T16:13:12.566+0000] {dag.py:3954} INFO - Setting next_dagrun for conditional_dataset_and_time_based_timetable to 2026-07-01 01:00:00+00:00, run_after=2026-07-01 01:00:00+00:00
[2026-07-05T16:13:12.571+0000] {logging_mixin.py:188} INFO - [2026-07-05T16:13:12.571+0000] {dag.py:3954} INFO - Setting next_dagrun for consume_1_and_2_with_dataset_expressions to None, run_after=None
[2026-07-05T16:13:12.573+0000] {logging_mixin.py:188} INFO - [2026-07-05T16:13:12.573+0000] {dag.py:3954} INFO - Setting next_dagrun for consume_1_or_2_with_dataset_expressions to None, run_after=None
[2026-07-05T16:13:12.576+0000] {logging_mixin.py:188} INFO - [2026-07-05T16:13:12.575+0000] {dag.py:3954} INFO - Setting next_dagrun for consume_1_or_both_2_and_3_with_dataset_expressions to None, run_after=None
[2026-07-05T16:13:12.577+0000] {logging_mixin.py:188} INFO - [2026-07-05T16:13:12.577+0000] {dag.py:3954} INFO - Setting next_dagrun for dataset_consumes_1 to None, run_after=None
[2026-07-05T16:13:12.579+0000] {logging_mixin.py:188} INFO - [2026-07-05T16:13:12.579+0000] {dag.py:3954} INFO - Setting next_dagrun for dataset_consumes_1_and_2 to None, run_after=None
[2026-07-05T16:13:12.581+0000] {logging_mixin.py:188} INFO - [2026-07-05T16:13:12.581+0000] {dag.py:3954} INFO - Setting next_dagrun for dataset_consumes_1_never_scheduled to None, run_after=None
[2026-07-05T16:13:12.583+0000] {logging_mixin.py:188} INFO - [2026-07-05T16:13:12.583+0000] {dag.py:3954} INFO - Setting next_dagrun for dataset_consumes_unknown_never_scheduled to None, run_after=None
[2026-07-05T16:13:12.587+0000] {logging_mixin.py:188} INFO - [2026-07-05T16:13:12.587+0000] {dag.py:3954} INFO - Setting next_dagrun for dataset_produces_1 to 2026-07-04 00:00:00+00:00, run_after=2026-07-05 00:00:00+00:00
[2026-07-05T16:13:12.590+0000] {logging_mixin.py:188} INFO - [2026-07-05T16:13:12.589+0000] {dag.py:3954} INFO - Setting next_dagrun for dataset_produces_2 to None, run_after=None
[2026-07-05T16:13:12.630+0000] {processor.py:183} INFO - Processing /home/airflow/.local/lib/python3.11/site-packages/airflow/example_dags/example_datasets.py took 0.180 seconds
[2026-07-05T16:13:43.187+0000] {processor.py:161} INFO - Started process (PID=470) to work on /home/airflow/.local/lib/python3.11/site-packages/airflow/example_dags/example_datasets.py
[2026-07-05T16:13:43.189+0000] {processor.py:830} INFO - Processing file /home/airflow/.local/lib/python3.11/site-packages/airflow/example_dags/example_datasets.py for tasks to queue
[2026-07-05T16:13:43.192+0000] {logging_mixin.py:188} INFO - [2026-07-05T16:13:43.191+0000] {dagbag.py:545} INFO - Filling up the DagBag from /home/airflow/.local/lib/python3.11/site-packages/airflow/example_dags/example_datasets.py
[2026-07-05T16:13:43.213+0000] {processor.py:840} INFO - DAG(s) 'dataset_consumes_unknown_never_scheduled', 'dataset_produces_1', 'dataset_consumes_1_never_scheduled', 'consume_1_or_both_2_and_3_with_dataset_expressions', 'consume_1_or_2_with_dataset_expressions', 'dataset_produces_2', 'dataset_consumes_1_and_2', 'consume_1_and_2_with_dataset_expressions', 'dataset_consumes_1', 'conditional_dataset_and_time_based_timetable' retrieved from /home/airflow/.local/lib/python3.11/site-packages/airflow/example_dags/example_datasets.py
[2026-07-05T16:13:43.280+0000] {logging_mixin.py:188} INFO - [2026-07-05T16:13:43.280+0000] {dag.py:3096} INFO - Sync 10 DAGs
[2026-07-05T16:13:43.317+0000] {logging_mixin.py:188} INFO - [2026-07-05T16:13:43.317+0000] {dag.py:3954} INFO - Setting next_dagrun for conditional_dataset_and_time_based_timetable to 2026-07-01 01:00:00+00:00, run_after=2026-07-01 01:00:00+00:00
[2026-07-05T16:13:43.323+0000] {logging_mixin.py:188} INFO - [2026-07-05T16:13:43.322+0000] {dag.py:3954} INFO - Setting next_dagrun for consume_1_and_2_with_dataset_expressions to None, run_after=None
[2026-07-05T16:13:43.325+0000] {logging_mixin.py:188} INFO - [2026-07-05T16:13:43.325+0000] {dag.py:3954} INFO - Setting next_dagrun for consume_1_or_2_with_dataset_expressions to None, run_after=None
[2026-07-05T16:13:43.333+0000] {logging_mixin.py:188} INFO - [2026-07-05T16:13:43.332+0000] {dag.py:3954} INFO - Setting next_dagrun for consume_1_or_both_2_and_3_with_dataset_expressions to None, run_after=None
[2026-07-05T16:13:43.336+0000] {logging_mixin.py:188} INFO - [2026-07-05T16:13:43.335+0000] {dag.py:3954} INFO - Setting next_dagrun for dataset_consumes_1 to None, run_after=None
[2026-07-05T16:13:43.338+0000] {logging_mixin.py:188} INFO - [2026-07-05T16:13:43.338+0000] {dag.py:3954} INFO - Setting next_dagrun for dataset_consumes_1_and_2 to None, run_after=None
[2026-07-05T16:13:43.340+0000] {logging_mixin.py:188} INFO - [2026-07-05T16:13:43.339+0000] {dag.py:3954} INFO - Setting next_dagrun for dataset_consumes_1_never_scheduled to None, run_after=None
[2026-07-05T16:13:43.342+0000] {logging_mixin.py:188} INFO - [2026-07-05T16:13:43.342+0000] {dag.py:3954} INFO - Setting next_dagrun for dataset_consumes_unknown_never_scheduled to None, run_after=None
[2026-07-05T16:13:43.348+0000] {logging_mixin.py:188} INFO - [2026-07-05T16:13:43.347+0000] {dag.py:3954} INFO - Setting next_dagrun for dataset_produces_1 to 2026-07-04 00:00:00+00:00, run_after=2026-07-05 00:00:00+00:00
[2026-07-05T16:13:43.350+0000] {logging_mixin.py:188} INFO - [2026-07-05T16:13:43.350+0000] {dag.py:3954} INFO - Setting next_dagrun for dataset_produces_2 to None, run_after=None
[2026-07-05T16:13:43.415+0000] {processor.py:183} INFO - Processing /home/airflow/.local/lib/python3.11/site-packages/airflow/example_dags/example_datasets.py took 0.237 seconds
[2026-07-05T16:14:13.592+0000] {processor.py:161} INFO - Started process (PID=528) to work on /home/airflow/.local/lib/python3.11/site-packages/airflow/example_dags/example_datasets.py
[2026-07-05T16:14:13.593+0000] {processor.py:830} INFO - Processing file /home/airflow/.local/lib/python3.11/site-packages/airflow/example_dags/example_datasets.py for tasks to queue
[2026-07-05T16:14:13.596+0000] {logging_mixin.py:188} INFO - [2026-07-05T16:14:13.595+0000] {dagbag.py:545} INFO - Filling up the DagBag from /home/airflow/.local/lib/python3.11/site-packages/airflow/example_dags/example_datasets.py
[2026-07-05T16:14:13.614+0000] {processor.py:840} INFO - DAG(s) 'dataset_produces_1', 'consume_1_or_2_with_dataset_expressions', 'dataset_consumes_1_and_2', 'dataset_produces_2', 'consume_1_and_2_with_dataset_expressions', 'dataset_consumes_unknown_never_scheduled', 'conditional_dataset_and_time_based_timetable', 'dataset_consumes_1_never_scheduled', 'consume_1_or_both_2_and_3_with_dataset_expressions', 'dataset_consumes_1' retrieved from /home/airflow/.local/lib/python3.11/site-packages/airflow/example_dags/example_datasets.py
[2026-07-05T16:14:13.684+0000] {logging_mixin.py:188} INFO - [2026-07-05T16:14:13.684+0000] {dag.py:3096} INFO - Sync 10 DAGs
[2026-07-05T16:14:13.710+0000] {logging_mixin.py:188} INFO - [2026-07-05T16:14:13.710+0000] {dag.py:3954} INFO - Setting next_dagrun for conditional_dataset_and_time_based_timetable to 2026-07-01 01:00:00+00:00, run_after=2026-07-01 01:00:00+00:00
[2026-07-05T16:14:13.713+0000] {logging_mixin.py:188} INFO - [2026-07-05T16:14:13.713+0000] {dag.py:3954} INFO - Setting next_dagrun for consume_1_and_2_with_dataset_expressions to None, run_after=None
[2026-07-05T16:14:13.715+0000] {logging_mixin.py:188} INFO - [2026-07-05T16:14:13.715+0000] {dag.py:3954} INFO - Setting next_dagrun for consume_1_or_2_with_dataset_expressions to None, run_after=None
[2026-07-05T16:14:13.717+0000] {logging_mixin.py:188} INFO - [2026-07-05T16:14:13.716+0000] {dag.py:3954} INFO - Setting next_dagrun for consume_1_or_both_2_and_3_with_dataset_expressions to None, run_after=None
[2026-07-05T16:14:13.718+0000] {logging_mixin.py:188} INFO - [2026-07-05T16:14:13.718+0000] {dag.py:3954} INFO - Setting next_dagrun for dataset_consumes_1 to None, run_after=None
[2026-07-05T16:14:13.720+0000] {logging_mixin.py:188} INFO - [2026-07-05T16:14:13.720+0000] {dag.py:3954} INFO - Setting next_dagrun for dataset_consumes_1_and_2 to None, run_after=None
[2026-07-05T16:14:13.721+0000] {logging_mixin.py:188} INFO - [2026-07-05T16:14:13.721+0000] {dag.py:3954} INFO - Setting next_dagrun for dataset_consumes_1_never_scheduled to None, run_after=None
[2026-07-05T16:14:13.723+0000] {logging_mixin.py:188} INFO - [2026-07-05T16:14:13.723+0000] {dag.py:3954} INFO - Setting next_dagrun for dataset_consumes_unknown_never_scheduled to None, run_after=None
[2026-07-05T16:14:13.725+0000] {logging_mixin.py:188} INFO - [2026-07-05T16:14:13.725+0000] {dag.py:3954} INFO - Setting next_dagrun for dataset_produces_1 to 2026-07-04 00:00:00+00:00, run_after=2026-07-05 00:00:00+00:00
[2026-07-05T16:14:13.727+0000] {logging_mixin.py:188} INFO - [2026-07-05T16:14:13.727+0000] {dag.py:3954} INFO - Setting next_dagrun for dataset_produces_2 to None, run_after=None
[2026-07-05T16:14:13.754+0000] {processor.py:183} INFO - Processing /home/airflow/.local/lib/python3.11/site-packages/airflow/example_dags/example_datasets.py took 0.169 seconds
[2026-07-05T16:14:43.816+0000] {processor.py:161} INFO - Started process (PID=586) to work on /home/airflow/.local/lib/python3.11/site-packages/airflow/example_dags/example_datasets.py
[2026-07-05T16:14:43.817+0000] {processor.py:830} INFO - Processing file /home/airflow/.local/lib/python3.11/site-packages/airflow/example_dags/example_datasets.py for tasks to queue
[2026-07-05T16:14:43.820+0000] {logging_mixin.py:188} INFO - [2026-07-05T16:14:43.820+0000] {dagbag.py:545} INFO - Filling up the DagBag from /home/airflow/.local/lib/python3.11/site-packages/airflow/example_dags/example_datasets.py
[2026-07-05T16:14:43.838+0000] {processor.py:840} INFO - DAG(s) 'dataset_produces_1', 'consume_1_or_both_2_and_3_with_dataset_expressions', 'consume_1_or_2_with_dataset_expressions', 'dataset_consumes_1_never_scheduled', 'dataset_produces_2', 'conditional_dataset_and_time_based_timetable', 'dataset_consumes_1', 'dataset_consumes_1_and_2', 'consume_1_and_2_with_dataset_expressions', 'dataset_consumes_unknown_never_scheduled' retrieved from /home/airflow/.local/lib/python3.11/site-packages/airflow/example_dags/example_datasets.py
[2026-07-05T16:14:43.879+0000] {logging_mixin.py:188} INFO - [2026-07-05T16:14:43.879+0000] {dag.py:3096} INFO - Sync 10 DAGs
[2026-07-05T16:14:43.898+0000] {logging_mixin.py:188} INFO - [2026-07-05T16:14:43.898+0000] {dag.py:3954} INFO - Setting next_dagrun for conditional_dataset_and_time_based_timetable to 2026-07-01 01:00:00+00:00, run_after=2026-07-01 01:00:00+00:00
[2026-07-05T16:14:43.902+0000] {logging_mixin.py:188} INFO - [2026-07-05T16:14:43.901+0000] {dag.py:3954} INFO - Setting next_dagrun for consume_1_and_2_with_dataset_expressions to None, run_after=None
[2026-07-05T16:14:43.903+0000] {logging_mixin.py:188} INFO - [2026-07-05T16:14:43.903+0000] {dag.py:3954} INFO - Setting next_dagrun for consume_1_or_2_with_dataset_expressions to None, run_after=None
[2026-07-05T16:14:43.904+0000] {logging_mixin.py:188} INFO - [2026-07-05T16:14:43.904+0000] {dag.py:3954} INFO - Setting next_dagrun for consume_1_or_both_2_and_3_with_dataset_expressions to None, run_after=None
[2026-07-05T16:14:43.905+0000] {logging_mixin.py:188} INFO - [2026-07-05T16:14:43.905+0000] {dag.py:3954} INFO - Setting next_dagrun for dataset_consumes_1 to None, run_after=None
[2026-07-05T16:14:43.907+0000] {logging_mixin.py:188} INFO - [2026-07-05T16:14:43.906+0000] {dag.py:3954} INFO - Setting next_dagrun for dataset_consumes_1_and_2 to None, run_after=None
[2026-07-05T16:14:43.908+0000] {logging_mixin.py:188} INFO - [2026-07-05T16:14:43.907+0000] {dag.py:3954} INFO - Setting next_dagrun for dataset_consumes_1_never_scheduled to None, run_after=None
[2026-07-05T16:14:43.909+0000] {logging_mixin.py:188} INFO - [2026-07-05T16:14:43.909+0000] {dag.py:3954} INFO - Setting next_dagrun for dataset_consumes_unknown_never_scheduled to None, run_after=None
[2026-07-05T16:14:43.911+0000] {logging_mixin.py:188} INFO - [2026-07-05T16:14:43.911+0000] {dag.py:3954} INFO - Setting next_dagrun for dataset_produces_1 to 2026-07-04 00:00:00+00:00, run_after=2026-07-05 00:00:00+00:00
[2026-07-05T16:14:43.912+0000] {logging_mixin.py:188} INFO - [2026-07-05T16:14:43.912+0000] {dag.py:3954} INFO - Setting next_dagrun for dataset_produces_2 to None, run_after=None
[2026-07-05T16:14:43.942+0000] {processor.py:183} INFO - Processing /home/airflow/.local/lib/python3.11/site-packages/airflow/example_dags/example_datasets.py took 0.132 seconds
[2026-07-05T16:15:14.059+0000] {processor.py:161} INFO - Started process (PID=644) to work on /home/airflow/.local/lib/python3.11/site-packages/airflow/example_dags/example_datasets.py
[2026-07-05T16:15:14.060+0000] {processor.py:830} INFO - Processing file /home/airflow/.local/lib/python3.11/site-packages/airflow/example_dags/example_datasets.py for tasks to queue
[2026-07-05T16:15:14.062+0000] {logging_mixin.py:188} INFO - [2026-07-05T16:15:14.062+0000] {dagbag.py:545} INFO - Filling up the DagBag from /home/airflow/.local/lib/python3.11/site-packages/airflow/example_dags/example_datasets.py
[2026-07-05T16:15:14.074+0000] {processor.py:840} INFO - DAG(s) 'dataset_consumes_1_never_scheduled', 'consume_1_or_2_with_dataset_expressions', 'consume_1_and_2_with_dataset_expressions', 'dataset_produces_1', 'dataset_produces_2', 'dataset_consumes_1_and_2', 'consume_1_or_both_2_and_3_with_dataset_expressions', 'dataset_consumes_1', 'dataset_consumes_unknown_never_scheduled', 'conditional_dataset_and_time_based_timetable' retrieved from /home/airflow/.local/lib/python3.11/site-packages/airflow/example_dags/example_datasets.py
[2026-07-05T16:15:14.119+0000] {logging_mixin.py:188} INFO - [2026-07-05T16:15:14.118+0000] {dag.py:3096} INFO - Sync 10 DAGs
[2026-07-05T16:15:14.142+0000] {logging_mixin.py:188} INFO - [2026-07-05T16:15:14.141+0000] {dag.py:3954} INFO - Setting next_dagrun for conditional_dataset_and_time_based_timetable to 2026-07-01 01:00:00+00:00, run_after=2026-07-01 01:00:00+00:00
[2026-07-05T16:15:14.145+0000] {logging_mixin.py:188} INFO - [2026-07-05T16:15:14.145+0000] {dag.py:3954} INFO - Setting next_dagrun for consume_1_and_2_with_dataset_expressions to None, run_after=None
[2026-07-05T16:15:14.147+0000] {logging_mixin.py:188} INFO - [2026-07-05T16:15:14.147+0000] {dag.py:3954} INFO - Setting next_dagrun for consume_1_or_2_with_dataset_expressions to None, run_after=None
[2026-07-05T16:15:14.148+0000] {logging_mixin.py:188} INFO - [2026-07-05T16:15:14.148+0000] {dag.py:3954} INFO - Setting next_dagrun for consume_1_or_both_2_and_3_with_dataset_expressions to None, run_after=None
[2026-07-05T16:15:14.152+0000] {logging_mixin.py:188} INFO - [2026-07-05T16:15:14.152+0000] {dag.py:3954} INFO - Setting next_dagrun for dataset_consumes_1 to None, run_after=None
[2026-07-05T16:15:14.154+0000] {logging_mixin.py:188} INFO - [2026-07-05T16:15:14.154+0000] {dag.py:3954} INFO - Setting next_dagrun for dataset_consumes_1_and_2 to None, run_after=None
[2026-07-05T16:15:14.155+0000] {logging_mixin.py:188} INFO - [2026-07-05T16:15:14.155+0000] {dag.py:3954} INFO - Setting next_dagrun for dataset_consumes_1_never_scheduled to None, run_after=None
[2026-07-05T16:15:14.157+0000] {logging_mixin.py:188} INFO - [2026-07-05T16:15:14.157+0000] {dag.py:3954} INFO - Setting next_dagrun for dataset_consumes_unknown_never_scheduled to None, run_after=None
[2026-07-05T16:15:14.159+0000] {logging_mixin.py:188} INFO - [2026-07-05T16:15:14.159+0000] {dag.py:3954} INFO - Setting next_dagrun for dataset_produces_1 to 2026-07-04 00:00:00+00:00, run_after=2026-07-05 00:00:00+00:00
[2026-07-05T16:15:14.161+0000] {logging_mixin.py:188} INFO - [2026-07-05T16:15:14.160+0000] {dag.py:3954} INFO - Setting next_dagrun for dataset_produces_2 to None, run_after=None
[2026-07-05T16:15:14.195+0000] {processor.py:183} INFO - Processing /home/airflow/.local/lib/python3.11/site-packages/airflow/example_dags/example_datasets.py took 0.141 seconds
[2026-07-05T16:15:44.266+0000] {processor.py:161} INFO - Started process (PID=702) to work on /home/airflow/.local/lib/python3.11/site-packages/airflow/example_dags/example_datasets.py
[2026-07-05T16:15:44.268+0000] {processor.py:830} INFO - Processing file /home/airflow/.local/lib/python3.11/site-packages/airflow/example_dags/example_datasets.py for tasks to queue
[2026-07-05T16:15:44.270+0000] {logging_mixin.py:188} INFO - [2026-07-05T16:15:44.269+0000] {dagbag.py:545} INFO - Filling up the DagBag from /home/airflow/.local/lib/python3.11/site-packages/airflow/example_dags/example_datasets.py
[2026-07-05T16:15:44.283+0000] {processor.py:840} INFO - DAG(s) 'conditional_dataset_and_time_based_timetable', 'consume_1_and_2_with_dataset_expressions', 'dataset_consumes_unknown_never_scheduled', 'dataset_produces_1', 'consume_1_or_both_2_and_3_with_dataset_expressions', 'dataset_consumes_1_and_2', 'dataset_produces_2', 'dataset_consumes_1_never_scheduled', 'dataset_consumes_1', 'consume_1_or_2_with_dataset_expressions' retrieved from /home/airflow/.local/lib/python3.11/site-packages/airflow/example_dags/example_datasets.py
[2026-07-05T16:15:44.320+0000] {logging_mixin.py:188} INFO - [2026-07-05T16:15:44.319+0000] {dag.py:3096} INFO - Sync 10 DAGs
[2026-07-05T16:15:44.340+0000] {logging_mixin.py:188} INFO - [2026-07-05T16:15:44.339+0000] {dag.py:3954} INFO - Setting next_dagrun for conditional_dataset_and_time_based_timetable to 2026-07-01 01:00:00+00:00, run_after=2026-07-01 01:00:00+00:00
[2026-07-05T16:15:44.343+0000] {logging_mixin.py:188} INFO - [2026-07-05T16:15:44.343+0000] {dag.py:3954} INFO - Setting next_dagrun for consume_1_and_2_with_dataset_expressions to None, run_after=None
[2026-07-05T16:15:44.345+0000] {logging_mixin.py:188} INFO - [2026-07-05T16:15:44.344+0000] {dag.py:3954} INFO - Setting next_dagrun for consume_1_or_2_with_dataset_expressions to None, run_after=None
[2026-07-05T16:15:44.346+0000] {logging_mixin.py:188} INFO - [2026-07-05T16:15:44.346+0000] {dag.py:3954} INFO - Setting next_dagrun for consume_1_or_both_2_and_3_with_dataset_expressions to None, run_after=None
[2026-07-05T16:15:44.347+0000] {logging_mixin.py:188} INFO - [2026-07-05T16:15:44.347+0000] {dag.py:3954} INFO - Setting next_dagrun for dataset_consumes_1 to None, run_after=None
[2026-07-05T16:15:44.348+0000] {logging_mixin.py:188} INFO - [2026-07-05T16:15:44.348+0000] {dag.py:3954} INFO - Setting next_dagrun for dataset_consumes_1_and_2 to None, run_after=None
[2026-07-05T16:15:44.349+0000] {logging_mixin.py:188} INFO - [2026-07-05T16:15:44.349+0000] {dag.py:3954} INFO - Setting next_dagrun for dataset_consumes_1_never_scheduled to None, run_after=None
[2026-07-05T16:15:44.350+0000] {logging_mixin.py:188} INFO - [2026-07-05T16:15:44.350+0000] {dag.py:3954} INFO - Setting next_dagrun for dataset_consumes_unknown_never_scheduled to None, run_after=None
[2026-07-05T16:15:44.352+0000] {logging_mixin.py:188} INFO - [2026-07-05T16:15:44.352+0000] {dag.py:3954} INFO - Setting next_dagrun for dataset_produces_1 to 2026-07-04 00:00:00+00:00, run_after=2026-07-05 00:00:00+00:00
[2026-07-05T16:15:44.353+0000] {logging_mixin.py:188} INFO - [2026-07-05T16:15:44.353+0000] {dag.py:3954} INFO - Setting next_dagrun for dataset_produces_2 to None, run_after=None
[2026-07-05T16:15:44.382+0000] {processor.py:183} INFO - Processing /home/airflow/.local/lib/python3.11/site-packages/airflow/example_dags/example_datasets.py took 0.122 seconds
[2026-07-05T16:16:14.458+0000] {processor.py:161} INFO - Started process (PID=760) to work on /home/airflow/.local/lib/python3.11/site-packages/airflow/example_dags/example_datasets.py
[2026-07-05T16:16:14.459+0000] {processor.py:830} INFO - Processing file /home/airflow/.local/lib/python3.11/site-packages/airflow/example_dags/example_datasets.py for tasks to queue
[2026-07-05T16:16:14.462+0000] {logging_mixin.py:188} INFO - [2026-07-05T16:16:14.461+0000] {dagbag.py:545} INFO - Filling up the DagBag from /home/airflow/.local/lib/python3.11/site-packages/airflow/example_dags/example_datasets.py
[2026-07-05T16:16:14.477+0000] {processor.py:840} INFO - DAG(s) 'dataset_consumes_1', 'dataset_consumes_1_and_2', 'dataset_produces_2', 'dataset_consumes_unknown_never_scheduled', 'dataset_produces_1', 'conditional_dataset_and_time_based_timetable', 'consume_1_or_2_with_dataset_expressions', 'consume_1_or_both_2_and_3_with_dataset_expressions', 'dataset_consumes_1_never_scheduled', 'consume_1_and_2_with_dataset_expressions' retrieved from /home/airflow/.local/lib/python3.11/site-packages/airflow/example_dags/example_datasets.py
[2026-07-05T16:16:14.535+0000] {logging_mixin.py:188} INFO - [2026-07-05T16:16:14.534+0000] {dag.py:3096} INFO - Sync 10 DAGs
[2026-07-05T16:16:14.564+0000] {logging_mixin.py:188} INFO - [2026-07-05T16:16:14.564+0000] {dag.py:3954} INFO - Setting next_dagrun for conditional_dataset_and_time_based_timetable to 2026-07-01 01:00:00+00:00, run_after=2026-07-01 01:00:00+00:00
[2026-07-05T16:16:14.567+0000] {logging_mixin.py:188} INFO - [2026-07-05T16:16:14.567+0000] {dag.py:3954} INFO - Setting next_dagrun for consume_1_and_2_with_dataset_expressions to None, run_after=None
[2026-07-05T16:16:14.569+0000] {logging_mixin.py:188} INFO - [2026-07-05T16:16:14.569+0000] {dag.py:3954} INFO - Setting next_dagrun for consume_1_or_2_with_dataset_expressions to None, run_after=None
[2026-07-05T16:16:14.571+0000] {logging_mixin.py:188} INFO - [2026-07-05T16:16:14.570+0000] {dag.py:3954} INFO - Setting next_dagrun for consume_1_or_both_2_and_3_with_dataset_expressions to None, run_after=None
[2026-07-05T16:16:14.572+0000] {logging_mixin.py:188} INFO - [2026-07-05T16:16:14.572+0000] {dag.py:3954} INFO - Setting next_dagrun for dataset_consumes_1 to None, run_after=None
[2026-07-05T16:16:14.574+0000] {logging_mixin.py:188} INFO - [2026-07-05T16:16:14.573+0000] {dag.py:3954} INFO - Setting next_dagrun for dataset_consumes_1_and_2 to None, run_after=None
[2026-07-05T16:16:14.575+0000] {logging_mixin.py:188} INFO - [2026-07-05T16:16:14.575+0000] {dag.py:3954} INFO - Setting next_dagrun for dataset_consumes_1_never_scheduled to None, run_after=None
[2026-07-05T16:16:14.576+0000] {logging_mixin.py:188} INFO - [2026-07-05T16:16:14.576+0000] {dag.py:3954} INFO - Setting next_dagrun for dataset_consumes_unknown_never_scheduled to None, run_after=None
[2026-07-05T16:16:14.579+0000] {logging_mixin.py:188} INFO - [2026-07-05T16:16:14.579+0000] {dag.py:3954} INFO - Setting next_dagrun for dataset_produces_1 to 2026-07-04 00:00:00+00:00, run_after=2026-07-05 00:00:00+00:00
[2026-07-05T16:16:14.580+0000] {logging_mixin.py:188} INFO - [2026-07-05T16:16:14.580+0000] {dag.py:3954} INFO - Setting next_dagrun for dataset_produces_2 to None, run_after=None
[2026-07-05T16:16:14.613+0000] {processor.py:183} INFO - Processing /home/airflow/.local/lib/python3.11/site-packages/airflow/example_dags/example_datasets.py took 0.163 seconds
[2026-07-05T16:16:44.825+0000] {processor.py:161} INFO - Started process (PID=818) to work on /home/airflow/.local/lib/python3.11/site-packages/airflow/example_dags/example_datasets.py
[2026-07-05T16:16:44.826+0000] {processor.py:830} INFO - Processing file /home/airflow/.local/lib/python3.11/site-packages/airflow/example_dags/example_datasets.py for tasks to queue
[2026-07-05T16:16:44.829+0000] {logging_mixin.py:188} INFO - [2026-07-05T16:16:44.828+0000] {dagbag.py:545} INFO - Filling up the DagBag from /home/airflow/.local/lib/python3.11/site-packages/airflow/example_dags/example_datasets.py
[2026-07-05T16:16:44.843+0000] {processor.py:840} INFO - DAG(s) 'consume_1_or_both_2_and_3_with_dataset_expressions', 'consume_1_and_2_with_dataset_expressions', 'consume_1_or_2_with_dataset_expressions', 'dataset_consumes_1', 'conditional_dataset_and_time_based_timetable', 'dataset_consumes_1_never_scheduled', 'dataset_consumes_unknown_never_scheduled', 'dataset_consumes_1_and_2', 'dataset_produces_2', 'dataset_produces_1' retrieved from /home/airflow/.local/lib/python3.11/site-packages/airflow/example_dags/example_datasets.py
[2026-07-05T16:16:44.894+0000] {logging_mixin.py:188} INFO - [2026-07-05T16:16:44.894+0000] {dag.py:3096} INFO - Sync 10 DAGs
[2026-07-05T16:16:44.921+0000] {logging_mixin.py:188} INFO - [2026-07-05T16:16:44.921+0000] {dag.py:3954} INFO - Setting next_dagrun for conditional_dataset_and_time_based_timetable to 2026-07-01 01:00:00+00:00, run_after=2026-07-01 01:00:00+00:00
[2026-07-05T16:16:44.925+0000] {logging_mixin.py:188} INFO - [2026-07-05T16:16:44.924+0000] {dag.py:3954} INFO - Setting next_dagrun for consume_1_and_2_with_dataset_expressions to None, run_after=None
[2026-07-05T16:16:44.926+0000] {logging_mixin.py:188} INFO - [2026-07-05T16:16:44.926+0000] {dag.py:3954} INFO - Setting next_dagrun for consume_1_or_2_with_dataset_expressions to None, run_after=None
[2026-07-05T16:16:44.928+0000] {logging_mixin.py:188} INFO - [2026-07-05T16:16:44.928+0000] {dag.py:3954} INFO - Setting next_dagrun for consume_1_or_both_2_and_3_with_dataset_expressions to None, run_after=None
[2026-07-05T16:16:44.929+0000] {logging_mixin.py:188} INFO - [2026-07-05T16:16:44.929+0000] {dag.py:3954} INFO - Setting next_dagrun for dataset_consumes_1 to None, run_after=None
[2026-07-05T16:16:44.931+0000] {logging_mixin.py:188} INFO - [2026-07-05T16:16:44.931+0000] {dag.py:3954} INFO - Setting next_dagrun for dataset_consumes_1_and_2 to None, run_after=None
[2026-07-05T16:16:44.934+0000] {logging_mixin.py:188} INFO - [2026-07-05T16:16:44.933+0000] {dag.py:3954} INFO - Setting next_dagrun for dataset_consumes_1_never_scheduled to None, run_after=None
[2026-07-05T16:16:44.935+0000] {logging_mixin.py:188} INFO - [2026-07-05T16:16:44.935+0000] {dag.py:3954} INFO - Setting next_dagrun for dataset_consumes_unknown_never_scheduled to None, run_after=None
[2026-07-05T16:16:44.938+0000] {logging_mixin.py:188} INFO - [2026-07-05T16:16:44.937+0000] {dag.py:3954} INFO - Setting next_dagrun for dataset_produces_1 to 2026-07-04 00:00:00+00:00, run_after=2026-07-05 00:00:00+00:00
[2026-07-05T16:16:44.939+0000] {logging_mixin.py:188} INFO - [2026-07-05T16:16:44.939+0000] {dag.py:3954} INFO - Setting next_dagrun for dataset_produces_2 to None, run_after=None
[2026-07-05T16:16:44.976+0000] {processor.py:183} INFO - Processing /home/airflow/.local/lib/python3.11/site-packages/airflow/example_dags/example_datasets.py took 0.156 seconds
[2026-07-05T16:17:15.100+0000] {processor.py:161} INFO - Started process (PID=876) to work on /home/airflow/.local/lib/python3.11/site-packages/airflow/example_dags/example_datasets.py
[2026-07-05T16:17:15.101+0000] {processor.py:830} INFO - Processing file /home/airflow/.local/lib/python3.11/site-packages/airflow/example_dags/example_datasets.py for tasks to queue
[2026-07-05T16:17:15.103+0000] {logging_mixin.py:188} INFO - [2026-07-05T16:17:15.103+0000] {dagbag.py:545} INFO - Filling up the DagBag from /home/airflow/.local/lib/python3.11/site-packages/airflow/example_dags/example_datasets.py
[2026-07-05T16:17:15.115+0000] {processor.py:840} INFO - DAG(s) 'consume_1_or_both_2_and_3_with_dataset_expressions', 'dataset_produces_2', 'dataset_consumes_1_and_2', 'dataset_produces_1', 'dataset_consumes_1_never_scheduled', 'dataset_consumes_1', 'dataset_consumes_unknown_never_scheduled', 'consume_1_or_2_with_dataset_expressions', 'conditional_dataset_and_time_based_timetable', 'consume_1_and_2_with_dataset_expressions' retrieved from /home/airflow/.local/lib/python3.11/site-packages/airflow/example_dags/example_datasets.py
[2026-07-05T16:17:15.162+0000] {logging_mixin.py:188} INFO - [2026-07-05T16:17:15.162+0000] {dag.py:3096} INFO - Sync 10 DAGs
[2026-07-05T16:17:15.189+0000] {logging_mixin.py:188} INFO - [2026-07-05T16:17:15.189+0000] {dag.py:3954} INFO - Setting next_dagrun for conditional_dataset_and_time_based_timetable to 2026-07-01 01:00:00+00:00, run_after=2026-07-01 01:00:00+00:00
[2026-07-05T16:17:15.192+0000] {logging_mixin.py:188} INFO - [2026-07-05T16:17:15.192+0000] {dag.py:3954} INFO - Setting next_dagrun for consume_1_and_2_with_dataset_expressions to None, run_after=None
[2026-07-05T16:17:15.194+0000] {logging_mixin.py:188} INFO - [2026-07-05T16:17:15.194+0000] {dag.py:3954} INFO - Setting next_dagrun for consume_1_or_2_with_dataset_expressions to None, run_after=None
[2026-07-05T16:17:15.195+0000] {logging_mixin.py:188} INFO - [2026-07-05T16:17:15.195+0000] {dag.py:3954} INFO - Setting next_dagrun for consume_1_or_both_2_and_3_with_dataset_expressions to None, run_after=None
[2026-07-05T16:17:15.197+0000] {logging_mixin.py:188} INFO - [2026-07-05T16:17:15.197+0000] {dag.py:3954} INFO - Setting next_dagrun for dataset_consumes_1 to None, run_after=None
[2026-07-05T16:17:15.199+0000] {logging_mixin.py:188} INFO - [2026-07-05T16:17:15.198+0000] {dag.py:3954} INFO - Setting next_dagrun for dataset_consumes_1_and_2 to None, run_after=None
[2026-07-05T16:17:15.200+0000] {logging_mixin.py:188} INFO - [2026-07-05T16:17:15.200+0000] {dag.py:3954} INFO - Setting next_dagrun for dataset_consumes_1_never_scheduled to None, run_after=None
[2026-07-05T16:17:15.202+0000] {logging_mixin.py:188} INFO - [2026-07-05T16:17:15.202+0000] {dag.py:3954} INFO - Setting next_dagrun for dataset_consumes_unknown_never_scheduled to None, run_after=None
[2026-07-05T16:17:15.204+0000] {logging_mixin.py:188} INFO - [2026-07-05T16:17:15.204+0000] {dag.py:3954} INFO - Setting next_dagrun for dataset_produces_1 to 2026-07-04 00:00:00+00:00, run_after=2026-07-05 00:00:00+00:00
[2026-07-05T16:17:15.206+0000] {logging_mixin.py:188} INFO - [2026-07-05T16:17:15.206+0000] {dag.py:3954} INFO - Setting next_dagrun for dataset_produces_2 to None, run_after=None
[2026-07-05T16:17:15.241+0000] {processor.py:183} INFO - Processing /home/airflow/.local/lib/python3.11/site-packages/airflow/example_dags/example_datasets.py took 0.146 seconds
[2026-07-05T16:17:45.322+0000] {processor.py:161} INFO - Started process (PID=934) to work on /home/airflow/.local/lib/python3.11/site-packages/airflow/example_dags/example_datasets.py
[2026-07-05T16:17:45.324+0000] {processor.py:830} INFO - Processing file /home/airflow/.local/lib/python3.11/site-packages/airflow/example_dags/example_datasets.py for tasks to queue
[2026-07-05T16:17:45.327+0000] {logging_mixin.py:188} INFO - [2026-07-05T16:17:45.326+0000] {dagbag.py:545} INFO - Filling up the DagBag from /home/airflow/.local/lib/python3.11/site-packages/airflow/example_dags/example_datasets.py
[2026-07-05T16:17:45.340+0000] {processor.py:840} INFO - DAG(s) 'consume_1_or_both_2_and_3_with_dataset_expressions', 'dataset_consumes_1_never_scheduled', 'dataset_produces_1', 'dataset_consumes_1', 'dataset_produces_2', 'conditional_dataset_and_time_based_timetable', 'dataset_consumes_1_and_2', 'consume_1_or_2_with_dataset_expressions', 'dataset_consumes_unknown_never_scheduled', 'consume_1_and_2_with_dataset_expressions' retrieved from /home/airflow/.local/lib/python3.11/site-packages/airflow/example_dags/example_datasets.py
[2026-07-05T16:17:45.389+0000] {logging_mixin.py:188} INFO - [2026-07-05T16:17:45.389+0000] {dag.py:3096} INFO - Sync 10 DAGs
[2026-07-05T16:17:45.417+0000] {logging_mixin.py:188} INFO - [2026-07-05T16:17:45.417+0000] {dag.py:3954} INFO - Setting next_dagrun for conditional_dataset_and_time_based_timetable to 2026-07-01 01:00:00+00:00, run_after=2026-07-01 01:00:00+00:00
[2026-07-05T16:17:45.421+0000] {logging_mixin.py:188} INFO - [2026-07-05T16:17:45.421+0000] {dag.py:3954} INFO - Setting next_dagrun for consume_1_and_2_with_dataset_expressions to None, run_after=None
[2026-07-05T16:17:45.427+0000] {logging_mixin.py:188} INFO - [2026-07-05T16:17:45.427+0000] {dag.py:3954} INFO - Setting next_dagrun for consume_1_or_2_with_dataset_expressions to None, run_after=None
[2026-07-05T16:17:45.430+0000] {logging_mixin.py:188} INFO - [2026-07-05T16:17:45.429+0000] {dag.py:3954} INFO - Setting next_dagrun for consume_1_or_both_2_and_3_with_dataset_expressions to None, run_after=None
[2026-07-05T16:17:45.432+0000] {logging_mixin.py:188} INFO - [2026-07-05T16:17:45.432+0000] {dag.py:3954} INFO - Setting next_dagrun for dataset_consumes_1 to None, run_after=None
[2026-07-05T16:17:45.435+0000] {logging_mixin.py:188} INFO - [2026-07-05T16:17:45.434+0000] {dag.py:3954} INFO - Setting next_dagrun for dataset_consumes_1_and_2 to None, run_after=None
[2026-07-05T16:17:45.437+0000] {logging_mixin.py:188} INFO - [2026-07-05T16:17:45.437+0000] {dag.py:3954} INFO - Setting next_dagrun for dataset_consumes_1_never_scheduled to None, run_after=None
[2026-07-05T16:17:45.439+0000] {logging_mixin.py:188} INFO - [2026-07-05T16:17:45.439+0000] {dag.py:3954} INFO - Setting next_dagrun for dataset_consumes_unknown_never_scheduled to None, run_after=None
[2026-07-05T16:17:45.443+0000] {logging_mixin.py:188} INFO - [2026-07-05T16:17:45.443+0000] {dag.py:3954} INFO - Setting next_dagrun for dataset_produces_1 to 2026-07-04 00:00:00+00:00, run_after=2026-07-05 00:00:00+00:00
[2026-07-05T16:17:45.446+0000] {logging_mixin.py:188} INFO - [2026-07-05T16:17:45.446+0000] {dag.py:3954} INFO - Setting next_dagrun for dataset_produces_2 to None, run_after=None
[2026-07-05T16:17:45.495+0000] {processor.py:183} INFO - Processing /home/airflow/.local/lib/python3.11/site-packages/airflow/example_dags/example_datasets.py took 0.180 seconds
[2026-07-05T16:18:16.100+0000] {processor.py:161} INFO - Started process (PID=992) to work on /home/airflow/.local/lib/python3.11/site-packages/airflow/example_dags/example_datasets.py
[2026-07-05T16:18:16.102+0000] {processor.py:830} INFO - Processing file /home/airflow/.local/lib/python3.11/site-packages/airflow/example_dags/example_datasets.py for tasks to queue
[2026-07-05T16:18:16.105+0000] {logging_mixin.py:188} INFO - [2026-07-05T16:18:16.104+0000] {dagbag.py:545} INFO - Filling up the DagBag from /home/airflow/.local/lib/python3.11/site-packages/airflow/example_dags/example_datasets.py
[2026-07-05T16:18:16.120+0000] {processor.py:840} INFO - DAG(s) 'consume_1_and_2_with_dataset_expressions', 'dataset_consumes_1', 'dataset_consumes_1_never_scheduled', 'dataset_produces_1', 'dataset_produces_2', 'dataset_consumes_unknown_never_scheduled', 'conditional_dataset_and_time_based_timetable', 'consume_1_or_2_with_dataset_expressions', 'dataset_consumes_1_and_2', 'consume_1_or_both_2_and_3_with_dataset_expressions' retrieved from /home/airflow/.local/lib/python3.11/site-packages/airflow/example_dags/example_datasets.py
[2026-07-05T16:18:16.170+0000] {logging_mixin.py:188} INFO - [2026-07-05T16:18:16.170+0000] {dag.py:3096} INFO - Sync 10 DAGs
[2026-07-05T16:18:16.195+0000] {logging_mixin.py:188} INFO - [2026-07-05T16:18:16.195+0000] {dag.py:3954} INFO - Setting next_dagrun for conditional_dataset_and_time_based_timetable to 2026-07-01 01:00:00+00:00, run_after=2026-07-01 01:00:00+00:00
[2026-07-05T16:18:16.199+0000] {logging_mixin.py:188} INFO - [2026-07-05T16:18:16.199+0000] {dag.py:3954} INFO - Setting next_dagrun for consume_1_and_2_with_dataset_expressions to None, run_after=None
[2026-07-05T16:18:16.201+0000] {logging_mixin.py:188} INFO - [2026-07-05T16:18:16.201+0000] {dag.py:3954} INFO - Setting next_dagrun for consume_1_or_2_with_dataset_expressions to None, run_after=None
[2026-07-05T16:18:16.204+0000] {logging_mixin.py:188} INFO - [2026-07-05T16:18:16.203+0000] {dag.py:3954} INFO - Setting next_dagrun for consume_1_or_both_2_and_3_with_dataset_expressions to None, run_after=None
[2026-07-05T16:18:16.205+0000] {logging_mixin.py:188} INFO - [2026-07-05T16:18:16.205+0000] {dag.py:3954} INFO - Setting next_dagrun for dataset_consumes_1 to None, run_after=None
[2026-07-05T16:18:16.206+0000] {logging_mixin.py:188} INFO - [2026-07-05T16:18:16.206+0000] {dag.py:3954} INFO - Setting next_dagrun for dataset_consumes_1_and_2 to None, run_after=None
[2026-07-05T16:18:16.208+0000] {logging_mixin.py:188} INFO - [2026-07-05T16:18:16.208+0000] {dag.py:3954} INFO - Setting next_dagrun for dataset_consumes_1_never_scheduled to None, run_after=None
[2026-07-05T16:18:16.209+0000] {logging_mixin.py:188} INFO - [2026-07-05T16:18:16.209+0000] {dag.py:3954} INFO - Setting next_dagrun for dataset_consumes_unknown_never_scheduled to None, run_after=None
[2026-07-05T16:18:16.212+0000] {logging_mixin.py:188} INFO - [2026-07-05T16:18:16.211+0000] {dag.py:3954} INFO - Setting next_dagrun for dataset_produces_1 to 2026-07-04 00:00:00+00:00, run_after=2026-07-05 00:00:00+00:00
[2026-07-05T16:18:16.213+0000] {logging_mixin.py:188} INFO - [2026-07-05T16:18:16.213+0000] {dag.py:3954} INFO - Setting next_dagrun for dataset_produces_2 to None, run_after=None
[2026-07-05T16:18:16.249+0000] {processor.py:183} INFO - Processing /home/airflow/.local/lib/python3.11/site-packages/airflow/example_dags/example_datasets.py took 0.155 seconds
[2026-07-05T16:18:46.480+0000] {processor.py:161} INFO - Started process (PID=1050) to work on /home/airflow/.local/lib/python3.11/site-packages/airflow/example_dags/example_datasets.py
[2026-07-05T16:18:46.481+0000] {processor.py:830} INFO - Processing file /home/airflow/.local/lib/python3.11/site-packages/airflow/example_dags/example_datasets.py for tasks to queue
[2026-07-05T16:18:46.484+0000] {logging_mixin.py:188} INFO - [2026-07-05T16:18:46.483+0000] {dagbag.py:545} INFO - Filling up the DagBag from /home/airflow/.local/lib/python3.11/site-packages/airflow/example_dags/example_datasets.py
[2026-07-05T16:18:46.500+0000] {processor.py:840} INFO - DAG(s) 'dataset_consumes_1', 'dataset_produces_1', 'consume_1_and_2_with_dataset_expressions', 'conditional_dataset_and_time_based_timetable', 'dataset_consumes_1_never_scheduled', 'dataset_consumes_1_and_2', 'dataset_consumes_unknown_never_scheduled', 'dataset_produces_2', 'consume_1_or_both_2_and_3_with_dataset_expressions', 'consume_1_or_2_with_dataset_expressions' retrieved from /home/airflow/.local/lib/python3.11/site-packages/airflow/example_dags/example_datasets.py
[2026-07-05T16:18:46.548+0000] {logging_mixin.py:188} INFO - [2026-07-05T16:18:46.548+0000] {dag.py:3096} INFO - Sync 10 DAGs
[2026-07-05T16:18:46.572+0000] {logging_mixin.py:188} INFO - [2026-07-05T16:18:46.572+0000] {dag.py:3954} INFO - Setting next_dagrun for conditional_dataset_and_time_based_timetable to 2026-07-01 01:00:00+00:00, run_after=2026-07-01 01:00:00+00:00
[2026-07-05T16:18:46.576+0000] {logging_mixin.py:188} INFO - [2026-07-05T16:18:46.576+0000] {dag.py:3954} INFO - Setting next_dagrun for consume_1_and_2_with_dataset_expressions to None, run_after=None
[2026-07-05T16:18:46.578+0000] {logging_mixin.py:188} INFO - [2026-07-05T16:18:46.578+0000] {dag.py:3954} INFO - Setting next_dagrun for consume_1_or_2_with_dataset_expressions to None, run_after=None
[2026-07-05T16:18:46.580+0000] {logging_mixin.py:188} INFO - [2026-07-05T16:18:46.579+0000] {dag.py:3954} INFO - Setting next_dagrun for consume_1_or_both_2_and_3_with_dataset_expressions to None, run_after=None
[2026-07-05T16:18:46.581+0000] {logging_mixin.py:188} INFO - [2026-07-05T16:18:46.581+0000] {dag.py:3954} INFO - Setting next_dagrun for dataset_consumes_1 to None, run_after=None
[2026-07-05T16:18:46.583+0000] {logging_mixin.py:188} INFO - [2026-07-05T16:18:46.583+0000] {dag.py:3954} INFO - Setting next_dagrun for dataset_consumes_1_and_2 to None, run_after=None
[2026-07-05T16:18:46.584+0000] {logging_mixin.py:188} INFO - [2026-07-05T16:18:46.584+0000] {dag.py:3954} INFO - Setting next_dagrun for dataset_consumes_1_never_scheduled to None, run_after=None
[2026-07-05T16:18:46.586+0000] {logging_mixin.py:188} INFO - [2026-07-05T16:18:46.586+0000] {dag.py:3954} INFO - Setting next_dagrun for dataset_consumes_unknown_never_scheduled to None, run_after=None
[2026-07-05T16:18:46.589+0000] {logging_mixin.py:188} INFO - [2026-07-05T16:18:46.588+0000] {dag.py:3954} INFO - Setting next_dagrun for dataset_produces_1 to 2026-07-04 00:00:00+00:00, run_after=2026-07-05 00:00:00+00:00
[2026-07-05T16:18:46.590+0000] {logging_mixin.py:188} INFO - [2026-07-05T16:18:46.590+0000] {dag.py:3954} INFO - Setting next_dagrun for dataset_produces_2 to None, run_after=None
[2026-07-05T16:18:46.621+0000] {processor.py:183} INFO - Processing /home/airflow/.local/lib/python3.11/site-packages/airflow/example_dags/example_datasets.py took 0.150 seconds
[2026-07-05T17:44:55.477+0000] {processor.py:161} INFO - Started process (PID=1102) to work on /home/airflow/.local/lib/python3.11/site-packages/airflow/example_dags/example_datasets.py
[2026-07-05T17:44:55.490+0000] {processor.py:830} INFO - Processing file /home/airflow/.local/lib/python3.11/site-packages/airflow/example_dags/example_datasets.py for tasks to queue
[2026-07-05T17:44:55.506+0000] {logging_mixin.py:188} INFO - [2026-07-05T17:44:55.501+0000] {dagbag.py:545} INFO - Filling up the DagBag from /home/airflow/.local/lib/python3.11/site-packages/airflow/example_dags/example_datasets.py
[2026-07-05T17:44:55.612+0000] {processor.py:840} INFO - DAG(s) 'dataset_produces_2', 'dataset_consumes_unknown_never_scheduled', 'dataset_produces_1', 'dataset_consumes_1', 'dataset_consumes_1_and_2', 'conditional_dataset_and_time_based_timetable', 'consume_1_or_both_2_and_3_with_dataset_expressions', 'consume_1_or_2_with_dataset_expressions', 'consume_1_and_2_with_dataset_expressions', 'dataset_consumes_1_never_scheduled' retrieved from /home/airflow/.local/lib/python3.11/site-packages/airflow/example_dags/example_datasets.py
[2026-07-05T17:44:55.901+0000] {logging_mixin.py:188} INFO - [2026-07-05T17:44:55.900+0000] {dag.py:3096} INFO - Sync 10 DAGs
[2026-07-05T17:44:56.015+0000] {logging_mixin.py:188} INFO - [2026-07-05T17:44:56.014+0000] {dag.py:3954} INFO - Setting next_dagrun for conditional_dataset_and_time_based_timetable to 2026-07-01 01:00:00+00:00, run_after=2026-07-01 01:00:00+00:00
[2026-07-05T17:44:56.030+0000] {logging_mixin.py:188} INFO - [2026-07-05T17:44:56.030+0000] {dag.py:3954} INFO - Setting next_dagrun for consume_1_and_2_with_dataset_expressions to None, run_after=None
[2026-07-05T17:44:56.043+0000] {logging_mixin.py:188} INFO - [2026-07-05T17:44:56.043+0000] {dag.py:3954} INFO - Setting next_dagrun for consume_1_or_2_with_dataset_expressions to None, run_after=None
[2026-07-05T17:44:56.046+0000] {logging_mixin.py:188} INFO - [2026-07-05T17:44:56.046+0000] {dag.py:3954} INFO - Setting next_dagrun for consume_1_or_both_2_and_3_with_dataset_expressions to None, run_after=None
[2026-07-05T17:44:56.058+0000] {logging_mixin.py:188} INFO - [2026-07-05T17:44:56.049+0000] {dag.py:3954} INFO - Setting next_dagrun for dataset_consumes_1 to None, run_after=None
[2026-07-05T17:44:56.061+0000] {logging_mixin.py:188} INFO - [2026-07-05T17:44:56.061+0000] {dag.py:3954} INFO - Setting next_dagrun for dataset_consumes_1_and_2 to None, run_after=None
[2026-07-05T17:44:56.064+0000] {logging_mixin.py:188} INFO - [2026-07-05T17:44:56.064+0000] {dag.py:3954} INFO - Setting next_dagrun for dataset_consumes_1_never_scheduled to None, run_after=None
[2026-07-05T17:44:56.075+0000] {logging_mixin.py:188} INFO - [2026-07-05T17:44:56.075+0000] {dag.py:3954} INFO - Setting next_dagrun for dataset_consumes_unknown_never_scheduled to None, run_after=None
[2026-07-05T17:44:56.090+0000] {logging_mixin.py:188} INFO - [2026-07-05T17:44:56.090+0000] {dag.py:3954} INFO - Setting next_dagrun for dataset_produces_1 to 2026-07-04 00:00:00+00:00, run_after=2026-07-05 00:00:00+00:00
[2026-07-05T17:44:56.093+0000] {logging_mixin.py:188} INFO - [2026-07-05T17:44:56.093+0000] {dag.py:3954} INFO - Setting next_dagrun for dataset_produces_2 to None, run_after=None
[2026-07-05T17:44:56.228+0000] {processor.py:183} INFO - Processing /home/airflow/.local/lib/python3.11/site-packages/airflow/example_dags/example_datasets.py took 0.763 seconds
