[2026-07-05T16:07:38.630+0000] {processor.py:161} INFO - Started process (PID=96) to work on /home/airflow/.local/lib/python3.11/site-packages/airflow/example_dags/example_display_name.py
[2026-07-05T16:07:38.633+0000] {processor.py:830} INFO - Processing file /home/airflow/.local/lib/python3.11/site-packages/airflow/example_dags/example_display_name.py for tasks to queue
[2026-07-05T16:07:38.638+0000] {logging_mixin.py:188} INFO - [2026-07-05T16:07:38.637+0000] {dagbag.py:545} INFO - Filling up the DagBag from /home/airflow/.local/lib/python3.11/site-packages/airflow/example_dags/example_display_name.py
[2026-07-05T16:07:38.666+0000] {processor.py:840} INFO - DAG(s) 'example_display_name' retrieved from /home/airflow/.local/lib/python3.11/site-packages/airflow/example_dags/example_display_name.py
[2026-07-05T16:07:38.844+0000] {logging_mixin.py:188} INFO - [2026-07-05T16:07:38.843+0000] {override.py:1829} INFO - Created Permission View: can delete on DAG:example_display_name
[2026-07-05T16:07:38.856+0000] {logging_mixin.py:188} INFO - [2026-07-05T16:07:38.856+0000] {override.py:1829} INFO - Created Permission View: can read on DAG:example_display_name
[2026-07-05T16:07:38.866+0000] {logging_mixin.py:188} INFO - [2026-07-05T16:07:38.865+0000] {override.py:1829} INFO - Created Permission View: can edit on DAG:example_display_name
[2026-07-05T16:07:38.866+0000] {logging_mixin.py:188} INFO - [2026-07-05T16:07:38.866+0000] {dag.py:3096} INFO - Sync 1 DAGs
[2026-07-05T16:07:38.880+0000] {logging_mixin.py:188} INFO - [2026-07-05T16:07:38.880+0000] {dag.py:3118} INFO - Creating ORM DAG for example_display_name
[2026-07-05T16:07:38.881+0000] {logging_mixin.py:188} INFO - [2026-07-05T16:07:38.881+0000] {dag.py:3954} INFO - Setting next_dagrun for example_display_name to None, run_after=None
[2026-07-05T16:07:38.905+0000] {processor.py:183} INFO - Processing /home/airflow/.local/lib/python3.11/site-packages/airflow/example_dags/example_display_name.py took 0.309 seconds
[2026-07-05T16:08:09.462+0000] {processor.py:161} INFO - Started process (PID=154) to work on /home/airflow/.local/lib/python3.11/site-packages/airflow/example_dags/example_display_name.py
[2026-07-05T16:08:09.463+0000] {processor.py:830} INFO - Processing file /home/airflow/.local/lib/python3.11/site-packages/airflow/example_dags/example_display_name.py for tasks to queue
[2026-07-05T16:08:09.465+0000] {logging_mixin.py:188} INFO - [2026-07-05T16:08:09.465+0000] {dagbag.py:545} INFO - Filling up the DagBag from /home/airflow/.local/lib/python3.11/site-packages/airflow/example_dags/example_display_name.py
[2026-07-05T16:08:09.471+0000] {processor.py:840} INFO - DAG(s) 'example_display_name' retrieved from /home/airflow/.local/lib/python3.11/site-packages/airflow/example_dags/example_display_name.py
[2026-07-05T16:08:09.488+0000] {logging_mixin.py:188} INFO - [2026-07-05T16:08:09.488+0000] {dag.py:3096} INFO - Sync 1 DAGs
[2026-07-05T16:08:09.499+0000] {logging_mixin.py:188} INFO - [2026-07-05T16:08:09.498+0000] {dag.py:3954} INFO - Setting next_dagrun for example_display_name to None, run_after=None
[2026-07-05T16:08:09.517+0000] {processor.py:183} INFO - Processing /home/airflow/.local/lib/python3.11/site-packages/airflow/example_dags/example_display_name.py took 0.059 seconds
[2026-07-05T16:08:40.131+0000] {processor.py:161} INFO - Started process (PID=212) to work on /home/airflow/.local/lib/python3.11/site-packages/airflow/example_dags/example_display_name.py
[2026-07-05T16:08:40.132+0000] {processor.py:830} INFO - Processing file /home/airflow/.local/lib/python3.11/site-packages/airflow/example_dags/example_display_name.py for tasks to queue
[2026-07-05T16:08:40.134+0000] {logging_mixin.py:188} INFO - [2026-07-05T16:08:40.134+0000] {dagbag.py:545} INFO - Filling up the DagBag from /home/airflow/.local/lib/python3.11/site-packages/airflow/example_dags/example_display_name.py
[2026-07-05T16:08:40.140+0000] {processor.py:840} INFO - DAG(s) 'example_display_name' retrieved from /home/airflow/.local/lib/python3.11/site-packages/airflow/example_dags/example_display_name.py
[2026-07-05T16:08:40.161+0000] {logging_mixin.py:188} INFO - [2026-07-05T16:08:40.161+0000] {dag.py:3096} INFO - Sync 1 DAGs
[2026-07-05T16:08:40.173+0000] {logging_mixin.py:188} INFO - [2026-07-05T16:08:40.173+0000] {dag.py:3954} INFO - Setting next_dagrun for example_display_name to None, run_after=None
[2026-07-05T16:08:40.190+0000] {processor.py:183} INFO - Processing /home/airflow/.local/lib/python3.11/site-packages/airflow/example_dags/example_display_name.py took 0.066 seconds
[2026-07-05T16:09:10.404+0000] {processor.py:161} INFO - Started process (PID=270) to work on /home/airflow/.local/lib/python3.11/site-packages/airflow/example_dags/example_display_name.py
[2026-07-05T16:09:10.406+0000] {processor.py:830} INFO - Processing file /home/airflow/.local/lib/python3.11/site-packages/airflow/example_dags/example_display_name.py for tasks to queue
[2026-07-05T16:09:10.409+0000] {logging_mixin.py:188} INFO - [2026-07-05T16:09:10.408+0000] {dagbag.py:545} INFO - Filling up the DagBag from /home/airflow/.local/lib/python3.11/site-packages/airflow/example_dags/example_display_name.py
[2026-07-05T16:09:10.420+0000] {processor.py:840} INFO - DAG(s) 'example_display_name' retrieved from /home/airflow/.local/lib/python3.11/site-packages/airflow/example_dags/example_display_name.py
[2026-07-05T16:09:10.439+0000] {logging_mixin.py:188} INFO - [2026-07-05T16:09:10.438+0000] {dag.py:3096} INFO - Sync 1 DAGs
[2026-07-05T16:09:10.464+0000] {logging_mixin.py:188} INFO - [2026-07-05T16:09:10.464+0000] {dag.py:3954} INFO - Setting next_dagrun for example_display_name to None, run_after=None
[2026-07-05T16:09:10.506+0000] {processor.py:183} INFO - Processing /home/airflow/.local/lib/python3.11/site-packages/airflow/example_dags/example_display_name.py took 0.117 seconds
[2026-07-05T16:09:40.773+0000] {processor.py:161} INFO - Started process (PID=328) to work on /home/airflow/.local/lib/python3.11/site-packages/airflow/example_dags/example_display_name.py
[2026-07-05T16:09:40.774+0000] {processor.py:830} INFO - Processing file /home/airflow/.local/lib/python3.11/site-packages/airflow/example_dags/example_display_name.py for tasks to queue
[2026-07-05T16:09:40.776+0000] {logging_mixin.py:188} INFO - [2026-07-05T16:09:40.776+0000] {dagbag.py:545} INFO - Filling up the DagBag from /home/airflow/.local/lib/python3.11/site-packages/airflow/example_dags/example_display_name.py
[2026-07-05T16:09:40.782+0000] {processor.py:840} INFO - DAG(s) 'example_display_name' retrieved from /home/airflow/.local/lib/python3.11/site-packages/airflow/example_dags/example_display_name.py
[2026-07-05T16:09:40.860+0000] {logging_mixin.py:188} INFO - [2026-07-05T16:09:40.860+0000] {dag.py:3096} INFO - Sync 1 DAGs
[2026-07-05T16:09:40.871+0000] {logging_mixin.py:188} INFO - [2026-07-05T16:09:40.871+0000] {dag.py:3954} INFO - Setting next_dagrun for example_display_name to None, run_after=None
[2026-07-05T16:09:40.890+0000] {processor.py:183} INFO - Processing /home/airflow/.local/lib/python3.11/site-packages/airflow/example_dags/example_display_name.py took 0.123 seconds
[2026-07-05T16:10:15.557+0000] {processor.py:161} INFO - Started process (PID=91) to work on /home/airflow/.local/lib/python3.11/site-packages/airflow/example_dags/example_display_name.py
[2026-07-05T16:10:15.562+0000] {processor.py:830} INFO - Processing file /home/airflow/.local/lib/python3.11/site-packages/airflow/example_dags/example_display_name.py for tasks to queue
[2026-07-05T16:10:15.567+0000] {logging_mixin.py:188} INFO - [2026-07-05T16:10:15.566+0000] {dagbag.py:545} INFO - Filling up the DagBag from /home/airflow/.local/lib/python3.11/site-packages/airflow/example_dags/example_display_name.py
[2026-07-05T16:10:15.588+0000] {processor.py:840} INFO - DAG(s) 'example_display_name' retrieved from /home/airflow/.local/lib/python3.11/site-packages/airflow/example_dags/example_display_name.py
[2026-07-05T16:10:15.623+0000] {logging_mixin.py:188} INFO - [2026-07-05T16:10:15.623+0000] {dag.py:3096} INFO - Sync 1 DAGs
[2026-07-05T16:10:15.657+0000] {logging_mixin.py:188} INFO - [2026-07-05T16:10:15.657+0000] {dag.py:3954} INFO - Setting next_dagrun for example_display_name to None, run_after=None
[2026-07-05T16:10:15.692+0000] {processor.py:183} INFO - Processing /home/airflow/.local/lib/python3.11/site-packages/airflow/example_dags/example_display_name.py took 0.151 seconds
[2026-07-05T16:10:46.197+0000] {processor.py:161} INFO - Started process (PID=150) to work on /home/airflow/.local/lib/python3.11/site-packages/airflow/example_dags/example_display_name.py
[2026-07-05T16:10:46.199+0000] {processor.py:830} INFO - Processing file /home/airflow/.local/lib/python3.11/site-packages/airflow/example_dags/example_display_name.py for tasks to queue
[2026-07-05T16:10:46.204+0000] {logging_mixin.py:188} INFO - [2026-07-05T16:10:46.203+0000] {dagbag.py:545} INFO - Filling up the DagBag from /home/airflow/.local/lib/python3.11/site-packages/airflow/example_dags/example_display_name.py
[2026-07-05T16:10:46.215+0000] {processor.py:840} INFO - DAG(s) 'example_display_name' retrieved from /home/airflow/.local/lib/python3.11/site-packages/airflow/example_dags/example_display_name.py
[2026-07-05T16:10:46.399+0000] {logging_mixin.py:188} INFO - [2026-07-05T16:10:46.398+0000] {dag.py:3096} INFO - Sync 1 DAGs
[2026-07-05T16:10:46.422+0000] {logging_mixin.py:188} INFO - [2026-07-05T16:10:46.421+0000] {dag.py:3954} INFO - Setting next_dagrun for example_display_name to None, run_after=None
[2026-07-05T16:10:46.460+0000] {processor.py:183} INFO - Processing /home/airflow/.local/lib/python3.11/site-packages/airflow/example_dags/example_display_name.py took 0.275 seconds
[2026-07-05T16:11:16.572+0000] {processor.py:161} INFO - Started process (PID=208) to work on /home/airflow/.local/lib/python3.11/site-packages/airflow/example_dags/example_display_name.py
[2026-07-05T16:11:16.574+0000] {processor.py:830} INFO - Processing file /home/airflow/.local/lib/python3.11/site-packages/airflow/example_dags/example_display_name.py for tasks to queue
[2026-07-05T16:11:16.576+0000] {logging_mixin.py:188} INFO - [2026-07-05T16:11:16.576+0000] {dagbag.py:545} INFO - Filling up the DagBag from /home/airflow/.local/lib/python3.11/site-packages/airflow/example_dags/example_display_name.py
[2026-07-05T16:11:16.583+0000] {processor.py:840} INFO - DAG(s) 'example_display_name' retrieved from /home/airflow/.local/lib/python3.11/site-packages/airflow/example_dags/example_display_name.py
[2026-07-05T16:11:16.603+0000] {logging_mixin.py:188} INFO - [2026-07-05T16:11:16.603+0000] {dag.py:3096} INFO - Sync 1 DAGs
[2026-07-05T16:11:16.614+0000] {logging_mixin.py:188} INFO - [2026-07-05T16:11:16.614+0000] {dag.py:3954} INFO - Setting next_dagrun for example_display_name to None, run_after=None
[2026-07-05T16:11:16.633+0000] {processor.py:183} INFO - Processing /home/airflow/.local/lib/python3.11/site-packages/airflow/example_dags/example_display_name.py took 0.068 seconds
[2026-07-05T16:11:47.341+0000] {processor.py:161} INFO - Started process (PID=266) to work on /home/airflow/.local/lib/python3.11/site-packages/airflow/example_dags/example_display_name.py
[2026-07-05T16:11:47.342+0000] {processor.py:830} INFO - Processing file /home/airflow/.local/lib/python3.11/site-packages/airflow/example_dags/example_display_name.py for tasks to queue
[2026-07-05T16:11:47.344+0000] {logging_mixin.py:188} INFO - [2026-07-05T16:11:47.344+0000] {dagbag.py:545} INFO - Filling up the DagBag from /home/airflow/.local/lib/python3.11/site-packages/airflow/example_dags/example_display_name.py
[2026-07-05T16:11:47.352+0000] {processor.py:840} INFO - DAG(s) 'example_display_name' retrieved from /home/airflow/.local/lib/python3.11/site-packages/airflow/example_dags/example_display_name.py
[2026-07-05T16:11:47.369+0000] {logging_mixin.py:188} INFO - [2026-07-05T16:11:47.369+0000] {dag.py:3096} INFO - Sync 1 DAGs
[2026-07-05T16:11:47.384+0000] {logging_mixin.py:188} INFO - [2026-07-05T16:11:47.384+0000] {dag.py:3954} INFO - Setting next_dagrun for example_display_name to None, run_after=None
[2026-07-05T16:11:47.415+0000] {processor.py:183} INFO - Processing /home/airflow/.local/lib/python3.11/site-packages/airflow/example_dags/example_display_name.py took 0.082 seconds
[2026-07-05T16:12:18.823+0000] {processor.py:161} INFO - Started process (PID=324) to work on /home/airflow/.local/lib/python3.11/site-packages/airflow/example_dags/example_display_name.py
[2026-07-05T16:12:18.825+0000] {processor.py:830} INFO - Processing file /home/airflow/.local/lib/python3.11/site-packages/airflow/example_dags/example_display_name.py for tasks to queue
[2026-07-05T16:12:18.829+0000] {logging_mixin.py:188} INFO - [2026-07-05T16:12:18.828+0000] {dagbag.py:545} INFO - Filling up the DagBag from /home/airflow/.local/lib/python3.11/site-packages/airflow/example_dags/example_display_name.py
[2026-07-05T16:12:18.842+0000] {processor.py:840} INFO - DAG(s) 'example_display_name' retrieved from /home/airflow/.local/lib/python3.11/site-packages/airflow/example_dags/example_display_name.py
[2026-07-05T16:12:19.045+0000] {logging_mixin.py:188} INFO - [2026-07-05T16:12:19.045+0000] {dag.py:3096} INFO - Sync 1 DAGs
[2026-07-05T16:12:19.066+0000] {logging_mixin.py:188} INFO - [2026-07-05T16:12:19.065+0000] {dag.py:3954} INFO - Setting next_dagrun for example_display_name to None, run_after=None
[2026-07-05T16:12:19.102+0000] {processor.py:183} INFO - Processing /home/airflow/.local/lib/python3.11/site-packages/airflow/example_dags/example_display_name.py took 0.295 seconds
[2026-07-05T16:12:49.194+0000] {processor.py:161} INFO - Started process (PID=383) to work on /home/airflow/.local/lib/python3.11/site-packages/airflow/example_dags/example_display_name.py
[2026-07-05T16:12:49.195+0000] {processor.py:830} INFO - Processing file /home/airflow/.local/lib/python3.11/site-packages/airflow/example_dags/example_display_name.py for tasks to queue
[2026-07-05T16:12:49.198+0000] {logging_mixin.py:188} INFO - [2026-07-05T16:12:49.197+0000] {dagbag.py:545} INFO - Filling up the DagBag from /home/airflow/.local/lib/python3.11/site-packages/airflow/example_dags/example_display_name.py
[2026-07-05T16:12:49.203+0000] {processor.py:840} INFO - DAG(s) 'example_display_name' retrieved from /home/airflow/.local/lib/python3.11/site-packages/airflow/example_dags/example_display_name.py
[2026-07-05T16:12:49.222+0000] {logging_mixin.py:188} INFO - [2026-07-05T16:12:49.222+0000] {dag.py:3096} INFO - Sync 1 DAGs
[2026-07-05T16:12:49.232+0000] {logging_mixin.py:188} INFO - [2026-07-05T16:12:49.232+0000] {dag.py:3954} INFO - Setting next_dagrun for example_display_name to None, run_after=None
[2026-07-05T16:12:49.251+0000] {processor.py:183} INFO - Processing /home/airflow/.local/lib/python3.11/site-packages/airflow/example_dags/example_display_name.py took 0.062 seconds
[2026-07-05T16:13:19.790+0000] {processor.py:161} INFO - Started process (PID=441) to work on /home/airflow/.local/lib/python3.11/site-packages/airflow/example_dags/example_display_name.py
[2026-07-05T16:13:19.791+0000] {processor.py:830} INFO - Processing file /home/airflow/.local/lib/python3.11/site-packages/airflow/example_dags/example_display_name.py for tasks to queue
[2026-07-05T16:13:19.793+0000] {logging_mixin.py:188} INFO - [2026-07-05T16:13:19.793+0000] {dagbag.py:545} INFO - Filling up the DagBag from /home/airflow/.local/lib/python3.11/site-packages/airflow/example_dags/example_display_name.py
[2026-07-05T16:13:19.800+0000] {processor.py:840} INFO - DAG(s) 'example_display_name' retrieved from /home/airflow/.local/lib/python3.11/site-packages/airflow/example_dags/example_display_name.py
[2026-07-05T16:13:19.823+0000] {logging_mixin.py:188} INFO - [2026-07-05T16:13:19.822+0000] {dag.py:3096} INFO - Sync 1 DAGs
[2026-07-05T16:13:19.834+0000] {logging_mixin.py:188} INFO - [2026-07-05T16:13:19.834+0000] {dag.py:3954} INFO - Setting next_dagrun for example_display_name to None, run_after=None
[2026-07-05T16:13:19.852+0000] {processor.py:183} INFO - Processing /home/airflow/.local/lib/python3.11/site-packages/airflow/example_dags/example_display_name.py took 0.067 seconds
[2026-07-05T16:13:50.249+0000] {processor.py:161} INFO - Started process (PID=499) to work on /home/airflow/.local/lib/python3.11/site-packages/airflow/example_dags/example_display_name.py
[2026-07-05T16:13:50.251+0000] {processor.py:830} INFO - Processing file /home/airflow/.local/lib/python3.11/site-packages/airflow/example_dags/example_display_name.py for tasks to queue
[2026-07-05T16:13:50.253+0000] {logging_mixin.py:188} INFO - [2026-07-05T16:13:50.253+0000] {dagbag.py:545} INFO - Filling up the DagBag from /home/airflow/.local/lib/python3.11/site-packages/airflow/example_dags/example_display_name.py
[2026-07-05T16:13:50.258+0000] {processor.py:840} INFO - DAG(s) 'example_display_name' retrieved from /home/airflow/.local/lib/python3.11/site-packages/airflow/example_dags/example_display_name.py
[2026-07-05T16:13:50.277+0000] {logging_mixin.py:188} INFO - [2026-07-05T16:13:50.276+0000] {dag.py:3096} INFO - Sync 1 DAGs
[2026-07-05T16:13:50.289+0000] {logging_mixin.py:188} INFO - [2026-07-05T16:13:50.289+0000] {dag.py:3954} INFO - Setting next_dagrun for example_display_name to None, run_after=None
[2026-07-05T16:13:50.307+0000] {processor.py:183} INFO - Processing /home/airflow/.local/lib/python3.11/site-packages/airflow/example_dags/example_display_name.py took 0.063 seconds
[2026-07-05T16:14:20.418+0000] {processor.py:161} INFO - Started process (PID=557) to work on /home/airflow/.local/lib/python3.11/site-packages/airflow/example_dags/example_display_name.py
[2026-07-05T16:14:20.419+0000] {processor.py:830} INFO - Processing file /home/airflow/.local/lib/python3.11/site-packages/airflow/example_dags/example_display_name.py for tasks to queue
[2026-07-05T16:14:20.422+0000] {logging_mixin.py:188} INFO - [2026-07-05T16:14:20.422+0000] {dagbag.py:545} INFO - Filling up the DagBag from /home/airflow/.local/lib/python3.11/site-packages/airflow/example_dags/example_display_name.py
[2026-07-05T16:14:20.428+0000] {processor.py:840} INFO - DAG(s) 'example_display_name' retrieved from /home/airflow/.local/lib/python3.11/site-packages/airflow/example_dags/example_display_name.py
[2026-07-05T16:14:20.448+0000] {logging_mixin.py:188} INFO - [2026-07-05T16:14:20.447+0000] {dag.py:3096} INFO - Sync 1 DAGs
[2026-07-05T16:14:20.458+0000] {logging_mixin.py:188} INFO - [2026-07-05T16:14:20.458+0000] {dag.py:3954} INFO - Setting next_dagrun for example_display_name to None, run_after=None
[2026-07-05T16:14:20.479+0000] {processor.py:183} INFO - Processing /home/airflow/.local/lib/python3.11/site-packages/airflow/example_dags/example_display_name.py took 0.066 seconds
[2026-07-05T16:14:50.863+0000] {processor.py:161} INFO - Started process (PID=615) to work on /home/airflow/.local/lib/python3.11/site-packages/airflow/example_dags/example_display_name.py
[2026-07-05T16:14:50.864+0000] {processor.py:830} INFO - Processing file /home/airflow/.local/lib/python3.11/site-packages/airflow/example_dags/example_display_name.py for tasks to queue
[2026-07-05T16:14:50.870+0000] {logging_mixin.py:188} INFO - [2026-07-05T16:14:50.869+0000] {dagbag.py:545} INFO - Filling up the DagBag from /home/airflow/.local/lib/python3.11/site-packages/airflow/example_dags/example_display_name.py
[2026-07-05T16:14:50.878+0000] {processor.py:840} INFO - DAG(s) 'example_display_name' retrieved from /home/airflow/.local/lib/python3.11/site-packages/airflow/example_dags/example_display_name.py
[2026-07-05T16:14:50.916+0000] {logging_mixin.py:188} INFO - [2026-07-05T16:14:50.916+0000] {dag.py:3096} INFO - Sync 1 DAGs
[2026-07-05T16:14:50.946+0000] {logging_mixin.py:188} INFO - [2026-07-05T16:14:50.946+0000] {dag.py:3954} INFO - Setting next_dagrun for example_display_name to None, run_after=None
[2026-07-05T16:14:50.977+0000] {processor.py:183} INFO - Processing /home/airflow/.local/lib/python3.11/site-packages/airflow/example_dags/example_display_name.py took 0.122 seconds
[2026-07-05T16:15:21.830+0000] {processor.py:161} INFO - Started process (PID=673) to work on /home/airflow/.local/lib/python3.11/site-packages/airflow/example_dags/example_display_name.py
[2026-07-05T16:15:21.831+0000] {processor.py:830} INFO - Processing file /home/airflow/.local/lib/python3.11/site-packages/airflow/example_dags/example_display_name.py for tasks to queue
[2026-07-05T16:15:21.833+0000] {logging_mixin.py:188} INFO - [2026-07-05T16:15:21.833+0000] {dagbag.py:545} INFO - Filling up the DagBag from /home/airflow/.local/lib/python3.11/site-packages/airflow/example_dags/example_display_name.py
[2026-07-05T16:15:21.839+0000] {processor.py:840} INFO - DAG(s) 'example_display_name' retrieved from /home/airflow/.local/lib/python3.11/site-packages/airflow/example_dags/example_display_name.py
[2026-07-05T16:15:21.857+0000] {logging_mixin.py:188} INFO - [2026-07-05T16:15:21.857+0000] {dag.py:3096} INFO - Sync 1 DAGs
[2026-07-05T16:15:21.868+0000] {logging_mixin.py:188} INFO - [2026-07-05T16:15:21.867+0000] {dag.py:3954} INFO - Setting next_dagrun for example_display_name to None, run_after=None
[2026-07-05T16:15:21.888+0000] {processor.py:183} INFO - Processing /home/airflow/.local/lib/python3.11/site-packages/airflow/example_dags/example_display_name.py took 0.063 seconds
[2026-07-05T16:15:52.099+0000] {processor.py:161} INFO - Started process (PID=731) to work on /home/airflow/.local/lib/python3.11/site-packages/airflow/example_dags/example_display_name.py
[2026-07-05T16:15:52.100+0000] {processor.py:830} INFO - Processing file /home/airflow/.local/lib/python3.11/site-packages/airflow/example_dags/example_display_name.py for tasks to queue
[2026-07-05T16:15:52.102+0000] {logging_mixin.py:188} INFO - [2026-07-05T16:15:52.102+0000] {dagbag.py:545} INFO - Filling up the DagBag from /home/airflow/.local/lib/python3.11/site-packages/airflow/example_dags/example_display_name.py
[2026-07-05T16:15:52.108+0000] {processor.py:840} INFO - DAG(s) 'example_display_name' retrieved from /home/airflow/.local/lib/python3.11/site-packages/airflow/example_dags/example_display_name.py
[2026-07-05T16:15:52.126+0000] {logging_mixin.py:188} INFO - [2026-07-05T16:15:52.126+0000] {dag.py:3096} INFO - Sync 1 DAGs
[2026-07-05T16:15:52.136+0000] {logging_mixin.py:188} INFO - [2026-07-05T16:15:52.136+0000] {dag.py:3954} INFO - Setting next_dagrun for example_display_name to None, run_after=None
[2026-07-05T16:15:52.155+0000] {processor.py:183} INFO - Processing /home/airflow/.local/lib/python3.11/site-packages/airflow/example_dags/example_display_name.py took 0.062 seconds
[2026-07-05T16:16:22.211+0000] {processor.py:161} INFO - Started process (PID=789) to work on /home/airflow/.local/lib/python3.11/site-packages/airflow/example_dags/example_display_name.py
[2026-07-05T16:16:22.212+0000] {processor.py:830} INFO - Processing file /home/airflow/.local/lib/python3.11/site-packages/airflow/example_dags/example_display_name.py for tasks to queue
[2026-07-05T16:16:22.214+0000] {logging_mixin.py:188} INFO - [2026-07-05T16:16:22.214+0000] {dagbag.py:545} INFO - Filling up the DagBag from /home/airflow/.local/lib/python3.11/site-packages/airflow/example_dags/example_display_name.py
[2026-07-05T16:16:22.220+0000] {processor.py:840} INFO - DAG(s) 'example_display_name' retrieved from /home/airflow/.local/lib/python3.11/site-packages/airflow/example_dags/example_display_name.py
[2026-07-05T16:16:22.237+0000] {logging_mixin.py:188} INFO - [2026-07-05T16:16:22.237+0000] {dag.py:3096} INFO - Sync 1 DAGs
[2026-07-05T16:16:22.247+0000] {logging_mixin.py:188} INFO - [2026-07-05T16:16:22.247+0000] {dag.py:3954} INFO - Setting next_dagrun for example_display_name to None, run_after=None
[2026-07-05T16:16:22.264+0000] {processor.py:183} INFO - Processing /home/airflow/.local/lib/python3.11/site-packages/airflow/example_dags/example_display_name.py took 0.059 seconds
[2026-07-05T16:16:52.434+0000] {processor.py:161} INFO - Started process (PID=847) to work on /home/airflow/.local/lib/python3.11/site-packages/airflow/example_dags/example_display_name.py
[2026-07-05T16:16:52.435+0000] {processor.py:830} INFO - Processing file /home/airflow/.local/lib/python3.11/site-packages/airflow/example_dags/example_display_name.py for tasks to queue
[2026-07-05T16:16:52.436+0000] {logging_mixin.py:188} INFO - [2026-07-05T16:16:52.436+0000] {dagbag.py:545} INFO - Filling up the DagBag from /home/airflow/.local/lib/python3.11/site-packages/airflow/example_dags/example_display_name.py
[2026-07-05T16:16:52.442+0000] {processor.py:840} INFO - DAG(s) 'example_display_name' retrieved from /home/airflow/.local/lib/python3.11/site-packages/airflow/example_dags/example_display_name.py
[2026-07-05T16:16:52.460+0000] {logging_mixin.py:188} INFO - [2026-07-05T16:16:52.460+0000] {dag.py:3096} INFO - Sync 1 DAGs
[2026-07-05T16:16:52.470+0000] {logging_mixin.py:188} INFO - [2026-07-05T16:16:52.470+0000] {dag.py:3954} INFO - Setting next_dagrun for example_display_name to None, run_after=None
[2026-07-05T16:16:52.487+0000] {processor.py:183} INFO - Processing /home/airflow/.local/lib/python3.11/site-packages/airflow/example_dags/example_display_name.py took 0.060 seconds
[2026-07-05T16:17:22.770+0000] {processor.py:161} INFO - Started process (PID=905) to work on /home/airflow/.local/lib/python3.11/site-packages/airflow/example_dags/example_display_name.py
[2026-07-05T16:17:22.771+0000] {processor.py:830} INFO - Processing file /home/airflow/.local/lib/python3.11/site-packages/airflow/example_dags/example_display_name.py for tasks to queue
[2026-07-05T16:17:22.773+0000] {logging_mixin.py:188} INFO - [2026-07-05T16:17:22.772+0000] {dagbag.py:545} INFO - Filling up the DagBag from /home/airflow/.local/lib/python3.11/site-packages/airflow/example_dags/example_display_name.py
[2026-07-05T16:17:22.778+0000] {processor.py:840} INFO - DAG(s) 'example_display_name' retrieved from /home/airflow/.local/lib/python3.11/site-packages/airflow/example_dags/example_display_name.py
[2026-07-05T16:17:22.795+0000] {logging_mixin.py:188} INFO - [2026-07-05T16:17:22.795+0000] {dag.py:3096} INFO - Sync 1 DAGs
[2026-07-05T16:17:22.805+0000] {logging_mixin.py:188} INFO - [2026-07-05T16:17:22.805+0000] {dag.py:3954} INFO - Setting next_dagrun for example_display_name to None, run_after=None
[2026-07-05T16:17:22.822+0000] {processor.py:183} INFO - Processing /home/airflow/.local/lib/python3.11/site-packages/airflow/example_dags/example_display_name.py took 0.057 seconds
[2026-07-05T16:17:53.133+0000] {processor.py:161} INFO - Started process (PID=963) to work on /home/airflow/.local/lib/python3.11/site-packages/airflow/example_dags/example_display_name.py
[2026-07-05T16:17:53.134+0000] {processor.py:830} INFO - Processing file /home/airflow/.local/lib/python3.11/site-packages/airflow/example_dags/example_display_name.py for tasks to queue
[2026-07-05T16:17:53.136+0000] {logging_mixin.py:188} INFO - [2026-07-05T16:17:53.136+0000] {dagbag.py:545} INFO - Filling up the DagBag from /home/airflow/.local/lib/python3.11/site-packages/airflow/example_dags/example_display_name.py
[2026-07-05T16:17:53.142+0000] {processor.py:840} INFO - DAG(s) 'example_display_name' retrieved from /home/airflow/.local/lib/python3.11/site-packages/airflow/example_dags/example_display_name.py
[2026-07-05T16:17:53.158+0000] {logging_mixin.py:188} INFO - [2026-07-05T16:17:53.158+0000] {dag.py:3096} INFO - Sync 1 DAGs
[2026-07-05T16:17:53.168+0000] {logging_mixin.py:188} INFO - [2026-07-05T16:17:53.168+0000] {dag.py:3954} INFO - Setting next_dagrun for example_display_name to None, run_after=None
[2026-07-05T16:17:53.184+0000] {processor.py:183} INFO - Processing /home/airflow/.local/lib/python3.11/site-packages/airflow/example_dags/example_display_name.py took 0.057 seconds
[2026-07-05T16:18:24.209+0000] {processor.py:161} INFO - Started process (PID=1021) to work on /home/airflow/.local/lib/python3.11/site-packages/airflow/example_dags/example_display_name.py
[2026-07-05T16:18:24.210+0000] {processor.py:830} INFO - Processing file /home/airflow/.local/lib/python3.11/site-packages/airflow/example_dags/example_display_name.py for tasks to queue
[2026-07-05T16:18:24.212+0000] {logging_mixin.py:188} INFO - [2026-07-05T16:18:24.212+0000] {dagbag.py:545} INFO - Filling up the DagBag from /home/airflow/.local/lib/python3.11/site-packages/airflow/example_dags/example_display_name.py
[2026-07-05T16:18:24.218+0000] {processor.py:840} INFO - DAG(s) 'example_display_name' retrieved from /home/airflow/.local/lib/python3.11/site-packages/airflow/example_dags/example_display_name.py
[2026-07-05T16:18:24.237+0000] {logging_mixin.py:188} INFO - [2026-07-05T16:18:24.237+0000] {dag.py:3096} INFO - Sync 1 DAGs
[2026-07-05T16:18:24.248+0000] {logging_mixin.py:188} INFO - [2026-07-05T16:18:24.247+0000] {dag.py:3954} INFO - Setting next_dagrun for example_display_name to None, run_after=None
[2026-07-05T16:18:24.265+0000] {processor.py:183} INFO - Processing /home/airflow/.local/lib/python3.11/site-packages/airflow/example_dags/example_display_name.py took 0.062 seconds
[2026-07-05T16:18:54.345+0000] {processor.py:161} INFO - Started process (PID=1079) to work on /home/airflow/.local/lib/python3.11/site-packages/airflow/example_dags/example_display_name.py
[2026-07-05T16:18:54.347+0000] {processor.py:830} INFO - Processing file /home/airflow/.local/lib/python3.11/site-packages/airflow/example_dags/example_display_name.py for tasks to queue
[2026-07-05T16:18:54.349+0000] {logging_mixin.py:188} INFO - [2026-07-05T16:18:54.348+0000] {dagbag.py:545} INFO - Filling up the DagBag from /home/airflow/.local/lib/python3.11/site-packages/airflow/example_dags/example_display_name.py
[2026-07-05T16:18:54.356+0000] {processor.py:840} INFO - DAG(s) 'example_display_name' retrieved from /home/airflow/.local/lib/python3.11/site-packages/airflow/example_dags/example_display_name.py
[2026-07-05T16:18:54.380+0000] {logging_mixin.py:188} INFO - [2026-07-05T16:18:54.380+0000] {dag.py:3096} INFO - Sync 1 DAGs
[2026-07-05T16:18:54.390+0000] {logging_mixin.py:188} INFO - [2026-07-05T16:18:54.390+0000] {dag.py:3954} INFO - Setting next_dagrun for example_display_name to None, run_after=None
[2026-07-05T16:18:54.407+0000] {processor.py:183} INFO - Processing /home/airflow/.local/lib/python3.11/site-packages/airflow/example_dags/example_display_name.py took 0.070 seconds
