[2026-07-05T16:07:36.717+0000] {processor.py:161} INFO - Started process (PID=91) to work on /home/airflow/.local/lib/python3.11/site-packages/airflow/example_dags/example_branch_labels.py
[2026-07-05T16:07:36.720+0000] {processor.py:830} INFO - Processing file /home/airflow/.local/lib/python3.11/site-packages/airflow/example_dags/example_branch_labels.py for tasks to queue
[2026-07-05T16:07:36.724+0000] {logging_mixin.py:188} INFO - [2026-07-05T16:07:36.723+0000] {dagbag.py:545} INFO - Filling up the DagBag from /home/airflow/.local/lib/python3.11/site-packages/airflow/example_dags/example_branch_labels.py
[2026-07-05T16:07:36.743+0000] {processor.py:840} INFO - DAG(s) 'example_branch_labels' retrieved from /home/airflow/.local/lib/python3.11/site-packages/airflow/example_dags/example_branch_labels.py
[2026-07-05T16:07:37.246+0000] {logging_mixin.py:188} INFO - [2026-07-05T16:07:37.245+0000] {override.py:1829} INFO - Created Permission View: can delete on DAG:example_branch_labels
[2026-07-05T16:07:37.271+0000] {logging_mixin.py:188} INFO - [2026-07-05T16:07:37.271+0000] {override.py:1829} INFO - Created Permission View: can read on DAG:example_branch_labels
[2026-07-05T16:07:37.302+0000] {logging_mixin.py:188} INFO - [2026-07-05T16:07:37.301+0000] {override.py:1829} INFO - Created Permission View: can edit on DAG:example_branch_labels
[2026-07-05T16:07:37.317+0000] {logging_mixin.py:188} INFO - [2026-07-05T16:07:37.317+0000] {dag.py:3096} INFO - Sync 1 DAGs
[2026-07-05T16:07:37.370+0000] {logging_mixin.py:188} INFO - [2026-07-05T16:07:37.370+0000] {dag.py:3118} INFO - Creating ORM DAG for example_branch_labels
[2026-07-05T16:07:37.420+0000] {logging_mixin.py:188} INFO - [2026-07-05T16:07:37.420+0000] {dag.py:3954} INFO - Setting next_dagrun for example_branch_labels to 2026-07-04 00:00:00+00:00, run_after=2026-07-05 00:00:00+00:00
[2026-07-05T16:07:37.469+0000] {processor.py:183} INFO - Processing /home/airflow/.local/lib/python3.11/site-packages/airflow/example_dags/example_branch_labels.py took 0.765 seconds
[2026-07-05T16:08:08.241+0000] {processor.py:161} INFO - Started process (PID=149) to work on /home/airflow/.local/lib/python3.11/site-packages/airflow/example_dags/example_branch_labels.py
[2026-07-05T16:08:08.242+0000] {processor.py:830} INFO - Processing file /home/airflow/.local/lib/python3.11/site-packages/airflow/example_dags/example_branch_labels.py for tasks to queue
[2026-07-05T16:08:08.244+0000] {logging_mixin.py:188} INFO - [2026-07-05T16:08:08.243+0000] {dagbag.py:545} INFO - Filling up the DagBag from /home/airflow/.local/lib/python3.11/site-packages/airflow/example_dags/example_branch_labels.py
[2026-07-05T16:08:08.251+0000] {processor.py:840} INFO - DAG(s) 'example_branch_labels' retrieved from /home/airflow/.local/lib/python3.11/site-packages/airflow/example_dags/example_branch_labels.py
[2026-07-05T16:08:08.272+0000] {logging_mixin.py:188} INFO - [2026-07-05T16:08:08.272+0000] {dag.py:3096} INFO - Sync 1 DAGs
[2026-07-05T16:08:08.291+0000] {logging_mixin.py:188} INFO - [2026-07-05T16:08:08.291+0000] {dag.py:3954} INFO - Setting next_dagrun for example_branch_labels to 2026-07-04 00:00:00+00:00, run_after=2026-07-05 00:00:00+00:00
[2026-07-05T16:08:08.309+0000] {processor.py:183} INFO - Processing /home/airflow/.local/lib/python3.11/site-packages/airflow/example_dags/example_branch_labels.py took 0.074 seconds
[2026-07-05T16:08:38.815+0000] {processor.py:161} INFO - Started process (PID=207) to work on /home/airflow/.local/lib/python3.11/site-packages/airflow/example_dags/example_branch_labels.py
[2026-07-05T16:08:38.816+0000] {processor.py:830} INFO - Processing file /home/airflow/.local/lib/python3.11/site-packages/airflow/example_dags/example_branch_labels.py for tasks to queue
[2026-07-05T16:08:38.819+0000] {logging_mixin.py:188} INFO - [2026-07-05T16:08:38.818+0000] {dagbag.py:545} INFO - Filling up the DagBag from /home/airflow/.local/lib/python3.11/site-packages/airflow/example_dags/example_branch_labels.py
[2026-07-05T16:08:38.829+0000] {processor.py:840} INFO - DAG(s) 'example_branch_labels' retrieved from /home/airflow/.local/lib/python3.11/site-packages/airflow/example_dags/example_branch_labels.py
[2026-07-05T16:08:38.849+0000] {logging_mixin.py:188} INFO - [2026-07-05T16:08:38.849+0000] {dag.py:3096} INFO - Sync 1 DAGs
[2026-07-05T16:08:38.871+0000] {logging_mixin.py:188} INFO - [2026-07-05T16:08:38.871+0000] {dag.py:3954} INFO - Setting next_dagrun for example_branch_labels to 2026-07-04 00:00:00+00:00, run_after=2026-07-05 00:00:00+00:00
[2026-07-05T16:08:38.893+0000] {processor.py:183} INFO - Processing /home/airflow/.local/lib/python3.11/site-packages/airflow/example_dags/example_branch_labels.py took 0.083 seconds
[2026-07-05T16:09:09.587+0000] {processor.py:161} INFO - Started process (PID=265) to work on /home/airflow/.local/lib/python3.11/site-packages/airflow/example_dags/example_branch_labels.py
[2026-07-05T16:09:09.589+0000] {processor.py:830} INFO - Processing file /home/airflow/.local/lib/python3.11/site-packages/airflow/example_dags/example_branch_labels.py for tasks to queue
[2026-07-05T16:09:09.593+0000] {logging_mixin.py:188} INFO - [2026-07-05T16:09:09.592+0000] {dagbag.py:545} INFO - Filling up the DagBag from /home/airflow/.local/lib/python3.11/site-packages/airflow/example_dags/example_branch_labels.py
[2026-07-05T16:09:09.603+0000] {processor.py:840} INFO - DAG(s) 'example_branch_labels' retrieved from /home/airflow/.local/lib/python3.11/site-packages/airflow/example_dags/example_branch_labels.py
[2026-07-05T16:09:09.639+0000] {logging_mixin.py:188} INFO - [2026-07-05T16:09:09.638+0000] {dag.py:3096} INFO - Sync 1 DAGs
[2026-07-05T16:09:09.802+0000] {logging_mixin.py:188} INFO - [2026-07-05T16:09:09.802+0000] {dag.py:3954} INFO - Setting next_dagrun for example_branch_labels to 2026-07-04 00:00:00+00:00, run_after=2026-07-05 00:00:00+00:00
[2026-07-05T16:09:09.843+0000] {processor.py:183} INFO - Processing /home/airflow/.local/lib/python3.11/site-packages/airflow/example_dags/example_branch_labels.py took 0.265 seconds
[2026-07-05T16:09:40.223+0000] {processor.py:161} INFO - Started process (PID=323) to work on /home/airflow/.local/lib/python3.11/site-packages/airflow/example_dags/example_branch_labels.py
[2026-07-05T16:09:40.224+0000] {processor.py:830} INFO - Processing file /home/airflow/.local/lib/python3.11/site-packages/airflow/example_dags/example_branch_labels.py for tasks to queue
[2026-07-05T16:09:40.226+0000] {logging_mixin.py:188} INFO - [2026-07-05T16:09:40.226+0000] {dagbag.py:545} INFO - Filling up the DagBag from /home/airflow/.local/lib/python3.11/site-packages/airflow/example_dags/example_branch_labels.py
[2026-07-05T16:09:40.233+0000] {processor.py:840} INFO - DAG(s) 'example_branch_labels' retrieved from /home/airflow/.local/lib/python3.11/site-packages/airflow/example_dags/example_branch_labels.py
[2026-07-05T16:09:40.330+0000] {logging_mixin.py:188} INFO - [2026-07-05T16:09:40.329+0000] {dag.py:3096} INFO - Sync 1 DAGs
[2026-07-05T16:09:40.351+0000] {logging_mixin.py:188} INFO - [2026-07-05T16:09:40.350+0000] {dag.py:3954} INFO - Setting next_dagrun for example_branch_labels to 2026-07-04 00:00:00+00:00, run_after=2026-07-05 00:00:00+00:00
[2026-07-05T16:09:40.371+0000] {processor.py:183} INFO - Processing /home/airflow/.local/lib/python3.11/site-packages/airflow/example_dags/example_branch_labels.py took 0.154 seconds
[2026-07-05T16:10:14.836+0000] {processor.py:161} INFO - Started process (PID=86) to work on /home/airflow/.local/lib/python3.11/site-packages/airflow/example_dags/example_branch_labels.py
[2026-07-05T16:10:14.837+0000] {processor.py:830} INFO - Processing file /home/airflow/.local/lib/python3.11/site-packages/airflow/example_dags/example_branch_labels.py for tasks to queue
[2026-07-05T16:10:14.840+0000] {logging_mixin.py:188} INFO - [2026-07-05T16:10:14.840+0000] {dagbag.py:545} INFO - Filling up the DagBag from /home/airflow/.local/lib/python3.11/site-packages/airflow/example_dags/example_branch_labels.py
[2026-07-05T16:10:14.852+0000] {processor.py:840} INFO - DAG(s) 'example_branch_labels' retrieved from /home/airflow/.local/lib/python3.11/site-packages/airflow/example_dags/example_branch_labels.py
[2026-07-05T16:10:14.870+0000] {logging_mixin.py:188} INFO - [2026-07-05T16:10:14.870+0000] {dag.py:3096} INFO - Sync 1 DAGs
[2026-07-05T16:10:14.901+0000] {logging_mixin.py:188} INFO - [2026-07-05T16:10:14.901+0000] {dag.py:3954} INFO - Setting next_dagrun for example_branch_labels to 2026-07-04 00:00:00+00:00, run_after=2026-07-05 00:00:00+00:00
[2026-07-05T16:10:14.924+0000] {processor.py:183} INFO - Processing /home/airflow/.local/lib/python3.11/site-packages/airflow/example_dags/example_branch_labels.py took 0.098 seconds
[2026-07-05T16:10:45.447+0000] {processor.py:161} INFO - Started process (PID=145) to work on /home/airflow/.local/lib/python3.11/site-packages/airflow/example_dags/example_branch_labels.py
[2026-07-05T16:10:45.449+0000] {processor.py:830} INFO - Processing file /home/airflow/.local/lib/python3.11/site-packages/airflow/example_dags/example_branch_labels.py for tasks to queue
[2026-07-05T16:10:45.452+0000] {logging_mixin.py:188} INFO - [2026-07-05T16:10:45.452+0000] {dagbag.py:545} INFO - Filling up the DagBag from /home/airflow/.local/lib/python3.11/site-packages/airflow/example_dags/example_branch_labels.py
[2026-07-05T16:10:45.462+0000] {processor.py:840} INFO - DAG(s) 'example_branch_labels' retrieved from /home/airflow/.local/lib/python3.11/site-packages/airflow/example_dags/example_branch_labels.py
[2026-07-05T16:10:45.593+0000] {logging_mixin.py:188} INFO - [2026-07-05T16:10:45.592+0000] {dag.py:3096} INFO - Sync 1 DAGs
[2026-07-05T16:10:45.617+0000] {logging_mixin.py:188} INFO - [2026-07-05T16:10:45.617+0000] {dag.py:3954} INFO - Setting next_dagrun for example_branch_labels to 2026-07-04 00:00:00+00:00, run_after=2026-07-05 00:00:00+00:00
[2026-07-05T16:10:45.642+0000] {processor.py:183} INFO - Processing /home/airflow/.local/lib/python3.11/site-packages/airflow/example_dags/example_branch_labels.py took 0.204 seconds
[2026-07-05T16:11:16.184+0000] {processor.py:161} INFO - Started process (PID=203) to work on /home/airflow/.local/lib/python3.11/site-packages/airflow/example_dags/example_branch_labels.py
[2026-07-05T16:11:16.185+0000] {processor.py:830} INFO - Processing file /home/airflow/.local/lib/python3.11/site-packages/airflow/example_dags/example_branch_labels.py for tasks to queue
[2026-07-05T16:11:16.187+0000] {logging_mixin.py:188} INFO - [2026-07-05T16:11:16.187+0000] {dagbag.py:545} INFO - Filling up the DagBag from /home/airflow/.local/lib/python3.11/site-packages/airflow/example_dags/example_branch_labels.py
[2026-07-05T16:11:16.195+0000] {processor.py:840} INFO - DAG(s) 'example_branch_labels' retrieved from /home/airflow/.local/lib/python3.11/site-packages/airflow/example_dags/example_branch_labels.py
[2026-07-05T16:11:16.229+0000] {logging_mixin.py:188} INFO - [2026-07-05T16:11:16.228+0000] {dag.py:3096} INFO - Sync 1 DAGs
[2026-07-05T16:11:16.261+0000] {logging_mixin.py:188} INFO - [2026-07-05T16:11:16.260+0000] {dag.py:3954} INFO - Setting next_dagrun for example_branch_labels to 2026-07-04 00:00:00+00:00, run_after=2026-07-05 00:00:00+00:00
[2026-07-05T16:11:16.290+0000] {processor.py:183} INFO - Processing /home/airflow/.local/lib/python3.11/site-packages/airflow/example_dags/example_branch_labels.py took 0.112 seconds
[2026-07-05T16:11:46.940+0000] {processor.py:161} INFO - Started process (PID=261) to work on /home/airflow/.local/lib/python3.11/site-packages/airflow/example_dags/example_branch_labels.py
[2026-07-05T16:11:46.942+0000] {processor.py:830} INFO - Processing file /home/airflow/.local/lib/python3.11/site-packages/airflow/example_dags/example_branch_labels.py for tasks to queue
[2026-07-05T16:11:46.944+0000] {logging_mixin.py:188} INFO - [2026-07-05T16:11:46.944+0000] {dagbag.py:545} INFO - Filling up the DagBag from /home/airflow/.local/lib/python3.11/site-packages/airflow/example_dags/example_branch_labels.py
[2026-07-05T16:11:46.953+0000] {processor.py:840} INFO - DAG(s) 'example_branch_labels' retrieved from /home/airflow/.local/lib/python3.11/site-packages/airflow/example_dags/example_branch_labels.py
[2026-07-05T16:11:46.969+0000] {logging_mixin.py:188} INFO - [2026-07-05T16:11:46.968+0000] {dag.py:3096} INFO - Sync 1 DAGs
[2026-07-05T16:11:46.995+0000] {logging_mixin.py:188} INFO - [2026-07-05T16:11:46.995+0000] {dag.py:3954} INFO - Setting next_dagrun for example_branch_labels to 2026-07-04 00:00:00+00:00, run_after=2026-07-05 00:00:00+00:00
[2026-07-05T16:11:47.018+0000] {processor.py:183} INFO - Processing /home/airflow/.local/lib/python3.11/site-packages/airflow/example_dags/example_branch_labels.py took 0.085 seconds
[2026-07-05T16:12:17.505+0000] {processor.py:161} INFO - Started process (PID=319) to work on /home/airflow/.local/lib/python3.11/site-packages/airflow/example_dags/example_branch_labels.py
[2026-07-05T16:12:17.507+0000] {processor.py:830} INFO - Processing file /home/airflow/.local/lib/python3.11/site-packages/airflow/example_dags/example_branch_labels.py for tasks to queue
[2026-07-05T16:12:17.515+0000] {logging_mixin.py:188} INFO - [2026-07-05T16:12:17.514+0000] {dagbag.py:545} INFO - Filling up the DagBag from /home/airflow/.local/lib/python3.11/site-packages/airflow/example_dags/example_branch_labels.py
[2026-07-05T16:12:17.533+0000] {processor.py:840} INFO - DAG(s) 'example_branch_labels' retrieved from /home/airflow/.local/lib/python3.11/site-packages/airflow/example_dags/example_branch_labels.py
[2026-07-05T16:12:17.712+0000] {logging_mixin.py:188} INFO - [2026-07-05T16:12:17.711+0000] {dag.py:3096} INFO - Sync 1 DAGs
[2026-07-05T16:12:17.741+0000] {logging_mixin.py:188} INFO - [2026-07-05T16:12:17.741+0000] {dag.py:3954} INFO - Setting next_dagrun for example_branch_labels to 2026-07-04 00:00:00+00:00, run_after=2026-07-05 00:00:00+00:00
[2026-07-05T16:12:17.769+0000] {processor.py:183} INFO - Processing /home/airflow/.local/lib/python3.11/site-packages/airflow/example_dags/example_branch_labels.py took 0.277 seconds
[2026-07-05T16:12:47.890+0000] {processor.py:161} INFO - Started process (PID=378) to work on /home/airflow/.local/lib/python3.11/site-packages/airflow/example_dags/example_branch_labels.py
[2026-07-05T16:12:47.891+0000] {processor.py:830} INFO - Processing file /home/airflow/.local/lib/python3.11/site-packages/airflow/example_dags/example_branch_labels.py for tasks to queue
[2026-07-05T16:12:47.894+0000] {logging_mixin.py:188} INFO - [2026-07-05T16:12:47.893+0000] {dagbag.py:545} INFO - Filling up the DagBag from /home/airflow/.local/lib/python3.11/site-packages/airflow/example_dags/example_branch_labels.py
[2026-07-05T16:12:47.905+0000] {processor.py:840} INFO - DAG(s) 'example_branch_labels' retrieved from /home/airflow/.local/lib/python3.11/site-packages/airflow/example_dags/example_branch_labels.py
[2026-07-05T16:12:47.929+0000] {logging_mixin.py:188} INFO - [2026-07-05T16:12:47.928+0000] {dag.py:3096} INFO - Sync 1 DAGs
[2026-07-05T16:12:47.951+0000] {logging_mixin.py:188} INFO - [2026-07-05T16:12:47.951+0000] {dag.py:3954} INFO - Setting next_dagrun for example_branch_labels to 2026-07-04 00:00:00+00:00, run_after=2026-07-05 00:00:00+00:00
[2026-07-05T16:12:47.972+0000] {processor.py:183} INFO - Processing /home/airflow/.local/lib/python3.11/site-packages/airflow/example_dags/example_branch_labels.py took 0.089 seconds
[2026-07-05T16:13:18.552+0000] {processor.py:161} INFO - Started process (PID=436) to work on /home/airflow/.local/lib/python3.11/site-packages/airflow/example_dags/example_branch_labels.py
[2026-07-05T16:13:18.553+0000] {processor.py:830} INFO - Processing file /home/airflow/.local/lib/python3.11/site-packages/airflow/example_dags/example_branch_labels.py for tasks to queue
[2026-07-05T16:13:18.555+0000] {logging_mixin.py:188} INFO - [2026-07-05T16:13:18.555+0000] {dagbag.py:545} INFO - Filling up the DagBag from /home/airflow/.local/lib/python3.11/site-packages/airflow/example_dags/example_branch_labels.py
[2026-07-05T16:13:18.563+0000] {processor.py:840} INFO - DAG(s) 'example_branch_labels' retrieved from /home/airflow/.local/lib/python3.11/site-packages/airflow/example_dags/example_branch_labels.py
[2026-07-05T16:13:18.586+0000] {logging_mixin.py:188} INFO - [2026-07-05T16:13:18.586+0000] {dag.py:3096} INFO - Sync 1 DAGs
[2026-07-05T16:13:18.618+0000] {logging_mixin.py:188} INFO - [2026-07-05T16:13:18.617+0000] {dag.py:3954} INFO - Setting next_dagrun for example_branch_labels to 2026-07-04 00:00:00+00:00, run_after=2026-07-05 00:00:00+00:00
[2026-07-05T16:13:18.660+0000] {processor.py:183} INFO - Processing /home/airflow/.local/lib/python3.11/site-packages/airflow/example_dags/example_branch_labels.py took 0.114 seconds
[2026-07-05T16:13:49.019+0000] {processor.py:161} INFO - Started process (PID=494) to work on /home/airflow/.local/lib/python3.11/site-packages/airflow/example_dags/example_branch_labels.py
[2026-07-05T16:13:49.021+0000] {processor.py:830} INFO - Processing file /home/airflow/.local/lib/python3.11/site-packages/airflow/example_dags/example_branch_labels.py for tasks to queue
[2026-07-05T16:13:49.023+0000] {logging_mixin.py:188} INFO - [2026-07-05T16:13:49.022+0000] {dagbag.py:545} INFO - Filling up the DagBag from /home/airflow/.local/lib/python3.11/site-packages/airflow/example_dags/example_branch_labels.py
[2026-07-05T16:13:49.030+0000] {processor.py:840} INFO - DAG(s) 'example_branch_labels' retrieved from /home/airflow/.local/lib/python3.11/site-packages/airflow/example_dags/example_branch_labels.py
[2026-07-05T16:13:49.048+0000] {logging_mixin.py:188} INFO - [2026-07-05T16:13:49.048+0000] {dag.py:3096} INFO - Sync 1 DAGs
[2026-07-05T16:13:49.068+0000] {logging_mixin.py:188} INFO - [2026-07-05T16:13:49.067+0000] {dag.py:3954} INFO - Setting next_dagrun for example_branch_labels to 2026-07-04 00:00:00+00:00, run_after=2026-07-05 00:00:00+00:00
[2026-07-05T16:13:49.084+0000] {processor.py:183} INFO - Processing /home/airflow/.local/lib/python3.11/site-packages/airflow/example_dags/example_branch_labels.py took 0.070 seconds
[2026-07-05T16:14:19.167+0000] {processor.py:161} INFO - Started process (PID=552) to work on /home/airflow/.local/lib/python3.11/site-packages/airflow/example_dags/example_branch_labels.py
[2026-07-05T16:14:19.168+0000] {processor.py:830} INFO - Processing file /home/airflow/.local/lib/python3.11/site-packages/airflow/example_dags/example_branch_labels.py for tasks to queue
[2026-07-05T16:14:19.170+0000] {logging_mixin.py:188} INFO - [2026-07-05T16:14:19.169+0000] {dagbag.py:545} INFO - Filling up the DagBag from /home/airflow/.local/lib/python3.11/site-packages/airflow/example_dags/example_branch_labels.py
[2026-07-05T16:14:19.177+0000] {processor.py:840} INFO - DAG(s) 'example_branch_labels' retrieved from /home/airflow/.local/lib/python3.11/site-packages/airflow/example_dags/example_branch_labels.py
[2026-07-05T16:14:19.197+0000] {logging_mixin.py:188} INFO - [2026-07-05T16:14:19.196+0000] {dag.py:3096} INFO - Sync 1 DAGs
[2026-07-05T16:14:19.218+0000] {logging_mixin.py:188} INFO - [2026-07-05T16:14:19.217+0000] {dag.py:3954} INFO - Setting next_dagrun for example_branch_labels to 2026-07-04 00:00:00+00:00, run_after=2026-07-05 00:00:00+00:00
[2026-07-05T16:14:19.236+0000] {processor.py:183} INFO - Processing /home/airflow/.local/lib/python3.11/site-packages/airflow/example_dags/example_branch_labels.py took 0.076 seconds
[2026-07-05T16:14:49.400+0000] {processor.py:161} INFO - Started process (PID=610) to work on /home/airflow/.local/lib/python3.11/site-packages/airflow/example_dags/example_branch_labels.py
[2026-07-05T16:14:49.401+0000] {processor.py:830} INFO - Processing file /home/airflow/.local/lib/python3.11/site-packages/airflow/example_dags/example_branch_labels.py for tasks to queue
[2026-07-05T16:14:49.403+0000] {logging_mixin.py:188} INFO - [2026-07-05T16:14:49.403+0000] {dagbag.py:545} INFO - Filling up the DagBag from /home/airflow/.local/lib/python3.11/site-packages/airflow/example_dags/example_branch_labels.py
[2026-07-05T16:14:49.410+0000] {processor.py:840} INFO - DAG(s) 'example_branch_labels' retrieved from /home/airflow/.local/lib/python3.11/site-packages/airflow/example_dags/example_branch_labels.py
[2026-07-05T16:14:49.431+0000] {logging_mixin.py:188} INFO - [2026-07-05T16:14:49.431+0000] {dag.py:3096} INFO - Sync 1 DAGs
[2026-07-05T16:14:49.453+0000] {logging_mixin.py:188} INFO - [2026-07-05T16:14:49.452+0000] {dag.py:3954} INFO - Setting next_dagrun for example_branch_labels to 2026-07-04 00:00:00+00:00, run_after=2026-07-05 00:00:00+00:00
[2026-07-05T16:14:49.471+0000] {processor.py:183} INFO - Processing /home/airflow/.local/lib/python3.11/site-packages/airflow/example_dags/example_branch_labels.py took 0.078 seconds
[2026-07-05T16:15:19.598+0000] {processor.py:161} INFO - Started process (PID=668) to work on /home/airflow/.local/lib/python3.11/site-packages/airflow/example_dags/example_branch_labels.py
[2026-07-05T16:15:19.599+0000] {processor.py:830} INFO - Processing file /home/airflow/.local/lib/python3.11/site-packages/airflow/example_dags/example_branch_labels.py for tasks to queue
[2026-07-05T16:15:19.602+0000] {logging_mixin.py:188} INFO - [2026-07-05T16:15:19.601+0000] {dagbag.py:545} INFO - Filling up the DagBag from /home/airflow/.local/lib/python3.11/site-packages/airflow/example_dags/example_branch_labels.py
[2026-07-05T16:15:19.610+0000] {processor.py:840} INFO - DAG(s) 'example_branch_labels' retrieved from /home/airflow/.local/lib/python3.11/site-packages/airflow/example_dags/example_branch_labels.py
[2026-07-05T16:15:19.631+0000] {logging_mixin.py:188} INFO - [2026-07-05T16:15:19.631+0000] {dag.py:3096} INFO - Sync 1 DAGs
[2026-07-05T16:15:19.650+0000] {logging_mixin.py:188} INFO - [2026-07-05T16:15:19.650+0000] {dag.py:3954} INFO - Setting next_dagrun for example_branch_labels to 2026-07-04 00:00:00+00:00, run_after=2026-07-05 00:00:00+00:00
[2026-07-05T16:15:19.668+0000] {processor.py:183} INFO - Processing /home/airflow/.local/lib/python3.11/site-packages/airflow/example_dags/example_branch_labels.py took 0.077 seconds
[2026-07-05T16:15:49.769+0000] {processor.py:161} INFO - Started process (PID=726) to work on /home/airflow/.local/lib/python3.11/site-packages/airflow/example_dags/example_branch_labels.py
[2026-07-05T16:15:49.770+0000] {processor.py:830} INFO - Processing file /home/airflow/.local/lib/python3.11/site-packages/airflow/example_dags/example_branch_labels.py for tasks to queue
[2026-07-05T16:15:49.772+0000] {logging_mixin.py:188} INFO - [2026-07-05T16:15:49.772+0000] {dagbag.py:545} INFO - Filling up the DagBag from /home/airflow/.local/lib/python3.11/site-packages/airflow/example_dags/example_branch_labels.py
[2026-07-05T16:15:49.779+0000] {processor.py:840} INFO - DAG(s) 'example_branch_labels' retrieved from /home/airflow/.local/lib/python3.11/site-packages/airflow/example_dags/example_branch_labels.py
[2026-07-05T16:15:49.797+0000] {logging_mixin.py:188} INFO - [2026-07-05T16:15:49.797+0000] {dag.py:3096} INFO - Sync 1 DAGs
[2026-07-05T16:15:49.816+0000] {logging_mixin.py:188} INFO - [2026-07-05T16:15:49.815+0000] {dag.py:3954} INFO - Setting next_dagrun for example_branch_labels to 2026-07-04 00:00:00+00:00, run_after=2026-07-05 00:00:00+00:00
[2026-07-05T16:15:49.833+0000] {processor.py:183} INFO - Processing /home/airflow/.local/lib/python3.11/site-packages/airflow/example_dags/example_branch_labels.py took 0.069 seconds
[2026-07-05T16:16:19.946+0000] {processor.py:161} INFO - Started process (PID=784) to work on /home/airflow/.local/lib/python3.11/site-packages/airflow/example_dags/example_branch_labels.py
[2026-07-05T16:16:19.947+0000] {processor.py:830} INFO - Processing file /home/airflow/.local/lib/python3.11/site-packages/airflow/example_dags/example_branch_labels.py for tasks to queue
[2026-07-05T16:16:19.950+0000] {logging_mixin.py:188} INFO - [2026-07-05T16:16:19.949+0000] {dagbag.py:545} INFO - Filling up the DagBag from /home/airflow/.local/lib/python3.11/site-packages/airflow/example_dags/example_branch_labels.py
[2026-07-05T16:16:19.958+0000] {processor.py:840} INFO - DAG(s) 'example_branch_labels' retrieved from /home/airflow/.local/lib/python3.11/site-packages/airflow/example_dags/example_branch_labels.py
[2026-07-05T16:16:19.977+0000] {logging_mixin.py:188} INFO - [2026-07-05T16:16:19.977+0000] {dag.py:3096} INFO - Sync 1 DAGs
[2026-07-05T16:16:19.995+0000] {logging_mixin.py:188} INFO - [2026-07-05T16:16:19.995+0000] {dag.py:3954} INFO - Setting next_dagrun for example_branch_labels to 2026-07-04 00:00:00+00:00, run_after=2026-07-05 00:00:00+00:00
[2026-07-05T16:16:20.011+0000] {processor.py:183} INFO - Processing /home/airflow/.local/lib/python3.11/site-packages/airflow/example_dags/example_branch_labels.py took 0.072 seconds
[2026-07-05T16:16:50.192+0000] {processor.py:161} INFO - Started process (PID=842) to work on /home/airflow/.local/lib/python3.11/site-packages/airflow/example_dags/example_branch_labels.py
[2026-07-05T16:16:50.193+0000] {processor.py:830} INFO - Processing file /home/airflow/.local/lib/python3.11/site-packages/airflow/example_dags/example_branch_labels.py for tasks to queue
[2026-07-05T16:16:50.195+0000] {logging_mixin.py:188} INFO - [2026-07-05T16:16:50.194+0000] {dagbag.py:545} INFO - Filling up the DagBag from /home/airflow/.local/lib/python3.11/site-packages/airflow/example_dags/example_branch_labels.py
[2026-07-05T16:16:50.201+0000] {processor.py:840} INFO - DAG(s) 'example_branch_labels' retrieved from /home/airflow/.local/lib/python3.11/site-packages/airflow/example_dags/example_branch_labels.py
[2026-07-05T16:16:50.219+0000] {logging_mixin.py:188} INFO - [2026-07-05T16:16:50.219+0000] {dag.py:3096} INFO - Sync 1 DAGs
[2026-07-05T16:16:50.238+0000] {logging_mixin.py:188} INFO - [2026-07-05T16:16:50.238+0000] {dag.py:3954} INFO - Setting next_dagrun for example_branch_labels to 2026-07-04 00:00:00+00:00, run_after=2026-07-05 00:00:00+00:00
[2026-07-05T16:16:50.253+0000] {processor.py:183} INFO - Processing /home/airflow/.local/lib/python3.11/site-packages/airflow/example_dags/example_branch_labels.py took 0.067 seconds
[2026-07-05T16:17:20.539+0000] {processor.py:161} INFO - Started process (PID=900) to work on /home/airflow/.local/lib/python3.11/site-packages/airflow/example_dags/example_branch_labels.py
[2026-07-05T16:17:20.540+0000] {processor.py:830} INFO - Processing file /home/airflow/.local/lib/python3.11/site-packages/airflow/example_dags/example_branch_labels.py for tasks to queue
[2026-07-05T16:17:20.542+0000] {logging_mixin.py:188} INFO - [2026-07-05T16:17:20.541+0000] {dagbag.py:545} INFO - Filling up the DagBag from /home/airflow/.local/lib/python3.11/site-packages/airflow/example_dags/example_branch_labels.py
[2026-07-05T16:17:20.549+0000] {processor.py:840} INFO - DAG(s) 'example_branch_labels' retrieved from /home/airflow/.local/lib/python3.11/site-packages/airflow/example_dags/example_branch_labels.py
[2026-07-05T16:17:20.568+0000] {logging_mixin.py:188} INFO - [2026-07-05T16:17:20.567+0000] {dag.py:3096} INFO - Sync 1 DAGs
[2026-07-05T16:17:20.586+0000] {logging_mixin.py:188} INFO - [2026-07-05T16:17:20.585+0000] {dag.py:3954} INFO - Setting next_dagrun for example_branch_labels to 2026-07-04 00:00:00+00:00, run_after=2026-07-05 00:00:00+00:00
[2026-07-05T16:17:20.602+0000] {processor.py:183} INFO - Processing /home/airflow/.local/lib/python3.11/site-packages/airflow/example_dags/example_branch_labels.py took 0.069 seconds
[2026-07-05T16:17:50.891+0000] {processor.py:161} INFO - Started process (PID=958) to work on /home/airflow/.local/lib/python3.11/site-packages/airflow/example_dags/example_branch_labels.py
[2026-07-05T16:17:50.892+0000] {processor.py:830} INFO - Processing file /home/airflow/.local/lib/python3.11/site-packages/airflow/example_dags/example_branch_labels.py for tasks to queue
[2026-07-05T16:17:50.895+0000] {logging_mixin.py:188} INFO - [2026-07-05T16:17:50.894+0000] {dagbag.py:545} INFO - Filling up the DagBag from /home/airflow/.local/lib/python3.11/site-packages/airflow/example_dags/example_branch_labels.py
[2026-07-05T16:17:50.906+0000] {processor.py:840} INFO - DAG(s) 'example_branch_labels' retrieved from /home/airflow/.local/lib/python3.11/site-packages/airflow/example_dags/example_branch_labels.py
[2026-07-05T16:17:50.933+0000] {logging_mixin.py:188} INFO - [2026-07-05T16:17:50.933+0000] {dag.py:3096} INFO - Sync 1 DAGs
[2026-07-05T16:17:50.955+0000] {logging_mixin.py:188} INFO - [2026-07-05T16:17:50.955+0000] {dag.py:3954} INFO - Setting next_dagrun for example_branch_labels to 2026-07-04 00:00:00+00:00, run_after=2026-07-05 00:00:00+00:00
[2026-07-05T16:17:50.975+0000] {processor.py:183} INFO - Processing /home/airflow/.local/lib/python3.11/site-packages/airflow/example_dags/example_branch_labels.py took 0.092 seconds
[2026-07-05T16:18:21.918+0000] {processor.py:161} INFO - Started process (PID=1016) to work on /home/airflow/.local/lib/python3.11/site-packages/airflow/example_dags/example_branch_labels.py
[2026-07-05T16:18:21.919+0000] {processor.py:830} INFO - Processing file /home/airflow/.local/lib/python3.11/site-packages/airflow/example_dags/example_branch_labels.py for tasks to queue
[2026-07-05T16:18:21.921+0000] {logging_mixin.py:188} INFO - [2026-07-05T16:18:21.921+0000] {dagbag.py:545} INFO - Filling up the DagBag from /home/airflow/.local/lib/python3.11/site-packages/airflow/example_dags/example_branch_labels.py
[2026-07-05T16:18:21.929+0000] {processor.py:840} INFO - DAG(s) 'example_branch_labels' retrieved from /home/airflow/.local/lib/python3.11/site-packages/airflow/example_dags/example_branch_labels.py
[2026-07-05T16:18:21.951+0000] {logging_mixin.py:188} INFO - [2026-07-05T16:18:21.951+0000] {dag.py:3096} INFO - Sync 1 DAGs
[2026-07-05T16:18:21.974+0000] {logging_mixin.py:188} INFO - [2026-07-05T16:18:21.974+0000] {dag.py:3954} INFO - Setting next_dagrun for example_branch_labels to 2026-07-04 00:00:00+00:00, run_after=2026-07-05 00:00:00+00:00
[2026-07-05T16:18:21.994+0000] {processor.py:183} INFO - Processing /home/airflow/.local/lib/python3.11/site-packages/airflow/example_dags/example_branch_labels.py took 0.084 seconds
[2026-07-05T16:18:52.105+0000] {processor.py:161} INFO - Started process (PID=1074) to work on /home/airflow/.local/lib/python3.11/site-packages/airflow/example_dags/example_branch_labels.py
[2026-07-05T16:18:52.106+0000] {processor.py:830} INFO - Processing file /home/airflow/.local/lib/python3.11/site-packages/airflow/example_dags/example_branch_labels.py for tasks to queue
[2026-07-05T16:18:52.108+0000] {logging_mixin.py:188} INFO - [2026-07-05T16:18:52.108+0000] {dagbag.py:545} INFO - Filling up the DagBag from /home/airflow/.local/lib/python3.11/site-packages/airflow/example_dags/example_branch_labels.py
[2026-07-05T16:18:52.116+0000] {processor.py:840} INFO - DAG(s) 'example_branch_labels' retrieved from /home/airflow/.local/lib/python3.11/site-packages/airflow/example_dags/example_branch_labels.py
[2026-07-05T16:18:52.136+0000] {logging_mixin.py:188} INFO - [2026-07-05T16:18:52.136+0000] {dag.py:3096} INFO - Sync 1 DAGs
[2026-07-05T16:18:52.153+0000] {logging_mixin.py:188} INFO - [2026-07-05T16:18:52.153+0000] {dag.py:3954} INFO - Setting next_dagrun for example_branch_labels to 2026-07-04 00:00:00+00:00, run_after=2026-07-05 00:00:00+00:00
[2026-07-05T16:18:52.176+0000] {processor.py:183} INFO - Processing /home/airflow/.local/lib/python3.11/site-packages/airflow/example_dags/example_branch_labels.py took 0.077 seconds
