[2026-07-05T16:07:25.320+0000] {processor.py:161} INFO - Started process (PID=69) to work on /home/airflow/.local/lib/python3.11/site-packages/airflow/example_dags/example_kubernetes_executor.py
[2026-07-05T16:07:25.322+0000] {processor.py:830} INFO - Processing file /home/airflow/.local/lib/python3.11/site-packages/airflow/example_dags/example_kubernetes_executor.py for tasks to queue
[2026-07-05T16:07:25.326+0000] {logging_mixin.py:188} INFO - [2026-07-05T16:07:25.326+0000] {dagbag.py:545} INFO - Filling up the DagBag from /home/airflow/.local/lib/python3.11/site-packages/airflow/example_dags/example_kubernetes_executor.py
[2026-07-05T16:07:25.353+0000] {processor.py:840} INFO - DAG(s) 'example_kubernetes_executor' retrieved from /home/airflow/.local/lib/python3.11/site-packages/airflow/example_dags/example_kubernetes_executor.py
[2026-07-05T16:07:25.646+0000] {logging_mixin.py:188} INFO - [2026-07-05T16:07:25.646+0000] {override.py:1829} INFO - Created Permission View: can delete on DAG:example_kubernetes_executor
[2026-07-05T16:07:25.662+0000] {logging_mixin.py:188} INFO - [2026-07-05T16:07:25.661+0000] {override.py:1829} INFO - Created Permission View: can read on DAG:example_kubernetes_executor
[2026-07-05T16:07:25.673+0000] {logging_mixin.py:188} INFO - [2026-07-05T16:07:25.673+0000] {override.py:1829} INFO - Created Permission View: can edit on DAG:example_kubernetes_executor
[2026-07-05T16:07:25.674+0000] {logging_mixin.py:188} INFO - [2026-07-05T16:07:25.674+0000] {dag.py:3096} INFO - Sync 1 DAGs
[2026-07-05T16:07:25.689+0000] {logging_mixin.py:188} INFO - [2026-07-05T16:07:25.689+0000] {dag.py:3118} INFO - Creating ORM DAG for example_kubernetes_executor
[2026-07-05T16:07:25.691+0000] {logging_mixin.py:188} INFO - [2026-07-05T16:07:25.691+0000] {dag.py:3954} INFO - Setting next_dagrun for example_kubernetes_executor to None, run_after=None
[2026-07-05T16:07:25.719+0000] {processor.py:183} INFO - Processing /home/airflow/.local/lib/python3.11/site-packages/airflow/example_dags/example_kubernetes_executor.py took 0.415 seconds
[2026-07-05T16:07:56.193+0000] {processor.py:161} INFO - Started process (PID=127) to work on /home/airflow/.local/lib/python3.11/site-packages/airflow/example_dags/example_kubernetes_executor.py
[2026-07-05T16:07:56.195+0000] {processor.py:830} INFO - Processing file /home/airflow/.local/lib/python3.11/site-packages/airflow/example_dags/example_kubernetes_executor.py for tasks to queue
[2026-07-05T16:07:56.198+0000] {logging_mixin.py:188} INFO - [2026-07-05T16:07:56.197+0000] {dagbag.py:545} INFO - Filling up the DagBag from /home/airflow/.local/lib/python3.11/site-packages/airflow/example_dags/example_kubernetes_executor.py
[2026-07-05T16:07:56.211+0000] {processor.py:840} INFO - DAG(s) 'example_kubernetes_executor' retrieved from /home/airflow/.local/lib/python3.11/site-packages/airflow/example_dags/example_kubernetes_executor.py
[2026-07-05T16:07:56.249+0000] {logging_mixin.py:188} INFO - [2026-07-05T16:07:56.249+0000] {dag.py:3096} INFO - Sync 1 DAGs
[2026-07-05T16:07:56.263+0000] {logging_mixin.py:188} INFO - [2026-07-05T16:07:56.263+0000] {dag.py:3954} INFO - Setting next_dagrun for example_kubernetes_executor to None, run_after=None
[2026-07-05T16:07:56.280+0000] {processor.py:183} INFO - Processing /home/airflow/.local/lib/python3.11/site-packages/airflow/example_dags/example_kubernetes_executor.py took 0.098 seconds
[2026-07-05T16:08:26.441+0000] {processor.py:161} INFO - Started process (PID=185) to work on /home/airflow/.local/lib/python3.11/site-packages/airflow/example_dags/example_kubernetes_executor.py
[2026-07-05T16:08:26.442+0000] {processor.py:830} INFO - Processing file /home/airflow/.local/lib/python3.11/site-packages/airflow/example_dags/example_kubernetes_executor.py for tasks to queue
[2026-07-05T16:08:26.444+0000] {logging_mixin.py:188} INFO - [2026-07-05T16:08:26.444+0000] {dagbag.py:545} INFO - Filling up the DagBag from /home/airflow/.local/lib/python3.11/site-packages/airflow/example_dags/example_kubernetes_executor.py
[2026-07-05T16:08:26.461+0000] {processor.py:840} INFO - DAG(s) 'example_kubernetes_executor' retrieved from /home/airflow/.local/lib/python3.11/site-packages/airflow/example_dags/example_kubernetes_executor.py
[2026-07-05T16:08:26.501+0000] {logging_mixin.py:188} INFO - [2026-07-05T16:08:26.500+0000] {dag.py:3096} INFO - Sync 1 DAGs
[2026-07-05T16:08:26.518+0000] {logging_mixin.py:188} INFO - [2026-07-05T16:08:26.518+0000] {dag.py:3954} INFO - Setting next_dagrun for example_kubernetes_executor to None, run_after=None
[2026-07-05T16:08:26.539+0000] {processor.py:183} INFO - Processing /home/airflow/.local/lib/python3.11/site-packages/airflow/example_dags/example_kubernetes_executor.py took 0.104 seconds
[2026-07-05T16:08:56.710+0000] {processor.py:161} INFO - Started process (PID=242) to work on /home/airflow/.local/lib/python3.11/site-packages/airflow/example_dags/example_kubernetes_executor.py
[2026-07-05T16:08:56.711+0000] {processor.py:830} INFO - Processing file /home/airflow/.local/lib/python3.11/site-packages/airflow/example_dags/example_kubernetes_executor.py for tasks to queue
[2026-07-05T16:08:56.713+0000] {logging_mixin.py:188} INFO - [2026-07-05T16:08:56.713+0000] {dagbag.py:545} INFO - Filling up the DagBag from /home/airflow/.local/lib/python3.11/site-packages/airflow/example_dags/example_kubernetes_executor.py
[2026-07-05T16:08:56.725+0000] {processor.py:840} INFO - DAG(s) 'example_kubernetes_executor' retrieved from /home/airflow/.local/lib/python3.11/site-packages/airflow/example_dags/example_kubernetes_executor.py
[2026-07-05T16:08:56.765+0000] {logging_mixin.py:188} INFO - [2026-07-05T16:08:56.765+0000] {dag.py:3096} INFO - Sync 1 DAGs
[2026-07-05T16:08:56.776+0000] {logging_mixin.py:188} INFO - [2026-07-05T16:08:56.776+0000] {dag.py:3954} INFO - Setting next_dagrun for example_kubernetes_executor to None, run_after=None
[2026-07-05T16:08:56.794+0000] {processor.py:183} INFO - Processing /home/airflow/.local/lib/python3.11/site-packages/airflow/example_dags/example_kubernetes_executor.py took 0.090 seconds
[2026-07-05T16:09:26.885+0000] {processor.py:161} INFO - Started process (PID=300) to work on /home/airflow/.local/lib/python3.11/site-packages/airflow/example_dags/example_kubernetes_executor.py
[2026-07-05T16:09:26.887+0000] {processor.py:830} INFO - Processing file /home/airflow/.local/lib/python3.11/site-packages/airflow/example_dags/example_kubernetes_executor.py for tasks to queue
[2026-07-05T16:09:26.889+0000] {logging_mixin.py:188} INFO - [2026-07-05T16:09:26.889+0000] {dagbag.py:545} INFO - Filling up the DagBag from /home/airflow/.local/lib/python3.11/site-packages/airflow/example_dags/example_kubernetes_executor.py
[2026-07-05T16:09:26.906+0000] {processor.py:840} INFO - DAG(s) 'example_kubernetes_executor' retrieved from /home/airflow/.local/lib/python3.11/site-packages/airflow/example_dags/example_kubernetes_executor.py
[2026-07-05T16:09:26.924+0000] {logging_mixin.py:188} INFO - [2026-07-05T16:09:26.923+0000] {dag.py:3096} INFO - Sync 1 DAGs
[2026-07-05T16:09:26.942+0000] {logging_mixin.py:188} INFO - [2026-07-05T16:09:26.941+0000] {dag.py:3954} INFO - Setting next_dagrun for example_kubernetes_executor to None, run_after=None
[2026-07-05T16:09:27.047+0000] {processor.py:183} INFO - Processing /home/airflow/.local/lib/python3.11/site-packages/airflow/example_dags/example_kubernetes_executor.py took 0.171 seconds
[2026-07-05T16:10:09.764+0000] {processor.py:161} INFO - Started process (PID=58) to work on /home/airflow/.local/lib/python3.11/site-packages/airflow/example_dags/example_kubernetes_executor.py
[2026-07-05T16:10:09.767+0000] {processor.py:830} INFO - Processing file /home/airflow/.local/lib/python3.11/site-packages/airflow/example_dags/example_kubernetes_executor.py for tasks to queue
[2026-07-05T16:10:09.770+0000] {logging_mixin.py:188} INFO - [2026-07-05T16:10:09.770+0000] {dagbag.py:545} INFO - Filling up the DagBag from /home/airflow/.local/lib/python3.11/site-packages/airflow/example_dags/example_kubernetes_executor.py
[2026-07-05T16:10:09.789+0000] {processor.py:840} INFO - DAG(s) 'example_kubernetes_executor' retrieved from /home/airflow/.local/lib/python3.11/site-packages/airflow/example_dags/example_kubernetes_executor.py
[2026-07-05T16:10:09.807+0000] {logging_mixin.py:188} INFO - [2026-07-05T16:10:09.807+0000] {dag.py:3096} INFO - Sync 1 DAGs
[2026-07-05T16:10:10.135+0000] {logging_mixin.py:188} INFO - [2026-07-05T16:10:10.134+0000] {dag.py:3954} INFO - Setting next_dagrun for example_kubernetes_executor to None, run_after=None
[2026-07-05T16:10:10.157+0000] {processor.py:183} INFO - Processing /home/airflow/.local/lib/python3.11/site-packages/airflow/example_dags/example_kubernetes_executor.py took 0.405 seconds
[2026-07-05T16:10:40.358+0000] {processor.py:161} INFO - Started process (PID=116) to work on /home/airflow/.local/lib/python3.11/site-packages/airflow/example_dags/example_kubernetes_executor.py
[2026-07-05T16:10:40.359+0000] {processor.py:830} INFO - Processing file /home/airflow/.local/lib/python3.11/site-packages/airflow/example_dags/example_kubernetes_executor.py for tasks to queue
[2026-07-05T16:10:40.361+0000] {logging_mixin.py:188} INFO - [2026-07-05T16:10:40.361+0000] {dagbag.py:545} INFO - Filling up the DagBag from /home/airflow/.local/lib/python3.11/site-packages/airflow/example_dags/example_kubernetes_executor.py
[2026-07-05T16:10:40.381+0000] {processor.py:840} INFO - DAG(s) 'example_kubernetes_executor' retrieved from /home/airflow/.local/lib/python3.11/site-packages/airflow/example_dags/example_kubernetes_executor.py
[2026-07-05T16:10:40.536+0000] {logging_mixin.py:188} INFO - [2026-07-05T16:10:40.536+0000] {dag.py:3096} INFO - Sync 1 DAGs
[2026-07-05T16:10:40.551+0000] {logging_mixin.py:188} INFO - [2026-07-05T16:10:40.551+0000] {dag.py:3954} INFO - Setting next_dagrun for example_kubernetes_executor to None, run_after=None
[2026-07-05T16:10:40.580+0000] {processor.py:183} INFO - Processing /home/airflow/.local/lib/python3.11/site-packages/airflow/example_dags/example_kubernetes_executor.py took 0.229 seconds
[2026-07-05T16:11:10.631+0000] {processor.py:161} INFO - Started process (PID=174) to work on /home/airflow/.local/lib/python3.11/site-packages/airflow/example_dags/example_kubernetes_executor.py
[2026-07-05T16:11:10.632+0000] {processor.py:830} INFO - Processing file /home/airflow/.local/lib/python3.11/site-packages/airflow/example_dags/example_kubernetes_executor.py for tasks to queue
[2026-07-05T16:11:10.634+0000] {logging_mixin.py:188} INFO - [2026-07-05T16:11:10.634+0000] {dagbag.py:545} INFO - Filling up the DagBag from /home/airflow/.local/lib/python3.11/site-packages/airflow/example_dags/example_kubernetes_executor.py
[2026-07-05T16:11:10.644+0000] {processor.py:840} INFO - DAG(s) 'example_kubernetes_executor' retrieved from /home/airflow/.local/lib/python3.11/site-packages/airflow/example_dags/example_kubernetes_executor.py
[2026-07-05T16:11:10.676+0000] {logging_mixin.py:188} INFO - [2026-07-05T16:11:10.676+0000] {dag.py:3096} INFO - Sync 1 DAGs
[2026-07-05T16:11:10.687+0000] {logging_mixin.py:188} INFO - [2026-07-05T16:11:10.687+0000] {dag.py:3954} INFO - Setting next_dagrun for example_kubernetes_executor to None, run_after=None
[2026-07-05T16:11:10.708+0000] {processor.py:183} INFO - Processing /home/airflow/.local/lib/python3.11/site-packages/airflow/example_dags/example_kubernetes_executor.py took 0.083 seconds
[2026-07-05T16:11:40.963+0000] {processor.py:161} INFO - Started process (PID=232) to work on /home/airflow/.local/lib/python3.11/site-packages/airflow/example_dags/example_kubernetes_executor.py
[2026-07-05T16:11:40.964+0000] {processor.py:830} INFO - Processing file /home/airflow/.local/lib/python3.11/site-packages/airflow/example_dags/example_kubernetes_executor.py for tasks to queue
[2026-07-05T16:11:40.967+0000] {logging_mixin.py:188} INFO - [2026-07-05T16:11:40.967+0000] {dagbag.py:545} INFO - Filling up the DagBag from /home/airflow/.local/lib/python3.11/site-packages/airflow/example_dags/example_kubernetes_executor.py
[2026-07-05T16:11:40.994+0000] {processor.py:840} INFO - DAG(s) 'example_kubernetes_executor' retrieved from /home/airflow/.local/lib/python3.11/site-packages/airflow/example_dags/example_kubernetes_executor.py
[2026-07-05T16:11:41.053+0000] {logging_mixin.py:188} INFO - [2026-07-05T16:11:41.053+0000] {dag.py:3096} INFO - Sync 1 DAGs
[2026-07-05T16:11:41.071+0000] {logging_mixin.py:188} INFO - [2026-07-05T16:11:41.071+0000] {dag.py:3954} INFO - Setting next_dagrun for example_kubernetes_executor to None, run_after=None
[2026-07-05T16:11:41.112+0000] {processor.py:183} INFO - Processing /home/airflow/.local/lib/python3.11/site-packages/airflow/example_dags/example_kubernetes_executor.py took 0.158 seconds
[2026-07-05T16:12:11.580+0000] {processor.py:161} INFO - Started process (PID=290) to work on /home/airflow/.local/lib/python3.11/site-packages/airflow/example_dags/example_kubernetes_executor.py
[2026-07-05T16:12:11.584+0000] {processor.py:830} INFO - Processing file /home/airflow/.local/lib/python3.11/site-packages/airflow/example_dags/example_kubernetes_executor.py for tasks to queue
[2026-07-05T16:12:11.588+0000] {logging_mixin.py:188} INFO - [2026-07-05T16:12:11.588+0000] {dagbag.py:545} INFO - Filling up the DagBag from /home/airflow/.local/lib/python3.11/site-packages/airflow/example_dags/example_kubernetes_executor.py
[2026-07-05T16:12:11.663+0000] {processor.py:840} INFO - DAG(s) 'example_kubernetes_executor' retrieved from /home/airflow/.local/lib/python3.11/site-packages/airflow/example_dags/example_kubernetes_executor.py
[2026-07-05T16:12:11.733+0000] {logging_mixin.py:188} INFO - [2026-07-05T16:12:11.732+0000] {dag.py:3096} INFO - Sync 1 DAGs
[2026-07-05T16:12:11.826+0000] {logging_mixin.py:188} INFO - [2026-07-05T16:12:11.826+0000] {dag.py:3954} INFO - Setting next_dagrun for example_kubernetes_executor to None, run_after=None
[2026-07-05T16:12:11.893+0000] {processor.py:183} INFO - Processing /home/airflow/.local/lib/python3.11/site-packages/airflow/example_dags/example_kubernetes_executor.py took 0.338 seconds
[2026-07-05T16:12:42.093+0000] {processor.py:161} INFO - Started process (PID=348) to work on /home/airflow/.local/lib/python3.11/site-packages/airflow/example_dags/example_kubernetes_executor.py
[2026-07-05T16:12:42.094+0000] {processor.py:830} INFO - Processing file /home/airflow/.local/lib/python3.11/site-packages/airflow/example_dags/example_kubernetes_executor.py for tasks to queue
[2026-07-05T16:12:42.098+0000] {logging_mixin.py:188} INFO - [2026-07-05T16:12:42.097+0000] {dagbag.py:545} INFO - Filling up the DagBag from /home/airflow/.local/lib/python3.11/site-packages/airflow/example_dags/example_kubernetes_executor.py
[2026-07-05T16:12:42.120+0000] {processor.py:840} INFO - DAG(s) 'example_kubernetes_executor' retrieved from /home/airflow/.local/lib/python3.11/site-packages/airflow/example_dags/example_kubernetes_executor.py
[2026-07-05T16:12:42.340+0000] {logging_mixin.py:188} INFO - [2026-07-05T16:12:42.340+0000] {dag.py:3096} INFO - Sync 1 DAGs
[2026-07-05T16:12:42.353+0000] {logging_mixin.py:188} INFO - [2026-07-05T16:12:42.353+0000] {dag.py:3954} INFO - Setting next_dagrun for example_kubernetes_executor to None, run_after=None
[2026-07-05T16:12:42.376+0000] {processor.py:183} INFO - Processing /home/airflow/.local/lib/python3.11/site-packages/airflow/example_dags/example_kubernetes_executor.py took 0.231 seconds
[2026-07-05T16:13:12.580+0000] {processor.py:161} INFO - Started process (PID=407) to work on /home/airflow/.local/lib/python3.11/site-packages/airflow/example_dags/example_kubernetes_executor.py
[2026-07-05T16:13:12.581+0000] {processor.py:830} INFO - Processing file /home/airflow/.local/lib/python3.11/site-packages/airflow/example_dags/example_kubernetes_executor.py for tasks to queue
[2026-07-05T16:13:12.583+0000] {logging_mixin.py:188} INFO - [2026-07-05T16:13:12.583+0000] {dagbag.py:545} INFO - Filling up the DagBag from /home/airflow/.local/lib/python3.11/site-packages/airflow/example_dags/example_kubernetes_executor.py
[2026-07-05T16:13:12.596+0000] {processor.py:840} INFO - DAG(s) 'example_kubernetes_executor' retrieved from /home/airflow/.local/lib/python3.11/site-packages/airflow/example_dags/example_kubernetes_executor.py
[2026-07-05T16:13:12.641+0000] {logging_mixin.py:188} INFO - [2026-07-05T16:13:12.641+0000] {dag.py:3096} INFO - Sync 1 DAGs
[2026-07-05T16:13:12.654+0000] {logging_mixin.py:188} INFO - [2026-07-05T16:13:12.653+0000] {dag.py:3954} INFO - Setting next_dagrun for example_kubernetes_executor to None, run_after=None
[2026-07-05T16:13:12.675+0000] {processor.py:183} INFO - Processing /home/airflow/.local/lib/python3.11/site-packages/airflow/example_dags/example_kubernetes_executor.py took 0.103 seconds
[2026-07-05T16:13:43.456+0000] {processor.py:161} INFO - Started process (PID=472) to work on /home/airflow/.local/lib/python3.11/site-packages/airflow/example_dags/example_kubernetes_executor.py
[2026-07-05T16:13:43.457+0000] {processor.py:830} INFO - Processing file /home/airflow/.local/lib/python3.11/site-packages/airflow/example_dags/example_kubernetes_executor.py for tasks to queue
[2026-07-05T16:13:43.461+0000] {logging_mixin.py:188} INFO - [2026-07-05T16:13:43.460+0000] {dagbag.py:545} INFO - Filling up the DagBag from /home/airflow/.local/lib/python3.11/site-packages/airflow/example_dags/example_kubernetes_executor.py
[2026-07-05T16:13:43.478+0000] {processor.py:840} INFO - DAG(s) 'example_kubernetes_executor' retrieved from /home/airflow/.local/lib/python3.11/site-packages/airflow/example_dags/example_kubernetes_executor.py
[2026-07-05T16:13:43.523+0000] {logging_mixin.py:188} INFO - [2026-07-05T16:13:43.522+0000] {dag.py:3096} INFO - Sync 1 DAGs
[2026-07-05T16:13:43.546+0000] {logging_mixin.py:188} INFO - [2026-07-05T16:13:43.545+0000] {dag.py:3954} INFO - Setting next_dagrun for example_kubernetes_executor to None, run_after=None
[2026-07-05T16:13:43.568+0000] {processor.py:183} INFO - Processing /home/airflow/.local/lib/python3.11/site-packages/airflow/example_dags/example_kubernetes_executor.py took 0.117 seconds
[2026-07-05T16:14:13.787+0000] {processor.py:161} INFO - Started process (PID=530) to work on /home/airflow/.local/lib/python3.11/site-packages/airflow/example_dags/example_kubernetes_executor.py
[2026-07-05T16:14:13.788+0000] {processor.py:830} INFO - Processing file /home/airflow/.local/lib/python3.11/site-packages/airflow/example_dags/example_kubernetes_executor.py for tasks to queue
[2026-07-05T16:14:13.790+0000] {logging_mixin.py:188} INFO - [2026-07-05T16:14:13.790+0000] {dagbag.py:545} INFO - Filling up the DagBag from /home/airflow/.local/lib/python3.11/site-packages/airflow/example_dags/example_kubernetes_executor.py
[2026-07-05T16:14:13.801+0000] {processor.py:840} INFO - DAG(s) 'example_kubernetes_executor' retrieved from /home/airflow/.local/lib/python3.11/site-packages/airflow/example_dags/example_kubernetes_executor.py
[2026-07-05T16:14:13.843+0000] {logging_mixin.py:188} INFO - [2026-07-05T16:14:13.843+0000] {dag.py:3096} INFO - Sync 1 DAGs
[2026-07-05T16:14:13.857+0000] {logging_mixin.py:188} INFO - [2026-07-05T16:14:13.856+0000] {dag.py:3954} INFO - Setting next_dagrun for example_kubernetes_executor to None, run_after=None
[2026-07-05T16:14:13.878+0000] {processor.py:183} INFO - Processing /home/airflow/.local/lib/python3.11/site-packages/airflow/example_dags/example_kubernetes_executor.py took 0.096 seconds
[2026-07-05T16:14:43.977+0000] {processor.py:161} INFO - Started process (PID=588) to work on /home/airflow/.local/lib/python3.11/site-packages/airflow/example_dags/example_kubernetes_executor.py
[2026-07-05T16:14:43.978+0000] {processor.py:830} INFO - Processing file /home/airflow/.local/lib/python3.11/site-packages/airflow/example_dags/example_kubernetes_executor.py for tasks to queue
[2026-07-05T16:14:43.980+0000] {logging_mixin.py:188} INFO - [2026-07-05T16:14:43.979+0000] {dagbag.py:545} INFO - Filling up the DagBag from /home/airflow/.local/lib/python3.11/site-packages/airflow/example_dags/example_kubernetes_executor.py
[2026-07-05T16:14:43.990+0000] {processor.py:840} INFO - DAG(s) 'example_kubernetes_executor' retrieved from /home/airflow/.local/lib/python3.11/site-packages/airflow/example_dags/example_kubernetes_executor.py
[2026-07-05T16:14:44.022+0000] {logging_mixin.py:188} INFO - [2026-07-05T16:14:44.022+0000] {dag.py:3096} INFO - Sync 1 DAGs
[2026-07-05T16:14:44.034+0000] {logging_mixin.py:188} INFO - [2026-07-05T16:14:44.034+0000] {dag.py:3954} INFO - Setting next_dagrun for example_kubernetes_executor to None, run_after=None
[2026-07-05T16:14:44.056+0000] {processor.py:183} INFO - Processing /home/airflow/.local/lib/python3.11/site-packages/airflow/example_dags/example_kubernetes_executor.py took 0.084 seconds
[2026-07-05T16:15:14.152+0000] {processor.py:161} INFO - Started process (PID=645) to work on /home/airflow/.local/lib/python3.11/site-packages/airflow/example_dags/example_kubernetes_executor.py
[2026-07-05T16:15:14.153+0000] {processor.py:830} INFO - Processing file /home/airflow/.local/lib/python3.11/site-packages/airflow/example_dags/example_kubernetes_executor.py for tasks to queue
[2026-07-05T16:15:14.155+0000] {logging_mixin.py:188} INFO - [2026-07-05T16:15:14.155+0000] {dagbag.py:545} INFO - Filling up the DagBag from /home/airflow/.local/lib/python3.11/site-packages/airflow/example_dags/example_kubernetes_executor.py
[2026-07-05T16:15:14.166+0000] {processor.py:840} INFO - DAG(s) 'example_kubernetes_executor' retrieved from /home/airflow/.local/lib/python3.11/site-packages/airflow/example_dags/example_kubernetes_executor.py
[2026-07-05T16:15:14.207+0000] {logging_mixin.py:188} INFO - [2026-07-05T16:15:14.206+0000] {dag.py:3096} INFO - Sync 1 DAGs
[2026-07-05T16:15:14.218+0000] {logging_mixin.py:188} INFO - [2026-07-05T16:15:14.218+0000] {dag.py:3954} INFO - Setting next_dagrun for example_kubernetes_executor to None, run_after=None
[2026-07-05T16:15:14.238+0000] {processor.py:183} INFO - Processing /home/airflow/.local/lib/python3.11/site-packages/airflow/example_dags/example_kubernetes_executor.py took 0.091 seconds
[2026-07-05T16:15:44.417+0000] {processor.py:161} INFO - Started process (PID=703) to work on /home/airflow/.local/lib/python3.11/site-packages/airflow/example_dags/example_kubernetes_executor.py
[2026-07-05T16:15:44.418+0000] {processor.py:830} INFO - Processing file /home/airflow/.local/lib/python3.11/site-packages/airflow/example_dags/example_kubernetes_executor.py for tasks to queue
[2026-07-05T16:15:44.420+0000] {logging_mixin.py:188} INFO - [2026-07-05T16:15:44.419+0000] {dagbag.py:545} INFO - Filling up the DagBag from /home/airflow/.local/lib/python3.11/site-packages/airflow/example_dags/example_kubernetes_executor.py
[2026-07-05T16:15:44.431+0000] {processor.py:840} INFO - DAG(s) 'example_kubernetes_executor' retrieved from /home/airflow/.local/lib/python3.11/site-packages/airflow/example_dags/example_kubernetes_executor.py
[2026-07-05T16:15:44.464+0000] {logging_mixin.py:188} INFO - [2026-07-05T16:15:44.464+0000] {dag.py:3096} INFO - Sync 1 DAGs
[2026-07-05T16:15:44.475+0000] {logging_mixin.py:188} INFO - [2026-07-05T16:15:44.475+0000] {dag.py:3954} INFO - Setting next_dagrun for example_kubernetes_executor to None, run_after=None
[2026-07-05T16:15:44.494+0000] {processor.py:183} INFO - Processing /home/airflow/.local/lib/python3.11/site-packages/airflow/example_dags/example_kubernetes_executor.py took 0.082 seconds
[2026-07-05T16:16:14.572+0000] {processor.py:161} INFO - Started process (PID=761) to work on /home/airflow/.local/lib/python3.11/site-packages/airflow/example_dags/example_kubernetes_executor.py
[2026-07-05T16:16:14.573+0000] {processor.py:830} INFO - Processing file /home/airflow/.local/lib/python3.11/site-packages/airflow/example_dags/example_kubernetes_executor.py for tasks to queue
[2026-07-05T16:16:14.576+0000] {logging_mixin.py:188} INFO - [2026-07-05T16:16:14.575+0000] {dagbag.py:545} INFO - Filling up the DagBag from /home/airflow/.local/lib/python3.11/site-packages/airflow/example_dags/example_kubernetes_executor.py
[2026-07-05T16:16:14.588+0000] {processor.py:840} INFO - DAG(s) 'example_kubernetes_executor' retrieved from /home/airflow/.local/lib/python3.11/site-packages/airflow/example_dags/example_kubernetes_executor.py
[2026-07-05T16:16:14.626+0000] {logging_mixin.py:188} INFO - [2026-07-05T16:16:14.626+0000] {dag.py:3096} INFO - Sync 1 DAGs
[2026-07-05T16:16:14.638+0000] {logging_mixin.py:188} INFO - [2026-07-05T16:16:14.638+0000] {dag.py:3954} INFO - Setting next_dagrun for example_kubernetes_executor to None, run_after=None
[2026-07-05T16:16:14.657+0000] {processor.py:183} INFO - Processing /home/airflow/.local/lib/python3.11/site-packages/airflow/example_dags/example_kubernetes_executor.py took 0.091 seconds
[2026-07-05T16:16:44.934+0000] {processor.py:161} INFO - Started process (PID=819) to work on /home/airflow/.local/lib/python3.11/site-packages/airflow/example_dags/example_kubernetes_executor.py
[2026-07-05T16:16:44.935+0000] {processor.py:830} INFO - Processing file /home/airflow/.local/lib/python3.11/site-packages/airflow/example_dags/example_kubernetes_executor.py for tasks to queue
[2026-07-05T16:16:44.937+0000] {logging_mixin.py:188} INFO - [2026-07-05T16:16:44.937+0000] {dagbag.py:545} INFO - Filling up the DagBag from /home/airflow/.local/lib/python3.11/site-packages/airflow/example_dags/example_kubernetes_executor.py
[2026-07-05T16:16:44.949+0000] {processor.py:840} INFO - DAG(s) 'example_kubernetes_executor' retrieved from /home/airflow/.local/lib/python3.11/site-packages/airflow/example_dags/example_kubernetes_executor.py
[2026-07-05T16:16:44.990+0000] {logging_mixin.py:188} INFO - [2026-07-05T16:16:44.990+0000] {dag.py:3096} INFO - Sync 1 DAGs
[2026-07-05T16:16:45.003+0000] {logging_mixin.py:188} INFO - [2026-07-05T16:16:45.003+0000] {dag.py:3954} INFO - Setting next_dagrun for example_kubernetes_executor to None, run_after=None
[2026-07-05T16:16:45.024+0000] {processor.py:183} INFO - Processing /home/airflow/.local/lib/python3.11/site-packages/airflow/example_dags/example_kubernetes_executor.py took 0.096 seconds
[2026-07-05T16:17:15.095+0000] {processor.py:161} INFO - Started process (PID=877) to work on /home/airflow/.local/lib/python3.11/site-packages/airflow/example_dags/example_kubernetes_executor.py
[2026-07-05T16:17:15.096+0000] {processor.py:830} INFO - Processing file /home/airflow/.local/lib/python3.11/site-packages/airflow/example_dags/example_kubernetes_executor.py for tasks to queue
[2026-07-05T16:17:15.098+0000] {logging_mixin.py:188} INFO - [2026-07-05T16:17:15.098+0000] {dagbag.py:545} INFO - Filling up the DagBag from /home/airflow/.local/lib/python3.11/site-packages/airflow/example_dags/example_kubernetes_executor.py
[2026-07-05T16:17:15.109+0000] {processor.py:840} INFO - DAG(s) 'example_kubernetes_executor' retrieved from /home/airflow/.local/lib/python3.11/site-packages/airflow/example_dags/example_kubernetes_executor.py
[2026-07-05T16:17:15.146+0000] {logging_mixin.py:188} INFO - [2026-07-05T16:17:15.146+0000] {dag.py:3096} INFO - Sync 1 DAGs
[2026-07-05T16:17:15.164+0000] {logging_mixin.py:188} INFO - [2026-07-05T16:17:15.163+0000] {dag.py:3954} INFO - Setting next_dagrun for example_kubernetes_executor to None, run_after=None
[2026-07-05T16:17:15.184+0000] {processor.py:183} INFO - Processing /home/airflow/.local/lib/python3.11/site-packages/airflow/example_dags/example_kubernetes_executor.py took 0.095 seconds
[2026-07-05T16:17:45.425+0000] {processor.py:161} INFO - Started process (PID=935) to work on /home/airflow/.local/lib/python3.11/site-packages/airflow/example_dags/example_kubernetes_executor.py
[2026-07-05T16:17:45.427+0000] {processor.py:830} INFO - Processing file /home/airflow/.local/lib/python3.11/site-packages/airflow/example_dags/example_kubernetes_executor.py for tasks to queue
[2026-07-05T16:17:45.431+0000] {logging_mixin.py:188} INFO - [2026-07-05T16:17:45.430+0000] {dagbag.py:545} INFO - Filling up the DagBag from /home/airflow/.local/lib/python3.11/site-packages/airflow/example_dags/example_kubernetes_executor.py
[2026-07-05T16:17:45.449+0000] {processor.py:840} INFO - DAG(s) 'example_kubernetes_executor' retrieved from /home/airflow/.local/lib/python3.11/site-packages/airflow/example_dags/example_kubernetes_executor.py
[2026-07-05T16:17:45.506+0000] {logging_mixin.py:188} INFO - [2026-07-05T16:17:45.506+0000] {dag.py:3096} INFO - Sync 1 DAGs
[2026-07-05T16:17:45.524+0000] {logging_mixin.py:188} INFO - [2026-07-05T16:17:45.523+0000] {dag.py:3954} INFO - Setting next_dagrun for example_kubernetes_executor to None, run_after=None
[2026-07-05T16:17:45.555+0000] {processor.py:183} INFO - Processing /home/airflow/.local/lib/python3.11/site-packages/airflow/example_dags/example_kubernetes_executor.py took 0.138 seconds
[2026-07-05T16:18:16.287+0000] {processor.py:161} INFO - Started process (PID=994) to work on /home/airflow/.local/lib/python3.11/site-packages/airflow/example_dags/example_kubernetes_executor.py
[2026-07-05T16:18:16.288+0000] {processor.py:830} INFO - Processing file /home/airflow/.local/lib/python3.11/site-packages/airflow/example_dags/example_kubernetes_executor.py for tasks to queue
[2026-07-05T16:18:16.290+0000] {logging_mixin.py:188} INFO - [2026-07-05T16:18:16.290+0000] {dagbag.py:545} INFO - Filling up the DagBag from /home/airflow/.local/lib/python3.11/site-packages/airflow/example_dags/example_kubernetes_executor.py
[2026-07-05T16:18:16.302+0000] {processor.py:840} INFO - DAG(s) 'example_kubernetes_executor' retrieved from /home/airflow/.local/lib/python3.11/site-packages/airflow/example_dags/example_kubernetes_executor.py
[2026-07-05T16:18:16.341+0000] {logging_mixin.py:188} INFO - [2026-07-05T16:18:16.341+0000] {dag.py:3096} INFO - Sync 1 DAGs
[2026-07-05T16:18:16.352+0000] {logging_mixin.py:188} INFO - [2026-07-05T16:18:16.352+0000] {dag.py:3954} INFO - Setting next_dagrun for example_kubernetes_executor to None, run_after=None
[2026-07-05T16:18:16.373+0000] {processor.py:183} INFO - Processing /home/airflow/.local/lib/python3.11/site-packages/airflow/example_dags/example_kubernetes_executor.py took 0.095 seconds
[2026-07-05T16:18:46.579+0000] {processor.py:161} INFO - Started process (PID=1051) to work on /home/airflow/.local/lib/python3.11/site-packages/airflow/example_dags/example_kubernetes_executor.py
[2026-07-05T16:18:46.580+0000] {processor.py:830} INFO - Processing file /home/airflow/.local/lib/python3.11/site-packages/airflow/example_dags/example_kubernetes_executor.py for tasks to queue
[2026-07-05T16:18:46.582+0000] {logging_mixin.py:188} INFO - [2026-07-05T16:18:46.582+0000] {dagbag.py:545} INFO - Filling up the DagBag from /home/airflow/.local/lib/python3.11/site-packages/airflow/example_dags/example_kubernetes_executor.py
[2026-07-05T16:18:46.593+0000] {processor.py:840} INFO - DAG(s) 'example_kubernetes_executor' retrieved from /home/airflow/.local/lib/python3.11/site-packages/airflow/example_dags/example_kubernetes_executor.py
[2026-07-05T16:18:46.628+0000] {logging_mixin.py:188} INFO - [2026-07-05T16:18:46.628+0000] {dag.py:3096} INFO - Sync 1 DAGs
[2026-07-05T16:18:46.641+0000] {logging_mixin.py:188} INFO - [2026-07-05T16:18:46.640+0000] {dag.py:3954} INFO - Setting next_dagrun for example_kubernetes_executor to None, run_after=None
[2026-07-05T16:18:46.662+0000] {processor.py:183} INFO - Processing /home/airflow/.local/lib/python3.11/site-packages/airflow/example_dags/example_kubernetes_executor.py took 0.089 seconds
[2026-07-05T17:44:56.406+0000] {processor.py:161} INFO - Started process (PID=1104) to work on /home/airflow/.local/lib/python3.11/site-packages/airflow/example_dags/example_kubernetes_executor.py
[2026-07-05T17:44:56.417+0000] {processor.py:830} INFO - Processing file /home/airflow/.local/lib/python3.11/site-packages/airflow/example_dags/example_kubernetes_executor.py for tasks to queue
[2026-07-05T17:44:56.421+0000] {logging_mixin.py:188} INFO - [2026-07-05T17:44:56.420+0000] {dagbag.py:545} INFO - Filling up the DagBag from /home/airflow/.local/lib/python3.11/site-packages/airflow/example_dags/example_kubernetes_executor.py
[2026-07-05T17:44:56.472+0000] {processor.py:840} INFO - DAG(s) 'example_kubernetes_executor' retrieved from /home/airflow/.local/lib/python3.11/site-packages/airflow/example_dags/example_kubernetes_executor.py
[2026-07-05T18:48:22.429+0000] {logging_mixin.py:188} INFO - [2026-07-05T18:48:22.428+0000] {dag.py:3096} INFO - Sync 1 DAGs
[2026-07-05T18:48:22.533+0000] {logging_mixin.py:188} INFO - [2026-07-05T18:48:22.532+0000] {dag.py:3954} INFO - Setting next_dagrun for example_kubernetes_executor to None, run_after=None
[2026-07-05T18:48:22.662+0000] {processor.py:183} INFO - Processing /home/airflow/.local/lib/python3.11/site-packages/airflow/example_dags/example_kubernetes_executor.py took 0.614 seconds
