[2026-07-05T16:07:25.649+0000] {processor.py:161} INFO - Started process (PID=70) to work on /home/airflow/.local/lib/python3.11/site-packages/airflow/example_dags/example_sensor_decorator.py
[2026-07-05T16:07:25.651+0000] {processor.py:830} INFO - Processing file /home/airflow/.local/lib/python3.11/site-packages/airflow/example_dags/example_sensor_decorator.py for tasks to queue
[2026-07-05T16:07:25.654+0000] {logging_mixin.py:188} INFO - [2026-07-05T16:07:25.654+0000] {dagbag.py:545} INFO - Filling up the DagBag from /home/airflow/.local/lib/python3.11/site-packages/airflow/example_dags/example_sensor_decorator.py
[2026-07-05T16:07:25.670+0000] {processor.py:840} INFO - DAG(s) 'example_sensor_decorator' retrieved from /home/airflow/.local/lib/python3.11/site-packages/airflow/example_dags/example_sensor_decorator.py
[2026-07-05T16:07:25.972+0000] {logging_mixin.py:188} INFO - [2026-07-05T16:07:25.970+0000] {override.py:1829} INFO - Created Permission View: can delete on DAG:example_sensor_decorator
[2026-07-05T16:07:25.991+0000] {logging_mixin.py:188} INFO - [2026-07-05T16:07:25.991+0000] {override.py:1829} INFO - Created Permission View: can read on DAG:example_sensor_decorator
[2026-07-05T16:07:26.002+0000] {logging_mixin.py:188} INFO - [2026-07-05T16:07:26.002+0000] {override.py:1829} INFO - Created Permission View: can edit on DAG:example_sensor_decorator
[2026-07-05T16:07:26.003+0000] {logging_mixin.py:188} INFO - [2026-07-05T16:07:26.003+0000] {dag.py:3096} INFO - Sync 1 DAGs
[2026-07-05T16:07:26.035+0000] {logging_mixin.py:188} INFO - [2026-07-05T16:07:26.034+0000] {dag.py:3118} INFO - Creating ORM DAG for example_sensor_decorator
[2026-07-05T16:07:26.038+0000] {logging_mixin.py:188} INFO - [2026-07-05T16:07:26.037+0000] {dag.py:3954} INFO - Setting next_dagrun for example_sensor_decorator to None, run_after=None
[2026-07-05T16:07:26.076+0000] {processor.py:183} INFO - Processing /home/airflow/.local/lib/python3.11/site-packages/airflow/example_dags/example_sensor_decorator.py took 0.437 seconds
[2026-07-05T16:07:56.277+0000] {processor.py:161} INFO - Started process (PID=128) to work on /home/airflow/.local/lib/python3.11/site-packages/airflow/example_dags/example_sensor_decorator.py
[2026-07-05T16:07:56.278+0000] {processor.py:830} INFO - Processing file /home/airflow/.local/lib/python3.11/site-packages/airflow/example_dags/example_sensor_decorator.py for tasks to queue
[2026-07-05T16:07:56.280+0000] {logging_mixin.py:188} INFO - [2026-07-05T16:07:56.280+0000] {dagbag.py:545} INFO - Filling up the DagBag from /home/airflow/.local/lib/python3.11/site-packages/airflow/example_dags/example_sensor_decorator.py
[2026-07-05T16:07:56.288+0000] {processor.py:840} INFO - DAG(s) 'example_sensor_decorator' retrieved from /home/airflow/.local/lib/python3.11/site-packages/airflow/example_dags/example_sensor_decorator.py
[2026-07-05T16:07:56.306+0000] {logging_mixin.py:188} INFO - [2026-07-05T16:07:56.305+0000] {dag.py:3096} INFO - Sync 1 DAGs
[2026-07-05T16:07:56.315+0000] {logging_mixin.py:188} INFO - [2026-07-05T16:07:56.315+0000] {dag.py:3954} INFO - Setting next_dagrun for example_sensor_decorator to None, run_after=None
[2026-07-05T16:07:56.335+0000] {processor.py:183} INFO - Processing /home/airflow/.local/lib/python3.11/site-packages/airflow/example_dags/example_sensor_decorator.py took 0.064 seconds
[2026-07-05T16:08:26.571+0000] {processor.py:161} INFO - Started process (PID=186) to work on /home/airflow/.local/lib/python3.11/site-packages/airflow/example_dags/example_sensor_decorator.py
[2026-07-05T16:08:26.573+0000] {processor.py:830} INFO - Processing file /home/airflow/.local/lib/python3.11/site-packages/airflow/example_dags/example_sensor_decorator.py for tasks to queue
[2026-07-05T16:08:26.576+0000] {logging_mixin.py:188} INFO - [2026-07-05T16:08:26.575+0000] {dagbag.py:545} INFO - Filling up the DagBag from /home/airflow/.local/lib/python3.11/site-packages/airflow/example_dags/example_sensor_decorator.py
[2026-07-05T16:08:26.582+0000] {processor.py:840} INFO - DAG(s) 'example_sensor_decorator' retrieved from /home/airflow/.local/lib/python3.11/site-packages/airflow/example_dags/example_sensor_decorator.py
[2026-07-05T16:08:26.607+0000] {logging_mixin.py:188} INFO - [2026-07-05T16:08:26.607+0000] {dag.py:3096} INFO - Sync 1 DAGs
[2026-07-05T16:08:26.620+0000] {logging_mixin.py:188} INFO - [2026-07-05T16:08:26.620+0000] {dag.py:3954} INFO - Setting next_dagrun for example_sensor_decorator to None, run_after=None
[2026-07-05T16:08:26.641+0000] {processor.py:183} INFO - Processing /home/airflow/.local/lib/python3.11/site-packages/airflow/example_dags/example_sensor_decorator.py took 0.077 seconds
[2026-07-05T16:08:56.713+0000] {processor.py:161} INFO - Started process (PID=243) to work on /home/airflow/.local/lib/python3.11/site-packages/airflow/example_dags/example_sensor_decorator.py
[2026-07-05T16:08:56.714+0000] {processor.py:830} INFO - Processing file /home/airflow/.local/lib/python3.11/site-packages/airflow/example_dags/example_sensor_decorator.py for tasks to queue
[2026-07-05T16:08:56.716+0000] {logging_mixin.py:188} INFO - [2026-07-05T16:08:56.716+0000] {dagbag.py:545} INFO - Filling up the DagBag from /home/airflow/.local/lib/python3.11/site-packages/airflow/example_dags/example_sensor_decorator.py
[2026-07-05T16:08:56.722+0000] {processor.py:840} INFO - DAG(s) 'example_sensor_decorator' retrieved from /home/airflow/.local/lib/python3.11/site-packages/airflow/example_dags/example_sensor_decorator.py
[2026-07-05T16:08:56.746+0000] {logging_mixin.py:188} INFO - [2026-07-05T16:08:56.746+0000] {dag.py:3096} INFO - Sync 1 DAGs
[2026-07-05T16:08:56.757+0000] {logging_mixin.py:188} INFO - [2026-07-05T16:08:56.757+0000] {dag.py:3954} INFO - Setting next_dagrun for example_sensor_decorator to None, run_after=None
[2026-07-05T16:08:56.775+0000] {processor.py:183} INFO - Processing /home/airflow/.local/lib/python3.11/site-packages/airflow/example_dags/example_sensor_decorator.py took 0.068 seconds
[2026-07-05T16:09:27.080+0000] {processor.py:161} INFO - Started process (PID=301) to work on /home/airflow/.local/lib/python3.11/site-packages/airflow/example_dags/example_sensor_decorator.py
[2026-07-05T16:09:27.081+0000] {processor.py:830} INFO - Processing file /home/airflow/.local/lib/python3.11/site-packages/airflow/example_dags/example_sensor_decorator.py for tasks to queue
[2026-07-05T16:09:27.084+0000] {logging_mixin.py:188} INFO - [2026-07-05T16:09:27.083+0000] {dagbag.py:545} INFO - Filling up the DagBag from /home/airflow/.local/lib/python3.11/site-packages/airflow/example_dags/example_sensor_decorator.py
[2026-07-05T16:09:27.090+0000] {processor.py:840} INFO - DAG(s) 'example_sensor_decorator' retrieved from /home/airflow/.local/lib/python3.11/site-packages/airflow/example_dags/example_sensor_decorator.py
[2026-07-05T16:09:27.103+0000] {logging_mixin.py:188} INFO - [2026-07-05T16:09:27.103+0000] {dag.py:3096} INFO - Sync 1 DAGs
[2026-07-05T16:09:27.118+0000] {logging_mixin.py:188} INFO - [2026-07-05T16:09:27.118+0000] {dag.py:3954} INFO - Setting next_dagrun for example_sensor_decorator to None, run_after=None
[2026-07-05T16:09:27.138+0000] {processor.py:183} INFO - Processing /home/airflow/.local/lib/python3.11/site-packages/airflow/example_dags/example_sensor_decorator.py took 0.065 seconds
[2026-07-05T16:10:10.104+0000] {processor.py:161} INFO - Started process (PID=59) to work on /home/airflow/.local/lib/python3.11/site-packages/airflow/example_dags/example_sensor_decorator.py
[2026-07-05T16:10:10.106+0000] {processor.py:830} INFO - Processing file /home/airflow/.local/lib/python3.11/site-packages/airflow/example_dags/example_sensor_decorator.py for tasks to queue
[2026-07-05T16:10:10.109+0000] {logging_mixin.py:188} INFO - [2026-07-05T16:10:10.108+0000] {dagbag.py:545} INFO - Filling up the DagBag from /home/airflow/.local/lib/python3.11/site-packages/airflow/example_dags/example_sensor_decorator.py
[2026-07-05T16:10:10.121+0000] {processor.py:840} INFO - DAG(s) 'example_sensor_decorator' retrieved from /home/airflow/.local/lib/python3.11/site-packages/airflow/example_dags/example_sensor_decorator.py
[2026-07-05T16:10:10.141+0000] {logging_mixin.py:188} INFO - [2026-07-05T16:10:10.141+0000] {dag.py:3096} INFO - Sync 1 DAGs
[2026-07-05T16:10:10.321+0000] {logging_mixin.py:188} INFO - [2026-07-05T16:10:10.320+0000] {dag.py:3954} INFO - Setting next_dagrun for example_sensor_decorator to None, run_after=None
[2026-07-05T16:10:10.341+0000] {processor.py:183} INFO - Processing /home/airflow/.local/lib/python3.11/site-packages/airflow/example_dags/example_sensor_decorator.py took 0.243 seconds
[2026-07-05T16:10:40.626+0000] {processor.py:161} INFO - Started process (PID=117) to work on /home/airflow/.local/lib/python3.11/site-packages/airflow/example_dags/example_sensor_decorator.py
[2026-07-05T16:10:40.628+0000] {processor.py:830} INFO - Processing file /home/airflow/.local/lib/python3.11/site-packages/airflow/example_dags/example_sensor_decorator.py for tasks to queue
[2026-07-05T16:10:40.631+0000] {logging_mixin.py:188} INFO - [2026-07-05T16:10:40.631+0000] {dagbag.py:545} INFO - Filling up the DagBag from /home/airflow/.local/lib/python3.11/site-packages/airflow/example_dags/example_sensor_decorator.py
[2026-07-05T16:10:40.639+0000] {processor.py:840} INFO - DAG(s) 'example_sensor_decorator' retrieved from /home/airflow/.local/lib/python3.11/site-packages/airflow/example_dags/example_sensor_decorator.py
[2026-07-05T16:10:40.741+0000] {logging_mixin.py:188} INFO - [2026-07-05T16:10:40.741+0000] {dag.py:3096} INFO - Sync 1 DAGs
[2026-07-05T16:10:40.754+0000] {logging_mixin.py:188} INFO - [2026-07-05T16:10:40.754+0000] {dag.py:3954} INFO - Setting next_dagrun for example_sensor_decorator to None, run_after=None
[2026-07-05T16:10:40.778+0000] {processor.py:183} INFO - Processing /home/airflow/.local/lib/python3.11/site-packages/airflow/example_dags/example_sensor_decorator.py took 0.160 seconds
[2026-07-05T16:11:11.030+0000] {processor.py:161} INFO - Started process (PID=176) to work on /home/airflow/.local/lib/python3.11/site-packages/airflow/example_dags/example_sensor_decorator.py
[2026-07-05T16:11:11.031+0000] {processor.py:830} INFO - Processing file /home/airflow/.local/lib/python3.11/site-packages/airflow/example_dags/example_sensor_decorator.py for tasks to queue
[2026-07-05T16:11:11.034+0000] {logging_mixin.py:188} INFO - [2026-07-05T16:11:11.034+0000] {dagbag.py:545} INFO - Filling up the DagBag from /home/airflow/.local/lib/python3.11/site-packages/airflow/example_dags/example_sensor_decorator.py
[2026-07-05T16:11:11.043+0000] {processor.py:840} INFO - DAG(s) 'example_sensor_decorator' retrieved from /home/airflow/.local/lib/python3.11/site-packages/airflow/example_dags/example_sensor_decorator.py
[2026-07-05T16:11:11.080+0000] {logging_mixin.py:188} INFO - [2026-07-05T16:11:11.080+0000] {dag.py:3096} INFO - Sync 1 DAGs
[2026-07-05T16:11:11.097+0000] {logging_mixin.py:188} INFO - [2026-07-05T16:11:11.096+0000] {dag.py:3954} INFO - Setting next_dagrun for example_sensor_decorator to None, run_after=None
[2026-07-05T16:11:11.125+0000] {processor.py:183} INFO - Processing /home/airflow/.local/lib/python3.11/site-packages/airflow/example_dags/example_sensor_decorator.py took 0.103 seconds
[2026-07-05T16:11:41.343+0000] {processor.py:161} INFO - Started process (PID=235) to work on /home/airflow/.local/lib/python3.11/site-packages/airflow/example_dags/example_sensor_decorator.py
[2026-07-05T16:11:41.344+0000] {processor.py:830} INFO - Processing file /home/airflow/.local/lib/python3.11/site-packages/airflow/example_dags/example_sensor_decorator.py for tasks to queue
[2026-07-05T16:11:41.346+0000] {logging_mixin.py:188} INFO - [2026-07-05T16:11:41.345+0000] {dagbag.py:545} INFO - Filling up the DagBag from /home/airflow/.local/lib/python3.11/site-packages/airflow/example_dags/example_sensor_decorator.py
[2026-07-05T16:11:41.352+0000] {processor.py:840} INFO - DAG(s) 'example_sensor_decorator' retrieved from /home/airflow/.local/lib/python3.11/site-packages/airflow/example_dags/example_sensor_decorator.py
[2026-07-05T16:11:41.383+0000] {logging_mixin.py:188} INFO - [2026-07-05T16:11:41.382+0000] {dag.py:3096} INFO - Sync 1 DAGs
[2026-07-05T16:11:41.398+0000] {logging_mixin.py:188} INFO - [2026-07-05T16:11:41.397+0000] {dag.py:3954} INFO - Setting next_dagrun for example_sensor_decorator to None, run_after=None
[2026-07-05T16:11:41.422+0000] {processor.py:183} INFO - Processing /home/airflow/.local/lib/python3.11/site-packages/airflow/example_dags/example_sensor_decorator.py took 0.085 seconds
[2026-07-05T16:12:11.964+0000] {processor.py:161} INFO - Started process (PID=292) to work on /home/airflow/.local/lib/python3.11/site-packages/airflow/example_dags/example_sensor_decorator.py
[2026-07-05T16:12:11.966+0000] {processor.py:830} INFO - Processing file /home/airflow/.local/lib/python3.11/site-packages/airflow/example_dags/example_sensor_decorator.py for tasks to queue
[2026-07-05T16:12:11.970+0000] {logging_mixin.py:188} INFO - [2026-07-05T16:12:11.969+0000] {dagbag.py:545} INFO - Filling up the DagBag from /home/airflow/.local/lib/python3.11/site-packages/airflow/example_dags/example_sensor_decorator.py
[2026-07-05T16:12:11.982+0000] {processor.py:840} INFO - DAG(s) 'example_sensor_decorator' retrieved from /home/airflow/.local/lib/python3.11/site-packages/airflow/example_dags/example_sensor_decorator.py
[2026-07-05T16:12:12.039+0000] {logging_mixin.py:188} INFO - [2026-07-05T16:12:12.038+0000] {dag.py:3096} INFO - Sync 1 DAGs
[2026-07-05T16:12:12.075+0000] {logging_mixin.py:188} INFO - [2026-07-05T16:12:12.074+0000] {dag.py:3954} INFO - Setting next_dagrun for example_sensor_decorator to None, run_after=None
[2026-07-05T16:12:12.125+0000] {processor.py:183} INFO - Processing /home/airflow/.local/lib/python3.11/site-packages/airflow/example_dags/example_sensor_decorator.py took 0.174 seconds
[2026-07-05T16:12:42.417+0000] {processor.py:161} INFO - Started process (PID=350) to work on /home/airflow/.local/lib/python3.11/site-packages/airflow/example_dags/example_sensor_decorator.py
[2026-07-05T16:12:42.418+0000] {processor.py:830} INFO - Processing file /home/airflow/.local/lib/python3.11/site-packages/airflow/example_dags/example_sensor_decorator.py for tasks to queue
[2026-07-05T16:12:42.421+0000] {logging_mixin.py:188} INFO - [2026-07-05T16:12:42.421+0000] {dagbag.py:545} INFO - Filling up the DagBag from /home/airflow/.local/lib/python3.11/site-packages/airflow/example_dags/example_sensor_decorator.py
[2026-07-05T16:12:42.430+0000] {processor.py:840} INFO - DAG(s) 'example_sensor_decorator' retrieved from /home/airflow/.local/lib/python3.11/site-packages/airflow/example_dags/example_sensor_decorator.py
[2026-07-05T16:12:42.564+0000] {logging_mixin.py:188} INFO - [2026-07-05T16:12:42.563+0000] {dag.py:3096} INFO - Sync 1 DAGs
[2026-07-05T16:12:42.579+0000] {logging_mixin.py:188} INFO - [2026-07-05T16:12:42.579+0000] {dag.py:3954} INFO - Setting next_dagrun for example_sensor_decorator to None, run_after=None
[2026-07-05T16:12:42.615+0000] {processor.py:183} INFO - Processing /home/airflow/.local/lib/python3.11/site-packages/airflow/example_dags/example_sensor_decorator.py took 0.206 seconds
[2026-07-05T16:13:12.668+0000] {processor.py:161} INFO - Started process (PID=408) to work on /home/airflow/.local/lib/python3.11/site-packages/airflow/example_dags/example_sensor_decorator.py
[2026-07-05T16:13:12.670+0000] {processor.py:830} INFO - Processing file /home/airflow/.local/lib/python3.11/site-packages/airflow/example_dags/example_sensor_decorator.py for tasks to queue
[2026-07-05T16:13:12.672+0000] {logging_mixin.py:188} INFO - [2026-07-05T16:13:12.671+0000] {dagbag.py:545} INFO - Filling up the DagBag from /home/airflow/.local/lib/python3.11/site-packages/airflow/example_dags/example_sensor_decorator.py
[2026-07-05T16:13:12.679+0000] {processor.py:840} INFO - DAG(s) 'example_sensor_decorator' retrieved from /home/airflow/.local/lib/python3.11/site-packages/airflow/example_dags/example_sensor_decorator.py
[2026-07-05T16:13:12.702+0000] {logging_mixin.py:188} INFO - [2026-07-05T16:13:12.701+0000] {dag.py:3096} INFO - Sync 1 DAGs
[2026-07-05T16:13:12.712+0000] {logging_mixin.py:188} INFO - [2026-07-05T16:13:12.712+0000] {dag.py:3954} INFO - Setting next_dagrun for example_sensor_decorator to None, run_after=None
[2026-07-05T16:13:12.730+0000] {processor.py:183} INFO - Processing /home/airflow/.local/lib/python3.11/site-packages/airflow/example_dags/example_sensor_decorator.py took 0.069 seconds
[2026-07-05T16:13:43.607+0000] {processor.py:161} INFO - Started process (PID=473) to work on /home/airflow/.local/lib/python3.11/site-packages/airflow/example_dags/example_sensor_decorator.py
[2026-07-05T16:13:43.609+0000] {processor.py:830} INFO - Processing file /home/airflow/.local/lib/python3.11/site-packages/airflow/example_dags/example_sensor_decorator.py for tasks to queue
[2026-07-05T16:13:43.614+0000] {logging_mixin.py:188} INFO - [2026-07-05T16:13:43.613+0000] {dagbag.py:545} INFO - Filling up the DagBag from /home/airflow/.local/lib/python3.11/site-packages/airflow/example_dags/example_sensor_decorator.py
[2026-07-05T16:13:43.621+0000] {processor.py:840} INFO - DAG(s) 'example_sensor_decorator' retrieved from /home/airflow/.local/lib/python3.11/site-packages/airflow/example_dags/example_sensor_decorator.py
[2026-07-05T16:13:43.648+0000] {logging_mixin.py:188} INFO - [2026-07-05T16:13:43.648+0000] {dag.py:3096} INFO - Sync 1 DAGs
[2026-07-05T16:13:43.662+0000] {logging_mixin.py:188} INFO - [2026-07-05T16:13:43.662+0000] {dag.py:3954} INFO - Setting next_dagrun for example_sensor_decorator to None, run_after=None
[2026-07-05T16:13:43.683+0000] {processor.py:183} INFO - Processing /home/airflow/.local/lib/python3.11/site-packages/airflow/example_dags/example_sensor_decorator.py took 0.085 seconds
[2026-07-05T16:14:13.917+0000] {processor.py:161} INFO - Started process (PID=531) to work on /home/airflow/.local/lib/python3.11/site-packages/airflow/example_dags/example_sensor_decorator.py
[2026-07-05T16:14:13.918+0000] {processor.py:830} INFO - Processing file /home/airflow/.local/lib/python3.11/site-packages/airflow/example_dags/example_sensor_decorator.py for tasks to queue
[2026-07-05T16:14:13.921+0000] {logging_mixin.py:188} INFO - [2026-07-05T16:14:13.921+0000] {dagbag.py:545} INFO - Filling up the DagBag from /home/airflow/.local/lib/python3.11/site-packages/airflow/example_dags/example_sensor_decorator.py
[2026-07-05T16:14:13.928+0000] {processor.py:840} INFO - DAG(s) 'example_sensor_decorator' retrieved from /home/airflow/.local/lib/python3.11/site-packages/airflow/example_dags/example_sensor_decorator.py
[2026-07-05T16:14:13.948+0000] {logging_mixin.py:188} INFO - [2026-07-05T16:14:13.948+0000] {dag.py:3096} INFO - Sync 1 DAGs
[2026-07-05T16:14:13.961+0000] {logging_mixin.py:188} INFO - [2026-07-05T16:14:13.961+0000] {dag.py:3954} INFO - Setting next_dagrun for example_sensor_decorator to None, run_after=None
[2026-07-05T16:14:13.983+0000] {processor.py:183} INFO - Processing /home/airflow/.local/lib/python3.11/site-packages/airflow/example_dags/example_sensor_decorator.py took 0.072 seconds
[2026-07-05T16:14:44.088+0000] {processor.py:161} INFO - Started process (PID=589) to work on /home/airflow/.local/lib/python3.11/site-packages/airflow/example_dags/example_sensor_decorator.py
[2026-07-05T16:14:44.089+0000] {processor.py:830} INFO - Processing file /home/airflow/.local/lib/python3.11/site-packages/airflow/example_dags/example_sensor_decorator.py for tasks to queue
[2026-07-05T16:14:44.091+0000] {logging_mixin.py:188} INFO - [2026-07-05T16:14:44.090+0000] {dagbag.py:545} INFO - Filling up the DagBag from /home/airflow/.local/lib/python3.11/site-packages/airflow/example_dags/example_sensor_decorator.py
[2026-07-05T16:14:44.096+0000] {processor.py:840} INFO - DAG(s) 'example_sensor_decorator' retrieved from /home/airflow/.local/lib/python3.11/site-packages/airflow/example_dags/example_sensor_decorator.py
[2026-07-05T16:14:44.114+0000] {logging_mixin.py:188} INFO - [2026-07-05T16:14:44.114+0000] {dag.py:3096} INFO - Sync 1 DAGs
[2026-07-05T16:14:44.128+0000] {logging_mixin.py:188} INFO - [2026-07-05T16:14:44.128+0000] {dag.py:3954} INFO - Setting next_dagrun for example_sensor_decorator to None, run_after=None
[2026-07-05T16:14:44.148+0000] {processor.py:183} INFO - Processing /home/airflow/.local/lib/python3.11/site-packages/airflow/example_dags/example_sensor_decorator.py took 0.066 seconds
[2026-07-05T16:15:14.269+0000] {processor.py:161} INFO - Started process (PID=647) to work on /home/airflow/.local/lib/python3.11/site-packages/airflow/example_dags/example_sensor_decorator.py
[2026-07-05T16:15:14.270+0000] {processor.py:830} INFO - Processing file /home/airflow/.local/lib/python3.11/site-packages/airflow/example_dags/example_sensor_decorator.py for tasks to queue
[2026-07-05T16:15:14.272+0000] {logging_mixin.py:188} INFO - [2026-07-05T16:15:14.271+0000] {dagbag.py:545} INFO - Filling up the DagBag from /home/airflow/.local/lib/python3.11/site-packages/airflow/example_dags/example_sensor_decorator.py
[2026-07-05T16:15:14.277+0000] {processor.py:840} INFO - DAG(s) 'example_sensor_decorator' retrieved from /home/airflow/.local/lib/python3.11/site-packages/airflow/example_dags/example_sensor_decorator.py
[2026-07-05T16:15:14.297+0000] {logging_mixin.py:188} INFO - [2026-07-05T16:15:14.297+0000] {dag.py:3096} INFO - Sync 1 DAGs
[2026-07-05T16:15:14.309+0000] {logging_mixin.py:188} INFO - [2026-07-05T16:15:14.308+0000] {dag.py:3954} INFO - Setting next_dagrun for example_sensor_decorator to None, run_after=None
[2026-07-05T16:15:14.326+0000] {processor.py:183} INFO - Processing /home/airflow/.local/lib/python3.11/site-packages/airflow/example_dags/example_sensor_decorator.py took 0.063 seconds
[2026-07-05T16:15:44.417+0000] {processor.py:161} INFO - Started process (PID=704) to work on /home/airflow/.local/lib/python3.11/site-packages/airflow/example_dags/example_sensor_decorator.py
[2026-07-05T16:15:44.418+0000] {processor.py:830} INFO - Processing file /home/airflow/.local/lib/python3.11/site-packages/airflow/example_dags/example_sensor_decorator.py for tasks to queue
[2026-07-05T16:15:44.420+0000] {logging_mixin.py:188} INFO - [2026-07-05T16:15:44.419+0000] {dagbag.py:545} INFO - Filling up the DagBag from /home/airflow/.local/lib/python3.11/site-packages/airflow/example_dags/example_sensor_decorator.py
[2026-07-05T16:15:44.426+0000] {processor.py:840} INFO - DAG(s) 'example_sensor_decorator' retrieved from /home/airflow/.local/lib/python3.11/site-packages/airflow/example_dags/example_sensor_decorator.py
[2026-07-05T16:15:44.447+0000] {logging_mixin.py:188} INFO - [2026-07-05T16:15:44.446+0000] {dag.py:3096} INFO - Sync 1 DAGs
[2026-07-05T16:15:44.457+0000] {logging_mixin.py:188} INFO - [2026-07-05T16:15:44.457+0000] {dag.py:3954} INFO - Setting next_dagrun for example_sensor_decorator to None, run_after=None
[2026-07-05T16:15:44.475+0000] {processor.py:183} INFO - Processing /home/airflow/.local/lib/python3.11/site-packages/airflow/example_dags/example_sensor_decorator.py took 0.063 seconds
[2026-07-05T16:16:14.646+0000] {processor.py:161} INFO - Started process (PID=762) to work on /home/airflow/.local/lib/python3.11/site-packages/airflow/example_dags/example_sensor_decorator.py
[2026-07-05T16:16:14.647+0000] {processor.py:830} INFO - Processing file /home/airflow/.local/lib/python3.11/site-packages/airflow/example_dags/example_sensor_decorator.py for tasks to queue
[2026-07-05T16:16:14.649+0000] {logging_mixin.py:188} INFO - [2026-07-05T16:16:14.649+0000] {dagbag.py:545} INFO - Filling up the DagBag from /home/airflow/.local/lib/python3.11/site-packages/airflow/example_dags/example_sensor_decorator.py
[2026-07-05T16:16:14.655+0000] {processor.py:840} INFO - DAG(s) 'example_sensor_decorator' retrieved from /home/airflow/.local/lib/python3.11/site-packages/airflow/example_dags/example_sensor_decorator.py
[2026-07-05T16:16:14.676+0000] {logging_mixin.py:188} INFO - [2026-07-05T16:16:14.676+0000] {dag.py:3096} INFO - Sync 1 DAGs
[2026-07-05T16:16:14.688+0000] {logging_mixin.py:188} INFO - [2026-07-05T16:16:14.688+0000] {dag.py:3954} INFO - Setting next_dagrun for example_sensor_decorator to None, run_after=None
[2026-07-05T16:16:14.707+0000] {processor.py:183} INFO - Processing /home/airflow/.local/lib/python3.11/site-packages/airflow/example_dags/example_sensor_decorator.py took 0.067 seconds
[2026-07-05T16:16:45.008+0000] {processor.py:161} INFO - Started process (PID=820) to work on /home/airflow/.local/lib/python3.11/site-packages/airflow/example_dags/example_sensor_decorator.py
[2026-07-05T16:16:45.009+0000] {processor.py:830} INFO - Processing file /home/airflow/.local/lib/python3.11/site-packages/airflow/example_dags/example_sensor_decorator.py for tasks to queue
[2026-07-05T16:16:45.011+0000] {logging_mixin.py:188} INFO - [2026-07-05T16:16:45.011+0000] {dagbag.py:545} INFO - Filling up the DagBag from /home/airflow/.local/lib/python3.11/site-packages/airflow/example_dags/example_sensor_decorator.py
[2026-07-05T16:16:45.019+0000] {processor.py:840} INFO - DAG(s) 'example_sensor_decorator' retrieved from /home/airflow/.local/lib/python3.11/site-packages/airflow/example_dags/example_sensor_decorator.py
[2026-07-05T16:16:45.041+0000] {logging_mixin.py:188} INFO - [2026-07-05T16:16:45.041+0000] {dag.py:3096} INFO - Sync 1 DAGs
[2026-07-05T16:16:45.055+0000] {logging_mixin.py:188} INFO - [2026-07-05T16:16:45.055+0000] {dag.py:3954} INFO - Setting next_dagrun for example_sensor_decorator to None, run_after=None
[2026-07-05T16:16:45.079+0000] {processor.py:183} INFO - Processing /home/airflow/.local/lib/python3.11/site-packages/airflow/example_dags/example_sensor_decorator.py took 0.076 seconds
[2026-07-05T16:17:15.215+0000] {processor.py:161} INFO - Started process (PID=878) to work on /home/airflow/.local/lib/python3.11/site-packages/airflow/example_dags/example_sensor_decorator.py
[2026-07-05T16:17:15.217+0000] {processor.py:830} INFO - Processing file /home/airflow/.local/lib/python3.11/site-packages/airflow/example_dags/example_sensor_decorator.py for tasks to queue
[2026-07-05T16:17:15.219+0000] {logging_mixin.py:188} INFO - [2026-07-05T16:17:15.218+0000] {dagbag.py:545} INFO - Filling up the DagBag from /home/airflow/.local/lib/python3.11/site-packages/airflow/example_dags/example_sensor_decorator.py
[2026-07-05T16:17:15.225+0000] {processor.py:840} INFO - DAG(s) 'example_sensor_decorator' retrieved from /home/airflow/.local/lib/python3.11/site-packages/airflow/example_dags/example_sensor_decorator.py
[2026-07-05T16:17:15.253+0000] {logging_mixin.py:188} INFO - [2026-07-05T16:17:15.253+0000] {dag.py:3096} INFO - Sync 1 DAGs
[2026-07-05T16:17:15.269+0000] {logging_mixin.py:188} INFO - [2026-07-05T16:17:15.269+0000] {dag.py:3954} INFO - Setting next_dagrun for example_sensor_decorator to None, run_after=None
[2026-07-05T16:17:15.298+0000] {processor.py:183} INFO - Processing /home/airflow/.local/lib/python3.11/site-packages/airflow/example_dags/example_sensor_decorator.py took 0.089 seconds
[2026-07-05T16:17:45.549+0000] {processor.py:161} INFO - Started process (PID=936) to work on /home/airflow/.local/lib/python3.11/site-packages/airflow/example_dags/example_sensor_decorator.py
[2026-07-05T16:17:45.551+0000] {processor.py:830} INFO - Processing file /home/airflow/.local/lib/python3.11/site-packages/airflow/example_dags/example_sensor_decorator.py for tasks to queue
[2026-07-05T16:17:45.555+0000] {logging_mixin.py:188} INFO - [2026-07-05T16:17:45.554+0000] {dagbag.py:545} INFO - Filling up the DagBag from /home/airflow/.local/lib/python3.11/site-packages/airflow/example_dags/example_sensor_decorator.py
[2026-07-05T16:17:45.564+0000] {processor.py:840} INFO - DAG(s) 'example_sensor_decorator' retrieved from /home/airflow/.local/lib/python3.11/site-packages/airflow/example_dags/example_sensor_decorator.py
[2026-07-05T16:17:45.602+0000] {logging_mixin.py:188} INFO - [2026-07-05T16:17:45.601+0000] {dag.py:3096} INFO - Sync 1 DAGs
[2026-07-05T16:17:45.633+0000] {logging_mixin.py:188} INFO - [2026-07-05T16:17:45.633+0000] {dag.py:3954} INFO - Setting next_dagrun for example_sensor_decorator to None, run_after=None
[2026-07-05T16:17:45.659+0000] {processor.py:183} INFO - Processing /home/airflow/.local/lib/python3.11/site-packages/airflow/example_dags/example_sensor_decorator.py took 0.119 seconds
[2026-07-05T16:18:16.410+0000] {processor.py:161} INFO - Started process (PID=995) to work on /home/airflow/.local/lib/python3.11/site-packages/airflow/example_dags/example_sensor_decorator.py
[2026-07-05T16:18:16.411+0000] {processor.py:830} INFO - Processing file /home/airflow/.local/lib/python3.11/site-packages/airflow/example_dags/example_sensor_decorator.py for tasks to queue
[2026-07-05T16:18:16.413+0000] {logging_mixin.py:188} INFO - [2026-07-05T16:18:16.413+0000] {dagbag.py:545} INFO - Filling up the DagBag from /home/airflow/.local/lib/python3.11/site-packages/airflow/example_dags/example_sensor_decorator.py
[2026-07-05T16:18:16.421+0000] {processor.py:840} INFO - DAG(s) 'example_sensor_decorator' retrieved from /home/airflow/.local/lib/python3.11/site-packages/airflow/example_dags/example_sensor_decorator.py
[2026-07-05T16:18:16.446+0000] {logging_mixin.py:188} INFO - [2026-07-05T16:18:16.446+0000] {dag.py:3096} INFO - Sync 1 DAGs
[2026-07-05T16:18:16.459+0000] {logging_mixin.py:188} INFO - [2026-07-05T16:18:16.459+0000] {dag.py:3954} INFO - Setting next_dagrun for example_sensor_decorator to None, run_after=None
[2026-07-05T16:18:16.481+0000] {processor.py:183} INFO - Processing /home/airflow/.local/lib/python3.11/site-packages/airflow/example_dags/example_sensor_decorator.py took 0.078 seconds
[2026-07-05T16:18:46.697+0000] {processor.py:161} INFO - Started process (PID=1053) to work on /home/airflow/.local/lib/python3.11/site-packages/airflow/example_dags/example_sensor_decorator.py
[2026-07-05T16:18:46.698+0000] {processor.py:830} INFO - Processing file /home/airflow/.local/lib/python3.11/site-packages/airflow/example_dags/example_sensor_decorator.py for tasks to queue
[2026-07-05T16:18:46.700+0000] {logging_mixin.py:188} INFO - [2026-07-05T16:18:46.700+0000] {dagbag.py:545} INFO - Filling up the DagBag from /home/airflow/.local/lib/python3.11/site-packages/airflow/example_dags/example_sensor_decorator.py
[2026-07-05T16:18:46.706+0000] {processor.py:840} INFO - DAG(s) 'example_sensor_decorator' retrieved from /home/airflow/.local/lib/python3.11/site-packages/airflow/example_dags/example_sensor_decorator.py
[2026-07-05T16:18:46.728+0000] {logging_mixin.py:188} INFO - [2026-07-05T16:18:46.728+0000] {dag.py:3096} INFO - Sync 1 DAGs
[2026-07-05T16:18:46.742+0000] {logging_mixin.py:188} INFO - [2026-07-05T16:18:46.742+0000] {dag.py:3954} INFO - Setting next_dagrun for example_sensor_decorator to None, run_after=None
[2026-07-05T16:18:46.760+0000] {processor.py:183} INFO - Processing /home/airflow/.local/lib/python3.11/site-packages/airflow/example_dags/example_sensor_decorator.py took 0.068 seconds
[2026-07-05T18:48:22.874+0000] {processor.py:161} INFO - Started process (PID=1105) to work on /home/airflow/.local/lib/python3.11/site-packages/airflow/example_dags/example_sensor_decorator.py
[2026-07-05T18:48:22.876+0000] {processor.py:830} INFO - Processing file /home/airflow/.local/lib/python3.11/site-packages/airflow/example_dags/example_sensor_decorator.py for tasks to queue
[2026-07-05T18:48:22.885+0000] {logging_mixin.py:188} INFO - [2026-07-05T18:48:22.884+0000] {dagbag.py:545} INFO - Filling up the DagBag from /home/airflow/.local/lib/python3.11/site-packages/airflow/example_dags/example_sensor_decorator.py
[2026-07-05T18:48:22.916+0000] {processor.py:840} INFO - DAG(s) 'example_sensor_decorator' retrieved from /home/airflow/.local/lib/python3.11/site-packages/airflow/example_dags/example_sensor_decorator.py
[2026-07-05T18:48:22.968+0000] {logging_mixin.py:188} INFO - [2026-07-05T18:48:22.968+0000] {dag.py:3096} INFO - Sync 1 DAGs
[2026-07-05T18:48:23.003+0000] {logging_mixin.py:188} INFO - [2026-07-05T18:48:23.002+0000] {dag.py:3954} INFO - Setting next_dagrun for example_sensor_decorator to None, run_after=None
