[2026-07-05T16:07:37.187+0000] {processor.py:161} INFO - Started process (PID=92) to work on /home/airflow/.local/lib/python3.11/site-packages/airflow/example_dags/example_skip_dag.py
[2026-07-05T16:07:37.190+0000] {processor.py:830} INFO - Processing file /home/airflow/.local/lib/python3.11/site-packages/airflow/example_dags/example_skip_dag.py for tasks to queue
[2026-07-05T16:07:37.202+0000] {logging_mixin.py:188} INFO - [2026-07-05T16:07:37.200+0000] {dagbag.py:545} INFO - Filling up the DagBag from /home/airflow/.local/lib/python3.11/site-packages/airflow/example_dags/example_skip_dag.py
[2026-07-05T16:07:37.229+0000] {processor.py:840} INFO - DAG(s) 'example_skip_dag' retrieved from /home/airflow/.local/lib/python3.11/site-packages/airflow/example_dags/example_skip_dag.py
[2026-07-05T16:07:37.736+0000] {logging_mixin.py:188} INFO - [2026-07-05T16:07:37.735+0000] {override.py:1829} INFO - Created Permission View: can delete on DAG:example_skip_dag
[2026-07-05T16:07:37.764+0000] {logging_mixin.py:188} INFO - [2026-07-05T16:07:37.763+0000] {override.py:1829} INFO - Created Permission View: can read on DAG:example_skip_dag
[2026-07-05T16:07:37.781+0000] {logging_mixin.py:188} INFO - [2026-07-05T16:07:37.781+0000] {override.py:1829} INFO - Created Permission View: can edit on DAG:example_skip_dag
[2026-07-05T16:07:37.783+0000] {logging_mixin.py:188} INFO - [2026-07-05T16:07:37.782+0000] {dag.py:3096} INFO - Sync 1 DAGs
[2026-07-05T16:07:37.834+0000] {logging_mixin.py:188} INFO - [2026-07-05T16:07:37.833+0000] {dag.py:3118} INFO - Creating ORM DAG for example_skip_dag
[2026-07-05T16:07:37.871+0000] {logging_mixin.py:188} INFO - [2026-07-05T16:07:37.870+0000] {dag.py:3954} INFO - Setting next_dagrun for example_skip_dag to 2026-07-04 00:00:00+00:00, run_after=2026-07-05 00:00:00+00:00
[2026-07-05T16:07:37.915+0000] {processor.py:183} INFO - Processing /home/airflow/.local/lib/python3.11/site-packages/airflow/example_dags/example_skip_dag.py took 0.751 seconds
[2026-07-05T16:08:08.247+0000] {processor.py:161} INFO - Started process (PID=150) to work on /home/airflow/.local/lib/python3.11/site-packages/airflow/example_dags/example_skip_dag.py
[2026-07-05T16:08:08.248+0000] {processor.py:830} INFO - Processing file /home/airflow/.local/lib/python3.11/site-packages/airflow/example_dags/example_skip_dag.py for tasks to queue
[2026-07-05T16:08:08.250+0000] {logging_mixin.py:188} INFO - [2026-07-05T16:08:08.250+0000] {dagbag.py:545} INFO - Filling up the DagBag from /home/airflow/.local/lib/python3.11/site-packages/airflow/example_dags/example_skip_dag.py
[2026-07-05T16:08:08.256+0000] {processor.py:840} INFO - DAG(s) 'example_skip_dag' retrieved from /home/airflow/.local/lib/python3.11/site-packages/airflow/example_dags/example_skip_dag.py
[2026-07-05T16:08:08.277+0000] {logging_mixin.py:188} INFO - [2026-07-05T16:08:08.277+0000] {dag.py:3096} INFO - Sync 1 DAGs
[2026-07-05T16:08:08.296+0000] {logging_mixin.py:188} INFO - [2026-07-05T16:08:08.296+0000] {dag.py:3954} INFO - Setting next_dagrun for example_skip_dag to 2026-07-04 00:00:00+00:00, run_after=2026-07-05 00:00:00+00:00
[2026-07-05T16:08:08.314+0000] {processor.py:183} INFO - Processing /home/airflow/.local/lib/python3.11/site-packages/airflow/example_dags/example_skip_dag.py took 0.072 seconds
[2026-07-05T16:08:38.817+0000] {processor.py:161} INFO - Started process (PID=208) to work on /home/airflow/.local/lib/python3.11/site-packages/airflow/example_dags/example_skip_dag.py
[2026-07-05T16:08:38.819+0000] {processor.py:830} INFO - Processing file /home/airflow/.local/lib/python3.11/site-packages/airflow/example_dags/example_skip_dag.py for tasks to queue
[2026-07-05T16:08:38.821+0000] {logging_mixin.py:188} INFO - [2026-07-05T16:08:38.821+0000] {dagbag.py:545} INFO - Filling up the DagBag from /home/airflow/.local/lib/python3.11/site-packages/airflow/example_dags/example_skip_dag.py
[2026-07-05T16:08:38.828+0000] {processor.py:840} INFO - DAG(s) 'example_skip_dag' retrieved from /home/airflow/.local/lib/python3.11/site-packages/airflow/example_dags/example_skip_dag.py
[2026-07-05T16:08:38.849+0000] {logging_mixin.py:188} INFO - [2026-07-05T16:08:38.849+0000] {dag.py:3096} INFO - Sync 1 DAGs
[2026-07-05T16:08:38.871+0000] {logging_mixin.py:188} INFO - [2026-07-05T16:08:38.871+0000] {dag.py:3954} INFO - Setting next_dagrun for example_skip_dag to 2026-07-04 00:00:00+00:00, run_after=2026-07-05 00:00:00+00:00
[2026-07-05T16:08:38.896+0000] {processor.py:183} INFO - Processing /home/airflow/.local/lib/python3.11/site-packages/airflow/example_dags/example_skip_dag.py took 0.084 seconds
[2026-07-05T16:09:09.589+0000] {processor.py:161} INFO - Started process (PID=266) to work on /home/airflow/.local/lib/python3.11/site-packages/airflow/example_dags/example_skip_dag.py
[2026-07-05T16:09:09.591+0000] {processor.py:830} INFO - Processing file /home/airflow/.local/lib/python3.11/site-packages/airflow/example_dags/example_skip_dag.py for tasks to queue
[2026-07-05T16:09:09.594+0000] {logging_mixin.py:188} INFO - [2026-07-05T16:09:09.593+0000] {dagbag.py:545} INFO - Filling up the DagBag from /home/airflow/.local/lib/python3.11/site-packages/airflow/example_dags/example_skip_dag.py
[2026-07-05T16:09:09.605+0000] {processor.py:840} INFO - DAG(s) 'example_skip_dag' retrieved from /home/airflow/.local/lib/python3.11/site-packages/airflow/example_dags/example_skip_dag.py
[2026-07-05T16:09:09.639+0000] {logging_mixin.py:188} INFO - [2026-07-05T16:09:09.639+0000] {dag.py:3096} INFO - Sync 1 DAGs
[2026-07-05T16:09:09.799+0000] {logging_mixin.py:188} INFO - [2026-07-05T16:09:09.799+0000] {dag.py:3954} INFO - Setting next_dagrun for example_skip_dag to 2026-07-04 00:00:00+00:00, run_after=2026-07-05 00:00:00+00:00
[2026-07-05T16:09:09.843+0000] {processor.py:183} INFO - Processing /home/airflow/.local/lib/python3.11/site-packages/airflow/example_dags/example_skip_dag.py took 0.262 seconds
[2026-07-05T16:09:40.223+0000] {processor.py:161} INFO - Started process (PID=324) to work on /home/airflow/.local/lib/python3.11/site-packages/airflow/example_dags/example_skip_dag.py
[2026-07-05T16:09:40.224+0000] {processor.py:830} INFO - Processing file /home/airflow/.local/lib/python3.11/site-packages/airflow/example_dags/example_skip_dag.py for tasks to queue
[2026-07-05T16:09:40.226+0000] {logging_mixin.py:188} INFO - [2026-07-05T16:09:40.226+0000] {dagbag.py:545} INFO - Filling up the DagBag from /home/airflow/.local/lib/python3.11/site-packages/airflow/example_dags/example_skip_dag.py
[2026-07-05T16:09:40.232+0000] {processor.py:840} INFO - DAG(s) 'example_skip_dag' retrieved from /home/airflow/.local/lib/python3.11/site-packages/airflow/example_dags/example_skip_dag.py
[2026-07-05T16:09:40.330+0000] {logging_mixin.py:188} INFO - [2026-07-05T16:09:40.329+0000] {dag.py:3096} INFO - Sync 1 DAGs
[2026-07-05T16:09:40.350+0000] {logging_mixin.py:188} INFO - [2026-07-05T16:09:40.350+0000] {dag.py:3954} INFO - Setting next_dagrun for example_skip_dag to 2026-07-04 00:00:00+00:00, run_after=2026-07-05 00:00:00+00:00
[2026-07-05T16:09:40.371+0000] {processor.py:183} INFO - Processing /home/airflow/.local/lib/python3.11/site-packages/airflow/example_dags/example_skip_dag.py took 0.153 seconds
[2026-07-05T16:10:14.838+0000] {processor.py:161} INFO - Started process (PID=87) to work on /home/airflow/.local/lib/python3.11/site-packages/airflow/example_dags/example_skip_dag.py
[2026-07-05T16:10:14.839+0000] {processor.py:830} INFO - Processing file /home/airflow/.local/lib/python3.11/site-packages/airflow/example_dags/example_skip_dag.py for tasks to queue
[2026-07-05T16:10:14.842+0000] {logging_mixin.py:188} INFO - [2026-07-05T16:10:14.841+0000] {dagbag.py:545} INFO - Filling up the DagBag from /home/airflow/.local/lib/python3.11/site-packages/airflow/example_dags/example_skip_dag.py
[2026-07-05T16:10:14.853+0000] {processor.py:840} INFO - DAG(s) 'example_skip_dag' retrieved from /home/airflow/.local/lib/python3.11/site-packages/airflow/example_dags/example_skip_dag.py
[2026-07-05T16:10:14.870+0000] {logging_mixin.py:188} INFO - [2026-07-05T16:10:14.870+0000] {dag.py:3096} INFO - Sync 1 DAGs
[2026-07-05T16:10:14.901+0000] {logging_mixin.py:188} INFO - [2026-07-05T16:10:14.901+0000] {dag.py:3954} INFO - Setting next_dagrun for example_skip_dag to 2026-07-04 00:00:00+00:00, run_after=2026-07-05 00:00:00+00:00
[2026-07-05T16:10:14.926+0000] {processor.py:183} INFO - Processing /home/airflow/.local/lib/python3.11/site-packages/airflow/example_dags/example_skip_dag.py took 0.098 seconds
[2026-07-05T16:10:45.651+0000] {processor.py:161} INFO - Started process (PID=146) to work on /home/airflow/.local/lib/python3.11/site-packages/airflow/example_dags/example_skip_dag.py
[2026-07-05T16:10:45.652+0000] {processor.py:830} INFO - Processing file /home/airflow/.local/lib/python3.11/site-packages/airflow/example_dags/example_skip_dag.py for tasks to queue
[2026-07-05T16:10:45.656+0000] {logging_mixin.py:188} INFO - [2026-07-05T16:10:45.655+0000] {dagbag.py:545} INFO - Filling up the DagBag from /home/airflow/.local/lib/python3.11/site-packages/airflow/example_dags/example_skip_dag.py
[2026-07-05T16:10:45.665+0000] {processor.py:840} INFO - DAG(s) 'example_skip_dag' retrieved from /home/airflow/.local/lib/python3.11/site-packages/airflow/example_dags/example_skip_dag.py
[2026-07-05T16:10:45.805+0000] {logging_mixin.py:188} INFO - [2026-07-05T16:10:45.805+0000] {dag.py:3096} INFO - Sync 1 DAGs
[2026-07-05T16:10:45.830+0000] {logging_mixin.py:188} INFO - [2026-07-05T16:10:45.829+0000] {dag.py:3954} INFO - Setting next_dagrun for example_skip_dag to 2026-07-04 00:00:00+00:00, run_after=2026-07-05 00:00:00+00:00
[2026-07-05T16:10:45.863+0000] {processor.py:183} INFO - Processing /home/airflow/.local/lib/python3.11/site-packages/airflow/example_dags/example_skip_dag.py took 0.222 seconds
[2026-07-05T16:11:16.198+0000] {processor.py:161} INFO - Started process (PID=204) to work on /home/airflow/.local/lib/python3.11/site-packages/airflow/example_dags/example_skip_dag.py
[2026-07-05T16:11:16.199+0000] {processor.py:830} INFO - Processing file /home/airflow/.local/lib/python3.11/site-packages/airflow/example_dags/example_skip_dag.py for tasks to queue
[2026-07-05T16:11:16.201+0000] {logging_mixin.py:188} INFO - [2026-07-05T16:11:16.201+0000] {dagbag.py:545} INFO - Filling up the DagBag from /home/airflow/.local/lib/python3.11/site-packages/airflow/example_dags/example_skip_dag.py
[2026-07-05T16:11:16.209+0000] {processor.py:840} INFO - DAG(s) 'example_skip_dag' retrieved from /home/airflow/.local/lib/python3.11/site-packages/airflow/example_dags/example_skip_dag.py
[2026-07-05T16:11:16.258+0000] {logging_mixin.py:188} INFO - [2026-07-05T16:11:16.257+0000] {dag.py:3096} INFO - Sync 1 DAGs
[2026-07-05T16:11:16.284+0000] {logging_mixin.py:188} INFO - [2026-07-05T16:11:16.284+0000] {dag.py:3954} INFO - Setting next_dagrun for example_skip_dag to 2026-07-04 00:00:00+00:00, run_after=2026-07-05 00:00:00+00:00
[2026-07-05T16:11:16.311+0000] {processor.py:183} INFO - Processing /home/airflow/.local/lib/python3.11/site-packages/airflow/example_dags/example_skip_dag.py took 0.120 seconds
[2026-07-05T16:11:47.061+0000] {processor.py:161} INFO - Started process (PID=262) to work on /home/airflow/.local/lib/python3.11/site-packages/airflow/example_dags/example_skip_dag.py
[2026-07-05T16:11:47.062+0000] {processor.py:830} INFO - Processing file /home/airflow/.local/lib/python3.11/site-packages/airflow/example_dags/example_skip_dag.py for tasks to queue
[2026-07-05T16:11:47.066+0000] {logging_mixin.py:188} INFO - [2026-07-05T16:11:47.065+0000] {dagbag.py:545} INFO - Filling up the DagBag from /home/airflow/.local/lib/python3.11/site-packages/airflow/example_dags/example_skip_dag.py
[2026-07-05T16:11:47.075+0000] {processor.py:840} INFO - DAG(s) 'example_skip_dag' retrieved from /home/airflow/.local/lib/python3.11/site-packages/airflow/example_dags/example_skip_dag.py
[2026-07-05T16:11:47.092+0000] {logging_mixin.py:188} INFO - [2026-07-05T16:11:47.092+0000] {dag.py:3096} INFO - Sync 1 DAGs
[2026-07-05T16:11:47.121+0000] {logging_mixin.py:188} INFO - [2026-07-05T16:11:47.121+0000] {dag.py:3954} INFO - Setting next_dagrun for example_skip_dag to 2026-07-04 00:00:00+00:00, run_after=2026-07-05 00:00:00+00:00
[2026-07-05T16:11:47.145+0000] {processor.py:183} INFO - Processing /home/airflow/.local/lib/python3.11/site-packages/airflow/example_dags/example_skip_dag.py took 0.091 seconds
[2026-07-05T16:12:17.772+0000] {processor.py:161} INFO - Started process (PID=320) to work on /home/airflow/.local/lib/python3.11/site-packages/airflow/example_dags/example_skip_dag.py
[2026-07-05T16:12:17.774+0000] {processor.py:830} INFO - Processing file /home/airflow/.local/lib/python3.11/site-packages/airflow/example_dags/example_skip_dag.py for tasks to queue
[2026-07-05T16:12:17.777+0000] {logging_mixin.py:188} INFO - [2026-07-05T16:12:17.777+0000] {dagbag.py:545} INFO - Filling up the DagBag from /home/airflow/.local/lib/python3.11/site-packages/airflow/example_dags/example_skip_dag.py
[2026-07-05T16:12:17.788+0000] {processor.py:840} INFO - DAG(s) 'example_skip_dag' retrieved from /home/airflow/.local/lib/python3.11/site-packages/airflow/example_dags/example_skip_dag.py
[2026-07-05T16:12:18.000+0000] {logging_mixin.py:188} INFO - [2026-07-05T16:12:18.000+0000] {dag.py:3096} INFO - Sync 1 DAGs
[2026-07-05T16:12:18.048+0000] {logging_mixin.py:188} INFO - [2026-07-05T16:12:18.047+0000] {dag.py:3954} INFO - Setting next_dagrun for example_skip_dag to 2026-07-04 00:00:00+00:00, run_after=2026-07-05 00:00:00+00:00
[2026-07-05T16:12:18.099+0000] {processor.py:183} INFO - Processing /home/airflow/.local/lib/python3.11/site-packages/airflow/example_dags/example_skip_dag.py took 0.335 seconds
[2026-07-05T16:12:48.990+0000] {processor.py:161} INFO - Started process (PID=379) to work on /home/airflow/.local/lib/python3.11/site-packages/airflow/example_dags/example_skip_dag.py
[2026-07-05T16:12:48.991+0000] {processor.py:830} INFO - Processing file /home/airflow/.local/lib/python3.11/site-packages/airflow/example_dags/example_skip_dag.py for tasks to queue
[2026-07-05T16:12:48.993+0000] {logging_mixin.py:188} INFO - [2026-07-05T16:12:48.992+0000] {dagbag.py:545} INFO - Filling up the DagBag from /home/airflow/.local/lib/python3.11/site-packages/airflow/example_dags/example_skip_dag.py
[2026-07-05T16:12:48.999+0000] {processor.py:840} INFO - DAG(s) 'example_skip_dag' retrieved from /home/airflow/.local/lib/python3.11/site-packages/airflow/example_dags/example_skip_dag.py
[2026-07-05T16:12:49.019+0000] {logging_mixin.py:188} INFO - [2026-07-05T16:12:49.019+0000] {dag.py:3096} INFO - Sync 1 DAGs
[2026-07-05T16:12:49.038+0000] {logging_mixin.py:188} INFO - [2026-07-05T16:12:49.037+0000] {dag.py:3954} INFO - Setting next_dagrun for example_skip_dag to 2026-07-04 00:00:00+00:00, run_after=2026-07-05 00:00:00+00:00
[2026-07-05T16:12:49.057+0000] {processor.py:183} INFO - Processing /home/airflow/.local/lib/python3.11/site-packages/airflow/example_dags/example_skip_dag.py took 0.073 seconds
[2026-07-05T16:13:19.575+0000] {processor.py:161} INFO - Started process (PID=437) to work on /home/airflow/.local/lib/python3.11/site-packages/airflow/example_dags/example_skip_dag.py
[2026-07-05T16:13:19.576+0000] {processor.py:830} INFO - Processing file /home/airflow/.local/lib/python3.11/site-packages/airflow/example_dags/example_skip_dag.py for tasks to queue
[2026-07-05T16:13:19.578+0000] {logging_mixin.py:188} INFO - [2026-07-05T16:13:19.578+0000] {dagbag.py:545} INFO - Filling up the DagBag from /home/airflow/.local/lib/python3.11/site-packages/airflow/example_dags/example_skip_dag.py
[2026-07-05T16:13:19.585+0000] {processor.py:840} INFO - DAG(s) 'example_skip_dag' retrieved from /home/airflow/.local/lib/python3.11/site-packages/airflow/example_dags/example_skip_dag.py
[2026-07-05T16:13:19.611+0000] {logging_mixin.py:188} INFO - [2026-07-05T16:13:19.611+0000] {dag.py:3096} INFO - Sync 1 DAGs
[2026-07-05T16:13:19.630+0000] {logging_mixin.py:188} INFO - [2026-07-05T16:13:19.630+0000] {dag.py:3954} INFO - Setting next_dagrun for example_skip_dag to 2026-07-04 00:00:00+00:00, run_after=2026-07-05 00:00:00+00:00
[2026-07-05T16:13:19.651+0000] {processor.py:183} INFO - Processing /home/airflow/.local/lib/python3.11/site-packages/airflow/example_dags/example_skip_dag.py took 0.081 seconds
[2026-07-05T16:13:50.044+0000] {processor.py:161} INFO - Started process (PID=495) to work on /home/airflow/.local/lib/python3.11/site-packages/airflow/example_dags/example_skip_dag.py
[2026-07-05T16:13:50.046+0000] {processor.py:830} INFO - Processing file /home/airflow/.local/lib/python3.11/site-packages/airflow/example_dags/example_skip_dag.py for tasks to queue
[2026-07-05T16:13:50.048+0000] {logging_mixin.py:188} INFO - [2026-07-05T16:13:50.047+0000] {dagbag.py:545} INFO - Filling up the DagBag from /home/airflow/.local/lib/python3.11/site-packages/airflow/example_dags/example_skip_dag.py
[2026-07-05T16:13:50.054+0000] {processor.py:840} INFO - DAG(s) 'example_skip_dag' retrieved from /home/airflow/.local/lib/python3.11/site-packages/airflow/example_dags/example_skip_dag.py
[2026-07-05T16:13:50.075+0000] {logging_mixin.py:188} INFO - [2026-07-05T16:13:50.075+0000] {dag.py:3096} INFO - Sync 1 DAGs
[2026-07-05T16:13:50.092+0000] {logging_mixin.py:188} INFO - [2026-07-05T16:13:50.092+0000] {dag.py:3954} INFO - Setting next_dagrun for example_skip_dag to 2026-07-04 00:00:00+00:00, run_after=2026-07-05 00:00:00+00:00
[2026-07-05T16:13:50.114+0000] {processor.py:183} INFO - Processing /home/airflow/.local/lib/python3.11/site-packages/airflow/example_dags/example_skip_dag.py took 0.075 seconds
[2026-07-05T16:14:20.204+0000] {processor.py:161} INFO - Started process (PID=553) to work on /home/airflow/.local/lib/python3.11/site-packages/airflow/example_dags/example_skip_dag.py
[2026-07-05T16:14:20.205+0000] {processor.py:830} INFO - Processing file /home/airflow/.local/lib/python3.11/site-packages/airflow/example_dags/example_skip_dag.py for tasks to queue
[2026-07-05T16:14:20.207+0000] {logging_mixin.py:188} INFO - [2026-07-05T16:14:20.207+0000] {dagbag.py:545} INFO - Filling up the DagBag from /home/airflow/.local/lib/python3.11/site-packages/airflow/example_dags/example_skip_dag.py
[2026-07-05T16:14:20.214+0000] {processor.py:840} INFO - DAG(s) 'example_skip_dag' retrieved from /home/airflow/.local/lib/python3.11/site-packages/airflow/example_dags/example_skip_dag.py
[2026-07-05T16:14:20.235+0000] {logging_mixin.py:188} INFO - [2026-07-05T16:14:20.235+0000] {dag.py:3096} INFO - Sync 1 DAGs
[2026-07-05T16:14:20.255+0000] {logging_mixin.py:188} INFO - [2026-07-05T16:14:20.255+0000] {dag.py:3954} INFO - Setting next_dagrun for example_skip_dag to 2026-07-04 00:00:00+00:00, run_after=2026-07-05 00:00:00+00:00
[2026-07-05T16:14:20.274+0000] {processor.py:183} INFO - Processing /home/airflow/.local/lib/python3.11/site-packages/airflow/example_dags/example_skip_dag.py took 0.075 seconds
[2026-07-05T16:14:50.441+0000] {processor.py:161} INFO - Started process (PID=611) to work on /home/airflow/.local/lib/python3.11/site-packages/airflow/example_dags/example_skip_dag.py
[2026-07-05T16:14:50.442+0000] {processor.py:830} INFO - Processing file /home/airflow/.local/lib/python3.11/site-packages/airflow/example_dags/example_skip_dag.py for tasks to queue
[2026-07-05T16:14:50.446+0000] {logging_mixin.py:188} INFO - [2026-07-05T16:14:50.445+0000] {dagbag.py:545} INFO - Filling up the DagBag from /home/airflow/.local/lib/python3.11/site-packages/airflow/example_dags/example_skip_dag.py
[2026-07-05T16:14:50.455+0000] {processor.py:840} INFO - DAG(s) 'example_skip_dag' retrieved from /home/airflow/.local/lib/python3.11/site-packages/airflow/example_dags/example_skip_dag.py
[2026-07-05T16:14:50.482+0000] {logging_mixin.py:188} INFO - [2026-07-05T16:14:50.482+0000] {dag.py:3096} INFO - Sync 1 DAGs
[2026-07-05T16:14:50.507+0000] {logging_mixin.py:188} INFO - [2026-07-05T16:14:50.506+0000] {dag.py:3954} INFO - Setting next_dagrun for example_skip_dag to 2026-07-04 00:00:00+00:00, run_after=2026-07-05 00:00:00+00:00
[2026-07-05T16:14:50.592+0000] {processor.py:183} INFO - Processing /home/airflow/.local/lib/python3.11/site-packages/airflow/example_dags/example_skip_dag.py took 0.159 seconds
[2026-07-05T16:15:20.705+0000] {processor.py:161} INFO - Started process (PID=669) to work on /home/airflow/.local/lib/python3.11/site-packages/airflow/example_dags/example_skip_dag.py
[2026-07-05T16:15:20.706+0000] {processor.py:830} INFO - Processing file /home/airflow/.local/lib/python3.11/site-packages/airflow/example_dags/example_skip_dag.py for tasks to queue
[2026-07-05T16:15:20.708+0000] {logging_mixin.py:188} INFO - [2026-07-05T16:15:20.708+0000] {dagbag.py:545} INFO - Filling up the DagBag from /home/airflow/.local/lib/python3.11/site-packages/airflow/example_dags/example_skip_dag.py
[2026-07-05T16:15:20.715+0000] {processor.py:840} INFO - DAG(s) 'example_skip_dag' retrieved from /home/airflow/.local/lib/python3.11/site-packages/airflow/example_dags/example_skip_dag.py
[2026-07-05T16:15:20.738+0000] {logging_mixin.py:188} INFO - [2026-07-05T16:15:20.738+0000] {dag.py:3096} INFO - Sync 1 DAGs
[2026-07-05T16:15:20.756+0000] {logging_mixin.py:188} INFO - [2026-07-05T16:15:20.755+0000] {dag.py:3954} INFO - Setting next_dagrun for example_skip_dag to 2026-07-04 00:00:00+00:00, run_after=2026-07-05 00:00:00+00:00
[2026-07-05T16:15:20.777+0000] {processor.py:183} INFO - Processing /home/airflow/.local/lib/python3.11/site-packages/airflow/example_dags/example_skip_dag.py took 0.079 seconds
[2026-07-05T16:15:50.882+0000] {processor.py:161} INFO - Started process (PID=727) to work on /home/airflow/.local/lib/python3.11/site-packages/airflow/example_dags/example_skip_dag.py
[2026-07-05T16:15:50.884+0000] {processor.py:830} INFO - Processing file /home/airflow/.local/lib/python3.11/site-packages/airflow/example_dags/example_skip_dag.py for tasks to queue
[2026-07-05T16:15:50.886+0000] {logging_mixin.py:188} INFO - [2026-07-05T16:15:50.886+0000] {dagbag.py:545} INFO - Filling up the DagBag from /home/airflow/.local/lib/python3.11/site-packages/airflow/example_dags/example_skip_dag.py
[2026-07-05T16:15:50.892+0000] {processor.py:840} INFO - DAG(s) 'example_skip_dag' retrieved from /home/airflow/.local/lib/python3.11/site-packages/airflow/example_dags/example_skip_dag.py
[2026-07-05T16:15:50.913+0000] {logging_mixin.py:188} INFO - [2026-07-05T16:15:50.913+0000] {dag.py:3096} INFO - Sync 1 DAGs
[2026-07-05T16:15:50.931+0000] {logging_mixin.py:188} INFO - [2026-07-05T16:15:50.931+0000] {dag.py:3954} INFO - Setting next_dagrun for example_skip_dag to 2026-07-04 00:00:00+00:00, run_after=2026-07-05 00:00:00+00:00
[2026-07-05T16:15:50.950+0000] {processor.py:183} INFO - Processing /home/airflow/.local/lib/python3.11/site-packages/airflow/example_dags/example_skip_dag.py took 0.073 seconds
[2026-07-05T16:16:20.996+0000] {processor.py:161} INFO - Started process (PID=785) to work on /home/airflow/.local/lib/python3.11/site-packages/airflow/example_dags/example_skip_dag.py
[2026-07-05T16:16:20.997+0000] {processor.py:830} INFO - Processing file /home/airflow/.local/lib/python3.11/site-packages/airflow/example_dags/example_skip_dag.py for tasks to queue
[2026-07-05T16:16:20.999+0000] {logging_mixin.py:188} INFO - [2026-07-05T16:16:20.999+0000] {dagbag.py:545} INFO - Filling up the DagBag from /home/airflow/.local/lib/python3.11/site-packages/airflow/example_dags/example_skip_dag.py
[2026-07-05T16:16:21.006+0000] {processor.py:840} INFO - DAG(s) 'example_skip_dag' retrieved from /home/airflow/.local/lib/python3.11/site-packages/airflow/example_dags/example_skip_dag.py
[2026-07-05T16:16:21.027+0000] {logging_mixin.py:188} INFO - [2026-07-05T16:16:21.027+0000] {dag.py:3096} INFO - Sync 1 DAGs
[2026-07-05T16:16:21.050+0000] {logging_mixin.py:188} INFO - [2026-07-05T16:16:21.049+0000] {dag.py:3954} INFO - Setting next_dagrun for example_skip_dag to 2026-07-04 00:00:00+00:00, run_after=2026-07-05 00:00:00+00:00
[2026-07-05T16:16:21.071+0000] {processor.py:183} INFO - Processing /home/airflow/.local/lib/python3.11/site-packages/airflow/example_dags/example_skip_dag.py took 0.084 seconds
[2026-07-05T16:16:51.220+0000] {processor.py:161} INFO - Started process (PID=843) to work on /home/airflow/.local/lib/python3.11/site-packages/airflow/example_dags/example_skip_dag.py
[2026-07-05T16:16:51.221+0000] {processor.py:830} INFO - Processing file /home/airflow/.local/lib/python3.11/site-packages/airflow/example_dags/example_skip_dag.py for tasks to queue
[2026-07-05T16:16:51.223+0000] {logging_mixin.py:188} INFO - [2026-07-05T16:16:51.223+0000] {dagbag.py:545} INFO - Filling up the DagBag from /home/airflow/.local/lib/python3.11/site-packages/airflow/example_dags/example_skip_dag.py
[2026-07-05T16:16:51.229+0000] {processor.py:840} INFO - DAG(s) 'example_skip_dag' retrieved from /home/airflow/.local/lib/python3.11/site-packages/airflow/example_dags/example_skip_dag.py
[2026-07-05T16:16:51.249+0000] {logging_mixin.py:188} INFO - [2026-07-05T16:16:51.249+0000] {dag.py:3096} INFO - Sync 1 DAGs
[2026-07-05T16:16:51.267+0000] {logging_mixin.py:188} INFO - [2026-07-05T16:16:51.267+0000] {dag.py:3954} INFO - Setting next_dagrun for example_skip_dag to 2026-07-04 00:00:00+00:00, run_after=2026-07-05 00:00:00+00:00
[2026-07-05T16:16:51.286+0000] {processor.py:183} INFO - Processing /home/airflow/.local/lib/python3.11/site-packages/airflow/example_dags/example_skip_dag.py took 0.071 seconds
[2026-07-05T16:17:21.564+0000] {processor.py:161} INFO - Started process (PID=901) to work on /home/airflow/.local/lib/python3.11/site-packages/airflow/example_dags/example_skip_dag.py
[2026-07-05T16:17:21.565+0000] {processor.py:830} INFO - Processing file /home/airflow/.local/lib/python3.11/site-packages/airflow/example_dags/example_skip_dag.py for tasks to queue
[2026-07-05T16:17:21.567+0000] {logging_mixin.py:188} INFO - [2026-07-05T16:17:21.567+0000] {dagbag.py:545} INFO - Filling up the DagBag from /home/airflow/.local/lib/python3.11/site-packages/airflow/example_dags/example_skip_dag.py
[2026-07-05T16:17:21.573+0000] {processor.py:840} INFO - DAG(s) 'example_skip_dag' retrieved from /home/airflow/.local/lib/python3.11/site-packages/airflow/example_dags/example_skip_dag.py
[2026-07-05T16:17:21.593+0000] {logging_mixin.py:188} INFO - [2026-07-05T16:17:21.593+0000] {dag.py:3096} INFO - Sync 1 DAGs
[2026-07-05T16:17:21.613+0000] {logging_mixin.py:188} INFO - [2026-07-05T16:17:21.612+0000] {dag.py:3954} INFO - Setting next_dagrun for example_skip_dag to 2026-07-04 00:00:00+00:00, run_after=2026-07-05 00:00:00+00:00
[2026-07-05T16:17:21.630+0000] {processor.py:183} INFO - Processing /home/airflow/.local/lib/python3.11/site-packages/airflow/example_dags/example_skip_dag.py took 0.072 seconds
[2026-07-05T16:17:51.986+0000] {processor.py:161} INFO - Started process (PID=959) to work on /home/airflow/.local/lib/python3.11/site-packages/airflow/example_dags/example_skip_dag.py
[2026-07-05T16:17:51.987+0000] {processor.py:830} INFO - Processing file /home/airflow/.local/lib/python3.11/site-packages/airflow/example_dags/example_skip_dag.py for tasks to queue
[2026-07-05T16:17:51.989+0000] {logging_mixin.py:188} INFO - [2026-07-05T16:17:51.989+0000] {dagbag.py:545} INFO - Filling up the DagBag from /home/airflow/.local/lib/python3.11/site-packages/airflow/example_dags/example_skip_dag.py
[2026-07-05T16:17:51.996+0000] {processor.py:840} INFO - DAG(s) 'example_skip_dag' retrieved from /home/airflow/.local/lib/python3.11/site-packages/airflow/example_dags/example_skip_dag.py
[2026-07-05T16:17:52.016+0000] {logging_mixin.py:188} INFO - [2026-07-05T16:17:52.016+0000] {dag.py:3096} INFO - Sync 1 DAGs
[2026-07-05T16:17:52.035+0000] {logging_mixin.py:188} INFO - [2026-07-05T16:17:52.035+0000] {dag.py:3954} INFO - Setting next_dagrun for example_skip_dag to 2026-07-04 00:00:00+00:00, run_after=2026-07-05 00:00:00+00:00
[2026-07-05T16:17:52.054+0000] {processor.py:183} INFO - Processing /home/airflow/.local/lib/python3.11/site-packages/airflow/example_dags/example_skip_dag.py took 0.074 seconds
[2026-07-05T16:18:22.953+0000] {processor.py:161} INFO - Started process (PID=1017) to work on /home/airflow/.local/lib/python3.11/site-packages/airflow/example_dags/example_skip_dag.py
[2026-07-05T16:18:22.955+0000] {processor.py:830} INFO - Processing file /home/airflow/.local/lib/python3.11/site-packages/airflow/example_dags/example_skip_dag.py for tasks to queue
[2026-07-05T16:18:22.958+0000] {logging_mixin.py:188} INFO - [2026-07-05T16:18:22.958+0000] {dagbag.py:545} INFO - Filling up the DagBag from /home/airflow/.local/lib/python3.11/site-packages/airflow/example_dags/example_skip_dag.py
[2026-07-05T16:18:22.966+0000] {processor.py:840} INFO - DAG(s) 'example_skip_dag' retrieved from /home/airflow/.local/lib/python3.11/site-packages/airflow/example_dags/example_skip_dag.py
[2026-07-05T16:18:22.994+0000] {logging_mixin.py:188} INFO - [2026-07-05T16:18:22.994+0000] {dag.py:3096} INFO - Sync 1 DAGs
[2026-07-05T16:18:23.027+0000] {logging_mixin.py:188} INFO - [2026-07-05T16:18:23.027+0000] {dag.py:3954} INFO - Setting next_dagrun for example_skip_dag to 2026-07-04 00:00:00+00:00, run_after=2026-07-05 00:00:00+00:00
[2026-07-05T16:18:23.050+0000] {processor.py:183} INFO - Processing /home/airflow/.local/lib/python3.11/site-packages/airflow/example_dags/example_skip_dag.py took 0.105 seconds
[2026-07-05T16:18:53.141+0000] {processor.py:161} INFO - Started process (PID=1075) to work on /home/airflow/.local/lib/python3.11/site-packages/airflow/example_dags/example_skip_dag.py
[2026-07-05T16:18:53.143+0000] {processor.py:830} INFO - Processing file /home/airflow/.local/lib/python3.11/site-packages/airflow/example_dags/example_skip_dag.py for tasks to queue
[2026-07-05T16:18:53.146+0000] {logging_mixin.py:188} INFO - [2026-07-05T16:18:53.145+0000] {dagbag.py:545} INFO - Filling up the DagBag from /home/airflow/.local/lib/python3.11/site-packages/airflow/example_dags/example_skip_dag.py
[2026-07-05T16:18:53.157+0000] {processor.py:840} INFO - DAG(s) 'example_skip_dag' retrieved from /home/airflow/.local/lib/python3.11/site-packages/airflow/example_dags/example_skip_dag.py
[2026-07-05T16:18:53.178+0000] {logging_mixin.py:188} INFO - [2026-07-05T16:18:53.178+0000] {dag.py:3096} INFO - Sync 1 DAGs
[2026-07-05T16:18:53.199+0000] {logging_mixin.py:188} INFO - [2026-07-05T16:18:53.198+0000] {dag.py:3954} INFO - Setting next_dagrun for example_skip_dag to 2026-07-04 00:00:00+00:00, run_after=2026-07-05 00:00:00+00:00
[2026-07-05T16:18:53.216+0000] {processor.py:183} INFO - Processing /home/airflow/.local/lib/python3.11/site-packages/airflow/example_dags/example_skip_dag.py took 0.081 seconds
