[2026-07-05T16:07:39.145+0000] {processor.py:161} INFO - Started process (PID=99) to work on /home/airflow/.local/lib/python3.11/site-packages/airflow/example_dags/example_setup_teardown.py
[2026-07-05T16:07:39.146+0000] {processor.py:830} INFO - Processing file /home/airflow/.local/lib/python3.11/site-packages/airflow/example_dags/example_setup_teardown.py for tasks to queue
[2026-07-05T16:07:39.149+0000] {logging_mixin.py:188} INFO - [2026-07-05T16:07:39.149+0000] {dagbag.py:545} INFO - Filling up the DagBag from /home/airflow/.local/lib/python3.11/site-packages/airflow/example_dags/example_setup_teardown.py
[2026-07-05T16:07:39.160+0000] {processor.py:840} INFO - DAG(s) 'example_setup_teardown' retrieved from /home/airflow/.local/lib/python3.11/site-packages/airflow/example_dags/example_setup_teardown.py
[2026-07-05T16:07:39.301+0000] {logging_mixin.py:188} INFO - [2026-07-05T16:07:39.300+0000] {override.py:1829} INFO - Created Permission View: can delete on DAG:example_setup_teardown
[2026-07-05T16:07:39.314+0000] {logging_mixin.py:188} INFO - [2026-07-05T16:07:39.313+0000] {override.py:1829} INFO - Created Permission View: can read on DAG:example_setup_teardown
[2026-07-05T16:07:39.325+0000] {logging_mixin.py:188} INFO - [2026-07-05T16:07:39.324+0000] {override.py:1829} INFO - Created Permission View: can edit on DAG:example_setup_teardown
[2026-07-05T16:07:39.326+0000] {logging_mixin.py:188} INFO - [2026-07-05T16:07:39.325+0000] {dag.py:3096} INFO - Sync 1 DAGs
[2026-07-05T16:07:39.341+0000] {logging_mixin.py:188} INFO - [2026-07-05T16:07:39.341+0000] {dag.py:3118} INFO - Creating ORM DAG for example_setup_teardown
[2026-07-05T16:07:39.354+0000] {logging_mixin.py:188} INFO - [2026-07-05T16:07:39.354+0000] {dag.py:3954} INFO - Setting next_dagrun for example_setup_teardown to 2026-07-04 00:00:00+00:00, run_after=2026-07-05 00:00:00+00:00
[2026-07-05T16:07:39.379+0000] {processor.py:183} INFO - Processing /home/airflow/.local/lib/python3.11/site-packages/airflow/example_dags/example_setup_teardown.py took 0.242 seconds
[2026-07-05T16:08:09.568+0000] {processor.py:161} INFO - Started process (PID=157) to work on /home/airflow/.local/lib/python3.11/site-packages/airflow/example_dags/example_setup_teardown.py
[2026-07-05T16:08:09.570+0000] {processor.py:830} INFO - Processing file /home/airflow/.local/lib/python3.11/site-packages/airflow/example_dags/example_setup_teardown.py for tasks to queue
[2026-07-05T16:08:09.572+0000] {logging_mixin.py:188} INFO - [2026-07-05T16:08:09.571+0000] {dagbag.py:545} INFO - Filling up the DagBag from /home/airflow/.local/lib/python3.11/site-packages/airflow/example_dags/example_setup_teardown.py
[2026-07-05T16:08:09.580+0000] {processor.py:840} INFO - DAG(s) 'example_setup_teardown' retrieved from /home/airflow/.local/lib/python3.11/site-packages/airflow/example_dags/example_setup_teardown.py
[2026-07-05T16:08:09.601+0000] {logging_mixin.py:188} INFO - [2026-07-05T16:08:09.601+0000] {dag.py:3096} INFO - Sync 1 DAGs
[2026-07-05T16:08:09.620+0000] {logging_mixin.py:188} INFO - [2026-07-05T16:08:09.620+0000] {dag.py:3954} INFO - Setting next_dagrun for example_setup_teardown to 2026-07-04 00:00:00+00:00, run_after=2026-07-05 00:00:00+00:00
[2026-07-05T16:08:09.637+0000] {processor.py:183} INFO - Processing /home/airflow/.local/lib/python3.11/site-packages/airflow/example_dags/example_setup_teardown.py took 0.076 seconds
[2026-07-05T16:08:40.373+0000] {processor.py:161} INFO - Started process (PID=215) to work on /home/airflow/.local/lib/python3.11/site-packages/airflow/example_dags/example_setup_teardown.py
[2026-07-05T16:08:40.374+0000] {processor.py:830} INFO - Processing file /home/airflow/.local/lib/python3.11/site-packages/airflow/example_dags/example_setup_teardown.py for tasks to queue
[2026-07-05T16:08:40.377+0000] {logging_mixin.py:188} INFO - [2026-07-05T16:08:40.376+0000] {dagbag.py:545} INFO - Filling up the DagBag from /home/airflow/.local/lib/python3.11/site-packages/airflow/example_dags/example_setup_teardown.py
[2026-07-05T16:08:40.386+0000] {processor.py:840} INFO - DAG(s) 'example_setup_teardown' retrieved from /home/airflow/.local/lib/python3.11/site-packages/airflow/example_dags/example_setup_teardown.py
[2026-07-05T16:08:40.411+0000] {logging_mixin.py:188} INFO - [2026-07-05T16:08:40.411+0000] {dag.py:3096} INFO - Sync 1 DAGs
[2026-07-05T16:08:40.432+0000] {logging_mixin.py:188} INFO - [2026-07-05T16:08:40.432+0000] {dag.py:3954} INFO - Setting next_dagrun for example_setup_teardown to 2026-07-04 00:00:00+00:00, run_after=2026-07-05 00:00:00+00:00
[2026-07-05T16:08:40.449+0000] {processor.py:183} INFO - Processing /home/airflow/.local/lib/python3.11/site-packages/airflow/example_dags/example_setup_teardown.py took 0.085 seconds
[2026-07-05T16:09:10.577+0000] {processor.py:161} INFO - Started process (PID=273) to work on /home/airflow/.local/lib/python3.11/site-packages/airflow/example_dags/example_setup_teardown.py
[2026-07-05T16:09:10.578+0000] {processor.py:830} INFO - Processing file /home/airflow/.local/lib/python3.11/site-packages/airflow/example_dags/example_setup_teardown.py for tasks to queue
[2026-07-05T16:09:10.581+0000] {logging_mixin.py:188} INFO - [2026-07-05T16:09:10.580+0000] {dagbag.py:545} INFO - Filling up the DagBag from /home/airflow/.local/lib/python3.11/site-packages/airflow/example_dags/example_setup_teardown.py
[2026-07-05T16:09:10.592+0000] {processor.py:840} INFO - DAG(s) 'example_setup_teardown' retrieved from /home/airflow/.local/lib/python3.11/site-packages/airflow/example_dags/example_setup_teardown.py
[2026-07-05T16:09:10.609+0000] {logging_mixin.py:188} INFO - [2026-07-05T16:09:10.609+0000] {dag.py:3096} INFO - Sync 1 DAGs
[2026-07-05T16:09:10.649+0000] {logging_mixin.py:188} INFO - [2026-07-05T16:09:10.649+0000] {dag.py:3954} INFO - Setting next_dagrun for example_setup_teardown to 2026-07-04 00:00:00+00:00, run_after=2026-07-05 00:00:00+00:00
[2026-07-05T16:09:10.681+0000] {processor.py:183} INFO - Processing /home/airflow/.local/lib/python3.11/site-packages/airflow/example_dags/example_setup_teardown.py took 0.116 seconds
[2026-07-05T16:09:41.291+0000] {processor.py:161} INFO - Started process (PID=331) to work on /home/airflow/.local/lib/python3.11/site-packages/airflow/example_dags/example_setup_teardown.py
[2026-07-05T16:09:41.292+0000] {processor.py:830} INFO - Processing file /home/airflow/.local/lib/python3.11/site-packages/airflow/example_dags/example_setup_teardown.py for tasks to queue
[2026-07-05T16:09:41.294+0000] {logging_mixin.py:188} INFO - [2026-07-05T16:09:41.294+0000] {dagbag.py:545} INFO - Filling up the DagBag from /home/airflow/.local/lib/python3.11/site-packages/airflow/example_dags/example_setup_teardown.py
[2026-07-05T16:09:41.302+0000] {processor.py:840} INFO - DAG(s) 'example_setup_teardown' retrieved from /home/airflow/.local/lib/python3.11/site-packages/airflow/example_dags/example_setup_teardown.py
[2026-07-05T16:09:41.403+0000] {logging_mixin.py:188} INFO - [2026-07-05T16:09:41.402+0000] {dag.py:3096} INFO - Sync 1 DAGs
[2026-07-05T16:09:41.418+0000] {logging_mixin.py:188} INFO - [2026-07-05T16:09:41.418+0000] {dag.py:3954} INFO - Setting next_dagrun for example_setup_teardown to 2026-07-04 00:00:00+00:00, run_after=2026-07-05 00:00:00+00:00
[2026-07-05T16:09:41.435+0000] {processor.py:183} INFO - Processing /home/airflow/.local/lib/python3.11/site-packages/airflow/example_dags/example_setup_teardown.py took 0.153 seconds
[2026-07-05T16:10:15.985+0000] {processor.py:161} INFO - Started process (PID=94) to work on /home/airflow/.local/lib/python3.11/site-packages/airflow/example_dags/example_setup_teardown.py
[2026-07-05T16:10:15.987+0000] {processor.py:830} INFO - Processing file /home/airflow/.local/lib/python3.11/site-packages/airflow/example_dags/example_setup_teardown.py for tasks to queue
[2026-07-05T16:10:15.990+0000] {logging_mixin.py:188} INFO - [2026-07-05T16:10:15.989+0000] {dagbag.py:545} INFO - Filling up the DagBag from /home/airflow/.local/lib/python3.11/site-packages/airflow/example_dags/example_setup_teardown.py
[2026-07-05T16:10:16.002+0000] {processor.py:840} INFO - DAG(s) 'example_setup_teardown' retrieved from /home/airflow/.local/lib/python3.11/site-packages/airflow/example_dags/example_setup_teardown.py
[2026-07-05T16:10:16.021+0000] {logging_mixin.py:188} INFO - [2026-07-05T16:10:16.020+0000] {dag.py:3096} INFO - Sync 1 DAGs
[2026-07-05T16:10:16.050+0000] {logging_mixin.py:188} INFO - [2026-07-05T16:10:16.050+0000] {dag.py:3954} INFO - Setting next_dagrun for example_setup_teardown to 2026-07-04 00:00:00+00:00, run_after=2026-07-05 00:00:00+00:00
[2026-07-05T16:10:16.076+0000] {processor.py:183} INFO - Processing /home/airflow/.local/lib/python3.11/site-packages/airflow/example_dags/example_setup_teardown.py took 0.100 seconds
[2026-07-05T16:10:46.595+0000] {processor.py:161} INFO - Started process (PID=153) to work on /home/airflow/.local/lib/python3.11/site-packages/airflow/example_dags/example_setup_teardown.py
[2026-07-05T16:10:46.597+0000] {processor.py:830} INFO - Processing file /home/airflow/.local/lib/python3.11/site-packages/airflow/example_dags/example_setup_teardown.py for tasks to queue
[2026-07-05T16:10:46.600+0000] {logging_mixin.py:188} INFO - [2026-07-05T16:10:46.600+0000] {dagbag.py:545} INFO - Filling up the DagBag from /home/airflow/.local/lib/python3.11/site-packages/airflow/example_dags/example_setup_teardown.py
[2026-07-05T16:10:46.609+0000] {processor.py:840} INFO - DAG(s) 'example_setup_teardown' retrieved from /home/airflow/.local/lib/python3.11/site-packages/airflow/example_dags/example_setup_teardown.py
[2026-07-05T16:10:46.775+0000] {logging_mixin.py:188} INFO - [2026-07-05T16:10:46.774+0000] {dag.py:3096} INFO - Sync 1 DAGs
[2026-07-05T16:10:46.804+0000] {logging_mixin.py:188} INFO - [2026-07-05T16:10:46.804+0000] {dag.py:3954} INFO - Setting next_dagrun for example_setup_teardown to 2026-07-04 00:00:00+00:00, run_after=2026-07-05 00:00:00+00:00
[2026-07-05T16:10:46.840+0000] {processor.py:183} INFO - Processing /home/airflow/.local/lib/python3.11/site-packages/airflow/example_dags/example_setup_teardown.py took 0.255 seconds
[2026-07-05T16:11:17.692+0000] {processor.py:161} INFO - Started process (PID=211) to work on /home/airflow/.local/lib/python3.11/site-packages/airflow/example_dags/example_setup_teardown.py
[2026-07-05T16:11:17.694+0000] {processor.py:830} INFO - Processing file /home/airflow/.local/lib/python3.11/site-packages/airflow/example_dags/example_setup_teardown.py for tasks to queue
[2026-07-05T16:11:17.696+0000] {logging_mixin.py:188} INFO - [2026-07-05T16:11:17.696+0000] {dagbag.py:545} INFO - Filling up the DagBag from /home/airflow/.local/lib/python3.11/site-packages/airflow/example_dags/example_setup_teardown.py
[2026-07-05T16:11:17.704+0000] {processor.py:840} INFO - DAG(s) 'example_setup_teardown' retrieved from /home/airflow/.local/lib/python3.11/site-packages/airflow/example_dags/example_setup_teardown.py
[2026-07-05T16:11:17.735+0000] {logging_mixin.py:188} INFO - [2026-07-05T16:11:17.735+0000] {dag.py:3096} INFO - Sync 1 DAGs
[2026-07-05T16:11:17.771+0000] {logging_mixin.py:188} INFO - [2026-07-05T16:11:17.770+0000] {dag.py:3954} INFO - Setting next_dagrun for example_setup_teardown to 2026-07-04 00:00:00+00:00, run_after=2026-07-05 00:00:00+00:00
[2026-07-05T16:11:17.803+0000] {processor.py:183} INFO - Processing /home/airflow/.local/lib/python3.11/site-packages/airflow/example_dags/example_setup_teardown.py took 0.117 seconds
[2026-07-05T16:11:48.468+0000] {processor.py:161} INFO - Started process (PID=269) to work on /home/airflow/.local/lib/python3.11/site-packages/airflow/example_dags/example_setup_teardown.py
[2026-07-05T16:11:48.469+0000] {processor.py:830} INFO - Processing file /home/airflow/.local/lib/python3.11/site-packages/airflow/example_dags/example_setup_teardown.py for tasks to queue
[2026-07-05T16:11:48.471+0000] {logging_mixin.py:188} INFO - [2026-07-05T16:11:48.471+0000] {dagbag.py:545} INFO - Filling up the DagBag from /home/airflow/.local/lib/python3.11/site-packages/airflow/example_dags/example_setup_teardown.py
[2026-07-05T16:11:48.478+0000] {processor.py:840} INFO - DAG(s) 'example_setup_teardown' retrieved from /home/airflow/.local/lib/python3.11/site-packages/airflow/example_dags/example_setup_teardown.py
[2026-07-05T16:11:48.493+0000] {logging_mixin.py:188} INFO - [2026-07-05T16:11:48.493+0000] {dag.py:3096} INFO - Sync 1 DAGs
[2026-07-05T16:11:48.517+0000] {logging_mixin.py:188} INFO - [2026-07-05T16:11:48.516+0000] {dag.py:3954} INFO - Setting next_dagrun for example_setup_teardown to 2026-07-04 00:00:00+00:00, run_after=2026-07-05 00:00:00+00:00
[2026-07-05T16:11:48.541+0000] {processor.py:183} INFO - Processing /home/airflow/.local/lib/python3.11/site-packages/airflow/example_dags/example_setup_teardown.py took 0.079 seconds
[2026-07-05T16:12:19.229+0000] {processor.py:161} INFO - Started process (PID=327) to work on /home/airflow/.local/lib/python3.11/site-packages/airflow/example_dags/example_setup_teardown.py
[2026-07-05T16:12:19.232+0000] {processor.py:830} INFO - Processing file /home/airflow/.local/lib/python3.11/site-packages/airflow/example_dags/example_setup_teardown.py for tasks to queue
[2026-07-05T16:12:19.238+0000] {logging_mixin.py:188} INFO - [2026-07-05T16:12:19.237+0000] {dagbag.py:545} INFO - Filling up the DagBag from /home/airflow/.local/lib/python3.11/site-packages/airflow/example_dags/example_setup_teardown.py
[2026-07-05T16:12:19.257+0000] {processor.py:840} INFO - DAG(s) 'example_setup_teardown' retrieved from /home/airflow/.local/lib/python3.11/site-packages/airflow/example_dags/example_setup_teardown.py
[2026-07-05T16:12:19.599+0000] {logging_mixin.py:188} INFO - [2026-07-05T16:12:19.598+0000] {dag.py:3096} INFO - Sync 1 DAGs
[2026-07-05T16:12:19.634+0000] {logging_mixin.py:188} INFO - [2026-07-05T16:12:19.634+0000] {dag.py:3954} INFO - Setting next_dagrun for example_setup_teardown to 2026-07-04 00:00:00+00:00, run_after=2026-07-05 00:00:00+00:00
[2026-07-05T16:12:19.666+0000] {processor.py:183} INFO - Processing /home/airflow/.local/lib/python3.11/site-packages/airflow/example_dags/example_setup_teardown.py took 0.449 seconds
[2026-07-05T16:12:50.296+0000] {processor.py:161} INFO - Started process (PID=386) to work on /home/airflow/.local/lib/python3.11/site-packages/airflow/example_dags/example_setup_teardown.py
[2026-07-05T16:12:50.297+0000] {processor.py:830} INFO - Processing file /home/airflow/.local/lib/python3.11/site-packages/airflow/example_dags/example_setup_teardown.py for tasks to queue
[2026-07-05T16:12:50.299+0000] {logging_mixin.py:188} INFO - [2026-07-05T16:12:50.298+0000] {dagbag.py:545} INFO - Filling up the DagBag from /home/airflow/.local/lib/python3.11/site-packages/airflow/example_dags/example_setup_teardown.py
[2026-07-05T16:12:50.305+0000] {processor.py:840} INFO - DAG(s) 'example_setup_teardown' retrieved from /home/airflow/.local/lib/python3.11/site-packages/airflow/example_dags/example_setup_teardown.py
[2026-07-05T16:12:50.327+0000] {logging_mixin.py:188} INFO - [2026-07-05T16:12:50.327+0000] {dag.py:3096} INFO - Sync 1 DAGs
[2026-07-05T16:12:50.350+0000] {logging_mixin.py:188} INFO - [2026-07-05T16:12:50.349+0000] {dag.py:3954} INFO - Setting next_dagrun for example_setup_teardown to 2026-07-04 00:00:00+00:00, run_after=2026-07-05 00:00:00+00:00
[2026-07-05T16:12:50.370+0000] {processor.py:183} INFO - Processing /home/airflow/.local/lib/python3.11/site-packages/airflow/example_dags/example_setup_teardown.py took 0.080 seconds
[2026-07-05T16:13:20.908+0000] {processor.py:161} INFO - Started process (PID=444) to work on /home/airflow/.local/lib/python3.11/site-packages/airflow/example_dags/example_setup_teardown.py
[2026-07-05T16:13:20.910+0000] {processor.py:830} INFO - Processing file /home/airflow/.local/lib/python3.11/site-packages/airflow/example_dags/example_setup_teardown.py for tasks to queue
[2026-07-05T16:13:20.912+0000] {logging_mixin.py:188} INFO - [2026-07-05T16:13:20.912+0000] {dagbag.py:545} INFO - Filling up the DagBag from /home/airflow/.local/lib/python3.11/site-packages/airflow/example_dags/example_setup_teardown.py
[2026-07-05T16:13:20.923+0000] {processor.py:840} INFO - DAG(s) 'example_setup_teardown' retrieved from /home/airflow/.local/lib/python3.11/site-packages/airflow/example_dags/example_setup_teardown.py
[2026-07-05T16:13:20.950+0000] {logging_mixin.py:188} INFO - [2026-07-05T16:13:20.950+0000] {dag.py:3096} INFO - Sync 1 DAGs
[2026-07-05T16:13:20.976+0000] {logging_mixin.py:188} INFO - [2026-07-05T16:13:20.976+0000] {dag.py:3954} INFO - Setting next_dagrun for example_setup_teardown to 2026-07-04 00:00:00+00:00, run_after=2026-07-05 00:00:00+00:00
[2026-07-05T16:13:20.995+0000] {processor.py:183} INFO - Processing /home/airflow/.local/lib/python3.11/site-packages/airflow/example_dags/example_setup_teardown.py took 0.094 seconds
[2026-07-05T16:13:51.407+0000] {processor.py:161} INFO - Started process (PID=502) to work on /home/airflow/.local/lib/python3.11/site-packages/airflow/example_dags/example_setup_teardown.py
[2026-07-05T16:13:51.408+0000] {processor.py:830} INFO - Processing file /home/airflow/.local/lib/python3.11/site-packages/airflow/example_dags/example_setup_teardown.py for tasks to queue
[2026-07-05T16:13:51.411+0000] {logging_mixin.py:188} INFO - [2026-07-05T16:13:51.411+0000] {dagbag.py:545} INFO - Filling up the DagBag from /home/airflow/.local/lib/python3.11/site-packages/airflow/example_dags/example_setup_teardown.py
[2026-07-05T16:13:51.423+0000] {processor.py:840} INFO - DAG(s) 'example_setup_teardown' retrieved from /home/airflow/.local/lib/python3.11/site-packages/airflow/example_dags/example_setup_teardown.py
[2026-07-05T16:13:51.452+0000] {logging_mixin.py:188} INFO - [2026-07-05T16:13:51.451+0000] {dag.py:3096} INFO - Sync 1 DAGs
[2026-07-05T16:13:51.478+0000] {logging_mixin.py:188} INFO - [2026-07-05T16:13:51.477+0000] {dag.py:3954} INFO - Setting next_dagrun for example_setup_teardown to 2026-07-04 00:00:00+00:00, run_after=2026-07-05 00:00:00+00:00
[2026-07-05T16:13:51.498+0000] {processor.py:183} INFO - Processing /home/airflow/.local/lib/python3.11/site-packages/airflow/example_dags/example_setup_teardown.py took 0.102 seconds
[2026-07-05T16:14:21.525+0000] {processor.py:161} INFO - Started process (PID=559) to work on /home/airflow/.local/lib/python3.11/site-packages/airflow/example_dags/example_setup_teardown.py
[2026-07-05T16:14:21.526+0000] {processor.py:830} INFO - Processing file /home/airflow/.local/lib/python3.11/site-packages/airflow/example_dags/example_setup_teardown.py for tasks to queue
[2026-07-05T16:14:21.528+0000] {logging_mixin.py:188} INFO - [2026-07-05T16:14:21.527+0000] {dagbag.py:545} INFO - Filling up the DagBag from /home/airflow/.local/lib/python3.11/site-packages/airflow/example_dags/example_setup_teardown.py
[2026-07-05T16:14:21.536+0000] {processor.py:840} INFO - DAG(s) 'example_setup_teardown' retrieved from /home/airflow/.local/lib/python3.11/site-packages/airflow/example_dags/example_setup_teardown.py
[2026-07-05T16:14:21.556+0000] {logging_mixin.py:188} INFO - [2026-07-05T16:14:21.556+0000] {dag.py:3096} INFO - Sync 1 DAGs
[2026-07-05T16:14:21.577+0000] {logging_mixin.py:188} INFO - [2026-07-05T16:14:21.577+0000] {dag.py:3954} INFO - Setting next_dagrun for example_setup_teardown to 2026-07-04 00:00:00+00:00, run_after=2026-07-05 00:00:00+00:00
[2026-07-05T16:14:21.596+0000] {processor.py:183} INFO - Processing /home/airflow/.local/lib/python3.11/site-packages/airflow/example_dags/example_setup_teardown.py took 0.077 seconds
[2026-07-05T16:14:51.997+0000] {processor.py:161} INFO - Started process (PID=618) to work on /home/airflow/.local/lib/python3.11/site-packages/airflow/example_dags/example_setup_teardown.py
[2026-07-05T16:14:51.998+0000] {processor.py:830} INFO - Processing file /home/airflow/.local/lib/python3.11/site-packages/airflow/example_dags/example_setup_teardown.py for tasks to queue
[2026-07-05T16:14:52.000+0000] {logging_mixin.py:188} INFO - [2026-07-05T16:14:52.000+0000] {dagbag.py:545} INFO - Filling up the DagBag from /home/airflow/.local/lib/python3.11/site-packages/airflow/example_dags/example_setup_teardown.py
[2026-07-05T16:14:52.007+0000] {processor.py:840} INFO - DAG(s) 'example_setup_teardown' retrieved from /home/airflow/.local/lib/python3.11/site-packages/airflow/example_dags/example_setup_teardown.py
[2026-07-05T16:14:52.029+0000] {logging_mixin.py:188} INFO - [2026-07-05T16:14:52.029+0000] {dag.py:3096} INFO - Sync 1 DAGs
[2026-07-05T16:14:52.050+0000] {logging_mixin.py:188} INFO - [2026-07-05T16:14:52.049+0000] {dag.py:3954} INFO - Setting next_dagrun for example_setup_teardown to 2026-07-04 00:00:00+00:00, run_after=2026-07-05 00:00:00+00:00
[2026-07-05T16:14:52.068+0000] {processor.py:183} INFO - Processing /home/airflow/.local/lib/python3.11/site-packages/airflow/example_dags/example_setup_teardown.py took 0.077 seconds
[2026-07-05T16:15:22.973+0000] {processor.py:161} INFO - Started process (PID=676) to work on /home/airflow/.local/lib/python3.11/site-packages/airflow/example_dags/example_setup_teardown.py
[2026-07-05T16:15:22.974+0000] {processor.py:830} INFO - Processing file /home/airflow/.local/lib/python3.11/site-packages/airflow/example_dags/example_setup_teardown.py for tasks to queue
[2026-07-05T16:15:22.976+0000] {logging_mixin.py:188} INFO - [2026-07-05T16:15:22.975+0000] {dagbag.py:545} INFO - Filling up the DagBag from /home/airflow/.local/lib/python3.11/site-packages/airflow/example_dags/example_setup_teardown.py
[2026-07-05T16:15:22.982+0000] {processor.py:840} INFO - DAG(s) 'example_setup_teardown' retrieved from /home/airflow/.local/lib/python3.11/site-packages/airflow/example_dags/example_setup_teardown.py
[2026-07-05T16:15:23.001+0000] {logging_mixin.py:188} INFO - [2026-07-05T16:15:23.000+0000] {dag.py:3096} INFO - Sync 1 DAGs
[2026-07-05T16:15:23.019+0000] {logging_mixin.py:188} INFO - [2026-07-05T16:15:23.018+0000] {dag.py:3954} INFO - Setting next_dagrun for example_setup_teardown to 2026-07-04 00:00:00+00:00, run_after=2026-07-05 00:00:00+00:00
[2026-07-05T16:15:23.039+0000] {processor.py:183} INFO - Processing /home/airflow/.local/lib/python3.11/site-packages/airflow/example_dags/example_setup_teardown.py took 0.071 seconds
[2026-07-05T16:15:53.231+0000] {processor.py:161} INFO - Started process (PID=734) to work on /home/airflow/.local/lib/python3.11/site-packages/airflow/example_dags/example_setup_teardown.py
[2026-07-05T16:15:53.232+0000] {processor.py:830} INFO - Processing file /home/airflow/.local/lib/python3.11/site-packages/airflow/example_dags/example_setup_teardown.py for tasks to queue
[2026-07-05T16:15:53.234+0000] {logging_mixin.py:188} INFO - [2026-07-05T16:15:53.234+0000] {dagbag.py:545} INFO - Filling up the DagBag from /home/airflow/.local/lib/python3.11/site-packages/airflow/example_dags/example_setup_teardown.py
[2026-07-05T16:15:53.240+0000] {processor.py:840} INFO - DAG(s) 'example_setup_teardown' retrieved from /home/airflow/.local/lib/python3.11/site-packages/airflow/example_dags/example_setup_teardown.py
[2026-07-05T16:15:53.261+0000] {logging_mixin.py:188} INFO - [2026-07-05T16:15:53.260+0000] {dag.py:3096} INFO - Sync 1 DAGs
[2026-07-05T16:15:53.277+0000] {logging_mixin.py:188} INFO - [2026-07-05T16:15:53.277+0000] {dag.py:3954} INFO - Setting next_dagrun for example_setup_teardown to 2026-07-04 00:00:00+00:00, run_after=2026-07-05 00:00:00+00:00
[2026-07-05T16:15:53.295+0000] {processor.py:183} INFO - Processing /home/airflow/.local/lib/python3.11/site-packages/airflow/example_dags/example_setup_teardown.py took 0.070 seconds
[2026-07-05T16:16:23.420+0000] {processor.py:161} INFO - Started process (PID=792) to work on /home/airflow/.local/lib/python3.11/site-packages/airflow/example_dags/example_setup_teardown.py
[2026-07-05T16:16:23.422+0000] {processor.py:830} INFO - Processing file /home/airflow/.local/lib/python3.11/site-packages/airflow/example_dags/example_setup_teardown.py for tasks to queue
[2026-07-05T16:16:23.424+0000] {logging_mixin.py:188} INFO - [2026-07-05T16:16:23.424+0000] {dagbag.py:545} INFO - Filling up the DagBag from /home/airflow/.local/lib/python3.11/site-packages/airflow/example_dags/example_setup_teardown.py
[2026-07-05T16:16:23.431+0000] {processor.py:840} INFO - DAG(s) 'example_setup_teardown' retrieved from /home/airflow/.local/lib/python3.11/site-packages/airflow/example_dags/example_setup_teardown.py
[2026-07-05T16:16:23.450+0000] {logging_mixin.py:188} INFO - [2026-07-05T16:16:23.450+0000] {dag.py:3096} INFO - Sync 1 DAGs
[2026-07-05T16:16:23.474+0000] {logging_mixin.py:188} INFO - [2026-07-05T16:16:23.473+0000] {dag.py:3954} INFO - Setting next_dagrun for example_setup_teardown to 2026-07-04 00:00:00+00:00, run_after=2026-07-05 00:00:00+00:00
[2026-07-05T16:16:23.499+0000] {processor.py:183} INFO - Processing /home/airflow/.local/lib/python3.11/site-packages/airflow/example_dags/example_setup_teardown.py took 0.086 seconds
[2026-07-05T16:16:53.563+0000] {processor.py:161} INFO - Started process (PID=850) to work on /home/airflow/.local/lib/python3.11/site-packages/airflow/example_dags/example_setup_teardown.py
[2026-07-05T16:16:53.564+0000] {processor.py:830} INFO - Processing file /home/airflow/.local/lib/python3.11/site-packages/airflow/example_dags/example_setup_teardown.py for tasks to queue
[2026-07-05T16:16:53.566+0000] {logging_mixin.py:188} INFO - [2026-07-05T16:16:53.566+0000] {dagbag.py:545} INFO - Filling up the DagBag from /home/airflow/.local/lib/python3.11/site-packages/airflow/example_dags/example_setup_teardown.py
[2026-07-05T16:16:53.573+0000] {processor.py:840} INFO - DAG(s) 'example_setup_teardown' retrieved from /home/airflow/.local/lib/python3.11/site-packages/airflow/example_dags/example_setup_teardown.py
[2026-07-05T16:16:53.593+0000] {logging_mixin.py:188} INFO - [2026-07-05T16:16:53.593+0000] {dag.py:3096} INFO - Sync 1 DAGs
[2026-07-05T16:16:53.612+0000] {logging_mixin.py:188} INFO - [2026-07-05T16:16:53.612+0000] {dag.py:3954} INFO - Setting next_dagrun for example_setup_teardown to 2026-07-04 00:00:00+00:00, run_after=2026-07-05 00:00:00+00:00
[2026-07-05T16:16:53.643+0000] {processor.py:183} INFO - Processing /home/airflow/.local/lib/python3.11/site-packages/airflow/example_dags/example_setup_teardown.py took 0.087 seconds
[2026-07-05T16:17:23.909+0000] {processor.py:161} INFO - Started process (PID=908) to work on /home/airflow/.local/lib/python3.11/site-packages/airflow/example_dags/example_setup_teardown.py
[2026-07-05T16:17:23.910+0000] {processor.py:830} INFO - Processing file /home/airflow/.local/lib/python3.11/site-packages/airflow/example_dags/example_setup_teardown.py for tasks to queue
[2026-07-05T16:17:23.912+0000] {logging_mixin.py:188} INFO - [2026-07-05T16:17:23.912+0000] {dagbag.py:545} INFO - Filling up the DagBag from /home/airflow/.local/lib/python3.11/site-packages/airflow/example_dags/example_setup_teardown.py
[2026-07-05T16:17:23.918+0000] {processor.py:840} INFO - DAG(s) 'example_setup_teardown' retrieved from /home/airflow/.local/lib/python3.11/site-packages/airflow/example_dags/example_setup_teardown.py
[2026-07-05T16:17:23.939+0000] {logging_mixin.py:188} INFO - [2026-07-05T16:17:23.938+0000] {dag.py:3096} INFO - Sync 1 DAGs
[2026-07-05T16:17:23.956+0000] {logging_mixin.py:188} INFO - [2026-07-05T16:17:23.956+0000] {dag.py:3954} INFO - Setting next_dagrun for example_setup_teardown to 2026-07-04 00:00:00+00:00, run_after=2026-07-05 00:00:00+00:00
[2026-07-05T16:17:23.973+0000] {processor.py:183} INFO - Processing /home/airflow/.local/lib/python3.11/site-packages/airflow/example_dags/example_setup_teardown.py took 0.070 seconds
[2026-07-05T16:17:54.256+0000] {processor.py:161} INFO - Started process (PID=966) to work on /home/airflow/.local/lib/python3.11/site-packages/airflow/example_dags/example_setup_teardown.py
[2026-07-05T16:17:54.257+0000] {processor.py:830} INFO - Processing file /home/airflow/.local/lib/python3.11/site-packages/airflow/example_dags/example_setup_teardown.py for tasks to queue
[2026-07-05T16:17:54.259+0000] {logging_mixin.py:188} INFO - [2026-07-05T16:17:54.259+0000] {dagbag.py:545} INFO - Filling up the DagBag from /home/airflow/.local/lib/python3.11/site-packages/airflow/example_dags/example_setup_teardown.py
[2026-07-05T16:17:54.265+0000] {processor.py:840} INFO - DAG(s) 'example_setup_teardown' retrieved from /home/airflow/.local/lib/python3.11/site-packages/airflow/example_dags/example_setup_teardown.py
[2026-07-05T16:17:54.288+0000] {logging_mixin.py:188} INFO - [2026-07-05T16:17:54.288+0000] {dag.py:3096} INFO - Sync 1 DAGs
[2026-07-05T16:17:54.306+0000] {logging_mixin.py:188} INFO - [2026-07-05T16:17:54.306+0000] {dag.py:3954} INFO - Setting next_dagrun for example_setup_teardown to 2026-07-04 00:00:00+00:00, run_after=2026-07-05 00:00:00+00:00
[2026-07-05T16:17:54.327+0000] {processor.py:183} INFO - Processing /home/airflow/.local/lib/python3.11/site-packages/airflow/example_dags/example_setup_teardown.py took 0.077 seconds
[2026-07-05T16:18:24.406+0000] {processor.py:161} INFO - Started process (PID=1024) to work on /home/airflow/.local/lib/python3.11/site-packages/airflow/example_dags/example_setup_teardown.py
[2026-07-05T16:18:24.407+0000] {processor.py:830} INFO - Processing file /home/airflow/.local/lib/python3.11/site-packages/airflow/example_dags/example_setup_teardown.py for tasks to queue
[2026-07-05T16:18:24.409+0000] {logging_mixin.py:188} INFO - [2026-07-05T16:18:24.409+0000] {dagbag.py:545} INFO - Filling up the DagBag from /home/airflow/.local/lib/python3.11/site-packages/airflow/example_dags/example_setup_teardown.py
[2026-07-05T16:18:24.416+0000] {processor.py:840} INFO - DAG(s) 'example_setup_teardown' retrieved from /home/airflow/.local/lib/python3.11/site-packages/airflow/example_dags/example_setup_teardown.py
[2026-07-05T16:18:24.436+0000] {logging_mixin.py:188} INFO - [2026-07-05T16:18:24.435+0000] {dag.py:3096} INFO - Sync 1 DAGs
[2026-07-05T16:18:24.453+0000] {logging_mixin.py:188} INFO - [2026-07-05T16:18:24.453+0000] {dag.py:3954} INFO - Setting next_dagrun for example_setup_teardown to 2026-07-04 00:00:00+00:00, run_after=2026-07-05 00:00:00+00:00
[2026-07-05T16:18:24.471+0000] {processor.py:183} INFO - Processing /home/airflow/.local/lib/python3.11/site-packages/airflow/example_dags/example_setup_teardown.py took 0.071 seconds
[2026-07-05T16:18:54.555+0000] {processor.py:161} INFO - Started process (PID=1082) to work on /home/airflow/.local/lib/python3.11/site-packages/airflow/example_dags/example_setup_teardown.py
[2026-07-05T16:18:54.556+0000] {processor.py:830} INFO - Processing file /home/airflow/.local/lib/python3.11/site-packages/airflow/example_dags/example_setup_teardown.py for tasks to queue
[2026-07-05T16:18:54.559+0000] {logging_mixin.py:188} INFO - [2026-07-05T16:18:54.558+0000] {dagbag.py:545} INFO - Filling up the DagBag from /home/airflow/.local/lib/python3.11/site-packages/airflow/example_dags/example_setup_teardown.py
[2026-07-05T16:18:54.565+0000] {processor.py:840} INFO - DAG(s) 'example_setup_teardown' retrieved from /home/airflow/.local/lib/python3.11/site-packages/airflow/example_dags/example_setup_teardown.py
[2026-07-05T16:18:54.584+0000] {logging_mixin.py:188} INFO - [2026-07-05T16:18:54.584+0000] {dag.py:3096} INFO - Sync 1 DAGs
[2026-07-05T16:18:54.602+0000] {logging_mixin.py:188} INFO - [2026-07-05T16:18:54.601+0000] {dag.py:3954} INFO - Setting next_dagrun for example_setup_teardown to 2026-07-04 00:00:00+00:00, run_after=2026-07-05 00:00:00+00:00
[2026-07-05T16:18:54.617+0000] {processor.py:183} INFO - Processing /home/airflow/.local/lib/python3.11/site-packages/airflow/example_dags/example_setup_teardown.py took 0.068 seconds
