[2026-07-05T16:07:39.779+0000] {processor.py:161} INFO - Started process (PID=103) to work on /home/airflow/.local/lib/python3.11/site-packages/airflow/example_dags/example_time_delta_sensor_async.py
[2026-07-05T16:07:39.780+0000] {processor.py:830} INFO - Processing file /home/airflow/.local/lib/python3.11/site-packages/airflow/example_dags/example_time_delta_sensor_async.py for tasks to queue
[2026-07-05T16:07:39.784+0000] {logging_mixin.py:188} INFO - [2026-07-05T16:07:39.783+0000] {dagbag.py:545} INFO - Filling up the DagBag from /home/airflow/.local/lib/python3.11/site-packages/airflow/example_dags/example_time_delta_sensor_async.py
[2026-07-05T16:07:39.794+0000] {processor.py:840} INFO - DAG(s) 'example_time_delta_sensor_async' retrieved from /home/airflow/.local/lib/python3.11/site-packages/airflow/example_dags/example_time_delta_sensor_async.py
[2026-07-05T16:07:39.935+0000] {logging_mixin.py:188} INFO - [2026-07-05T16:07:39.934+0000] {override.py:1829} INFO - Created Permission View: can delete on DAG:example_time_delta_sensor_async
[2026-07-05T16:07:39.947+0000] {logging_mixin.py:188} INFO - [2026-07-05T16:07:39.946+0000] {override.py:1829} INFO - Created Permission View: can read on DAG:example_time_delta_sensor_async
[2026-07-05T16:07:39.955+0000] {logging_mixin.py:188} INFO - [2026-07-05T16:07:39.955+0000] {override.py:1829} INFO - Created Permission View: can edit on DAG:example_time_delta_sensor_async
[2026-07-05T16:07:39.956+0000] {logging_mixin.py:188} INFO - [2026-07-05T16:07:39.956+0000] {dag.py:3096} INFO - Sync 1 DAGs
[2026-07-05T16:07:39.969+0000] {logging_mixin.py:188} INFO - [2026-07-05T16:07:39.968+0000] {dag.py:3118} INFO - Creating ORM DAG for example_time_delta_sensor_async
[2026-07-05T16:07:39.970+0000] {logging_mixin.py:188} INFO - [2026-07-05T16:07:39.970+0000] {dag.py:3954} INFO - Setting next_dagrun for example_time_delta_sensor_async to None, run_after=None
[2026-07-05T16:07:39.991+0000] {processor.py:183} INFO - Processing /home/airflow/.local/lib/python3.11/site-packages/airflow/example_dags/example_time_delta_sensor_async.py took 0.222 seconds
[2026-07-05T16:08:10.047+0000] {processor.py:161} INFO - Started process (PID=161) to work on /home/airflow/.local/lib/python3.11/site-packages/airflow/example_dags/example_time_delta_sensor_async.py
[2026-07-05T16:08:10.048+0000] {processor.py:830} INFO - Processing file /home/airflow/.local/lib/python3.11/site-packages/airflow/example_dags/example_time_delta_sensor_async.py for tasks to queue
[2026-07-05T16:08:10.050+0000] {logging_mixin.py:188} INFO - [2026-07-05T16:08:10.050+0000] {dagbag.py:545} INFO - Filling up the DagBag from /home/airflow/.local/lib/python3.11/site-packages/airflow/example_dags/example_time_delta_sensor_async.py
[2026-07-05T16:08:10.055+0000] {processor.py:840} INFO - DAG(s) 'example_time_delta_sensor_async' retrieved from /home/airflow/.local/lib/python3.11/site-packages/airflow/example_dags/example_time_delta_sensor_async.py
[2026-07-05T16:08:10.074+0000] {logging_mixin.py:188} INFO - [2026-07-05T16:08:10.074+0000] {dag.py:3096} INFO - Sync 1 DAGs
[2026-07-05T16:08:10.085+0000] {logging_mixin.py:188} INFO - [2026-07-05T16:08:10.084+0000] {dag.py:3954} INFO - Setting next_dagrun for example_time_delta_sensor_async to None, run_after=None
[2026-07-05T16:08:10.104+0000] {processor.py:183} INFO - Processing /home/airflow/.local/lib/python3.11/site-packages/airflow/example_dags/example_time_delta_sensor_async.py took 0.064 seconds
[2026-07-05T16:08:40.747+0000] {processor.py:161} INFO - Started process (PID=219) to work on /home/airflow/.local/lib/python3.11/site-packages/airflow/example_dags/example_time_delta_sensor_async.py
[2026-07-05T16:08:40.748+0000] {processor.py:830} INFO - Processing file /home/airflow/.local/lib/python3.11/site-packages/airflow/example_dags/example_time_delta_sensor_async.py for tasks to queue
[2026-07-05T16:08:40.750+0000] {logging_mixin.py:188} INFO - [2026-07-05T16:08:40.750+0000] {dagbag.py:545} INFO - Filling up the DagBag from /home/airflow/.local/lib/python3.11/site-packages/airflow/example_dags/example_time_delta_sensor_async.py
[2026-07-05T16:08:40.757+0000] {processor.py:840} INFO - DAG(s) 'example_time_delta_sensor_async' retrieved from /home/airflow/.local/lib/python3.11/site-packages/airflow/example_dags/example_time_delta_sensor_async.py
[2026-07-05T16:08:40.784+0000] {logging_mixin.py:188} INFO - [2026-07-05T16:08:40.784+0000] {dag.py:3096} INFO - Sync 1 DAGs
[2026-07-05T16:08:40.795+0000] {logging_mixin.py:188} INFO - [2026-07-05T16:08:40.795+0000] {dag.py:3954} INFO - Setting next_dagrun for example_time_delta_sensor_async to None, run_after=None
[2026-07-05T16:08:40.814+0000] {processor.py:183} INFO - Processing /home/airflow/.local/lib/python3.11/site-packages/airflow/example_dags/example_time_delta_sensor_async.py took 0.075 seconds
[2026-07-05T16:09:10.914+0000] {processor.py:161} INFO - Started process (PID=277) to work on /home/airflow/.local/lib/python3.11/site-packages/airflow/example_dags/example_time_delta_sensor_async.py
[2026-07-05T16:09:10.917+0000] {processor.py:830} INFO - Processing file /home/airflow/.local/lib/python3.11/site-packages/airflow/example_dags/example_time_delta_sensor_async.py for tasks to queue
[2026-07-05T16:09:10.922+0000] {logging_mixin.py:188} INFO - [2026-07-05T16:09:10.921+0000] {dagbag.py:545} INFO - Filling up the DagBag from /home/airflow/.local/lib/python3.11/site-packages/airflow/example_dags/example_time_delta_sensor_async.py
[2026-07-05T16:09:10.932+0000] {processor.py:840} INFO - DAG(s) 'example_time_delta_sensor_async' retrieved from /home/airflow/.local/lib/python3.11/site-packages/airflow/example_dags/example_time_delta_sensor_async.py
[2026-07-05T16:09:10.964+0000] {logging_mixin.py:188} INFO - [2026-07-05T16:09:10.963+0000] {dag.py:3096} INFO - Sync 1 DAGs
[2026-07-05T16:09:10.996+0000] {logging_mixin.py:188} INFO - [2026-07-05T16:09:10.995+0000] {dag.py:3954} INFO - Setting next_dagrun for example_time_delta_sensor_async to None, run_after=None
[2026-07-05T16:09:11.040+0000] {processor.py:183} INFO - Processing /home/airflow/.local/lib/python3.11/site-packages/airflow/example_dags/example_time_delta_sensor_async.py took 0.140 seconds
[2026-07-05T16:09:41.814+0000] {processor.py:161} INFO - Started process (PID=335) to work on /home/airflow/.local/lib/python3.11/site-packages/airflow/example_dags/example_time_delta_sensor_async.py
[2026-07-05T16:09:41.815+0000] {processor.py:830} INFO - Processing file /home/airflow/.local/lib/python3.11/site-packages/airflow/example_dags/example_time_delta_sensor_async.py for tasks to queue
[2026-07-05T16:09:41.817+0000] {logging_mixin.py:188} INFO - [2026-07-05T16:09:41.816+0000] {dagbag.py:545} INFO - Filling up the DagBag from /home/airflow/.local/lib/python3.11/site-packages/airflow/example_dags/example_time_delta_sensor_async.py
[2026-07-05T16:09:41.821+0000] {processor.py:840} INFO - DAG(s) 'example_time_delta_sensor_async' retrieved from /home/airflow/.local/lib/python3.11/site-packages/airflow/example_dags/example_time_delta_sensor_async.py
[2026-07-05T16:09:41.934+0000] {logging_mixin.py:188} INFO - [2026-07-05T16:09:41.933+0000] {dag.py:3096} INFO - Sync 1 DAGs
[2026-07-05T16:09:41.942+0000] {logging_mixin.py:188} INFO - [2026-07-05T16:09:41.942+0000] {dag.py:3954} INFO - Setting next_dagrun for example_time_delta_sensor_async to None, run_after=None
[2026-07-05T16:09:41.959+0000] {processor.py:183} INFO - Processing /home/airflow/.local/lib/python3.11/site-packages/airflow/example_dags/example_time_delta_sensor_async.py took 0.125 seconds
[2026-07-05T16:10:16.379+0000] {processor.py:161} INFO - Started process (PID=98) to work on /home/airflow/.local/lib/python3.11/site-packages/airflow/example_dags/example_time_delta_sensor_async.py
[2026-07-05T16:10:16.380+0000] {processor.py:830} INFO - Processing file /home/airflow/.local/lib/python3.11/site-packages/airflow/example_dags/example_time_delta_sensor_async.py for tasks to queue
[2026-07-05T16:10:16.383+0000] {logging_mixin.py:188} INFO - [2026-07-05T16:10:16.383+0000] {dagbag.py:545} INFO - Filling up the DagBag from /home/airflow/.local/lib/python3.11/site-packages/airflow/example_dags/example_time_delta_sensor_async.py
[2026-07-05T16:10:16.389+0000] {processor.py:840} INFO - DAG(s) 'example_time_delta_sensor_async' retrieved from /home/airflow/.local/lib/python3.11/site-packages/airflow/example_dags/example_time_delta_sensor_async.py
[2026-07-05T16:10:16.407+0000] {logging_mixin.py:188} INFO - [2026-07-05T16:10:16.407+0000] {dag.py:3096} INFO - Sync 1 DAGs
[2026-07-05T16:10:16.428+0000] {logging_mixin.py:188} INFO - [2026-07-05T16:10:16.428+0000] {dag.py:3954} INFO - Setting next_dagrun for example_time_delta_sensor_async to None, run_after=None
[2026-07-05T16:10:16.460+0000] {processor.py:183} INFO - Processing /home/airflow/.local/lib/python3.11/site-packages/airflow/example_dags/example_time_delta_sensor_async.py took 0.090 seconds
[2026-07-05T16:10:47.178+0000] {processor.py:161} INFO - Started process (PID=157) to work on /home/airflow/.local/lib/python3.11/site-packages/airflow/example_dags/example_time_delta_sensor_async.py
[2026-07-05T16:10:47.179+0000] {processor.py:830} INFO - Processing file /home/airflow/.local/lib/python3.11/site-packages/airflow/example_dags/example_time_delta_sensor_async.py for tasks to queue
[2026-07-05T16:10:47.183+0000] {logging_mixin.py:188} INFO - [2026-07-05T16:10:47.183+0000] {dagbag.py:545} INFO - Filling up the DagBag from /home/airflow/.local/lib/python3.11/site-packages/airflow/example_dags/example_time_delta_sensor_async.py
[2026-07-05T16:10:47.190+0000] {processor.py:840} INFO - DAG(s) 'example_time_delta_sensor_async' retrieved from /home/airflow/.local/lib/python3.11/site-packages/airflow/example_dags/example_time_delta_sensor_async.py
[2026-07-05T16:10:47.357+0000] {logging_mixin.py:188} INFO - [2026-07-05T16:10:47.357+0000] {dag.py:3096} INFO - Sync 1 DAGs
[2026-07-05T16:10:47.375+0000] {logging_mixin.py:188} INFO - [2026-07-05T16:10:47.375+0000] {dag.py:3954} INFO - Setting next_dagrun for example_time_delta_sensor_async to None, run_after=None
[2026-07-05T16:10:47.407+0000] {processor.py:183} INFO - Processing /home/airflow/.local/lib/python3.11/site-packages/airflow/example_dags/example_time_delta_sensor_async.py took 0.239 seconds
[2026-07-05T16:11:18.008+0000] {processor.py:161} INFO - Started process (PID=215) to work on /home/airflow/.local/lib/python3.11/site-packages/airflow/example_dags/example_time_delta_sensor_async.py
[2026-07-05T16:11:18.009+0000] {processor.py:830} INFO - Processing file /home/airflow/.local/lib/python3.11/site-packages/airflow/example_dags/example_time_delta_sensor_async.py for tasks to queue
[2026-07-05T16:11:18.012+0000] {logging_mixin.py:188} INFO - [2026-07-05T16:11:18.011+0000] {dagbag.py:545} INFO - Filling up the DagBag from /home/airflow/.local/lib/python3.11/site-packages/airflow/example_dags/example_time_delta_sensor_async.py
[2026-07-05T16:11:18.018+0000] {processor.py:840} INFO - DAG(s) 'example_time_delta_sensor_async' retrieved from /home/airflow/.local/lib/python3.11/site-packages/airflow/example_dags/example_time_delta_sensor_async.py
[2026-07-05T16:11:18.048+0000] {logging_mixin.py:188} INFO - [2026-07-05T16:11:18.047+0000] {dag.py:3096} INFO - Sync 1 DAGs
[2026-07-05T16:11:18.063+0000] {logging_mixin.py:188} INFO - [2026-07-05T16:11:18.063+0000] {dag.py:3954} INFO - Setting next_dagrun for example_time_delta_sensor_async to None, run_after=None
[2026-07-05T16:11:18.095+0000] {processor.py:183} INFO - Processing /home/airflow/.local/lib/python3.11/site-packages/airflow/example_dags/example_time_delta_sensor_async.py took 0.094 seconds
[2026-07-05T16:11:48.715+0000] {processor.py:161} INFO - Started process (PID=273) to work on /home/airflow/.local/lib/python3.11/site-packages/airflow/example_dags/example_time_delta_sensor_async.py
[2026-07-05T16:11:48.717+0000] {processor.py:830} INFO - Processing file /home/airflow/.local/lib/python3.11/site-packages/airflow/example_dags/example_time_delta_sensor_async.py for tasks to queue
[2026-07-05T16:11:48.723+0000] {logging_mixin.py:188} INFO - [2026-07-05T16:11:48.722+0000] {dagbag.py:545} INFO - Filling up the DagBag from /home/airflow/.local/lib/python3.11/site-packages/airflow/example_dags/example_time_delta_sensor_async.py
[2026-07-05T16:11:48.730+0000] {processor.py:840} INFO - DAG(s) 'example_time_delta_sensor_async' retrieved from /home/airflow/.local/lib/python3.11/site-packages/airflow/example_dags/example_time_delta_sensor_async.py
[2026-07-05T16:11:48.749+0000] {logging_mixin.py:188} INFO - [2026-07-05T16:11:48.749+0000] {dag.py:3096} INFO - Sync 1 DAGs
[2026-07-05T16:11:48.765+0000] {logging_mixin.py:188} INFO - [2026-07-05T16:11:48.765+0000] {dag.py:3954} INFO - Setting next_dagrun for example_time_delta_sensor_async to None, run_after=None
[2026-07-05T16:11:48.790+0000] {processor.py:183} INFO - Processing /home/airflow/.local/lib/python3.11/site-packages/airflow/example_dags/example_time_delta_sensor_async.py took 0.088 seconds
[2026-07-05T16:12:20.109+0000] {processor.py:161} INFO - Started process (PID=331) to work on /home/airflow/.local/lib/python3.11/site-packages/airflow/example_dags/example_time_delta_sensor_async.py
[2026-07-05T16:12:20.111+0000] {processor.py:830} INFO - Processing file /home/airflow/.local/lib/python3.11/site-packages/airflow/example_dags/example_time_delta_sensor_async.py for tasks to queue
[2026-07-05T16:12:20.114+0000] {logging_mixin.py:188} INFO - [2026-07-05T16:12:20.113+0000] {dagbag.py:545} INFO - Filling up the DagBag from /home/airflow/.local/lib/python3.11/site-packages/airflow/example_dags/example_time_delta_sensor_async.py
[2026-07-05T16:12:20.121+0000] {processor.py:840} INFO - DAG(s) 'example_time_delta_sensor_async' retrieved from /home/airflow/.local/lib/python3.11/site-packages/airflow/example_dags/example_time_delta_sensor_async.py
[2026-07-05T16:12:20.294+0000] {logging_mixin.py:188} INFO - [2026-07-05T16:12:20.293+0000] {dag.py:3096} INFO - Sync 1 DAGs
[2026-07-05T16:12:20.314+0000] {logging_mixin.py:188} INFO - [2026-07-05T16:12:20.314+0000] {dag.py:3954} INFO - Setting next_dagrun for example_time_delta_sensor_async to None, run_after=None
[2026-07-05T16:12:20.349+0000] {processor.py:183} INFO - Processing /home/airflow/.local/lib/python3.11/site-packages/airflow/example_dags/example_time_delta_sensor_async.py took 0.252 seconds
[2026-07-05T16:12:50.617+0000] {processor.py:161} INFO - Started process (PID=390) to work on /home/airflow/.local/lib/python3.11/site-packages/airflow/example_dags/example_time_delta_sensor_async.py
[2026-07-05T16:12:50.618+0000] {processor.py:830} INFO - Processing file /home/airflow/.local/lib/python3.11/site-packages/airflow/example_dags/example_time_delta_sensor_async.py for tasks to queue
[2026-07-05T16:12:50.620+0000] {logging_mixin.py:188} INFO - [2026-07-05T16:12:50.620+0000] {dagbag.py:545} INFO - Filling up the DagBag from /home/airflow/.local/lib/python3.11/site-packages/airflow/example_dags/example_time_delta_sensor_async.py
[2026-07-05T16:12:50.625+0000] {processor.py:840} INFO - DAG(s) 'example_time_delta_sensor_async' retrieved from /home/airflow/.local/lib/python3.11/site-packages/airflow/example_dags/example_time_delta_sensor_async.py
[2026-07-05T16:12:50.649+0000] {logging_mixin.py:188} INFO - [2026-07-05T16:12:50.649+0000] {dag.py:3096} INFO - Sync 1 DAGs
[2026-07-05T16:12:50.660+0000] {logging_mixin.py:188} INFO - [2026-07-05T16:12:50.660+0000] {dag.py:3954} INFO - Setting next_dagrun for example_time_delta_sensor_async to None, run_after=None
[2026-07-05T16:12:50.679+0000] {processor.py:183} INFO - Processing /home/airflow/.local/lib/python3.11/site-packages/airflow/example_dags/example_time_delta_sensor_async.py took 0.069 seconds
[2026-07-05T16:13:21.289+0000] {processor.py:161} INFO - Started process (PID=448) to work on /home/airflow/.local/lib/python3.11/site-packages/airflow/example_dags/example_time_delta_sensor_async.py
[2026-07-05T16:13:21.290+0000] {processor.py:830} INFO - Processing file /home/airflow/.local/lib/python3.11/site-packages/airflow/example_dags/example_time_delta_sensor_async.py for tasks to queue
[2026-07-05T16:13:21.294+0000] {logging_mixin.py:188} INFO - [2026-07-05T16:13:21.293+0000] {dagbag.py:545} INFO - Filling up the DagBag from /home/airflow/.local/lib/python3.11/site-packages/airflow/example_dags/example_time_delta_sensor_async.py
[2026-07-05T16:13:21.302+0000] {processor.py:840} INFO - DAG(s) 'example_time_delta_sensor_async' retrieved from /home/airflow/.local/lib/python3.11/site-packages/airflow/example_dags/example_time_delta_sensor_async.py
[2026-07-05T16:13:21.354+0000] {logging_mixin.py:188} INFO - [2026-07-05T16:13:21.354+0000] {dag.py:3096} INFO - Sync 1 DAGs
[2026-07-05T16:13:21.372+0000] {logging_mixin.py:188} INFO - [2026-07-05T16:13:21.372+0000] {dag.py:3954} INFO - Setting next_dagrun for example_time_delta_sensor_async to None, run_after=None
[2026-07-05T16:13:21.427+0000] {processor.py:183} INFO - Processing /home/airflow/.local/lib/python3.11/site-packages/airflow/example_dags/example_time_delta_sensor_async.py took 0.146 seconds
[2026-07-05T16:13:51.770+0000] {processor.py:161} INFO - Started process (PID=506) to work on /home/airflow/.local/lib/python3.11/site-packages/airflow/example_dags/example_time_delta_sensor_async.py
[2026-07-05T16:13:51.771+0000] {processor.py:830} INFO - Processing file /home/airflow/.local/lib/python3.11/site-packages/airflow/example_dags/example_time_delta_sensor_async.py for tasks to queue
[2026-07-05T16:13:51.774+0000] {logging_mixin.py:188} INFO - [2026-07-05T16:13:51.773+0000] {dagbag.py:545} INFO - Filling up the DagBag from /home/airflow/.local/lib/python3.11/site-packages/airflow/example_dags/example_time_delta_sensor_async.py
[2026-07-05T16:13:51.780+0000] {processor.py:840} INFO - DAG(s) 'example_time_delta_sensor_async' retrieved from /home/airflow/.local/lib/python3.11/site-packages/airflow/example_dags/example_time_delta_sensor_async.py
[2026-07-05T16:13:51.801+0000] {logging_mixin.py:188} INFO - [2026-07-05T16:13:51.800+0000] {dag.py:3096} INFO - Sync 1 DAGs
[2026-07-05T16:13:51.814+0000] {logging_mixin.py:188} INFO - [2026-07-05T16:13:51.814+0000] {dag.py:3954} INFO - Setting next_dagrun for example_time_delta_sensor_async to None, run_after=None
[2026-07-05T16:13:51.836+0000] {processor.py:183} INFO - Processing /home/airflow/.local/lib/python3.11/site-packages/airflow/example_dags/example_time_delta_sensor_async.py took 0.074 seconds
[2026-07-05T16:14:21.963+0000] {processor.py:161} INFO - Started process (PID=564) to work on /home/airflow/.local/lib/python3.11/site-packages/airflow/example_dags/example_time_delta_sensor_async.py
[2026-07-05T16:14:21.964+0000] {processor.py:830} INFO - Processing file /home/airflow/.local/lib/python3.11/site-packages/airflow/example_dags/example_time_delta_sensor_async.py for tasks to queue
[2026-07-05T16:14:21.966+0000] {logging_mixin.py:188} INFO - [2026-07-05T16:14:21.966+0000] {dagbag.py:545} INFO - Filling up the DagBag from /home/airflow/.local/lib/python3.11/site-packages/airflow/example_dags/example_time_delta_sensor_async.py
[2026-07-05T16:14:21.972+0000] {processor.py:840} INFO - DAG(s) 'example_time_delta_sensor_async' retrieved from /home/airflow/.local/lib/python3.11/site-packages/airflow/example_dags/example_time_delta_sensor_async.py
[2026-07-05T16:14:21.991+0000] {logging_mixin.py:188} INFO - [2026-07-05T16:14:21.991+0000] {dag.py:3096} INFO - Sync 1 DAGs
[2026-07-05T16:14:22.002+0000] {logging_mixin.py:188} INFO - [2026-07-05T16:14:22.002+0000] {dag.py:3954} INFO - Setting next_dagrun for example_time_delta_sensor_async to None, run_after=None
[2026-07-05T16:14:22.020+0000] {processor.py:183} INFO - Processing /home/airflow/.local/lib/python3.11/site-packages/airflow/example_dags/example_time_delta_sensor_async.py took 0.063 seconds
[2026-07-05T16:14:52.363+0000] {processor.py:161} INFO - Started process (PID=622) to work on /home/airflow/.local/lib/python3.11/site-packages/airflow/example_dags/example_time_delta_sensor_async.py
[2026-07-05T16:14:52.364+0000] {processor.py:830} INFO - Processing file /home/airflow/.local/lib/python3.11/site-packages/airflow/example_dags/example_time_delta_sensor_async.py for tasks to queue
[2026-07-05T16:14:52.367+0000] {logging_mixin.py:188} INFO - [2026-07-05T16:14:52.367+0000] {dagbag.py:545} INFO - Filling up the DagBag from /home/airflow/.local/lib/python3.11/site-packages/airflow/example_dags/example_time_delta_sensor_async.py
[2026-07-05T16:14:52.376+0000] {processor.py:840} INFO - DAG(s) 'example_time_delta_sensor_async' retrieved from /home/airflow/.local/lib/python3.11/site-packages/airflow/example_dags/example_time_delta_sensor_async.py
[2026-07-05T16:14:52.396+0000] {logging_mixin.py:188} INFO - [2026-07-05T16:14:52.396+0000] {dag.py:3096} INFO - Sync 1 DAGs
[2026-07-05T16:14:52.408+0000] {logging_mixin.py:188} INFO - [2026-07-05T16:14:52.408+0000] {dag.py:3954} INFO - Setting next_dagrun for example_time_delta_sensor_async to None, run_after=None
[2026-07-05T16:14:52.429+0000] {processor.py:183} INFO - Processing /home/airflow/.local/lib/python3.11/site-packages/airflow/example_dags/example_time_delta_sensor_async.py took 0.072 seconds
[2026-07-05T16:15:23.307+0000] {processor.py:161} INFO - Started process (PID=680) to work on /home/airflow/.local/lib/python3.11/site-packages/airflow/example_dags/example_time_delta_sensor_async.py
[2026-07-05T16:15:23.308+0000] {processor.py:830} INFO - Processing file /home/airflow/.local/lib/python3.11/site-packages/airflow/example_dags/example_time_delta_sensor_async.py for tasks to queue
[2026-07-05T16:15:23.310+0000] {logging_mixin.py:188} INFO - [2026-07-05T16:15:23.310+0000] {dagbag.py:545} INFO - Filling up the DagBag from /home/airflow/.local/lib/python3.11/site-packages/airflow/example_dags/example_time_delta_sensor_async.py
[2026-07-05T16:15:23.315+0000] {processor.py:840} INFO - DAG(s) 'example_time_delta_sensor_async' retrieved from /home/airflow/.local/lib/python3.11/site-packages/airflow/example_dags/example_time_delta_sensor_async.py
[2026-07-05T16:15:23.340+0000] {logging_mixin.py:188} INFO - [2026-07-05T16:15:23.340+0000] {dag.py:3096} INFO - Sync 1 DAGs
[2026-07-05T16:15:23.356+0000] {logging_mixin.py:188} INFO - [2026-07-05T16:15:23.355+0000] {dag.py:3954} INFO - Setting next_dagrun for example_time_delta_sensor_async to None, run_after=None
[2026-07-05T16:15:23.388+0000] {processor.py:183} INFO - Processing /home/airflow/.local/lib/python3.11/site-packages/airflow/example_dags/example_time_delta_sensor_async.py took 0.088 seconds
[2026-07-05T16:15:53.439+0000] {processor.py:161} INFO - Started process (PID=738) to work on /home/airflow/.local/lib/python3.11/site-packages/airflow/example_dags/example_time_delta_sensor_async.py
[2026-07-05T16:15:53.440+0000] {processor.py:830} INFO - Processing file /home/airflow/.local/lib/python3.11/site-packages/airflow/example_dags/example_time_delta_sensor_async.py for tasks to queue
[2026-07-05T16:15:53.442+0000] {logging_mixin.py:188} INFO - [2026-07-05T16:15:53.441+0000] {dagbag.py:545} INFO - Filling up the DagBag from /home/airflow/.local/lib/python3.11/site-packages/airflow/example_dags/example_time_delta_sensor_async.py
[2026-07-05T16:15:53.447+0000] {processor.py:840} INFO - DAG(s) 'example_time_delta_sensor_async' retrieved from /home/airflow/.local/lib/python3.11/site-packages/airflow/example_dags/example_time_delta_sensor_async.py
[2026-07-05T16:15:53.476+0000] {logging_mixin.py:188} INFO - [2026-07-05T16:15:53.475+0000] {dag.py:3096} INFO - Sync 1 DAGs
[2026-07-05T16:15:53.492+0000] {logging_mixin.py:188} INFO - [2026-07-05T16:15:53.491+0000] {dag.py:3954} INFO - Setting next_dagrun for example_time_delta_sensor_async to None, run_after=None
[2026-07-05T16:15:53.515+0000] {processor.py:183} INFO - Processing /home/airflow/.local/lib/python3.11/site-packages/airflow/example_dags/example_time_delta_sensor_async.py took 0.082 seconds
[2026-07-05T16:16:23.820+0000] {processor.py:161} INFO - Started process (PID=796) to work on /home/airflow/.local/lib/python3.11/site-packages/airflow/example_dags/example_time_delta_sensor_async.py
[2026-07-05T16:16:23.822+0000] {processor.py:830} INFO - Processing file /home/airflow/.local/lib/python3.11/site-packages/airflow/example_dags/example_time_delta_sensor_async.py for tasks to queue
[2026-07-05T16:16:23.824+0000] {logging_mixin.py:188} INFO - [2026-07-05T16:16:23.824+0000] {dagbag.py:545} INFO - Filling up the DagBag from /home/airflow/.local/lib/python3.11/site-packages/airflow/example_dags/example_time_delta_sensor_async.py
[2026-07-05T16:16:23.831+0000] {processor.py:840} INFO - DAG(s) 'example_time_delta_sensor_async' retrieved from /home/airflow/.local/lib/python3.11/site-packages/airflow/example_dags/example_time_delta_sensor_async.py
[2026-07-05T16:16:23.861+0000] {logging_mixin.py:188} INFO - [2026-07-05T16:16:23.860+0000] {dag.py:3096} INFO - Sync 1 DAGs
[2026-07-05T16:16:23.873+0000] {logging_mixin.py:188} INFO - [2026-07-05T16:16:23.873+0000] {dag.py:3954} INFO - Setting next_dagrun for example_time_delta_sensor_async to None, run_after=None
[2026-07-05T16:16:23.894+0000] {processor.py:183} INFO - Processing /home/airflow/.local/lib/python3.11/site-packages/airflow/example_dags/example_time_delta_sensor_async.py took 0.082 seconds
[2026-07-05T16:16:54.051+0000] {processor.py:161} INFO - Started process (PID=854) to work on /home/airflow/.local/lib/python3.11/site-packages/airflow/example_dags/example_time_delta_sensor_async.py
[2026-07-05T16:16:54.052+0000] {processor.py:830} INFO - Processing file /home/airflow/.local/lib/python3.11/site-packages/airflow/example_dags/example_time_delta_sensor_async.py for tasks to queue
[2026-07-05T16:16:54.054+0000] {logging_mixin.py:188} INFO - [2026-07-05T16:16:54.053+0000] {dagbag.py:545} INFO - Filling up the DagBag from /home/airflow/.local/lib/python3.11/site-packages/airflow/example_dags/example_time_delta_sensor_async.py
[2026-07-05T16:16:54.058+0000] {processor.py:840} INFO - DAG(s) 'example_time_delta_sensor_async' retrieved from /home/airflow/.local/lib/python3.11/site-packages/airflow/example_dags/example_time_delta_sensor_async.py
[2026-07-05T16:16:54.078+0000] {logging_mixin.py:188} INFO - [2026-07-05T16:16:54.077+0000] {dag.py:3096} INFO - Sync 1 DAGs
[2026-07-05T16:16:54.087+0000] {logging_mixin.py:188} INFO - [2026-07-05T16:16:54.087+0000] {dag.py:3954} INFO - Setting next_dagrun for example_time_delta_sensor_async to None, run_after=None
[2026-07-05T16:16:54.106+0000] {processor.py:183} INFO - Processing /home/airflow/.local/lib/python3.11/site-packages/airflow/example_dags/example_time_delta_sensor_async.py took 0.060 seconds
[2026-07-05T16:17:24.225+0000] {processor.py:161} INFO - Started process (PID=912) to work on /home/airflow/.local/lib/python3.11/site-packages/airflow/example_dags/example_time_delta_sensor_async.py
[2026-07-05T16:17:24.226+0000] {processor.py:830} INFO - Processing file /home/airflow/.local/lib/python3.11/site-packages/airflow/example_dags/example_time_delta_sensor_async.py for tasks to queue
[2026-07-05T16:17:24.228+0000] {logging_mixin.py:188} INFO - [2026-07-05T16:17:24.228+0000] {dagbag.py:545} INFO - Filling up the DagBag from /home/airflow/.local/lib/python3.11/site-packages/airflow/example_dags/example_time_delta_sensor_async.py
[2026-07-05T16:17:24.233+0000] {processor.py:840} INFO - DAG(s) 'example_time_delta_sensor_async' retrieved from /home/airflow/.local/lib/python3.11/site-packages/airflow/example_dags/example_time_delta_sensor_async.py
[2026-07-05T16:17:24.252+0000] {logging_mixin.py:188} INFO - [2026-07-05T16:17:24.251+0000] {dag.py:3096} INFO - Sync 1 DAGs
[2026-07-05T16:17:24.262+0000] {logging_mixin.py:188} INFO - [2026-07-05T16:17:24.261+0000] {dag.py:3954} INFO - Setting next_dagrun for example_time_delta_sensor_async to None, run_after=None
[2026-07-05T16:17:24.280+0000] {processor.py:183} INFO - Processing /home/airflow/.local/lib/python3.11/site-packages/airflow/example_dags/example_time_delta_sensor_async.py took 0.061 seconds
[2026-07-05T16:17:54.464+0000] {processor.py:161} INFO - Started process (PID=970) to work on /home/airflow/.local/lib/python3.11/site-packages/airflow/example_dags/example_time_delta_sensor_async.py
[2026-07-05T16:17:54.465+0000] {processor.py:830} INFO - Processing file /home/airflow/.local/lib/python3.11/site-packages/airflow/example_dags/example_time_delta_sensor_async.py for tasks to queue
[2026-07-05T16:17:54.467+0000] {logging_mixin.py:188} INFO - [2026-07-05T16:17:54.467+0000] {dagbag.py:545} INFO - Filling up the DagBag from /home/airflow/.local/lib/python3.11/site-packages/airflow/example_dags/example_time_delta_sensor_async.py
[2026-07-05T16:17:54.472+0000] {processor.py:840} INFO - DAG(s) 'example_time_delta_sensor_async' retrieved from /home/airflow/.local/lib/python3.11/site-packages/airflow/example_dags/example_time_delta_sensor_async.py
[2026-07-05T16:17:54.492+0000] {logging_mixin.py:188} INFO - [2026-07-05T16:17:54.492+0000] {dag.py:3096} INFO - Sync 1 DAGs
[2026-07-05T16:17:54.505+0000] {logging_mixin.py:188} INFO - [2026-07-05T16:17:54.505+0000] {dag.py:3954} INFO - Setting next_dagrun for example_time_delta_sensor_async to None, run_after=None
[2026-07-05T16:17:54.523+0000] {processor.py:183} INFO - Processing /home/airflow/.local/lib/python3.11/site-packages/airflow/example_dags/example_time_delta_sensor_async.py took 0.065 seconds
[2026-07-05T16:18:24.739+0000] {processor.py:161} INFO - Started process (PID=1028) to work on /home/airflow/.local/lib/python3.11/site-packages/airflow/example_dags/example_time_delta_sensor_async.py
[2026-07-05T16:18:24.739+0000] {processor.py:830} INFO - Processing file /home/airflow/.local/lib/python3.11/site-packages/airflow/example_dags/example_time_delta_sensor_async.py for tasks to queue
[2026-07-05T16:18:24.742+0000] {logging_mixin.py:188} INFO - [2026-07-05T16:18:24.741+0000] {dagbag.py:545} INFO - Filling up the DagBag from /home/airflow/.local/lib/python3.11/site-packages/airflow/example_dags/example_time_delta_sensor_async.py
[2026-07-05T16:18:24.747+0000] {processor.py:840} INFO - DAG(s) 'example_time_delta_sensor_async' retrieved from /home/airflow/.local/lib/python3.11/site-packages/airflow/example_dags/example_time_delta_sensor_async.py
[2026-07-05T16:18:24.766+0000] {logging_mixin.py:188} INFO - [2026-07-05T16:18:24.765+0000] {dag.py:3096} INFO - Sync 1 DAGs
[2026-07-05T16:18:24.778+0000] {logging_mixin.py:188} INFO - [2026-07-05T16:18:24.778+0000] {dag.py:3954} INFO - Setting next_dagrun for example_time_delta_sensor_async to None, run_after=None
[2026-07-05T16:18:24.796+0000] {processor.py:183} INFO - Processing /home/airflow/.local/lib/python3.11/site-packages/airflow/example_dags/example_time_delta_sensor_async.py took 0.063 seconds
[2026-07-05T16:18:54.924+0000] {processor.py:161} INFO - Started process (PID=1086) to work on /home/airflow/.local/lib/python3.11/site-packages/airflow/example_dags/example_time_delta_sensor_async.py
[2026-07-05T16:18:54.925+0000] {processor.py:830} INFO - Processing file /home/airflow/.local/lib/python3.11/site-packages/airflow/example_dags/example_time_delta_sensor_async.py for tasks to queue
[2026-07-05T16:18:54.928+0000] {logging_mixin.py:188} INFO - [2026-07-05T16:18:54.928+0000] {dagbag.py:545} INFO - Filling up the DagBag from /home/airflow/.local/lib/python3.11/site-packages/airflow/example_dags/example_time_delta_sensor_async.py
[2026-07-05T16:18:54.932+0000] {processor.py:840} INFO - DAG(s) 'example_time_delta_sensor_async' retrieved from /home/airflow/.local/lib/python3.11/site-packages/airflow/example_dags/example_time_delta_sensor_async.py
[2026-07-05T16:18:54.954+0000] {logging_mixin.py:188} INFO - [2026-07-05T16:18:54.954+0000] {dag.py:3096} INFO - Sync 1 DAGs
[2026-07-05T16:18:54.965+0000] {logging_mixin.py:188} INFO - [2026-07-05T16:18:54.965+0000] {dag.py:3954} INFO - Setting next_dagrun for example_time_delta_sensor_async to None, run_after=None
[2026-07-05T16:18:54.984+0000] {processor.py:183} INFO - Processing /home/airflow/.local/lib/python3.11/site-packages/airflow/example_dags/example_time_delta_sensor_async.py took 0.067 seconds
