[2026-07-05T16:07:40.747+0000] {processor.py:161} INFO - Started process (PID=110) to work on /home/airflow/.local/lib/python3.11/site-packages/airflow/example_dags/example_trigger_controller_dag.py
[2026-07-05T16:07:40.748+0000] {processor.py:830} INFO - Processing file /home/airflow/.local/lib/python3.11/site-packages/airflow/example_dags/example_trigger_controller_dag.py for tasks to queue
[2026-07-05T16:07:40.750+0000] {logging_mixin.py:188} INFO - [2026-07-05T16:07:40.750+0000] {dagbag.py:545} INFO - Filling up the DagBag from /home/airflow/.local/lib/python3.11/site-packages/airflow/example_dags/example_trigger_controller_dag.py
[2026-07-05T16:07:40.757+0000] {processor.py:840} INFO - DAG(s) 'example_trigger_controller_dag' retrieved from /home/airflow/.local/lib/python3.11/site-packages/airflow/example_dags/example_trigger_controller_dag.py
[2026-07-05T16:07:40.945+0000] {logging_mixin.py:188} INFO - [2026-07-05T16:07:40.944+0000] {override.py:1829} INFO - Created Permission View: can delete on DAG:example_trigger_controller_dag
[2026-07-05T16:07:40.963+0000] {logging_mixin.py:188} INFO - [2026-07-05T16:07:40.962+0000] {override.py:1829} INFO - Created Permission View: can read on DAG:example_trigger_controller_dag
[2026-07-05T16:07:40.975+0000] {logging_mixin.py:188} INFO - [2026-07-05T16:07:40.974+0000] {override.py:1829} INFO - Created Permission View: can edit on DAG:example_trigger_controller_dag
[2026-07-05T16:07:40.976+0000] {logging_mixin.py:188} INFO - [2026-07-05T16:07:40.976+0000] {dag.py:3096} INFO - Sync 1 DAGs
[2026-07-05T16:07:40.998+0000] {logging_mixin.py:188} INFO - [2026-07-05T16:07:40.998+0000] {dag.py:3118} INFO - Creating ORM DAG for example_trigger_controller_dag
[2026-07-05T16:07:41.017+0000] {logging_mixin.py:188} INFO - [2026-07-05T16:07:41.016+0000] {dag.py:3954} INFO - Setting next_dagrun for example_trigger_controller_dag to 2021-01-01 00:00:00+00:00, run_after=2021-01-01 00:00:00+00:00
[2026-07-05T16:07:41.048+0000] {processor.py:183} INFO - Processing /home/airflow/.local/lib/python3.11/site-packages/airflow/example_dags/example_trigger_controller_dag.py took 0.308 seconds
[2026-07-05T16:08:11.456+0000] {processor.py:161} INFO - Started process (PID=168) to work on /home/airflow/.local/lib/python3.11/site-packages/airflow/example_dags/example_trigger_controller_dag.py
[2026-07-05T16:08:11.458+0000] {processor.py:830} INFO - Processing file /home/airflow/.local/lib/python3.11/site-packages/airflow/example_dags/example_trigger_controller_dag.py for tasks to queue
[2026-07-05T16:08:11.460+0000] {logging_mixin.py:188} INFO - [2026-07-05T16:08:11.460+0000] {dagbag.py:545} INFO - Filling up the DagBag from /home/airflow/.local/lib/python3.11/site-packages/airflow/example_dags/example_trigger_controller_dag.py
[2026-07-05T16:08:11.465+0000] {processor.py:840} INFO - DAG(s) 'example_trigger_controller_dag' retrieved from /home/airflow/.local/lib/python3.11/site-packages/airflow/example_dags/example_trigger_controller_dag.py
[2026-07-05T16:08:11.485+0000] {logging_mixin.py:188} INFO - [2026-07-05T16:08:11.484+0000] {dag.py:3096} INFO - Sync 1 DAGs
[2026-07-05T16:08:11.504+0000] {logging_mixin.py:188} INFO - [2026-07-05T16:08:11.504+0000] {dag.py:3954} INFO - Setting next_dagrun for example_trigger_controller_dag to 2021-01-01 00:00:00+00:00, run_after=2021-01-01 00:00:00+00:00
[2026-07-05T16:08:11.524+0000] {processor.py:183} INFO - Processing /home/airflow/.local/lib/python3.11/site-packages/airflow/example_dags/example_trigger_controller_dag.py took 0.073 seconds
[2026-07-05T16:08:42.329+0000] {processor.py:161} INFO - Started process (PID=226) to work on /home/airflow/.local/lib/python3.11/site-packages/airflow/example_dags/example_trigger_controller_dag.py
[2026-07-05T16:08:42.330+0000] {processor.py:830} INFO - Processing file /home/airflow/.local/lib/python3.11/site-packages/airflow/example_dags/example_trigger_controller_dag.py for tasks to queue
[2026-07-05T16:08:42.333+0000] {logging_mixin.py:188} INFO - [2026-07-05T16:08:42.332+0000] {dagbag.py:545} INFO - Filling up the DagBag from /home/airflow/.local/lib/python3.11/site-packages/airflow/example_dags/example_trigger_controller_dag.py
[2026-07-05T16:08:42.339+0000] {processor.py:840} INFO - DAG(s) 'example_trigger_controller_dag' retrieved from /home/airflow/.local/lib/python3.11/site-packages/airflow/example_dags/example_trigger_controller_dag.py
[2026-07-05T16:08:42.365+0000] {logging_mixin.py:188} INFO - [2026-07-05T16:08:42.364+0000] {dag.py:3096} INFO - Sync 1 DAGs
[2026-07-05T16:08:42.391+0000] {logging_mixin.py:188} INFO - [2026-07-05T16:08:42.391+0000] {dag.py:3954} INFO - Setting next_dagrun for example_trigger_controller_dag to 2021-01-01 00:00:00+00:00, run_after=2021-01-01 00:00:00+00:00
[2026-07-05T16:08:42.485+0000] {processor.py:183} INFO - Processing /home/airflow/.local/lib/python3.11/site-packages/airflow/example_dags/example_trigger_controller_dag.py took 0.164 seconds
[2026-07-05T16:09:12.563+0000] {processor.py:161} INFO - Started process (PID=284) to work on /home/airflow/.local/lib/python3.11/site-packages/airflow/example_dags/example_trigger_controller_dag.py
[2026-07-05T16:09:12.565+0000] {processor.py:830} INFO - Processing file /home/airflow/.local/lib/python3.11/site-packages/airflow/example_dags/example_trigger_controller_dag.py for tasks to queue
[2026-07-05T16:09:12.568+0000] {logging_mixin.py:188} INFO - [2026-07-05T16:09:12.567+0000] {dagbag.py:545} INFO - Filling up the DagBag from /home/airflow/.local/lib/python3.11/site-packages/airflow/example_dags/example_trigger_controller_dag.py
[2026-07-05T16:09:12.574+0000] {processor.py:840} INFO - DAG(s) 'example_trigger_controller_dag' retrieved from /home/airflow/.local/lib/python3.11/site-packages/airflow/example_dags/example_trigger_controller_dag.py
[2026-07-05T16:09:12.590+0000] {logging_mixin.py:188} INFO - [2026-07-05T16:09:12.590+0000] {dag.py:3096} INFO - Sync 1 DAGs
[2026-07-05T16:09:12.616+0000] {logging_mixin.py:188} INFO - [2026-07-05T16:09:12.616+0000] {dag.py:3954} INFO - Setting next_dagrun for example_trigger_controller_dag to 2021-01-01 00:00:00+00:00, run_after=2021-01-01 00:00:00+00:00
[2026-07-05T16:09:12.641+0000] {processor.py:183} INFO - Processing /home/airflow/.local/lib/python3.11/site-packages/airflow/example_dags/example_trigger_controller_dag.py took 0.085 seconds
[2026-07-05T16:10:16.928+0000] {processor.py:161} INFO - Started process (PID=105) to work on /home/airflow/.local/lib/python3.11/site-packages/airflow/example_dags/example_trigger_controller_dag.py
[2026-07-05T16:10:16.930+0000] {processor.py:830} INFO - Processing file /home/airflow/.local/lib/python3.11/site-packages/airflow/example_dags/example_trigger_controller_dag.py for tasks to queue
[2026-07-05T16:10:16.933+0000] {logging_mixin.py:188} INFO - [2026-07-05T16:10:16.933+0000] {dagbag.py:545} INFO - Filling up the DagBag from /home/airflow/.local/lib/python3.11/site-packages/airflow/example_dags/example_trigger_controller_dag.py
[2026-07-05T16:10:16.939+0000] {processor.py:840} INFO - DAG(s) 'example_trigger_controller_dag' retrieved from /home/airflow/.local/lib/python3.11/site-packages/airflow/example_dags/example_trigger_controller_dag.py
[2026-07-05T16:10:16.957+0000] {logging_mixin.py:188} INFO - [2026-07-05T16:10:16.957+0000] {dag.py:3096} INFO - Sync 1 DAGs
[2026-07-05T16:10:16.982+0000] {logging_mixin.py:188} INFO - [2026-07-05T16:10:16.982+0000] {dag.py:3954} INFO - Setting next_dagrun for example_trigger_controller_dag to 2021-01-01 00:00:00+00:00, run_after=2021-01-01 00:00:00+00:00
[2026-07-05T16:10:17.003+0000] {processor.py:183} INFO - Processing /home/airflow/.local/lib/python3.11/site-packages/airflow/example_dags/example_trigger_controller_dag.py took 0.084 seconds
[2026-07-05T16:10:48.710+0000] {processor.py:161} INFO - Started process (PID=164) to work on /home/airflow/.local/lib/python3.11/site-packages/airflow/example_dags/example_trigger_controller_dag.py
[2026-07-05T16:10:48.711+0000] {processor.py:830} INFO - Processing file /home/airflow/.local/lib/python3.11/site-packages/airflow/example_dags/example_trigger_controller_dag.py for tasks to queue
[2026-07-05T16:10:48.714+0000] {logging_mixin.py:188} INFO - [2026-07-05T16:10:48.714+0000] {dagbag.py:545} INFO - Filling up the DagBag from /home/airflow/.local/lib/python3.11/site-packages/airflow/example_dags/example_trigger_controller_dag.py
[2026-07-05T16:10:48.723+0000] {processor.py:840} INFO - DAG(s) 'example_trigger_controller_dag' retrieved from /home/airflow/.local/lib/python3.11/site-packages/airflow/example_dags/example_trigger_controller_dag.py
[2026-07-05T16:10:48.915+0000] {logging_mixin.py:188} INFO - [2026-07-05T16:10:48.914+0000] {dag.py:3096} INFO - Sync 1 DAGs
[2026-07-05T16:10:48.952+0000] {logging_mixin.py:188} INFO - [2026-07-05T16:10:48.951+0000] {dag.py:3954} INFO - Setting next_dagrun for example_trigger_controller_dag to 2021-01-01 00:00:00+00:00, run_after=2021-01-01 00:00:00+00:00
[2026-07-05T16:10:48.984+0000] {processor.py:183} INFO - Processing /home/airflow/.local/lib/python3.11/site-packages/airflow/example_dags/example_trigger_controller_dag.py took 0.284 seconds
[2026-07-05T16:11:19.481+0000] {processor.py:161} INFO - Started process (PID=222) to work on /home/airflow/.local/lib/python3.11/site-packages/airflow/example_dags/example_trigger_controller_dag.py
[2026-07-05T16:11:19.483+0000] {processor.py:830} INFO - Processing file /home/airflow/.local/lib/python3.11/site-packages/airflow/example_dags/example_trigger_controller_dag.py for tasks to queue
[2026-07-05T16:11:19.486+0000] {logging_mixin.py:188} INFO - [2026-07-05T16:11:19.485+0000] {dagbag.py:545} INFO - Filling up the DagBag from /home/airflow/.local/lib/python3.11/site-packages/airflow/example_dags/example_trigger_controller_dag.py
[2026-07-05T16:11:19.491+0000] {processor.py:840} INFO - DAG(s) 'example_trigger_controller_dag' retrieved from /home/airflow/.local/lib/python3.11/site-packages/airflow/example_dags/example_trigger_controller_dag.py
[2026-07-05T16:11:19.522+0000] {logging_mixin.py:188} INFO - [2026-07-05T16:11:19.522+0000] {dag.py:3096} INFO - Sync 1 DAGs
[2026-07-05T16:11:19.553+0000] {logging_mixin.py:188} INFO - [2026-07-05T16:11:19.553+0000] {dag.py:3954} INFO - Setting next_dagrun for example_trigger_controller_dag to 2021-01-01 00:00:00+00:00, run_after=2021-01-01 00:00:00+00:00
[2026-07-05T16:11:19.579+0000] {processor.py:183} INFO - Processing /home/airflow/.local/lib/python3.11/site-packages/airflow/example_dags/example_trigger_controller_dag.py took 0.106 seconds
[2026-07-05T16:11:50.278+0000] {processor.py:161} INFO - Started process (PID=280) to work on /home/airflow/.local/lib/python3.11/site-packages/airflow/example_dags/example_trigger_controller_dag.py
[2026-07-05T16:11:50.279+0000] {processor.py:830} INFO - Processing file /home/airflow/.local/lib/python3.11/site-packages/airflow/example_dags/example_trigger_controller_dag.py for tasks to queue
[2026-07-05T16:11:50.282+0000] {logging_mixin.py:188} INFO - [2026-07-05T16:11:50.282+0000] {dagbag.py:545} INFO - Filling up the DagBag from /home/airflow/.local/lib/python3.11/site-packages/airflow/example_dags/example_trigger_controller_dag.py
[2026-07-05T16:11:50.289+0000] {processor.py:840} INFO - DAG(s) 'example_trigger_controller_dag' retrieved from /home/airflow/.local/lib/python3.11/site-packages/airflow/example_dags/example_trigger_controller_dag.py
[2026-07-05T16:11:50.303+0000] {logging_mixin.py:188} INFO - [2026-07-05T16:11:50.303+0000] {dag.py:3096} INFO - Sync 1 DAGs
[2026-07-05T16:11:50.326+0000] {logging_mixin.py:188} INFO - [2026-07-05T16:11:50.326+0000] {dag.py:3954} INFO - Setting next_dagrun for example_trigger_controller_dag to 2021-01-01 00:00:00+00:00, run_after=2021-01-01 00:00:00+00:00
[2026-07-05T16:11:50.348+0000] {processor.py:183} INFO - Processing /home/airflow/.local/lib/python3.11/site-packages/airflow/example_dags/example_trigger_controller_dag.py took 0.077 seconds
[2026-07-05T16:12:22.184+0000] {processor.py:161} INFO - Started process (PID=338) to work on /home/airflow/.local/lib/python3.11/site-packages/airflow/example_dags/example_trigger_controller_dag.py
[2026-07-05T16:12:22.187+0000] {processor.py:830} INFO - Processing file /home/airflow/.local/lib/python3.11/site-packages/airflow/example_dags/example_trigger_controller_dag.py for tasks to queue
[2026-07-05T16:12:22.191+0000] {logging_mixin.py:188} INFO - [2026-07-05T16:12:22.190+0000] {dagbag.py:545} INFO - Filling up the DagBag from /home/airflow/.local/lib/python3.11/site-packages/airflow/example_dags/example_trigger_controller_dag.py
[2026-07-05T16:12:22.198+0000] {processor.py:840} INFO - DAG(s) 'example_trigger_controller_dag' retrieved from /home/airflow/.local/lib/python3.11/site-packages/airflow/example_dags/example_trigger_controller_dag.py
[2026-07-05T16:12:22.321+0000] {logging_mixin.py:188} INFO - [2026-07-05T16:12:22.321+0000] {dag.py:3096} INFO - Sync 1 DAGs
[2026-07-05T16:12:22.349+0000] {logging_mixin.py:188} INFO - [2026-07-05T16:12:22.348+0000] {dag.py:3954} INFO - Setting next_dagrun for example_trigger_controller_dag to 2021-01-01 00:00:00+00:00, run_after=2021-01-01 00:00:00+00:00
[2026-07-05T16:12:22.379+0000] {processor.py:183} INFO - Processing /home/airflow/.local/lib/python3.11/site-packages/airflow/example_dags/example_trigger_controller_dag.py took 0.204 seconds
[2026-07-05T16:12:53.055+0000] {processor.py:161} INFO - Started process (PID=397) to work on /home/airflow/.local/lib/python3.11/site-packages/airflow/example_dags/example_trigger_controller_dag.py
[2026-07-05T16:12:53.057+0000] {processor.py:830} INFO - Processing file /home/airflow/.local/lib/python3.11/site-packages/airflow/example_dags/example_trigger_controller_dag.py for tasks to queue
[2026-07-05T16:12:53.059+0000] {logging_mixin.py:188} INFO - [2026-07-05T16:12:53.058+0000] {dagbag.py:545} INFO - Filling up the DagBag from /home/airflow/.local/lib/python3.11/site-packages/airflow/example_dags/example_trigger_controller_dag.py
[2026-07-05T16:12:53.064+0000] {processor.py:840} INFO - DAG(s) 'example_trigger_controller_dag' retrieved from /home/airflow/.local/lib/python3.11/site-packages/airflow/example_dags/example_trigger_controller_dag.py
[2026-07-05T16:12:53.086+0000] {logging_mixin.py:188} INFO - [2026-07-05T16:12:53.086+0000] {dag.py:3096} INFO - Sync 1 DAGs
[2026-07-05T16:12:53.105+0000] {logging_mixin.py:188} INFO - [2026-07-05T16:12:53.104+0000] {dag.py:3954} INFO - Setting next_dagrun for example_trigger_controller_dag to 2021-01-01 00:00:00+00:00, run_after=2021-01-01 00:00:00+00:00
[2026-07-05T16:12:53.125+0000] {processor.py:183} INFO - Processing /home/airflow/.local/lib/python3.11/site-packages/airflow/example_dags/example_trigger_controller_dag.py took 0.079 seconds
[2026-07-05T16:13:23.715+0000] {processor.py:161} INFO - Started process (PID=455) to work on /home/airflow/.local/lib/python3.11/site-packages/airflow/example_dags/example_trigger_controller_dag.py
[2026-07-05T16:13:23.716+0000] {processor.py:830} INFO - Processing file /home/airflow/.local/lib/python3.11/site-packages/airflow/example_dags/example_trigger_controller_dag.py for tasks to queue
[2026-07-05T16:13:23.718+0000] {logging_mixin.py:188} INFO - [2026-07-05T16:13:23.717+0000] {dagbag.py:545} INFO - Filling up the DagBag from /home/airflow/.local/lib/python3.11/site-packages/airflow/example_dags/example_trigger_controller_dag.py
[2026-07-05T16:13:23.723+0000] {processor.py:840} INFO - DAG(s) 'example_trigger_controller_dag' retrieved from /home/airflow/.local/lib/python3.11/site-packages/airflow/example_dags/example_trigger_controller_dag.py
[2026-07-05T16:13:23.741+0000] {logging_mixin.py:188} INFO - [2026-07-05T16:13:23.741+0000] {dag.py:3096} INFO - Sync 1 DAGs
[2026-07-05T16:13:23.759+0000] {logging_mixin.py:188} INFO - [2026-07-05T16:13:23.759+0000] {dag.py:3954} INFO - Setting next_dagrun for example_trigger_controller_dag to 2021-01-01 00:00:00+00:00, run_after=2021-01-01 00:00:00+00:00
[2026-07-05T16:13:23.776+0000] {processor.py:183} INFO - Processing /home/airflow/.local/lib/python3.11/site-packages/airflow/example_dags/example_trigger_controller_dag.py took 0.067 seconds
[2026-07-05T16:13:54.105+0000] {processor.py:161} INFO - Started process (PID=513) to work on /home/airflow/.local/lib/python3.11/site-packages/airflow/example_dags/example_trigger_controller_dag.py
[2026-07-05T16:13:54.106+0000] {processor.py:830} INFO - Processing file /home/airflow/.local/lib/python3.11/site-packages/airflow/example_dags/example_trigger_controller_dag.py for tasks to queue
[2026-07-05T16:13:54.107+0000] {logging_mixin.py:188} INFO - [2026-07-05T16:13:54.107+0000] {dagbag.py:545} INFO - Filling up the DagBag from /home/airflow/.local/lib/python3.11/site-packages/airflow/example_dags/example_trigger_controller_dag.py
[2026-07-05T16:13:54.112+0000] {processor.py:840} INFO - DAG(s) 'example_trigger_controller_dag' retrieved from /home/airflow/.local/lib/python3.11/site-packages/airflow/example_dags/example_trigger_controller_dag.py
[2026-07-05T16:13:54.129+0000] {logging_mixin.py:188} INFO - [2026-07-05T16:13:54.129+0000] {dag.py:3096} INFO - Sync 1 DAGs
[2026-07-05T16:13:54.146+0000] {logging_mixin.py:188} INFO - [2026-07-05T16:13:54.146+0000] {dag.py:3954} INFO - Setting next_dagrun for example_trigger_controller_dag to 2021-01-01 00:00:00+00:00, run_after=2021-01-01 00:00:00+00:00
[2026-07-05T16:13:54.166+0000] {processor.py:183} INFO - Processing /home/airflow/.local/lib/python3.11/site-packages/airflow/example_dags/example_trigger_controller_dag.py took 0.067 seconds
[2026-07-05T16:14:25.213+0000] {processor.py:161} INFO - Started process (PID=571) to work on /home/airflow/.local/lib/python3.11/site-packages/airflow/example_dags/example_trigger_controller_dag.py
[2026-07-05T16:14:25.214+0000] {processor.py:830} INFO - Processing file /home/airflow/.local/lib/python3.11/site-packages/airflow/example_dags/example_trigger_controller_dag.py for tasks to queue
[2026-07-05T16:14:25.216+0000] {logging_mixin.py:188} INFO - [2026-07-05T16:14:25.216+0000] {dagbag.py:545} INFO - Filling up the DagBag from /home/airflow/.local/lib/python3.11/site-packages/airflow/example_dags/example_trigger_controller_dag.py
[2026-07-05T16:14:25.221+0000] {processor.py:840} INFO - DAG(s) 'example_trigger_controller_dag' retrieved from /home/airflow/.local/lib/python3.11/site-packages/airflow/example_dags/example_trigger_controller_dag.py
[2026-07-05T16:14:25.240+0000] {logging_mixin.py:188} INFO - [2026-07-05T16:14:25.239+0000] {dag.py:3096} INFO - Sync 1 DAGs
[2026-07-05T16:14:25.259+0000] {logging_mixin.py:188} INFO - [2026-07-05T16:14:25.258+0000] {dag.py:3954} INFO - Setting next_dagrun for example_trigger_controller_dag to 2021-01-01 00:00:00+00:00, run_after=2021-01-01 00:00:00+00:00
[2026-07-05T16:14:25.281+0000] {processor.py:183} INFO - Processing /home/airflow/.local/lib/python3.11/site-packages/airflow/example_dags/example_trigger_controller_dag.py took 0.075 seconds
[2026-07-05T16:14:55.645+0000] {processor.py:161} INFO - Started process (PID=629) to work on /home/airflow/.local/lib/python3.11/site-packages/airflow/example_dags/example_trigger_controller_dag.py
[2026-07-05T16:14:55.646+0000] {processor.py:830} INFO - Processing file /home/airflow/.local/lib/python3.11/site-packages/airflow/example_dags/example_trigger_controller_dag.py for tasks to queue
[2026-07-05T16:14:55.649+0000] {logging_mixin.py:188} INFO - [2026-07-05T16:14:55.648+0000] {dagbag.py:545} INFO - Filling up the DagBag from /home/airflow/.local/lib/python3.11/site-packages/airflow/example_dags/example_trigger_controller_dag.py
[2026-07-05T16:14:55.654+0000] {processor.py:840} INFO - DAG(s) 'example_trigger_controller_dag' retrieved from /home/airflow/.local/lib/python3.11/site-packages/airflow/example_dags/example_trigger_controller_dag.py
[2026-07-05T16:14:55.676+0000] {logging_mixin.py:188} INFO - [2026-07-05T16:14:55.676+0000] {dag.py:3096} INFO - Sync 1 DAGs
[2026-07-05T16:14:55.696+0000] {logging_mixin.py:188} INFO - [2026-07-05T16:14:55.696+0000] {dag.py:3954} INFO - Setting next_dagrun for example_trigger_controller_dag to 2021-01-01 00:00:00+00:00, run_after=2021-01-01 00:00:00+00:00
[2026-07-05T16:14:55.717+0000] {processor.py:183} INFO - Processing /home/airflow/.local/lib/python3.11/site-packages/airflow/example_dags/example_trigger_controller_dag.py took 0.078 seconds
[2026-07-05T16:15:26.672+0000] {processor.py:161} INFO - Started process (PID=687) to work on /home/airflow/.local/lib/python3.11/site-packages/airflow/example_dags/example_trigger_controller_dag.py
[2026-07-05T16:15:26.673+0000] {processor.py:830} INFO - Processing file /home/airflow/.local/lib/python3.11/site-packages/airflow/example_dags/example_trigger_controller_dag.py for tasks to queue
[2026-07-05T16:15:26.675+0000] {logging_mixin.py:188} INFO - [2026-07-05T16:15:26.675+0000] {dagbag.py:545} INFO - Filling up the DagBag from /home/airflow/.local/lib/python3.11/site-packages/airflow/example_dags/example_trigger_controller_dag.py
[2026-07-05T16:15:26.680+0000] {processor.py:840} INFO - DAG(s) 'example_trigger_controller_dag' retrieved from /home/airflow/.local/lib/python3.11/site-packages/airflow/example_dags/example_trigger_controller_dag.py
[2026-07-05T16:15:26.699+0000] {logging_mixin.py:188} INFO - [2026-07-05T16:15:26.699+0000] {dag.py:3096} INFO - Sync 1 DAGs
[2026-07-05T16:15:26.718+0000] {logging_mixin.py:188} INFO - [2026-07-05T16:15:26.718+0000] {dag.py:3954} INFO - Setting next_dagrun for example_trigger_controller_dag to 2021-01-01 00:00:00+00:00, run_after=2021-01-01 00:00:00+00:00
[2026-07-05T16:15:26.737+0000] {processor.py:183} INFO - Processing /home/airflow/.local/lib/python3.11/site-packages/airflow/example_dags/example_trigger_controller_dag.py took 0.071 seconds
[2026-07-05T16:15:56.824+0000] {processor.py:161} INFO - Started process (PID=745) to work on /home/airflow/.local/lib/python3.11/site-packages/airflow/example_dags/example_trigger_controller_dag.py
[2026-07-05T16:15:56.825+0000] {processor.py:830} INFO - Processing file /home/airflow/.local/lib/python3.11/site-packages/airflow/example_dags/example_trigger_controller_dag.py for tasks to queue
[2026-07-05T16:15:56.827+0000] {logging_mixin.py:188} INFO - [2026-07-05T16:15:56.827+0000] {dagbag.py:545} INFO - Filling up the DagBag from /home/airflow/.local/lib/python3.11/site-packages/airflow/example_dags/example_trigger_controller_dag.py
[2026-07-05T16:15:56.832+0000] {processor.py:840} INFO - DAG(s) 'example_trigger_controller_dag' retrieved from /home/airflow/.local/lib/python3.11/site-packages/airflow/example_dags/example_trigger_controller_dag.py
[2026-07-05T16:15:56.851+0000] {logging_mixin.py:188} INFO - [2026-07-05T16:15:56.850+0000] {dag.py:3096} INFO - Sync 1 DAGs
[2026-07-05T16:15:56.869+0000] {logging_mixin.py:188} INFO - [2026-07-05T16:15:56.868+0000] {dag.py:3954} INFO - Setting next_dagrun for example_trigger_controller_dag to 2021-01-01 00:00:00+00:00, run_after=2021-01-01 00:00:00+00:00
[2026-07-05T16:15:56.887+0000] {processor.py:183} INFO - Processing /home/airflow/.local/lib/python3.11/site-packages/airflow/example_dags/example_trigger_controller_dag.py took 0.069 seconds
[2026-07-05T16:16:27.170+0000] {processor.py:161} INFO - Started process (PID=803) to work on /home/airflow/.local/lib/python3.11/site-packages/airflow/example_dags/example_trigger_controller_dag.py
[2026-07-05T16:16:27.171+0000] {processor.py:830} INFO - Processing file /home/airflow/.local/lib/python3.11/site-packages/airflow/example_dags/example_trigger_controller_dag.py for tasks to queue
[2026-07-05T16:16:27.174+0000] {logging_mixin.py:188} INFO - [2026-07-05T16:16:27.173+0000] {dagbag.py:545} INFO - Filling up the DagBag from /home/airflow/.local/lib/python3.11/site-packages/airflow/example_dags/example_trigger_controller_dag.py
[2026-07-05T16:16:27.181+0000] {processor.py:840} INFO - DAG(s) 'example_trigger_controller_dag' retrieved from /home/airflow/.local/lib/python3.11/site-packages/airflow/example_dags/example_trigger_controller_dag.py
[2026-07-05T16:16:27.205+0000] {logging_mixin.py:188} INFO - [2026-07-05T16:16:27.205+0000] {dag.py:3096} INFO - Sync 1 DAGs
[2026-07-05T16:16:27.225+0000] {logging_mixin.py:188} INFO - [2026-07-05T16:16:27.225+0000] {dag.py:3954} INFO - Setting next_dagrun for example_trigger_controller_dag to 2021-01-01 00:00:00+00:00, run_after=2021-01-01 00:00:00+00:00
[2026-07-05T16:16:27.249+0000] {processor.py:183} INFO - Processing /home/airflow/.local/lib/python3.11/site-packages/airflow/example_dags/example_trigger_controller_dag.py took 0.086 seconds
[2026-07-05T16:16:57.279+0000] {processor.py:161} INFO - Started process (PID=861) to work on /home/airflow/.local/lib/python3.11/site-packages/airflow/example_dags/example_trigger_controller_dag.py
[2026-07-05T16:16:57.280+0000] {processor.py:830} INFO - Processing file /home/airflow/.local/lib/python3.11/site-packages/airflow/example_dags/example_trigger_controller_dag.py for tasks to queue
[2026-07-05T16:16:57.282+0000] {logging_mixin.py:188} INFO - [2026-07-05T16:16:57.282+0000] {dagbag.py:545} INFO - Filling up the DagBag from /home/airflow/.local/lib/python3.11/site-packages/airflow/example_dags/example_trigger_controller_dag.py
[2026-07-05T16:16:57.288+0000] {processor.py:840} INFO - DAG(s) 'example_trigger_controller_dag' retrieved from /home/airflow/.local/lib/python3.11/site-packages/airflow/example_dags/example_trigger_controller_dag.py
[2026-07-05T16:16:57.307+0000] {logging_mixin.py:188} INFO - [2026-07-05T16:16:57.307+0000] {dag.py:3096} INFO - Sync 1 DAGs
[2026-07-05T16:16:57.325+0000] {logging_mixin.py:188} INFO - [2026-07-05T16:16:57.324+0000] {dag.py:3954} INFO - Setting next_dagrun for example_trigger_controller_dag to 2021-01-01 00:00:00+00:00, run_after=2021-01-01 00:00:00+00:00
[2026-07-05T16:16:57.340+0000] {processor.py:183} INFO - Processing /home/airflow/.local/lib/python3.11/site-packages/airflow/example_dags/example_trigger_controller_dag.py took 0.066 seconds
[2026-07-05T16:17:27.507+0000] {processor.py:161} INFO - Started process (PID=919) to work on /home/airflow/.local/lib/python3.11/site-packages/airflow/example_dags/example_trigger_controller_dag.py
[2026-07-05T16:17:27.508+0000] {processor.py:830} INFO - Processing file /home/airflow/.local/lib/python3.11/site-packages/airflow/example_dags/example_trigger_controller_dag.py for tasks to queue
[2026-07-05T16:17:27.511+0000] {logging_mixin.py:188} INFO - [2026-07-05T16:17:27.510+0000] {dagbag.py:545} INFO - Filling up the DagBag from /home/airflow/.local/lib/python3.11/site-packages/airflow/example_dags/example_trigger_controller_dag.py
[2026-07-05T16:17:27.516+0000] {processor.py:840} INFO - DAG(s) 'example_trigger_controller_dag' retrieved from /home/airflow/.local/lib/python3.11/site-packages/airflow/example_dags/example_trigger_controller_dag.py
[2026-07-05T16:17:27.535+0000] {logging_mixin.py:188} INFO - [2026-07-05T16:17:27.535+0000] {dag.py:3096} INFO - Sync 1 DAGs
[2026-07-05T16:17:27.554+0000] {logging_mixin.py:188} INFO - [2026-07-05T16:17:27.554+0000] {dag.py:3954} INFO - Setting next_dagrun for example_trigger_controller_dag to 2021-01-01 00:00:00+00:00, run_after=2021-01-01 00:00:00+00:00
[2026-07-05T16:17:27.572+0000] {processor.py:183} INFO - Processing /home/airflow/.local/lib/python3.11/site-packages/airflow/example_dags/example_trigger_controller_dag.py took 0.070 seconds
[2026-07-05T16:17:57.757+0000] {processor.py:161} INFO - Started process (PID=977) to work on /home/airflow/.local/lib/python3.11/site-packages/airflow/example_dags/example_trigger_controller_dag.py
[2026-07-05T16:17:57.758+0000] {processor.py:830} INFO - Processing file /home/airflow/.local/lib/python3.11/site-packages/airflow/example_dags/example_trigger_controller_dag.py for tasks to queue
[2026-07-05T16:17:57.760+0000] {logging_mixin.py:188} INFO - [2026-07-05T16:17:57.760+0000] {dagbag.py:545} INFO - Filling up the DagBag from /home/airflow/.local/lib/python3.11/site-packages/airflow/example_dags/example_trigger_controller_dag.py
[2026-07-05T16:17:57.765+0000] {processor.py:840} INFO - DAG(s) 'example_trigger_controller_dag' retrieved from /home/airflow/.local/lib/python3.11/site-packages/airflow/example_dags/example_trigger_controller_dag.py
[2026-07-05T16:17:57.784+0000] {logging_mixin.py:188} INFO - [2026-07-05T16:17:57.784+0000] {dag.py:3096} INFO - Sync 1 DAGs
[2026-07-05T16:17:57.802+0000] {logging_mixin.py:188} INFO - [2026-07-05T16:17:57.801+0000] {dag.py:3954} INFO - Setting next_dagrun for example_trigger_controller_dag to 2021-01-01 00:00:00+00:00, run_after=2021-01-01 00:00:00+00:00
[2026-07-05T16:17:57.821+0000] {processor.py:183} INFO - Processing /home/airflow/.local/lib/python3.11/site-packages/airflow/example_dags/example_trigger_controller_dag.py took 0.070 seconds
[2026-07-05T16:18:28.100+0000] {processor.py:161} INFO - Started process (PID=1035) to work on /home/airflow/.local/lib/python3.11/site-packages/airflow/example_dags/example_trigger_controller_dag.py
[2026-07-05T16:18:28.101+0000] {processor.py:830} INFO - Processing file /home/airflow/.local/lib/python3.11/site-packages/airflow/example_dags/example_trigger_controller_dag.py for tasks to queue
[2026-07-05T16:18:28.103+0000] {logging_mixin.py:188} INFO - [2026-07-05T16:18:28.103+0000] {dagbag.py:545} INFO - Filling up the DagBag from /home/airflow/.local/lib/python3.11/site-packages/airflow/example_dags/example_trigger_controller_dag.py
[2026-07-05T16:18:28.109+0000] {processor.py:840} INFO - DAG(s) 'example_trigger_controller_dag' retrieved from /home/airflow/.local/lib/python3.11/site-packages/airflow/example_dags/example_trigger_controller_dag.py
[2026-07-05T16:18:28.130+0000] {logging_mixin.py:188} INFO - [2026-07-05T16:18:28.130+0000] {dag.py:3096} INFO - Sync 1 DAGs
[2026-07-05T16:18:28.152+0000] {logging_mixin.py:188} INFO - [2026-07-05T16:18:28.151+0000] {dag.py:3954} INFO - Setting next_dagrun for example_trigger_controller_dag to 2021-01-01 00:00:00+00:00, run_after=2021-01-01 00:00:00+00:00
[2026-07-05T16:18:28.172+0000] {processor.py:183} INFO - Processing /home/airflow/.local/lib/python3.11/site-packages/airflow/example_dags/example_trigger_controller_dag.py took 0.078 seconds
[2026-07-05T16:18:58.279+0000] {processor.py:161} INFO - Started process (PID=1093) to work on /home/airflow/.local/lib/python3.11/site-packages/airflow/example_dags/example_trigger_controller_dag.py
[2026-07-05T16:18:58.280+0000] {processor.py:830} INFO - Processing file /home/airflow/.local/lib/python3.11/site-packages/airflow/example_dags/example_trigger_controller_dag.py for tasks to queue
[2026-07-05T16:18:58.282+0000] {logging_mixin.py:188} INFO - [2026-07-05T16:18:58.281+0000] {dagbag.py:545} INFO - Filling up the DagBag from /home/airflow/.local/lib/python3.11/site-packages/airflow/example_dags/example_trigger_controller_dag.py
[2026-07-05T16:18:58.287+0000] {processor.py:840} INFO - DAG(s) 'example_trigger_controller_dag' retrieved from /home/airflow/.local/lib/python3.11/site-packages/airflow/example_dags/example_trigger_controller_dag.py
[2026-07-05T16:18:58.309+0000] {logging_mixin.py:188} INFO - [2026-07-05T16:18:58.308+0000] {dag.py:3096} INFO - Sync 1 DAGs
[2026-07-05T16:18:58.329+0000] {logging_mixin.py:188} INFO - [2026-07-05T16:18:58.329+0000] {dag.py:3954} INFO - Setting next_dagrun for example_trigger_controller_dag to 2021-01-01 00:00:00+00:00, run_after=2021-01-01 00:00:00+00:00
[2026-07-05T16:18:58.349+0000] {processor.py:183} INFO - Processing /home/airflow/.local/lib/python3.11/site-packages/airflow/example_dags/example_trigger_controller_dag.py took 0.076 seconds
