[2026-07-05T16:07:34.465+0000] {processor.py:161} INFO - Started process (PID=88) to work on /home/airflow/.local/lib/python3.11/site-packages/airflow/example_dags/example_params_trigger_ui.py
[2026-07-05T16:07:34.483+0000] {processor.py:830} INFO - Processing file /home/airflow/.local/lib/python3.11/site-packages/airflow/example_dags/example_params_trigger_ui.py for tasks to queue
[2026-07-05T16:07:34.503+0000] {logging_mixin.py:188} INFO - [2026-07-05T16:07:34.499+0000] {dagbag.py:545} INFO - Filling up the DagBag from /home/airflow/.local/lib/python3.11/site-packages/airflow/example_dags/example_params_trigger_ui.py
[2026-07-05T16:07:34.651+0000] {processor.py:840} INFO - DAG(s) 'example_params_trigger_ui' retrieved from /home/airflow/.local/lib/python3.11/site-packages/airflow/example_dags/example_params_trigger_ui.py
[2026-07-05T16:07:35.822+0000] {logging_mixin.py:188} INFO - [2026-07-05T16:07:35.821+0000] {override.py:1829} INFO - Created Permission View: can delete on DAG:example_params_trigger_ui
[2026-07-05T16:07:35.849+0000] {logging_mixin.py:188} INFO - [2026-07-05T16:07:35.847+0000] {override.py:1829} INFO - Created Permission View: can read on DAG:example_params_trigger_ui
[2026-07-05T16:07:35.880+0000] {logging_mixin.py:188} INFO - [2026-07-05T16:07:35.879+0000] {override.py:1829} INFO - Created Permission View: can edit on DAG:example_params_trigger_ui
[2026-07-05T16:07:35.883+0000] {logging_mixin.py:188} INFO - [2026-07-05T16:07:35.882+0000] {dag.py:3096} INFO - Sync 1 DAGs
[2026-07-05T16:07:35.949+0000] {logging_mixin.py:188} INFO - [2026-07-05T16:07:35.949+0000] {dag.py:3118} INFO - Creating ORM DAG for example_params_trigger_ui
[2026-07-05T16:07:35.960+0000] {logging_mixin.py:188} INFO - [2026-07-05T16:07:35.959+0000] {dag.py:3954} INFO - Setting next_dagrun for example_params_trigger_ui to None, run_after=None
[2026-07-05T16:07:36.035+0000] {processor.py:183} INFO - Processing /home/airflow/.local/lib/python3.11/site-packages/airflow/example_dags/example_params_trigger_ui.py took 1.656 seconds
[2026-07-05T16:08:06.121+0000] {processor.py:161} INFO - Started process (PID=146) to work on /home/airflow/.local/lib/python3.11/site-packages/airflow/example_dags/example_params_trigger_ui.py
[2026-07-05T16:08:06.122+0000] {processor.py:830} INFO - Processing file /home/airflow/.local/lib/python3.11/site-packages/airflow/example_dags/example_params_trigger_ui.py for tasks to queue
[2026-07-05T16:08:06.124+0000] {logging_mixin.py:188} INFO - [2026-07-05T16:08:06.124+0000] {dagbag.py:545} INFO - Filling up the DagBag from /home/airflow/.local/lib/python3.11/site-packages/airflow/example_dags/example_params_trigger_ui.py
[2026-07-05T16:08:06.136+0000] {processor.py:840} INFO - DAG(s) 'example_params_trigger_ui' retrieved from /home/airflow/.local/lib/python3.11/site-packages/airflow/example_dags/example_params_trigger_ui.py
[2026-07-05T16:08:06.171+0000] {logging_mixin.py:188} INFO - [2026-07-05T16:08:06.171+0000] {dag.py:3096} INFO - Sync 1 DAGs
[2026-07-05T16:08:06.182+0000] {logging_mixin.py:188} INFO - [2026-07-05T16:08:06.181+0000] {dag.py:3954} INFO - Setting next_dagrun for example_params_trigger_ui to None, run_after=None
[2026-07-05T16:08:06.199+0000] {processor.py:183} INFO - Processing /home/airflow/.local/lib/python3.11/site-packages/airflow/example_dags/example_params_trigger_ui.py took 0.084 seconds
[2026-07-05T16:08:36.596+0000] {processor.py:161} INFO - Started process (PID=204) to work on /home/airflow/.local/lib/python3.11/site-packages/airflow/example_dags/example_params_trigger_ui.py
[2026-07-05T16:08:36.597+0000] {processor.py:830} INFO - Processing file /home/airflow/.local/lib/python3.11/site-packages/airflow/example_dags/example_params_trigger_ui.py for tasks to queue
[2026-07-05T16:08:36.599+0000] {logging_mixin.py:188} INFO - [2026-07-05T16:08:36.598+0000] {dagbag.py:545} INFO - Filling up the DagBag from /home/airflow/.local/lib/python3.11/site-packages/airflow/example_dags/example_params_trigger_ui.py
[2026-07-05T16:08:36.614+0000] {processor.py:840} INFO - DAG(s) 'example_params_trigger_ui' retrieved from /home/airflow/.local/lib/python3.11/site-packages/airflow/example_dags/example_params_trigger_ui.py
[2026-07-05T16:08:36.651+0000] {logging_mixin.py:188} INFO - [2026-07-05T16:08:36.651+0000] {dag.py:3096} INFO - Sync 1 DAGs
[2026-07-05T16:08:36.662+0000] {logging_mixin.py:188} INFO - [2026-07-05T16:08:36.662+0000] {dag.py:3954} INFO - Setting next_dagrun for example_params_trigger_ui to None, run_after=None
[2026-07-05T16:08:36.684+0000] {processor.py:183} INFO - Processing /home/airflow/.local/lib/python3.11/site-packages/airflow/example_dags/example_params_trigger_ui.py took 0.093 seconds
[2026-07-05T16:09:07.020+0000] {processor.py:161} INFO - Started process (PID=262) to work on /home/airflow/.local/lib/python3.11/site-packages/airflow/example_dags/example_params_trigger_ui.py
[2026-07-05T16:09:07.031+0000] {processor.py:830} INFO - Processing file /home/airflow/.local/lib/python3.11/site-packages/airflow/example_dags/example_params_trigger_ui.py for tasks to queue
[2026-07-05T16:09:07.042+0000] {logging_mixin.py:188} INFO - [2026-07-05T16:09:07.040+0000] {dagbag.py:545} INFO - Filling up the DagBag from /home/airflow/.local/lib/python3.11/site-packages/airflow/example_dags/example_params_trigger_ui.py
[2026-07-05T16:09:07.120+0000] {processor.py:840} INFO - DAG(s) 'example_params_trigger_ui' retrieved from /home/airflow/.local/lib/python3.11/site-packages/airflow/example_dags/example_params_trigger_ui.py
[2026-07-05T16:09:07.193+0000] {logging_mixin.py:188} INFO - [2026-07-05T16:09:07.193+0000] {dag.py:3096} INFO - Sync 1 DAGs
[2026-07-05T16:09:07.235+0000] {logging_mixin.py:188} INFO - [2026-07-05T16:09:07.234+0000] {dag.py:3954} INFO - Setting next_dagrun for example_params_trigger_ui to None, run_after=None
[2026-07-05T16:09:07.272+0000] {processor.py:183} INFO - Processing /home/airflow/.local/lib/python3.11/site-packages/airflow/example_dags/example_params_trigger_ui.py took 0.283 seconds
[2026-07-05T16:09:38.097+0000] {processor.py:161} INFO - Started process (PID=320) to work on /home/airflow/.local/lib/python3.11/site-packages/airflow/example_dags/example_params_trigger_ui.py
[2026-07-05T16:09:38.098+0000] {processor.py:830} INFO - Processing file /home/airflow/.local/lib/python3.11/site-packages/airflow/example_dags/example_params_trigger_ui.py for tasks to queue
[2026-07-05T16:09:38.101+0000] {logging_mixin.py:188} INFO - [2026-07-05T16:09:38.100+0000] {dagbag.py:545} INFO - Filling up the DagBag from /home/airflow/.local/lib/python3.11/site-packages/airflow/example_dags/example_params_trigger_ui.py
[2026-07-05T16:09:38.115+0000] {processor.py:840} INFO - DAG(s) 'example_params_trigger_ui' retrieved from /home/airflow/.local/lib/python3.11/site-packages/airflow/example_dags/example_params_trigger_ui.py
[2026-07-05T16:09:38.128+0000] {logging_mixin.py:188} INFO - [2026-07-05T16:09:38.127+0000] {dag.py:3096} INFO - Sync 1 DAGs
[2026-07-05T16:09:38.141+0000] {logging_mixin.py:188} INFO - [2026-07-05T16:09:38.141+0000] {dag.py:3954} INFO - Setting next_dagrun for example_params_trigger_ui to None, run_after=None
[2026-07-05T16:09:38.161+0000] {processor.py:183} INFO - Processing /home/airflow/.local/lib/python3.11/site-packages/airflow/example_dags/example_params_trigger_ui.py took 0.070 seconds
[2026-07-05T16:10:14.531+0000] {processor.py:161} INFO - Started process (PID=83) to work on /home/airflow/.local/lib/python3.11/site-packages/airflow/example_dags/example_params_trigger_ui.py
[2026-07-05T16:10:14.534+0000] {processor.py:830} INFO - Processing file /home/airflow/.local/lib/python3.11/site-packages/airflow/example_dags/example_params_trigger_ui.py for tasks to queue
[2026-07-05T16:10:14.539+0000] {logging_mixin.py:188} INFO - [2026-07-05T16:10:14.538+0000] {dagbag.py:545} INFO - Filling up the DagBag from /home/airflow/.local/lib/python3.11/site-packages/airflow/example_dags/example_params_trigger_ui.py
[2026-07-05T16:10:14.570+0000] {processor.py:840} INFO - DAG(s) 'example_params_trigger_ui' retrieved from /home/airflow/.local/lib/python3.11/site-packages/airflow/example_dags/example_params_trigger_ui.py
[2026-07-05T16:10:14.596+0000] {logging_mixin.py:188} INFO - [2026-07-05T16:10:14.596+0000] {dag.py:3096} INFO - Sync 1 DAGs
[2026-07-05T16:10:14.627+0000] {logging_mixin.py:188} INFO - [2026-07-05T16:10:14.626+0000] {dag.py:3954} INFO - Setting next_dagrun for example_params_trigger_ui to None, run_after=None
[2026-07-05T16:10:14.655+0000] {processor.py:183} INFO - Processing /home/airflow/.local/lib/python3.11/site-packages/airflow/example_dags/example_params_trigger_ui.py took 0.133 seconds
[2026-07-05T16:10:45.078+0000] {processor.py:161} INFO - Started process (PID=142) to work on /home/airflow/.local/lib/python3.11/site-packages/airflow/example_dags/example_params_trigger_ui.py
[2026-07-05T16:10:45.080+0000] {processor.py:830} INFO - Processing file /home/airflow/.local/lib/python3.11/site-packages/airflow/example_dags/example_params_trigger_ui.py for tasks to queue
[2026-07-05T16:10:45.083+0000] {logging_mixin.py:188} INFO - [2026-07-05T16:10:45.082+0000] {dagbag.py:545} INFO - Filling up the DagBag from /home/airflow/.local/lib/python3.11/site-packages/airflow/example_dags/example_params_trigger_ui.py
[2026-07-05T16:10:45.105+0000] {processor.py:840} INFO - DAG(s) 'example_params_trigger_ui' retrieved from /home/airflow/.local/lib/python3.11/site-packages/airflow/example_dags/example_params_trigger_ui.py
[2026-07-05T16:10:45.319+0000] {logging_mixin.py:188} INFO - [2026-07-05T16:10:45.318+0000] {dag.py:3096} INFO - Sync 1 DAGs
[2026-07-05T16:10:45.350+0000] {logging_mixin.py:188} INFO - [2026-07-05T16:10:45.350+0000] {dag.py:3954} INFO - Setting next_dagrun for example_params_trigger_ui to None, run_after=None
[2026-07-05T16:10:45.402+0000] {processor.py:183} INFO - Processing /home/airflow/.local/lib/python3.11/site-packages/airflow/example_dags/example_params_trigger_ui.py took 0.333 seconds
[2026-07-05T16:11:15.957+0000] {processor.py:161} INFO - Started process (PID=200) to work on /home/airflow/.local/lib/python3.11/site-packages/airflow/example_dags/example_params_trigger_ui.py
[2026-07-05T16:11:15.958+0000] {processor.py:830} INFO - Processing file /home/airflow/.local/lib/python3.11/site-packages/airflow/example_dags/example_params_trigger_ui.py for tasks to queue
[2026-07-05T16:11:15.960+0000] {logging_mixin.py:188} INFO - [2026-07-05T16:11:15.960+0000] {dagbag.py:545} INFO - Filling up the DagBag from /home/airflow/.local/lib/python3.11/site-packages/airflow/example_dags/example_params_trigger_ui.py
[2026-07-05T16:11:15.974+0000] {processor.py:840} INFO - DAG(s) 'example_params_trigger_ui' retrieved from /home/airflow/.local/lib/python3.11/site-packages/airflow/example_dags/example_params_trigger_ui.py
[2026-07-05T16:11:16.009+0000] {logging_mixin.py:188} INFO - [2026-07-05T16:11:16.009+0000] {dag.py:3096} INFO - Sync 1 DAGs
[2026-07-05T16:11:16.022+0000] {logging_mixin.py:188} INFO - [2026-07-05T16:11:16.022+0000] {dag.py:3954} INFO - Setting next_dagrun for example_params_trigger_ui to None, run_after=None
[2026-07-05T16:11:16.044+0000] {processor.py:183} INFO - Processing /home/airflow/.local/lib/python3.11/site-packages/airflow/example_dags/example_params_trigger_ui.py took 0.093 seconds
[2026-07-05T16:11:46.683+0000] {processor.py:161} INFO - Started process (PID=258) to work on /home/airflow/.local/lib/python3.11/site-packages/airflow/example_dags/example_params_trigger_ui.py
[2026-07-05T16:11:46.684+0000] {processor.py:830} INFO - Processing file /home/airflow/.local/lib/python3.11/site-packages/airflow/example_dags/example_params_trigger_ui.py for tasks to queue
[2026-07-05T16:11:46.687+0000] {logging_mixin.py:188} INFO - [2026-07-05T16:11:46.687+0000] {dagbag.py:545} INFO - Filling up the DagBag from /home/airflow/.local/lib/python3.11/site-packages/airflow/example_dags/example_params_trigger_ui.py
[2026-07-05T16:11:46.716+0000] {processor.py:840} INFO - DAG(s) 'example_params_trigger_ui' retrieved from /home/airflow/.local/lib/python3.11/site-packages/airflow/example_dags/example_params_trigger_ui.py
[2026-07-05T16:11:46.734+0000] {logging_mixin.py:188} INFO - [2026-07-05T16:11:46.734+0000] {dag.py:3096} INFO - Sync 1 DAGs
[2026-07-05T16:11:46.755+0000] {logging_mixin.py:188} INFO - [2026-07-05T16:11:46.755+0000] {dag.py:3954} INFO - Setting next_dagrun for example_params_trigger_ui to None, run_after=None
[2026-07-05T16:11:46.788+0000] {processor.py:183} INFO - Processing /home/airflow/.local/lib/python3.11/site-packages/airflow/example_dags/example_params_trigger_ui.py took 0.111 seconds
[2026-07-05T16:12:17.166+0000] {processor.py:161} INFO - Started process (PID=316) to work on /home/airflow/.local/lib/python3.11/site-packages/airflow/example_dags/example_params_trigger_ui.py
[2026-07-05T16:12:17.168+0000] {processor.py:830} INFO - Processing file /home/airflow/.local/lib/python3.11/site-packages/airflow/example_dags/example_params_trigger_ui.py for tasks to queue
[2026-07-05T16:12:17.173+0000] {logging_mixin.py:188} INFO - [2026-07-05T16:12:17.172+0000] {dagbag.py:545} INFO - Filling up the DagBag from /home/airflow/.local/lib/python3.11/site-packages/airflow/example_dags/example_params_trigger_ui.py
[2026-07-05T16:12:17.194+0000] {processor.py:840} INFO - DAG(s) 'example_params_trigger_ui' retrieved from /home/airflow/.local/lib/python3.11/site-packages/airflow/example_dags/example_params_trigger_ui.py
[2026-07-05T16:12:17.384+0000] {logging_mixin.py:188} INFO - [2026-07-05T16:12:17.384+0000] {dag.py:3096} INFO - Sync 1 DAGs
[2026-07-05T16:12:17.401+0000] {logging_mixin.py:188} INFO - [2026-07-05T16:12:17.401+0000] {dag.py:3954} INFO - Setting next_dagrun for example_params_trigger_ui to None, run_after=None
[2026-07-05T16:12:17.442+0000] {processor.py:183} INFO - Processing /home/airflow/.local/lib/python3.11/site-packages/airflow/example_dags/example_params_trigger_ui.py took 0.288 seconds
[2026-07-05T16:12:47.762+0000] {processor.py:161} INFO - Started process (PID=375) to work on /home/airflow/.local/lib/python3.11/site-packages/airflow/example_dags/example_params_trigger_ui.py
[2026-07-05T16:12:47.763+0000] {processor.py:830} INFO - Processing file /home/airflow/.local/lib/python3.11/site-packages/airflow/example_dags/example_params_trigger_ui.py for tasks to queue
[2026-07-05T16:12:47.764+0000] {logging_mixin.py:188} INFO - [2026-07-05T16:12:47.764+0000] {dagbag.py:545} INFO - Filling up the DagBag from /home/airflow/.local/lib/python3.11/site-packages/airflow/example_dags/example_params_trigger_ui.py
[2026-07-05T16:12:47.778+0000] {processor.py:840} INFO - DAG(s) 'example_params_trigger_ui' retrieved from /home/airflow/.local/lib/python3.11/site-packages/airflow/example_dags/example_params_trigger_ui.py
[2026-07-05T16:12:47.822+0000] {logging_mixin.py:188} INFO - [2026-07-05T16:12:47.822+0000] {dag.py:3096} INFO - Sync 1 DAGs
[2026-07-05T16:12:47.835+0000] {logging_mixin.py:188} INFO - [2026-07-05T16:12:47.834+0000] {dag.py:3954} INFO - Setting next_dagrun for example_params_trigger_ui to None, run_after=None
[2026-07-05T16:12:47.855+0000] {processor.py:183} INFO - Processing /home/airflow/.local/lib/python3.11/site-packages/airflow/example_dags/example_params_trigger_ui.py took 0.099 seconds
[2026-07-05T16:13:18.322+0000] {processor.py:161} INFO - Started process (PID=433) to work on /home/airflow/.local/lib/python3.11/site-packages/airflow/example_dags/example_params_trigger_ui.py
[2026-07-05T16:13:18.323+0000] {processor.py:830} INFO - Processing file /home/airflow/.local/lib/python3.11/site-packages/airflow/example_dags/example_params_trigger_ui.py for tasks to queue
[2026-07-05T16:13:18.325+0000] {logging_mixin.py:188} INFO - [2026-07-05T16:13:18.325+0000] {dagbag.py:545} INFO - Filling up the DagBag from /home/airflow/.local/lib/python3.11/site-packages/airflow/example_dags/example_params_trigger_ui.py
[2026-07-05T16:13:18.340+0000] {processor.py:840} INFO - DAG(s) 'example_params_trigger_ui' retrieved from /home/airflow/.local/lib/python3.11/site-packages/airflow/example_dags/example_params_trigger_ui.py
[2026-07-05T16:13:18.379+0000] {logging_mixin.py:188} INFO - [2026-07-05T16:13:18.378+0000] {dag.py:3096} INFO - Sync 1 DAGs
[2026-07-05T16:13:18.392+0000] {logging_mixin.py:188} INFO - [2026-07-05T16:13:18.391+0000] {dag.py:3954} INFO - Setting next_dagrun for example_params_trigger_ui to None, run_after=None
[2026-07-05T16:13:18.411+0000] {processor.py:183} INFO - Processing /home/airflow/.local/lib/python3.11/site-packages/airflow/example_dags/example_params_trigger_ui.py took 0.096 seconds
[2026-07-05T16:13:48.760+0000] {processor.py:161} INFO - Started process (PID=491) to work on /home/airflow/.local/lib/python3.11/site-packages/airflow/example_dags/example_params_trigger_ui.py
[2026-07-05T16:13:48.761+0000] {processor.py:830} INFO - Processing file /home/airflow/.local/lib/python3.11/site-packages/airflow/example_dags/example_params_trigger_ui.py for tasks to queue
[2026-07-05T16:13:48.763+0000] {logging_mixin.py:188} INFO - [2026-07-05T16:13:48.762+0000] {dagbag.py:545} INFO - Filling up the DagBag from /home/airflow/.local/lib/python3.11/site-packages/airflow/example_dags/example_params_trigger_ui.py
[2026-07-05T16:13:48.775+0000] {processor.py:840} INFO - DAG(s) 'example_params_trigger_ui' retrieved from /home/airflow/.local/lib/python3.11/site-packages/airflow/example_dags/example_params_trigger_ui.py
[2026-07-05T16:13:48.823+0000] {logging_mixin.py:188} INFO - [2026-07-05T16:13:48.822+0000] {dag.py:3096} INFO - Sync 1 DAGs
[2026-07-05T16:13:48.839+0000] {logging_mixin.py:188} INFO - [2026-07-05T16:13:48.839+0000] {dag.py:3954} INFO - Setting next_dagrun for example_params_trigger_ui to None, run_after=None
[2026-07-05T16:13:48.868+0000] {processor.py:183} INFO - Processing /home/airflow/.local/lib/python3.11/site-packages/airflow/example_dags/example_params_trigger_ui.py took 0.114 seconds
[2026-07-05T16:14:18.970+0000] {processor.py:161} INFO - Started process (PID=549) to work on /home/airflow/.local/lib/python3.11/site-packages/airflow/example_dags/example_params_trigger_ui.py
[2026-07-05T16:14:18.971+0000] {processor.py:830} INFO - Processing file /home/airflow/.local/lib/python3.11/site-packages/airflow/example_dags/example_params_trigger_ui.py for tasks to queue
[2026-07-05T16:14:18.975+0000] {logging_mixin.py:188} INFO - [2026-07-05T16:14:18.973+0000] {dagbag.py:545} INFO - Filling up the DagBag from /home/airflow/.local/lib/python3.11/site-packages/airflow/example_dags/example_params_trigger_ui.py
[2026-07-05T16:14:18.992+0000] {processor.py:840} INFO - DAG(s) 'example_params_trigger_ui' retrieved from /home/airflow/.local/lib/python3.11/site-packages/airflow/example_dags/example_params_trigger_ui.py
[2026-07-05T16:14:19.030+0000] {logging_mixin.py:188} INFO - [2026-07-05T16:14:19.030+0000] {dag.py:3096} INFO - Sync 1 DAGs
[2026-07-05T16:14:19.042+0000] {logging_mixin.py:188} INFO - [2026-07-05T16:14:19.042+0000] {dag.py:3954} INFO - Setting next_dagrun for example_params_trigger_ui to None, run_after=None
[2026-07-05T16:14:19.061+0000] {processor.py:183} INFO - Processing /home/airflow/.local/lib/python3.11/site-packages/airflow/example_dags/example_params_trigger_ui.py took 0.098 seconds
[2026-07-05T16:14:49.186+0000] {processor.py:161} INFO - Started process (PID=607) to work on /home/airflow/.local/lib/python3.11/site-packages/airflow/example_dags/example_params_trigger_ui.py
[2026-07-05T16:14:49.187+0000] {processor.py:830} INFO - Processing file /home/airflow/.local/lib/python3.11/site-packages/airflow/example_dags/example_params_trigger_ui.py for tasks to queue
[2026-07-05T16:14:49.189+0000] {logging_mixin.py:188} INFO - [2026-07-05T16:14:49.188+0000] {dagbag.py:545} INFO - Filling up the DagBag from /home/airflow/.local/lib/python3.11/site-packages/airflow/example_dags/example_params_trigger_ui.py
[2026-07-05T16:14:49.203+0000] {processor.py:840} INFO - DAG(s) 'example_params_trigger_ui' retrieved from /home/airflow/.local/lib/python3.11/site-packages/airflow/example_dags/example_params_trigger_ui.py
[2026-07-05T16:14:49.257+0000] {logging_mixin.py:188} INFO - [2026-07-05T16:14:49.257+0000] {dag.py:3096} INFO - Sync 1 DAGs
[2026-07-05T16:14:49.272+0000] {logging_mixin.py:188} INFO - [2026-07-05T16:14:49.272+0000] {dag.py:3954} INFO - Setting next_dagrun for example_params_trigger_ui to None, run_after=None
[2026-07-05T16:14:49.291+0000] {processor.py:183} INFO - Processing /home/airflow/.local/lib/python3.11/site-packages/airflow/example_dags/example_params_trigger_ui.py took 0.111 seconds
[2026-07-05T16:15:19.396+0000] {processor.py:161} INFO - Started process (PID=665) to work on /home/airflow/.local/lib/python3.11/site-packages/airflow/example_dags/example_params_trigger_ui.py
[2026-07-05T16:15:19.397+0000] {processor.py:830} INFO - Processing file /home/airflow/.local/lib/python3.11/site-packages/airflow/example_dags/example_params_trigger_ui.py for tasks to queue
[2026-07-05T16:15:19.399+0000] {logging_mixin.py:188} INFO - [2026-07-05T16:15:19.398+0000] {dagbag.py:545} INFO - Filling up the DagBag from /home/airflow/.local/lib/python3.11/site-packages/airflow/example_dags/example_params_trigger_ui.py
[2026-07-05T16:15:19.410+0000] {processor.py:840} INFO - DAG(s) 'example_params_trigger_ui' retrieved from /home/airflow/.local/lib/python3.11/site-packages/airflow/example_dags/example_params_trigger_ui.py
[2026-07-05T16:15:19.444+0000] {logging_mixin.py:188} INFO - [2026-07-05T16:15:19.444+0000] {dag.py:3096} INFO - Sync 1 DAGs
[2026-07-05T16:15:19.454+0000] {logging_mixin.py:188} INFO - [2026-07-05T16:15:19.453+0000] {dag.py:3954} INFO - Setting next_dagrun for example_params_trigger_ui to None, run_after=None
[2026-07-05T16:15:19.470+0000] {processor.py:183} INFO - Processing /home/airflow/.local/lib/python3.11/site-packages/airflow/example_dags/example_params_trigger_ui.py took 0.080 seconds
[2026-07-05T16:15:49.575+0000] {processor.py:161} INFO - Started process (PID=723) to work on /home/airflow/.local/lib/python3.11/site-packages/airflow/example_dags/example_params_trigger_ui.py
[2026-07-05T16:15:49.576+0000] {processor.py:830} INFO - Processing file /home/airflow/.local/lib/python3.11/site-packages/airflow/example_dags/example_params_trigger_ui.py for tasks to queue
[2026-07-05T16:15:49.578+0000] {logging_mixin.py:188} INFO - [2026-07-05T16:15:49.577+0000] {dagbag.py:545} INFO - Filling up the DagBag from /home/airflow/.local/lib/python3.11/site-packages/airflow/example_dags/example_params_trigger_ui.py
[2026-07-05T16:15:49.590+0000] {processor.py:840} INFO - DAG(s) 'example_params_trigger_ui' retrieved from /home/airflow/.local/lib/python3.11/site-packages/airflow/example_dags/example_params_trigger_ui.py
[2026-07-05T16:15:49.626+0000] {logging_mixin.py:188} INFO - [2026-07-05T16:15:49.626+0000] {dag.py:3096} INFO - Sync 1 DAGs
[2026-07-05T16:15:49.638+0000] {logging_mixin.py:188} INFO - [2026-07-05T16:15:49.638+0000] {dag.py:3954} INFO - Setting next_dagrun for example_params_trigger_ui to None, run_after=None
[2026-07-05T16:15:49.657+0000] {processor.py:183} INFO - Processing /home/airflow/.local/lib/python3.11/site-packages/airflow/example_dags/example_params_trigger_ui.py took 0.090 seconds
[2026-07-05T16:16:19.733+0000] {processor.py:161} INFO - Started process (PID=781) to work on /home/airflow/.local/lib/python3.11/site-packages/airflow/example_dags/example_params_trigger_ui.py
[2026-07-05T16:16:19.734+0000] {processor.py:830} INFO - Processing file /home/airflow/.local/lib/python3.11/site-packages/airflow/example_dags/example_params_trigger_ui.py for tasks to queue
[2026-07-05T16:16:19.736+0000] {logging_mixin.py:188} INFO - [2026-07-05T16:16:19.736+0000] {dagbag.py:545} INFO - Filling up the DagBag from /home/airflow/.local/lib/python3.11/site-packages/airflow/example_dags/example_params_trigger_ui.py
[2026-07-05T16:16:19.750+0000] {processor.py:840} INFO - DAG(s) 'example_params_trigger_ui' retrieved from /home/airflow/.local/lib/python3.11/site-packages/airflow/example_dags/example_params_trigger_ui.py
[2026-07-05T16:16:19.812+0000] {logging_mixin.py:188} INFO - [2026-07-05T16:16:19.812+0000] {dag.py:3096} INFO - Sync 1 DAGs
[2026-07-05T16:16:19.825+0000] {logging_mixin.py:188} INFO - [2026-07-05T16:16:19.825+0000] {dag.py:3954} INFO - Setting next_dagrun for example_params_trigger_ui to None, run_after=None
[2026-07-05T16:16:19.844+0000] {processor.py:183} INFO - Processing /home/airflow/.local/lib/python3.11/site-packages/airflow/example_dags/example_params_trigger_ui.py took 0.119 seconds
[2026-07-05T16:16:50.005+0000] {processor.py:161} INFO - Started process (PID=839) to work on /home/airflow/.local/lib/python3.11/site-packages/airflow/example_dags/example_params_trigger_ui.py
[2026-07-05T16:16:50.006+0000] {processor.py:830} INFO - Processing file /home/airflow/.local/lib/python3.11/site-packages/airflow/example_dags/example_params_trigger_ui.py for tasks to queue
[2026-07-05T16:16:50.008+0000] {logging_mixin.py:188} INFO - [2026-07-05T16:16:50.008+0000] {dagbag.py:545} INFO - Filling up the DagBag from /home/airflow/.local/lib/python3.11/site-packages/airflow/example_dags/example_params_trigger_ui.py
[2026-07-05T16:16:50.020+0000] {processor.py:840} INFO - DAG(s) 'example_params_trigger_ui' retrieved from /home/airflow/.local/lib/python3.11/site-packages/airflow/example_dags/example_params_trigger_ui.py
[2026-07-05T16:16:50.055+0000] {logging_mixin.py:188} INFO - [2026-07-05T16:16:50.055+0000] {dag.py:3096} INFO - Sync 1 DAGs
[2026-07-05T16:16:50.067+0000] {logging_mixin.py:188} INFO - [2026-07-05T16:16:50.066+0000] {dag.py:3954} INFO - Setting next_dagrun for example_params_trigger_ui to None, run_after=None
[2026-07-05T16:16:50.085+0000] {processor.py:183} INFO - Processing /home/airflow/.local/lib/python3.11/site-packages/airflow/example_dags/example_params_trigger_ui.py took 0.086 seconds
[2026-07-05T16:17:20.341+0000] {processor.py:161} INFO - Started process (PID=897) to work on /home/airflow/.local/lib/python3.11/site-packages/airflow/example_dags/example_params_trigger_ui.py
[2026-07-05T16:17:20.342+0000] {processor.py:830} INFO - Processing file /home/airflow/.local/lib/python3.11/site-packages/airflow/example_dags/example_params_trigger_ui.py for tasks to queue
[2026-07-05T16:17:20.344+0000] {logging_mixin.py:188} INFO - [2026-07-05T16:17:20.344+0000] {dagbag.py:545} INFO - Filling up the DagBag from /home/airflow/.local/lib/python3.11/site-packages/airflow/example_dags/example_params_trigger_ui.py
[2026-07-05T16:17:20.356+0000] {processor.py:840} INFO - DAG(s) 'example_params_trigger_ui' retrieved from /home/airflow/.local/lib/python3.11/site-packages/airflow/example_dags/example_params_trigger_ui.py
[2026-07-05T16:17:20.395+0000] {logging_mixin.py:188} INFO - [2026-07-05T16:17:20.395+0000] {dag.py:3096} INFO - Sync 1 DAGs
[2026-07-05T16:17:20.407+0000] {logging_mixin.py:188} INFO - [2026-07-05T16:17:20.407+0000] {dag.py:3954} INFO - Setting next_dagrun for example_params_trigger_ui to None, run_after=None
[2026-07-05T16:17:20.425+0000] {processor.py:183} INFO - Processing /home/airflow/.local/lib/python3.11/site-packages/airflow/example_dags/example_params_trigger_ui.py took 0.089 seconds
[2026-07-05T16:17:50.758+0000] {processor.py:161} INFO - Started process (PID=955) to work on /home/airflow/.local/lib/python3.11/site-packages/airflow/example_dags/example_params_trigger_ui.py
[2026-07-05T16:17:50.759+0000] {processor.py:830} INFO - Processing file /home/airflow/.local/lib/python3.11/site-packages/airflow/example_dags/example_params_trigger_ui.py for tasks to queue
[2026-07-05T16:17:50.761+0000] {logging_mixin.py:188} INFO - [2026-07-05T16:17:50.761+0000] {dagbag.py:545} INFO - Filling up the DagBag from /home/airflow/.local/lib/python3.11/site-packages/airflow/example_dags/example_params_trigger_ui.py
[2026-07-05T16:17:50.774+0000] {processor.py:840} INFO - DAG(s) 'example_params_trigger_ui' retrieved from /home/airflow/.local/lib/python3.11/site-packages/airflow/example_dags/example_params_trigger_ui.py
[2026-07-05T16:17:50.817+0000] {logging_mixin.py:188} INFO - [2026-07-05T16:17:50.817+0000] {dag.py:3096} INFO - Sync 1 DAGs
[2026-07-05T16:17:50.833+0000] {logging_mixin.py:188} INFO - [2026-07-05T16:17:50.833+0000] {dag.py:3954} INFO - Setting next_dagrun for example_params_trigger_ui to None, run_after=None
[2026-07-05T16:17:50.855+0000] {processor.py:183} INFO - Processing /home/airflow/.local/lib/python3.11/site-packages/airflow/example_dags/example_params_trigger_ui.py took 0.103 seconds
[2026-07-05T16:18:21.575+0000] {processor.py:161} INFO - Started process (PID=1013) to work on /home/airflow/.local/lib/python3.11/site-packages/airflow/example_dags/example_params_trigger_ui.py
[2026-07-05T16:18:21.577+0000] {processor.py:830} INFO - Processing file /home/airflow/.local/lib/python3.11/site-packages/airflow/example_dags/example_params_trigger_ui.py for tasks to queue
[2026-07-05T16:18:21.580+0000] {logging_mixin.py:188} INFO - [2026-07-05T16:18:21.579+0000] {dagbag.py:545} INFO - Filling up the DagBag from /home/airflow/.local/lib/python3.11/site-packages/airflow/example_dags/example_params_trigger_ui.py
[2026-07-05T16:18:21.601+0000] {processor.py:840} INFO - DAG(s) 'example_params_trigger_ui' retrieved from /home/airflow/.local/lib/python3.11/site-packages/airflow/example_dags/example_params_trigger_ui.py
[2026-07-05T16:18:21.716+0000] {logging_mixin.py:188} INFO - [2026-07-05T16:18:21.716+0000] {dag.py:3096} INFO - Sync 1 DAGs
[2026-07-05T16:18:21.736+0000] {logging_mixin.py:188} INFO - [2026-07-05T16:18:21.736+0000] {dag.py:3954} INFO - Setting next_dagrun for example_params_trigger_ui to None, run_after=None
[2026-07-05T16:18:21.767+0000] {processor.py:183} INFO - Processing /home/airflow/.local/lib/python3.11/site-packages/airflow/example_dags/example_params_trigger_ui.py took 0.201 seconds
[2026-07-05T16:18:51.876+0000] {processor.py:161} INFO - Started process (PID=1071) to work on /home/airflow/.local/lib/python3.11/site-packages/airflow/example_dags/example_params_trigger_ui.py
[2026-07-05T16:18:51.877+0000] {processor.py:830} INFO - Processing file /home/airflow/.local/lib/python3.11/site-packages/airflow/example_dags/example_params_trigger_ui.py for tasks to queue
[2026-07-05T16:18:51.878+0000] {logging_mixin.py:188} INFO - [2026-07-05T16:18:51.878+0000] {dagbag.py:545} INFO - Filling up the DagBag from /home/airflow/.local/lib/python3.11/site-packages/airflow/example_dags/example_params_trigger_ui.py
[2026-07-05T16:18:51.891+0000] {processor.py:840} INFO - DAG(s) 'example_params_trigger_ui' retrieved from /home/airflow/.local/lib/python3.11/site-packages/airflow/example_dags/example_params_trigger_ui.py
[2026-07-05T16:18:51.931+0000] {logging_mixin.py:188} INFO - [2026-07-05T16:18:51.931+0000] {dag.py:3096} INFO - Sync 1 DAGs
[2026-07-05T16:18:51.944+0000] {logging_mixin.py:188} INFO - [2026-07-05T16:18:51.944+0000] {dag.py:3954} INFO - Setting next_dagrun for example_params_trigger_ui to None, run_after=None
[2026-07-05T16:18:51.964+0000] {processor.py:183} INFO - Processing /home/airflow/.local/lib/python3.11/site-packages/airflow/example_dags/example_params_trigger_ui.py took 0.094 seconds
