[2026-07-05T16:07:40.326+0000] {processor.py:161} INFO - Started process (PID=107) to work on /home/airflow/.local/lib/python3.11/site-packages/airflow/example_dags/example_branch_operator.py
[2026-07-05T16:07:40.328+0000] {processor.py:830} INFO - Processing file /home/airflow/.local/lib/python3.11/site-packages/airflow/example_dags/example_branch_operator.py for tasks to queue
[2026-07-05T16:07:40.335+0000] {logging_mixin.py:188} INFO - [2026-07-05T16:07:40.333+0000] {dagbag.py:545} INFO - Filling up the DagBag from /home/airflow/.local/lib/python3.11/site-packages/airflow/example_dags/example_branch_operator.py
[2026-07-05T16:07:40.362+0000] {processor.py:840} INFO - DAG(s) 'example_branch_operator' retrieved from /home/airflow/.local/lib/python3.11/site-packages/airflow/example_dags/example_branch_operator.py
[2026-07-05T16:07:40.524+0000] {logging_mixin.py:188} INFO - [2026-07-05T16:07:40.524+0000] {override.py:1829} INFO - Created Permission View: can delete on DAG:example_branch_operator
[2026-07-05T16:07:40.536+0000] {logging_mixin.py:188} INFO - [2026-07-05T16:07:40.536+0000] {override.py:1829} INFO - Created Permission View: can read on DAG:example_branch_operator
[2026-07-05T16:07:40.544+0000] {logging_mixin.py:188} INFO - [2026-07-05T16:07:40.544+0000] {override.py:1829} INFO - Created Permission View: can edit on DAG:example_branch_operator
[2026-07-05T16:07:40.550+0000] {logging_mixin.py:188} INFO - [2026-07-05T16:07:40.550+0000] {dag.py:3096} INFO - Sync 1 DAGs
[2026-07-05T16:07:40.562+0000] {logging_mixin.py:188} INFO - [2026-07-05T16:07:40.562+0000] {dag.py:3118} INFO - Creating ORM DAG for example_branch_operator
[2026-07-05T16:07:40.576+0000] {logging_mixin.py:188} INFO - [2026-07-05T16:07:40.576+0000] {dag.py:3954} INFO - Setting next_dagrun for example_branch_operator to 2026-07-04 00:00:00+00:00, run_after=2026-07-05 00:00:00+00:00
[2026-07-05T16:07:40.602+0000] {processor.py:183} INFO - Processing /home/airflow/.local/lib/python3.11/site-packages/airflow/example_dags/example_branch_operator.py took 0.285 seconds
[2026-07-05T16:08:11.344+0000] {processor.py:161} INFO - Started process (PID=165) to work on /home/airflow/.local/lib/python3.11/site-packages/airflow/example_dags/example_branch_operator.py
[2026-07-05T16:08:11.345+0000] {processor.py:830} INFO - Processing file /home/airflow/.local/lib/python3.11/site-packages/airflow/example_dags/example_branch_operator.py for tasks to queue
[2026-07-05T16:08:11.347+0000] {logging_mixin.py:188} INFO - [2026-07-05T16:08:11.347+0000] {dagbag.py:545} INFO - Filling up the DagBag from /home/airflow/.local/lib/python3.11/site-packages/airflow/example_dags/example_branch_operator.py
[2026-07-05T16:08:11.364+0000] {processor.py:840} INFO - DAG(s) 'example_branch_operator' retrieved from /home/airflow/.local/lib/python3.11/site-packages/airflow/example_dags/example_branch_operator.py
[2026-07-05T16:08:11.387+0000] {logging_mixin.py:188} INFO - [2026-07-05T16:08:11.387+0000] {dag.py:3096} INFO - Sync 1 DAGs
[2026-07-05T16:08:11.407+0000] {logging_mixin.py:188} INFO - [2026-07-05T16:08:11.407+0000] {dag.py:3954} INFO - Setting next_dagrun for example_branch_operator to 2026-07-04 00:00:00+00:00, run_after=2026-07-05 00:00:00+00:00
[2026-07-05T16:08:11.426+0000] {processor.py:183} INFO - Processing /home/airflow/.local/lib/python3.11/site-packages/airflow/example_dags/example_branch_operator.py took 0.088 seconds
[2026-07-05T16:08:42.038+0000] {processor.py:161} INFO - Started process (PID=223) to work on /home/airflow/.local/lib/python3.11/site-packages/airflow/example_dags/example_branch_operator.py
[2026-07-05T16:08:42.040+0000] {processor.py:830} INFO - Processing file /home/airflow/.local/lib/python3.11/site-packages/airflow/example_dags/example_branch_operator.py for tasks to queue
[2026-07-05T16:08:42.042+0000] {logging_mixin.py:188} INFO - [2026-07-05T16:08:42.042+0000] {dagbag.py:545} INFO - Filling up the DagBag from /home/airflow/.local/lib/python3.11/site-packages/airflow/example_dags/example_branch_operator.py
[2026-07-05T16:08:42.060+0000] {processor.py:840} INFO - DAG(s) 'example_branch_operator' retrieved from /home/airflow/.local/lib/python3.11/site-packages/airflow/example_dags/example_branch_operator.py
[2026-07-05T16:08:42.093+0000] {logging_mixin.py:188} INFO - [2026-07-05T16:08:42.092+0000] {dag.py:3096} INFO - Sync 1 DAGs
[2026-07-05T16:08:42.123+0000] {logging_mixin.py:188} INFO - [2026-07-05T16:08:42.122+0000] {dag.py:3954} INFO - Setting next_dagrun for example_branch_operator to 2026-07-04 00:00:00+00:00, run_after=2026-07-05 00:00:00+00:00
[2026-07-05T16:08:42.143+0000] {processor.py:183} INFO - Processing /home/airflow/.local/lib/python3.11/site-packages/airflow/example_dags/example_branch_operator.py took 0.111 seconds
[2026-07-05T16:09:12.249+0000] {processor.py:161} INFO - Started process (PID=281) to work on /home/airflow/.local/lib/python3.11/site-packages/airflow/example_dags/example_branch_operator.py
[2026-07-05T16:09:12.250+0000] {processor.py:830} INFO - Processing file /home/airflow/.local/lib/python3.11/site-packages/airflow/example_dags/example_branch_operator.py for tasks to queue
[2026-07-05T16:09:12.255+0000] {logging_mixin.py:188} INFO - [2026-07-05T16:09:12.254+0000] {dagbag.py:545} INFO - Filling up the DagBag from /home/airflow/.local/lib/python3.11/site-packages/airflow/example_dags/example_branch_operator.py
[2026-07-05T16:09:12.286+0000] {processor.py:840} INFO - DAG(s) 'example_branch_operator' retrieved from /home/airflow/.local/lib/python3.11/site-packages/airflow/example_dags/example_branch_operator.py
[2026-07-05T16:09:12.311+0000] {logging_mixin.py:188} INFO - [2026-07-05T16:09:12.310+0000] {dag.py:3096} INFO - Sync 1 DAGs
[2026-07-05T16:09:12.348+0000] {logging_mixin.py:188} INFO - [2026-07-05T16:09:12.348+0000] {dag.py:3954} INFO - Setting next_dagrun for example_branch_operator to 2026-07-04 00:00:00+00:00, run_after=2026-07-05 00:00:00+00:00
[2026-07-05T16:09:12.378+0000] {processor.py:183} INFO - Processing /home/airflow/.local/lib/python3.11/site-packages/airflow/example_dags/example_branch_operator.py took 0.137 seconds
[2026-07-05T16:09:43.195+0000] {processor.py:161} INFO - Started process (PID=339) to work on /home/airflow/.local/lib/python3.11/site-packages/airflow/example_dags/example_branch_operator.py
[2026-07-05T16:09:43.196+0000] {processor.py:830} INFO - Processing file /home/airflow/.local/lib/python3.11/site-packages/airflow/example_dags/example_branch_operator.py for tasks to queue
[2026-07-05T16:09:43.199+0000] {logging_mixin.py:188} INFO - [2026-07-05T16:09:43.198+0000] {dagbag.py:545} INFO - Filling up the DagBag from /home/airflow/.local/lib/python3.11/site-packages/airflow/example_dags/example_branch_operator.py
[2026-07-05T16:09:43.216+0000] {processor.py:840} INFO - DAG(s) 'example_branch_operator' retrieved from /home/airflow/.local/lib/python3.11/site-packages/airflow/example_dags/example_branch_operator.py
[2026-07-05T16:09:43.345+0000] {logging_mixin.py:188} INFO - [2026-07-05T16:09:43.344+0000] {dag.py:3096} INFO - Sync 1 DAGs
[2026-07-05T16:09:43.373+0000] {logging_mixin.py:188} INFO - [2026-07-05T16:09:43.372+0000] {dag.py:3954} INFO - Setting next_dagrun for example_branch_operator to 2026-07-04 00:00:00+00:00, run_after=2026-07-05 00:00:00+00:00
[2026-07-05T16:09:43.399+0000] {processor.py:183} INFO - Processing /home/airflow/.local/lib/python3.11/site-packages/airflow/example_dags/example_branch_operator.py took 0.211 seconds
[2026-07-05T16:10:16.635+0000] {processor.py:161} INFO - Started process (PID=102) to work on /home/airflow/.local/lib/python3.11/site-packages/airflow/example_dags/example_branch_operator.py
[2026-07-05T16:10:16.636+0000] {processor.py:830} INFO - Processing file /home/airflow/.local/lib/python3.11/site-packages/airflow/example_dags/example_branch_operator.py for tasks to queue
[2026-07-05T16:10:16.639+0000] {logging_mixin.py:188} INFO - [2026-07-05T16:10:16.638+0000] {dagbag.py:545} INFO - Filling up the DagBag from /home/airflow/.local/lib/python3.11/site-packages/airflow/example_dags/example_branch_operator.py
[2026-07-05T16:10:16.661+0000] {processor.py:840} INFO - DAG(s) 'example_branch_operator' retrieved from /home/airflow/.local/lib/python3.11/site-packages/airflow/example_dags/example_branch_operator.py
[2026-07-05T16:10:16.674+0000] {logging_mixin.py:188} INFO - [2026-07-05T16:10:16.674+0000] {dag.py:3096} INFO - Sync 1 DAGs
[2026-07-05T16:10:16.696+0000] {logging_mixin.py:188} INFO - [2026-07-05T16:10:16.696+0000] {dag.py:3954} INFO - Setting next_dagrun for example_branch_operator to 2026-07-04 00:00:00+00:00, run_after=2026-07-05 00:00:00+00:00
[2026-07-05T16:10:16.718+0000] {processor.py:183} INFO - Processing /home/airflow/.local/lib/python3.11/site-packages/airflow/example_dags/example_branch_operator.py took 0.091 seconds
[2026-07-05T16:10:48.050+0000] {processor.py:161} INFO - Started process (PID=161) to work on /home/airflow/.local/lib/python3.11/site-packages/airflow/example_dags/example_branch_operator.py
[2026-07-05T16:10:48.051+0000] {processor.py:830} INFO - Processing file /home/airflow/.local/lib/python3.11/site-packages/airflow/example_dags/example_branch_operator.py for tasks to queue
[2026-07-05T16:10:48.055+0000] {logging_mixin.py:188} INFO - [2026-07-05T16:10:48.054+0000] {dagbag.py:545} INFO - Filling up the DagBag from /home/airflow/.local/lib/python3.11/site-packages/airflow/example_dags/example_branch_operator.py
[2026-07-05T16:10:48.078+0000] {processor.py:840} INFO - DAG(s) 'example_branch_operator' retrieved from /home/airflow/.local/lib/python3.11/site-packages/airflow/example_dags/example_branch_operator.py
[2026-07-05T16:10:48.221+0000] {logging_mixin.py:188} INFO - [2026-07-05T16:10:48.221+0000] {dag.py:3096} INFO - Sync 1 DAGs
[2026-07-05T16:10:48.251+0000] {logging_mixin.py:188} INFO - [2026-07-05T16:10:48.251+0000] {dag.py:3954} INFO - Setting next_dagrun for example_branch_operator to 2026-07-04 00:00:00+00:00, run_after=2026-07-05 00:00:00+00:00
[2026-07-05T16:10:48.289+0000] {processor.py:183} INFO - Processing /home/airflow/.local/lib/python3.11/site-packages/airflow/example_dags/example_branch_operator.py took 0.249 seconds
[2026-07-05T16:11:18.458+0000] {processor.py:161} INFO - Started process (PID=219) to work on /home/airflow/.local/lib/python3.11/site-packages/airflow/example_dags/example_branch_operator.py
[2026-07-05T16:11:18.460+0000] {processor.py:830} INFO - Processing file /home/airflow/.local/lib/python3.11/site-packages/airflow/example_dags/example_branch_operator.py for tasks to queue
[2026-07-05T16:11:18.462+0000] {logging_mixin.py:188} INFO - [2026-07-05T16:11:18.462+0000] {dagbag.py:545} INFO - Filling up the DagBag from /home/airflow/.local/lib/python3.11/site-packages/airflow/example_dags/example_branch_operator.py
[2026-07-05T16:11:18.480+0000] {processor.py:840} INFO - DAG(s) 'example_branch_operator' retrieved from /home/airflow/.local/lib/python3.11/site-packages/airflow/example_dags/example_branch_operator.py
[2026-07-05T16:11:18.509+0000] {logging_mixin.py:188} INFO - [2026-07-05T16:11:18.509+0000] {dag.py:3096} INFO - Sync 1 DAGs
[2026-07-05T16:11:18.532+0000] {logging_mixin.py:188} INFO - [2026-07-05T16:11:18.531+0000] {dag.py:3954} INFO - Setting next_dagrun for example_branch_operator to 2026-07-04 00:00:00+00:00, run_after=2026-07-05 00:00:00+00:00
[2026-07-05T16:11:18.554+0000] {processor.py:183} INFO - Processing /home/airflow/.local/lib/python3.11/site-packages/airflow/example_dags/example_branch_operator.py took 0.106 seconds
[2026-07-05T16:11:49.104+0000] {processor.py:161} INFO - Started process (PID=277) to work on /home/airflow/.local/lib/python3.11/site-packages/airflow/example_dags/example_branch_operator.py
[2026-07-05T16:11:49.106+0000] {processor.py:830} INFO - Processing file /home/airflow/.local/lib/python3.11/site-packages/airflow/example_dags/example_branch_operator.py for tasks to queue
[2026-07-05T16:11:49.109+0000] {logging_mixin.py:188} INFO - [2026-07-05T16:11:49.109+0000] {dagbag.py:545} INFO - Filling up the DagBag from /home/airflow/.local/lib/python3.11/site-packages/airflow/example_dags/example_branch_operator.py
[2026-07-05T16:11:49.139+0000] {processor.py:840} INFO - DAG(s) 'example_branch_operator' retrieved from /home/airflow/.local/lib/python3.11/site-packages/airflow/example_dags/example_branch_operator.py
[2026-07-05T16:11:49.157+0000] {logging_mixin.py:188} INFO - [2026-07-05T16:11:49.156+0000] {dag.py:3096} INFO - Sync 1 DAGs
[2026-07-05T16:11:49.184+0000] {logging_mixin.py:188} INFO - [2026-07-05T16:11:49.184+0000] {dag.py:3954} INFO - Setting next_dagrun for example_branch_operator to 2026-07-04 00:00:00+00:00, run_after=2026-07-05 00:00:00+00:00
[2026-07-05T16:11:49.212+0000] {processor.py:183} INFO - Processing /home/airflow/.local/lib/python3.11/site-packages/airflow/example_dags/example_branch_operator.py took 0.118 seconds
[2026-07-05T16:12:21.014+0000] {processor.py:161} INFO - Started process (PID=335) to work on /home/airflow/.local/lib/python3.11/site-packages/airflow/example_dags/example_branch_operator.py
[2026-07-05T16:12:21.016+0000] {processor.py:830} INFO - Processing file /home/airflow/.local/lib/python3.11/site-packages/airflow/example_dags/example_branch_operator.py for tasks to queue
[2026-07-05T16:12:21.019+0000] {logging_mixin.py:188} INFO - [2026-07-05T16:12:21.018+0000] {dagbag.py:545} INFO - Filling up the DagBag from /home/airflow/.local/lib/python3.11/site-packages/airflow/example_dags/example_branch_operator.py
[2026-07-05T16:12:21.042+0000] {processor.py:840} INFO - DAG(s) 'example_branch_operator' retrieved from /home/airflow/.local/lib/python3.11/site-packages/airflow/example_dags/example_branch_operator.py
[2026-07-05T16:12:21.252+0000] {logging_mixin.py:188} INFO - [2026-07-05T16:12:21.251+0000] {dag.py:3096} INFO - Sync 1 DAGs
[2026-07-05T16:12:21.298+0000] {logging_mixin.py:188} INFO - [2026-07-05T16:12:21.297+0000] {dag.py:3954} INFO - Setting next_dagrun for example_branch_operator to 2026-07-04 00:00:00+00:00, run_after=2026-07-05 00:00:00+00:00
[2026-07-05T16:12:21.344+0000] {processor.py:183} INFO - Processing /home/airflow/.local/lib/python3.11/site-packages/airflow/example_dags/example_branch_operator.py took 0.341 seconds
[2026-07-05T16:12:51.908+0000] {processor.py:161} INFO - Started process (PID=394) to work on /home/airflow/.local/lib/python3.11/site-packages/airflow/example_dags/example_branch_operator.py
[2026-07-05T16:12:51.909+0000] {processor.py:830} INFO - Processing file /home/airflow/.local/lib/python3.11/site-packages/airflow/example_dags/example_branch_operator.py for tasks to queue
[2026-07-05T16:12:51.912+0000] {logging_mixin.py:188} INFO - [2026-07-05T16:12:51.912+0000] {dagbag.py:545} INFO - Filling up the DagBag from /home/airflow/.local/lib/python3.11/site-packages/airflow/example_dags/example_branch_operator.py
[2026-07-05T16:12:51.931+0000] {processor.py:840} INFO - DAG(s) 'example_branch_operator' retrieved from /home/airflow/.local/lib/python3.11/site-packages/airflow/example_dags/example_branch_operator.py
[2026-07-05T16:12:51.963+0000] {logging_mixin.py:188} INFO - [2026-07-05T16:12:51.963+0000] {dag.py:3096} INFO - Sync 1 DAGs
[2026-07-05T16:12:51.990+0000] {logging_mixin.py:188} INFO - [2026-07-05T16:12:51.990+0000] {dag.py:3954} INFO - Setting next_dagrun for example_branch_operator to 2026-07-04 00:00:00+00:00, run_after=2026-07-05 00:00:00+00:00
[2026-07-05T16:12:52.011+0000] {processor.py:183} INFO - Processing /home/airflow/.local/lib/python3.11/site-packages/airflow/example_dags/example_branch_operator.py took 0.112 seconds
[2026-07-05T16:13:22.587+0000] {processor.py:161} INFO - Started process (PID=452) to work on /home/airflow/.local/lib/python3.11/site-packages/airflow/example_dags/example_branch_operator.py
[2026-07-05T16:13:22.588+0000] {processor.py:830} INFO - Processing file /home/airflow/.local/lib/python3.11/site-packages/airflow/example_dags/example_branch_operator.py for tasks to queue
[2026-07-05T16:13:22.589+0000] {logging_mixin.py:188} INFO - [2026-07-05T16:13:22.589+0000] {dagbag.py:545} INFO - Filling up the DagBag from /home/airflow/.local/lib/python3.11/site-packages/airflow/example_dags/example_branch_operator.py
[2026-07-05T16:13:22.604+0000] {processor.py:840} INFO - DAG(s) 'example_branch_operator' retrieved from /home/airflow/.local/lib/python3.11/site-packages/airflow/example_dags/example_branch_operator.py
[2026-07-05T16:13:22.628+0000] {logging_mixin.py:188} INFO - [2026-07-05T16:13:22.628+0000] {dag.py:3096} INFO - Sync 1 DAGs
[2026-07-05T16:13:22.647+0000] {logging_mixin.py:188} INFO - [2026-07-05T16:13:22.647+0000] {dag.py:3954} INFO - Setting next_dagrun for example_branch_operator to 2026-07-04 00:00:00+00:00, run_after=2026-07-05 00:00:00+00:00
[2026-07-05T16:13:22.667+0000] {processor.py:183} INFO - Processing /home/airflow/.local/lib/python3.11/site-packages/airflow/example_dags/example_branch_operator.py took 0.086 seconds
[2026-07-05T16:13:52.982+0000] {processor.py:161} INFO - Started process (PID=510) to work on /home/airflow/.local/lib/python3.11/site-packages/airflow/example_dags/example_branch_operator.py
[2026-07-05T16:13:52.983+0000] {processor.py:830} INFO - Processing file /home/airflow/.local/lib/python3.11/site-packages/airflow/example_dags/example_branch_operator.py for tasks to queue
[2026-07-05T16:13:52.985+0000] {logging_mixin.py:188} INFO - [2026-07-05T16:13:52.985+0000] {dagbag.py:545} INFO - Filling up the DagBag from /home/airflow/.local/lib/python3.11/site-packages/airflow/example_dags/example_branch_operator.py
[2026-07-05T16:13:52.999+0000] {processor.py:840} INFO - DAG(s) 'example_branch_operator' retrieved from /home/airflow/.local/lib/python3.11/site-packages/airflow/example_dags/example_branch_operator.py
[2026-07-05T16:13:53.023+0000] {logging_mixin.py:188} INFO - [2026-07-05T16:13:53.023+0000] {dag.py:3096} INFO - Sync 1 DAGs
[2026-07-05T16:13:53.040+0000] {logging_mixin.py:188} INFO - [2026-07-05T16:13:53.040+0000] {dag.py:3954} INFO - Setting next_dagrun for example_branch_operator to 2026-07-04 00:00:00+00:00, run_after=2026-07-05 00:00:00+00:00
[2026-07-05T16:13:53.063+0000] {processor.py:183} INFO - Processing /home/airflow/.local/lib/python3.11/site-packages/airflow/example_dags/example_branch_operator.py took 0.087 seconds
[2026-07-05T16:14:23.170+0000] {processor.py:161} INFO - Started process (PID=568) to work on /home/airflow/.local/lib/python3.11/site-packages/airflow/example_dags/example_branch_operator.py
[2026-07-05T16:14:23.171+0000] {processor.py:830} INFO - Processing file /home/airflow/.local/lib/python3.11/site-packages/airflow/example_dags/example_branch_operator.py for tasks to queue
[2026-07-05T16:14:23.173+0000] {logging_mixin.py:188} INFO - [2026-07-05T16:14:23.172+0000] {dagbag.py:545} INFO - Filling up the DagBag from /home/airflow/.local/lib/python3.11/site-packages/airflow/example_dags/example_branch_operator.py
[2026-07-05T16:14:23.187+0000] {processor.py:840} INFO - DAG(s) 'example_branch_operator' retrieved from /home/airflow/.local/lib/python3.11/site-packages/airflow/example_dags/example_branch_operator.py
[2026-07-05T16:14:23.211+0000] {logging_mixin.py:188} INFO - [2026-07-05T16:14:23.211+0000] {dag.py:3096} INFO - Sync 1 DAGs
[2026-07-05T16:14:23.236+0000] {logging_mixin.py:188} INFO - [2026-07-05T16:14:23.236+0000] {dag.py:3954} INFO - Setting next_dagrun for example_branch_operator to 2026-07-04 00:00:00+00:00, run_after=2026-07-05 00:00:00+00:00
[2026-07-05T16:14:23.257+0000] {processor.py:183} INFO - Processing /home/airflow/.local/lib/python3.11/site-packages/airflow/example_dags/example_branch_operator.py took 0.093 seconds
[2026-07-05T16:14:53.615+0000] {processor.py:161} INFO - Started process (PID=626) to work on /home/airflow/.local/lib/python3.11/site-packages/airflow/example_dags/example_branch_operator.py
[2026-07-05T16:14:53.617+0000] {processor.py:830} INFO - Processing file /home/airflow/.local/lib/python3.11/site-packages/airflow/example_dags/example_branch_operator.py for tasks to queue
[2026-07-05T16:14:53.619+0000] {logging_mixin.py:188} INFO - [2026-07-05T16:14:53.619+0000] {dagbag.py:545} INFO - Filling up the DagBag from /home/airflow/.local/lib/python3.11/site-packages/airflow/example_dags/example_branch_operator.py
[2026-07-05T16:14:53.653+0000] {processor.py:840} INFO - DAG(s) 'example_branch_operator' retrieved from /home/airflow/.local/lib/python3.11/site-packages/airflow/example_dags/example_branch_operator.py
[2026-07-05T16:14:53.689+0000] {logging_mixin.py:188} INFO - [2026-07-05T16:14:53.689+0000] {dag.py:3096} INFO - Sync 1 DAGs
[2026-07-05T16:14:53.724+0000] {logging_mixin.py:188} INFO - [2026-07-05T16:14:53.724+0000] {dag.py:3954} INFO - Setting next_dagrun for example_branch_operator to 2026-07-04 00:00:00+00:00, run_after=2026-07-05 00:00:00+00:00
[2026-07-05T16:14:53.751+0000] {processor.py:183} INFO - Processing /home/airflow/.local/lib/python3.11/site-packages/airflow/example_dags/example_branch_operator.py took 0.143 seconds
[2026-07-05T16:15:24.540+0000] {processor.py:161} INFO - Started process (PID=684) to work on /home/airflow/.local/lib/python3.11/site-packages/airflow/example_dags/example_branch_operator.py
[2026-07-05T16:15:24.541+0000] {processor.py:830} INFO - Processing file /home/airflow/.local/lib/python3.11/site-packages/airflow/example_dags/example_branch_operator.py for tasks to queue
[2026-07-05T16:15:24.544+0000] {logging_mixin.py:188} INFO - [2026-07-05T16:15:24.543+0000] {dagbag.py:545} INFO - Filling up the DagBag from /home/airflow/.local/lib/python3.11/site-packages/airflow/example_dags/example_branch_operator.py
[2026-07-05T16:15:24.559+0000] {processor.py:840} INFO - DAG(s) 'example_branch_operator' retrieved from /home/airflow/.local/lib/python3.11/site-packages/airflow/example_dags/example_branch_operator.py
[2026-07-05T16:15:24.583+0000] {logging_mixin.py:188} INFO - [2026-07-05T16:15:24.583+0000] {dag.py:3096} INFO - Sync 1 DAGs
[2026-07-05T16:15:24.600+0000] {logging_mixin.py:188} INFO - [2026-07-05T16:15:24.600+0000] {dag.py:3954} INFO - Setting next_dagrun for example_branch_operator to 2026-07-04 00:00:00+00:00, run_after=2026-07-05 00:00:00+00:00
[2026-07-05T16:15:24.619+0000] {processor.py:183} INFO - Processing /home/airflow/.local/lib/python3.11/site-packages/airflow/example_dags/example_branch_operator.py took 0.084 seconds
[2026-07-05T16:15:54.700+0000] {processor.py:161} INFO - Started process (PID=742) to work on /home/airflow/.local/lib/python3.11/site-packages/airflow/example_dags/example_branch_operator.py
[2026-07-05T16:15:54.701+0000] {processor.py:830} INFO - Processing file /home/airflow/.local/lib/python3.11/site-packages/airflow/example_dags/example_branch_operator.py for tasks to queue
[2026-07-05T16:15:54.703+0000] {logging_mixin.py:188} INFO - [2026-07-05T16:15:54.703+0000] {dagbag.py:545} INFO - Filling up the DagBag from /home/airflow/.local/lib/python3.11/site-packages/airflow/example_dags/example_branch_operator.py
[2026-07-05T16:15:54.717+0000] {processor.py:840} INFO - DAG(s) 'example_branch_operator' retrieved from /home/airflow/.local/lib/python3.11/site-packages/airflow/example_dags/example_branch_operator.py
[2026-07-05T16:15:54.740+0000] {logging_mixin.py:188} INFO - [2026-07-05T16:15:54.740+0000] {dag.py:3096} INFO - Sync 1 DAGs
[2026-07-05T16:15:54.759+0000] {logging_mixin.py:188} INFO - [2026-07-05T16:15:54.758+0000] {dag.py:3954} INFO - Setting next_dagrun for example_branch_operator to 2026-07-04 00:00:00+00:00, run_after=2026-07-05 00:00:00+00:00
[2026-07-05T16:15:54.775+0000] {processor.py:183} INFO - Processing /home/airflow/.local/lib/python3.11/site-packages/airflow/example_dags/example_branch_operator.py took 0.080 seconds
[2026-07-05T16:16:25.037+0000] {processor.py:161} INFO - Started process (PID=800) to work on /home/airflow/.local/lib/python3.11/site-packages/airflow/example_dags/example_branch_operator.py
[2026-07-05T16:16:25.038+0000] {processor.py:830} INFO - Processing file /home/airflow/.local/lib/python3.11/site-packages/airflow/example_dags/example_branch_operator.py for tasks to queue
[2026-07-05T16:16:25.040+0000] {logging_mixin.py:188} INFO - [2026-07-05T16:16:25.040+0000] {dagbag.py:545} INFO - Filling up the DagBag from /home/airflow/.local/lib/python3.11/site-packages/airflow/example_dags/example_branch_operator.py
[2026-07-05T16:16:25.056+0000] {processor.py:840} INFO - DAG(s) 'example_branch_operator' retrieved from /home/airflow/.local/lib/python3.11/site-packages/airflow/example_dags/example_branch_operator.py
[2026-07-05T16:16:25.079+0000] {logging_mixin.py:188} INFO - [2026-07-05T16:16:25.079+0000] {dag.py:3096} INFO - Sync 1 DAGs
[2026-07-05T16:16:25.096+0000] {logging_mixin.py:188} INFO - [2026-07-05T16:16:25.096+0000] {dag.py:3954} INFO - Setting next_dagrun for example_branch_operator to 2026-07-04 00:00:00+00:00, run_after=2026-07-05 00:00:00+00:00
[2026-07-05T16:16:25.114+0000] {processor.py:183} INFO - Processing /home/airflow/.local/lib/python3.11/site-packages/airflow/example_dags/example_branch_operator.py took 0.084 seconds
[2026-07-05T16:16:55.163+0000] {processor.py:161} INFO - Started process (PID=858) to work on /home/airflow/.local/lib/python3.11/site-packages/airflow/example_dags/example_branch_operator.py
[2026-07-05T16:16:55.164+0000] {processor.py:830} INFO - Processing file /home/airflow/.local/lib/python3.11/site-packages/airflow/example_dags/example_branch_operator.py for tasks to queue
[2026-07-05T16:16:55.166+0000] {logging_mixin.py:188} INFO - [2026-07-05T16:16:55.166+0000] {dagbag.py:545} INFO - Filling up the DagBag from /home/airflow/.local/lib/python3.11/site-packages/airflow/example_dags/example_branch_operator.py
[2026-07-05T16:16:55.181+0000] {processor.py:840} INFO - DAG(s) 'example_branch_operator' retrieved from /home/airflow/.local/lib/python3.11/site-packages/airflow/example_dags/example_branch_operator.py
[2026-07-05T16:16:55.204+0000] {logging_mixin.py:188} INFO - [2026-07-05T16:16:55.204+0000] {dag.py:3096} INFO - Sync 1 DAGs
[2026-07-05T16:16:55.222+0000] {logging_mixin.py:188} INFO - [2026-07-05T16:16:55.222+0000] {dag.py:3954} INFO - Setting next_dagrun for example_branch_operator to 2026-07-04 00:00:00+00:00, run_after=2026-07-05 00:00:00+00:00
[2026-07-05T16:16:55.238+0000] {processor.py:183} INFO - Processing /home/airflow/.local/lib/python3.11/site-packages/airflow/example_dags/example_branch_operator.py took 0.080 seconds
[2026-07-05T16:17:25.471+0000] {processor.py:161} INFO - Started process (PID=916) to work on /home/airflow/.local/lib/python3.11/site-packages/airflow/example_dags/example_branch_operator.py
[2026-07-05T16:17:25.474+0000] {processor.py:830} INFO - Processing file /home/airflow/.local/lib/python3.11/site-packages/airflow/example_dags/example_branch_operator.py for tasks to queue
[2026-07-05T16:17:25.480+0000] {logging_mixin.py:188} INFO - [2026-07-05T16:17:25.479+0000] {dagbag.py:545} INFO - Filling up the DagBag from /home/airflow/.local/lib/python3.11/site-packages/airflow/example_dags/example_branch_operator.py
[2026-07-05T16:17:25.519+0000] {processor.py:840} INFO - DAG(s) 'example_branch_operator' retrieved from /home/airflow/.local/lib/python3.11/site-packages/airflow/example_dags/example_branch_operator.py
[2026-07-05T16:17:25.547+0000] {logging_mixin.py:188} INFO - [2026-07-05T16:17:25.546+0000] {dag.py:3096} INFO - Sync 1 DAGs
[2026-07-05T16:17:25.564+0000] {logging_mixin.py:188} INFO - [2026-07-05T16:17:25.564+0000] {dag.py:3954} INFO - Setting next_dagrun for example_branch_operator to 2026-07-04 00:00:00+00:00, run_after=2026-07-05 00:00:00+00:00
[2026-07-05T16:17:25.580+0000] {processor.py:183} INFO - Processing /home/airflow/.local/lib/python3.11/site-packages/airflow/example_dags/example_branch_operator.py took 0.120 seconds
[2026-07-05T16:17:55.723+0000] {processor.py:161} INFO - Started process (PID=974) to work on /home/airflow/.local/lib/python3.11/site-packages/airflow/example_dags/example_branch_operator.py
[2026-07-05T16:17:55.724+0000] {processor.py:830} INFO - Processing file /home/airflow/.local/lib/python3.11/site-packages/airflow/example_dags/example_branch_operator.py for tasks to queue
[2026-07-05T16:17:55.726+0000] {logging_mixin.py:188} INFO - [2026-07-05T16:17:55.726+0000] {dagbag.py:545} INFO - Filling up the DagBag from /home/airflow/.local/lib/python3.11/site-packages/airflow/example_dags/example_branch_operator.py
[2026-07-05T16:17:55.741+0000] {processor.py:840} INFO - DAG(s) 'example_branch_operator' retrieved from /home/airflow/.local/lib/python3.11/site-packages/airflow/example_dags/example_branch_operator.py
[2026-07-05T16:17:55.766+0000] {logging_mixin.py:188} INFO - [2026-07-05T16:17:55.765+0000] {dag.py:3096} INFO - Sync 1 DAGs
[2026-07-05T16:17:55.787+0000] {logging_mixin.py:188} INFO - [2026-07-05T16:17:55.787+0000] {dag.py:3954} INFO - Setting next_dagrun for example_branch_operator to 2026-07-04 00:00:00+00:00, run_after=2026-07-05 00:00:00+00:00
[2026-07-05T16:17:55.804+0000] {processor.py:183} INFO - Processing /home/airflow/.local/lib/python3.11/site-packages/airflow/example_dags/example_branch_operator.py took 0.087 seconds
[2026-07-05T16:18:25.975+0000] {processor.py:161} INFO - Started process (PID=1032) to work on /home/airflow/.local/lib/python3.11/site-packages/airflow/example_dags/example_branch_operator.py
[2026-07-05T16:18:25.976+0000] {processor.py:830} INFO - Processing file /home/airflow/.local/lib/python3.11/site-packages/airflow/example_dags/example_branch_operator.py for tasks to queue
[2026-07-05T16:18:25.978+0000] {logging_mixin.py:188} INFO - [2026-07-05T16:18:25.978+0000] {dagbag.py:545} INFO - Filling up the DagBag from /home/airflow/.local/lib/python3.11/site-packages/airflow/example_dags/example_branch_operator.py
[2026-07-05T16:18:25.993+0000] {processor.py:840} INFO - DAG(s) 'example_branch_operator' retrieved from /home/airflow/.local/lib/python3.11/site-packages/airflow/example_dags/example_branch_operator.py
[2026-07-05T16:18:26.018+0000] {logging_mixin.py:188} INFO - [2026-07-05T16:18:26.018+0000] {dag.py:3096} INFO - Sync 1 DAGs
[2026-07-05T16:18:26.038+0000] {logging_mixin.py:188} INFO - [2026-07-05T16:18:26.037+0000] {dag.py:3954} INFO - Setting next_dagrun for example_branch_operator to 2026-07-04 00:00:00+00:00, run_after=2026-07-05 00:00:00+00:00
[2026-07-05T16:18:26.053+0000] {processor.py:183} INFO - Processing /home/airflow/.local/lib/python3.11/site-packages/airflow/example_dags/example_branch_operator.py took 0.085 seconds
[2026-07-05T16:18:56.159+0000] {processor.py:161} INFO - Started process (PID=1090) to work on /home/airflow/.local/lib/python3.11/site-packages/airflow/example_dags/example_branch_operator.py
[2026-07-05T16:18:56.160+0000] {processor.py:830} INFO - Processing file /home/airflow/.local/lib/python3.11/site-packages/airflow/example_dags/example_branch_operator.py for tasks to queue
[2026-07-05T16:18:56.162+0000] {logging_mixin.py:188} INFO - [2026-07-05T16:18:56.162+0000] {dagbag.py:545} INFO - Filling up the DagBag from /home/airflow/.local/lib/python3.11/site-packages/airflow/example_dags/example_branch_operator.py
[2026-07-05T16:18:56.176+0000] {processor.py:840} INFO - DAG(s) 'example_branch_operator' retrieved from /home/airflow/.local/lib/python3.11/site-packages/airflow/example_dags/example_branch_operator.py
[2026-07-05T16:18:56.203+0000] {logging_mixin.py:188} INFO - [2026-07-05T16:18:56.203+0000] {dag.py:3096} INFO - Sync 1 DAGs
[2026-07-05T16:18:56.222+0000] {logging_mixin.py:188} INFO - [2026-07-05T16:18:56.222+0000] {dag.py:3954} INFO - Setting next_dagrun for example_branch_operator to 2026-07-04 00:00:00+00:00, run_after=2026-07-05 00:00:00+00:00
[2026-07-05T16:18:56.242+0000] {processor.py:183} INFO - Processing /home/airflow/.local/lib/python3.11/site-packages/airflow/example_dags/example_branch_operator.py took 0.089 seconds
