[2026-07-05T16:07:30.229+0000] {processor.py:161} INFO - Started process (PID=81) to work on /home/airflow/.local/lib/python3.11/site-packages/airflow/example_dags/example_trigger_target_dag.py
[2026-07-05T16:07:30.231+0000] {processor.py:830} INFO - Processing file /home/airflow/.local/lib/python3.11/site-packages/airflow/example_dags/example_trigger_target_dag.py for tasks to queue
[2026-07-05T16:07:30.234+0000] {logging_mixin.py:188} INFO - [2026-07-05T16:07:30.234+0000] {dagbag.py:545} INFO - Filling up the DagBag from /home/airflow/.local/lib/python3.11/site-packages/airflow/example_dags/example_trigger_target_dag.py
[2026-07-05T16:07:30.245+0000] {processor.py:840} INFO - DAG(s) 'example_trigger_target_dag' retrieved from /home/airflow/.local/lib/python3.11/site-packages/airflow/example_dags/example_trigger_target_dag.py
[2026-07-05T16:07:30.667+0000] {logging_mixin.py:188} INFO - [2026-07-05T16:07:30.665+0000] {override.py:1829} INFO - Created Permission View: can delete on DAG:example_trigger_target_dag
[2026-07-05T16:07:30.689+0000] {logging_mixin.py:188} INFO - [2026-07-05T16:07:30.689+0000] {override.py:1829} INFO - Created Permission View: can read on DAG:example_trigger_target_dag
[2026-07-05T16:07:30.705+0000] {logging_mixin.py:188} INFO - [2026-07-05T16:07:30.704+0000] {override.py:1829} INFO - Created Permission View: can edit on DAG:example_trigger_target_dag
[2026-07-05T16:07:30.707+0000] {logging_mixin.py:188} INFO - [2026-07-05T16:07:30.706+0000] {dag.py:3096} INFO - Sync 1 DAGs
[2026-07-05T16:07:30.801+0000] {logging_mixin.py:188} INFO - [2026-07-05T16:07:30.800+0000] {dag.py:3118} INFO - Creating ORM DAG for example_trigger_target_dag
[2026-07-05T16:07:30.807+0000] {logging_mixin.py:188} INFO - [2026-07-05T16:07:30.807+0000] {dag.py:3954} INFO - Setting next_dagrun for example_trigger_target_dag to None, run_after=None
[2026-07-05T16:07:30.907+0000] {processor.py:183} INFO - Processing /home/airflow/.local/lib/python3.11/site-packages/airflow/example_dags/example_trigger_target_dag.py took 0.712 seconds
[2026-07-05T16:08:01.786+0000] {processor.py:161} INFO - Started process (PID=139) to work on /home/airflow/.local/lib/python3.11/site-packages/airflow/example_dags/example_trigger_target_dag.py
[2026-07-05T16:08:01.787+0000] {processor.py:830} INFO - Processing file /home/airflow/.local/lib/python3.11/site-packages/airflow/example_dags/example_trigger_target_dag.py for tasks to queue
[2026-07-05T16:08:01.789+0000] {logging_mixin.py:188} INFO - [2026-07-05T16:08:01.789+0000] {dagbag.py:545} INFO - Filling up the DagBag from /home/airflow/.local/lib/python3.11/site-packages/airflow/example_dags/example_trigger_target_dag.py
[2026-07-05T16:08:01.795+0000] {processor.py:840} INFO - DAG(s) 'example_trigger_target_dag' retrieved from /home/airflow/.local/lib/python3.11/site-packages/airflow/example_dags/example_trigger_target_dag.py
[2026-07-05T16:08:01.814+0000] {logging_mixin.py:188} INFO - [2026-07-05T16:08:01.814+0000] {dag.py:3096} INFO - Sync 1 DAGs
[2026-07-05T16:08:01.826+0000] {logging_mixin.py:188} INFO - [2026-07-05T16:08:01.826+0000] {dag.py:3954} INFO - Setting next_dagrun for example_trigger_target_dag to None, run_after=None
[2026-07-05T16:08:01.845+0000] {processor.py:183} INFO - Processing /home/airflow/.local/lib/python3.11/site-packages/airflow/example_dags/example_trigger_target_dag.py took 0.065 seconds
[2026-07-05T16:08:32.349+0000] {processor.py:161} INFO - Started process (PID=197) to work on /home/airflow/.local/lib/python3.11/site-packages/airflow/example_dags/example_trigger_target_dag.py
[2026-07-05T16:08:32.350+0000] {processor.py:830} INFO - Processing file /home/airflow/.local/lib/python3.11/site-packages/airflow/example_dags/example_trigger_target_dag.py for tasks to queue
[2026-07-05T16:08:32.352+0000] {logging_mixin.py:188} INFO - [2026-07-05T16:08:32.352+0000] {dagbag.py:545} INFO - Filling up the DagBag from /home/airflow/.local/lib/python3.11/site-packages/airflow/example_dags/example_trigger_target_dag.py
[2026-07-05T16:08:32.359+0000] {processor.py:840} INFO - DAG(s) 'example_trigger_target_dag' retrieved from /home/airflow/.local/lib/python3.11/site-packages/airflow/example_dags/example_trigger_target_dag.py
[2026-07-05T16:08:32.380+0000] {logging_mixin.py:188} INFO - [2026-07-05T16:08:32.380+0000] {dag.py:3096} INFO - Sync 1 DAGs
[2026-07-05T16:08:32.391+0000] {logging_mixin.py:188} INFO - [2026-07-05T16:08:32.391+0000] {dag.py:3954} INFO - Setting next_dagrun for example_trigger_target_dag to None, run_after=None
[2026-07-05T16:08:32.410+0000] {processor.py:183} INFO - Processing /home/airflow/.local/lib/python3.11/site-packages/airflow/example_dags/example_trigger_target_dag.py took 0.067 seconds
[2026-07-05T16:09:02.670+0000] {processor.py:161} INFO - Started process (PID=255) to work on /home/airflow/.local/lib/python3.11/site-packages/airflow/example_dags/example_trigger_target_dag.py
[2026-07-05T16:09:02.672+0000] {processor.py:830} INFO - Processing file /home/airflow/.local/lib/python3.11/site-packages/airflow/example_dags/example_trigger_target_dag.py for tasks to queue
[2026-07-05T16:09:02.677+0000] {logging_mixin.py:188} INFO - [2026-07-05T16:09:02.676+0000] {dagbag.py:545} INFO - Filling up the DagBag from /home/airflow/.local/lib/python3.11/site-packages/airflow/example_dags/example_trigger_target_dag.py
[2026-07-05T16:09:02.688+0000] {processor.py:840} INFO - DAG(s) 'example_trigger_target_dag' retrieved from /home/airflow/.local/lib/python3.11/site-packages/airflow/example_dags/example_trigger_target_dag.py
[2026-07-05T16:09:02.726+0000] {logging_mixin.py:188} INFO - [2026-07-05T16:09:02.726+0000] {dag.py:3096} INFO - Sync 1 DAGs
[2026-07-05T16:09:02.745+0000] {logging_mixin.py:188} INFO - [2026-07-05T16:09:02.744+0000] {dag.py:3954} INFO - Setting next_dagrun for example_trigger_target_dag to None, run_after=None
[2026-07-05T16:09:02.770+0000] {processor.py:183} INFO - Processing /home/airflow/.local/lib/python3.11/site-packages/airflow/example_dags/example_trigger_target_dag.py took 0.112 seconds
[2026-07-05T16:09:33.749+0000] {processor.py:161} INFO - Started process (PID=313) to work on /home/airflow/.local/lib/python3.11/site-packages/airflow/example_dags/example_trigger_target_dag.py
[2026-07-05T16:09:33.751+0000] {processor.py:830} INFO - Processing file /home/airflow/.local/lib/python3.11/site-packages/airflow/example_dags/example_trigger_target_dag.py for tasks to queue
[2026-07-05T16:09:33.754+0000] {logging_mixin.py:188} INFO - [2026-07-05T16:09:33.753+0000] {dagbag.py:545} INFO - Filling up the DagBag from /home/airflow/.local/lib/python3.11/site-packages/airflow/example_dags/example_trigger_target_dag.py
[2026-07-05T16:09:33.771+0000] {processor.py:840} INFO - DAG(s) 'example_trigger_target_dag' retrieved from /home/airflow/.local/lib/python3.11/site-packages/airflow/example_dags/example_trigger_target_dag.py
[2026-07-05T16:09:33.785+0000] {logging_mixin.py:188} INFO - [2026-07-05T16:09:33.785+0000] {dag.py:3096} INFO - Sync 1 DAGs
[2026-07-05T16:09:33.798+0000] {logging_mixin.py:188} INFO - [2026-07-05T16:09:33.798+0000] {dag.py:3954} INFO - Setting next_dagrun for example_trigger_target_dag to None, run_after=None
[2026-07-05T16:09:33.818+0000] {processor.py:183} INFO - Processing /home/airflow/.local/lib/python3.11/site-packages/airflow/example_dags/example_trigger_target_dag.py took 0.083 seconds
[2026-07-05T16:10:12.548+0000] {processor.py:161} INFO - Started process (PID=76) to work on /home/airflow/.local/lib/python3.11/site-packages/airflow/example_dags/example_trigger_target_dag.py
[2026-07-05T16:10:12.551+0000] {processor.py:830} INFO - Processing file /home/airflow/.local/lib/python3.11/site-packages/airflow/example_dags/example_trigger_target_dag.py for tasks to queue
[2026-07-05T16:10:12.555+0000] {logging_mixin.py:188} INFO - [2026-07-05T16:10:12.554+0000] {dagbag.py:545} INFO - Filling up the DagBag from /home/airflow/.local/lib/python3.11/site-packages/airflow/example_dags/example_trigger_target_dag.py
[2026-07-05T16:10:12.912+0000] {processor.py:840} INFO - DAG(s) 'example_trigger_target_dag' retrieved from /home/airflow/.local/lib/python3.11/site-packages/airflow/example_dags/example_trigger_target_dag.py
[2026-07-05T16:10:12.939+0000] {logging_mixin.py:188} INFO - [2026-07-05T16:10:12.938+0000] {dag.py:3096} INFO - Sync 1 DAGs
[2026-07-05T16:10:12.962+0000] {logging_mixin.py:188} INFO - [2026-07-05T16:10:12.961+0000] {dag.py:3954} INFO - Setting next_dagrun for example_trigger_target_dag to None, run_after=None
[2026-07-05T16:10:13.008+0000] {processor.py:183} INFO - Processing /home/airflow/.local/lib/python3.11/site-packages/airflow/example_dags/example_trigger_target_dag.py took 0.471 seconds
[2026-07-05T16:10:43.143+0000] {processor.py:161} INFO - Started process (PID=135) to work on /home/airflow/.local/lib/python3.11/site-packages/airflow/example_dags/example_trigger_target_dag.py
[2026-07-05T16:10:43.144+0000] {processor.py:830} INFO - Processing file /home/airflow/.local/lib/python3.11/site-packages/airflow/example_dags/example_trigger_target_dag.py for tasks to queue
[2026-07-05T16:10:43.147+0000] {logging_mixin.py:188} INFO - [2026-07-05T16:10:43.146+0000] {dagbag.py:545} INFO - Filling up the DagBag from /home/airflow/.local/lib/python3.11/site-packages/airflow/example_dags/example_trigger_target_dag.py
[2026-07-05T16:10:43.154+0000] {processor.py:840} INFO - DAG(s) 'example_trigger_target_dag' retrieved from /home/airflow/.local/lib/python3.11/site-packages/airflow/example_dags/example_trigger_target_dag.py
[2026-07-05T16:10:43.258+0000] {logging_mixin.py:188} INFO - [2026-07-05T16:10:43.258+0000] {dag.py:3096} INFO - Sync 1 DAGs
[2026-07-05T16:10:43.270+0000] {logging_mixin.py:188} INFO - [2026-07-05T16:10:43.270+0000] {dag.py:3954} INFO - Setting next_dagrun for example_trigger_target_dag to None, run_after=None
[2026-07-05T16:10:43.292+0000] {processor.py:183} INFO - Processing /home/airflow/.local/lib/python3.11/site-packages/airflow/example_dags/example_trigger_target_dag.py took 0.157 seconds
[2026-07-05T16:11:13.681+0000] {processor.py:161} INFO - Started process (PID=193) to work on /home/airflow/.local/lib/python3.11/site-packages/airflow/example_dags/example_trigger_target_dag.py
[2026-07-05T16:11:13.683+0000] {processor.py:830} INFO - Processing file /home/airflow/.local/lib/python3.11/site-packages/airflow/example_dags/example_trigger_target_dag.py for tasks to queue
[2026-07-05T16:11:13.685+0000] {logging_mixin.py:188} INFO - [2026-07-05T16:11:13.684+0000] {dagbag.py:545} INFO - Filling up the DagBag from /home/airflow/.local/lib/python3.11/site-packages/airflow/example_dags/example_trigger_target_dag.py
[2026-07-05T16:11:13.691+0000] {processor.py:840} INFO - DAG(s) 'example_trigger_target_dag' retrieved from /home/airflow/.local/lib/python3.11/site-packages/airflow/example_dags/example_trigger_target_dag.py
[2026-07-05T16:11:13.710+0000] {logging_mixin.py:188} INFO - [2026-07-05T16:11:13.710+0000] {dag.py:3096} INFO - Sync 1 DAGs
[2026-07-05T16:11:13.722+0000] {logging_mixin.py:188} INFO - [2026-07-05T16:11:13.722+0000] {dag.py:3954} INFO - Setting next_dagrun for example_trigger_target_dag to None, run_after=None
[2026-07-05T16:11:13.741+0000] {processor.py:183} INFO - Processing /home/airflow/.local/lib/python3.11/site-packages/airflow/example_dags/example_trigger_target_dag.py took 0.066 seconds
[2026-07-05T16:11:44.174+0000] {processor.py:161} INFO - Started process (PID=251) to work on /home/airflow/.local/lib/python3.11/site-packages/airflow/example_dags/example_trigger_target_dag.py
[2026-07-05T16:11:44.178+0000] {processor.py:830} INFO - Processing file /home/airflow/.local/lib/python3.11/site-packages/airflow/example_dags/example_trigger_target_dag.py for tasks to queue
[2026-07-05T16:11:44.183+0000] {logging_mixin.py:188} INFO - [2026-07-05T16:11:44.182+0000] {dagbag.py:545} INFO - Filling up the DagBag from /home/airflow/.local/lib/python3.11/site-packages/airflow/example_dags/example_trigger_target_dag.py
[2026-07-05T16:11:44.195+0000] {processor.py:840} INFO - DAG(s) 'example_trigger_target_dag' retrieved from /home/airflow/.local/lib/python3.11/site-packages/airflow/example_dags/example_trigger_target_dag.py
[2026-07-05T16:11:44.229+0000] {logging_mixin.py:188} INFO - [2026-07-05T16:11:44.229+0000] {dag.py:3096} INFO - Sync 1 DAGs
[2026-07-05T16:11:44.245+0000] {logging_mixin.py:188} INFO - [2026-07-05T16:11:44.245+0000] {dag.py:3954} INFO - Setting next_dagrun for example_trigger_target_dag to None, run_after=None
[2026-07-05T16:11:44.275+0000] {processor.py:183} INFO - Processing /home/airflow/.local/lib/python3.11/site-packages/airflow/example_dags/example_trigger_target_dag.py took 0.112 seconds
[2026-07-05T16:12:14.454+0000] {processor.py:161} INFO - Started process (PID=309) to work on /home/airflow/.local/lib/python3.11/site-packages/airflow/example_dags/example_trigger_target_dag.py
[2026-07-05T16:12:14.455+0000] {processor.py:830} INFO - Processing file /home/airflow/.local/lib/python3.11/site-packages/airflow/example_dags/example_trigger_target_dag.py for tasks to queue
[2026-07-05T16:12:14.459+0000] {logging_mixin.py:188} INFO - [2026-07-05T16:12:14.458+0000] {dagbag.py:545} INFO - Filling up the DagBag from /home/airflow/.local/lib/python3.11/site-packages/airflow/example_dags/example_trigger_target_dag.py
[2026-07-05T16:12:14.467+0000] {processor.py:840} INFO - DAG(s) 'example_trigger_target_dag' retrieved from /home/airflow/.local/lib/python3.11/site-packages/airflow/example_dags/example_trigger_target_dag.py
[2026-07-05T16:12:14.485+0000] {logging_mixin.py:188} INFO - [2026-07-05T16:12:14.484+0000] {dag.py:3096} INFO - Sync 1 DAGs
[2026-07-05T16:12:14.501+0000] {logging_mixin.py:188} INFO - [2026-07-05T16:12:14.500+0000] {dag.py:3954} INFO - Setting next_dagrun for example_trigger_target_dag to None, run_after=None
[2026-07-05T16:12:14.526+0000] {processor.py:183} INFO - Processing /home/airflow/.local/lib/python3.11/site-packages/airflow/example_dags/example_trigger_target_dag.py took 0.080 seconds
[2026-07-05T16:12:45.316+0000] {processor.py:161} INFO - Started process (PID=368) to work on /home/airflow/.local/lib/python3.11/site-packages/airflow/example_dags/example_trigger_target_dag.py
[2026-07-05T16:12:45.317+0000] {processor.py:830} INFO - Processing file /home/airflow/.local/lib/python3.11/site-packages/airflow/example_dags/example_trigger_target_dag.py for tasks to queue
[2026-07-05T16:12:45.321+0000] {logging_mixin.py:188} INFO - [2026-07-05T16:12:45.320+0000] {dagbag.py:545} INFO - Filling up the DagBag from /home/airflow/.local/lib/python3.11/site-packages/airflow/example_dags/example_trigger_target_dag.py
[2026-07-05T16:12:45.336+0000] {processor.py:840} INFO - DAG(s) 'example_trigger_target_dag' retrieved from /home/airflow/.local/lib/python3.11/site-packages/airflow/example_dags/example_trigger_target_dag.py
[2026-07-05T16:12:45.534+0000] {logging_mixin.py:188} INFO - [2026-07-05T16:12:45.534+0000] {dag.py:3096} INFO - Sync 1 DAGs
[2026-07-05T16:12:45.547+0000] {logging_mixin.py:188} INFO - [2026-07-05T16:12:45.546+0000] {dag.py:3954} INFO - Setting next_dagrun for example_trigger_target_dag to None, run_after=None
[2026-07-05T16:12:45.571+0000] {processor.py:183} INFO - Processing /home/airflow/.local/lib/python3.11/site-packages/airflow/example_dags/example_trigger_target_dag.py took 0.271 seconds
[2026-07-05T16:13:15.874+0000] {processor.py:161} INFO - Started process (PID=426) to work on /home/airflow/.local/lib/python3.11/site-packages/airflow/example_dags/example_trigger_target_dag.py
[2026-07-05T16:13:15.875+0000] {processor.py:830} INFO - Processing file /home/airflow/.local/lib/python3.11/site-packages/airflow/example_dags/example_trigger_target_dag.py for tasks to queue
[2026-07-05T16:13:15.877+0000] {logging_mixin.py:188} INFO - [2026-07-05T16:13:15.877+0000] {dagbag.py:545} INFO - Filling up the DagBag from /home/airflow/.local/lib/python3.11/site-packages/airflow/example_dags/example_trigger_target_dag.py
[2026-07-05T16:13:15.886+0000] {processor.py:840} INFO - DAG(s) 'example_trigger_target_dag' retrieved from /home/airflow/.local/lib/python3.11/site-packages/airflow/example_dags/example_trigger_target_dag.py
[2026-07-05T16:13:15.910+0000] {logging_mixin.py:188} INFO - [2026-07-05T16:13:15.909+0000] {dag.py:3096} INFO - Sync 1 DAGs
[2026-07-05T16:13:15.923+0000] {logging_mixin.py:188} INFO - [2026-07-05T16:13:15.923+0000] {dag.py:3954} INFO - Setting next_dagrun for example_trigger_target_dag to None, run_after=None
[2026-07-05T16:13:15.946+0000] {processor.py:183} INFO - Processing /home/airflow/.local/lib/python3.11/site-packages/airflow/example_dags/example_trigger_target_dag.py took 0.081 seconds
[2026-07-05T16:13:46.404+0000] {processor.py:161} INFO - Started process (PID=484) to work on /home/airflow/.local/lib/python3.11/site-packages/airflow/example_dags/example_trigger_target_dag.py
[2026-07-05T16:13:46.406+0000] {processor.py:830} INFO - Processing file /home/airflow/.local/lib/python3.11/site-packages/airflow/example_dags/example_trigger_target_dag.py for tasks to queue
[2026-07-05T16:13:46.408+0000] {logging_mixin.py:188} INFO - [2026-07-05T16:13:46.408+0000] {dagbag.py:545} INFO - Filling up the DagBag from /home/airflow/.local/lib/python3.11/site-packages/airflow/example_dags/example_trigger_target_dag.py
[2026-07-05T16:13:46.414+0000] {processor.py:840} INFO - DAG(s) 'example_trigger_target_dag' retrieved from /home/airflow/.local/lib/python3.11/site-packages/airflow/example_dags/example_trigger_target_dag.py
[2026-07-05T16:13:46.431+0000] {logging_mixin.py:188} INFO - [2026-07-05T16:13:46.431+0000] {dag.py:3096} INFO - Sync 1 DAGs
[2026-07-05T16:13:46.443+0000] {logging_mixin.py:188} INFO - [2026-07-05T16:13:46.442+0000] {dag.py:3954} INFO - Setting next_dagrun for example_trigger_target_dag to None, run_after=None
[2026-07-05T16:13:46.461+0000] {processor.py:183} INFO - Processing /home/airflow/.local/lib/python3.11/site-packages/airflow/example_dags/example_trigger_target_dag.py took 0.063 seconds
[2026-07-05T16:14:16.559+0000] {processor.py:161} INFO - Started process (PID=542) to work on /home/airflow/.local/lib/python3.11/site-packages/airflow/example_dags/example_trigger_target_dag.py
[2026-07-05T16:14:16.561+0000] {processor.py:830} INFO - Processing file /home/airflow/.local/lib/python3.11/site-packages/airflow/example_dags/example_trigger_target_dag.py for tasks to queue
[2026-07-05T16:14:16.563+0000] {logging_mixin.py:188} INFO - [2026-07-05T16:14:16.563+0000] {dagbag.py:545} INFO - Filling up the DagBag from /home/airflow/.local/lib/python3.11/site-packages/airflow/example_dags/example_trigger_target_dag.py
[2026-07-05T16:14:16.571+0000] {processor.py:840} INFO - DAG(s) 'example_trigger_target_dag' retrieved from /home/airflow/.local/lib/python3.11/site-packages/airflow/example_dags/example_trigger_target_dag.py
[2026-07-05T16:14:16.592+0000] {logging_mixin.py:188} INFO - [2026-07-05T16:14:16.592+0000] {dag.py:3096} INFO - Sync 1 DAGs
[2026-07-05T16:14:16.605+0000] {logging_mixin.py:188} INFO - [2026-07-05T16:14:16.604+0000] {dag.py:3954} INFO - Setting next_dagrun for example_trigger_target_dag to None, run_after=None
[2026-07-05T16:14:16.625+0000] {processor.py:183} INFO - Processing /home/airflow/.local/lib/python3.11/site-packages/airflow/example_dags/example_trigger_target_dag.py took 0.074 seconds
[2026-07-05T16:14:46.841+0000] {processor.py:161} INFO - Started process (PID=600) to work on /home/airflow/.local/lib/python3.11/site-packages/airflow/example_dags/example_trigger_target_dag.py
[2026-07-05T16:14:46.843+0000] {processor.py:830} INFO - Processing file /home/airflow/.local/lib/python3.11/site-packages/airflow/example_dags/example_trigger_target_dag.py for tasks to queue
[2026-07-05T16:14:46.844+0000] {logging_mixin.py:188} INFO - [2026-07-05T16:14:46.844+0000] {dagbag.py:545} INFO - Filling up the DagBag from /home/airflow/.local/lib/python3.11/site-packages/airflow/example_dags/example_trigger_target_dag.py
[2026-07-05T16:14:46.851+0000] {processor.py:840} INFO - DAG(s) 'example_trigger_target_dag' retrieved from /home/airflow/.local/lib/python3.11/site-packages/airflow/example_dags/example_trigger_target_dag.py
[2026-07-05T16:14:46.870+0000] {logging_mixin.py:188} INFO - [2026-07-05T16:14:46.870+0000] {dag.py:3096} INFO - Sync 1 DAGs
[2026-07-05T16:14:46.880+0000] {logging_mixin.py:188} INFO - [2026-07-05T16:14:46.879+0000] {dag.py:3954} INFO - Setting next_dagrun for example_trigger_target_dag to None, run_after=None
[2026-07-05T16:14:46.898+0000] {processor.py:183} INFO - Processing /home/airflow/.local/lib/python3.11/site-packages/airflow/example_dags/example_trigger_target_dag.py took 0.063 seconds
[2026-07-05T16:15:17.006+0000] {processor.py:161} INFO - Started process (PID=658) to work on /home/airflow/.local/lib/python3.11/site-packages/airflow/example_dags/example_trigger_target_dag.py
[2026-07-05T16:15:17.007+0000] {processor.py:830} INFO - Processing file /home/airflow/.local/lib/python3.11/site-packages/airflow/example_dags/example_trigger_target_dag.py for tasks to queue
[2026-07-05T16:15:17.009+0000] {logging_mixin.py:188} INFO - [2026-07-05T16:15:17.009+0000] {dagbag.py:545} INFO - Filling up the DagBag from /home/airflow/.local/lib/python3.11/site-packages/airflow/example_dags/example_trigger_target_dag.py
[2026-07-05T16:15:17.015+0000] {processor.py:840} INFO - DAG(s) 'example_trigger_target_dag' retrieved from /home/airflow/.local/lib/python3.11/site-packages/airflow/example_dags/example_trigger_target_dag.py
[2026-07-05T16:15:17.034+0000] {logging_mixin.py:188} INFO - [2026-07-05T16:15:17.034+0000] {dag.py:3096} INFO - Sync 1 DAGs
[2026-07-05T16:15:17.046+0000] {logging_mixin.py:188} INFO - [2026-07-05T16:15:17.046+0000] {dag.py:3954} INFO - Setting next_dagrun for example_trigger_target_dag to None, run_after=None
[2026-07-05T16:15:17.066+0000] {processor.py:183} INFO - Processing /home/airflow/.local/lib/python3.11/site-packages/airflow/example_dags/example_trigger_target_dag.py took 0.066 seconds
[2026-07-05T16:15:47.160+0000] {processor.py:161} INFO - Started process (PID=716) to work on /home/airflow/.local/lib/python3.11/site-packages/airflow/example_dags/example_trigger_target_dag.py
[2026-07-05T16:15:47.161+0000] {processor.py:830} INFO - Processing file /home/airflow/.local/lib/python3.11/site-packages/airflow/example_dags/example_trigger_target_dag.py for tasks to queue
[2026-07-05T16:15:47.163+0000] {logging_mixin.py:188} INFO - [2026-07-05T16:15:47.163+0000] {dagbag.py:545} INFO - Filling up the DagBag from /home/airflow/.local/lib/python3.11/site-packages/airflow/example_dags/example_trigger_target_dag.py
[2026-07-05T16:15:47.169+0000] {processor.py:840} INFO - DAG(s) 'example_trigger_target_dag' retrieved from /home/airflow/.local/lib/python3.11/site-packages/airflow/example_dags/example_trigger_target_dag.py
[2026-07-05T16:15:47.188+0000] {logging_mixin.py:188} INFO - [2026-07-05T16:15:47.187+0000] {dag.py:3096} INFO - Sync 1 DAGs
[2026-07-05T16:15:47.200+0000] {logging_mixin.py:188} INFO - [2026-07-05T16:15:47.199+0000] {dag.py:3954} INFO - Setting next_dagrun for example_trigger_target_dag to None, run_after=None
[2026-07-05T16:15:47.219+0000] {processor.py:183} INFO - Processing /home/airflow/.local/lib/python3.11/site-packages/airflow/example_dags/example_trigger_target_dag.py took 0.064 seconds
[2026-07-05T16:16:17.284+0000] {processor.py:161} INFO - Started process (PID=774) to work on /home/airflow/.local/lib/python3.11/site-packages/airflow/example_dags/example_trigger_target_dag.py
[2026-07-05T16:16:17.286+0000] {processor.py:830} INFO - Processing file /home/airflow/.local/lib/python3.11/site-packages/airflow/example_dags/example_trigger_target_dag.py for tasks to queue
[2026-07-05T16:16:17.288+0000] {logging_mixin.py:188} INFO - [2026-07-05T16:16:17.287+0000] {dagbag.py:545} INFO - Filling up the DagBag from /home/airflow/.local/lib/python3.11/site-packages/airflow/example_dags/example_trigger_target_dag.py
[2026-07-05T16:16:17.294+0000] {processor.py:840} INFO - DAG(s) 'example_trigger_target_dag' retrieved from /home/airflow/.local/lib/python3.11/site-packages/airflow/example_dags/example_trigger_target_dag.py
[2026-07-05T16:16:17.315+0000] {logging_mixin.py:188} INFO - [2026-07-05T16:16:17.315+0000] {dag.py:3096} INFO - Sync 1 DAGs
[2026-07-05T16:16:17.331+0000] {logging_mixin.py:188} INFO - [2026-07-05T16:16:17.329+0000] {dag.py:3954} INFO - Setting next_dagrun for example_trigger_target_dag to None, run_after=None
[2026-07-05T16:16:17.359+0000] {processor.py:183} INFO - Processing /home/airflow/.local/lib/python3.11/site-packages/airflow/example_dags/example_trigger_target_dag.py took 0.080 seconds
[2026-07-05T16:16:47.707+0000] {processor.py:161} INFO - Started process (PID=832) to work on /home/airflow/.local/lib/python3.11/site-packages/airflow/example_dags/example_trigger_target_dag.py
[2026-07-05T16:16:47.708+0000] {processor.py:830} INFO - Processing file /home/airflow/.local/lib/python3.11/site-packages/airflow/example_dags/example_trigger_target_dag.py for tasks to queue
[2026-07-05T16:16:47.710+0000] {logging_mixin.py:188} INFO - [2026-07-05T16:16:47.710+0000] {dagbag.py:545} INFO - Filling up the DagBag from /home/airflow/.local/lib/python3.11/site-packages/airflow/example_dags/example_trigger_target_dag.py
[2026-07-05T16:16:47.718+0000] {processor.py:840} INFO - DAG(s) 'example_trigger_target_dag' retrieved from /home/airflow/.local/lib/python3.11/site-packages/airflow/example_dags/example_trigger_target_dag.py
[2026-07-05T16:16:47.736+0000] {logging_mixin.py:188} INFO - [2026-07-05T16:16:47.735+0000] {dag.py:3096} INFO - Sync 1 DAGs
[2026-07-05T16:16:47.747+0000] {logging_mixin.py:188} INFO - [2026-07-05T16:16:47.747+0000] {dag.py:3954} INFO - Setting next_dagrun for example_trigger_target_dag to None, run_after=None
[2026-07-05T16:16:47.764+0000] {processor.py:183} INFO - Processing /home/airflow/.local/lib/python3.11/site-packages/airflow/example_dags/example_trigger_target_dag.py took 0.064 seconds
[2026-07-05T16:17:18.047+0000] {processor.py:161} INFO - Started process (PID=890) to work on /home/airflow/.local/lib/python3.11/site-packages/airflow/example_dags/example_trigger_target_dag.py
[2026-07-05T16:17:18.048+0000] {processor.py:830} INFO - Processing file /home/airflow/.local/lib/python3.11/site-packages/airflow/example_dags/example_trigger_target_dag.py for tasks to queue
[2026-07-05T16:17:18.050+0000] {logging_mixin.py:188} INFO - [2026-07-05T16:17:18.050+0000] {dagbag.py:545} INFO - Filling up the DagBag from /home/airflow/.local/lib/python3.11/site-packages/airflow/example_dags/example_trigger_target_dag.py
[2026-07-05T16:17:18.057+0000] {processor.py:840} INFO - DAG(s) 'example_trigger_target_dag' retrieved from /home/airflow/.local/lib/python3.11/site-packages/airflow/example_dags/example_trigger_target_dag.py
[2026-07-05T16:17:18.077+0000] {logging_mixin.py:188} INFO - [2026-07-05T16:17:18.077+0000] {dag.py:3096} INFO - Sync 1 DAGs
[2026-07-05T16:17:18.089+0000] {logging_mixin.py:188} INFO - [2026-07-05T16:17:18.089+0000] {dag.py:3954} INFO - Setting next_dagrun for example_trigger_target_dag to None, run_after=None
[2026-07-05T16:17:18.107+0000] {processor.py:183} INFO - Processing /home/airflow/.local/lib/python3.11/site-packages/airflow/example_dags/example_trigger_target_dag.py took 0.067 seconds
[2026-07-05T16:17:48.344+0000] {processor.py:161} INFO - Started process (PID=948) to work on /home/airflow/.local/lib/python3.11/site-packages/airflow/example_dags/example_trigger_target_dag.py
[2026-07-05T16:17:48.345+0000] {processor.py:830} INFO - Processing file /home/airflow/.local/lib/python3.11/site-packages/airflow/example_dags/example_trigger_target_dag.py for tasks to queue
[2026-07-05T16:17:48.347+0000] {logging_mixin.py:188} INFO - [2026-07-05T16:17:48.347+0000] {dagbag.py:545} INFO - Filling up the DagBag from /home/airflow/.local/lib/python3.11/site-packages/airflow/example_dags/example_trigger_target_dag.py
[2026-07-05T16:17:48.353+0000] {processor.py:840} INFO - DAG(s) 'example_trigger_target_dag' retrieved from /home/airflow/.local/lib/python3.11/site-packages/airflow/example_dags/example_trigger_target_dag.py
[2026-07-05T16:17:48.371+0000] {logging_mixin.py:188} INFO - [2026-07-05T16:17:48.371+0000] {dag.py:3096} INFO - Sync 1 DAGs
[2026-07-05T16:17:48.381+0000] {logging_mixin.py:188} INFO - [2026-07-05T16:17:48.381+0000] {dag.py:3954} INFO - Setting next_dagrun for example_trigger_target_dag to None, run_after=None
[2026-07-05T16:17:48.399+0000] {processor.py:183} INFO - Processing /home/airflow/.local/lib/python3.11/site-packages/airflow/example_dags/example_trigger_target_dag.py took 0.061 seconds
[2026-07-05T16:18:19.121+0000] {processor.py:161} INFO - Started process (PID=1006) to work on /home/airflow/.local/lib/python3.11/site-packages/airflow/example_dags/example_trigger_target_dag.py
[2026-07-05T16:18:19.123+0000] {processor.py:830} INFO - Processing file /home/airflow/.local/lib/python3.11/site-packages/airflow/example_dags/example_trigger_target_dag.py for tasks to queue
[2026-07-05T16:18:19.126+0000] {logging_mixin.py:188} INFO - [2026-07-05T16:18:19.125+0000] {dagbag.py:545} INFO - Filling up the DagBag from /home/airflow/.local/lib/python3.11/site-packages/airflow/example_dags/example_trigger_target_dag.py
[2026-07-05T16:18:19.135+0000] {processor.py:840} INFO - DAG(s) 'example_trigger_target_dag' retrieved from /home/airflow/.local/lib/python3.11/site-packages/airflow/example_dags/example_trigger_target_dag.py
[2026-07-05T16:18:19.157+0000] {logging_mixin.py:188} INFO - [2026-07-05T16:18:19.157+0000] {dag.py:3096} INFO - Sync 1 DAGs
[2026-07-05T16:18:19.182+0000] {logging_mixin.py:188} INFO - [2026-07-05T16:18:19.182+0000] {dag.py:3954} INFO - Setting next_dagrun for example_trigger_target_dag to None, run_after=None
[2026-07-05T16:18:19.201+0000] {processor.py:183} INFO - Processing /home/airflow/.local/lib/python3.11/site-packages/airflow/example_dags/example_trigger_target_dag.py took 0.089 seconds
[2026-07-05T16:18:49.319+0000] {processor.py:161} INFO - Started process (PID=1064) to work on /home/airflow/.local/lib/python3.11/site-packages/airflow/example_dags/example_trigger_target_dag.py
[2026-07-05T16:18:49.320+0000] {processor.py:830} INFO - Processing file /home/airflow/.local/lib/python3.11/site-packages/airflow/example_dags/example_trigger_target_dag.py for tasks to queue
[2026-07-05T16:18:49.322+0000] {logging_mixin.py:188} INFO - [2026-07-05T16:18:49.322+0000] {dagbag.py:545} INFO - Filling up the DagBag from /home/airflow/.local/lib/python3.11/site-packages/airflow/example_dags/example_trigger_target_dag.py
[2026-07-05T16:18:49.329+0000] {processor.py:840} INFO - DAG(s) 'example_trigger_target_dag' retrieved from /home/airflow/.local/lib/python3.11/site-packages/airflow/example_dags/example_trigger_target_dag.py
[2026-07-05T16:18:49.348+0000] {logging_mixin.py:188} INFO - [2026-07-05T16:18:49.348+0000] {dag.py:3096} INFO - Sync 1 DAGs
[2026-07-05T16:18:49.358+0000] {logging_mixin.py:188} INFO - [2026-07-05T16:18:49.358+0000] {dag.py:3954} INFO - Setting next_dagrun for example_trigger_target_dag to None, run_after=None
[2026-07-05T16:18:49.375+0000] {processor.py:183} INFO - Processing /home/airflow/.local/lib/python3.11/site-packages/airflow/example_dags/example_trigger_target_dag.py took 0.062 seconds
