[2026-07-05T16:07:38.038+0000] {processor.py:161} INFO - Started process (PID=94) to work on /home/airflow/.local/lib/python3.11/site-packages/airflow/example_dags/example_branch_python_dop_operator_3.py
[2026-07-05T16:07:38.040+0000] {processor.py:830} INFO - Processing file /home/airflow/.local/lib/python3.11/site-packages/airflow/example_dags/example_branch_python_dop_operator_3.py for tasks to queue
[2026-07-05T16:07:38.053+0000] {logging_mixin.py:188} INFO - [2026-07-05T16:07:38.052+0000] {dagbag.py:545} INFO - Filling up the DagBag from /home/airflow/.local/lib/python3.11/site-packages/airflow/example_dags/example_branch_python_dop_operator_3.py
[2026-07-05T16:07:38.089+0000] {processor.py:840} INFO - DAG(s) 'example_branch_dop_operator_v3' retrieved from /home/airflow/.local/lib/python3.11/site-packages/airflow/example_dags/example_branch_python_dop_operator_3.py
[2026-07-05T16:07:38.374+0000] {logging_mixin.py:188} INFO - [2026-07-05T16:07:38.373+0000] {override.py:1829} INFO - Created Permission View: can delete on DAG:example_branch_dop_operator_v3
[2026-07-05T16:07:38.392+0000] {logging_mixin.py:188} INFO - [2026-07-05T16:07:38.392+0000] {override.py:1829} INFO - Created Permission View: can read on DAG:example_branch_dop_operator_v3
[2026-07-05T16:07:38.404+0000] {logging_mixin.py:188} INFO - [2026-07-05T16:07:38.404+0000] {override.py:1829} INFO - Created Permission View: can edit on DAG:example_branch_dop_operator_v3
[2026-07-05T16:07:38.406+0000] {logging_mixin.py:188} INFO - [2026-07-05T16:07:38.405+0000] {dag.py:3096} INFO - Sync 1 DAGs
[2026-07-05T16:07:38.422+0000] {logging_mixin.py:188} INFO - [2026-07-05T16:07:38.422+0000] {dag.py:3118} INFO - Creating ORM DAG for example_branch_dop_operator_v3
[2026-07-05T16:07:38.438+0000] {logging_mixin.py:188} INFO - [2026-07-05T16:07:38.438+0000] {dag.py:3954} INFO - Setting next_dagrun for example_branch_dop_operator_v3 to 2026-07-05 16:06:00+00:00, run_after=2026-07-05 16:07:00+00:00
[2026-07-05T16:07:38.492+0000] {processor.py:183} INFO - Processing /home/airflow/.local/lib/python3.11/site-packages/airflow/example_dags/example_branch_python_dop_operator_3.py took 0.470 seconds
[2026-07-05T16:08:09.362+0000] {processor.py:161} INFO - Started process (PID=152) to work on /home/airflow/.local/lib/python3.11/site-packages/airflow/example_dags/example_branch_python_dop_operator_3.py
[2026-07-05T16:08:09.364+0000] {processor.py:830} INFO - Processing file /home/airflow/.local/lib/python3.11/site-packages/airflow/example_dags/example_branch_python_dop_operator_3.py for tasks to queue
[2026-07-05T16:08:09.366+0000] {logging_mixin.py:188} INFO - [2026-07-05T16:08:09.365+0000] {dagbag.py:545} INFO - Filling up the DagBag from /home/airflow/.local/lib/python3.11/site-packages/airflow/example_dags/example_branch_python_dop_operator_3.py
[2026-07-05T16:08:09.374+0000] {processor.py:840} INFO - DAG(s) 'example_branch_dop_operator_v3' retrieved from /home/airflow/.local/lib/python3.11/site-packages/airflow/example_dags/example_branch_python_dop_operator_3.py
[2026-07-05T16:08:09.393+0000] {logging_mixin.py:188} INFO - [2026-07-05T16:08:09.393+0000] {dag.py:3096} INFO - Sync 1 DAGs
[2026-07-05T16:08:09.418+0000] {logging_mixin.py:188} INFO - [2026-07-05T16:08:09.418+0000] {dag.py:3954} INFO - Setting next_dagrun for example_branch_dop_operator_v3 to 2026-07-05 16:07:00+00:00, run_after=2026-07-05 16:08:00+00:00
[2026-07-05T16:08:09.438+0000] {processor.py:183} INFO - Processing /home/airflow/.local/lib/python3.11/site-packages/airflow/example_dags/example_branch_python_dop_operator_3.py took 0.083 seconds
[2026-07-05T16:08:39.943+0000] {processor.py:161} INFO - Started process (PID=210) to work on /home/airflow/.local/lib/python3.11/site-packages/airflow/example_dags/example_branch_python_dop_operator_3.py
[2026-07-05T16:08:39.944+0000] {processor.py:830} INFO - Processing file /home/airflow/.local/lib/python3.11/site-packages/airflow/example_dags/example_branch_python_dop_operator_3.py for tasks to queue
[2026-07-05T16:08:39.946+0000] {logging_mixin.py:188} INFO - [2026-07-05T16:08:39.945+0000] {dagbag.py:545} INFO - Filling up the DagBag from /home/airflow/.local/lib/python3.11/site-packages/airflow/example_dags/example_branch_python_dop_operator_3.py
[2026-07-05T16:08:39.955+0000] {processor.py:840} INFO - DAG(s) 'example_branch_dop_operator_v3' retrieved from /home/airflow/.local/lib/python3.11/site-packages/airflow/example_dags/example_branch_python_dop_operator_3.py
[2026-07-05T16:08:39.976+0000] {logging_mixin.py:188} INFO - [2026-07-05T16:08:39.976+0000] {dag.py:3096} INFO - Sync 1 DAGs
[2026-07-05T16:08:40.004+0000] {logging_mixin.py:188} INFO - [2026-07-05T16:08:40.004+0000] {dag.py:3954} INFO - Setting next_dagrun for example_branch_dop_operator_v3 to 2026-07-05 16:07:00+00:00, run_after=2026-07-05 16:08:00+00:00
[2026-07-05T16:08:40.025+0000] {processor.py:183} INFO - Processing /home/airflow/.local/lib/python3.11/site-packages/airflow/example_dags/example_branch_python_dop_operator_3.py took 0.088 seconds
[2026-07-05T16:09:10.232+0000] {processor.py:161} INFO - Started process (PID=269) to work on /home/airflow/.local/lib/python3.11/site-packages/airflow/example_dags/example_branch_python_dop_operator_3.py
[2026-07-05T16:09:10.234+0000] {processor.py:830} INFO - Processing file /home/airflow/.local/lib/python3.11/site-packages/airflow/example_dags/example_branch_python_dop_operator_3.py for tasks to queue
[2026-07-05T16:09:10.237+0000] {logging_mixin.py:188} INFO - [2026-07-05T16:09:10.237+0000] {dagbag.py:545} INFO - Filling up the DagBag from /home/airflow/.local/lib/python3.11/site-packages/airflow/example_dags/example_branch_python_dop_operator_3.py
[2026-07-05T16:09:10.253+0000] {processor.py:840} INFO - DAG(s) 'example_branch_dop_operator_v3' retrieved from /home/airflow/.local/lib/python3.11/site-packages/airflow/example_dags/example_branch_python_dop_operator_3.py
[2026-07-05T16:09:10.270+0000] {logging_mixin.py:188} INFO - [2026-07-05T16:09:10.270+0000] {dag.py:3096} INFO - Sync 1 DAGs
[2026-07-05T16:09:10.308+0000] {logging_mixin.py:188} INFO - [2026-07-05T16:09:10.308+0000] {dag.py:3954} INFO - Setting next_dagrun for example_branch_dop_operator_v3 to 2026-07-05 16:08:00+00:00, run_after=2026-07-05 16:09:00+00:00
[2026-07-05T16:09:10.341+0000] {processor.py:183} INFO - Processing /home/airflow/.local/lib/python3.11/site-packages/airflow/example_dags/example_branch_python_dop_operator_3.py took 0.119 seconds
[2026-07-05T16:09:40.580+0000] {processor.py:161} INFO - Started process (PID=326) to work on /home/airflow/.local/lib/python3.11/site-packages/airflow/example_dags/example_branch_python_dop_operator_3.py
[2026-07-05T16:09:40.581+0000] {processor.py:830} INFO - Processing file /home/airflow/.local/lib/python3.11/site-packages/airflow/example_dags/example_branch_python_dop_operator_3.py for tasks to queue
[2026-07-05T16:09:40.584+0000] {logging_mixin.py:188} INFO - [2026-07-05T16:09:40.583+0000] {dagbag.py:545} INFO - Filling up the DagBag from /home/airflow/.local/lib/python3.11/site-packages/airflow/example_dags/example_branch_python_dop_operator_3.py
[2026-07-05T16:09:40.593+0000] {processor.py:840} INFO - DAG(s) 'example_branch_dop_operator_v3' retrieved from /home/airflow/.local/lib/python3.11/site-packages/airflow/example_dags/example_branch_python_dop_operator_3.py
[2026-07-05T16:09:40.689+0000] {logging_mixin.py:188} INFO - [2026-07-05T16:09:40.688+0000] {dag.py:3096} INFO - Sync 1 DAGs
[2026-07-05T16:09:40.715+0000] {logging_mixin.py:188} INFO - [2026-07-05T16:09:40.715+0000] {dag.py:3954} INFO - Setting next_dagrun for example_branch_dop_operator_v3 to 2026-07-05 16:08:00+00:00, run_after=2026-07-05 16:09:00+00:00
[2026-07-05T16:09:40.734+0000] {processor.py:183} INFO - Processing /home/airflow/.local/lib/python3.11/site-packages/airflow/example_dags/example_branch_python_dop_operator_3.py took 0.161 seconds
[2026-07-05T16:10:15.167+0000] {processor.py:161} INFO - Started process (PID=89) to work on /home/airflow/.local/lib/python3.11/site-packages/airflow/example_dags/example_branch_python_dop_operator_3.py
[2026-07-05T16:10:15.169+0000] {processor.py:830} INFO - Processing file /home/airflow/.local/lib/python3.11/site-packages/airflow/example_dags/example_branch_python_dop_operator_3.py for tasks to queue
[2026-07-05T16:10:15.173+0000] {logging_mixin.py:188} INFO - [2026-07-05T16:10:15.172+0000] {dagbag.py:545} INFO - Filling up the DagBag from /home/airflow/.local/lib/python3.11/site-packages/airflow/example_dags/example_branch_python_dop_operator_3.py
[2026-07-05T16:10:15.192+0000] {processor.py:840} INFO - DAG(s) 'example_branch_dop_operator_v3' retrieved from /home/airflow/.local/lib/python3.11/site-packages/airflow/example_dags/example_branch_python_dop_operator_3.py
[2026-07-05T16:10:15.217+0000] {logging_mixin.py:188} INFO - [2026-07-05T16:10:15.217+0000] {dag.py:3096} INFO - Sync 1 DAGs
[2026-07-05T16:10:15.281+0000] {logging_mixin.py:188} INFO - [2026-07-05T16:10:15.281+0000] {dag.py:3954} INFO - Setting next_dagrun for example_branch_dop_operator_v3 to 2026-07-05 16:09:00+00:00, run_after=2026-07-05 16:10:00+00:00
[2026-07-05T16:10:15.330+0000] {processor.py:183} INFO - Processing /home/airflow/.local/lib/python3.11/site-packages/airflow/example_dags/example_branch_python_dop_operator_3.py took 0.180 seconds
[2026-07-05T16:10:45.907+0000] {processor.py:161} INFO - Started process (PID=148) to work on /home/airflow/.local/lib/python3.11/site-packages/airflow/example_dags/example_branch_python_dop_operator_3.py
[2026-07-05T16:10:45.909+0000] {processor.py:830} INFO - Processing file /home/airflow/.local/lib/python3.11/site-packages/airflow/example_dags/example_branch_python_dop_operator_3.py for tasks to queue
[2026-07-05T16:10:45.911+0000] {logging_mixin.py:188} INFO - [2026-07-05T16:10:45.911+0000] {dagbag.py:545} INFO - Filling up the DagBag from /home/airflow/.local/lib/python3.11/site-packages/airflow/example_dags/example_branch_python_dop_operator_3.py
[2026-07-05T16:10:45.924+0000] {processor.py:840} INFO - DAG(s) 'example_branch_dop_operator_v3' retrieved from /home/airflow/.local/lib/python3.11/site-packages/airflow/example_dags/example_branch_python_dop_operator_3.py
[2026-07-05T16:10:46.070+0000] {logging_mixin.py:188} INFO - [2026-07-05T16:10:46.070+0000] {dag.py:3096} INFO - Sync 1 DAGs
[2026-07-05T16:10:46.106+0000] {logging_mixin.py:188} INFO - [2026-07-05T16:10:46.106+0000] {dag.py:3954} INFO - Setting next_dagrun for example_branch_dop_operator_v3 to 2026-07-05 16:09:00+00:00, run_after=2026-07-05 16:10:00+00:00
[2026-07-05T16:10:46.143+0000] {processor.py:183} INFO - Processing /home/airflow/.local/lib/python3.11/site-packages/airflow/example_dags/example_branch_python_dop_operator_3.py took 0.243 seconds
[2026-07-05T16:11:16.351+0000] {processor.py:161} INFO - Started process (PID=206) to work on /home/airflow/.local/lib/python3.11/site-packages/airflow/example_dags/example_branch_python_dop_operator_3.py
[2026-07-05T16:11:16.352+0000] {processor.py:830} INFO - Processing file /home/airflow/.local/lib/python3.11/site-packages/airflow/example_dags/example_branch_python_dop_operator_3.py for tasks to queue
[2026-07-05T16:11:16.355+0000] {logging_mixin.py:188} INFO - [2026-07-05T16:11:16.355+0000] {dagbag.py:545} INFO - Filling up the DagBag from /home/airflow/.local/lib/python3.11/site-packages/airflow/example_dags/example_branch_python_dop_operator_3.py
[2026-07-05T16:11:16.368+0000] {processor.py:840} INFO - DAG(s) 'example_branch_dop_operator_v3' retrieved from /home/airflow/.local/lib/python3.11/site-packages/airflow/example_dags/example_branch_python_dop_operator_3.py
[2026-07-05T16:11:16.395+0000] {logging_mixin.py:188} INFO - [2026-07-05T16:11:16.395+0000] {dag.py:3096} INFO - Sync 1 DAGs
[2026-07-05T16:11:16.424+0000] {logging_mixin.py:188} INFO - [2026-07-05T16:11:16.423+0000] {dag.py:3954} INFO - Setting next_dagrun for example_branch_dop_operator_v3 to 2026-07-05 16:10:00+00:00, run_after=2026-07-05 16:11:00+00:00
[2026-07-05T16:11:16.453+0000] {processor.py:183} INFO - Processing /home/airflow/.local/lib/python3.11/site-packages/airflow/example_dags/example_branch_python_dop_operator_3.py took 0.109 seconds
[2026-07-05T16:11:47.187+0000] {processor.py:161} INFO - Started process (PID=264) to work on /home/airflow/.local/lib/python3.11/site-packages/airflow/example_dags/example_branch_python_dop_operator_3.py
[2026-07-05T16:11:47.189+0000] {processor.py:830} INFO - Processing file /home/airflow/.local/lib/python3.11/site-packages/airflow/example_dags/example_branch_python_dop_operator_3.py for tasks to queue
[2026-07-05T16:11:47.191+0000] {logging_mixin.py:188} INFO - [2026-07-05T16:11:47.191+0000] {dagbag.py:545} INFO - Filling up the DagBag from /home/airflow/.local/lib/python3.11/site-packages/airflow/example_dags/example_branch_python_dop_operator_3.py
[2026-07-05T16:11:47.207+0000] {processor.py:840} INFO - DAG(s) 'example_branch_dop_operator_v3' retrieved from /home/airflow/.local/lib/python3.11/site-packages/airflow/example_dags/example_branch_python_dop_operator_3.py
[2026-07-05T16:11:47.228+0000] {logging_mixin.py:188} INFO - [2026-07-05T16:11:47.228+0000] {dag.py:3096} INFO - Sync 1 DAGs
[2026-07-05T16:11:47.262+0000] {logging_mixin.py:188} INFO - [2026-07-05T16:11:47.261+0000] {dag.py:3954} INFO - Setting next_dagrun for example_branch_dop_operator_v3 to 2026-07-05 16:10:00+00:00, run_after=2026-07-05 16:11:00+00:00
[2026-07-05T16:11:47.287+0000] {processor.py:183} INFO - Processing /home/airflow/.local/lib/python3.11/site-packages/airflow/example_dags/example_branch_python_dop_operator_3.py took 0.107 seconds
[2026-07-05T16:12:18.157+0000] {processor.py:161} INFO - Started process (PID=322) to work on /home/airflow/.local/lib/python3.11/site-packages/airflow/example_dags/example_branch_python_dop_operator_3.py
[2026-07-05T16:12:18.159+0000] {processor.py:830} INFO - Processing file /home/airflow/.local/lib/python3.11/site-packages/airflow/example_dags/example_branch_python_dop_operator_3.py for tasks to queue
[2026-07-05T16:12:18.163+0000] {logging_mixin.py:188} INFO - [2026-07-05T16:12:18.162+0000] {dagbag.py:545} INFO - Filling up the DagBag from /home/airflow/.local/lib/python3.11/site-packages/airflow/example_dags/example_branch_python_dop_operator_3.py
[2026-07-05T16:12:18.184+0000] {processor.py:840} INFO - DAG(s) 'example_branch_dop_operator_v3' retrieved from /home/airflow/.local/lib/python3.11/site-packages/airflow/example_dags/example_branch_python_dop_operator_3.py
[2026-07-05T16:12:18.551+0000] {logging_mixin.py:188} INFO - [2026-07-05T16:12:18.549+0000] {dag.py:3096} INFO - Sync 1 DAGs
[2026-07-05T16:12:18.624+0000] {logging_mixin.py:188} INFO - [2026-07-05T16:12:18.624+0000] {dag.py:3954} INFO - Setting next_dagrun for example_branch_dop_operator_v3 to 2026-07-05 16:11:00+00:00, run_after=2026-07-05 16:12:00+00:00
[2026-07-05T16:12:18.687+0000] {processor.py:183} INFO - Processing /home/airflow/.local/lib/python3.11/site-packages/airflow/example_dags/example_branch_python_dop_operator_3.py took 0.542 seconds
[2026-07-05T16:12:49.090+0000] {processor.py:161} INFO - Started process (PID=381) to work on /home/airflow/.local/lib/python3.11/site-packages/airflow/example_dags/example_branch_python_dop_operator_3.py
[2026-07-05T16:12:49.091+0000] {processor.py:830} INFO - Processing file /home/airflow/.local/lib/python3.11/site-packages/airflow/example_dags/example_branch_python_dop_operator_3.py for tasks to queue
[2026-07-05T16:12:49.093+0000] {logging_mixin.py:188} INFO - [2026-07-05T16:12:49.092+0000] {dagbag.py:545} INFO - Filling up the DagBag from /home/airflow/.local/lib/python3.11/site-packages/airflow/example_dags/example_branch_python_dop_operator_3.py
[2026-07-05T16:12:49.102+0000] {processor.py:840} INFO - DAG(s) 'example_branch_dop_operator_v3' retrieved from /home/airflow/.local/lib/python3.11/site-packages/airflow/example_dags/example_branch_python_dop_operator_3.py
[2026-07-05T16:12:49.121+0000] {logging_mixin.py:188} INFO - [2026-07-05T16:12:49.121+0000] {dag.py:3096} INFO - Sync 1 DAGs
[2026-07-05T16:12:49.142+0000] {logging_mixin.py:188} INFO - [2026-07-05T16:12:49.142+0000] {dag.py:3954} INFO - Setting next_dagrun for example_branch_dop_operator_v3 to 2026-07-05 16:11:00+00:00, run_after=2026-07-05 16:12:00+00:00
[2026-07-05T16:12:49.161+0000] {processor.py:183} INFO - Processing /home/airflow/.local/lib/python3.11/site-packages/airflow/example_dags/example_branch_python_dop_operator_3.py took 0.077 seconds
[2026-07-05T16:13:19.686+0000] {processor.py:161} INFO - Started process (PID=439) to work on /home/airflow/.local/lib/python3.11/site-packages/airflow/example_dags/example_branch_python_dop_operator_3.py
[2026-07-05T16:13:19.687+0000] {processor.py:830} INFO - Processing file /home/airflow/.local/lib/python3.11/site-packages/airflow/example_dags/example_branch_python_dop_operator_3.py for tasks to queue
[2026-07-05T16:13:19.689+0000] {logging_mixin.py:188} INFO - [2026-07-05T16:13:19.689+0000] {dagbag.py:545} INFO - Filling up the DagBag from /home/airflow/.local/lib/python3.11/site-packages/airflow/example_dags/example_branch_python_dop_operator_3.py
[2026-07-05T16:13:19.697+0000] {processor.py:840} INFO - DAG(s) 'example_branch_dop_operator_v3' retrieved from /home/airflow/.local/lib/python3.11/site-packages/airflow/example_dags/example_branch_python_dop_operator_3.py
[2026-07-05T16:13:19.717+0000] {logging_mixin.py:188} INFO - [2026-07-05T16:13:19.717+0000] {dag.py:3096} INFO - Sync 1 DAGs
[2026-07-05T16:13:19.737+0000] {logging_mixin.py:188} INFO - [2026-07-05T16:13:19.737+0000] {dag.py:3954} INFO - Setting next_dagrun for example_branch_dop_operator_v3 to 2026-07-05 16:12:00+00:00, run_after=2026-07-05 16:13:00+00:00
[2026-07-05T16:13:19.755+0000] {processor.py:183} INFO - Processing /home/airflow/.local/lib/python3.11/site-packages/airflow/example_dags/example_branch_python_dop_operator_3.py took 0.075 seconds
[2026-07-05T16:13:50.148+0000] {processor.py:161} INFO - Started process (PID=497) to work on /home/airflow/.local/lib/python3.11/site-packages/airflow/example_dags/example_branch_python_dop_operator_3.py
[2026-07-05T16:13:50.150+0000] {processor.py:830} INFO - Processing file /home/airflow/.local/lib/python3.11/site-packages/airflow/example_dags/example_branch_python_dop_operator_3.py for tasks to queue
[2026-07-05T16:13:50.152+0000] {logging_mixin.py:188} INFO - [2026-07-05T16:13:50.151+0000] {dagbag.py:545} INFO - Filling up the DagBag from /home/airflow/.local/lib/python3.11/site-packages/airflow/example_dags/example_branch_python_dop_operator_3.py
[2026-07-05T16:13:50.160+0000] {processor.py:840} INFO - DAG(s) 'example_branch_dop_operator_v3' retrieved from /home/airflow/.local/lib/python3.11/site-packages/airflow/example_dags/example_branch_python_dop_operator_3.py
[2026-07-05T16:13:50.180+0000] {logging_mixin.py:188} INFO - [2026-07-05T16:13:50.180+0000] {dag.py:3096} INFO - Sync 1 DAGs
[2026-07-05T16:13:50.199+0000] {logging_mixin.py:188} INFO - [2026-07-05T16:13:50.198+0000] {dag.py:3954} INFO - Setting next_dagrun for example_branch_dop_operator_v3 to 2026-07-05 16:12:00+00:00, run_after=2026-07-05 16:13:00+00:00
[2026-07-05T16:13:50.215+0000] {processor.py:183} INFO - Processing /home/airflow/.local/lib/python3.11/site-packages/airflow/example_dags/example_branch_python_dop_operator_3.py took 0.073 seconds
[2026-07-05T16:14:20.304+0000] {processor.py:161} INFO - Started process (PID=555) to work on /home/airflow/.local/lib/python3.11/site-packages/airflow/example_dags/example_branch_python_dop_operator_3.py
[2026-07-05T16:14:20.305+0000] {processor.py:830} INFO - Processing file /home/airflow/.local/lib/python3.11/site-packages/airflow/example_dags/example_branch_python_dop_operator_3.py for tasks to queue
[2026-07-05T16:14:20.307+0000] {logging_mixin.py:188} INFO - [2026-07-05T16:14:20.307+0000] {dagbag.py:545} INFO - Filling up the DagBag from /home/airflow/.local/lib/python3.11/site-packages/airflow/example_dags/example_branch_python_dop_operator_3.py
[2026-07-05T16:14:20.316+0000] {processor.py:840} INFO - DAG(s) 'example_branch_dop_operator_v3' retrieved from /home/airflow/.local/lib/python3.11/site-packages/airflow/example_dags/example_branch_python_dop_operator_3.py
[2026-07-05T16:14:20.336+0000] {logging_mixin.py:188} INFO - [2026-07-05T16:14:20.335+0000] {dag.py:3096} INFO - Sync 1 DAGs
[2026-07-05T16:14:20.361+0000] {logging_mixin.py:188} INFO - [2026-07-05T16:14:20.361+0000] {dag.py:3954} INFO - Setting next_dagrun for example_branch_dop_operator_v3 to 2026-07-05 16:13:00+00:00, run_after=2026-07-05 16:14:00+00:00
[2026-07-05T16:14:20.379+0000] {processor.py:183} INFO - Processing /home/airflow/.local/lib/python3.11/site-packages/airflow/example_dags/example_branch_python_dop_operator_3.py took 0.081 seconds
[2026-07-05T16:14:50.674+0000] {processor.py:161} INFO - Started process (PID=613) to work on /home/airflow/.local/lib/python3.11/site-packages/airflow/example_dags/example_branch_python_dop_operator_3.py
[2026-07-05T16:14:50.680+0000] {processor.py:830} INFO - Processing file /home/airflow/.local/lib/python3.11/site-packages/airflow/example_dags/example_branch_python_dop_operator_3.py for tasks to queue
[2026-07-05T16:14:50.685+0000] {logging_mixin.py:188} INFO - [2026-07-05T16:14:50.684+0000] {dagbag.py:545} INFO - Filling up the DagBag from /home/airflow/.local/lib/python3.11/site-packages/airflow/example_dags/example_branch_python_dop_operator_3.py
[2026-07-05T16:14:50.721+0000] {processor.py:840} INFO - DAG(s) 'example_branch_dop_operator_v3' retrieved from /home/airflow/.local/lib/python3.11/site-packages/airflow/example_dags/example_branch_python_dop_operator_3.py
[2026-07-05T16:14:50.757+0000] {logging_mixin.py:188} INFO - [2026-07-05T16:14:50.757+0000] {dag.py:3096} INFO - Sync 1 DAGs
[2026-07-05T16:14:50.788+0000] {logging_mixin.py:188} INFO - [2026-07-05T16:14:50.788+0000] {dag.py:3954} INFO - Setting next_dagrun for example_branch_dop_operator_v3 to 2026-07-05 16:13:00+00:00, run_after=2026-07-05 16:14:00+00:00
[2026-07-05T16:14:50.814+0000] {processor.py:183} INFO - Processing /home/airflow/.local/lib/python3.11/site-packages/airflow/example_dags/example_branch_python_dop_operator_3.py took 0.184 seconds
[2026-07-05T16:15:21.725+0000] {processor.py:161} INFO - Started process (PID=671) to work on /home/airflow/.local/lib/python3.11/site-packages/airflow/example_dags/example_branch_python_dop_operator_3.py
[2026-07-05T16:15:21.726+0000] {processor.py:830} INFO - Processing file /home/airflow/.local/lib/python3.11/site-packages/airflow/example_dags/example_branch_python_dop_operator_3.py for tasks to queue
[2026-07-05T16:15:21.728+0000] {logging_mixin.py:188} INFO - [2026-07-05T16:15:21.727+0000] {dagbag.py:545} INFO - Filling up the DagBag from /home/airflow/.local/lib/python3.11/site-packages/airflow/example_dags/example_branch_python_dop_operator_3.py
[2026-07-05T16:15:21.736+0000] {processor.py:840} INFO - DAG(s) 'example_branch_dop_operator_v3' retrieved from /home/airflow/.local/lib/python3.11/site-packages/airflow/example_dags/example_branch_python_dop_operator_3.py
[2026-07-05T16:15:21.761+0000] {logging_mixin.py:188} INFO - [2026-07-05T16:15:21.760+0000] {dag.py:3096} INFO - Sync 1 DAGs
[2026-07-05T16:15:21.787+0000] {logging_mixin.py:188} INFO - [2026-07-05T16:15:21.787+0000] {dag.py:3954} INFO - Setting next_dagrun for example_branch_dop_operator_v3 to 2026-07-05 16:14:00+00:00, run_after=2026-07-05 16:15:00+00:00
[2026-07-05T16:15:21.807+0000] {processor.py:183} INFO - Processing /home/airflow/.local/lib/python3.11/site-packages/airflow/example_dags/example_branch_python_dop_operator_3.py took 0.089 seconds
[2026-07-05T16:15:51.998+0000] {processor.py:161} INFO - Started process (PID=729) to work on /home/airflow/.local/lib/python3.11/site-packages/airflow/example_dags/example_branch_python_dop_operator_3.py
[2026-07-05T16:15:51.999+0000] {processor.py:830} INFO - Processing file /home/airflow/.local/lib/python3.11/site-packages/airflow/example_dags/example_branch_python_dop_operator_3.py for tasks to queue
[2026-07-05T16:15:52.002+0000] {logging_mixin.py:188} INFO - [2026-07-05T16:15:52.001+0000] {dagbag.py:545} INFO - Filling up the DagBag from /home/airflow/.local/lib/python3.11/site-packages/airflow/example_dags/example_branch_python_dop_operator_3.py
[2026-07-05T16:15:52.011+0000] {processor.py:840} INFO - DAG(s) 'example_branch_dop_operator_v3' retrieved from /home/airflow/.local/lib/python3.11/site-packages/airflow/example_dags/example_branch_python_dop_operator_3.py
[2026-07-05T16:15:52.029+0000] {logging_mixin.py:188} INFO - [2026-07-05T16:15:52.029+0000] {dag.py:3096} INFO - Sync 1 DAGs
[2026-07-05T16:15:52.051+0000] {logging_mixin.py:188} INFO - [2026-07-05T16:15:52.051+0000] {dag.py:3954} INFO - Setting next_dagrun for example_branch_dop_operator_v3 to 2026-07-05 16:14:00+00:00, run_after=2026-07-05 16:15:00+00:00
[2026-07-05T16:15:52.072+0000] {processor.py:183} INFO - Processing /home/airflow/.local/lib/python3.11/site-packages/airflow/example_dags/example_branch_python_dop_operator_3.py took 0.081 seconds
[2026-07-05T16:16:22.114+0000] {processor.py:161} INFO - Started process (PID=787) to work on /home/airflow/.local/lib/python3.11/site-packages/airflow/example_dags/example_branch_python_dop_operator_3.py
[2026-07-05T16:16:22.115+0000] {processor.py:830} INFO - Processing file /home/airflow/.local/lib/python3.11/site-packages/airflow/example_dags/example_branch_python_dop_operator_3.py for tasks to queue
[2026-07-05T16:16:22.118+0000] {logging_mixin.py:188} INFO - [2026-07-05T16:16:22.117+0000] {dagbag.py:545} INFO - Filling up the DagBag from /home/airflow/.local/lib/python3.11/site-packages/airflow/example_dags/example_branch_python_dop_operator_3.py
[2026-07-05T16:16:22.126+0000] {processor.py:840} INFO - DAG(s) 'example_branch_dop_operator_v3' retrieved from /home/airflow/.local/lib/python3.11/site-packages/airflow/example_dags/example_branch_python_dop_operator_3.py
[2026-07-05T16:16:22.144+0000] {logging_mixin.py:188} INFO - [2026-07-05T16:16:22.144+0000] {dag.py:3096} INFO - Sync 1 DAGs
[2026-07-05T16:16:22.167+0000] {logging_mixin.py:188} INFO - [2026-07-05T16:16:22.167+0000] {dag.py:3954} INFO - Setting next_dagrun for example_branch_dop_operator_v3 to 2026-07-05 16:15:00+00:00, run_after=2026-07-05 16:16:00+00:00
[2026-07-05T16:16:22.187+0000] {processor.py:183} INFO - Processing /home/airflow/.local/lib/python3.11/site-packages/airflow/example_dags/example_branch_python_dop_operator_3.py took 0.078 seconds
[2026-07-05T16:16:52.332+0000] {processor.py:161} INFO - Started process (PID=845) to work on /home/airflow/.local/lib/python3.11/site-packages/airflow/example_dags/example_branch_python_dop_operator_3.py
[2026-07-05T16:16:52.333+0000] {processor.py:830} INFO - Processing file /home/airflow/.local/lib/python3.11/site-packages/airflow/example_dags/example_branch_python_dop_operator_3.py for tasks to queue
[2026-07-05T16:16:52.335+0000] {logging_mixin.py:188} INFO - [2026-07-05T16:16:52.335+0000] {dagbag.py:545} INFO - Filling up the DagBag from /home/airflow/.local/lib/python3.11/site-packages/airflow/example_dags/example_branch_python_dop_operator_3.py
[2026-07-05T16:16:52.346+0000] {processor.py:840} INFO - DAG(s) 'example_branch_dop_operator_v3' retrieved from /home/airflow/.local/lib/python3.11/site-packages/airflow/example_dags/example_branch_python_dop_operator_3.py
[2026-07-05T16:16:52.364+0000] {logging_mixin.py:188} INFO - [2026-07-05T16:16:52.364+0000] {dag.py:3096} INFO - Sync 1 DAGs
[2026-07-05T16:16:52.386+0000] {logging_mixin.py:188} INFO - [2026-07-05T16:16:52.386+0000] {dag.py:3954} INFO - Setting next_dagrun for example_branch_dop_operator_v3 to 2026-07-05 16:15:00+00:00, run_after=2026-07-05 16:16:00+00:00
[2026-07-05T16:16:52.405+0000] {processor.py:183} INFO - Processing /home/airflow/.local/lib/python3.11/site-packages/airflow/example_dags/example_branch_python_dop_operator_3.py took 0.079 seconds
[2026-07-05T16:17:22.677+0000] {processor.py:161} INFO - Started process (PID=903) to work on /home/airflow/.local/lib/python3.11/site-packages/airflow/example_dags/example_branch_python_dop_operator_3.py
[2026-07-05T16:17:22.678+0000] {processor.py:830} INFO - Processing file /home/airflow/.local/lib/python3.11/site-packages/airflow/example_dags/example_branch_python_dop_operator_3.py for tasks to queue
[2026-07-05T16:17:22.680+0000] {logging_mixin.py:188} INFO - [2026-07-05T16:17:22.680+0000] {dagbag.py:545} INFO - Filling up the DagBag from /home/airflow/.local/lib/python3.11/site-packages/airflow/example_dags/example_branch_python_dop_operator_3.py
[2026-07-05T16:17:22.688+0000] {processor.py:840} INFO - DAG(s) 'example_branch_dop_operator_v3' retrieved from /home/airflow/.local/lib/python3.11/site-packages/airflow/example_dags/example_branch_python_dop_operator_3.py
[2026-07-05T16:17:22.706+0000] {logging_mixin.py:188} INFO - [2026-07-05T16:17:22.706+0000] {dag.py:3096} INFO - Sync 1 DAGs
[2026-07-05T16:17:22.727+0000] {logging_mixin.py:188} INFO - [2026-07-05T16:17:22.727+0000] {dag.py:3954} INFO - Setting next_dagrun for example_branch_dop_operator_v3 to 2026-07-05 16:16:00+00:00, run_after=2026-07-05 16:17:00+00:00
[2026-07-05T16:17:22.745+0000] {processor.py:183} INFO - Processing /home/airflow/.local/lib/python3.11/site-packages/airflow/example_dags/example_branch_python_dop_operator_3.py took 0.075 seconds
[2026-07-05T16:17:53.032+0000] {processor.py:161} INFO - Started process (PID=961) to work on /home/airflow/.local/lib/python3.11/site-packages/airflow/example_dags/example_branch_python_dop_operator_3.py
[2026-07-05T16:17:53.033+0000] {processor.py:830} INFO - Processing file /home/airflow/.local/lib/python3.11/site-packages/airflow/example_dags/example_branch_python_dop_operator_3.py for tasks to queue
[2026-07-05T16:17:53.035+0000] {logging_mixin.py:188} INFO - [2026-07-05T16:17:53.035+0000] {dagbag.py:545} INFO - Filling up the DagBag from /home/airflow/.local/lib/python3.11/site-packages/airflow/example_dags/example_branch_python_dop_operator_3.py
[2026-07-05T16:17:53.043+0000] {processor.py:840} INFO - DAG(s) 'example_branch_dop_operator_v3' retrieved from /home/airflow/.local/lib/python3.11/site-packages/airflow/example_dags/example_branch_python_dop_operator_3.py
[2026-07-05T16:17:53.062+0000] {logging_mixin.py:188} INFO - [2026-07-05T16:17:53.061+0000] {dag.py:3096} INFO - Sync 1 DAGs
[2026-07-05T16:17:53.084+0000] {logging_mixin.py:188} INFO - [2026-07-05T16:17:53.083+0000] {dag.py:3954} INFO - Setting next_dagrun for example_branch_dop_operator_v3 to 2026-07-05 16:16:00+00:00, run_after=2026-07-05 16:17:00+00:00
[2026-07-05T16:17:53.102+0000] {processor.py:183} INFO - Processing /home/airflow/.local/lib/python3.11/site-packages/airflow/example_dags/example_branch_python_dop_operator_3.py took 0.076 seconds
[2026-07-05T16:18:24.108+0000] {processor.py:161} INFO - Started process (PID=1019) to work on /home/airflow/.local/lib/python3.11/site-packages/airflow/example_dags/example_branch_python_dop_operator_3.py
[2026-07-05T16:18:24.109+0000] {processor.py:830} INFO - Processing file /home/airflow/.local/lib/python3.11/site-packages/airflow/example_dags/example_branch_python_dop_operator_3.py for tasks to queue
[2026-07-05T16:18:24.111+0000] {logging_mixin.py:188} INFO - [2026-07-05T16:18:24.110+0000] {dagbag.py:545} INFO - Filling up the DagBag from /home/airflow/.local/lib/python3.11/site-packages/airflow/example_dags/example_branch_python_dop_operator_3.py
[2026-07-05T16:18:24.119+0000] {processor.py:840} INFO - DAG(s) 'example_branch_dop_operator_v3' retrieved from /home/airflow/.local/lib/python3.11/site-packages/airflow/example_dags/example_branch_python_dop_operator_3.py
[2026-07-05T16:18:24.139+0000] {logging_mixin.py:188} INFO - [2026-07-05T16:18:24.139+0000] {dag.py:3096} INFO - Sync 1 DAGs
[2026-07-05T16:18:24.164+0000] {logging_mixin.py:188} INFO - [2026-07-05T16:18:24.164+0000] {dag.py:3954} INFO - Setting next_dagrun for example_branch_dop_operator_v3 to 2026-07-05 16:17:00+00:00, run_after=2026-07-05 16:18:00+00:00
[2026-07-05T16:18:24.181+0000] {processor.py:183} INFO - Processing /home/airflow/.local/lib/python3.11/site-packages/airflow/example_dags/example_branch_python_dop_operator_3.py took 0.080 seconds
[2026-07-05T16:18:54.222+0000] {processor.py:161} INFO - Started process (PID=1077) to work on /home/airflow/.local/lib/python3.11/site-packages/airflow/example_dags/example_branch_python_dop_operator_3.py
[2026-07-05T16:18:54.224+0000] {processor.py:830} INFO - Processing file /home/airflow/.local/lib/python3.11/site-packages/airflow/example_dags/example_branch_python_dop_operator_3.py for tasks to queue
[2026-07-05T16:18:54.226+0000] {logging_mixin.py:188} INFO - [2026-07-05T16:18:54.226+0000] {dagbag.py:545} INFO - Filling up the DagBag from /home/airflow/.local/lib/python3.11/site-packages/airflow/example_dags/example_branch_python_dop_operator_3.py
[2026-07-05T16:18:54.236+0000] {processor.py:840} INFO - DAG(s) 'example_branch_dop_operator_v3' retrieved from /home/airflow/.local/lib/python3.11/site-packages/airflow/example_dags/example_branch_python_dop_operator_3.py
[2026-07-05T16:18:54.258+0000] {logging_mixin.py:188} INFO - [2026-07-05T16:18:54.258+0000] {dag.py:3096} INFO - Sync 1 DAGs
[2026-07-05T16:18:54.286+0000] {logging_mixin.py:188} INFO - [2026-07-05T16:18:54.286+0000] {dag.py:3954} INFO - Setting next_dagrun for example_branch_dop_operator_v3 to 2026-07-05 16:17:00+00:00, run_after=2026-07-05 16:18:00+00:00
[2026-07-05T16:18:54.311+0000] {processor.py:183} INFO - Processing /home/airflow/.local/lib/python3.11/site-packages/airflow/example_dags/example_branch_python_dop_operator_3.py took 0.096 seconds
