[2026-07-05T16:07:29.355+0000] {processor.py:161} INFO - Started process (PID=79) to work on /home/airflow/.local/lib/python3.11/site-packages/airflow/example_dags/example_python_decorator.py
[2026-07-05T16:07:29.371+0000] {processor.py:830} INFO - Processing file /home/airflow/.local/lib/python3.11/site-packages/airflow/example_dags/example_python_decorator.py for tasks to queue
[2026-07-05T16:07:29.401+0000] {logging_mixin.py:188} INFO - [2026-07-05T16:07:29.397+0000] {dagbag.py:545} INFO - Filling up the DagBag from /home/airflow/.local/lib/python3.11/site-packages/airflow/example_dags/example_python_decorator.py
[2026-07-05T16:07:29.427+0000] {processor.py:840} INFO - DAG(s) 'example_python_decorator' retrieved from /home/airflow/.local/lib/python3.11/site-packages/airflow/example_dags/example_python_decorator.py
[2026-07-05T16:07:29.999+0000] {logging_mixin.py:188} INFO - [2026-07-05T16:07:29.996+0000] {override.py:1829} INFO - Created Permission View: can delete on DAG:example_python_decorator
[2026-07-05T16:07:30.025+0000] {logging_mixin.py:188} INFO - [2026-07-05T16:07:30.025+0000] {override.py:1829} INFO - Created Permission View: can read on DAG:example_python_decorator
[2026-07-05T16:07:30.040+0000] {logging_mixin.py:188} INFO - [2026-07-05T16:07:30.039+0000] {override.py:1829} INFO - Created Permission View: can edit on DAG:example_python_decorator
[2026-07-05T16:07:30.041+0000] {logging_mixin.py:188} INFO - [2026-07-05T16:07:30.040+0000] {dag.py:3096} INFO - Sync 1 DAGs
[2026-07-05T16:07:30.082+0000] {logging_mixin.py:188} INFO - [2026-07-05T16:07:30.082+0000] {dag.py:3118} INFO - Creating ORM DAG for example_python_decorator
[2026-07-05T16:07:30.085+0000] {logging_mixin.py:188} INFO - [2026-07-05T16:07:30.085+0000] {dag.py:3954} INFO - Setting next_dagrun for example_python_decorator to None, run_after=None
[2026-07-05T16:07:30.136+0000] {processor.py:183} INFO - Processing /home/airflow/.local/lib/python3.11/site-packages/airflow/example_dags/example_python_decorator.py took 0.876 seconds
[2026-07-05T16:08:00.679+0000] {processor.py:161} INFO - Started process (PID=137) to work on /home/airflow/.local/lib/python3.11/site-packages/airflow/example_dags/example_python_decorator.py
[2026-07-05T16:08:00.680+0000] {processor.py:830} INFO - Processing file /home/airflow/.local/lib/python3.11/site-packages/airflow/example_dags/example_python_decorator.py for tasks to queue
[2026-07-05T16:08:00.683+0000] {logging_mixin.py:188} INFO - [2026-07-05T16:08:00.682+0000] {dagbag.py:545} INFO - Filling up the DagBag from /home/airflow/.local/lib/python3.11/site-packages/airflow/example_dags/example_python_decorator.py
[2026-07-05T16:08:00.699+0000] {processor.py:840} INFO - DAG(s) 'example_python_decorator' retrieved from /home/airflow/.local/lib/python3.11/site-packages/airflow/example_dags/example_python_decorator.py
[2026-07-05T16:08:00.719+0000] {logging_mixin.py:188} INFO - [2026-07-05T16:08:00.719+0000] {dag.py:3096} INFO - Sync 1 DAGs
[2026-07-05T16:08:00.730+0000] {logging_mixin.py:188} INFO - [2026-07-05T16:08:00.730+0000] {dag.py:3954} INFO - Setting next_dagrun for example_python_decorator to None, run_after=None
[2026-07-05T16:08:00.748+0000] {processor.py:183} INFO - Processing /home/airflow/.local/lib/python3.11/site-packages/airflow/example_dags/example_python_decorator.py took 0.074 seconds
[2026-07-05T16:08:31.227+0000] {processor.py:161} INFO - Started process (PID=195) to work on /home/airflow/.local/lib/python3.11/site-packages/airflow/example_dags/example_python_decorator.py
[2026-07-05T16:08:31.229+0000] {processor.py:830} INFO - Processing file /home/airflow/.local/lib/python3.11/site-packages/airflow/example_dags/example_python_decorator.py for tasks to queue
[2026-07-05T16:08:31.232+0000] {logging_mixin.py:188} INFO - [2026-07-05T16:08:31.231+0000] {dagbag.py:545} INFO - Filling up the DagBag from /home/airflow/.local/lib/python3.11/site-packages/airflow/example_dags/example_python_decorator.py
[2026-07-05T16:08:31.247+0000] {processor.py:840} INFO - DAG(s) 'example_python_decorator' retrieved from /home/airflow/.local/lib/python3.11/site-packages/airflow/example_dags/example_python_decorator.py
[2026-07-05T16:08:31.271+0000] {logging_mixin.py:188} INFO - [2026-07-05T16:08:31.271+0000] {dag.py:3096} INFO - Sync 1 DAGs
[2026-07-05T16:08:31.283+0000] {logging_mixin.py:188} INFO - [2026-07-05T16:08:31.283+0000] {dag.py:3954} INFO - Setting next_dagrun for example_python_decorator to None, run_after=None
[2026-07-05T16:08:31.304+0000] {processor.py:183} INFO - Processing /home/airflow/.local/lib/python3.11/site-packages/airflow/example_dags/example_python_decorator.py took 0.086 seconds
[2026-07-05T16:09:01.517+0000] {processor.py:161} INFO - Started process (PID=253) to work on /home/airflow/.local/lib/python3.11/site-packages/airflow/example_dags/example_python_decorator.py
[2026-07-05T16:09:01.519+0000] {processor.py:830} INFO - Processing file /home/airflow/.local/lib/python3.11/site-packages/airflow/example_dags/example_python_decorator.py for tasks to queue
[2026-07-05T16:09:01.522+0000] {logging_mixin.py:188} INFO - [2026-07-05T16:09:01.521+0000] {dagbag.py:545} INFO - Filling up the DagBag from /home/airflow/.local/lib/python3.11/site-packages/airflow/example_dags/example_python_decorator.py
[2026-07-05T16:09:01.539+0000] {processor.py:840} INFO - DAG(s) 'example_python_decorator' retrieved from /home/airflow/.local/lib/python3.11/site-packages/airflow/example_dags/example_python_decorator.py
[2026-07-05T16:09:01.573+0000] {logging_mixin.py:188} INFO - [2026-07-05T16:09:01.573+0000] {dag.py:3096} INFO - Sync 1 DAGs
[2026-07-05T16:09:01.590+0000] {logging_mixin.py:188} INFO - [2026-07-05T16:09:01.590+0000] {dag.py:3954} INFO - Setting next_dagrun for example_python_decorator to None, run_after=None
[2026-07-05T16:09:01.617+0000] {processor.py:183} INFO - Processing /home/airflow/.local/lib/python3.11/site-packages/airflow/example_dags/example_python_decorator.py took 0.108 seconds
[2026-07-05T16:09:32.634+0000] {processor.py:161} INFO - Started process (PID=311) to work on /home/airflow/.local/lib/python3.11/site-packages/airflow/example_dags/example_python_decorator.py
[2026-07-05T16:09:32.635+0000] {processor.py:830} INFO - Processing file /home/airflow/.local/lib/python3.11/site-packages/airflow/example_dags/example_python_decorator.py for tasks to queue
[2026-07-05T16:09:32.638+0000] {logging_mixin.py:188} INFO - [2026-07-05T16:09:32.638+0000] {dagbag.py:545} INFO - Filling up the DagBag from /home/airflow/.local/lib/python3.11/site-packages/airflow/example_dags/example_python_decorator.py
[2026-07-05T16:09:32.653+0000] {processor.py:840} INFO - DAG(s) 'example_python_decorator' retrieved from /home/airflow/.local/lib/python3.11/site-packages/airflow/example_dags/example_python_decorator.py
[2026-07-05T16:09:32.666+0000] {logging_mixin.py:188} INFO - [2026-07-05T16:09:32.666+0000] {dag.py:3096} INFO - Sync 1 DAGs
[2026-07-05T16:09:32.678+0000] {logging_mixin.py:188} INFO - [2026-07-05T16:09:32.678+0000] {dag.py:3954} INFO - Setting next_dagrun for example_python_decorator to None, run_after=None
[2026-07-05T16:09:32.699+0000] {processor.py:183} INFO - Processing /home/airflow/.local/lib/python3.11/site-packages/airflow/example_dags/example_python_decorator.py took 0.072 seconds
[2026-07-05T16:10:12.122+0000] {processor.py:161} INFO - Started process (PID=74) to work on /home/airflow/.local/lib/python3.11/site-packages/airflow/example_dags/example_python_decorator.py
[2026-07-05T16:10:12.124+0000] {processor.py:830} INFO - Processing file /home/airflow/.local/lib/python3.11/site-packages/airflow/example_dags/example_python_decorator.py for tasks to queue
[2026-07-05T16:10:12.128+0000] {logging_mixin.py:188} INFO - [2026-07-05T16:10:12.127+0000] {dagbag.py:545} INFO - Filling up the DagBag from /home/airflow/.local/lib/python3.11/site-packages/airflow/example_dags/example_python_decorator.py
[2026-07-05T16:10:12.420+0000] {processor.py:840} INFO - DAG(s) 'example_python_decorator' retrieved from /home/airflow/.local/lib/python3.11/site-packages/airflow/example_dags/example_python_decorator.py
[2026-07-05T16:10:12.439+0000] {logging_mixin.py:188} INFO - [2026-07-05T16:10:12.438+0000] {dag.py:3096} INFO - Sync 1 DAGs
[2026-07-05T16:10:12.459+0000] {logging_mixin.py:188} INFO - [2026-07-05T16:10:12.459+0000] {dag.py:3954} INFO - Setting next_dagrun for example_python_decorator to None, run_after=None
[2026-07-05T16:10:12.493+0000] {processor.py:183} INFO - Processing /home/airflow/.local/lib/python3.11/site-packages/airflow/example_dags/example_python_decorator.py took 0.379 seconds
[2026-07-05T16:10:42.641+0000] {processor.py:161} INFO - Started process (PID=133) to work on /home/airflow/.local/lib/python3.11/site-packages/airflow/example_dags/example_python_decorator.py
[2026-07-05T16:10:42.643+0000] {processor.py:830} INFO - Processing file /home/airflow/.local/lib/python3.11/site-packages/airflow/example_dags/example_python_decorator.py for tasks to queue
[2026-07-05T16:10:42.646+0000] {logging_mixin.py:188} INFO - [2026-07-05T16:10:42.646+0000] {dagbag.py:545} INFO - Filling up the DagBag from /home/airflow/.local/lib/python3.11/site-packages/airflow/example_dags/example_python_decorator.py
[2026-07-05T16:10:42.662+0000] {processor.py:840} INFO - DAG(s) 'example_python_decorator' retrieved from /home/airflow/.local/lib/python3.11/site-packages/airflow/example_dags/example_python_decorator.py
[2026-07-05T16:10:42.845+0000] {logging_mixin.py:188} INFO - [2026-07-05T16:10:42.845+0000] {dag.py:3096} INFO - Sync 1 DAGs
[2026-07-05T16:10:42.859+0000] {logging_mixin.py:188} INFO - [2026-07-05T16:10:42.859+0000] {dag.py:3954} INFO - Setting next_dagrun for example_python_decorator to None, run_after=None
[2026-07-05T16:10:42.884+0000] {processor.py:183} INFO - Processing /home/airflow/.local/lib/python3.11/site-packages/airflow/example_dags/example_python_decorator.py took 0.250 seconds
[2026-07-05T16:11:13.471+0000] {processor.py:161} INFO - Started process (PID=191) to work on /home/airflow/.local/lib/python3.11/site-packages/airflow/example_dags/example_python_decorator.py
[2026-07-05T16:11:13.472+0000] {processor.py:830} INFO - Processing file /home/airflow/.local/lib/python3.11/site-packages/airflow/example_dags/example_python_decorator.py for tasks to queue
[2026-07-05T16:11:13.474+0000] {logging_mixin.py:188} INFO - [2026-07-05T16:11:13.474+0000] {dagbag.py:545} INFO - Filling up the DagBag from /home/airflow/.local/lib/python3.11/site-packages/airflow/example_dags/example_python_decorator.py
[2026-07-05T16:11:13.488+0000] {processor.py:840} INFO - DAG(s) 'example_python_decorator' retrieved from /home/airflow/.local/lib/python3.11/site-packages/airflow/example_dags/example_python_decorator.py
[2026-07-05T16:11:13.510+0000] {logging_mixin.py:188} INFO - [2026-07-05T16:11:13.509+0000] {dag.py:3096} INFO - Sync 1 DAGs
[2026-07-05T16:11:13.522+0000] {logging_mixin.py:188} INFO - [2026-07-05T16:11:13.522+0000] {dag.py:3954} INFO - Setting next_dagrun for example_python_decorator to None, run_after=None
[2026-07-05T16:11:13.543+0000] {processor.py:183} INFO - Processing /home/airflow/.local/lib/python3.11/site-packages/airflow/example_dags/example_python_decorator.py took 0.078 seconds
[2026-07-05T16:11:43.848+0000] {processor.py:161} INFO - Started process (PID=249) to work on /home/airflow/.local/lib/python3.11/site-packages/airflow/example_dags/example_python_decorator.py
[2026-07-05T16:11:43.850+0000] {processor.py:830} INFO - Processing file /home/airflow/.local/lib/python3.11/site-packages/airflow/example_dags/example_python_decorator.py for tasks to queue
[2026-07-05T16:11:43.855+0000] {logging_mixin.py:188} INFO - [2026-07-05T16:11:43.854+0000] {dagbag.py:545} INFO - Filling up the DagBag from /home/airflow/.local/lib/python3.11/site-packages/airflow/example_dags/example_python_decorator.py
[2026-07-05T16:11:43.877+0000] {processor.py:840} INFO - DAG(s) 'example_python_decorator' retrieved from /home/airflow/.local/lib/python3.11/site-packages/airflow/example_dags/example_python_decorator.py
[2026-07-05T16:11:43.912+0000] {logging_mixin.py:188} INFO - [2026-07-05T16:11:43.912+0000] {dag.py:3096} INFO - Sync 1 DAGs
[2026-07-05T16:11:43.930+0000] {logging_mixin.py:188} INFO - [2026-07-05T16:11:43.930+0000] {dag.py:3954} INFO - Setting next_dagrun for example_python_decorator to None, run_after=None
[2026-07-05T16:11:43.957+0000] {processor.py:183} INFO - Processing /home/airflow/.local/lib/python3.11/site-packages/airflow/example_dags/example_python_decorator.py took 0.125 seconds
[2026-07-05T16:12:14.059+0000] {processor.py:161} INFO - Started process (PID=307) to work on /home/airflow/.local/lib/python3.11/site-packages/airflow/example_dags/example_python_decorator.py
[2026-07-05T16:12:14.061+0000] {processor.py:830} INFO - Processing file /home/airflow/.local/lib/python3.11/site-packages/airflow/example_dags/example_python_decorator.py for tasks to queue
[2026-07-05T16:12:14.073+0000] {logging_mixin.py:188} INFO - [2026-07-05T16:12:14.073+0000] {dagbag.py:545} INFO - Filling up the DagBag from /home/airflow/.local/lib/python3.11/site-packages/airflow/example_dags/example_python_decorator.py
[2026-07-05T16:12:14.113+0000] {processor.py:840} INFO - DAG(s) 'example_python_decorator' retrieved from /home/airflow/.local/lib/python3.11/site-packages/airflow/example_dags/example_python_decorator.py
[2026-07-05T16:12:14.137+0000] {logging_mixin.py:188} INFO - [2026-07-05T16:12:14.137+0000] {dag.py:3096} INFO - Sync 1 DAGs
[2026-07-05T16:12:14.164+0000] {logging_mixin.py:188} INFO - [2026-07-05T16:12:14.164+0000] {dag.py:3954} INFO - Setting next_dagrun for example_python_decorator to None, run_after=None
[2026-07-05T16:12:14.213+0000] {processor.py:183} INFO - Processing /home/airflow/.local/lib/python3.11/site-packages/airflow/example_dags/example_python_decorator.py took 0.167 seconds
[2026-07-05T16:12:44.800+0000] {processor.py:161} INFO - Started process (PID=366) to work on /home/airflow/.local/lib/python3.11/site-packages/airflow/example_dags/example_python_decorator.py
[2026-07-05T16:12:44.801+0000] {processor.py:830} INFO - Processing file /home/airflow/.local/lib/python3.11/site-packages/airflow/example_dags/example_python_decorator.py for tasks to queue
[2026-07-05T16:12:44.804+0000] {logging_mixin.py:188} INFO - [2026-07-05T16:12:44.803+0000] {dagbag.py:545} INFO - Filling up the DagBag from /home/airflow/.local/lib/python3.11/site-packages/airflow/example_dags/example_python_decorator.py
[2026-07-05T16:12:44.820+0000] {processor.py:840} INFO - DAG(s) 'example_python_decorator' retrieved from /home/airflow/.local/lib/python3.11/site-packages/airflow/example_dags/example_python_decorator.py
[2026-07-05T16:12:44.939+0000] {logging_mixin.py:188} INFO - [2026-07-05T16:12:44.938+0000] {dag.py:3096} INFO - Sync 1 DAGs
[2026-07-05T16:12:44.951+0000] {logging_mixin.py:188} INFO - [2026-07-05T16:12:44.951+0000] {dag.py:3954} INFO - Setting next_dagrun for example_python_decorator to None, run_after=None
[2026-07-05T16:12:44.974+0000] {processor.py:183} INFO - Processing /home/airflow/.local/lib/python3.11/site-packages/airflow/example_dags/example_python_decorator.py took 0.182 seconds
[2026-07-05T16:13:15.746+0000] {processor.py:161} INFO - Started process (PID=424) to work on /home/airflow/.local/lib/python3.11/site-packages/airflow/example_dags/example_python_decorator.py
[2026-07-05T16:13:15.747+0000] {processor.py:830} INFO - Processing file /home/airflow/.local/lib/python3.11/site-packages/airflow/example_dags/example_python_decorator.py for tasks to queue
[2026-07-05T16:13:15.749+0000] {logging_mixin.py:188} INFO - [2026-07-05T16:13:15.749+0000] {dagbag.py:545} INFO - Filling up the DagBag from /home/airflow/.local/lib/python3.11/site-packages/airflow/example_dags/example_python_decorator.py
[2026-07-05T16:13:15.765+0000] {processor.py:840} INFO - DAG(s) 'example_python_decorator' retrieved from /home/airflow/.local/lib/python3.11/site-packages/airflow/example_dags/example_python_decorator.py
[2026-07-05T16:13:15.787+0000] {logging_mixin.py:188} INFO - [2026-07-05T16:13:15.787+0000] {dag.py:3096} INFO - Sync 1 DAGs
[2026-07-05T16:13:15.800+0000] {logging_mixin.py:188} INFO - [2026-07-05T16:13:15.800+0000] {dag.py:3954} INFO - Setting next_dagrun for example_python_decorator to None, run_after=None
[2026-07-05T16:13:15.825+0000] {processor.py:183} INFO - Processing /home/airflow/.local/lib/python3.11/site-packages/airflow/example_dags/example_python_decorator.py took 0.085 seconds
[2026-07-05T16:13:46.298+0000] {processor.py:161} INFO - Started process (PID=482) to work on /home/airflow/.local/lib/python3.11/site-packages/airflow/example_dags/example_python_decorator.py
[2026-07-05T16:13:46.299+0000] {processor.py:830} INFO - Processing file /home/airflow/.local/lib/python3.11/site-packages/airflow/example_dags/example_python_decorator.py for tasks to queue
[2026-07-05T16:13:46.302+0000] {logging_mixin.py:188} INFO - [2026-07-05T16:13:46.301+0000] {dagbag.py:545} INFO - Filling up the DagBag from /home/airflow/.local/lib/python3.11/site-packages/airflow/example_dags/example_python_decorator.py
[2026-07-05T16:13:46.315+0000] {processor.py:840} INFO - DAG(s) 'example_python_decorator' retrieved from /home/airflow/.local/lib/python3.11/site-packages/airflow/example_dags/example_python_decorator.py
[2026-07-05T16:13:46.340+0000] {logging_mixin.py:188} INFO - [2026-07-05T16:13:46.340+0000] {dag.py:3096} INFO - Sync 1 DAGs
[2026-07-05T16:13:46.352+0000] {logging_mixin.py:188} INFO - [2026-07-05T16:13:46.352+0000] {dag.py:3954} INFO - Setting next_dagrun for example_python_decorator to None, run_after=None
[2026-07-05T16:13:46.373+0000] {processor.py:183} INFO - Processing /home/airflow/.local/lib/python3.11/site-packages/airflow/example_dags/example_python_decorator.py took 0.081 seconds
[2026-07-05T16:14:16.431+0000] {processor.py:161} INFO - Started process (PID=540) to work on /home/airflow/.local/lib/python3.11/site-packages/airflow/example_dags/example_python_decorator.py
[2026-07-05T16:14:16.433+0000] {processor.py:830} INFO - Processing file /home/airflow/.local/lib/python3.11/site-packages/airflow/example_dags/example_python_decorator.py for tasks to queue
[2026-07-05T16:14:16.436+0000] {logging_mixin.py:188} INFO - [2026-07-05T16:14:16.435+0000] {dagbag.py:545} INFO - Filling up the DagBag from /home/airflow/.local/lib/python3.11/site-packages/airflow/example_dags/example_python_decorator.py
[2026-07-05T16:14:16.453+0000] {processor.py:840} INFO - DAG(s) 'example_python_decorator' retrieved from /home/airflow/.local/lib/python3.11/site-packages/airflow/example_dags/example_python_decorator.py
[2026-07-05T16:14:16.476+0000] {logging_mixin.py:188} INFO - [2026-07-05T16:14:16.475+0000] {dag.py:3096} INFO - Sync 1 DAGs
[2026-07-05T16:14:16.488+0000] {logging_mixin.py:188} INFO - [2026-07-05T16:14:16.488+0000] {dag.py:3954} INFO - Setting next_dagrun for example_python_decorator to None, run_after=None
[2026-07-05T16:14:16.512+0000] {processor.py:183} INFO - Processing /home/airflow/.local/lib/python3.11/site-packages/airflow/example_dags/example_python_decorator.py took 0.087 seconds
[2026-07-05T16:14:46.645+0000] {processor.py:161} INFO - Started process (PID=598) to work on /home/airflow/.local/lib/python3.11/site-packages/airflow/example_dags/example_python_decorator.py
[2026-07-05T16:14:46.646+0000] {processor.py:830} INFO - Processing file /home/airflow/.local/lib/python3.11/site-packages/airflow/example_dags/example_python_decorator.py for tasks to queue
[2026-07-05T16:14:46.648+0000] {logging_mixin.py:188} INFO - [2026-07-05T16:14:46.647+0000] {dagbag.py:545} INFO - Filling up the DagBag from /home/airflow/.local/lib/python3.11/site-packages/airflow/example_dags/example_python_decorator.py
[2026-07-05T16:14:46.659+0000] {processor.py:840} INFO - DAG(s) 'example_python_decorator' retrieved from /home/airflow/.local/lib/python3.11/site-packages/airflow/example_dags/example_python_decorator.py
[2026-07-05T16:14:46.679+0000] {logging_mixin.py:188} INFO - [2026-07-05T16:14:46.679+0000] {dag.py:3096} INFO - Sync 1 DAGs
[2026-07-05T16:14:46.688+0000] {logging_mixin.py:188} INFO - [2026-07-05T16:14:46.688+0000] {dag.py:3954} INFO - Setting next_dagrun for example_python_decorator to None, run_after=None
[2026-07-05T16:14:46.709+0000] {processor.py:183} INFO - Processing /home/airflow/.local/lib/python3.11/site-packages/airflow/example_dags/example_python_decorator.py took 0.070 seconds
[2026-07-05T16:15:16.810+0000] {processor.py:161} INFO - Started process (PID=656) to work on /home/airflow/.local/lib/python3.11/site-packages/airflow/example_dags/example_python_decorator.py
[2026-07-05T16:15:16.811+0000] {processor.py:830} INFO - Processing file /home/airflow/.local/lib/python3.11/site-packages/airflow/example_dags/example_python_decorator.py for tasks to queue
[2026-07-05T16:15:16.814+0000] {logging_mixin.py:188} INFO - [2026-07-05T16:15:16.813+0000] {dagbag.py:545} INFO - Filling up the DagBag from /home/airflow/.local/lib/python3.11/site-packages/airflow/example_dags/example_python_decorator.py
[2026-07-05T16:15:16.827+0000] {processor.py:840} INFO - DAG(s) 'example_python_decorator' retrieved from /home/airflow/.local/lib/python3.11/site-packages/airflow/example_dags/example_python_decorator.py
[2026-07-05T16:15:16.847+0000] {logging_mixin.py:188} INFO - [2026-07-05T16:15:16.846+0000] {dag.py:3096} INFO - Sync 1 DAGs
[2026-07-05T16:15:16.856+0000] {logging_mixin.py:188} INFO - [2026-07-05T16:15:16.856+0000] {dag.py:3954} INFO - Setting next_dagrun for example_python_decorator to None, run_after=None
[2026-07-05T16:15:16.875+0000] {processor.py:183} INFO - Processing /home/airflow/.local/lib/python3.11/site-packages/airflow/example_dags/example_python_decorator.py took 0.070 seconds
[2026-07-05T16:15:47.067+0000] {processor.py:161} INFO - Started process (PID=714) to work on /home/airflow/.local/lib/python3.11/site-packages/airflow/example_dags/example_python_decorator.py
[2026-07-05T16:15:47.068+0000] {processor.py:830} INFO - Processing file /home/airflow/.local/lib/python3.11/site-packages/airflow/example_dags/example_python_decorator.py for tasks to queue
[2026-07-05T16:15:47.070+0000] {logging_mixin.py:188} INFO - [2026-07-05T16:15:47.069+0000] {dagbag.py:545} INFO - Filling up the DagBag from /home/airflow/.local/lib/python3.11/site-packages/airflow/example_dags/example_python_decorator.py
[2026-07-05T16:15:47.081+0000] {processor.py:840} INFO - DAG(s) 'example_python_decorator' retrieved from /home/airflow/.local/lib/python3.11/site-packages/airflow/example_dags/example_python_decorator.py
[2026-07-05T16:15:47.102+0000] {logging_mixin.py:188} INFO - [2026-07-05T16:15:47.102+0000] {dag.py:3096} INFO - Sync 1 DAGs
[2026-07-05T16:15:47.112+0000] {logging_mixin.py:188} INFO - [2026-07-05T16:15:47.112+0000] {dag.py:3954} INFO - Setting next_dagrun for example_python_decorator to None, run_after=None
[2026-07-05T16:15:47.129+0000] {processor.py:183} INFO - Processing /home/airflow/.local/lib/python3.11/site-packages/airflow/example_dags/example_python_decorator.py took 0.068 seconds
[2026-07-05T16:16:17.187+0000] {processor.py:161} INFO - Started process (PID=772) to work on /home/airflow/.local/lib/python3.11/site-packages/airflow/example_dags/example_python_decorator.py
[2026-07-05T16:16:17.189+0000] {processor.py:830} INFO - Processing file /home/airflow/.local/lib/python3.11/site-packages/airflow/example_dags/example_python_decorator.py for tasks to queue
[2026-07-05T16:16:17.190+0000] {logging_mixin.py:188} INFO - [2026-07-05T16:16:17.190+0000] {dagbag.py:545} INFO - Filling up the DagBag from /home/airflow/.local/lib/python3.11/site-packages/airflow/example_dags/example_python_decorator.py
[2026-07-05T16:16:17.203+0000] {processor.py:840} INFO - DAG(s) 'example_python_decorator' retrieved from /home/airflow/.local/lib/python3.11/site-packages/airflow/example_dags/example_python_decorator.py
[2026-07-05T16:16:17.223+0000] {logging_mixin.py:188} INFO - [2026-07-05T16:16:17.223+0000] {dag.py:3096} INFO - Sync 1 DAGs
[2026-07-05T16:16:17.234+0000] {logging_mixin.py:188} INFO - [2026-07-05T16:16:17.233+0000] {dag.py:3954} INFO - Setting next_dagrun for example_python_decorator to None, run_after=None
[2026-07-05T16:16:17.252+0000] {processor.py:183} INFO - Processing /home/airflow/.local/lib/python3.11/site-packages/airflow/example_dags/example_python_decorator.py took 0.070 seconds
[2026-07-05T16:16:47.611+0000] {processor.py:161} INFO - Started process (PID=830) to work on /home/airflow/.local/lib/python3.11/site-packages/airflow/example_dags/example_python_decorator.py
[2026-07-05T16:16:47.612+0000] {processor.py:830} INFO - Processing file /home/airflow/.local/lib/python3.11/site-packages/airflow/example_dags/example_python_decorator.py for tasks to queue
[2026-07-05T16:16:47.614+0000] {logging_mixin.py:188} INFO - [2026-07-05T16:16:47.614+0000] {dagbag.py:545} INFO - Filling up the DagBag from /home/airflow/.local/lib/python3.11/site-packages/airflow/example_dags/example_python_decorator.py
[2026-07-05T16:16:47.626+0000] {processor.py:840} INFO - DAG(s) 'example_python_decorator' retrieved from /home/airflow/.local/lib/python3.11/site-packages/airflow/example_dags/example_python_decorator.py
[2026-07-05T16:16:47.646+0000] {logging_mixin.py:188} INFO - [2026-07-05T16:16:47.646+0000] {dag.py:3096} INFO - Sync 1 DAGs
[2026-07-05T16:16:47.657+0000] {logging_mixin.py:188} INFO - [2026-07-05T16:16:47.657+0000] {dag.py:3954} INFO - Setting next_dagrun for example_python_decorator to None, run_after=None
[2026-07-05T16:16:47.675+0000] {processor.py:183} INFO - Processing /home/airflow/.local/lib/python3.11/site-packages/airflow/example_dags/example_python_decorator.py took 0.069 seconds
[2026-07-05T16:17:17.832+0000] {processor.py:161} INFO - Started process (PID=888) to work on /home/airflow/.local/lib/python3.11/site-packages/airflow/example_dags/example_python_decorator.py
[2026-07-05T16:17:17.833+0000] {processor.py:830} INFO - Processing file /home/airflow/.local/lib/python3.11/site-packages/airflow/example_dags/example_python_decorator.py for tasks to queue
[2026-07-05T16:17:17.835+0000] {logging_mixin.py:188} INFO - [2026-07-05T16:17:17.835+0000] {dagbag.py:545} INFO - Filling up the DagBag from /home/airflow/.local/lib/python3.11/site-packages/airflow/example_dags/example_python_decorator.py
[2026-07-05T16:17:17.847+0000] {processor.py:840} INFO - DAG(s) 'example_python_decorator' retrieved from /home/airflow/.local/lib/python3.11/site-packages/airflow/example_dags/example_python_decorator.py
[2026-07-05T16:17:17.869+0000] {logging_mixin.py:188} INFO - [2026-07-05T16:17:17.869+0000] {dag.py:3096} INFO - Sync 1 DAGs
[2026-07-05T16:17:17.882+0000] {logging_mixin.py:188} INFO - [2026-07-05T16:17:17.882+0000] {dag.py:3954} INFO - Setting next_dagrun for example_python_decorator to None, run_after=None
[2026-07-05T16:17:17.907+0000] {processor.py:183} INFO - Processing /home/airflow/.local/lib/python3.11/site-packages/airflow/example_dags/example_python_decorator.py took 0.080 seconds
[2026-07-05T16:17:48.147+0000] {processor.py:161} INFO - Started process (PID=946) to work on /home/airflow/.local/lib/python3.11/site-packages/airflow/example_dags/example_python_decorator.py
[2026-07-05T16:17:48.148+0000] {processor.py:830} INFO - Processing file /home/airflow/.local/lib/python3.11/site-packages/airflow/example_dags/example_python_decorator.py for tasks to queue
[2026-07-05T16:17:48.150+0000] {logging_mixin.py:188} INFO - [2026-07-05T16:17:48.150+0000] {dagbag.py:545} INFO - Filling up the DagBag from /home/airflow/.local/lib/python3.11/site-packages/airflow/example_dags/example_python_decorator.py
[2026-07-05T16:17:48.161+0000] {processor.py:840} INFO - DAG(s) 'example_python_decorator' retrieved from /home/airflow/.local/lib/python3.11/site-packages/airflow/example_dags/example_python_decorator.py
[2026-07-05T16:17:48.181+0000] {logging_mixin.py:188} INFO - [2026-07-05T16:17:48.180+0000] {dag.py:3096} INFO - Sync 1 DAGs
[2026-07-05T16:17:48.190+0000] {logging_mixin.py:188} INFO - [2026-07-05T16:17:48.190+0000] {dag.py:3954} INFO - Setting next_dagrun for example_python_decorator to None, run_after=None
[2026-07-05T16:17:48.208+0000] {processor.py:183} INFO - Processing /home/airflow/.local/lib/python3.11/site-packages/airflow/example_dags/example_python_decorator.py took 0.066 seconds
[2026-07-05T16:18:18.975+0000] {processor.py:161} INFO - Started process (PID=1004) to work on /home/airflow/.local/lib/python3.11/site-packages/airflow/example_dags/example_python_decorator.py
[2026-07-05T16:18:18.976+0000] {processor.py:830} INFO - Processing file /home/airflow/.local/lib/python3.11/site-packages/airflow/example_dags/example_python_decorator.py for tasks to queue
[2026-07-05T16:18:18.978+0000] {logging_mixin.py:188} INFO - [2026-07-05T16:18:18.978+0000] {dagbag.py:545} INFO - Filling up the DagBag from /home/airflow/.local/lib/python3.11/site-packages/airflow/example_dags/example_python_decorator.py
[2026-07-05T16:18:18.994+0000] {processor.py:840} INFO - DAG(s) 'example_python_decorator' retrieved from /home/airflow/.local/lib/python3.11/site-packages/airflow/example_dags/example_python_decorator.py
[2026-07-05T16:18:19.019+0000] {logging_mixin.py:188} INFO - [2026-07-05T16:18:19.018+0000] {dag.py:3096} INFO - Sync 1 DAGs
[2026-07-05T16:18:19.034+0000] {logging_mixin.py:188} INFO - [2026-07-05T16:18:19.034+0000] {dag.py:3954} INFO - Setting next_dagrun for example_python_decorator to None, run_after=None
[2026-07-05T16:18:19.054+0000] {processor.py:183} INFO - Processing /home/airflow/.local/lib/python3.11/site-packages/airflow/example_dags/example_python_decorator.py took 0.086 seconds
[2026-07-05T16:18:49.222+0000] {processor.py:161} INFO - Started process (PID=1062) to work on /home/airflow/.local/lib/python3.11/site-packages/airflow/example_dags/example_python_decorator.py
[2026-07-05T16:18:49.223+0000] {processor.py:830} INFO - Processing file /home/airflow/.local/lib/python3.11/site-packages/airflow/example_dags/example_python_decorator.py for tasks to queue
[2026-07-05T16:18:49.225+0000] {logging_mixin.py:188} INFO - [2026-07-05T16:18:49.225+0000] {dagbag.py:545} INFO - Filling up the DagBag from /home/airflow/.local/lib/python3.11/site-packages/airflow/example_dags/example_python_decorator.py
[2026-07-05T16:18:49.237+0000] {processor.py:840} INFO - DAG(s) 'example_python_decorator' retrieved from /home/airflow/.local/lib/python3.11/site-packages/airflow/example_dags/example_python_decorator.py
[2026-07-05T16:18:49.258+0000] {logging_mixin.py:188} INFO - [2026-07-05T16:18:49.257+0000] {dag.py:3096} INFO - Sync 1 DAGs
[2026-07-05T16:18:49.269+0000] {logging_mixin.py:188} INFO - [2026-07-05T16:18:49.268+0000] {dag.py:3954} INFO - Setting next_dagrun for example_python_decorator to None, run_after=None
[2026-07-05T16:18:49.287+0000] {processor.py:183} INFO - Processing /home/airflow/.local/lib/python3.11/site-packages/airflow/example_dags/example_python_decorator.py took 0.071 seconds
