[2026-07-05T16:07:29.436+0000] {processor.py:161} INFO - Started process (PID=80) to work on /home/airflow/.local/lib/python3.11/site-packages/airflow/example_dags/example_short_circuit_decorator.py
[2026-07-05T16:07:29.438+0000] {processor.py:830} INFO - Processing file /home/airflow/.local/lib/python3.11/site-packages/airflow/example_dags/example_short_circuit_decorator.py for tasks to queue
[2026-07-05T16:07:29.441+0000] {logging_mixin.py:188} INFO - [2026-07-05T16:07:29.441+0000] {dagbag.py:545} INFO - Filling up the DagBag from /home/airflow/.local/lib/python3.11/site-packages/airflow/example_dags/example_short_circuit_decorator.py
[2026-07-05T16:07:29.492+0000] {processor.py:840} INFO - DAG(s) 'example_short_circuit_decorator' retrieved from /home/airflow/.local/lib/python3.11/site-packages/airflow/example_dags/example_short_circuit_decorator.py
[2026-07-05T16:07:30.084+0000] {logging_mixin.py:188} INFO - [2026-07-05T16:07:30.082+0000] {override.py:1829} INFO - Created Permission View: can delete on DAG:example_short_circuit_decorator
[2026-07-05T16:07:30.113+0000] {logging_mixin.py:188} INFO - [2026-07-05T16:07:30.112+0000] {override.py:1829} INFO - Created Permission View: can read on DAG:example_short_circuit_decorator
[2026-07-05T16:07:30.126+0000] {logging_mixin.py:188} INFO - [2026-07-05T16:07:30.125+0000] {override.py:1829} INFO - Created Permission View: can edit on DAG:example_short_circuit_decorator
[2026-07-05T16:07:30.131+0000] {logging_mixin.py:188} INFO - [2026-07-05T16:07:30.130+0000] {dag.py:3096} INFO - Sync 1 DAGs
[2026-07-05T16:07:30.159+0000] {logging_mixin.py:188} INFO - [2026-07-05T16:07:30.159+0000] {dag.py:3118} INFO - Creating ORM DAG for example_short_circuit_decorator
[2026-07-05T16:07:30.176+0000] {logging_mixin.py:188} INFO - [2026-07-05T16:07:30.175+0000] {dag.py:3954} INFO - Setting next_dagrun for example_short_circuit_decorator to 2026-07-04 00:00:00+00:00, run_after=2026-07-05 00:00:00+00:00
[2026-07-05T16:07:30.209+0000] {processor.py:183} INFO - Processing /home/airflow/.local/lib/python3.11/site-packages/airflow/example_dags/example_short_circuit_decorator.py took 0.782 seconds
[2026-07-05T16:08:00.679+0000] {processor.py:161} INFO - Started process (PID=138) to work on /home/airflow/.local/lib/python3.11/site-packages/airflow/example_dags/example_short_circuit_decorator.py
[2026-07-05T16:08:00.680+0000] {processor.py:830} INFO - Processing file /home/airflow/.local/lib/python3.11/site-packages/airflow/example_dags/example_short_circuit_decorator.py for tasks to queue
[2026-07-05T16:08:00.683+0000] {logging_mixin.py:188} INFO - [2026-07-05T16:08:00.682+0000] {dagbag.py:545} INFO - Filling up the DagBag from /home/airflow/.local/lib/python3.11/site-packages/airflow/example_dags/example_short_circuit_decorator.py
[2026-07-05T16:08:00.695+0000] {processor.py:840} INFO - DAG(s) 'example_short_circuit_decorator' retrieved from /home/airflow/.local/lib/python3.11/site-packages/airflow/example_dags/example_short_circuit_decorator.py
[2026-07-05T16:08:00.717+0000] {logging_mixin.py:188} INFO - [2026-07-05T16:08:00.717+0000] {dag.py:3096} INFO - Sync 1 DAGs
[2026-07-05T16:08:00.737+0000] {logging_mixin.py:188} INFO - [2026-07-05T16:08:00.736+0000] {dag.py:3954} INFO - Setting next_dagrun for example_short_circuit_decorator to 2026-07-04 00:00:00+00:00, run_after=2026-07-05 00:00:00+00:00
[2026-07-05T16:08:00.756+0000] {processor.py:183} INFO - Processing /home/airflow/.local/lib/python3.11/site-packages/airflow/example_dags/example_short_circuit_decorator.py took 0.082 seconds
[2026-07-05T16:08:31.227+0000] {processor.py:161} INFO - Started process (PID=196) to work on /home/airflow/.local/lib/python3.11/site-packages/airflow/example_dags/example_short_circuit_decorator.py
[2026-07-05T16:08:31.229+0000] {processor.py:830} INFO - Processing file /home/airflow/.local/lib/python3.11/site-packages/airflow/example_dags/example_short_circuit_decorator.py for tasks to queue
[2026-07-05T16:08:31.231+0000] {logging_mixin.py:188} INFO - [2026-07-05T16:08:31.231+0000] {dagbag.py:545} INFO - Filling up the DagBag from /home/airflow/.local/lib/python3.11/site-packages/airflow/example_dags/example_short_circuit_decorator.py
[2026-07-05T16:08:31.244+0000] {processor.py:840} INFO - DAG(s) 'example_short_circuit_decorator' retrieved from /home/airflow/.local/lib/python3.11/site-packages/airflow/example_dags/example_short_circuit_decorator.py
[2026-07-05T16:08:31.271+0000] {logging_mixin.py:188} INFO - [2026-07-05T16:08:31.270+0000] {dag.py:3096} INFO - Sync 1 DAGs
[2026-07-05T16:08:31.295+0000] {logging_mixin.py:188} INFO - [2026-07-05T16:08:31.294+0000] {dag.py:3954} INFO - Setting next_dagrun for example_short_circuit_decorator to 2026-07-04 00:00:00+00:00, run_after=2026-07-05 00:00:00+00:00
[2026-07-05T16:08:31.316+0000] {processor.py:183} INFO - Processing /home/airflow/.local/lib/python3.11/site-packages/airflow/example_dags/example_short_circuit_decorator.py took 0.098 seconds
[2026-07-05T16:09:01.520+0000] {processor.py:161} INFO - Started process (PID=254) to work on /home/airflow/.local/lib/python3.11/site-packages/airflow/example_dags/example_short_circuit_decorator.py
[2026-07-05T16:09:01.521+0000] {processor.py:830} INFO - Processing file /home/airflow/.local/lib/python3.11/site-packages/airflow/example_dags/example_short_circuit_decorator.py for tasks to queue
[2026-07-05T16:09:01.524+0000] {logging_mixin.py:188} INFO - [2026-07-05T16:09:01.523+0000] {dagbag.py:545} INFO - Filling up the DagBag from /home/airflow/.local/lib/python3.11/site-packages/airflow/example_dags/example_short_circuit_decorator.py
[2026-07-05T16:09:01.536+0000] {processor.py:840} INFO - DAG(s) 'example_short_circuit_decorator' retrieved from /home/airflow/.local/lib/python3.11/site-packages/airflow/example_dags/example_short_circuit_decorator.py
[2026-07-05T16:09:01.573+0000] {logging_mixin.py:188} INFO - [2026-07-05T16:09:01.573+0000] {dag.py:3096} INFO - Sync 1 DAGs
[2026-07-05T16:09:01.602+0000] {logging_mixin.py:188} INFO - [2026-07-05T16:09:01.602+0000] {dag.py:3954} INFO - Setting next_dagrun for example_short_circuit_decorator to 2026-07-04 00:00:00+00:00, run_after=2026-07-05 00:00:00+00:00
[2026-07-05T16:09:01.628+0000] {processor.py:183} INFO - Processing /home/airflow/.local/lib/python3.11/site-packages/airflow/example_dags/example_short_circuit_decorator.py took 0.116 seconds
[2026-07-05T16:09:32.634+0000] {processor.py:161} INFO - Started process (PID=312) to work on /home/airflow/.local/lib/python3.11/site-packages/airflow/example_dags/example_short_circuit_decorator.py
[2026-07-05T16:09:32.635+0000] {processor.py:830} INFO - Processing file /home/airflow/.local/lib/python3.11/site-packages/airflow/example_dags/example_short_circuit_decorator.py for tasks to queue
[2026-07-05T16:09:32.638+0000] {logging_mixin.py:188} INFO - [2026-07-05T16:09:32.638+0000] {dagbag.py:545} INFO - Filling up the DagBag from /home/airflow/.local/lib/python3.11/site-packages/airflow/example_dags/example_short_circuit_decorator.py
[2026-07-05T16:09:32.647+0000] {processor.py:840} INFO - DAG(s) 'example_short_circuit_decorator' retrieved from /home/airflow/.local/lib/python3.11/site-packages/airflow/example_dags/example_short_circuit_decorator.py
[2026-07-05T16:09:32.662+0000] {logging_mixin.py:188} INFO - [2026-07-05T16:09:32.662+0000] {dag.py:3096} INFO - Sync 1 DAGs
[2026-07-05T16:09:32.686+0000] {logging_mixin.py:188} INFO - [2026-07-05T16:09:32.686+0000] {dag.py:3954} INFO - Setting next_dagrun for example_short_circuit_decorator to 2026-07-04 00:00:00+00:00, run_after=2026-07-05 00:00:00+00:00
[2026-07-05T16:09:32.706+0000] {processor.py:183} INFO - Processing /home/airflow/.local/lib/python3.11/site-packages/airflow/example_dags/example_short_circuit_decorator.py took 0.078 seconds
[2026-07-05T16:10:12.303+0000] {processor.py:161} INFO - Started process (PID=75) to work on /home/airflow/.local/lib/python3.11/site-packages/airflow/example_dags/example_short_circuit_decorator.py
[2026-07-05T16:10:12.310+0000] {processor.py:830} INFO - Processing file /home/airflow/.local/lib/python3.11/site-packages/airflow/example_dags/example_short_circuit_decorator.py for tasks to queue
[2026-07-05T16:10:12.315+0000] {logging_mixin.py:188} INFO - [2026-07-05T16:10:12.315+0000] {dagbag.py:545} INFO - Filling up the DagBag from /home/airflow/.local/lib/python3.11/site-packages/airflow/example_dags/example_short_circuit_decorator.py
[2026-07-05T16:10:12.669+0000] {processor.py:840} INFO - DAG(s) 'example_short_circuit_decorator' retrieved from /home/airflow/.local/lib/python3.11/site-packages/airflow/example_dags/example_short_circuit_decorator.py
[2026-07-05T16:10:12.691+0000] {logging_mixin.py:188} INFO - [2026-07-05T16:10:12.691+0000] {dag.py:3096} INFO - Sync 1 DAGs
[2026-07-05T16:10:12.752+0000] {logging_mixin.py:188} INFO - [2026-07-05T16:10:12.751+0000] {dag.py:3954} INFO - Setting next_dagrun for example_short_circuit_decorator to 2026-07-04 00:00:00+00:00, run_after=2026-07-05 00:00:00+00:00
[2026-07-05T16:10:12.803+0000] {processor.py:183} INFO - Processing /home/airflow/.local/lib/python3.11/site-packages/airflow/example_dags/example_short_circuit_decorator.py took 0.512 seconds
[2026-07-05T16:10:42.936+0000] {processor.py:161} INFO - Started process (PID=134) to work on /home/airflow/.local/lib/python3.11/site-packages/airflow/example_dags/example_short_circuit_decorator.py
[2026-07-05T16:10:42.938+0000] {processor.py:830} INFO - Processing file /home/airflow/.local/lib/python3.11/site-packages/airflow/example_dags/example_short_circuit_decorator.py for tasks to queue
[2026-07-05T16:10:42.941+0000] {logging_mixin.py:188} INFO - [2026-07-05T16:10:42.940+0000] {dagbag.py:545} INFO - Filling up the DagBag from /home/airflow/.local/lib/python3.11/site-packages/airflow/example_dags/example_short_circuit_decorator.py
[2026-07-05T16:10:42.952+0000] {processor.py:840} INFO - DAG(s) 'example_short_circuit_decorator' retrieved from /home/airflow/.local/lib/python3.11/site-packages/airflow/example_dags/example_short_circuit_decorator.py
[2026-07-05T16:10:43.058+0000] {logging_mixin.py:188} INFO - [2026-07-05T16:10:43.058+0000] {dag.py:3096} INFO - Sync 1 DAGs
[2026-07-05T16:10:43.077+0000] {logging_mixin.py:188} INFO - [2026-07-05T16:10:43.077+0000] {dag.py:3954} INFO - Setting next_dagrun for example_short_circuit_decorator to 2026-07-04 00:00:00+00:00, run_after=2026-07-05 00:00:00+00:00
[2026-07-05T16:10:43.100+0000] {processor.py:183} INFO - Processing /home/airflow/.local/lib/python3.11/site-packages/airflow/example_dags/example_short_circuit_decorator.py took 0.172 seconds
[2026-07-05T16:11:13.577+0000] {processor.py:161} INFO - Started process (PID=192) to work on /home/airflow/.local/lib/python3.11/site-packages/airflow/example_dags/example_short_circuit_decorator.py
[2026-07-05T16:11:13.578+0000] {processor.py:830} INFO - Processing file /home/airflow/.local/lib/python3.11/site-packages/airflow/example_dags/example_short_circuit_decorator.py for tasks to queue
[2026-07-05T16:11:13.581+0000] {logging_mixin.py:188} INFO - [2026-07-05T16:11:13.580+0000] {dagbag.py:545} INFO - Filling up the DagBag from /home/airflow/.local/lib/python3.11/site-packages/airflow/example_dags/example_short_circuit_decorator.py
[2026-07-05T16:11:13.589+0000] {processor.py:840} INFO - DAG(s) 'example_short_circuit_decorator' retrieved from /home/airflow/.local/lib/python3.11/site-packages/airflow/example_dags/example_short_circuit_decorator.py
[2026-07-05T16:11:13.610+0000] {logging_mixin.py:188} INFO - [2026-07-05T16:11:13.610+0000] {dag.py:3096} INFO - Sync 1 DAGs
[2026-07-05T16:11:13.629+0000] {logging_mixin.py:188} INFO - [2026-07-05T16:11:13.629+0000] {dag.py:3954} INFO - Setting next_dagrun for example_short_circuit_decorator to 2026-07-04 00:00:00+00:00, run_after=2026-07-05 00:00:00+00:00
[2026-07-05T16:11:13.647+0000] {processor.py:183} INFO - Processing /home/airflow/.local/lib/python3.11/site-packages/airflow/example_dags/example_short_circuit_decorator.py took 0.076 seconds
[2026-07-05T16:11:43.994+0000] {processor.py:161} INFO - Started process (PID=250) to work on /home/airflow/.local/lib/python3.11/site-packages/airflow/example_dags/example_short_circuit_decorator.py
[2026-07-05T16:11:43.996+0000] {processor.py:830} INFO - Processing file /home/airflow/.local/lib/python3.11/site-packages/airflow/example_dags/example_short_circuit_decorator.py for tasks to queue
[2026-07-05T16:11:43.999+0000] {logging_mixin.py:188} INFO - [2026-07-05T16:11:43.999+0000] {dagbag.py:545} INFO - Filling up the DagBag from /home/airflow/.local/lib/python3.11/site-packages/airflow/example_dags/example_short_circuit_decorator.py
[2026-07-05T16:11:44.016+0000] {processor.py:840} INFO - DAG(s) 'example_short_circuit_decorator' retrieved from /home/airflow/.local/lib/python3.11/site-packages/airflow/example_dags/example_short_circuit_decorator.py
[2026-07-05T16:11:44.063+0000] {logging_mixin.py:188} INFO - [2026-07-05T16:11:44.063+0000] {dag.py:3096} INFO - Sync 1 DAGs
[2026-07-05T16:11:44.096+0000] {logging_mixin.py:188} INFO - [2026-07-05T16:11:44.096+0000] {dag.py:3954} INFO - Setting next_dagrun for example_short_circuit_decorator to 2026-07-04 00:00:00+00:00, run_after=2026-07-05 00:00:00+00:00
[2026-07-05T16:11:44.119+0000] {processor.py:183} INFO - Processing /home/airflow/.local/lib/python3.11/site-packages/airflow/example_dags/example_short_circuit_decorator.py took 0.138 seconds
[2026-07-05T16:12:14.285+0000] {processor.py:161} INFO - Started process (PID=308) to work on /home/airflow/.local/lib/python3.11/site-packages/airflow/example_dags/example_short_circuit_decorator.py
[2026-07-05T16:12:14.288+0000] {processor.py:830} INFO - Processing file /home/airflow/.local/lib/python3.11/site-packages/airflow/example_dags/example_short_circuit_decorator.py for tasks to queue
[2026-07-05T16:12:14.291+0000] {logging_mixin.py:188} INFO - [2026-07-05T16:12:14.291+0000] {dagbag.py:545} INFO - Filling up the DagBag from /home/airflow/.local/lib/python3.11/site-packages/airflow/example_dags/example_short_circuit_decorator.py
[2026-07-05T16:12:14.319+0000] {processor.py:840} INFO - DAG(s) 'example_short_circuit_decorator' retrieved from /home/airflow/.local/lib/python3.11/site-packages/airflow/example_dags/example_short_circuit_decorator.py
[2026-07-05T16:12:14.336+0000] {logging_mixin.py:188} INFO - [2026-07-05T16:12:14.336+0000] {dag.py:3096} INFO - Sync 1 DAGs
[2026-07-05T16:12:14.366+0000] {logging_mixin.py:188} INFO - [2026-07-05T16:12:14.366+0000] {dag.py:3954} INFO - Setting next_dagrun for example_short_circuit_decorator to 2026-07-04 00:00:00+00:00, run_after=2026-07-05 00:00:00+00:00
[2026-07-05T16:12:14.395+0000] {processor.py:183} INFO - Processing /home/airflow/.local/lib/python3.11/site-packages/airflow/example_dags/example_short_circuit_decorator.py took 0.120 seconds
[2026-07-05T16:12:45.020+0000] {processor.py:161} INFO - Started process (PID=367) to work on /home/airflow/.local/lib/python3.11/site-packages/airflow/example_dags/example_short_circuit_decorator.py
[2026-07-05T16:12:45.022+0000] {processor.py:830} INFO - Processing file /home/airflow/.local/lib/python3.11/site-packages/airflow/example_dags/example_short_circuit_decorator.py for tasks to queue
[2026-07-05T16:12:45.024+0000] {logging_mixin.py:188} INFO - [2026-07-05T16:12:45.023+0000] {dagbag.py:545} INFO - Filling up the DagBag from /home/airflow/.local/lib/python3.11/site-packages/airflow/example_dags/example_short_circuit_decorator.py
[2026-07-05T16:12:45.035+0000] {processor.py:840} INFO - DAG(s) 'example_short_circuit_decorator' retrieved from /home/airflow/.local/lib/python3.11/site-packages/airflow/example_dags/example_short_circuit_decorator.py
[2026-07-05T16:12:45.175+0000] {logging_mixin.py:188} INFO - [2026-07-05T16:12:45.174+0000] {dag.py:3096} INFO - Sync 1 DAGs
[2026-07-05T16:12:45.209+0000] {logging_mixin.py:188} INFO - [2026-07-05T16:12:45.208+0000] {dag.py:3954} INFO - Setting next_dagrun for example_short_circuit_decorator to 2026-07-04 00:00:00+00:00, run_after=2026-07-05 00:00:00+00:00
[2026-07-05T16:12:45.243+0000] {processor.py:183} INFO - Processing /home/airflow/.local/lib/python3.11/site-packages/airflow/example_dags/example_short_circuit_decorator.py took 0.230 seconds
[2026-07-05T16:13:15.756+0000] {processor.py:161} INFO - Started process (PID=425) to work on /home/airflow/.local/lib/python3.11/site-packages/airflow/example_dags/example_short_circuit_decorator.py
[2026-07-05T16:13:15.757+0000] {processor.py:830} INFO - Processing file /home/airflow/.local/lib/python3.11/site-packages/airflow/example_dags/example_short_circuit_decorator.py for tasks to queue
[2026-07-05T16:13:15.760+0000] {logging_mixin.py:188} INFO - [2026-07-05T16:13:15.759+0000] {dagbag.py:545} INFO - Filling up the DagBag from /home/airflow/.local/lib/python3.11/site-packages/airflow/example_dags/example_short_circuit_decorator.py
[2026-07-05T16:13:15.769+0000] {processor.py:840} INFO - DAG(s) 'example_short_circuit_decorator' retrieved from /home/airflow/.local/lib/python3.11/site-packages/airflow/example_dags/example_short_circuit_decorator.py
[2026-07-05T16:13:15.794+0000] {logging_mixin.py:188} INFO - [2026-07-05T16:13:15.794+0000] {dag.py:3096} INFO - Sync 1 DAGs
[2026-07-05T16:13:15.817+0000] {logging_mixin.py:188} INFO - [2026-07-05T16:13:15.817+0000] {dag.py:3954} INFO - Setting next_dagrun for example_short_circuit_decorator to 2026-07-04 00:00:00+00:00, run_after=2026-07-05 00:00:00+00:00
[2026-07-05T16:13:15.842+0000] {processor.py:183} INFO - Processing /home/airflow/.local/lib/python3.11/site-packages/airflow/example_dags/example_short_circuit_decorator.py took 0.094 seconds
[2026-07-05T16:13:46.312+0000] {processor.py:161} INFO - Started process (PID=483) to work on /home/airflow/.local/lib/python3.11/site-packages/airflow/example_dags/example_short_circuit_decorator.py
[2026-07-05T16:13:46.313+0000] {processor.py:830} INFO - Processing file /home/airflow/.local/lib/python3.11/site-packages/airflow/example_dags/example_short_circuit_decorator.py for tasks to queue
[2026-07-05T16:13:46.315+0000] {logging_mixin.py:188} INFO - [2026-07-05T16:13:46.315+0000] {dagbag.py:545} INFO - Filling up the DagBag from /home/airflow/.local/lib/python3.11/site-packages/airflow/example_dags/example_short_circuit_decorator.py
[2026-07-05T16:13:46.324+0000] {processor.py:840} INFO - DAG(s) 'example_short_circuit_decorator' retrieved from /home/airflow/.local/lib/python3.11/site-packages/airflow/example_dags/example_short_circuit_decorator.py
[2026-07-05T16:13:46.349+0000] {logging_mixin.py:188} INFO - [2026-07-05T16:13:46.349+0000] {dag.py:3096} INFO - Sync 1 DAGs
[2026-07-05T16:13:46.371+0000] {logging_mixin.py:188} INFO - [2026-07-05T16:13:46.371+0000] {dag.py:3954} INFO - Setting next_dagrun for example_short_circuit_decorator to 2026-07-04 00:00:00+00:00, run_after=2026-07-05 00:00:00+00:00
[2026-07-05T16:13:46.391+0000] {processor.py:183} INFO - Processing /home/airflow/.local/lib/python3.11/site-packages/airflow/example_dags/example_short_circuit_decorator.py took 0.085 seconds
[2026-07-05T16:14:16.529+0000] {processor.py:161} INFO - Started process (PID=541) to work on /home/airflow/.local/lib/python3.11/site-packages/airflow/example_dags/example_short_circuit_decorator.py
[2026-07-05T16:14:16.530+0000] {processor.py:830} INFO - Processing file /home/airflow/.local/lib/python3.11/site-packages/airflow/example_dags/example_short_circuit_decorator.py for tasks to queue
[2026-07-05T16:14:16.533+0000] {logging_mixin.py:188} INFO - [2026-07-05T16:14:16.533+0000] {dagbag.py:545} INFO - Filling up the DagBag from /home/airflow/.local/lib/python3.11/site-packages/airflow/example_dags/example_short_circuit_decorator.py
[2026-07-05T16:14:16.548+0000] {processor.py:840} INFO - DAG(s) 'example_short_circuit_decorator' retrieved from /home/airflow/.local/lib/python3.11/site-packages/airflow/example_dags/example_short_circuit_decorator.py
[2026-07-05T16:14:16.572+0000] {logging_mixin.py:188} INFO - [2026-07-05T16:14:16.572+0000] {dag.py:3096} INFO - Sync 1 DAGs
[2026-07-05T16:14:16.594+0000] {logging_mixin.py:188} INFO - [2026-07-05T16:14:16.594+0000] {dag.py:3954} INFO - Setting next_dagrun for example_short_circuit_decorator to 2026-07-04 00:00:00+00:00, run_after=2026-07-05 00:00:00+00:00
[2026-07-05T16:14:16.613+0000] {processor.py:183} INFO - Processing /home/airflow/.local/lib/python3.11/site-packages/airflow/example_dags/example_short_circuit_decorator.py took 0.091 seconds
[2026-07-05T16:14:46.740+0000] {processor.py:161} INFO - Started process (PID=599) to work on /home/airflow/.local/lib/python3.11/site-packages/airflow/example_dags/example_short_circuit_decorator.py
[2026-07-05T16:14:46.741+0000] {processor.py:830} INFO - Processing file /home/airflow/.local/lib/python3.11/site-packages/airflow/example_dags/example_short_circuit_decorator.py for tasks to queue
[2026-07-05T16:14:46.743+0000] {logging_mixin.py:188} INFO - [2026-07-05T16:14:46.743+0000] {dagbag.py:545} INFO - Filling up the DagBag from /home/airflow/.local/lib/python3.11/site-packages/airflow/example_dags/example_short_circuit_decorator.py
[2026-07-05T16:14:46.752+0000] {processor.py:840} INFO - DAG(s) 'example_short_circuit_decorator' retrieved from /home/airflow/.local/lib/python3.11/site-packages/airflow/example_dags/example_short_circuit_decorator.py
[2026-07-05T16:14:46.773+0000] {logging_mixin.py:188} INFO - [2026-07-05T16:14:46.773+0000] {dag.py:3096} INFO - Sync 1 DAGs
[2026-07-05T16:14:46.792+0000] {logging_mixin.py:188} INFO - [2026-07-05T16:14:46.791+0000] {dag.py:3954} INFO - Setting next_dagrun for example_short_circuit_decorator to 2026-07-04 00:00:00+00:00, run_after=2026-07-05 00:00:00+00:00
[2026-07-05T16:14:46.808+0000] {processor.py:183} INFO - Processing /home/airflow/.local/lib/python3.11/site-packages/airflow/example_dags/example_short_circuit_decorator.py took 0.074 seconds
[2026-07-05T16:15:16.908+0000] {processor.py:161} INFO - Started process (PID=657) to work on /home/airflow/.local/lib/python3.11/site-packages/airflow/example_dags/example_short_circuit_decorator.py
[2026-07-05T16:15:16.909+0000] {processor.py:830} INFO - Processing file /home/airflow/.local/lib/python3.11/site-packages/airflow/example_dags/example_short_circuit_decorator.py for tasks to queue
[2026-07-05T16:15:16.911+0000] {logging_mixin.py:188} INFO - [2026-07-05T16:15:16.910+0000] {dagbag.py:545} INFO - Filling up the DagBag from /home/airflow/.local/lib/python3.11/site-packages/airflow/example_dags/example_short_circuit_decorator.py
[2026-07-05T16:15:16.919+0000] {processor.py:840} INFO - DAG(s) 'example_short_circuit_decorator' retrieved from /home/airflow/.local/lib/python3.11/site-packages/airflow/example_dags/example_short_circuit_decorator.py
[2026-07-05T16:15:16.939+0000] {logging_mixin.py:188} INFO - [2026-07-05T16:15:16.939+0000] {dag.py:3096} INFO - Sync 1 DAGs
[2026-07-05T16:15:16.956+0000] {logging_mixin.py:188} INFO - [2026-07-05T16:15:16.956+0000] {dag.py:3954} INFO - Setting next_dagrun for example_short_circuit_decorator to 2026-07-04 00:00:00+00:00, run_after=2026-07-05 00:00:00+00:00
[2026-07-05T16:15:16.973+0000] {processor.py:183} INFO - Processing /home/airflow/.local/lib/python3.11/site-packages/airflow/example_dags/example_short_circuit_decorator.py took 0.071 seconds
[2026-07-05T16:15:47.160+0000] {processor.py:161} INFO - Started process (PID=715) to work on /home/airflow/.local/lib/python3.11/site-packages/airflow/example_dags/example_short_circuit_decorator.py
[2026-07-05T16:15:47.161+0000] {processor.py:830} INFO - Processing file /home/airflow/.local/lib/python3.11/site-packages/airflow/example_dags/example_short_circuit_decorator.py for tasks to queue
[2026-07-05T16:15:47.163+0000] {logging_mixin.py:188} INFO - [2026-07-05T16:15:47.163+0000] {dagbag.py:545} INFO - Filling up the DagBag from /home/airflow/.local/lib/python3.11/site-packages/airflow/example_dags/example_short_circuit_decorator.py
[2026-07-05T16:15:47.171+0000] {processor.py:840} INFO - DAG(s) 'example_short_circuit_decorator' retrieved from /home/airflow/.local/lib/python3.11/site-packages/airflow/example_dags/example_short_circuit_decorator.py
[2026-07-05T16:15:47.191+0000] {logging_mixin.py:188} INFO - [2026-07-05T16:15:47.191+0000] {dag.py:3096} INFO - Sync 1 DAGs
[2026-07-05T16:15:47.209+0000] {logging_mixin.py:188} INFO - [2026-07-05T16:15:47.209+0000] {dag.py:3954} INFO - Setting next_dagrun for example_short_circuit_decorator to 2026-07-04 00:00:00+00:00, run_after=2026-07-05 00:00:00+00:00
[2026-07-05T16:15:47.227+0000] {processor.py:183} INFO - Processing /home/airflow/.local/lib/python3.11/site-packages/airflow/example_dags/example_short_circuit_decorator.py took 0.073 seconds
[2026-07-05T16:16:17.274+0000] {processor.py:161} INFO - Started process (PID=773) to work on /home/airflow/.local/lib/python3.11/site-packages/airflow/example_dags/example_short_circuit_decorator.py
[2026-07-05T16:16:17.275+0000] {processor.py:830} INFO - Processing file /home/airflow/.local/lib/python3.11/site-packages/airflow/example_dags/example_short_circuit_decorator.py for tasks to queue
[2026-07-05T16:16:17.277+0000] {logging_mixin.py:188} INFO - [2026-07-05T16:16:17.277+0000] {dagbag.py:545} INFO - Filling up the DagBag from /home/airflow/.local/lib/python3.11/site-packages/airflow/example_dags/example_short_circuit_decorator.py
[2026-07-05T16:16:17.285+0000] {processor.py:840} INFO - DAG(s) 'example_short_circuit_decorator' retrieved from /home/airflow/.local/lib/python3.11/site-packages/airflow/example_dags/example_short_circuit_decorator.py
[2026-07-05T16:16:17.306+0000] {logging_mixin.py:188} INFO - [2026-07-05T16:16:17.306+0000] {dag.py:3096} INFO - Sync 1 DAGs
[2026-07-05T16:16:17.335+0000] {logging_mixin.py:188} INFO - [2026-07-05T16:16:17.335+0000] {dag.py:3954} INFO - Setting next_dagrun for example_short_circuit_decorator to 2026-07-04 00:00:00+00:00, run_after=2026-07-05 00:00:00+00:00
[2026-07-05T16:16:17.360+0000] {processor.py:183} INFO - Processing /home/airflow/.local/lib/python3.11/site-packages/airflow/example_dags/example_short_circuit_decorator.py took 0.092 seconds
[2026-07-05T16:16:47.629+0000] {processor.py:161} INFO - Started process (PID=831) to work on /home/airflow/.local/lib/python3.11/site-packages/airflow/example_dags/example_short_circuit_decorator.py
[2026-07-05T16:16:47.630+0000] {processor.py:830} INFO - Processing file /home/airflow/.local/lib/python3.11/site-packages/airflow/example_dags/example_short_circuit_decorator.py for tasks to queue
[2026-07-05T16:16:47.633+0000] {logging_mixin.py:188} INFO - [2026-07-05T16:16:47.632+0000] {dagbag.py:545} INFO - Filling up the DagBag from /home/airflow/.local/lib/python3.11/site-packages/airflow/example_dags/example_short_circuit_decorator.py
[2026-07-05T16:16:47.642+0000] {processor.py:840} INFO - DAG(s) 'example_short_circuit_decorator' retrieved from /home/airflow/.local/lib/python3.11/site-packages/airflow/example_dags/example_short_circuit_decorator.py
[2026-07-05T16:16:47.663+0000] {logging_mixin.py:188} INFO - [2026-07-05T16:16:47.663+0000] {dag.py:3096} INFO - Sync 1 DAGs
[2026-07-05T16:16:47.683+0000] {logging_mixin.py:188} INFO - [2026-07-05T16:16:47.682+0000] {dag.py:3954} INFO - Setting next_dagrun for example_short_circuit_decorator to 2026-07-04 00:00:00+00:00, run_after=2026-07-05 00:00:00+00:00
[2026-07-05T16:16:47.704+0000] {processor.py:183} INFO - Processing /home/airflow/.local/lib/python3.11/site-packages/airflow/example_dags/example_short_circuit_decorator.py took 0.082 seconds
[2026-07-05T16:17:17.943+0000] {processor.py:161} INFO - Started process (PID=889) to work on /home/airflow/.local/lib/python3.11/site-packages/airflow/example_dags/example_short_circuit_decorator.py
[2026-07-05T16:17:17.944+0000] {processor.py:830} INFO - Processing file /home/airflow/.local/lib/python3.11/site-packages/airflow/example_dags/example_short_circuit_decorator.py for tasks to queue
[2026-07-05T16:17:17.946+0000] {logging_mixin.py:188} INFO - [2026-07-05T16:17:17.946+0000] {dagbag.py:545} INFO - Filling up the DagBag from /home/airflow/.local/lib/python3.11/site-packages/airflow/example_dags/example_short_circuit_decorator.py
[2026-07-05T16:17:17.956+0000] {processor.py:840} INFO - DAG(s) 'example_short_circuit_decorator' retrieved from /home/airflow/.local/lib/python3.11/site-packages/airflow/example_dags/example_short_circuit_decorator.py
[2026-07-05T16:17:17.979+0000] {logging_mixin.py:188} INFO - [2026-07-05T16:17:17.979+0000] {dag.py:3096} INFO - Sync 1 DAGs
[2026-07-05T16:17:17.997+0000] {logging_mixin.py:188} INFO - [2026-07-05T16:17:17.997+0000] {dag.py:3954} INFO - Setting next_dagrun for example_short_circuit_decorator to 2026-07-04 00:00:00+00:00, run_after=2026-07-05 00:00:00+00:00
[2026-07-05T16:17:18.014+0000] {processor.py:183} INFO - Processing /home/airflow/.local/lib/python3.11/site-packages/airflow/example_dags/example_short_circuit_decorator.py took 0.076 seconds
[2026-07-05T16:17:48.240+0000] {processor.py:161} INFO - Started process (PID=947) to work on /home/airflow/.local/lib/python3.11/site-packages/airflow/example_dags/example_short_circuit_decorator.py
[2026-07-05T16:17:48.241+0000] {processor.py:830} INFO - Processing file /home/airflow/.local/lib/python3.11/site-packages/airflow/example_dags/example_short_circuit_decorator.py for tasks to queue
[2026-07-05T16:17:48.243+0000] {logging_mixin.py:188} INFO - [2026-07-05T16:17:48.243+0000] {dagbag.py:545} INFO - Filling up the DagBag from /home/airflow/.local/lib/python3.11/site-packages/airflow/example_dags/example_short_circuit_decorator.py
[2026-07-05T16:17:48.251+0000] {processor.py:840} INFO - DAG(s) 'example_short_circuit_decorator' retrieved from /home/airflow/.local/lib/python3.11/site-packages/airflow/example_dags/example_short_circuit_decorator.py
[2026-07-05T16:17:48.271+0000] {logging_mixin.py:188} INFO - [2026-07-05T16:17:48.271+0000] {dag.py:3096} INFO - Sync 1 DAGs
[2026-07-05T16:17:48.288+0000] {logging_mixin.py:188} INFO - [2026-07-05T16:17:48.288+0000] {dag.py:3954} INFO - Setting next_dagrun for example_short_circuit_decorator to 2026-07-04 00:00:00+00:00, run_after=2026-07-05 00:00:00+00:00
[2026-07-05T16:17:48.306+0000] {processor.py:183} INFO - Processing /home/airflow/.local/lib/python3.11/site-packages/airflow/example_dags/example_short_circuit_decorator.py took 0.072 seconds
[2026-07-05T16:18:19.001+0000] {processor.py:161} INFO - Started process (PID=1005) to work on /home/airflow/.local/lib/python3.11/site-packages/airflow/example_dags/example_short_circuit_decorator.py
[2026-07-05T16:18:19.002+0000] {processor.py:830} INFO - Processing file /home/airflow/.local/lib/python3.11/site-packages/airflow/example_dags/example_short_circuit_decorator.py for tasks to queue
[2026-07-05T16:18:19.004+0000] {logging_mixin.py:188} INFO - [2026-07-05T16:18:19.004+0000] {dagbag.py:545} INFO - Filling up the DagBag from /home/airflow/.local/lib/python3.11/site-packages/airflow/example_dags/example_short_circuit_decorator.py
[2026-07-05T16:18:19.014+0000] {processor.py:840} INFO - DAG(s) 'example_short_circuit_decorator' retrieved from /home/airflow/.local/lib/python3.11/site-packages/airflow/example_dags/example_short_circuit_decorator.py
[2026-07-05T16:18:19.043+0000] {logging_mixin.py:188} INFO - [2026-07-05T16:18:19.043+0000] {dag.py:3096} INFO - Sync 1 DAGs
[2026-07-05T16:18:19.089+0000] {logging_mixin.py:188} INFO - [2026-07-05T16:18:19.089+0000] {dag.py:3954} INFO - Setting next_dagrun for example_short_circuit_decorator to 2026-07-04 00:00:00+00:00, run_after=2026-07-05 00:00:00+00:00
[2026-07-05T16:18:19.117+0000] {processor.py:183} INFO - Processing /home/airflow/.local/lib/python3.11/site-packages/airflow/example_dags/example_short_circuit_decorator.py took 0.124 seconds
[2026-07-05T16:18:49.239+0000] {processor.py:161} INFO - Started process (PID=1063) to work on /home/airflow/.local/lib/python3.11/site-packages/airflow/example_dags/example_short_circuit_decorator.py
[2026-07-05T16:18:49.240+0000] {processor.py:830} INFO - Processing file /home/airflow/.local/lib/python3.11/site-packages/airflow/example_dags/example_short_circuit_decorator.py for tasks to queue
[2026-07-05T16:18:49.243+0000] {logging_mixin.py:188} INFO - [2026-07-05T16:18:49.242+0000] {dagbag.py:545} INFO - Filling up the DagBag from /home/airflow/.local/lib/python3.11/site-packages/airflow/example_dags/example_short_circuit_decorator.py
[2026-07-05T16:18:49.251+0000] {processor.py:840} INFO - DAG(s) 'example_short_circuit_decorator' retrieved from /home/airflow/.local/lib/python3.11/site-packages/airflow/example_dags/example_short_circuit_decorator.py
[2026-07-05T16:18:49.272+0000] {logging_mixin.py:188} INFO - [2026-07-05T16:18:49.272+0000] {dag.py:3096} INFO - Sync 1 DAGs
[2026-07-05T16:18:49.292+0000] {logging_mixin.py:188} INFO - [2026-07-05T16:18:49.292+0000] {dag.py:3954} INFO - Setting next_dagrun for example_short_circuit_decorator to 2026-07-04 00:00:00+00:00, run_after=2026-07-05 00:00:00+00:00
[2026-07-05T16:18:49.308+0000] {processor.py:183} INFO - Processing /home/airflow/.local/lib/python3.11/site-packages/airflow/example_dags/example_short_circuit_decorator.py took 0.074 seconds
