[2026-07-05T16:07:32.191+0000] {processor.py:161} INFO - Started process (PID=84) to work on /home/airflow/.local/lib/python3.11/site-packages/airflow/example_dags/example_latest_only.py
[2026-07-05T16:07:32.212+0000] {processor.py:830} INFO - Processing file /home/airflow/.local/lib/python3.11/site-packages/airflow/example_dags/example_latest_only.py for tasks to queue
[2026-07-05T16:07:32.223+0000] {logging_mixin.py:188} INFO - [2026-07-05T16:07:32.220+0000] {dagbag.py:545} INFO - Filling up the DagBag from /home/airflow/.local/lib/python3.11/site-packages/airflow/example_dags/example_latest_only.py
[2026-07-05T16:07:32.250+0000] {processor.py:840} INFO - DAG(s) 'latest_only' retrieved from /home/airflow/.local/lib/python3.11/site-packages/airflow/example_dags/example_latest_only.py
[2026-07-05T16:07:32.976+0000] {logging_mixin.py:188} INFO - [2026-07-05T16:07:32.973+0000] {override.py:1829} INFO - Created Permission View: can delete on DAG:latest_only
[2026-07-05T16:07:33.030+0000] {logging_mixin.py:188} INFO - [2026-07-05T16:07:33.029+0000] {override.py:1829} INFO - Created Permission View: can read on DAG:latest_only
[2026-07-05T16:07:33.047+0000] {logging_mixin.py:188} INFO - [2026-07-05T16:07:33.046+0000] {override.py:1829} INFO - Created Permission View: can edit on DAG:latest_only
[2026-07-05T16:07:33.049+0000] {logging_mixin.py:188} INFO - [2026-07-05T16:07:33.048+0000] {dag.py:3096} INFO - Sync 1 DAGs
[2026-07-05T16:07:33.134+0000] {logging_mixin.py:188} INFO - [2026-07-05T16:07:33.134+0000] {dag.py:3118} INFO - Creating ORM DAG for latest_only
[2026-07-05T16:07:33.192+0000] {logging_mixin.py:188} INFO - [2026-07-05T16:07:33.191+0000] {dag.py:3954} INFO - Setting next_dagrun for latest_only to 2026-07-05 12:00:00+00:00, run_after=2026-07-05 16:00:00+00:00
[2026-07-05T16:07:33.292+0000] {processor.py:183} INFO - Processing /home/airflow/.local/lib/python3.11/site-packages/airflow/example_dags/example_latest_only.py took 1.176 seconds
[2026-07-05T16:08:03.907+0000] {processor.py:161} INFO - Started process (PID=142) to work on /home/airflow/.local/lib/python3.11/site-packages/airflow/example_dags/example_latest_only.py
[2026-07-05T16:08:03.908+0000] {processor.py:830} INFO - Processing file /home/airflow/.local/lib/python3.11/site-packages/airflow/example_dags/example_latest_only.py for tasks to queue
[2026-07-05T16:08:03.911+0000] {logging_mixin.py:188} INFO - [2026-07-05T16:08:03.910+0000] {dagbag.py:545} INFO - Filling up the DagBag from /home/airflow/.local/lib/python3.11/site-packages/airflow/example_dags/example_latest_only.py
[2026-07-05T16:08:03.916+0000] {processor.py:840} INFO - DAG(s) 'latest_only' retrieved from /home/airflow/.local/lib/python3.11/site-packages/airflow/example_dags/example_latest_only.py
[2026-07-05T16:08:03.937+0000] {logging_mixin.py:188} INFO - [2026-07-05T16:08:03.937+0000] {dag.py:3096} INFO - Sync 1 DAGs
[2026-07-05T16:08:03.957+0000] {logging_mixin.py:188} INFO - [2026-07-05T16:08:03.957+0000] {dag.py:3954} INFO - Setting next_dagrun for latest_only to 2026-07-05 12:00:00+00:00, run_after=2026-07-05 16:00:00+00:00
[2026-07-05T16:08:03.976+0000] {processor.py:183} INFO - Processing /home/airflow/.local/lib/python3.11/site-packages/airflow/example_dags/example_latest_only.py took 0.074 seconds
[2026-07-05T16:08:34.468+0000] {processor.py:161} INFO - Started process (PID=200) to work on /home/airflow/.local/lib/python3.11/site-packages/airflow/example_dags/example_latest_only.py
[2026-07-05T16:08:34.470+0000] {processor.py:830} INFO - Processing file /home/airflow/.local/lib/python3.11/site-packages/airflow/example_dags/example_latest_only.py for tasks to queue
[2026-07-05T16:08:34.472+0000] {logging_mixin.py:188} INFO - [2026-07-05T16:08:34.472+0000] {dagbag.py:545} INFO - Filling up the DagBag from /home/airflow/.local/lib/python3.11/site-packages/airflow/example_dags/example_latest_only.py
[2026-07-05T16:08:34.478+0000] {processor.py:840} INFO - DAG(s) 'latest_only' retrieved from /home/airflow/.local/lib/python3.11/site-packages/airflow/example_dags/example_latest_only.py
[2026-07-05T16:08:34.501+0000] {logging_mixin.py:188} INFO - [2026-07-05T16:08:34.501+0000] {dag.py:3096} INFO - Sync 1 DAGs
[2026-07-05T16:08:34.519+0000] {logging_mixin.py:188} INFO - [2026-07-05T16:08:34.519+0000] {dag.py:3954} INFO - Setting next_dagrun for latest_only to 2026-07-05 12:00:00+00:00, run_after=2026-07-05 16:00:00+00:00
[2026-07-05T16:08:34.543+0000] {processor.py:183} INFO - Processing /home/airflow/.local/lib/python3.11/site-packages/airflow/example_dags/example_latest_only.py took 0.082 seconds
[2026-07-05T16:09:04.835+0000] {processor.py:161} INFO - Started process (PID=258) to work on /home/airflow/.local/lib/python3.11/site-packages/airflow/example_dags/example_latest_only.py
[2026-07-05T16:09:04.836+0000] {processor.py:830} INFO - Processing file /home/airflow/.local/lib/python3.11/site-packages/airflow/example_dags/example_latest_only.py for tasks to queue
[2026-07-05T16:09:04.838+0000] {logging_mixin.py:188} INFO - [2026-07-05T16:09:04.838+0000] {dagbag.py:545} INFO - Filling up the DagBag from /home/airflow/.local/lib/python3.11/site-packages/airflow/example_dags/example_latest_only.py
[2026-07-05T16:09:04.844+0000] {processor.py:840} INFO - DAG(s) 'latest_only' retrieved from /home/airflow/.local/lib/python3.11/site-packages/airflow/example_dags/example_latest_only.py
[2026-07-05T16:09:04.867+0000] {logging_mixin.py:188} INFO - [2026-07-05T16:09:04.867+0000] {dag.py:3096} INFO - Sync 1 DAGs
[2026-07-05T16:09:04.886+0000] {logging_mixin.py:188} INFO - [2026-07-05T16:09:04.886+0000] {dag.py:3954} INFO - Setting next_dagrun for latest_only to 2026-07-05 12:00:00+00:00, run_after=2026-07-05 16:00:00+00:00
[2026-07-05T16:09:04.908+0000] {processor.py:183} INFO - Processing /home/airflow/.local/lib/python3.11/site-packages/airflow/example_dags/example_latest_only.py took 0.080 seconds
[2026-07-05T16:09:34.952+0000] {processor.py:161} INFO - Started process (PID=316) to work on /home/airflow/.local/lib/python3.11/site-packages/airflow/example_dags/example_latest_only.py
[2026-07-05T16:09:34.954+0000] {processor.py:830} INFO - Processing file /home/airflow/.local/lib/python3.11/site-packages/airflow/example_dags/example_latest_only.py for tasks to queue
[2026-07-05T16:09:34.956+0000] {logging_mixin.py:188} INFO - [2026-07-05T16:09:34.956+0000] {dagbag.py:545} INFO - Filling up the DagBag from /home/airflow/.local/lib/python3.11/site-packages/airflow/example_dags/example_latest_only.py
[2026-07-05T16:09:34.962+0000] {processor.py:840} INFO - DAG(s) 'latest_only' retrieved from /home/airflow/.local/lib/python3.11/site-packages/airflow/example_dags/example_latest_only.py
[2026-07-05T16:09:34.977+0000] {logging_mixin.py:188} INFO - [2026-07-05T16:09:34.977+0000] {dag.py:3096} INFO - Sync 1 DAGs
[2026-07-05T16:09:35.000+0000] {logging_mixin.py:188} INFO - [2026-07-05T16:09:35.000+0000] {dag.py:3954} INFO - Setting next_dagrun for latest_only to 2026-07-05 12:00:00+00:00, run_after=2026-07-05 16:00:00+00:00
[2026-07-05T16:09:35.028+0000] {processor.py:183} INFO - Processing /home/airflow/.local/lib/python3.11/site-packages/airflow/example_dags/example_latest_only.py took 0.082 seconds
[2026-07-05T16:10:13.397+0000] {processor.py:161} INFO - Started process (PID=79) to work on /home/airflow/.local/lib/python3.11/site-packages/airflow/example_dags/example_latest_only.py
[2026-07-05T16:10:13.400+0000] {processor.py:830} INFO - Processing file /home/airflow/.local/lib/python3.11/site-packages/airflow/example_dags/example_latest_only.py for tasks to queue
[2026-07-05T16:10:13.411+0000] {logging_mixin.py:188} INFO - [2026-07-05T16:10:13.410+0000] {dagbag.py:545} INFO - Filling up the DagBag from /home/airflow/.local/lib/python3.11/site-packages/airflow/example_dags/example_latest_only.py
[2026-07-05T16:10:13.700+0000] {processor.py:840} INFO - DAG(s) 'latest_only' retrieved from /home/airflow/.local/lib/python3.11/site-packages/airflow/example_dags/example_latest_only.py
[2026-07-05T16:10:13.731+0000] {logging_mixin.py:188} INFO - [2026-07-05T16:10:13.730+0000] {dag.py:3096} INFO - Sync 1 DAGs
[2026-07-05T16:10:13.770+0000] {logging_mixin.py:188} INFO - [2026-07-05T16:10:13.769+0000] {dag.py:3954} INFO - Setting next_dagrun for latest_only to 2026-07-05 12:00:00+00:00, run_after=2026-07-05 16:00:00+00:00
[2026-07-05T16:10:13.815+0000] {processor.py:183} INFO - Processing /home/airflow/.local/lib/python3.11/site-packages/airflow/example_dags/example_latest_only.py took 0.434 seconds
[2026-07-05T16:10:44.398+0000] {processor.py:161} INFO - Started process (PID=138) to work on /home/airflow/.local/lib/python3.11/site-packages/airflow/example_dags/example_latest_only.py
[2026-07-05T16:10:44.400+0000] {processor.py:830} INFO - Processing file /home/airflow/.local/lib/python3.11/site-packages/airflow/example_dags/example_latest_only.py for tasks to queue
[2026-07-05T16:10:44.404+0000] {logging_mixin.py:188} INFO - [2026-07-05T16:10:44.404+0000] {dagbag.py:545} INFO - Filling up the DagBag from /home/airflow/.local/lib/python3.11/site-packages/airflow/example_dags/example_latest_only.py
[2026-07-05T16:10:44.413+0000] {processor.py:840} INFO - DAG(s) 'latest_only' retrieved from /home/airflow/.local/lib/python3.11/site-packages/airflow/example_dags/example_latest_only.py
[2026-07-05T16:10:44.526+0000] {logging_mixin.py:188} INFO - [2026-07-05T16:10:44.525+0000] {dag.py:3096} INFO - Sync 1 DAGs
[2026-07-05T16:10:44.553+0000] {logging_mixin.py:188} INFO - [2026-07-05T16:10:44.553+0000] {dag.py:3954} INFO - Setting next_dagrun for latest_only to 2026-07-05 12:00:00+00:00, run_after=2026-07-05 16:00:00+00:00
[2026-07-05T16:10:44.582+0000] {processor.py:183} INFO - Processing /home/airflow/.local/lib/python3.11/site-packages/airflow/example_dags/example_latest_only.py took 0.193 seconds
[2026-07-05T16:11:14.804+0000] {processor.py:161} INFO - Started process (PID=196) to work on /home/airflow/.local/lib/python3.11/site-packages/airflow/example_dags/example_latest_only.py
[2026-07-05T16:11:14.805+0000] {processor.py:830} INFO - Processing file /home/airflow/.local/lib/python3.11/site-packages/airflow/example_dags/example_latest_only.py for tasks to queue
[2026-07-05T16:11:14.807+0000] {logging_mixin.py:188} INFO - [2026-07-05T16:11:14.807+0000] {dagbag.py:545} INFO - Filling up the DagBag from /home/airflow/.local/lib/python3.11/site-packages/airflow/example_dags/example_latest_only.py
[2026-07-05T16:11:14.815+0000] {processor.py:840} INFO - DAG(s) 'latest_only' retrieved from /home/airflow/.local/lib/python3.11/site-packages/airflow/example_dags/example_latest_only.py
[2026-07-05T16:11:14.839+0000] {logging_mixin.py:188} INFO - [2026-07-05T16:11:14.839+0000] {dag.py:3096} INFO - Sync 1 DAGs
[2026-07-05T16:11:14.863+0000] {logging_mixin.py:188} INFO - [2026-07-05T16:11:14.863+0000] {dag.py:3954} INFO - Setting next_dagrun for latest_only to 2026-07-05 12:00:00+00:00, run_after=2026-07-05 16:00:00+00:00
[2026-07-05T16:11:14.888+0000] {processor.py:183} INFO - Processing /home/airflow/.local/lib/python3.11/site-packages/airflow/example_dags/example_latest_only.py took 0.090 seconds
[2026-07-05T16:11:45.483+0000] {processor.py:161} INFO - Started process (PID=254) to work on /home/airflow/.local/lib/python3.11/site-packages/airflow/example_dags/example_latest_only.py
[2026-07-05T16:11:45.488+0000] {processor.py:830} INFO - Processing file /home/airflow/.local/lib/python3.11/site-packages/airflow/example_dags/example_latest_only.py for tasks to queue
[2026-07-05T16:11:45.501+0000] {logging_mixin.py:188} INFO - [2026-07-05T16:11:45.501+0000] {dagbag.py:545} INFO - Filling up the DagBag from /home/airflow/.local/lib/python3.11/site-packages/airflow/example_dags/example_latest_only.py
[2026-07-05T16:11:45.531+0000] {processor.py:840} INFO - DAG(s) 'latest_only' retrieved from /home/airflow/.local/lib/python3.11/site-packages/airflow/example_dags/example_latest_only.py
[2026-07-05T16:11:45.569+0000] {logging_mixin.py:188} INFO - [2026-07-05T16:11:45.569+0000] {dag.py:3096} INFO - Sync 1 DAGs
[2026-07-05T16:11:45.596+0000] {logging_mixin.py:188} INFO - [2026-07-05T16:11:45.596+0000] {dag.py:3954} INFO - Setting next_dagrun for latest_only to 2026-07-05 12:00:00+00:00, run_after=2026-07-05 16:00:00+00:00
[2026-07-05T16:11:45.621+0000] {processor.py:183} INFO - Processing /home/airflow/.local/lib/python3.11/site-packages/airflow/example_dags/example_latest_only.py took 0.161 seconds
[2026-07-05T16:12:16.029+0000] {processor.py:161} INFO - Started process (PID=312) to work on /home/airflow/.local/lib/python3.11/site-packages/airflow/example_dags/example_latest_only.py
[2026-07-05T16:12:16.032+0000] {processor.py:830} INFO - Processing file /home/airflow/.local/lib/python3.11/site-packages/airflow/example_dags/example_latest_only.py for tasks to queue
[2026-07-05T16:12:16.036+0000] {logging_mixin.py:188} INFO - [2026-07-05T16:12:16.035+0000] {dagbag.py:545} INFO - Filling up the DagBag from /home/airflow/.local/lib/python3.11/site-packages/airflow/example_dags/example_latest_only.py
[2026-07-05T16:12:16.056+0000] {processor.py:840} INFO - DAG(s) 'latest_only' retrieved from /home/airflow/.local/lib/python3.11/site-packages/airflow/example_dags/example_latest_only.py
[2026-07-05T16:12:16.337+0000] {logging_mixin.py:188} INFO - [2026-07-05T16:12:16.337+0000] {dag.py:3096} INFO - Sync 1 DAGs
[2026-07-05T16:12:16.407+0000] {logging_mixin.py:188} INFO - [2026-07-05T16:12:16.406+0000] {dag.py:3954} INFO - Setting next_dagrun for latest_only to 2026-07-05 12:00:00+00:00, run_after=2026-07-05 16:00:00+00:00
[2026-07-05T16:12:16.457+0000] {processor.py:183} INFO - Processing /home/airflow/.local/lib/python3.11/site-packages/airflow/example_dags/example_latest_only.py took 0.446 seconds
[2026-07-05T16:12:47.434+0000] {processor.py:161} INFO - Started process (PID=371) to work on /home/airflow/.local/lib/python3.11/site-packages/airflow/example_dags/example_latest_only.py
[2026-07-05T16:12:47.435+0000] {processor.py:830} INFO - Processing file /home/airflow/.local/lib/python3.11/site-packages/airflow/example_dags/example_latest_only.py for tasks to queue
[2026-07-05T16:12:47.437+0000] {logging_mixin.py:188} INFO - [2026-07-05T16:12:47.437+0000] {dagbag.py:545} INFO - Filling up the DagBag from /home/airflow/.local/lib/python3.11/site-packages/airflow/example_dags/example_latest_only.py
[2026-07-05T16:12:47.442+0000] {processor.py:840} INFO - DAG(s) 'latest_only' retrieved from /home/airflow/.local/lib/python3.11/site-packages/airflow/example_dags/example_latest_only.py
[2026-07-05T16:12:47.467+0000] {logging_mixin.py:188} INFO - [2026-07-05T16:12:47.467+0000] {dag.py:3096} INFO - Sync 1 DAGs
[2026-07-05T16:12:47.487+0000] {logging_mixin.py:188} INFO - [2026-07-05T16:12:47.487+0000] {dag.py:3954} INFO - Setting next_dagrun for latest_only to 2026-07-05 12:00:00+00:00, run_after=2026-07-05 16:00:00+00:00
[2026-07-05T16:12:47.507+0000] {processor.py:183} INFO - Processing /home/airflow/.local/lib/python3.11/site-packages/airflow/example_dags/example_latest_only.py took 0.077 seconds
[2026-07-05T16:13:18.014+0000] {processor.py:161} INFO - Started process (PID=429) to work on /home/airflow/.local/lib/python3.11/site-packages/airflow/example_dags/example_latest_only.py
[2026-07-05T16:13:18.016+0000] {processor.py:830} INFO - Processing file /home/airflow/.local/lib/python3.11/site-packages/airflow/example_dags/example_latest_only.py for tasks to queue
[2026-07-05T16:13:18.019+0000] {logging_mixin.py:188} INFO - [2026-07-05T16:13:18.018+0000] {dagbag.py:545} INFO - Filling up the DagBag from /home/airflow/.local/lib/python3.11/site-packages/airflow/example_dags/example_latest_only.py
[2026-07-05T16:13:18.025+0000] {processor.py:840} INFO - DAG(s) 'latest_only' retrieved from /home/airflow/.local/lib/python3.11/site-packages/airflow/example_dags/example_latest_only.py
[2026-07-05T16:13:18.052+0000] {logging_mixin.py:188} INFO - [2026-07-05T16:13:18.051+0000] {dag.py:3096} INFO - Sync 1 DAGs
[2026-07-05T16:13:18.079+0000] {logging_mixin.py:188} INFO - [2026-07-05T16:13:18.078+0000] {dag.py:3954} INFO - Setting next_dagrun for latest_only to 2026-07-05 12:00:00+00:00, run_after=2026-07-05 16:00:00+00:00
[2026-07-05T16:13:18.100+0000] {processor.py:183} INFO - Processing /home/airflow/.local/lib/python3.11/site-packages/airflow/example_dags/example_latest_only.py took 0.096 seconds
[2026-07-05T16:13:48.551+0000] {processor.py:161} INFO - Started process (PID=487) to work on /home/airflow/.local/lib/python3.11/site-packages/airflow/example_dags/example_latest_only.py
[2026-07-05T16:13:48.553+0000] {processor.py:830} INFO - Processing file /home/airflow/.local/lib/python3.11/site-packages/airflow/example_dags/example_latest_only.py for tasks to queue
[2026-07-05T16:13:48.555+0000] {logging_mixin.py:188} INFO - [2026-07-05T16:13:48.555+0000] {dagbag.py:545} INFO - Filling up the DagBag from /home/airflow/.local/lib/python3.11/site-packages/airflow/example_dags/example_latest_only.py
[2026-07-05T16:13:48.560+0000] {processor.py:840} INFO - DAG(s) 'latest_only' retrieved from /home/airflow/.local/lib/python3.11/site-packages/airflow/example_dags/example_latest_only.py
[2026-07-05T16:13:48.583+0000] {logging_mixin.py:188} INFO - [2026-07-05T16:13:48.583+0000] {dag.py:3096} INFO - Sync 1 DAGs
[2026-07-05T16:13:48.605+0000] {logging_mixin.py:188} INFO - [2026-07-05T16:13:48.604+0000] {dag.py:3954} INFO - Setting next_dagrun for latest_only to 2026-07-05 12:00:00+00:00, run_after=2026-07-05 16:00:00+00:00
[2026-07-05T16:13:48.626+0000] {processor.py:183} INFO - Processing /home/airflow/.local/lib/python3.11/site-packages/airflow/example_dags/example_latest_only.py took 0.080 seconds
[2026-07-05T16:14:18.694+0000] {processor.py:161} INFO - Started process (PID=545) to work on /home/airflow/.local/lib/python3.11/site-packages/airflow/example_dags/example_latest_only.py
[2026-07-05T16:14:18.696+0000] {processor.py:830} INFO - Processing file /home/airflow/.local/lib/python3.11/site-packages/airflow/example_dags/example_latest_only.py for tasks to queue
[2026-07-05T16:14:18.699+0000] {logging_mixin.py:188} INFO - [2026-07-05T16:14:18.698+0000] {dagbag.py:545} INFO - Filling up the DagBag from /home/airflow/.local/lib/python3.11/site-packages/airflow/example_dags/example_latest_only.py
[2026-07-05T16:14:18.704+0000] {processor.py:840} INFO - DAG(s) 'latest_only' retrieved from /home/airflow/.local/lib/python3.11/site-packages/airflow/example_dags/example_latest_only.py
[2026-07-05T16:14:18.727+0000] {logging_mixin.py:188} INFO - [2026-07-05T16:14:18.727+0000] {dag.py:3096} INFO - Sync 1 DAGs
[2026-07-05T16:14:18.750+0000] {logging_mixin.py:188} INFO - [2026-07-05T16:14:18.750+0000] {dag.py:3954} INFO - Setting next_dagrun for latest_only to 2026-07-05 12:00:00+00:00, run_after=2026-07-05 16:00:00+00:00
[2026-07-05T16:14:18.770+0000] {processor.py:183} INFO - Processing /home/airflow/.local/lib/python3.11/site-packages/airflow/example_dags/example_latest_only.py took 0.082 seconds
[2026-07-05T16:14:48.978+0000] {processor.py:161} INFO - Started process (PID=603) to work on /home/airflow/.local/lib/python3.11/site-packages/airflow/example_dags/example_latest_only.py
[2026-07-05T16:14:48.979+0000] {processor.py:830} INFO - Processing file /home/airflow/.local/lib/python3.11/site-packages/airflow/example_dags/example_latest_only.py for tasks to queue
[2026-07-05T16:14:48.981+0000] {logging_mixin.py:188} INFO - [2026-07-05T16:14:48.980+0000] {dagbag.py:545} INFO - Filling up the DagBag from /home/airflow/.local/lib/python3.11/site-packages/airflow/example_dags/example_latest_only.py
[2026-07-05T16:14:48.986+0000] {processor.py:840} INFO - DAG(s) 'latest_only' retrieved from /home/airflow/.local/lib/python3.11/site-packages/airflow/example_dags/example_latest_only.py
[2026-07-05T16:14:49.007+0000] {logging_mixin.py:188} INFO - [2026-07-05T16:14:49.006+0000] {dag.py:3096} INFO - Sync 1 DAGs
[2026-07-05T16:14:49.030+0000] {logging_mixin.py:188} INFO - [2026-07-05T16:14:49.030+0000] {dag.py:3954} INFO - Setting next_dagrun for latest_only to 2026-07-05 12:00:00+00:00, run_after=2026-07-05 16:00:00+00:00
[2026-07-05T16:14:49.050+0000] {processor.py:183} INFO - Processing /home/airflow/.local/lib/python3.11/site-packages/airflow/example_dags/example_latest_only.py took 0.078 seconds
[2026-07-05T16:15:19.116+0000] {processor.py:161} INFO - Started process (PID=661) to work on /home/airflow/.local/lib/python3.11/site-packages/airflow/example_dags/example_latest_only.py
[2026-07-05T16:15:19.118+0000] {processor.py:830} INFO - Processing file /home/airflow/.local/lib/python3.11/site-packages/airflow/example_dags/example_latest_only.py for tasks to queue
[2026-07-05T16:15:19.120+0000] {logging_mixin.py:188} INFO - [2026-07-05T16:15:19.119+0000] {dagbag.py:545} INFO - Filling up the DagBag from /home/airflow/.local/lib/python3.11/site-packages/airflow/example_dags/example_latest_only.py
[2026-07-05T16:15:19.125+0000] {processor.py:840} INFO - DAG(s) 'latest_only' retrieved from /home/airflow/.local/lib/python3.11/site-packages/airflow/example_dags/example_latest_only.py
[2026-07-05T16:15:19.143+0000] {logging_mixin.py:188} INFO - [2026-07-05T16:15:19.143+0000] {dag.py:3096} INFO - Sync 1 DAGs
[2026-07-05T16:15:19.161+0000] {logging_mixin.py:188} INFO - [2026-07-05T16:15:19.161+0000] {dag.py:3954} INFO - Setting next_dagrun for latest_only to 2026-07-05 12:00:00+00:00, run_after=2026-07-05 16:00:00+00:00
[2026-07-05T16:15:19.182+0000] {processor.py:183} INFO - Processing /home/airflow/.local/lib/python3.11/site-packages/airflow/example_dags/example_latest_only.py took 0.071 seconds
[2026-07-05T16:15:49.373+0000] {processor.py:161} INFO - Started process (PID=719) to work on /home/airflow/.local/lib/python3.11/site-packages/airflow/example_dags/example_latest_only.py
[2026-07-05T16:15:49.375+0000] {processor.py:830} INFO - Processing file /home/airflow/.local/lib/python3.11/site-packages/airflow/example_dags/example_latest_only.py for tasks to queue
[2026-07-05T16:15:49.377+0000] {logging_mixin.py:188} INFO - [2026-07-05T16:15:49.376+0000] {dagbag.py:545} INFO - Filling up the DagBag from /home/airflow/.local/lib/python3.11/site-packages/airflow/example_dags/example_latest_only.py
[2026-07-05T16:15:49.382+0000] {processor.py:840} INFO - DAG(s) 'latest_only' retrieved from /home/airflow/.local/lib/python3.11/site-packages/airflow/example_dags/example_latest_only.py
[2026-07-05T16:15:49.400+0000] {logging_mixin.py:188} INFO - [2026-07-05T16:15:49.400+0000] {dag.py:3096} INFO - Sync 1 DAGs
[2026-07-05T16:15:49.422+0000] {logging_mixin.py:188} INFO - [2026-07-05T16:15:49.421+0000] {dag.py:3954} INFO - Setting next_dagrun for latest_only to 2026-07-05 12:00:00+00:00, run_after=2026-07-05 16:00:00+00:00
[2026-07-05T16:15:49.441+0000] {processor.py:183} INFO - Processing /home/airflow/.local/lib/python3.11/site-packages/airflow/example_dags/example_latest_only.py took 0.073 seconds
[2026-07-05T16:16:19.518+0000] {processor.py:161} INFO - Started process (PID=777) to work on /home/airflow/.local/lib/python3.11/site-packages/airflow/example_dags/example_latest_only.py
[2026-07-05T16:16:19.519+0000] {processor.py:830} INFO - Processing file /home/airflow/.local/lib/python3.11/site-packages/airflow/example_dags/example_latest_only.py for tasks to queue
[2026-07-05T16:16:19.521+0000] {logging_mixin.py:188} INFO - [2026-07-05T16:16:19.521+0000] {dagbag.py:545} INFO - Filling up the DagBag from /home/airflow/.local/lib/python3.11/site-packages/airflow/example_dags/example_latest_only.py
[2026-07-05T16:16:19.526+0000] {processor.py:840} INFO - DAG(s) 'latest_only' retrieved from /home/airflow/.local/lib/python3.11/site-packages/airflow/example_dags/example_latest_only.py
[2026-07-05T16:16:19.548+0000] {logging_mixin.py:188} INFO - [2026-07-05T16:16:19.548+0000] {dag.py:3096} INFO - Sync 1 DAGs
[2026-07-05T16:16:19.567+0000] {logging_mixin.py:188} INFO - [2026-07-05T16:16:19.567+0000] {dag.py:3954} INFO - Setting next_dagrun for latest_only to 2026-07-05 12:00:00+00:00, run_after=2026-07-05 16:00:00+00:00
[2026-07-05T16:16:19.587+0000] {processor.py:183} INFO - Processing /home/airflow/.local/lib/python3.11/site-packages/airflow/example_dags/example_latest_only.py took 0.074 seconds
[2026-07-05T16:16:49.812+0000] {processor.py:161} INFO - Started process (PID=835) to work on /home/airflow/.local/lib/python3.11/site-packages/airflow/example_dags/example_latest_only.py
[2026-07-05T16:16:49.813+0000] {processor.py:830} INFO - Processing file /home/airflow/.local/lib/python3.11/site-packages/airflow/example_dags/example_latest_only.py for tasks to queue
[2026-07-05T16:16:49.815+0000] {logging_mixin.py:188} INFO - [2026-07-05T16:16:49.814+0000] {dagbag.py:545} INFO - Filling up the DagBag from /home/airflow/.local/lib/python3.11/site-packages/airflow/example_dags/example_latest_only.py
[2026-07-05T16:16:49.819+0000] {processor.py:840} INFO - DAG(s) 'latest_only' retrieved from /home/airflow/.local/lib/python3.11/site-packages/airflow/example_dags/example_latest_only.py
[2026-07-05T16:16:49.839+0000] {logging_mixin.py:188} INFO - [2026-07-05T16:16:49.839+0000] {dag.py:3096} INFO - Sync 1 DAGs
[2026-07-05T16:16:49.857+0000] {logging_mixin.py:188} INFO - [2026-07-05T16:16:49.857+0000] {dag.py:3954} INFO - Setting next_dagrun for latest_only to 2026-07-05 12:00:00+00:00, run_after=2026-07-05 16:00:00+00:00
[2026-07-05T16:16:49.877+0000] {processor.py:183} INFO - Processing /home/airflow/.local/lib/python3.11/site-packages/airflow/example_dags/example_latest_only.py took 0.071 seconds
[2026-07-05T16:17:20.152+0000] {processor.py:161} INFO - Started process (PID=893) to work on /home/airflow/.local/lib/python3.11/site-packages/airflow/example_dags/example_latest_only.py
[2026-07-05T16:17:20.153+0000] {processor.py:830} INFO - Processing file /home/airflow/.local/lib/python3.11/site-packages/airflow/example_dags/example_latest_only.py for tasks to queue
[2026-07-05T16:17:20.155+0000] {logging_mixin.py:188} INFO - [2026-07-05T16:17:20.155+0000] {dagbag.py:545} INFO - Filling up the DagBag from /home/airflow/.local/lib/python3.11/site-packages/airflow/example_dags/example_latest_only.py
[2026-07-05T16:17:20.160+0000] {processor.py:840} INFO - DAG(s) 'latest_only' retrieved from /home/airflow/.local/lib/python3.11/site-packages/airflow/example_dags/example_latest_only.py
[2026-07-05T16:17:20.179+0000] {logging_mixin.py:188} INFO - [2026-07-05T16:17:20.179+0000] {dag.py:3096} INFO - Sync 1 DAGs
[2026-07-05T16:17:20.197+0000] {logging_mixin.py:188} INFO - [2026-07-05T16:17:20.196+0000] {dag.py:3954} INFO - Setting next_dagrun for latest_only to 2026-07-05 12:00:00+00:00, run_after=2026-07-05 16:00:00+00:00
[2026-07-05T16:17:20.216+0000] {processor.py:183} INFO - Processing /home/airflow/.local/lib/python3.11/site-packages/airflow/example_dags/example_latest_only.py took 0.070 seconds
[2026-07-05T16:17:50.448+0000] {processor.py:161} INFO - Started process (PID=951) to work on /home/airflow/.local/lib/python3.11/site-packages/airflow/example_dags/example_latest_only.py
[2026-07-05T16:17:50.449+0000] {processor.py:830} INFO - Processing file /home/airflow/.local/lib/python3.11/site-packages/airflow/example_dags/example_latest_only.py for tasks to queue
[2026-07-05T16:17:50.451+0000] {logging_mixin.py:188} INFO - [2026-07-05T16:17:50.451+0000] {dagbag.py:545} INFO - Filling up the DagBag from /home/airflow/.local/lib/python3.11/site-packages/airflow/example_dags/example_latest_only.py
[2026-07-05T16:17:50.458+0000] {processor.py:840} INFO - DAG(s) 'latest_only' retrieved from /home/airflow/.local/lib/python3.11/site-packages/airflow/example_dags/example_latest_only.py
[2026-07-05T16:17:50.482+0000] {logging_mixin.py:188} INFO - [2026-07-05T16:17:50.482+0000] {dag.py:3096} INFO - Sync 1 DAGs
[2026-07-05T16:17:50.506+0000] {logging_mixin.py:188} INFO - [2026-07-05T16:17:50.505+0000] {dag.py:3954} INFO - Setting next_dagrun for latest_only to 2026-07-05 12:00:00+00:00, run_after=2026-07-05 16:00:00+00:00
[2026-07-05T16:17:50.528+0000] {processor.py:183} INFO - Processing /home/airflow/.local/lib/python3.11/site-packages/airflow/example_dags/example_latest_only.py took 0.087 seconds
[2026-07-05T16:18:21.253+0000] {processor.py:161} INFO - Started process (PID=1009) to work on /home/airflow/.local/lib/python3.11/site-packages/airflow/example_dags/example_latest_only.py
[2026-07-05T16:18:21.263+0000] {processor.py:830} INFO - Processing file /home/airflow/.local/lib/python3.11/site-packages/airflow/example_dags/example_latest_only.py for tasks to queue
[2026-07-05T16:18:21.266+0000] {logging_mixin.py:188} INFO - [2026-07-05T16:18:21.266+0000] {dagbag.py:545} INFO - Filling up the DagBag from /home/airflow/.local/lib/python3.11/site-packages/airflow/example_dags/example_latest_only.py
[2026-07-05T16:18:21.273+0000] {processor.py:840} INFO - DAG(s) 'latest_only' retrieved from /home/airflow/.local/lib/python3.11/site-packages/airflow/example_dags/example_latest_only.py
[2026-07-05T16:18:21.299+0000] {logging_mixin.py:188} INFO - [2026-07-05T16:18:21.299+0000] {dag.py:3096} INFO - Sync 1 DAGs
[2026-07-05T16:18:21.321+0000] {logging_mixin.py:188} INFO - [2026-07-05T16:18:21.321+0000] {dag.py:3954} INFO - Setting next_dagrun for latest_only to 2026-07-05 12:00:00+00:00, run_after=2026-07-05 16:00:00+00:00
[2026-07-05T16:18:21.343+0000] {processor.py:183} INFO - Processing /home/airflow/.local/lib/python3.11/site-packages/airflow/example_dags/example_latest_only.py took 0.098 seconds
[2026-07-05T16:18:51.424+0000] {processor.py:161} INFO - Started process (PID=1067) to work on /home/airflow/.local/lib/python3.11/site-packages/airflow/example_dags/example_latest_only.py
[2026-07-05T16:18:51.426+0000] {processor.py:830} INFO - Processing file /home/airflow/.local/lib/python3.11/site-packages/airflow/example_dags/example_latest_only.py for tasks to queue
[2026-07-05T16:18:51.429+0000] {logging_mixin.py:188} INFO - [2026-07-05T16:18:51.428+0000] {dagbag.py:545} INFO - Filling up the DagBag from /home/airflow/.local/lib/python3.11/site-packages/airflow/example_dags/example_latest_only.py
[2026-07-05T16:18:51.435+0000] {processor.py:840} INFO - DAG(s) 'latest_only' retrieved from /home/airflow/.local/lib/python3.11/site-packages/airflow/example_dags/example_latest_only.py
[2026-07-05T16:18:51.467+0000] {logging_mixin.py:188} INFO - [2026-07-05T16:18:51.466+0000] {dag.py:3096} INFO - Sync 1 DAGs
[2026-07-05T16:18:51.503+0000] {logging_mixin.py:188} INFO - [2026-07-05T16:18:51.502+0000] {dag.py:3954} INFO - Setting next_dagrun for latest_only to 2026-07-05 12:00:00+00:00, run_after=2026-07-05 16:00:00+00:00
[2026-07-05T16:18:51.534+0000] {processor.py:183} INFO - Processing /home/airflow/.local/lib/python3.11/site-packages/airflow/example_dags/example_latest_only.py took 0.120 seconds
