[2026-07-05T16:07:26.146+0000] {processor.py:161} INFO - Started process (PID=72) to work on /home/airflow/.local/lib/python3.11/site-packages/airflow/example_dags/example_latest_only_with_trigger.py
[2026-07-05T16:07:26.149+0000] {processor.py:830} INFO - Processing file /home/airflow/.local/lib/python3.11/site-packages/airflow/example_dags/example_latest_only_with_trigger.py for tasks to queue
[2026-07-05T16:07:26.155+0000] {logging_mixin.py:188} INFO - [2026-07-05T16:07:26.152+0000] {dagbag.py:545} INFO - Filling up the DagBag from /home/airflow/.local/lib/python3.11/site-packages/airflow/example_dags/example_latest_only_with_trigger.py
[2026-07-05T16:07:26.179+0000] {processor.py:840} INFO - DAG(s) 'latest_only_with_trigger' retrieved from /home/airflow/.local/lib/python3.11/site-packages/airflow/example_dags/example_latest_only_with_trigger.py
[2026-07-05T16:07:26.641+0000] {logging_mixin.py:188} INFO - [2026-07-05T16:07:26.640+0000] {override.py:1829} INFO - Created Permission View: can delete on DAG:latest_only_with_trigger
[2026-07-05T16:07:26.659+0000] {logging_mixin.py:188} INFO - [2026-07-05T16:07:26.659+0000] {override.py:1829} INFO - Created Permission View: can read on DAG:latest_only_with_trigger
[2026-07-05T16:07:26.669+0000] {logging_mixin.py:188} INFO - [2026-07-05T16:07:26.669+0000] {override.py:1829} INFO - Created Permission View: can edit on DAG:latest_only_with_trigger
[2026-07-05T16:07:26.670+0000] {logging_mixin.py:188} INFO - [2026-07-05T16:07:26.670+0000] {dag.py:3096} INFO - Sync 1 DAGs
[2026-07-05T16:07:26.700+0000] {logging_mixin.py:188} INFO - [2026-07-05T16:07:26.699+0000] {dag.py:3118} INFO - Creating ORM DAG for latest_only_with_trigger
[2026-07-05T16:07:26.734+0000] {logging_mixin.py:188} INFO - [2026-07-05T16:07:26.734+0000] {dag.py:3954} INFO - Setting next_dagrun for latest_only_with_trigger to 2026-07-05 12:00:00+00:00, run_after=2026-07-05 16:00:00+00:00
[2026-07-05T16:07:26.766+0000] {processor.py:183} INFO - Processing /home/airflow/.local/lib/python3.11/site-packages/airflow/example_dags/example_latest_only_with_trigger.py took 0.632 seconds
[2026-07-05T16:07:57.328+0000] {processor.py:161} INFO - Started process (PID=130) to work on /home/airflow/.local/lib/python3.11/site-packages/airflow/example_dags/example_latest_only_with_trigger.py
[2026-07-05T16:07:57.330+0000] {processor.py:830} INFO - Processing file /home/airflow/.local/lib/python3.11/site-packages/airflow/example_dags/example_latest_only_with_trigger.py for tasks to queue
[2026-07-05T16:07:57.332+0000] {logging_mixin.py:188} INFO - [2026-07-05T16:07:57.332+0000] {dagbag.py:545} INFO - Filling up the DagBag from /home/airflow/.local/lib/python3.11/site-packages/airflow/example_dags/example_latest_only_with_trigger.py
[2026-07-05T16:07:57.340+0000] {processor.py:840} INFO - DAG(s) 'latest_only_with_trigger' retrieved from /home/airflow/.local/lib/python3.11/site-packages/airflow/example_dags/example_latest_only_with_trigger.py
[2026-07-05T16:07:57.361+0000] {logging_mixin.py:188} INFO - [2026-07-05T16:07:57.360+0000] {dag.py:3096} INFO - Sync 1 DAGs
[2026-07-05T16:07:57.379+0000] {logging_mixin.py:188} INFO - [2026-07-05T16:07:57.379+0000] {dag.py:3954} INFO - Setting next_dagrun for latest_only_with_trigger to 2026-07-05 12:00:00+00:00, run_after=2026-07-05 16:00:00+00:00
[2026-07-05T16:07:57.397+0000] {processor.py:183} INFO - Processing /home/airflow/.local/lib/python3.11/site-packages/airflow/example_dags/example_latest_only_with_trigger.py took 0.076 seconds
[2026-07-05T16:08:27.700+0000] {processor.py:161} INFO - Started process (PID=188) to work on /home/airflow/.local/lib/python3.11/site-packages/airflow/example_dags/example_latest_only_with_trigger.py
[2026-07-05T16:08:27.703+0000] {processor.py:830} INFO - Processing file /home/airflow/.local/lib/python3.11/site-packages/airflow/example_dags/example_latest_only_with_trigger.py for tasks to queue
[2026-07-05T16:08:27.711+0000] {logging_mixin.py:188} INFO - [2026-07-05T16:08:27.708+0000] {dagbag.py:545} INFO - Filling up the DagBag from /home/airflow/.local/lib/python3.11/site-packages/airflow/example_dags/example_latest_only_with_trigger.py
[2026-07-05T16:08:27.739+0000] {processor.py:840} INFO - DAG(s) 'latest_only_with_trigger' retrieved from /home/airflow/.local/lib/python3.11/site-packages/airflow/example_dags/example_latest_only_with_trigger.py
[2026-07-05T16:08:27.807+0000] {logging_mixin.py:188} INFO - [2026-07-05T16:08:27.807+0000] {dag.py:3096} INFO - Sync 1 DAGs
[2026-07-05T16:08:27.875+0000] {logging_mixin.py:188} INFO - [2026-07-05T16:08:27.874+0000] {dag.py:3954} INFO - Setting next_dagrun for latest_only_with_trigger to 2026-07-05 12:00:00+00:00, run_after=2026-07-05 16:00:00+00:00
[2026-07-05T16:08:27.922+0000] {processor.py:183} INFO - Processing /home/airflow/.local/lib/python3.11/site-packages/airflow/example_dags/example_latest_only_with_trigger.py took 0.234 seconds
[2026-07-05T16:08:58.070+0000] {processor.py:161} INFO - Started process (PID=246) to work on /home/airflow/.local/lib/python3.11/site-packages/airflow/example_dags/example_latest_only_with_trigger.py
[2026-07-05T16:08:58.071+0000] {processor.py:830} INFO - Processing file /home/airflow/.local/lib/python3.11/site-packages/airflow/example_dags/example_latest_only_with_trigger.py for tasks to queue
[2026-07-05T16:08:58.073+0000] {logging_mixin.py:188} INFO - [2026-07-05T16:08:58.072+0000] {dagbag.py:545} INFO - Filling up the DagBag from /home/airflow/.local/lib/python3.11/site-packages/airflow/example_dags/example_latest_only_with_trigger.py
[2026-07-05T16:08:58.079+0000] {processor.py:840} INFO - DAG(s) 'latest_only_with_trigger' retrieved from /home/airflow/.local/lib/python3.11/site-packages/airflow/example_dags/example_latest_only_with_trigger.py
[2026-07-05T16:08:58.101+0000] {logging_mixin.py:188} INFO - [2026-07-05T16:08:58.101+0000] {dag.py:3096} INFO - Sync 1 DAGs
[2026-07-05T16:08:58.124+0000] {logging_mixin.py:188} INFO - [2026-07-05T16:08:58.124+0000] {dag.py:3954} INFO - Setting next_dagrun for latest_only_with_trigger to 2026-07-05 12:00:00+00:00, run_after=2026-07-05 16:00:00+00:00
[2026-07-05T16:08:58.149+0000] {processor.py:183} INFO - Processing /home/airflow/.local/lib/python3.11/site-packages/airflow/example_dags/example_latest_only_with_trigger.py took 0.084 seconds
[2026-07-05T16:09:28.290+0000] {processor.py:161} INFO - Started process (PID=304) to work on /home/airflow/.local/lib/python3.11/site-packages/airflow/example_dags/example_latest_only_with_trigger.py
[2026-07-05T16:09:28.292+0000] {processor.py:830} INFO - Processing file /home/airflow/.local/lib/python3.11/site-packages/airflow/example_dags/example_latest_only_with_trigger.py for tasks to queue
[2026-07-05T16:09:28.295+0000] {logging_mixin.py:188} INFO - [2026-07-05T16:09:28.294+0000] {dagbag.py:545} INFO - Filling up the DagBag from /home/airflow/.local/lib/python3.11/site-packages/airflow/example_dags/example_latest_only_with_trigger.py
[2026-07-05T16:09:28.301+0000] {processor.py:840} INFO - DAG(s) 'latest_only_with_trigger' retrieved from /home/airflow/.local/lib/python3.11/site-packages/airflow/example_dags/example_latest_only_with_trigger.py
[2026-07-05T16:09:28.318+0000] {logging_mixin.py:188} INFO - [2026-07-05T16:09:28.317+0000] {dag.py:3096} INFO - Sync 1 DAGs
[2026-07-05T16:09:28.347+0000] {logging_mixin.py:188} INFO - [2026-07-05T16:09:28.347+0000] {dag.py:3954} INFO - Setting next_dagrun for latest_only_with_trigger to 2026-07-05 12:00:00+00:00, run_after=2026-07-05 16:00:00+00:00
[2026-07-05T16:09:28.366+0000] {processor.py:183} INFO - Processing /home/airflow/.local/lib/python3.11/site-packages/airflow/example_dags/example_latest_only_with_trigger.py took 0.082 seconds
[2026-07-05T16:10:10.382+0000] {processor.py:161} INFO - Started process (PID=61) to work on /home/airflow/.local/lib/python3.11/site-packages/airflow/example_dags/example_latest_only_with_trigger.py
[2026-07-05T16:10:10.384+0000] {processor.py:830} INFO - Processing file /home/airflow/.local/lib/python3.11/site-packages/airflow/example_dags/example_latest_only_with_trigger.py for tasks to queue
[2026-07-05T16:10:10.387+0000] {logging_mixin.py:188} INFO - [2026-07-05T16:10:10.386+0000] {dagbag.py:545} INFO - Filling up the DagBag from /home/airflow/.local/lib/python3.11/site-packages/airflow/example_dags/example_latest_only_with_trigger.py
[2026-07-05T16:10:10.396+0000] {processor.py:840} INFO - DAG(s) 'latest_only_with_trigger' retrieved from /home/airflow/.local/lib/python3.11/site-packages/airflow/example_dags/example_latest_only_with_trigger.py
[2026-07-05T16:10:10.422+0000] {logging_mixin.py:188} INFO - [2026-07-05T16:10:10.422+0000] {dag.py:3096} INFO - Sync 1 DAGs
[2026-07-05T16:10:10.703+0000] {logging_mixin.py:188} INFO - [2026-07-05T16:10:10.703+0000] {dag.py:3954} INFO - Setting next_dagrun for latest_only_with_trigger to 2026-07-05 12:00:00+00:00, run_after=2026-07-05 16:00:00+00:00
[2026-07-05T16:10:10.725+0000] {processor.py:183} INFO - Processing /home/airflow/.local/lib/python3.11/site-packages/airflow/example_dags/example_latest_only_with_trigger.py took 0.349 seconds
[2026-07-05T16:10:40.825+0000] {processor.py:161} INFO - Started process (PID=119) to work on /home/airflow/.local/lib/python3.11/site-packages/airflow/example_dags/example_latest_only_with_trigger.py
[2026-07-05T16:10:40.827+0000] {processor.py:830} INFO - Processing file /home/airflow/.local/lib/python3.11/site-packages/airflow/example_dags/example_latest_only_with_trigger.py for tasks to queue
[2026-07-05T16:10:40.830+0000] {logging_mixin.py:188} INFO - [2026-07-05T16:10:40.829+0000] {dagbag.py:545} INFO - Filling up the DagBag from /home/airflow/.local/lib/python3.11/site-packages/airflow/example_dags/example_latest_only_with_trigger.py
[2026-07-05T16:10:40.840+0000] {processor.py:840} INFO - DAG(s) 'latest_only_with_trigger' retrieved from /home/airflow/.local/lib/python3.11/site-packages/airflow/example_dags/example_latest_only_with_trigger.py
[2026-07-05T16:10:41.017+0000] {logging_mixin.py:188} INFO - [2026-07-05T16:10:41.016+0000] {dag.py:3096} INFO - Sync 1 DAGs
[2026-07-05T16:10:41.072+0000] {logging_mixin.py:188} INFO - [2026-07-05T16:10:41.071+0000] {dag.py:3954} INFO - Setting next_dagrun for latest_only_with_trigger to 2026-07-05 12:00:00+00:00, run_after=2026-07-05 16:00:00+00:00
[2026-07-05T16:10:41.115+0000] {processor.py:183} INFO - Processing /home/airflow/.local/lib/python3.11/site-packages/airflow/example_dags/example_latest_only_with_trigger.py took 0.306 seconds
[2026-07-05T16:11:11.174+0000] {processor.py:161} INFO - Started process (PID=178) to work on /home/airflow/.local/lib/python3.11/site-packages/airflow/example_dags/example_latest_only_with_trigger.py
[2026-07-05T16:11:11.176+0000] {processor.py:830} INFO - Processing file /home/airflow/.local/lib/python3.11/site-packages/airflow/example_dags/example_latest_only_with_trigger.py for tasks to queue
[2026-07-05T16:11:11.179+0000] {logging_mixin.py:188} INFO - [2026-07-05T16:11:11.178+0000] {dagbag.py:545} INFO - Filling up the DagBag from /home/airflow/.local/lib/python3.11/site-packages/airflow/example_dags/example_latest_only_with_trigger.py
[2026-07-05T16:11:11.190+0000] {processor.py:840} INFO - DAG(s) 'latest_only_with_trigger' retrieved from /home/airflow/.local/lib/python3.11/site-packages/airflow/example_dags/example_latest_only_with_trigger.py
[2026-07-05T16:11:11.247+0000] {logging_mixin.py:188} INFO - [2026-07-05T16:11:11.247+0000] {dag.py:3096} INFO - Sync 1 DAGs
[2026-07-05T16:11:11.302+0000] {logging_mixin.py:188} INFO - [2026-07-05T16:11:11.301+0000] {dag.py:3954} INFO - Setting next_dagrun for latest_only_with_trigger to 2026-07-05 12:00:00+00:00, run_after=2026-07-05 16:00:00+00:00
[2026-07-05T16:11:11.328+0000] {processor.py:183} INFO - Processing /home/airflow/.local/lib/python3.11/site-packages/airflow/example_dags/example_latest_only_with_trigger.py took 0.163 seconds
[2026-07-05T16:11:41.400+0000] {processor.py:161} INFO - Started process (PID=236) to work on /home/airflow/.local/lib/python3.11/site-packages/airflow/example_dags/example_latest_only_with_trigger.py
[2026-07-05T16:11:41.402+0000] {processor.py:830} INFO - Processing file /home/airflow/.local/lib/python3.11/site-packages/airflow/example_dags/example_latest_only_with_trigger.py for tasks to queue
[2026-07-05T16:11:41.404+0000] {logging_mixin.py:188} INFO - [2026-07-05T16:11:41.404+0000] {dagbag.py:545} INFO - Filling up the DagBag from /home/airflow/.local/lib/python3.11/site-packages/airflow/example_dags/example_latest_only_with_trigger.py
[2026-07-05T16:11:41.414+0000] {processor.py:840} INFO - DAG(s) 'latest_only_with_trigger' retrieved from /home/airflow/.local/lib/python3.11/site-packages/airflow/example_dags/example_latest_only_with_trigger.py
[2026-07-05T16:11:41.442+0000] {logging_mixin.py:188} INFO - [2026-07-05T16:11:41.441+0000] {dag.py:3096} INFO - Sync 1 DAGs
[2026-07-05T16:11:41.463+0000] {logging_mixin.py:188} INFO - [2026-07-05T16:11:41.463+0000] {dag.py:3954} INFO - Setting next_dagrun for latest_only_with_trigger to 2026-07-05 12:00:00+00:00, run_after=2026-07-05 16:00:00+00:00
[2026-07-05T16:11:41.485+0000] {processor.py:183} INFO - Processing /home/airflow/.local/lib/python3.11/site-packages/airflow/example_dags/example_latest_only_with_trigger.py took 0.092 seconds
[2026-07-05T16:12:12.328+0000] {processor.py:161} INFO - Started process (PID=294) to work on /home/airflow/.local/lib/python3.11/site-packages/airflow/example_dags/example_latest_only_with_trigger.py
[2026-07-05T16:12:12.330+0000] {processor.py:830} INFO - Processing file /home/airflow/.local/lib/python3.11/site-packages/airflow/example_dags/example_latest_only_with_trigger.py for tasks to queue
[2026-07-05T16:12:12.335+0000] {logging_mixin.py:188} INFO - [2026-07-05T16:12:12.334+0000] {dagbag.py:545} INFO - Filling up the DagBag from /home/airflow/.local/lib/python3.11/site-packages/airflow/example_dags/example_latest_only_with_trigger.py
[2026-07-05T16:12:12.347+0000] {processor.py:840} INFO - DAG(s) 'latest_only_with_trigger' retrieved from /home/airflow/.local/lib/python3.11/site-packages/airflow/example_dags/example_latest_only_with_trigger.py
[2026-07-05T16:12:12.373+0000] {logging_mixin.py:188} INFO - [2026-07-05T16:12:12.373+0000] {dag.py:3096} INFO - Sync 1 DAGs
[2026-07-05T16:12:12.426+0000] {logging_mixin.py:188} INFO - [2026-07-05T16:12:12.426+0000] {dag.py:3954} INFO - Setting next_dagrun for latest_only_with_trigger to 2026-07-05 12:00:00+00:00, run_after=2026-07-05 16:00:00+00:00
[2026-07-05T16:12:12.456+0000] {processor.py:183} INFO - Processing /home/airflow/.local/lib/python3.11/site-packages/airflow/example_dags/example_latest_only_with_trigger.py took 0.143 seconds
[2026-07-05T16:12:42.765+0000] {processor.py:161} INFO - Started process (PID=352) to work on /home/airflow/.local/lib/python3.11/site-packages/airflow/example_dags/example_latest_only_with_trigger.py
[2026-07-05T16:12:42.767+0000] {processor.py:830} INFO - Processing file /home/airflow/.local/lib/python3.11/site-packages/airflow/example_dags/example_latest_only_with_trigger.py for tasks to queue
[2026-07-05T16:12:42.771+0000] {logging_mixin.py:188} INFO - [2026-07-05T16:12:42.771+0000] {dagbag.py:545} INFO - Filling up the DagBag from /home/airflow/.local/lib/python3.11/site-packages/airflow/example_dags/example_latest_only_with_trigger.py
[2026-07-05T16:12:42.784+0000] {processor.py:840} INFO - DAG(s) 'latest_only_with_trigger' retrieved from /home/airflow/.local/lib/python3.11/site-packages/airflow/example_dags/example_latest_only_with_trigger.py
[2026-07-05T16:12:42.928+0000] {logging_mixin.py:188} INFO - [2026-07-05T16:12:42.928+0000] {dag.py:3096} INFO - Sync 1 DAGs
[2026-07-05T16:12:42.950+0000] {logging_mixin.py:188} INFO - [2026-07-05T16:12:42.950+0000] {dag.py:3954} INFO - Setting next_dagrun for latest_only_with_trigger to 2026-07-05 12:00:00+00:00, run_after=2026-07-05 16:00:00+00:00
[2026-07-05T16:12:42.977+0000] {processor.py:183} INFO - Processing /home/airflow/.local/lib/python3.11/site-packages/airflow/example_dags/example_latest_only_with_trigger.py took 0.223 seconds
[2026-07-05T16:13:13.079+0000] {processor.py:161} INFO - Started process (PID=417) to work on /home/airflow/.local/lib/python3.11/site-packages/airflow/example_dags/example_latest_only_with_trigger.py
[2026-07-05T16:13:13.080+0000] {processor.py:830} INFO - Processing file /home/airflow/.local/lib/python3.11/site-packages/airflow/example_dags/example_latest_only_with_trigger.py for tasks to queue
[2026-07-05T16:13:13.082+0000] {logging_mixin.py:188} INFO - [2026-07-05T16:13:13.081+0000] {dagbag.py:545} INFO - Filling up the DagBag from /home/airflow/.local/lib/python3.11/site-packages/airflow/example_dags/example_latest_only_with_trigger.py
[2026-07-05T16:13:13.090+0000] {processor.py:840} INFO - DAG(s) 'latest_only_with_trigger' retrieved from /home/airflow/.local/lib/python3.11/site-packages/airflow/example_dags/example_latest_only_with_trigger.py
[2026-07-05T16:13:13.123+0000] {logging_mixin.py:188} INFO - [2026-07-05T16:13:13.123+0000] {dag.py:3096} INFO - Sync 1 DAGs
[2026-07-05T16:13:13.162+0000] {logging_mixin.py:188} INFO - [2026-07-05T16:13:13.162+0000] {dag.py:3954} INFO - Setting next_dagrun for latest_only_with_trigger to 2026-07-05 12:00:00+00:00, run_after=2026-07-05 16:00:00+00:00
[2026-07-05T16:13:13.195+0000] {processor.py:183} INFO - Processing /home/airflow/.local/lib/python3.11/site-packages/airflow/example_dags/example_latest_only_with_trigger.py took 0.123 seconds
[2026-07-05T16:13:43.718+0000] {processor.py:161} INFO - Started process (PID=475) to work on /home/airflow/.local/lib/python3.11/site-packages/airflow/example_dags/example_latest_only_with_trigger.py
[2026-07-05T16:13:43.719+0000] {processor.py:830} INFO - Processing file /home/airflow/.local/lib/python3.11/site-packages/airflow/example_dags/example_latest_only_with_trigger.py for tasks to queue
[2026-07-05T16:13:43.722+0000] {logging_mixin.py:188} INFO - [2026-07-05T16:13:43.721+0000] {dagbag.py:545} INFO - Filling up the DagBag from /home/airflow/.local/lib/python3.11/site-packages/airflow/example_dags/example_latest_only_with_trigger.py
[2026-07-05T16:13:43.728+0000] {processor.py:840} INFO - DAG(s) 'latest_only_with_trigger' retrieved from /home/airflow/.local/lib/python3.11/site-packages/airflow/example_dags/example_latest_only_with_trigger.py
[2026-07-05T16:13:43.758+0000] {logging_mixin.py:188} INFO - [2026-07-05T16:13:43.758+0000] {dag.py:3096} INFO - Sync 1 DAGs
[2026-07-05T16:13:43.787+0000] {logging_mixin.py:188} INFO - [2026-07-05T16:13:43.787+0000] {dag.py:3954} INFO - Setting next_dagrun for latest_only_with_trigger to 2026-07-05 12:00:00+00:00, run_after=2026-07-05 16:00:00+00:00
[2026-07-05T16:13:43.817+0000] {processor.py:183} INFO - Processing /home/airflow/.local/lib/python3.11/site-packages/airflow/example_dags/example_latest_only_with_trigger.py took 0.105 seconds
[2026-07-05T16:14:14.014+0000] {processor.py:161} INFO - Started process (PID=533) to work on /home/airflow/.local/lib/python3.11/site-packages/airflow/example_dags/example_latest_only_with_trigger.py
[2026-07-05T16:14:14.015+0000] {processor.py:830} INFO - Processing file /home/airflow/.local/lib/python3.11/site-packages/airflow/example_dags/example_latest_only_with_trigger.py for tasks to queue
[2026-07-05T16:14:14.017+0000] {logging_mixin.py:188} INFO - [2026-07-05T16:14:14.017+0000] {dagbag.py:545} INFO - Filling up the DagBag from /home/airflow/.local/lib/python3.11/site-packages/airflow/example_dags/example_latest_only_with_trigger.py
[2026-07-05T16:14:14.023+0000] {processor.py:840} INFO - DAG(s) 'latest_only_with_trigger' retrieved from /home/airflow/.local/lib/python3.11/site-packages/airflow/example_dags/example_latest_only_with_trigger.py
[2026-07-05T16:14:14.042+0000] {logging_mixin.py:188} INFO - [2026-07-05T16:14:14.042+0000] {dag.py:3096} INFO - Sync 1 DAGs
[2026-07-05T16:14:14.059+0000] {logging_mixin.py:188} INFO - [2026-07-05T16:14:14.059+0000] {dag.py:3954} INFO - Setting next_dagrun for latest_only_with_trigger to 2026-07-05 12:00:00+00:00, run_after=2026-07-05 16:00:00+00:00
[2026-07-05T16:14:14.077+0000] {processor.py:183} INFO - Processing /home/airflow/.local/lib/python3.11/site-packages/airflow/example_dags/example_latest_only_with_trigger.py took 0.071 seconds
[2026-07-05T16:14:44.210+0000] {processor.py:161} INFO - Started process (PID=591) to work on /home/airflow/.local/lib/python3.11/site-packages/airflow/example_dags/example_latest_only_with_trigger.py
[2026-07-05T16:14:44.211+0000] {processor.py:830} INFO - Processing file /home/airflow/.local/lib/python3.11/site-packages/airflow/example_dags/example_latest_only_with_trigger.py for tasks to queue
[2026-07-05T16:14:44.213+0000] {logging_mixin.py:188} INFO - [2026-07-05T16:14:44.213+0000] {dagbag.py:545} INFO - Filling up the DagBag from /home/airflow/.local/lib/python3.11/site-packages/airflow/example_dags/example_latest_only_with_trigger.py
[2026-07-05T16:14:44.218+0000] {processor.py:840} INFO - DAG(s) 'latest_only_with_trigger' retrieved from /home/airflow/.local/lib/python3.11/site-packages/airflow/example_dags/example_latest_only_with_trigger.py
[2026-07-05T16:14:44.238+0000] {logging_mixin.py:188} INFO - [2026-07-05T16:14:44.238+0000] {dag.py:3096} INFO - Sync 1 DAGs
[2026-07-05T16:14:44.262+0000] {logging_mixin.py:188} INFO - [2026-07-05T16:14:44.262+0000] {dag.py:3954} INFO - Setting next_dagrun for latest_only_with_trigger to 2026-07-05 12:00:00+00:00, run_after=2026-07-05 16:00:00+00:00
[2026-07-05T16:14:44.282+0000] {processor.py:183} INFO - Processing /home/airflow/.local/lib/python3.11/site-packages/airflow/example_dags/example_latest_only_with_trigger.py took 0.079 seconds
[2026-07-05T16:15:14.451+0000] {processor.py:161} INFO - Started process (PID=649) to work on /home/airflow/.local/lib/python3.11/site-packages/airflow/example_dags/example_latest_only_with_trigger.py
[2026-07-05T16:15:14.452+0000] {processor.py:830} INFO - Processing file /home/airflow/.local/lib/python3.11/site-packages/airflow/example_dags/example_latest_only_with_trigger.py for tasks to queue
[2026-07-05T16:15:14.453+0000] {logging_mixin.py:188} INFO - [2026-07-05T16:15:14.453+0000] {dagbag.py:545} INFO - Filling up the DagBag from /home/airflow/.local/lib/python3.11/site-packages/airflow/example_dags/example_latest_only_with_trigger.py
[2026-07-05T16:15:14.458+0000] {processor.py:840} INFO - DAG(s) 'latest_only_with_trigger' retrieved from /home/airflow/.local/lib/python3.11/site-packages/airflow/example_dags/example_latest_only_with_trigger.py
[2026-07-05T16:15:14.478+0000] {logging_mixin.py:188} INFO - [2026-07-05T16:15:14.478+0000] {dag.py:3096} INFO - Sync 1 DAGs
[2026-07-05T16:15:14.496+0000] {logging_mixin.py:188} INFO - [2026-07-05T16:15:14.495+0000] {dag.py:3954} INFO - Setting next_dagrun for latest_only_with_trigger to 2026-07-05 12:00:00+00:00, run_after=2026-07-05 16:00:00+00:00
[2026-07-05T16:15:14.514+0000] {processor.py:183} INFO - Processing /home/airflow/.local/lib/python3.11/site-packages/airflow/example_dags/example_latest_only_with_trigger.py took 0.069 seconds
[2026-07-05T16:15:44.621+0000] {processor.py:161} INFO - Started process (PID=707) to work on /home/airflow/.local/lib/python3.11/site-packages/airflow/example_dags/example_latest_only_with_trigger.py
[2026-07-05T16:15:44.622+0000] {processor.py:830} INFO - Processing file /home/airflow/.local/lib/python3.11/site-packages/airflow/example_dags/example_latest_only_with_trigger.py for tasks to queue
[2026-07-05T16:15:44.624+0000] {logging_mixin.py:188} INFO - [2026-07-05T16:15:44.624+0000] {dagbag.py:545} INFO - Filling up the DagBag from /home/airflow/.local/lib/python3.11/site-packages/airflow/example_dags/example_latest_only_with_trigger.py
[2026-07-05T16:15:44.631+0000] {processor.py:840} INFO - DAG(s) 'latest_only_with_trigger' retrieved from /home/airflow/.local/lib/python3.11/site-packages/airflow/example_dags/example_latest_only_with_trigger.py
[2026-07-05T16:15:44.652+0000] {logging_mixin.py:188} INFO - [2026-07-05T16:15:44.652+0000] {dag.py:3096} INFO - Sync 1 DAGs
[2026-07-05T16:15:44.677+0000] {logging_mixin.py:188} INFO - [2026-07-05T16:15:44.677+0000] {dag.py:3954} INFO - Setting next_dagrun for latest_only_with_trigger to 2026-07-05 12:00:00+00:00, run_after=2026-07-05 16:00:00+00:00
[2026-07-05T16:15:44.699+0000] {processor.py:183} INFO - Processing /home/airflow/.local/lib/python3.11/site-packages/airflow/example_dags/example_latest_only_with_trigger.py took 0.083 seconds
[2026-07-05T16:16:14.740+0000] {processor.py:161} INFO - Started process (PID=764) to work on /home/airflow/.local/lib/python3.11/site-packages/airflow/example_dags/example_latest_only_with_trigger.py
[2026-07-05T16:16:14.741+0000] {processor.py:830} INFO - Processing file /home/airflow/.local/lib/python3.11/site-packages/airflow/example_dags/example_latest_only_with_trigger.py for tasks to queue
[2026-07-05T16:16:14.743+0000] {logging_mixin.py:188} INFO - [2026-07-05T16:16:14.743+0000] {dagbag.py:545} INFO - Filling up the DagBag from /home/airflow/.local/lib/python3.11/site-packages/airflow/example_dags/example_latest_only_with_trigger.py
[2026-07-05T16:16:14.751+0000] {processor.py:840} INFO - DAG(s) 'latest_only_with_trigger' retrieved from /home/airflow/.local/lib/python3.11/site-packages/airflow/example_dags/example_latest_only_with_trigger.py
[2026-07-05T16:16:14.772+0000] {logging_mixin.py:188} INFO - [2026-07-05T16:16:14.772+0000] {dag.py:3096} INFO - Sync 1 DAGs
[2026-07-05T16:16:14.794+0000] {logging_mixin.py:188} INFO - [2026-07-05T16:16:14.794+0000] {dag.py:3954} INFO - Setting next_dagrun for latest_only_with_trigger to 2026-07-05 12:00:00+00:00, run_after=2026-07-05 16:00:00+00:00
[2026-07-05T16:16:14.813+0000] {processor.py:183} INFO - Processing /home/airflow/.local/lib/python3.11/site-packages/airflow/example_dags/example_latest_only_with_trigger.py took 0.081 seconds
[2026-07-05T16:16:45.153+0000] {processor.py:161} INFO - Started process (PID=823) to work on /home/airflow/.local/lib/python3.11/site-packages/airflow/example_dags/example_latest_only_with_trigger.py
[2026-07-05T16:16:45.154+0000] {processor.py:830} INFO - Processing file /home/airflow/.local/lib/python3.11/site-packages/airflow/example_dags/example_latest_only_with_trigger.py for tasks to queue
[2026-07-05T16:16:45.156+0000] {logging_mixin.py:188} INFO - [2026-07-05T16:16:45.156+0000] {dagbag.py:545} INFO - Filling up the DagBag from /home/airflow/.local/lib/python3.11/site-packages/airflow/example_dags/example_latest_only_with_trigger.py
[2026-07-05T16:16:45.162+0000] {processor.py:840} INFO - DAG(s) 'latest_only_with_trigger' retrieved from /home/airflow/.local/lib/python3.11/site-packages/airflow/example_dags/example_latest_only_with_trigger.py
[2026-07-05T16:16:45.182+0000] {logging_mixin.py:188} INFO - [2026-07-05T16:16:45.182+0000] {dag.py:3096} INFO - Sync 1 DAGs
[2026-07-05T16:16:45.205+0000] {logging_mixin.py:188} INFO - [2026-07-05T16:16:45.205+0000] {dag.py:3954} INFO - Setting next_dagrun for latest_only_with_trigger to 2026-07-05 12:00:00+00:00, run_after=2026-07-05 16:00:00+00:00
[2026-07-05T16:16:45.228+0000] {processor.py:183} INFO - Processing /home/airflow/.local/lib/python3.11/site-packages/airflow/example_dags/example_latest_only_with_trigger.py took 0.081 seconds
[2026-07-05T16:17:15.345+0000] {processor.py:161} INFO - Started process (PID=880) to work on /home/airflow/.local/lib/python3.11/site-packages/airflow/example_dags/example_latest_only_with_trigger.py
[2026-07-05T16:17:15.348+0000] {processor.py:830} INFO - Processing file /home/airflow/.local/lib/python3.11/site-packages/airflow/example_dags/example_latest_only_with_trigger.py for tasks to queue
[2026-07-05T16:17:15.351+0000] {logging_mixin.py:188} INFO - [2026-07-05T16:17:15.350+0000] {dagbag.py:545} INFO - Filling up the DagBag from /home/airflow/.local/lib/python3.11/site-packages/airflow/example_dags/example_latest_only_with_trigger.py
[2026-07-05T16:17:15.359+0000] {processor.py:840} INFO - DAG(s) 'latest_only_with_trigger' retrieved from /home/airflow/.local/lib/python3.11/site-packages/airflow/example_dags/example_latest_only_with_trigger.py
[2026-07-05T16:17:15.387+0000] {logging_mixin.py:188} INFO - [2026-07-05T16:17:15.387+0000] {dag.py:3096} INFO - Sync 1 DAGs
[2026-07-05T16:17:15.411+0000] {logging_mixin.py:188} INFO - [2026-07-05T16:17:15.411+0000] {dag.py:3954} INFO - Setting next_dagrun for latest_only_with_trigger to 2026-07-05 12:00:00+00:00, run_after=2026-07-05 16:00:00+00:00
[2026-07-05T16:17:15.435+0000] {processor.py:183} INFO - Processing /home/airflow/.local/lib/python3.11/site-packages/airflow/example_dags/example_latest_only_with_trigger.py took 0.097 seconds
[2026-07-05T16:17:45.702+0000] {processor.py:161} INFO - Started process (PID=938) to work on /home/airflow/.local/lib/python3.11/site-packages/airflow/example_dags/example_latest_only_with_trigger.py
[2026-07-05T16:17:45.704+0000] {processor.py:830} INFO - Processing file /home/airflow/.local/lib/python3.11/site-packages/airflow/example_dags/example_latest_only_with_trigger.py for tasks to queue
[2026-07-05T16:17:45.707+0000] {logging_mixin.py:188} INFO - [2026-07-05T16:17:45.706+0000] {dagbag.py:545} INFO - Filling up the DagBag from /home/airflow/.local/lib/python3.11/site-packages/airflow/example_dags/example_latest_only_with_trigger.py
[2026-07-05T16:17:45.717+0000] {processor.py:840} INFO - DAG(s) 'latest_only_with_trigger' retrieved from /home/airflow/.local/lib/python3.11/site-packages/airflow/example_dags/example_latest_only_with_trigger.py
[2026-07-05T16:17:45.738+0000] {logging_mixin.py:188} INFO - [2026-07-05T16:17:45.738+0000] {dag.py:3096} INFO - Sync 1 DAGs
[2026-07-05T16:17:45.759+0000] {logging_mixin.py:188} INFO - [2026-07-05T16:17:45.758+0000] {dag.py:3954} INFO - Setting next_dagrun for latest_only_with_trigger to 2026-07-05 12:00:00+00:00, run_after=2026-07-05 16:00:00+00:00
[2026-07-05T16:17:45.777+0000] {processor.py:183} INFO - Processing /home/airflow/.local/lib/python3.11/site-packages/airflow/example_dags/example_latest_only_with_trigger.py took 0.082 seconds
[2026-07-05T16:18:16.517+0000] {processor.py:161} INFO - Started process (PID=997) to work on /home/airflow/.local/lib/python3.11/site-packages/airflow/example_dags/example_latest_only_with_trigger.py
[2026-07-05T16:18:16.518+0000] {processor.py:830} INFO - Processing file /home/airflow/.local/lib/python3.11/site-packages/airflow/example_dags/example_latest_only_with_trigger.py for tasks to queue
[2026-07-05T16:18:16.521+0000] {logging_mixin.py:188} INFO - [2026-07-05T16:18:16.521+0000] {dagbag.py:545} INFO - Filling up the DagBag from /home/airflow/.local/lib/python3.11/site-packages/airflow/example_dags/example_latest_only_with_trigger.py
[2026-07-05T16:18:16.528+0000] {processor.py:840} INFO - DAG(s) 'latest_only_with_trigger' retrieved from /home/airflow/.local/lib/python3.11/site-packages/airflow/example_dags/example_latest_only_with_trigger.py
[2026-07-05T16:18:16.554+0000] {logging_mixin.py:188} INFO - [2026-07-05T16:18:16.554+0000] {dag.py:3096} INFO - Sync 1 DAGs
[2026-07-05T16:18:16.576+0000] {logging_mixin.py:188} INFO - [2026-07-05T16:18:16.576+0000] {dag.py:3954} INFO - Setting next_dagrun for latest_only_with_trigger to 2026-07-05 12:00:00+00:00, run_after=2026-07-05 16:00:00+00:00
[2026-07-05T16:18:16.594+0000] {processor.py:183} INFO - Processing /home/airflow/.local/lib/python3.11/site-packages/airflow/example_dags/example_latest_only_with_trigger.py took 0.085 seconds
[2026-07-05T16:18:46.892+0000] {processor.py:161} INFO - Started process (PID=1055) to work on /home/airflow/.local/lib/python3.11/site-packages/airflow/example_dags/example_latest_only_with_trigger.py
[2026-07-05T16:18:46.894+0000] {processor.py:830} INFO - Processing file /home/airflow/.local/lib/python3.11/site-packages/airflow/example_dags/example_latest_only_with_trigger.py for tasks to queue
[2026-07-05T16:18:46.896+0000] {logging_mixin.py:188} INFO - [2026-07-05T16:18:46.895+0000] {dagbag.py:545} INFO - Filling up the DagBag from /home/airflow/.local/lib/python3.11/site-packages/airflow/example_dags/example_latest_only_with_trigger.py
[2026-07-05T16:18:46.902+0000] {processor.py:840} INFO - DAG(s) 'latest_only_with_trigger' retrieved from /home/airflow/.local/lib/python3.11/site-packages/airflow/example_dags/example_latest_only_with_trigger.py
[2026-07-05T16:18:46.925+0000] {logging_mixin.py:188} INFO - [2026-07-05T16:18:46.924+0000] {dag.py:3096} INFO - Sync 1 DAGs
[2026-07-05T16:18:46.944+0000] {logging_mixin.py:188} INFO - [2026-07-05T16:18:46.944+0000] {dag.py:3954} INFO - Setting next_dagrun for latest_only_with_trigger to 2026-07-05 12:00:00+00:00, run_after=2026-07-05 16:00:00+00:00
[2026-07-05T16:18:46.962+0000] {processor.py:183} INFO - Processing /home/airflow/.local/lib/python3.11/site-packages/airflow/example_dags/example_latest_only_with_trigger.py took 0.076 seconds
