[2026-07-05T16:07:28.442+0000] {processor.py:161} INFO - Started process (PID=78) to work on /home/airflow/.local/lib/python3.11/site-packages/airflow/example_dags/example_python_operator.py
[2026-07-05T16:07:28.445+0000] {processor.py:830} INFO - Processing file /home/airflow/.local/lib/python3.11/site-packages/airflow/example_dags/example_python_operator.py for tasks to queue
[2026-07-05T16:07:28.448+0000] {logging_mixin.py:188} INFO - [2026-07-05T16:07:28.447+0000] {dagbag.py:545} INFO - Filling up the DagBag from /home/airflow/.local/lib/python3.11/site-packages/airflow/example_dags/example_python_operator.py
[2026-07-05T16:07:28.528+0000] {processor.py:840} INFO - DAG(s) 'example_python_operator' retrieved from /home/airflow/.local/lib/python3.11/site-packages/airflow/example_dags/example_python_operator.py
[2026-07-05T16:07:29.254+0000] {logging_mixin.py:188} INFO - [2026-07-05T16:07:29.252+0000] {override.py:1829} INFO - Created Permission View: can delete on DAG:example_python_operator
[2026-07-05T16:07:29.276+0000] {logging_mixin.py:188} INFO - [2026-07-05T16:07:29.274+0000] {override.py:1829} INFO - Created Permission View: can read on DAG:example_python_operator
[2026-07-05T16:07:29.289+0000] {logging_mixin.py:188} INFO - [2026-07-05T16:07:29.289+0000] {override.py:1829} INFO - Created Permission View: can edit on DAG:example_python_operator
[2026-07-05T16:07:29.290+0000] {logging_mixin.py:188} INFO - [2026-07-05T16:07:29.290+0000] {dag.py:3096} INFO - Sync 1 DAGs
[2026-07-05T16:07:29.331+0000] {logging_mixin.py:188} INFO - [2026-07-05T16:07:29.331+0000] {dag.py:3118} INFO - Creating ORM DAG for example_python_operator
[2026-07-05T16:07:29.336+0000] {logging_mixin.py:188} INFO - [2026-07-05T16:07:29.335+0000] {dag.py:3954} INFO - Setting next_dagrun for example_python_operator to None, run_after=None
[2026-07-05T16:07:29.381+0000] {processor.py:183} INFO - Processing /home/airflow/.local/lib/python3.11/site-packages/airflow/example_dags/example_python_operator.py took 0.952 seconds
[2026-07-05T16:07:59.566+0000] {processor.py:161} INFO - Started process (PID=136) to work on /home/airflow/.local/lib/python3.11/site-packages/airflow/example_dags/example_python_operator.py
[2026-07-05T16:07:59.567+0000] {processor.py:830} INFO - Processing file /home/airflow/.local/lib/python3.11/site-packages/airflow/example_dags/example_python_operator.py for tasks to queue
[2026-07-05T16:07:59.569+0000] {logging_mixin.py:188} INFO - [2026-07-05T16:07:59.569+0000] {dagbag.py:545} INFO - Filling up the DagBag from /home/airflow/.local/lib/python3.11/site-packages/airflow/example_dags/example_python_operator.py
[2026-07-05T16:07:59.582+0000] {processor.py:840} INFO - DAG(s) 'example_python_operator' retrieved from /home/airflow/.local/lib/python3.11/site-packages/airflow/example_dags/example_python_operator.py
[2026-07-05T16:07:59.603+0000] {logging_mixin.py:188} INFO - [2026-07-05T16:07:59.602+0000] {dag.py:3096} INFO - Sync 1 DAGs
[2026-07-05T16:07:59.614+0000] {logging_mixin.py:188} INFO - [2026-07-05T16:07:59.614+0000] {dag.py:3954} INFO - Setting next_dagrun for example_python_operator to None, run_after=None
[2026-07-05T16:07:59.633+0000] {processor.py:183} INFO - Processing /home/airflow/.local/lib/python3.11/site-packages/airflow/example_dags/example_python_operator.py took 0.073 seconds
[2026-07-05T16:08:30.162+0000] {processor.py:161} INFO - Started process (PID=194) to work on /home/airflow/.local/lib/python3.11/site-packages/airflow/example_dags/example_python_operator.py
[2026-07-05T16:08:30.164+0000] {processor.py:830} INFO - Processing file /home/airflow/.local/lib/python3.11/site-packages/airflow/example_dags/example_python_operator.py for tasks to queue
[2026-07-05T16:08:30.167+0000] {logging_mixin.py:188} INFO - [2026-07-05T16:08:30.166+0000] {dagbag.py:545} INFO - Filling up the DagBag from /home/airflow/.local/lib/python3.11/site-packages/airflow/example_dags/example_python_operator.py
[2026-07-05T16:08:30.179+0000] {processor.py:840} INFO - DAG(s) 'example_python_operator' retrieved from /home/airflow/.local/lib/python3.11/site-packages/airflow/example_dags/example_python_operator.py
[2026-07-05T16:08:30.203+0000] {logging_mixin.py:188} INFO - [2026-07-05T16:08:30.203+0000] {dag.py:3096} INFO - Sync 1 DAGs
[2026-07-05T16:08:30.216+0000] {logging_mixin.py:188} INFO - [2026-07-05T16:08:30.216+0000] {dag.py:3954} INFO - Setting next_dagrun for example_python_operator to None, run_after=None
[2026-07-05T16:08:30.236+0000] {processor.py:183} INFO - Processing /home/airflow/.local/lib/python3.11/site-packages/airflow/example_dags/example_python_operator.py took 0.081 seconds
[2026-07-05T16:09:00.397+0000] {processor.py:161} INFO - Started process (PID=252) to work on /home/airflow/.local/lib/python3.11/site-packages/airflow/example_dags/example_python_operator.py
[2026-07-05T16:09:00.398+0000] {processor.py:830} INFO - Processing file /home/airflow/.local/lib/python3.11/site-packages/airflow/example_dags/example_python_operator.py for tasks to queue
[2026-07-05T16:09:00.401+0000] {logging_mixin.py:188} INFO - [2026-07-05T16:09:00.400+0000] {dagbag.py:545} INFO - Filling up the DagBag from /home/airflow/.local/lib/python3.11/site-packages/airflow/example_dags/example_python_operator.py
[2026-07-05T16:09:00.415+0000] {processor.py:840} INFO - DAG(s) 'example_python_operator' retrieved from /home/airflow/.local/lib/python3.11/site-packages/airflow/example_dags/example_python_operator.py
[2026-07-05T16:09:00.438+0000] {logging_mixin.py:188} INFO - [2026-07-05T16:09:00.438+0000] {dag.py:3096} INFO - Sync 1 DAGs
[2026-07-05T16:09:00.450+0000] {logging_mixin.py:188} INFO - [2026-07-05T16:09:00.450+0000] {dag.py:3954} INFO - Setting next_dagrun for example_python_operator to None, run_after=None
[2026-07-05T16:09:00.471+0000] {processor.py:183} INFO - Processing /home/airflow/.local/lib/python3.11/site-packages/airflow/example_dags/example_python_operator.py took 0.081 seconds
[2026-07-05T16:09:30.530+0000] {processor.py:161} INFO - Started process (PID=310) to work on /home/airflow/.local/lib/python3.11/site-packages/airflow/example_dags/example_python_operator.py
[2026-07-05T16:09:30.531+0000] {processor.py:830} INFO - Processing file /home/airflow/.local/lib/python3.11/site-packages/airflow/example_dags/example_python_operator.py for tasks to queue
[2026-07-05T16:09:30.533+0000] {logging_mixin.py:188} INFO - [2026-07-05T16:09:30.532+0000] {dagbag.py:545} INFO - Filling up the DagBag from /home/airflow/.local/lib/python3.11/site-packages/airflow/example_dags/example_python_operator.py
[2026-07-05T16:09:30.543+0000] {processor.py:840} INFO - DAG(s) 'example_python_operator' retrieved from /home/airflow/.local/lib/python3.11/site-packages/airflow/example_dags/example_python_operator.py
[2026-07-05T16:09:30.556+0000] {logging_mixin.py:188} INFO - [2026-07-05T16:09:30.556+0000] {dag.py:3096} INFO - Sync 1 DAGs
[2026-07-05T16:09:30.568+0000] {logging_mixin.py:188} INFO - [2026-07-05T16:09:30.568+0000] {dag.py:3954} INFO - Setting next_dagrun for example_python_operator to None, run_after=None
[2026-07-05T16:09:30.591+0000] {processor.py:183} INFO - Processing /home/airflow/.local/lib/python3.11/site-packages/airflow/example_dags/example_python_operator.py took 0.067 seconds
[2026-07-05T16:10:11.781+0000] {processor.py:161} INFO - Started process (PID=67) to work on /home/airflow/.local/lib/python3.11/site-packages/airflow/example_dags/example_python_operator.py
[2026-07-05T16:10:11.783+0000] {processor.py:830} INFO - Processing file /home/airflow/.local/lib/python3.11/site-packages/airflow/example_dags/example_python_operator.py for tasks to queue
[2026-07-05T16:10:11.786+0000] {logging_mixin.py:188} INFO - [2026-07-05T16:10:11.786+0000] {dagbag.py:545} INFO - Filling up the DagBag from /home/airflow/.local/lib/python3.11/site-packages/airflow/example_dags/example_python_operator.py
[2026-07-05T16:10:12.162+0000] {processor.py:840} INFO - DAG(s) 'example_python_operator' retrieved from /home/airflow/.local/lib/python3.11/site-packages/airflow/example_dags/example_python_operator.py
[2026-07-05T16:10:12.179+0000] {logging_mixin.py:188} INFO - [2026-07-05T16:10:12.177+0000] {dag.py:3096} INFO - Sync 1 DAGs
[2026-07-05T16:10:12.196+0000] {logging_mixin.py:188} INFO - [2026-07-05T16:10:12.196+0000] {dag.py:3954} INFO - Setting next_dagrun for example_python_operator to None, run_after=None
[2026-07-05T16:10:12.223+0000] {processor.py:183} INFO - Processing /home/airflow/.local/lib/python3.11/site-packages/airflow/example_dags/example_python_operator.py took 0.402 seconds
[2026-07-05T16:10:42.442+0000] {processor.py:161} INFO - Started process (PID=132) to work on /home/airflow/.local/lib/python3.11/site-packages/airflow/example_dags/example_python_operator.py
[2026-07-05T16:10:42.443+0000] {processor.py:830} INFO - Processing file /home/airflow/.local/lib/python3.11/site-packages/airflow/example_dags/example_python_operator.py for tasks to queue
[2026-07-05T16:10:42.446+0000] {logging_mixin.py:188} INFO - [2026-07-05T16:10:42.445+0000] {dagbag.py:545} INFO - Filling up the DagBag from /home/airflow/.local/lib/python3.11/site-packages/airflow/example_dags/example_python_operator.py
[2026-07-05T16:10:42.458+0000] {processor.py:840} INFO - DAG(s) 'example_python_operator' retrieved from /home/airflow/.local/lib/python3.11/site-packages/airflow/example_dags/example_python_operator.py
[2026-07-05T16:10:42.563+0000] {logging_mixin.py:188} INFO - [2026-07-05T16:10:42.563+0000] {dag.py:3096} INFO - Sync 1 DAGs
[2026-07-05T16:10:42.576+0000] {logging_mixin.py:188} INFO - [2026-07-05T16:10:42.575+0000] {dag.py:3954} INFO - Setting next_dagrun for example_python_operator to None, run_after=None
[2026-07-05T16:10:42.601+0000] {processor.py:183} INFO - Processing /home/airflow/.local/lib/python3.11/site-packages/airflow/example_dags/example_python_operator.py took 0.167 seconds
[2026-07-05T16:11:13.476+0000] {processor.py:161} INFO - Started process (PID=190) to work on /home/airflow/.local/lib/python3.11/site-packages/airflow/example_dags/example_python_operator.py
[2026-07-05T16:11:13.477+0000] {processor.py:830} INFO - Processing file /home/airflow/.local/lib/python3.11/site-packages/airflow/example_dags/example_python_operator.py for tasks to queue
[2026-07-05T16:11:13.479+0000] {logging_mixin.py:188} INFO - [2026-07-05T16:11:13.479+0000] {dagbag.py:545} INFO - Filling up the DagBag from /home/airflow/.local/lib/python3.11/site-packages/airflow/example_dags/example_python_operator.py
[2026-07-05T16:11:13.489+0000] {processor.py:840} INFO - DAG(s) 'example_python_operator' retrieved from /home/airflow/.local/lib/python3.11/site-packages/airflow/example_dags/example_python_operator.py
[2026-07-05T16:11:13.510+0000] {logging_mixin.py:188} INFO - [2026-07-05T16:11:13.509+0000] {dag.py:3096} INFO - Sync 1 DAGs
[2026-07-05T16:11:13.520+0000] {logging_mixin.py:188} INFO - [2026-07-05T16:11:13.520+0000] {dag.py:3954} INFO - Setting next_dagrun for example_python_operator to None, run_after=None
[2026-07-05T16:11:13.542+0000] {processor.py:183} INFO - Processing /home/airflow/.local/lib/python3.11/site-packages/airflow/example_dags/example_python_operator.py took 0.071 seconds
[2026-07-05T16:11:43.840+0000] {processor.py:161} INFO - Started process (PID=248) to work on /home/airflow/.local/lib/python3.11/site-packages/airflow/example_dags/example_python_operator.py
[2026-07-05T16:11:43.842+0000] {processor.py:830} INFO - Processing file /home/airflow/.local/lib/python3.11/site-packages/airflow/example_dags/example_python_operator.py for tasks to queue
[2026-07-05T16:11:43.850+0000] {logging_mixin.py:188} INFO - [2026-07-05T16:11:43.849+0000] {dagbag.py:545} INFO - Filling up the DagBag from /home/airflow/.local/lib/python3.11/site-packages/airflow/example_dags/example_python_operator.py
[2026-07-05T16:11:43.867+0000] {processor.py:840} INFO - DAG(s) 'example_python_operator' retrieved from /home/airflow/.local/lib/python3.11/site-packages/airflow/example_dags/example_python_operator.py
[2026-07-05T16:11:43.902+0000] {logging_mixin.py:188} INFO - [2026-07-05T16:11:43.902+0000] {dag.py:3096} INFO - Sync 1 DAGs
[2026-07-05T16:11:43.922+0000] {logging_mixin.py:188} INFO - [2026-07-05T16:11:43.922+0000] {dag.py:3954} INFO - Setting next_dagrun for example_python_operator to None, run_after=None
[2026-07-05T16:11:43.948+0000] {processor.py:183} INFO - Processing /home/airflow/.local/lib/python3.11/site-packages/airflow/example_dags/example_python_operator.py took 0.116 seconds
[2026-07-05T16:12:14.063+0000] {processor.py:161} INFO - Started process (PID=306) to work on /home/airflow/.local/lib/python3.11/site-packages/airflow/example_dags/example_python_operator.py
[2026-07-05T16:12:14.065+0000] {processor.py:830} INFO - Processing file /home/airflow/.local/lib/python3.11/site-packages/airflow/example_dags/example_python_operator.py for tasks to queue
[2026-07-05T16:12:14.069+0000] {logging_mixin.py:188} INFO - [2026-07-05T16:12:14.069+0000] {dagbag.py:545} INFO - Filling up the DagBag from /home/airflow/.local/lib/python3.11/site-packages/airflow/example_dags/example_python_operator.py
[2026-07-05T16:12:14.101+0000] {processor.py:840} INFO - DAG(s) 'example_python_operator' retrieved from /home/airflow/.local/lib/python3.11/site-packages/airflow/example_dags/example_python_operator.py
[2026-07-05T16:12:14.124+0000] {logging_mixin.py:188} INFO - [2026-07-05T16:12:14.124+0000] {dag.py:3096} INFO - Sync 1 DAGs
[2026-07-05T16:12:14.151+0000] {logging_mixin.py:188} INFO - [2026-07-05T16:12:14.151+0000] {dag.py:3954} INFO - Setting next_dagrun for example_python_operator to None, run_after=None
[2026-07-05T16:12:14.200+0000] {processor.py:183} INFO - Processing /home/airflow/.local/lib/python3.11/site-packages/airflow/example_dags/example_python_operator.py took 0.157 seconds
[2026-07-05T16:12:44.562+0000] {processor.py:161} INFO - Started process (PID=365) to work on /home/airflow/.local/lib/python3.11/site-packages/airflow/example_dags/example_python_operator.py
[2026-07-05T16:12:44.563+0000] {processor.py:830} INFO - Processing file /home/airflow/.local/lib/python3.11/site-packages/airflow/example_dags/example_python_operator.py for tasks to queue
[2026-07-05T16:12:44.566+0000] {logging_mixin.py:188} INFO - [2026-07-05T16:12:44.566+0000] {dagbag.py:545} INFO - Filling up the DagBag from /home/airflow/.local/lib/python3.11/site-packages/airflow/example_dags/example_python_operator.py
[2026-07-05T16:12:44.584+0000] {processor.py:840} INFO - DAG(s) 'example_python_operator' retrieved from /home/airflow/.local/lib/python3.11/site-packages/airflow/example_dags/example_python_operator.py
[2026-07-05T16:12:44.712+0000] {logging_mixin.py:188} INFO - [2026-07-05T16:12:44.712+0000] {dag.py:3096} INFO - Sync 1 DAGs
[2026-07-05T16:12:44.728+0000] {logging_mixin.py:188} INFO - [2026-07-05T16:12:44.728+0000] {dag.py:3954} INFO - Setting next_dagrun for example_python_operator to None, run_after=None
[2026-07-05T16:12:44.753+0000] {processor.py:183} INFO - Processing /home/airflow/.local/lib/python3.11/site-packages/airflow/example_dags/example_python_operator.py took 0.200 seconds
[2026-07-05T16:13:15.636+0000] {processor.py:161} INFO - Started process (PID=423) to work on /home/airflow/.local/lib/python3.11/site-packages/airflow/example_dags/example_python_operator.py
[2026-07-05T16:13:15.638+0000] {processor.py:830} INFO - Processing file /home/airflow/.local/lib/python3.11/site-packages/airflow/example_dags/example_python_operator.py for tasks to queue
[2026-07-05T16:13:15.641+0000] {logging_mixin.py:188} INFO - [2026-07-05T16:13:15.640+0000] {dagbag.py:545} INFO - Filling up the DagBag from /home/airflow/.local/lib/python3.11/site-packages/airflow/example_dags/example_python_operator.py
[2026-07-05T16:13:15.654+0000] {processor.py:840} INFO - DAG(s) 'example_python_operator' retrieved from /home/airflow/.local/lib/python3.11/site-packages/airflow/example_dags/example_python_operator.py
[2026-07-05T16:13:15.680+0000] {logging_mixin.py:188} INFO - [2026-07-05T16:13:15.680+0000] {dag.py:3096} INFO - Sync 1 DAGs
[2026-07-05T16:13:15.695+0000] {logging_mixin.py:188} INFO - [2026-07-05T16:13:15.695+0000] {dag.py:3954} INFO - Setting next_dagrun for example_python_operator to None, run_after=None
[2026-07-05T16:13:15.716+0000] {processor.py:183} INFO - Processing /home/airflow/.local/lib/python3.11/site-packages/airflow/example_dags/example_python_operator.py took 0.088 seconds
[2026-07-05T16:13:46.207+0000] {processor.py:161} INFO - Started process (PID=481) to work on /home/airflow/.local/lib/python3.11/site-packages/airflow/example_dags/example_python_operator.py
[2026-07-05T16:13:46.208+0000] {processor.py:830} INFO - Processing file /home/airflow/.local/lib/python3.11/site-packages/airflow/example_dags/example_python_operator.py for tasks to queue
[2026-07-05T16:13:46.211+0000] {logging_mixin.py:188} INFO - [2026-07-05T16:13:46.210+0000] {dagbag.py:545} INFO - Filling up the DagBag from /home/airflow/.local/lib/python3.11/site-packages/airflow/example_dags/example_python_operator.py
[2026-07-05T16:13:46.223+0000] {processor.py:840} INFO - DAG(s) 'example_python_operator' retrieved from /home/airflow/.local/lib/python3.11/site-packages/airflow/example_dags/example_python_operator.py
[2026-07-05T16:13:46.246+0000] {logging_mixin.py:188} INFO - [2026-07-05T16:13:46.245+0000] {dag.py:3096} INFO - Sync 1 DAGs
[2026-07-05T16:13:46.257+0000] {logging_mixin.py:188} INFO - [2026-07-05T16:13:46.256+0000] {dag.py:3954} INFO - Setting next_dagrun for example_python_operator to None, run_after=None
[2026-07-05T16:13:46.277+0000] {processor.py:183} INFO - Processing /home/airflow/.local/lib/python3.11/site-packages/airflow/example_dags/example_python_operator.py took 0.076 seconds
[2026-07-05T16:14:16.414+0000] {processor.py:161} INFO - Started process (PID=539) to work on /home/airflow/.local/lib/python3.11/site-packages/airflow/example_dags/example_python_operator.py
[2026-07-05T16:14:16.416+0000] {processor.py:830} INFO - Processing file /home/airflow/.local/lib/python3.11/site-packages/airflow/example_dags/example_python_operator.py for tasks to queue
[2026-07-05T16:14:16.418+0000] {logging_mixin.py:188} INFO - [2026-07-05T16:14:16.418+0000] {dagbag.py:545} INFO - Filling up the DagBag from /home/airflow/.local/lib/python3.11/site-packages/airflow/example_dags/example_python_operator.py
[2026-07-05T16:14:16.428+0000] {processor.py:840} INFO - DAG(s) 'example_python_operator' retrieved from /home/airflow/.local/lib/python3.11/site-packages/airflow/example_dags/example_python_operator.py
[2026-07-05T16:14:16.454+0000] {logging_mixin.py:188} INFO - [2026-07-05T16:14:16.454+0000] {dag.py:3096} INFO - Sync 1 DAGs
[2026-07-05T16:14:16.466+0000] {logging_mixin.py:188} INFO - [2026-07-05T16:14:16.466+0000] {dag.py:3954} INFO - Setting next_dagrun for example_python_operator to None, run_after=None
[2026-07-05T16:14:16.488+0000] {processor.py:183} INFO - Processing /home/airflow/.local/lib/python3.11/site-packages/airflow/example_dags/example_python_operator.py took 0.080 seconds
[2026-07-05T16:14:46.644+0000] {processor.py:161} INFO - Started process (PID=597) to work on /home/airflow/.local/lib/python3.11/site-packages/airflow/example_dags/example_python_operator.py
[2026-07-05T16:14:46.645+0000] {processor.py:830} INFO - Processing file /home/airflow/.local/lib/python3.11/site-packages/airflow/example_dags/example_python_operator.py for tasks to queue
[2026-07-05T16:14:46.648+0000] {logging_mixin.py:188} INFO - [2026-07-05T16:14:46.647+0000] {dagbag.py:545} INFO - Filling up the DagBag from /home/airflow/.local/lib/python3.11/site-packages/airflow/example_dags/example_python_operator.py
[2026-07-05T16:14:46.657+0000] {processor.py:840} INFO - DAG(s) 'example_python_operator' retrieved from /home/airflow/.local/lib/python3.11/site-packages/airflow/example_dags/example_python_operator.py
[2026-07-05T16:14:46.678+0000] {logging_mixin.py:188} INFO - [2026-07-05T16:14:46.678+0000] {dag.py:3096} INFO - Sync 1 DAGs
[2026-07-05T16:14:46.688+0000] {logging_mixin.py:188} INFO - [2026-07-05T16:14:46.688+0000] {dag.py:3954} INFO - Setting next_dagrun for example_python_operator to None, run_after=None
[2026-07-05T16:14:46.707+0000] {processor.py:183} INFO - Processing /home/airflow/.local/lib/python3.11/site-packages/airflow/example_dags/example_python_operator.py took 0.069 seconds
[2026-07-05T16:15:16.810+0000] {processor.py:161} INFO - Started process (PID=655) to work on /home/airflow/.local/lib/python3.11/site-packages/airflow/example_dags/example_python_operator.py
[2026-07-05T16:15:16.811+0000] {processor.py:830} INFO - Processing file /home/airflow/.local/lib/python3.11/site-packages/airflow/example_dags/example_python_operator.py for tasks to queue
[2026-07-05T16:15:16.813+0000] {logging_mixin.py:188} INFO - [2026-07-05T16:15:16.813+0000] {dagbag.py:545} INFO - Filling up the DagBag from /home/airflow/.local/lib/python3.11/site-packages/airflow/example_dags/example_python_operator.py
[2026-07-05T16:15:16.823+0000] {processor.py:840} INFO - DAG(s) 'example_python_operator' retrieved from /home/airflow/.local/lib/python3.11/site-packages/airflow/example_dags/example_python_operator.py
[2026-07-05T16:15:16.844+0000] {logging_mixin.py:188} INFO - [2026-07-05T16:15:16.844+0000] {dag.py:3096} INFO - Sync 1 DAGs
[2026-07-05T16:15:16.854+0000] {logging_mixin.py:188} INFO - [2026-07-05T16:15:16.854+0000] {dag.py:3954} INFO - Setting next_dagrun for example_python_operator to None, run_after=None
[2026-07-05T16:15:16.873+0000] {processor.py:183} INFO - Processing /home/airflow/.local/lib/python3.11/site-packages/airflow/example_dags/example_python_operator.py took 0.069 seconds
[2026-07-05T16:15:46.977+0000] {processor.py:161} INFO - Started process (PID=713) to work on /home/airflow/.local/lib/python3.11/site-packages/airflow/example_dags/example_python_operator.py
[2026-07-05T16:15:46.978+0000] {processor.py:830} INFO - Processing file /home/airflow/.local/lib/python3.11/site-packages/airflow/example_dags/example_python_operator.py for tasks to queue
[2026-07-05T16:15:46.980+0000] {logging_mixin.py:188} INFO - [2026-07-05T16:15:46.980+0000] {dagbag.py:545} INFO - Filling up the DagBag from /home/airflow/.local/lib/python3.11/site-packages/airflow/example_dags/example_python_operator.py
[2026-07-05T16:15:46.989+0000] {processor.py:840} INFO - DAG(s) 'example_python_operator' retrieved from /home/airflow/.local/lib/python3.11/site-packages/airflow/example_dags/example_python_operator.py
[2026-07-05T16:15:47.011+0000] {logging_mixin.py:188} INFO - [2026-07-05T16:15:47.010+0000] {dag.py:3096} INFO - Sync 1 DAGs
[2026-07-05T16:15:47.021+0000] {logging_mixin.py:188} INFO - [2026-07-05T16:15:47.021+0000] {dag.py:3954} INFO - Setting next_dagrun for example_python_operator to None, run_after=None
[2026-07-05T16:15:47.040+0000] {processor.py:183} INFO - Processing /home/airflow/.local/lib/python3.11/site-packages/airflow/example_dags/example_python_operator.py took 0.069 seconds
[2026-07-05T16:16:17.175+0000] {processor.py:161} INFO - Started process (PID=771) to work on /home/airflow/.local/lib/python3.11/site-packages/airflow/example_dags/example_python_operator.py
[2026-07-05T16:16:17.176+0000] {processor.py:830} INFO - Processing file /home/airflow/.local/lib/python3.11/site-packages/airflow/example_dags/example_python_operator.py for tasks to queue
[2026-07-05T16:16:17.179+0000] {logging_mixin.py:188} INFO - [2026-07-05T16:16:17.178+0000] {dagbag.py:545} INFO - Filling up the DagBag from /home/airflow/.local/lib/python3.11/site-packages/airflow/example_dags/example_python_operator.py
[2026-07-05T16:16:17.189+0000] {processor.py:840} INFO - DAG(s) 'example_python_operator' retrieved from /home/airflow/.local/lib/python3.11/site-packages/airflow/example_dags/example_python_operator.py
[2026-07-05T16:16:17.209+0000] {logging_mixin.py:188} INFO - [2026-07-05T16:16:17.208+0000] {dag.py:3096} INFO - Sync 1 DAGs
[2026-07-05T16:16:17.219+0000] {logging_mixin.py:188} INFO - [2026-07-05T16:16:17.219+0000] {dag.py:3954} INFO - Setting next_dagrun for example_python_operator to None, run_after=None
[2026-07-05T16:16:17.238+0000] {processor.py:183} INFO - Processing /home/airflow/.local/lib/python3.11/site-packages/airflow/example_dags/example_python_operator.py took 0.069 seconds
[2026-07-05T16:16:47.525+0000] {processor.py:161} INFO - Started process (PID=829) to work on /home/airflow/.local/lib/python3.11/site-packages/airflow/example_dags/example_python_operator.py
[2026-07-05T16:16:47.526+0000] {processor.py:830} INFO - Processing file /home/airflow/.local/lib/python3.11/site-packages/airflow/example_dags/example_python_operator.py for tasks to queue
[2026-07-05T16:16:47.528+0000] {logging_mixin.py:188} INFO - [2026-07-05T16:16:47.527+0000] {dagbag.py:545} INFO - Filling up the DagBag from /home/airflow/.local/lib/python3.11/site-packages/airflow/example_dags/example_python_operator.py
[2026-07-05T16:16:47.540+0000] {processor.py:840} INFO - DAG(s) 'example_python_operator' retrieved from /home/airflow/.local/lib/python3.11/site-packages/airflow/example_dags/example_python_operator.py
[2026-07-05T16:16:47.564+0000] {logging_mixin.py:188} INFO - [2026-07-05T16:16:47.564+0000] {dag.py:3096} INFO - Sync 1 DAGs
[2026-07-05T16:16:47.576+0000] {logging_mixin.py:188} INFO - [2026-07-05T16:16:47.575+0000] {dag.py:3954} INFO - Setting next_dagrun for example_python_operator to None, run_after=None
[2026-07-05T16:16:47.595+0000] {processor.py:183} INFO - Processing /home/airflow/.local/lib/python3.11/site-packages/airflow/example_dags/example_python_operator.py took 0.076 seconds
[2026-07-05T16:17:17.833+0000] {processor.py:161} INFO - Started process (PID=887) to work on /home/airflow/.local/lib/python3.11/site-packages/airflow/example_dags/example_python_operator.py
[2026-07-05T16:17:17.834+0000] {processor.py:830} INFO - Processing file /home/airflow/.local/lib/python3.11/site-packages/airflow/example_dags/example_python_operator.py for tasks to queue
[2026-07-05T16:17:17.836+0000] {logging_mixin.py:188} INFO - [2026-07-05T16:17:17.836+0000] {dagbag.py:545} INFO - Filling up the DagBag from /home/airflow/.local/lib/python3.11/site-packages/airflow/example_dags/example_python_operator.py
[2026-07-05T16:17:17.846+0000] {processor.py:840} INFO - DAG(s) 'example_python_operator' retrieved from /home/airflow/.local/lib/python3.11/site-packages/airflow/example_dags/example_python_operator.py
[2026-07-05T16:17:17.874+0000] {logging_mixin.py:188} INFO - [2026-07-05T16:17:17.874+0000] {dag.py:3096} INFO - Sync 1 DAGs
[2026-07-05T16:17:17.887+0000] {logging_mixin.py:188} INFO - [2026-07-05T16:17:17.887+0000] {dag.py:3954} INFO - Setting next_dagrun for example_python_operator to None, run_after=None
[2026-07-05T16:17:17.915+0000] {processor.py:183} INFO - Processing /home/airflow/.local/lib/python3.11/site-packages/airflow/example_dags/example_python_operator.py took 0.089 seconds
[2026-07-05T16:17:48.051+0000] {processor.py:161} INFO - Started process (PID=945) to work on /home/airflow/.local/lib/python3.11/site-packages/airflow/example_dags/example_python_operator.py
[2026-07-05T16:17:48.052+0000] {processor.py:830} INFO - Processing file /home/airflow/.local/lib/python3.11/site-packages/airflow/example_dags/example_python_operator.py for tasks to queue
[2026-07-05T16:17:48.054+0000] {logging_mixin.py:188} INFO - [2026-07-05T16:17:48.054+0000] {dagbag.py:545} INFO - Filling up the DagBag from /home/airflow/.local/lib/python3.11/site-packages/airflow/example_dags/example_python_operator.py
[2026-07-05T16:17:48.064+0000] {processor.py:840} INFO - DAG(s) 'example_python_operator' retrieved from /home/airflow/.local/lib/python3.11/site-packages/airflow/example_dags/example_python_operator.py
[2026-07-05T16:17:48.086+0000] {logging_mixin.py:188} INFO - [2026-07-05T16:17:48.086+0000] {dag.py:3096} INFO - Sync 1 DAGs
[2026-07-05T16:17:48.098+0000] {logging_mixin.py:188} INFO - [2026-07-05T16:17:48.098+0000] {dag.py:3954} INFO - Setting next_dagrun for example_python_operator to None, run_after=None
[2026-07-05T16:17:48.117+0000] {processor.py:183} INFO - Processing /home/airflow/.local/lib/python3.11/site-packages/airflow/example_dags/example_python_operator.py took 0.072 seconds
[2026-07-05T16:18:18.884+0000] {processor.py:161} INFO - Started process (PID=1003) to work on /home/airflow/.local/lib/python3.11/site-packages/airflow/example_dags/example_python_operator.py
[2026-07-05T16:18:18.885+0000] {processor.py:830} INFO - Processing file /home/airflow/.local/lib/python3.11/site-packages/airflow/example_dags/example_python_operator.py for tasks to queue
[2026-07-05T16:18:18.887+0000] {logging_mixin.py:188} INFO - [2026-07-05T16:18:18.887+0000] {dagbag.py:545} INFO - Filling up the DagBag from /home/airflow/.local/lib/python3.11/site-packages/airflow/example_dags/example_python_operator.py
[2026-07-05T16:18:18.898+0000] {processor.py:840} INFO - DAG(s) 'example_python_operator' retrieved from /home/airflow/.local/lib/python3.11/site-packages/airflow/example_dags/example_python_operator.py
[2026-07-05T16:18:18.921+0000] {logging_mixin.py:188} INFO - [2026-07-05T16:18:18.920+0000] {dag.py:3096} INFO - Sync 1 DAGs
[2026-07-05T16:18:18.934+0000] {logging_mixin.py:188} INFO - [2026-07-05T16:18:18.934+0000] {dag.py:3954} INFO - Setting next_dagrun for example_python_operator to None, run_after=None
[2026-07-05T16:18:18.958+0000] {processor.py:183} INFO - Processing /home/airflow/.local/lib/python3.11/site-packages/airflow/example_dags/example_python_operator.py took 0.082 seconds
[2026-07-05T16:18:49.143+0000] {processor.py:161} INFO - Started process (PID=1061) to work on /home/airflow/.local/lib/python3.11/site-packages/airflow/example_dags/example_python_operator.py
[2026-07-05T16:18:49.144+0000] {processor.py:830} INFO - Processing file /home/airflow/.local/lib/python3.11/site-packages/airflow/example_dags/example_python_operator.py for tasks to queue
[2026-07-05T16:18:49.146+0000] {logging_mixin.py:188} INFO - [2026-07-05T16:18:49.146+0000] {dagbag.py:545} INFO - Filling up the DagBag from /home/airflow/.local/lib/python3.11/site-packages/airflow/example_dags/example_python_operator.py
[2026-07-05T16:18:49.156+0000] {processor.py:840} INFO - DAG(s) 'example_python_operator' retrieved from /home/airflow/.local/lib/python3.11/site-packages/airflow/example_dags/example_python_operator.py
[2026-07-05T16:18:49.177+0000] {logging_mixin.py:188} INFO - [2026-07-05T16:18:49.176+0000] {dag.py:3096} INFO - Sync 1 DAGs
[2026-07-05T16:18:49.187+0000] {logging_mixin.py:188} INFO - [2026-07-05T16:18:49.187+0000] {dag.py:3954} INFO - Setting next_dagrun for example_python_operator to None, run_after=None
[2026-07-05T16:18:49.207+0000] {processor.py:183} INFO - Processing /home/airflow/.local/lib/python3.11/site-packages/airflow/example_dags/example_python_operator.py took 0.069 seconds
