[2026-07-05T16:07:40.031+0000] {processor.py:161} INFO - Started process (PID=105) to work on /home/airflow/.local/lib/python3.11/site-packages/airflow/example_dags/example_task_group.py
[2026-07-05T16:07:40.033+0000] {processor.py:830} INFO - Processing file /home/airflow/.local/lib/python3.11/site-packages/airflow/example_dags/example_task_group.py for tasks to queue
[2026-07-05T16:07:40.036+0000] {logging_mixin.py:188} INFO - [2026-07-05T16:07:40.035+0000] {dagbag.py:545} INFO - Filling up the DagBag from /home/airflow/.local/lib/python3.11/site-packages/airflow/example_dags/example_task_group.py
[2026-07-05T16:07:40.047+0000] {processor.py:840} INFO - DAG(s) 'example_task_group' retrieved from /home/airflow/.local/lib/python3.11/site-packages/airflow/example_dags/example_task_group.py
[2026-07-05T16:07:40.185+0000] {logging_mixin.py:188} INFO - [2026-07-05T16:07:40.185+0000] {override.py:1829} INFO - Created Permission View: can delete on DAG:example_task_group
[2026-07-05T16:07:40.199+0000] {logging_mixin.py:188} INFO - [2026-07-05T16:07:40.198+0000] {override.py:1829} INFO - Created Permission View: can read on DAG:example_task_group
[2026-07-05T16:07:40.209+0000] {logging_mixin.py:188} INFO - [2026-07-05T16:07:40.208+0000] {override.py:1829} INFO - Created Permission View: can edit on DAG:example_task_group
[2026-07-05T16:07:40.214+0000] {logging_mixin.py:188} INFO - [2026-07-05T16:07:40.214+0000] {dag.py:3096} INFO - Sync 1 DAGs
[2026-07-05T16:07:40.229+0000] {logging_mixin.py:188} INFO - [2026-07-05T16:07:40.229+0000] {dag.py:3118} INFO - Creating ORM DAG for example_task_group
[2026-07-05T16:07:40.252+0000] {logging_mixin.py:188} INFO - [2026-07-05T16:07:40.252+0000] {dag.py:3954} INFO - Setting next_dagrun for example_task_group to 2026-07-04 00:00:00+00:00, run_after=2026-07-05 00:00:00+00:00
[2026-07-05T16:07:40.277+0000] {processor.py:183} INFO - Processing /home/airflow/.local/lib/python3.11/site-packages/airflow/example_dags/example_task_group.py took 0.253 seconds
[2026-07-05T16:08:11.079+0000] {processor.py:161} INFO - Started process (PID=163) to work on /home/airflow/.local/lib/python3.11/site-packages/airflow/example_dags/example_task_group.py
[2026-07-05T16:08:11.083+0000] {processor.py:830} INFO - Processing file /home/airflow/.local/lib/python3.11/site-packages/airflow/example_dags/example_task_group.py for tasks to queue
[2026-07-05T16:08:11.089+0000] {logging_mixin.py:188} INFO - [2026-07-05T16:08:11.088+0000] {dagbag.py:545} INFO - Filling up the DagBag from /home/airflow/.local/lib/python3.11/site-packages/airflow/example_dags/example_task_group.py
[2026-07-05T16:08:11.108+0000] {processor.py:840} INFO - DAG(s) 'example_task_group' retrieved from /home/airflow/.local/lib/python3.11/site-packages/airflow/example_dags/example_task_group.py
[2026-07-05T16:08:11.147+0000] {logging_mixin.py:188} INFO - [2026-07-05T16:08:11.147+0000] {dag.py:3096} INFO - Sync 1 DAGs
[2026-07-05T16:08:11.184+0000] {logging_mixin.py:188} INFO - [2026-07-05T16:08:11.184+0000] {dag.py:3954} INFO - Setting next_dagrun for example_task_group to 2026-07-04 00:00:00+00:00, run_after=2026-07-05 00:00:00+00:00
[2026-07-05T16:08:11.204+0000] {processor.py:183} INFO - Processing /home/airflow/.local/lib/python3.11/site-packages/airflow/example_dags/example_task_group.py took 0.140 seconds
[2026-07-05T16:08:41.759+0000] {processor.py:161} INFO - Started process (PID=221) to work on /home/airflow/.local/lib/python3.11/site-packages/airflow/example_dags/example_task_group.py
[2026-07-05T16:08:41.760+0000] {processor.py:830} INFO - Processing file /home/airflow/.local/lib/python3.11/site-packages/airflow/example_dags/example_task_group.py for tasks to queue
[2026-07-05T16:08:41.763+0000] {logging_mixin.py:188} INFO - [2026-07-05T16:08:41.762+0000] {dagbag.py:545} INFO - Filling up the DagBag from /home/airflow/.local/lib/python3.11/site-packages/airflow/example_dags/example_task_group.py
[2026-07-05T16:08:41.772+0000] {processor.py:840} INFO - DAG(s) 'example_task_group' retrieved from /home/airflow/.local/lib/python3.11/site-packages/airflow/example_dags/example_task_group.py
[2026-07-05T16:08:41.800+0000] {logging_mixin.py:188} INFO - [2026-07-05T16:08:41.800+0000] {dag.py:3096} INFO - Sync 1 DAGs
[2026-07-05T16:08:41.822+0000] {logging_mixin.py:188} INFO - [2026-07-05T16:08:41.822+0000] {dag.py:3954} INFO - Setting next_dagrun for example_task_group to 2026-07-04 00:00:00+00:00, run_after=2026-07-05 00:00:00+00:00
[2026-07-05T16:08:41.870+0000] {processor.py:183} INFO - Processing /home/airflow/.local/lib/python3.11/site-packages/airflow/example_dags/example_task_group.py took 0.096 seconds
[2026-07-05T16:09:12.097+0000] {processor.py:161} INFO - Started process (PID=279) to work on /home/airflow/.local/lib/python3.11/site-packages/airflow/example_dags/example_task_group.py
[2026-07-05T16:09:12.099+0000] {processor.py:830} INFO - Processing file /home/airflow/.local/lib/python3.11/site-packages/airflow/example_dags/example_task_group.py for tasks to queue
[2026-07-05T16:09:12.104+0000] {logging_mixin.py:188} INFO - [2026-07-05T16:09:12.102+0000] {dagbag.py:545} INFO - Filling up the DagBag from /home/airflow/.local/lib/python3.11/site-packages/airflow/example_dags/example_task_group.py
[2026-07-05T16:09:12.114+0000] {processor.py:840} INFO - DAG(s) 'example_task_group' retrieved from /home/airflow/.local/lib/python3.11/site-packages/airflow/example_dags/example_task_group.py
[2026-07-05T16:09:12.132+0000] {logging_mixin.py:188} INFO - [2026-07-05T16:09:12.132+0000] {dag.py:3096} INFO - Sync 1 DAGs
[2026-07-05T16:09:12.165+0000] {logging_mixin.py:188} INFO - [2026-07-05T16:09:12.164+0000] {dag.py:3954} INFO - Setting next_dagrun for example_task_group to 2026-07-04 00:00:00+00:00, run_after=2026-07-05 00:00:00+00:00
[2026-07-05T16:09:12.194+0000] {processor.py:183} INFO - Processing /home/airflow/.local/lib/python3.11/site-packages/airflow/example_dags/example_task_group.py took 0.105 seconds
[2026-07-05T16:09:42.855+0000] {processor.py:161} INFO - Started process (PID=337) to work on /home/airflow/.local/lib/python3.11/site-packages/airflow/example_dags/example_task_group.py
[2026-07-05T16:09:42.856+0000] {processor.py:830} INFO - Processing file /home/airflow/.local/lib/python3.11/site-packages/airflow/example_dags/example_task_group.py for tasks to queue
[2026-07-05T16:09:42.858+0000] {logging_mixin.py:188} INFO - [2026-07-05T16:09:42.858+0000] {dagbag.py:545} INFO - Filling up the DagBag from /home/airflow/.local/lib/python3.11/site-packages/airflow/example_dags/example_task_group.py
[2026-07-05T16:09:42.867+0000] {processor.py:840} INFO - DAG(s) 'example_task_group' retrieved from /home/airflow/.local/lib/python3.11/site-packages/airflow/example_dags/example_task_group.py
[2026-07-05T16:09:42.950+0000] {logging_mixin.py:188} INFO - [2026-07-05T16:09:42.949+0000] {dag.py:3096} INFO - Sync 1 DAGs
[2026-07-05T16:09:42.966+0000] {logging_mixin.py:188} INFO - [2026-07-05T16:09:42.966+0000] {dag.py:3954} INFO - Setting next_dagrun for example_task_group to 2026-07-04 00:00:00+00:00, run_after=2026-07-05 00:00:00+00:00
[2026-07-05T16:09:42.985+0000] {processor.py:183} INFO - Processing /home/airflow/.local/lib/python3.11/site-packages/airflow/example_dags/example_task_group.py took 0.136 seconds
[2026-07-05T16:10:16.508+0000] {processor.py:161} INFO - Started process (PID=100) to work on /home/airflow/.local/lib/python3.11/site-packages/airflow/example_dags/example_task_group.py
[2026-07-05T16:10:16.510+0000] {processor.py:830} INFO - Processing file /home/airflow/.local/lib/python3.11/site-packages/airflow/example_dags/example_task_group.py for tasks to queue
[2026-07-05T16:10:16.513+0000] {logging_mixin.py:188} INFO - [2026-07-05T16:10:16.513+0000] {dagbag.py:545} INFO - Filling up the DagBag from /home/airflow/.local/lib/python3.11/site-packages/airflow/example_dags/example_task_group.py
[2026-07-05T16:10:16.524+0000] {processor.py:840} INFO - DAG(s) 'example_task_group' retrieved from /home/airflow/.local/lib/python3.11/site-packages/airflow/example_dags/example_task_group.py
[2026-07-05T16:10:16.539+0000] {logging_mixin.py:188} INFO - [2026-07-05T16:10:16.538+0000] {dag.py:3096} INFO - Sync 1 DAGs
[2026-07-05T16:10:16.561+0000] {logging_mixin.py:188} INFO - [2026-07-05T16:10:16.561+0000] {dag.py:3954} INFO - Setting next_dagrun for example_task_group to 2026-07-04 00:00:00+00:00, run_after=2026-07-05 00:00:00+00:00
[2026-07-05T16:10:16.585+0000] {processor.py:183} INFO - Processing /home/airflow/.local/lib/python3.11/site-packages/airflow/example_dags/example_task_group.py took 0.083 seconds
[2026-07-05T16:10:47.732+0000] {processor.py:161} INFO - Started process (PID=159) to work on /home/airflow/.local/lib/python3.11/site-packages/airflow/example_dags/example_task_group.py
[2026-07-05T16:10:47.734+0000] {processor.py:830} INFO - Processing file /home/airflow/.local/lib/python3.11/site-packages/airflow/example_dags/example_task_group.py for tasks to queue
[2026-07-05T16:10:47.740+0000] {logging_mixin.py:188} INFO - [2026-07-05T16:10:47.739+0000] {dagbag.py:545} INFO - Filling up the DagBag from /home/airflow/.local/lib/python3.11/site-packages/airflow/example_dags/example_task_group.py
[2026-07-05T16:10:47.755+0000] {processor.py:840} INFO - DAG(s) 'example_task_group' retrieved from /home/airflow/.local/lib/python3.11/site-packages/airflow/example_dags/example_task_group.py
[2026-07-05T16:10:47.935+0000] {logging_mixin.py:188} INFO - [2026-07-05T16:10:47.934+0000] {dag.py:3096} INFO - Sync 1 DAGs
[2026-07-05T16:10:47.965+0000] {logging_mixin.py:188} INFO - [2026-07-05T16:10:47.964+0000] {dag.py:3954} INFO - Setting next_dagrun for example_task_group to 2026-07-04 00:00:00+00:00, run_after=2026-07-05 00:00:00+00:00
[2026-07-05T16:10:47.995+0000] {processor.py:183} INFO - Processing /home/airflow/.local/lib/python3.11/site-packages/airflow/example_dags/example_task_group.py took 0.274 seconds
[2026-07-05T16:11:18.171+0000] {processor.py:161} INFO - Started process (PID=217) to work on /home/airflow/.local/lib/python3.11/site-packages/airflow/example_dags/example_task_group.py
[2026-07-05T16:11:18.173+0000] {processor.py:830} INFO - Processing file /home/airflow/.local/lib/python3.11/site-packages/airflow/example_dags/example_task_group.py for tasks to queue
[2026-07-05T16:11:18.175+0000] {logging_mixin.py:188} INFO - [2026-07-05T16:11:18.175+0000] {dagbag.py:545} INFO - Filling up the DagBag from /home/airflow/.local/lib/python3.11/site-packages/airflow/example_dags/example_task_group.py
[2026-07-05T16:11:18.185+0000] {processor.py:840} INFO - DAG(s) 'example_task_group' retrieved from /home/airflow/.local/lib/python3.11/site-packages/airflow/example_dags/example_task_group.py
[2026-07-05T16:11:18.208+0000] {logging_mixin.py:188} INFO - [2026-07-05T16:11:18.208+0000] {dag.py:3096} INFO - Sync 1 DAGs
[2026-07-05T16:11:18.234+0000] {logging_mixin.py:188} INFO - [2026-07-05T16:11:18.233+0000] {dag.py:3954} INFO - Setting next_dagrun for example_task_group to 2026-07-04 00:00:00+00:00, run_after=2026-07-05 00:00:00+00:00
[2026-07-05T16:11:18.256+0000] {processor.py:183} INFO - Processing /home/airflow/.local/lib/python3.11/site-packages/airflow/example_dags/example_task_group.py took 0.093 seconds
[2026-07-05T16:11:48.956+0000] {processor.py:161} INFO - Started process (PID=275) to work on /home/airflow/.local/lib/python3.11/site-packages/airflow/example_dags/example_task_group.py
[2026-07-05T16:11:48.958+0000] {processor.py:830} INFO - Processing file /home/airflow/.local/lib/python3.11/site-packages/airflow/example_dags/example_task_group.py for tasks to queue
[2026-07-05T16:11:48.961+0000] {logging_mixin.py:188} INFO - [2026-07-05T16:11:48.961+0000] {dagbag.py:545} INFO - Filling up the DagBag from /home/airflow/.local/lib/python3.11/site-packages/airflow/example_dags/example_task_group.py
[2026-07-05T16:11:48.972+0000] {processor.py:840} INFO - DAG(s) 'example_task_group' retrieved from /home/airflow/.local/lib/python3.11/site-packages/airflow/example_dags/example_task_group.py
[2026-07-05T16:11:48.989+0000] {logging_mixin.py:188} INFO - [2026-07-05T16:11:48.989+0000] {dag.py:3096} INFO - Sync 1 DAGs
[2026-07-05T16:11:49.014+0000] {logging_mixin.py:188} INFO - [2026-07-05T16:11:49.014+0000] {dag.py:3954} INFO - Setting next_dagrun for example_task_group to 2026-07-04 00:00:00+00:00, run_after=2026-07-05 00:00:00+00:00
[2026-07-05T16:11:49.039+0000] {processor.py:183} INFO - Processing /home/airflow/.local/lib/python3.11/site-packages/airflow/example_dags/example_task_group.py took 0.092 seconds
[2026-07-05T16:12:20.672+0000] {processor.py:161} INFO - Started process (PID=333) to work on /home/airflow/.local/lib/python3.11/site-packages/airflow/example_dags/example_task_group.py
[2026-07-05T16:12:20.674+0000] {processor.py:830} INFO - Processing file /home/airflow/.local/lib/python3.11/site-packages/airflow/example_dags/example_task_group.py for tasks to queue
[2026-07-05T16:12:20.678+0000] {logging_mixin.py:188} INFO - [2026-07-05T16:12:20.678+0000] {dagbag.py:545} INFO - Filling up the DagBag from /home/airflow/.local/lib/python3.11/site-packages/airflow/example_dags/example_task_group.py
[2026-07-05T16:12:20.691+0000] {processor.py:840} INFO - DAG(s) 'example_task_group' retrieved from /home/airflow/.local/lib/python3.11/site-packages/airflow/example_dags/example_task_group.py
[2026-07-05T16:12:20.862+0000] {logging_mixin.py:188} INFO - [2026-07-05T16:12:20.862+0000] {dag.py:3096} INFO - Sync 1 DAGs
[2026-07-05T16:12:20.900+0000] {logging_mixin.py:188} INFO - [2026-07-05T16:12:20.899+0000] {dag.py:3954} INFO - Setting next_dagrun for example_task_group to 2026-07-04 00:00:00+00:00, run_after=2026-07-05 00:00:00+00:00
[2026-07-05T16:12:20.941+0000] {processor.py:183} INFO - Processing /home/airflow/.local/lib/python3.11/site-packages/airflow/example_dags/example_task_group.py took 0.281 seconds
[2026-07-05T16:12:51.772+0000] {processor.py:161} INFO - Started process (PID=392) to work on /home/airflow/.local/lib/python3.11/site-packages/airflow/example_dags/example_task_group.py
[2026-07-05T16:12:51.774+0000] {processor.py:830} INFO - Processing file /home/airflow/.local/lib/python3.11/site-packages/airflow/example_dags/example_task_group.py for tasks to queue
[2026-07-05T16:12:51.776+0000] {logging_mixin.py:188} INFO - [2026-07-05T16:12:51.776+0000] {dagbag.py:545} INFO - Filling up the DagBag from /home/airflow/.local/lib/python3.11/site-packages/airflow/example_dags/example_task_group.py
[2026-07-05T16:12:51.786+0000] {processor.py:840} INFO - DAG(s) 'example_task_group' retrieved from /home/airflow/.local/lib/python3.11/site-packages/airflow/example_dags/example_task_group.py
[2026-07-05T16:12:51.812+0000] {logging_mixin.py:188} INFO - [2026-07-05T16:12:51.811+0000] {dag.py:3096} INFO - Sync 1 DAGs
[2026-07-05T16:12:51.840+0000] {logging_mixin.py:188} INFO - [2026-07-05T16:12:51.840+0000] {dag.py:3954} INFO - Setting next_dagrun for example_task_group to 2026-07-04 00:00:00+00:00, run_after=2026-07-05 00:00:00+00:00
[2026-07-05T16:12:51.863+0000] {processor.py:183} INFO - Processing /home/airflow/.local/lib/python3.11/site-packages/airflow/example_dags/example_task_group.py took 0.096 seconds
[2026-07-05T16:13:22.482+0000] {processor.py:161} INFO - Started process (PID=450) to work on /home/airflow/.local/lib/python3.11/site-packages/airflow/example_dags/example_task_group.py
[2026-07-05T16:13:22.484+0000] {processor.py:830} INFO - Processing file /home/airflow/.local/lib/python3.11/site-packages/airflow/example_dags/example_task_group.py for tasks to queue
[2026-07-05T16:13:22.486+0000] {logging_mixin.py:188} INFO - [2026-07-05T16:13:22.485+0000] {dagbag.py:545} INFO - Filling up the DagBag from /home/airflow/.local/lib/python3.11/site-packages/airflow/example_dags/example_task_group.py
[2026-07-05T16:13:22.492+0000] {processor.py:840} INFO - DAG(s) 'example_task_group' retrieved from /home/airflow/.local/lib/python3.11/site-packages/airflow/example_dags/example_task_group.py
[2026-07-05T16:13:22.512+0000] {logging_mixin.py:188} INFO - [2026-07-05T16:13:22.512+0000] {dag.py:3096} INFO - Sync 1 DAGs
[2026-07-05T16:13:22.530+0000] {logging_mixin.py:188} INFO - [2026-07-05T16:13:22.530+0000] {dag.py:3954} INFO - Setting next_dagrun for example_task_group to 2026-07-04 00:00:00+00:00, run_after=2026-07-05 00:00:00+00:00
[2026-07-05T16:13:22.553+0000] {processor.py:183} INFO - Processing /home/airflow/.local/lib/python3.11/site-packages/airflow/example_dags/example_task_group.py took 0.076 seconds
[2026-07-05T16:13:52.881+0000] {processor.py:161} INFO - Started process (PID=508) to work on /home/airflow/.local/lib/python3.11/site-packages/airflow/example_dags/example_task_group.py
[2026-07-05T16:13:52.882+0000] {processor.py:830} INFO - Processing file /home/airflow/.local/lib/python3.11/site-packages/airflow/example_dags/example_task_group.py for tasks to queue
[2026-07-05T16:13:52.884+0000] {logging_mixin.py:188} INFO - [2026-07-05T16:13:52.884+0000] {dagbag.py:545} INFO - Filling up the DagBag from /home/airflow/.local/lib/python3.11/site-packages/airflow/example_dags/example_task_group.py
[2026-07-05T16:13:52.892+0000] {processor.py:840} INFO - DAG(s) 'example_task_group' retrieved from /home/airflow/.local/lib/python3.11/site-packages/airflow/example_dags/example_task_group.py
[2026-07-05T16:13:52.914+0000] {logging_mixin.py:188} INFO - [2026-07-05T16:13:52.914+0000] {dag.py:3096} INFO - Sync 1 DAGs
[2026-07-05T16:13:52.932+0000] {logging_mixin.py:188} INFO - [2026-07-05T16:13:52.932+0000] {dag.py:3954} INFO - Setting next_dagrun for example_task_group to 2026-07-04 00:00:00+00:00, run_after=2026-07-05 00:00:00+00:00
[2026-07-05T16:13:52.950+0000] {processor.py:183} INFO - Processing /home/airflow/.local/lib/python3.11/site-packages/airflow/example_dags/example_task_group.py took 0.074 seconds
[2026-07-05T16:14:23.066+0000] {processor.py:161} INFO - Started process (PID=566) to work on /home/airflow/.local/lib/python3.11/site-packages/airflow/example_dags/example_task_group.py
[2026-07-05T16:14:23.068+0000] {processor.py:830} INFO - Processing file /home/airflow/.local/lib/python3.11/site-packages/airflow/example_dags/example_task_group.py for tasks to queue
[2026-07-05T16:14:23.069+0000] {logging_mixin.py:188} INFO - [2026-07-05T16:14:23.069+0000] {dagbag.py:545} INFO - Filling up the DagBag from /home/airflow/.local/lib/python3.11/site-packages/airflow/example_dags/example_task_group.py
[2026-07-05T16:14:23.077+0000] {processor.py:840} INFO - DAG(s) 'example_task_group' retrieved from /home/airflow/.local/lib/python3.11/site-packages/airflow/example_dags/example_task_group.py
[2026-07-05T16:14:23.100+0000] {logging_mixin.py:188} INFO - [2026-07-05T16:14:23.100+0000] {dag.py:3096} INFO - Sync 1 DAGs
[2026-07-05T16:14:23.118+0000] {logging_mixin.py:188} INFO - [2026-07-05T16:14:23.118+0000] {dag.py:3954} INFO - Setting next_dagrun for example_task_group to 2026-07-04 00:00:00+00:00, run_after=2026-07-05 00:00:00+00:00
[2026-07-05T16:14:23.135+0000] {processor.py:183} INFO - Processing /home/airflow/.local/lib/python3.11/site-packages/airflow/example_dags/example_task_group.py took 0.077 seconds
[2026-07-05T16:14:53.478+0000] {processor.py:161} INFO - Started process (PID=624) to work on /home/airflow/.local/lib/python3.11/site-packages/airflow/example_dags/example_task_group.py
[2026-07-05T16:14:53.479+0000] {processor.py:830} INFO - Processing file /home/airflow/.local/lib/python3.11/site-packages/airflow/example_dags/example_task_group.py for tasks to queue
[2026-07-05T16:14:53.482+0000] {logging_mixin.py:188} INFO - [2026-07-05T16:14:53.482+0000] {dagbag.py:545} INFO - Filling up the DagBag from /home/airflow/.local/lib/python3.11/site-packages/airflow/example_dags/example_task_group.py
[2026-07-05T16:14:53.490+0000] {processor.py:840} INFO - DAG(s) 'example_task_group' retrieved from /home/airflow/.local/lib/python3.11/site-packages/airflow/example_dags/example_task_group.py
[2026-07-05T16:14:53.517+0000] {logging_mixin.py:188} INFO - [2026-07-05T16:14:53.517+0000] {dag.py:3096} INFO - Sync 1 DAGs
[2026-07-05T16:14:53.545+0000] {logging_mixin.py:188} INFO - [2026-07-05T16:14:53.544+0000] {dag.py:3954} INFO - Setting next_dagrun for example_task_group to 2026-07-04 00:00:00+00:00, run_after=2026-07-05 00:00:00+00:00
[2026-07-05T16:14:53.564+0000] {processor.py:183} INFO - Processing /home/airflow/.local/lib/python3.11/site-packages/airflow/example_dags/example_task_group.py took 0.095 seconds
[2026-07-05T16:15:24.432+0000] {processor.py:161} INFO - Started process (PID=682) to work on /home/airflow/.local/lib/python3.11/site-packages/airflow/example_dags/example_task_group.py
[2026-07-05T16:15:24.433+0000] {processor.py:830} INFO - Processing file /home/airflow/.local/lib/python3.11/site-packages/airflow/example_dags/example_task_group.py for tasks to queue
[2026-07-05T16:15:24.435+0000] {logging_mixin.py:188} INFO - [2026-07-05T16:15:24.435+0000] {dagbag.py:545} INFO - Filling up the DagBag from /home/airflow/.local/lib/python3.11/site-packages/airflow/example_dags/example_task_group.py
[2026-07-05T16:15:24.443+0000] {processor.py:840} INFO - DAG(s) 'example_task_group' retrieved from /home/airflow/.local/lib/python3.11/site-packages/airflow/example_dags/example_task_group.py
[2026-07-05T16:15:24.464+0000] {logging_mixin.py:188} INFO - [2026-07-05T16:15:24.464+0000] {dag.py:3096} INFO - Sync 1 DAGs
[2026-07-05T16:15:24.486+0000] {logging_mixin.py:188} INFO - [2026-07-05T16:15:24.486+0000] {dag.py:3954} INFO - Setting next_dagrun for example_task_group to 2026-07-04 00:00:00+00:00, run_after=2026-07-05 00:00:00+00:00
[2026-07-05T16:15:24.506+0000] {processor.py:183} INFO - Processing /home/airflow/.local/lib/python3.11/site-packages/airflow/example_dags/example_task_group.py took 0.079 seconds
[2026-07-05T16:15:54.588+0000] {processor.py:161} INFO - Started process (PID=740) to work on /home/airflow/.local/lib/python3.11/site-packages/airflow/example_dags/example_task_group.py
[2026-07-05T16:15:54.589+0000] {processor.py:830} INFO - Processing file /home/airflow/.local/lib/python3.11/site-packages/airflow/example_dags/example_task_group.py for tasks to queue
[2026-07-05T16:15:54.592+0000] {logging_mixin.py:188} INFO - [2026-07-05T16:15:54.591+0000] {dagbag.py:545} INFO - Filling up the DagBag from /home/airflow/.local/lib/python3.11/site-packages/airflow/example_dags/example_task_group.py
[2026-07-05T16:15:54.603+0000] {processor.py:840} INFO - DAG(s) 'example_task_group' retrieved from /home/airflow/.local/lib/python3.11/site-packages/airflow/example_dags/example_task_group.py
[2026-07-05T16:15:54.629+0000] {logging_mixin.py:188} INFO - [2026-07-05T16:15:54.629+0000] {dag.py:3096} INFO - Sync 1 DAGs
[2026-07-05T16:15:54.650+0000] {logging_mixin.py:188} INFO - [2026-07-05T16:15:54.650+0000] {dag.py:3954} INFO - Setting next_dagrun for example_task_group to 2026-07-04 00:00:00+00:00, run_after=2026-07-05 00:00:00+00:00
[2026-07-05T16:15:54.671+0000] {processor.py:183} INFO - Processing /home/airflow/.local/lib/python3.11/site-packages/airflow/example_dags/example_task_group.py took 0.089 seconds
[2026-07-05T16:16:24.937+0000] {processor.py:161} INFO - Started process (PID=798) to work on /home/airflow/.local/lib/python3.11/site-packages/airflow/example_dags/example_task_group.py
[2026-07-05T16:16:24.938+0000] {processor.py:830} INFO - Processing file /home/airflow/.local/lib/python3.11/site-packages/airflow/example_dags/example_task_group.py for tasks to queue
[2026-07-05T16:16:24.940+0000] {logging_mixin.py:188} INFO - [2026-07-05T16:16:24.940+0000] {dagbag.py:545} INFO - Filling up the DagBag from /home/airflow/.local/lib/python3.11/site-packages/airflow/example_dags/example_task_group.py
[2026-07-05T16:16:24.947+0000] {processor.py:840} INFO - DAG(s) 'example_task_group' retrieved from /home/airflow/.local/lib/python3.11/site-packages/airflow/example_dags/example_task_group.py
[2026-07-05T16:16:24.967+0000] {logging_mixin.py:188} INFO - [2026-07-05T16:16:24.967+0000] {dag.py:3096} INFO - Sync 1 DAGs
[2026-07-05T16:16:24.985+0000] {logging_mixin.py:188} INFO - [2026-07-05T16:16:24.985+0000] {dag.py:3954} INFO - Setting next_dagrun for example_task_group to 2026-07-04 00:00:00+00:00, run_after=2026-07-05 00:00:00+00:00
[2026-07-05T16:16:25.005+0000] {processor.py:183} INFO - Processing /home/airflow/.local/lib/python3.11/site-packages/airflow/example_dags/example_task_group.py took 0.074 seconds
[2026-07-05T16:16:55.066+0000] {processor.py:161} INFO - Started process (PID=856) to work on /home/airflow/.local/lib/python3.11/site-packages/airflow/example_dags/example_task_group.py
[2026-07-05T16:16:55.067+0000] {processor.py:830} INFO - Processing file /home/airflow/.local/lib/python3.11/site-packages/airflow/example_dags/example_task_group.py for tasks to queue
[2026-07-05T16:16:55.069+0000] {logging_mixin.py:188} INFO - [2026-07-05T16:16:55.069+0000] {dagbag.py:545} INFO - Filling up the DagBag from /home/airflow/.local/lib/python3.11/site-packages/airflow/example_dags/example_task_group.py
[2026-07-05T16:16:55.076+0000] {processor.py:840} INFO - DAG(s) 'example_task_group' retrieved from /home/airflow/.local/lib/python3.11/site-packages/airflow/example_dags/example_task_group.py
[2026-07-05T16:16:55.096+0000] {logging_mixin.py:188} INFO - [2026-07-05T16:16:55.095+0000] {dag.py:3096} INFO - Sync 1 DAGs
[2026-07-05T16:16:55.114+0000] {logging_mixin.py:188} INFO - [2026-07-05T16:16:55.114+0000] {dag.py:3954} INFO - Setting next_dagrun for example_task_group to 2026-07-04 00:00:00+00:00, run_after=2026-07-05 00:00:00+00:00
[2026-07-05T16:16:55.134+0000] {processor.py:183} INFO - Processing /home/airflow/.local/lib/python3.11/site-packages/airflow/example_dags/example_task_group.py took 0.073 seconds
[2026-07-05T16:17:25.328+0000] {processor.py:161} INFO - Started process (PID=914) to work on /home/airflow/.local/lib/python3.11/site-packages/airflow/example_dags/example_task_group.py
[2026-07-05T16:17:25.329+0000] {processor.py:830} INFO - Processing file /home/airflow/.local/lib/python3.11/site-packages/airflow/example_dags/example_task_group.py for tasks to queue
[2026-07-05T16:17:25.331+0000] {logging_mixin.py:188} INFO - [2026-07-05T16:17:25.331+0000] {dagbag.py:545} INFO - Filling up the DagBag from /home/airflow/.local/lib/python3.11/site-packages/airflow/example_dags/example_task_group.py
[2026-07-05T16:17:25.339+0000] {processor.py:840} INFO - DAG(s) 'example_task_group' retrieved from /home/airflow/.local/lib/python3.11/site-packages/airflow/example_dags/example_task_group.py
[2026-07-05T16:17:25.368+0000] {logging_mixin.py:188} INFO - [2026-07-05T16:17:25.368+0000] {dag.py:3096} INFO - Sync 1 DAGs
[2026-07-05T16:17:25.395+0000] {logging_mixin.py:188} INFO - [2026-07-05T16:17:25.395+0000] {dag.py:3954} INFO - Setting next_dagrun for example_task_group to 2026-07-04 00:00:00+00:00, run_after=2026-07-05 00:00:00+00:00
[2026-07-05T16:17:25.419+0000] {processor.py:183} INFO - Processing /home/airflow/.local/lib/python3.11/site-packages/airflow/example_dags/example_task_group.py took 0.099 seconds
[2026-07-05T16:17:55.597+0000] {processor.py:161} INFO - Started process (PID=972) to work on /home/airflow/.local/lib/python3.11/site-packages/airflow/example_dags/example_task_group.py
[2026-07-05T16:17:55.599+0000] {processor.py:830} INFO - Processing file /home/airflow/.local/lib/python3.11/site-packages/airflow/example_dags/example_task_group.py for tasks to queue
[2026-07-05T16:17:55.601+0000] {logging_mixin.py:188} INFO - [2026-07-05T16:17:55.601+0000] {dagbag.py:545} INFO - Filling up the DagBag from /home/airflow/.local/lib/python3.11/site-packages/airflow/example_dags/example_task_group.py
[2026-07-05T16:17:55.612+0000] {processor.py:840} INFO - DAG(s) 'example_task_group' retrieved from /home/airflow/.local/lib/python3.11/site-packages/airflow/example_dags/example_task_group.py
[2026-07-05T16:17:55.640+0000] {logging_mixin.py:188} INFO - [2026-07-05T16:17:55.640+0000] {dag.py:3096} INFO - Sync 1 DAGs
[2026-07-05T16:17:55.670+0000] {logging_mixin.py:188} INFO - [2026-07-05T16:17:55.669+0000] {dag.py:3954} INFO - Setting next_dagrun for example_task_group to 2026-07-04 00:00:00+00:00, run_after=2026-07-05 00:00:00+00:00
[2026-07-05T16:17:55.689+0000] {processor.py:183} INFO - Processing /home/airflow/.local/lib/python3.11/site-packages/airflow/example_dags/example_task_group.py took 0.099 seconds
[2026-07-05T16:18:25.848+0000] {processor.py:161} INFO - Started process (PID=1030) to work on /home/airflow/.local/lib/python3.11/site-packages/airflow/example_dags/example_task_group.py
[2026-07-05T16:18:25.849+0000] {processor.py:830} INFO - Processing file /home/airflow/.local/lib/python3.11/site-packages/airflow/example_dags/example_task_group.py for tasks to queue
[2026-07-05T16:18:25.852+0000] {logging_mixin.py:188} INFO - [2026-07-05T16:18:25.852+0000] {dagbag.py:545} INFO - Filling up the DagBag from /home/airflow/.local/lib/python3.11/site-packages/airflow/example_dags/example_task_group.py
[2026-07-05T16:18:25.860+0000] {processor.py:840} INFO - DAG(s) 'example_task_group' retrieved from /home/airflow/.local/lib/python3.11/site-packages/airflow/example_dags/example_task_group.py
[2026-07-05T16:18:25.884+0000] {logging_mixin.py:188} INFO - [2026-07-05T16:18:25.883+0000] {dag.py:3096} INFO - Sync 1 DAGs
[2026-07-05T16:18:25.908+0000] {logging_mixin.py:188} INFO - [2026-07-05T16:18:25.908+0000] {dag.py:3954} INFO - Setting next_dagrun for example_task_group to 2026-07-04 00:00:00+00:00, run_after=2026-07-05 00:00:00+00:00
[2026-07-05T16:18:25.932+0000] {processor.py:183} INFO - Processing /home/airflow/.local/lib/python3.11/site-packages/airflow/example_dags/example_task_group.py took 0.091 seconds
[2026-07-05T16:18:56.045+0000] {processor.py:161} INFO - Started process (PID=1088) to work on /home/airflow/.local/lib/python3.11/site-packages/airflow/example_dags/example_task_group.py
[2026-07-05T16:18:56.046+0000] {processor.py:830} INFO - Processing file /home/airflow/.local/lib/python3.11/site-packages/airflow/example_dags/example_task_group.py for tasks to queue
[2026-07-05T16:18:56.048+0000] {logging_mixin.py:188} INFO - [2026-07-05T16:18:56.048+0000] {dagbag.py:545} INFO - Filling up the DagBag from /home/airflow/.local/lib/python3.11/site-packages/airflow/example_dags/example_task_group.py
[2026-07-05T16:18:56.058+0000] {processor.py:840} INFO - DAG(s) 'example_task_group' retrieved from /home/airflow/.local/lib/python3.11/site-packages/airflow/example_dags/example_task_group.py
[2026-07-05T16:18:56.087+0000] {logging_mixin.py:188} INFO - [2026-07-05T16:18:56.087+0000] {dag.py:3096} INFO - Sync 1 DAGs
[2026-07-05T16:18:56.105+0000] {logging_mixin.py:188} INFO - [2026-07-05T16:18:56.105+0000] {dag.py:3954} INFO - Setting next_dagrun for example_task_group to 2026-07-04 00:00:00+00:00, run_after=2026-07-05 00:00:00+00:00
[2026-07-05T16:18:56.126+0000] {processor.py:183} INFO - Processing /home/airflow/.local/lib/python3.11/site-packages/airflow/example_dags/example_task_group.py took 0.087 seconds
