[2026-07-05T16:07:35.812+0000] {processor.py:161} INFO - Started process (PID=89) to work on /home/airflow/.local/lib/python3.11/site-packages/airflow/example_dags/example_short_circuit_operator.py
[2026-07-05T16:07:35.815+0000] {processor.py:830} INFO - Processing file /home/airflow/.local/lib/python3.11/site-packages/airflow/example_dags/example_short_circuit_operator.py for tasks to queue
[2026-07-05T16:07:35.822+0000] {logging_mixin.py:188} INFO - [2026-07-05T16:07:35.820+0000] {dagbag.py:545} INFO - Filling up the DagBag from /home/airflow/.local/lib/python3.11/site-packages/airflow/example_dags/example_short_circuit_operator.py
[2026-07-05T16:07:35.850+0000] {processor.py:840} INFO - DAG(s) 'example_short_circuit_operator' retrieved from /home/airflow/.local/lib/python3.11/site-packages/airflow/example_dags/example_short_circuit_operator.py
[2026-07-05T16:07:36.449+0000] {logging_mixin.py:188} INFO - [2026-07-05T16:07:36.447+0000] {override.py:1829} INFO - Created Permission View: can delete on DAG:example_short_circuit_operator
[2026-07-05T16:07:36.486+0000] {logging_mixin.py:188} INFO - [2026-07-05T16:07:36.485+0000] {override.py:1829} INFO - Created Permission View: can read on DAG:example_short_circuit_operator
[2026-07-05T16:07:36.502+0000] {logging_mixin.py:188} INFO - [2026-07-05T16:07:36.502+0000] {override.py:1829} INFO - Created Permission View: can edit on DAG:example_short_circuit_operator
[2026-07-05T16:07:36.504+0000] {logging_mixin.py:188} INFO - [2026-07-05T16:07:36.503+0000] {dag.py:3096} INFO - Sync 1 DAGs
[2026-07-05T16:07:36.556+0000] {logging_mixin.py:188} INFO - [2026-07-05T16:07:36.556+0000] {dag.py:3118} INFO - Creating ORM DAG for example_short_circuit_operator
[2026-07-05T16:07:36.613+0000] {logging_mixin.py:188} INFO - [2026-07-05T16:07:36.612+0000] {dag.py:3954} INFO - Setting next_dagrun for example_short_circuit_operator to 2026-07-04 00:00:00+00:00, run_after=2026-07-05 00:00:00+00:00
[2026-07-05T16:07:36.655+0000] {processor.py:183} INFO - Processing /home/airflow/.local/lib/python3.11/site-packages/airflow/example_dags/example_short_circuit_operator.py took 0.856 seconds
[2026-07-05T16:08:07.136+0000] {processor.py:161} INFO - Started process (PID=147) to work on /home/airflow/.local/lib/python3.11/site-packages/airflow/example_dags/example_short_circuit_operator.py
[2026-07-05T16:08:07.137+0000] {processor.py:830} INFO - Processing file /home/airflow/.local/lib/python3.11/site-packages/airflow/example_dags/example_short_circuit_operator.py for tasks to queue
[2026-07-05T16:08:07.139+0000] {logging_mixin.py:188} INFO - [2026-07-05T16:08:07.138+0000] {dagbag.py:545} INFO - Filling up the DagBag from /home/airflow/.local/lib/python3.11/site-packages/airflow/example_dags/example_short_circuit_operator.py
[2026-07-05T16:08:07.146+0000] {processor.py:840} INFO - DAG(s) 'example_short_circuit_operator' retrieved from /home/airflow/.local/lib/python3.11/site-packages/airflow/example_dags/example_short_circuit_operator.py
[2026-07-05T16:08:07.167+0000] {logging_mixin.py:188} INFO - [2026-07-05T16:08:07.167+0000] {dag.py:3096} INFO - Sync 1 DAGs
[2026-07-05T16:08:07.187+0000] {logging_mixin.py:188} INFO - [2026-07-05T16:08:07.187+0000] {dag.py:3954} INFO - Setting next_dagrun for example_short_circuit_operator to 2026-07-04 00:00:00+00:00, run_after=2026-07-05 00:00:00+00:00
[2026-07-05T16:08:07.205+0000] {processor.py:183} INFO - Processing /home/airflow/.local/lib/python3.11/site-packages/airflow/example_dags/example_short_circuit_operator.py took 0.075 seconds
[2026-07-05T16:08:37.704+0000] {processor.py:161} INFO - Started process (PID=205) to work on /home/airflow/.local/lib/python3.11/site-packages/airflow/example_dags/example_short_circuit_operator.py
[2026-07-05T16:08:37.705+0000] {processor.py:830} INFO - Processing file /home/airflow/.local/lib/python3.11/site-packages/airflow/example_dags/example_short_circuit_operator.py for tasks to queue
[2026-07-05T16:08:37.707+0000] {logging_mixin.py:188} INFO - [2026-07-05T16:08:37.707+0000] {dagbag.py:545} INFO - Filling up the DagBag from /home/airflow/.local/lib/python3.11/site-packages/airflow/example_dags/example_short_circuit_operator.py
[2026-07-05T16:08:37.717+0000] {processor.py:840} INFO - DAG(s) 'example_short_circuit_operator' retrieved from /home/airflow/.local/lib/python3.11/site-packages/airflow/example_dags/example_short_circuit_operator.py
[2026-07-05T16:08:37.739+0000] {logging_mixin.py:188} INFO - [2026-07-05T16:08:37.739+0000] {dag.py:3096} INFO - Sync 1 DAGs
[2026-07-05T16:08:37.759+0000] {logging_mixin.py:188} INFO - [2026-07-05T16:08:37.759+0000] {dag.py:3954} INFO - Setting next_dagrun for example_short_circuit_operator to 2026-07-04 00:00:00+00:00, run_after=2026-07-05 00:00:00+00:00
[2026-07-05T16:08:37.782+0000] {processor.py:183} INFO - Processing /home/airflow/.local/lib/python3.11/site-packages/airflow/example_dags/example_short_circuit_operator.py took 0.084 seconds
[2026-07-05T16:09:08.317+0000] {processor.py:161} INFO - Started process (PID=263) to work on /home/airflow/.local/lib/python3.11/site-packages/airflow/example_dags/example_short_circuit_operator.py
[2026-07-05T16:09:08.321+0000] {processor.py:830} INFO - Processing file /home/airflow/.local/lib/python3.11/site-packages/airflow/example_dags/example_short_circuit_operator.py for tasks to queue
[2026-07-05T16:09:08.341+0000] {logging_mixin.py:188} INFO - [2026-07-05T16:09:08.340+0000] {dagbag.py:545} INFO - Filling up the DagBag from /home/airflow/.local/lib/python3.11/site-packages/airflow/example_dags/example_short_circuit_operator.py
[2026-07-05T16:09:08.376+0000] {processor.py:840} INFO - DAG(s) 'example_short_circuit_operator' retrieved from /home/airflow/.local/lib/python3.11/site-packages/airflow/example_dags/example_short_circuit_operator.py
[2026-07-05T16:09:08.455+0000] {logging_mixin.py:188} INFO - [2026-07-05T16:09:08.455+0000] {dag.py:3096} INFO - Sync 1 DAGs
[2026-07-05T16:09:08.514+0000] {logging_mixin.py:188} INFO - [2026-07-05T16:09:08.514+0000] {dag.py:3954} INFO - Setting next_dagrun for example_short_circuit_operator to 2026-07-04 00:00:00+00:00, run_after=2026-07-05 00:00:00+00:00
[2026-07-05T16:09:08.548+0000] {processor.py:183} INFO - Processing /home/airflow/.local/lib/python3.11/site-packages/airflow/example_dags/example_short_circuit_operator.py took 0.253 seconds
[2026-07-05T16:09:39.190+0000] {processor.py:161} INFO - Started process (PID=321) to work on /home/airflow/.local/lib/python3.11/site-packages/airflow/example_dags/example_short_circuit_operator.py
[2026-07-05T16:09:39.192+0000] {processor.py:830} INFO - Processing file /home/airflow/.local/lib/python3.11/site-packages/airflow/example_dags/example_short_circuit_operator.py for tasks to queue
[2026-07-05T16:09:39.194+0000] {logging_mixin.py:188} INFO - [2026-07-05T16:09:39.193+0000] {dagbag.py:545} INFO - Filling up the DagBag from /home/airflow/.local/lib/python3.11/site-packages/airflow/example_dags/example_short_circuit_operator.py
[2026-07-05T16:09:39.201+0000] {processor.py:840} INFO - DAG(s) 'example_short_circuit_operator' retrieved from /home/airflow/.local/lib/python3.11/site-packages/airflow/example_dags/example_short_circuit_operator.py
[2026-07-05T16:09:39.289+0000] {logging_mixin.py:188} INFO - [2026-07-05T16:09:39.289+0000] {dag.py:3096} INFO - Sync 1 DAGs
[2026-07-05T16:09:39.306+0000] {logging_mixin.py:188} INFO - [2026-07-05T16:09:39.306+0000] {dag.py:3954} INFO - Setting next_dagrun for example_short_circuit_operator to 2026-07-04 00:00:00+00:00, run_after=2026-07-05 00:00:00+00:00
[2026-07-05T16:09:39.324+0000] {processor.py:183} INFO - Processing /home/airflow/.local/lib/python3.11/site-packages/airflow/example_dags/example_short_circuit_operator.py took 0.140 seconds
[2026-07-05T16:10:14.539+0000] {processor.py:161} INFO - Started process (PID=84) to work on /home/airflow/.local/lib/python3.11/site-packages/airflow/example_dags/example_short_circuit_operator.py
[2026-07-05T16:10:14.541+0000] {processor.py:830} INFO - Processing file /home/airflow/.local/lib/python3.11/site-packages/airflow/example_dags/example_short_circuit_operator.py for tasks to queue
[2026-07-05T16:10:14.546+0000] {logging_mixin.py:188} INFO - [2026-07-05T16:10:14.544+0000] {dagbag.py:545} INFO - Filling up the DagBag from /home/airflow/.local/lib/python3.11/site-packages/airflow/example_dags/example_short_circuit_operator.py
[2026-07-05T16:10:14.563+0000] {processor.py:840} INFO - DAG(s) 'example_short_circuit_operator' retrieved from /home/airflow/.local/lib/python3.11/site-packages/airflow/example_dags/example_short_circuit_operator.py
[2026-07-05T16:10:14.587+0000] {logging_mixin.py:188} INFO - [2026-07-05T16:10:14.587+0000] {dag.py:3096} INFO - Sync 1 DAGs
[2026-07-05T16:10:14.633+0000] {logging_mixin.py:188} INFO - [2026-07-05T16:10:14.633+0000] {dag.py:3954} INFO - Setting next_dagrun for example_short_circuit_operator to 2026-07-04 00:00:00+00:00, run_after=2026-07-05 00:00:00+00:00
[2026-07-05T16:10:14.663+0000] {processor.py:183} INFO - Processing /home/airflow/.local/lib/python3.11/site-packages/airflow/example_dags/example_short_circuit_operator.py took 0.136 seconds
[2026-07-05T16:10:45.080+0000] {processor.py:161} INFO - Started process (PID=143) to work on /home/airflow/.local/lib/python3.11/site-packages/airflow/example_dags/example_short_circuit_operator.py
[2026-07-05T16:10:45.082+0000] {processor.py:830} INFO - Processing file /home/airflow/.local/lib/python3.11/site-packages/airflow/example_dags/example_short_circuit_operator.py for tasks to queue
[2026-07-05T16:10:45.085+0000] {logging_mixin.py:188} INFO - [2026-07-05T16:10:45.085+0000] {dagbag.py:545} INFO - Filling up the DagBag from /home/airflow/.local/lib/python3.11/site-packages/airflow/example_dags/example_short_circuit_operator.py
[2026-07-05T16:10:45.099+0000] {processor.py:840} INFO - DAG(s) 'example_short_circuit_operator' retrieved from /home/airflow/.local/lib/python3.11/site-packages/airflow/example_dags/example_short_circuit_operator.py
[2026-07-05T16:10:45.280+0000] {logging_mixin.py:188} INFO - [2026-07-05T16:10:45.279+0000] {dag.py:3096} INFO - Sync 1 DAGs
[2026-07-05T16:10:45.313+0000] {logging_mixin.py:188} INFO - [2026-07-05T16:10:45.313+0000] {dag.py:3954} INFO - Setting next_dagrun for example_short_circuit_operator to 2026-07-04 00:00:00+00:00, run_after=2026-07-05 00:00:00+00:00
[2026-07-05T16:10:45.371+0000] {processor.py:183} INFO - Processing /home/airflow/.local/lib/python3.11/site-packages/airflow/example_dags/example_short_circuit_operator.py took 0.300 seconds
[2026-07-05T16:11:16.083+0000] {processor.py:161} INFO - Started process (PID=201) to work on /home/airflow/.local/lib/python3.11/site-packages/airflow/example_dags/example_short_circuit_operator.py
[2026-07-05T16:11:16.084+0000] {processor.py:830} INFO - Processing file /home/airflow/.local/lib/python3.11/site-packages/airflow/example_dags/example_short_circuit_operator.py for tasks to queue
[2026-07-05T16:11:16.086+0000] {logging_mixin.py:188} INFO - [2026-07-05T16:11:16.086+0000] {dagbag.py:545} INFO - Filling up the DagBag from /home/airflow/.local/lib/python3.11/site-packages/airflow/example_dags/example_short_circuit_operator.py
[2026-07-05T16:11:16.100+0000] {processor.py:840} INFO - DAG(s) 'example_short_circuit_operator' retrieved from /home/airflow/.local/lib/python3.11/site-packages/airflow/example_dags/example_short_circuit_operator.py
[2026-07-05T16:11:16.123+0000] {logging_mixin.py:188} INFO - [2026-07-05T16:11:16.122+0000] {dag.py:3096} INFO - Sync 1 DAGs
[2026-07-05T16:11:16.142+0000] {logging_mixin.py:188} INFO - [2026-07-05T16:11:16.142+0000] {dag.py:3954} INFO - Setting next_dagrun for example_short_circuit_operator to 2026-07-04 00:00:00+00:00, run_after=2026-07-05 00:00:00+00:00
[2026-07-05T16:11:16.164+0000] {processor.py:183} INFO - Processing /home/airflow/.local/lib/python3.11/site-packages/airflow/example_dags/example_short_circuit_operator.py took 0.087 seconds
[2026-07-05T16:11:46.810+0000] {processor.py:161} INFO - Started process (PID=259) to work on /home/airflow/.local/lib/python3.11/site-packages/airflow/example_dags/example_short_circuit_operator.py
[2026-07-05T16:11:46.812+0000] {processor.py:830} INFO - Processing file /home/airflow/.local/lib/python3.11/site-packages/airflow/example_dags/example_short_circuit_operator.py for tasks to queue
[2026-07-05T16:11:46.815+0000] {logging_mixin.py:188} INFO - [2026-07-05T16:11:46.814+0000] {dagbag.py:545} INFO - Filling up the DagBag from /home/airflow/.local/lib/python3.11/site-packages/airflow/example_dags/example_short_circuit_operator.py
[2026-07-05T16:11:46.828+0000] {processor.py:840} INFO - DAG(s) 'example_short_circuit_operator' retrieved from /home/airflow/.local/lib/python3.11/site-packages/airflow/example_dags/example_short_circuit_operator.py
[2026-07-05T16:11:46.844+0000] {logging_mixin.py:188} INFO - [2026-07-05T16:11:46.844+0000] {dag.py:3096} INFO - Sync 1 DAGs
[2026-07-05T16:11:46.874+0000] {logging_mixin.py:188} INFO - [2026-07-05T16:11:46.873+0000] {dag.py:3954} INFO - Setting next_dagrun for example_short_circuit_operator to 2026-07-04 00:00:00+00:00, run_after=2026-07-05 00:00:00+00:00
[2026-07-05T16:11:46.898+0000] {processor.py:183} INFO - Processing /home/airflow/.local/lib/python3.11/site-packages/airflow/example_dags/example_short_circuit_operator.py took 0.095 seconds
[2026-07-05T16:12:17.168+0000] {processor.py:161} INFO - Started process (PID=317) to work on /home/airflow/.local/lib/python3.11/site-packages/airflow/example_dags/example_short_circuit_operator.py
[2026-07-05T16:12:17.170+0000] {processor.py:830} INFO - Processing file /home/airflow/.local/lib/python3.11/site-packages/airflow/example_dags/example_short_circuit_operator.py for tasks to queue
[2026-07-05T16:12:17.173+0000] {logging_mixin.py:188} INFO - [2026-07-05T16:12:17.173+0000] {dagbag.py:545} INFO - Filling up the DagBag from /home/airflow/.local/lib/python3.11/site-packages/airflow/example_dags/example_short_circuit_operator.py
[2026-07-05T16:12:17.182+0000] {processor.py:840} INFO - DAG(s) 'example_short_circuit_operator' retrieved from /home/airflow/.local/lib/python3.11/site-packages/airflow/example_dags/example_short_circuit_operator.py
[2026-07-05T16:12:17.345+0000] {logging_mixin.py:188} INFO - [2026-07-05T16:12:17.345+0000] {dag.py:3096} INFO - Sync 1 DAGs
[2026-07-05T16:12:17.375+0000] {logging_mixin.py:188} INFO - [2026-07-05T16:12:17.375+0000] {dag.py:3954} INFO - Setting next_dagrun for example_short_circuit_operator to 2026-07-04 00:00:00+00:00, run_after=2026-07-05 00:00:00+00:00
[2026-07-05T16:12:17.409+0000] {processor.py:183} INFO - Processing /home/airflow/.local/lib/python3.11/site-packages/airflow/example_dags/example_short_circuit_operator.py took 0.253 seconds
[2026-07-05T16:12:47.762+0000] {processor.py:161} INFO - Started process (PID=376) to work on /home/airflow/.local/lib/python3.11/site-packages/airflow/example_dags/example_short_circuit_operator.py
[2026-07-05T16:12:47.763+0000] {processor.py:830} INFO - Processing file /home/airflow/.local/lib/python3.11/site-packages/airflow/example_dags/example_short_circuit_operator.py for tasks to queue
[2026-07-05T16:12:47.765+0000] {logging_mixin.py:188} INFO - [2026-07-05T16:12:47.764+0000] {dagbag.py:545} INFO - Filling up the DagBag from /home/airflow/.local/lib/python3.11/site-packages/airflow/example_dags/example_short_circuit_operator.py
[2026-07-05T16:12:47.772+0000] {processor.py:840} INFO - DAG(s) 'example_short_circuit_operator' retrieved from /home/airflow/.local/lib/python3.11/site-packages/airflow/example_dags/example_short_circuit_operator.py
[2026-07-05T16:12:47.797+0000] {logging_mixin.py:188} INFO - [2026-07-05T16:12:47.797+0000] {dag.py:3096} INFO - Sync 1 DAGs
[2026-07-05T16:12:47.818+0000] {logging_mixin.py:188} INFO - [2026-07-05T16:12:47.818+0000] {dag.py:3954} INFO - Setting next_dagrun for example_short_circuit_operator to 2026-07-04 00:00:00+00:00, run_after=2026-07-05 00:00:00+00:00
[2026-07-05T16:12:47.838+0000] {processor.py:183} INFO - Processing /home/airflow/.local/lib/python3.11/site-packages/airflow/example_dags/example_short_circuit_operator.py took 0.082 seconds
[2026-07-05T16:13:18.423+0000] {processor.py:161} INFO - Started process (PID=434) to work on /home/airflow/.local/lib/python3.11/site-packages/airflow/example_dags/example_short_circuit_operator.py
[2026-07-05T16:13:18.424+0000] {processor.py:830} INFO - Processing file /home/airflow/.local/lib/python3.11/site-packages/airflow/example_dags/example_short_circuit_operator.py for tasks to queue
[2026-07-05T16:13:18.426+0000] {logging_mixin.py:188} INFO - [2026-07-05T16:13:18.426+0000] {dagbag.py:545} INFO - Filling up the DagBag from /home/airflow/.local/lib/python3.11/site-packages/airflow/example_dags/example_short_circuit_operator.py
[2026-07-05T16:13:18.435+0000] {processor.py:840} INFO - DAG(s) 'example_short_circuit_operator' retrieved from /home/airflow/.local/lib/python3.11/site-packages/airflow/example_dags/example_short_circuit_operator.py
[2026-07-05T16:13:18.458+0000] {logging_mixin.py:188} INFO - [2026-07-05T16:13:18.457+0000] {dag.py:3096} INFO - Sync 1 DAGs
[2026-07-05T16:13:18.483+0000] {logging_mixin.py:188} INFO - [2026-07-05T16:13:18.482+0000] {dag.py:3954} INFO - Setting next_dagrun for example_short_circuit_operator to 2026-07-04 00:00:00+00:00, run_after=2026-07-05 00:00:00+00:00
[2026-07-05T16:13:18.508+0000] {processor.py:183} INFO - Processing /home/airflow/.local/lib/python3.11/site-packages/airflow/example_dags/example_short_circuit_operator.py took 0.092 seconds
[2026-07-05T16:13:48.874+0000] {processor.py:161} INFO - Started process (PID=492) to work on /home/airflow/.local/lib/python3.11/site-packages/airflow/example_dags/example_short_circuit_operator.py
[2026-07-05T16:13:48.876+0000] {processor.py:830} INFO - Processing file /home/airflow/.local/lib/python3.11/site-packages/airflow/example_dags/example_short_circuit_operator.py for tasks to queue
[2026-07-05T16:13:48.880+0000] {logging_mixin.py:188} INFO - [2026-07-05T16:13:48.880+0000] {dagbag.py:545} INFO - Filling up the DagBag from /home/airflow/.local/lib/python3.11/site-packages/airflow/example_dags/example_short_circuit_operator.py
[2026-07-05T16:13:48.892+0000] {processor.py:840} INFO - DAG(s) 'example_short_circuit_operator' retrieved from /home/airflow/.local/lib/python3.11/site-packages/airflow/example_dags/example_short_circuit_operator.py
[2026-07-05T16:13:48.932+0000] {logging_mixin.py:188} INFO - [2026-07-05T16:13:48.932+0000] {dag.py:3096} INFO - Sync 1 DAGs
[2026-07-05T16:13:48.966+0000] {logging_mixin.py:188} INFO - [2026-07-05T16:13:48.965+0000] {dag.py:3954} INFO - Setting next_dagrun for example_short_circuit_operator to 2026-07-04 00:00:00+00:00, run_after=2026-07-05 00:00:00+00:00
[2026-07-05T16:13:48.987+0000] {processor.py:183} INFO - Processing /home/airflow/.local/lib/python3.11/site-packages/airflow/example_dags/example_short_circuit_operator.py took 0.125 seconds
[2026-07-05T16:14:19.052+0000] {processor.py:161} INFO - Started process (PID=550) to work on /home/airflow/.local/lib/python3.11/site-packages/airflow/example_dags/example_short_circuit_operator.py
[2026-07-05T16:14:19.053+0000] {processor.py:830} INFO - Processing file /home/airflow/.local/lib/python3.11/site-packages/airflow/example_dags/example_short_circuit_operator.py for tasks to queue
[2026-07-05T16:14:19.056+0000] {logging_mixin.py:188} INFO - [2026-07-05T16:14:19.055+0000] {dagbag.py:545} INFO - Filling up the DagBag from /home/airflow/.local/lib/python3.11/site-packages/airflow/example_dags/example_short_circuit_operator.py
[2026-07-05T16:14:19.065+0000] {processor.py:840} INFO - DAG(s) 'example_short_circuit_operator' retrieved from /home/airflow/.local/lib/python3.11/site-packages/airflow/example_dags/example_short_circuit_operator.py
[2026-07-05T16:14:19.096+0000] {logging_mixin.py:188} INFO - [2026-07-05T16:14:19.096+0000] {dag.py:3096} INFO - Sync 1 DAGs
[2026-07-05T16:14:19.119+0000] {logging_mixin.py:188} INFO - [2026-07-05T16:14:19.119+0000] {dag.py:3954} INFO - Setting next_dagrun for example_short_circuit_operator to 2026-07-04 00:00:00+00:00, run_after=2026-07-05 00:00:00+00:00
[2026-07-05T16:14:19.136+0000] {processor.py:183} INFO - Processing /home/airflow/.local/lib/python3.11/site-packages/airflow/example_dags/example_short_circuit_operator.py took 0.091 seconds
[2026-07-05T16:14:49.295+0000] {processor.py:161} INFO - Started process (PID=608) to work on /home/airflow/.local/lib/python3.11/site-packages/airflow/example_dags/example_short_circuit_operator.py
[2026-07-05T16:14:49.297+0000] {processor.py:830} INFO - Processing file /home/airflow/.local/lib/python3.11/site-packages/airflow/example_dags/example_short_circuit_operator.py for tasks to queue
[2026-07-05T16:14:49.302+0000] {logging_mixin.py:188} INFO - [2026-07-05T16:14:49.301+0000] {dagbag.py:545} INFO - Filling up the DagBag from /home/airflow/.local/lib/python3.11/site-packages/airflow/example_dags/example_short_circuit_operator.py
[2026-07-05T16:14:49.309+0000] {processor.py:840} INFO - DAG(s) 'example_short_circuit_operator' retrieved from /home/airflow/.local/lib/python3.11/site-packages/airflow/example_dags/example_short_circuit_operator.py
[2026-07-05T16:14:49.331+0000] {logging_mixin.py:188} INFO - [2026-07-05T16:14:49.331+0000] {dag.py:3096} INFO - Sync 1 DAGs
[2026-07-05T16:14:49.350+0000] {logging_mixin.py:188} INFO - [2026-07-05T16:14:49.349+0000] {dag.py:3954} INFO - Setting next_dagrun for example_short_circuit_operator to 2026-07-04 00:00:00+00:00, run_after=2026-07-05 00:00:00+00:00
[2026-07-05T16:14:49.370+0000] {processor.py:183} INFO - Processing /home/airflow/.local/lib/python3.11/site-packages/airflow/example_dags/example_short_circuit_operator.py took 0.081 seconds
[2026-07-05T16:15:19.504+0000] {processor.py:161} INFO - Started process (PID=666) to work on /home/airflow/.local/lib/python3.11/site-packages/airflow/example_dags/example_short_circuit_operator.py
[2026-07-05T16:15:19.505+0000] {processor.py:830} INFO - Processing file /home/airflow/.local/lib/python3.11/site-packages/airflow/example_dags/example_short_circuit_operator.py for tasks to queue
[2026-07-05T16:15:19.507+0000] {logging_mixin.py:188} INFO - [2026-07-05T16:15:19.507+0000] {dagbag.py:545} INFO - Filling up the DagBag from /home/airflow/.local/lib/python3.11/site-packages/airflow/example_dags/example_short_circuit_operator.py
[2026-07-05T16:15:19.514+0000] {processor.py:840} INFO - DAG(s) 'example_short_circuit_operator' retrieved from /home/airflow/.local/lib/python3.11/site-packages/airflow/example_dags/example_short_circuit_operator.py
[2026-07-05T16:15:19.535+0000] {logging_mixin.py:188} INFO - [2026-07-05T16:15:19.535+0000] {dag.py:3096} INFO - Sync 1 DAGs
[2026-07-05T16:15:19.553+0000] {logging_mixin.py:188} INFO - [2026-07-05T16:15:19.552+0000] {dag.py:3954} INFO - Setting next_dagrun for example_short_circuit_operator to 2026-07-04 00:00:00+00:00, run_after=2026-07-05 00:00:00+00:00
[2026-07-05T16:15:19.573+0000] {processor.py:183} INFO - Processing /home/airflow/.local/lib/python3.11/site-packages/airflow/example_dags/example_short_circuit_operator.py took 0.074 seconds
[2026-07-05T16:15:49.667+0000] {processor.py:161} INFO - Started process (PID=724) to work on /home/airflow/.local/lib/python3.11/site-packages/airflow/example_dags/example_short_circuit_operator.py
[2026-07-05T16:15:49.668+0000] {processor.py:830} INFO - Processing file /home/airflow/.local/lib/python3.11/site-packages/airflow/example_dags/example_short_circuit_operator.py for tasks to queue
[2026-07-05T16:15:49.670+0000] {logging_mixin.py:188} INFO - [2026-07-05T16:15:49.670+0000] {dagbag.py:545} INFO - Filling up the DagBag from /home/airflow/.local/lib/python3.11/site-packages/airflow/example_dags/example_short_circuit_operator.py
[2026-07-05T16:15:49.679+0000] {processor.py:840} INFO - DAG(s) 'example_short_circuit_operator' retrieved from /home/airflow/.local/lib/python3.11/site-packages/airflow/example_dags/example_short_circuit_operator.py
[2026-07-05T16:15:49.701+0000] {logging_mixin.py:188} INFO - [2026-07-05T16:15:49.700+0000] {dag.py:3096} INFO - Sync 1 DAGs
[2026-07-05T16:15:49.721+0000] {logging_mixin.py:188} INFO - [2026-07-05T16:15:49.720+0000] {dag.py:3954} INFO - Setting next_dagrun for example_short_circuit_operator to 2026-07-04 00:00:00+00:00, run_after=2026-07-05 00:00:00+00:00
[2026-07-05T16:15:49.740+0000] {processor.py:183} INFO - Processing /home/airflow/.local/lib/python3.11/site-packages/airflow/example_dags/example_short_circuit_operator.py took 0.081 seconds
[2026-07-05T16:16:19.845+0000] {processor.py:161} INFO - Started process (PID=782) to work on /home/airflow/.local/lib/python3.11/site-packages/airflow/example_dags/example_short_circuit_operator.py
[2026-07-05T16:16:19.846+0000] {processor.py:830} INFO - Processing file /home/airflow/.local/lib/python3.11/site-packages/airflow/example_dags/example_short_circuit_operator.py for tasks to queue
[2026-07-05T16:16:19.848+0000] {logging_mixin.py:188} INFO - [2026-07-05T16:16:19.847+0000] {dagbag.py:545} INFO - Filling up the DagBag from /home/airflow/.local/lib/python3.11/site-packages/airflow/example_dags/example_short_circuit_operator.py
[2026-07-05T16:16:19.855+0000] {processor.py:840} INFO - DAG(s) 'example_short_circuit_operator' retrieved from /home/airflow/.local/lib/python3.11/site-packages/airflow/example_dags/example_short_circuit_operator.py
[2026-07-05T16:16:19.877+0000] {logging_mixin.py:188} INFO - [2026-07-05T16:16:19.877+0000] {dag.py:3096} INFO - Sync 1 DAGs
[2026-07-05T16:16:19.896+0000] {logging_mixin.py:188} INFO - [2026-07-05T16:16:19.896+0000] {dag.py:3954} INFO - Setting next_dagrun for example_short_circuit_operator to 2026-07-04 00:00:00+00:00, run_after=2026-07-05 00:00:00+00:00
[2026-07-05T16:16:19.915+0000] {processor.py:183} INFO - Processing /home/airflow/.local/lib/python3.11/site-packages/airflow/example_dags/example_short_circuit_operator.py took 0.076 seconds
[2026-07-05T16:16:50.093+0000] {processor.py:161} INFO - Started process (PID=840) to work on /home/airflow/.local/lib/python3.11/site-packages/airflow/example_dags/example_short_circuit_operator.py
[2026-07-05T16:16:50.094+0000] {processor.py:830} INFO - Processing file /home/airflow/.local/lib/python3.11/site-packages/airflow/example_dags/example_short_circuit_operator.py for tasks to queue
[2026-07-05T16:16:50.096+0000] {logging_mixin.py:188} INFO - [2026-07-05T16:16:50.095+0000] {dagbag.py:545} INFO - Filling up the DagBag from /home/airflow/.local/lib/python3.11/site-packages/airflow/example_dags/example_short_circuit_operator.py
[2026-07-05T16:16:50.102+0000] {processor.py:840} INFO - DAG(s) 'example_short_circuit_operator' retrieved from /home/airflow/.local/lib/python3.11/site-packages/airflow/example_dags/example_short_circuit_operator.py
[2026-07-05T16:16:50.125+0000] {logging_mixin.py:188} INFO - [2026-07-05T16:16:50.125+0000] {dag.py:3096} INFO - Sync 1 DAGs
[2026-07-05T16:16:50.145+0000] {logging_mixin.py:188} INFO - [2026-07-05T16:16:50.145+0000] {dag.py:3954} INFO - Setting next_dagrun for example_short_circuit_operator to 2026-07-04 00:00:00+00:00, run_after=2026-07-05 00:00:00+00:00
[2026-07-05T16:16:50.162+0000] {processor.py:183} INFO - Processing /home/airflow/.local/lib/python3.11/site-packages/airflow/example_dags/example_short_circuit_operator.py took 0.075 seconds
[2026-07-05T16:17:20.431+0000] {processor.py:161} INFO - Started process (PID=898) to work on /home/airflow/.local/lib/python3.11/site-packages/airflow/example_dags/example_short_circuit_operator.py
[2026-07-05T16:17:20.433+0000] {processor.py:830} INFO - Processing file /home/airflow/.local/lib/python3.11/site-packages/airflow/example_dags/example_short_circuit_operator.py for tasks to queue
[2026-07-05T16:17:20.435+0000] {logging_mixin.py:188} INFO - [2026-07-05T16:17:20.434+0000] {dagbag.py:545} INFO - Filling up the DagBag from /home/airflow/.local/lib/python3.11/site-packages/airflow/example_dags/example_short_circuit_operator.py
[2026-07-05T16:17:20.442+0000] {processor.py:840} INFO - DAG(s) 'example_short_circuit_operator' retrieved from /home/airflow/.local/lib/python3.11/site-packages/airflow/example_dags/example_short_circuit_operator.py
[2026-07-05T16:17:20.465+0000] {logging_mixin.py:188} INFO - [2026-07-05T16:17:20.465+0000] {dag.py:3096} INFO - Sync 1 DAGs
[2026-07-05T16:17:20.485+0000] {logging_mixin.py:188} INFO - [2026-07-05T16:17:20.484+0000] {dag.py:3954} INFO - Setting next_dagrun for example_short_circuit_operator to 2026-07-04 00:00:00+00:00, run_after=2026-07-05 00:00:00+00:00
[2026-07-05T16:17:20.503+0000] {processor.py:183} INFO - Processing /home/airflow/.local/lib/python3.11/site-packages/airflow/example_dags/example_short_circuit_operator.py took 0.079 seconds
[2026-07-05T16:17:50.759+0000] {processor.py:161} INFO - Started process (PID=956) to work on /home/airflow/.local/lib/python3.11/site-packages/airflow/example_dags/example_short_circuit_operator.py
[2026-07-05T16:17:50.760+0000] {processor.py:830} INFO - Processing file /home/airflow/.local/lib/python3.11/site-packages/airflow/example_dags/example_short_circuit_operator.py for tasks to queue
[2026-07-05T16:17:50.762+0000] {logging_mixin.py:188} INFO - [2026-07-05T16:17:50.761+0000] {dagbag.py:545} INFO - Filling up the DagBag from /home/airflow/.local/lib/python3.11/site-packages/airflow/example_dags/example_short_circuit_operator.py
[2026-07-05T16:17:50.768+0000] {processor.py:840} INFO - DAG(s) 'example_short_circuit_operator' retrieved from /home/airflow/.local/lib/python3.11/site-packages/airflow/example_dags/example_short_circuit_operator.py
[2026-07-05T16:17:50.793+0000] {logging_mixin.py:188} INFO - [2026-07-05T16:17:50.793+0000] {dag.py:3096} INFO - Sync 1 DAGs
[2026-07-05T16:17:50.817+0000] {logging_mixin.py:188} INFO - [2026-07-05T16:17:50.816+0000] {dag.py:3954} INFO - Setting next_dagrun for example_short_circuit_operator to 2026-07-04 00:00:00+00:00, run_after=2026-07-05 00:00:00+00:00
[2026-07-05T16:17:50.839+0000] {processor.py:183} INFO - Processing /home/airflow/.local/lib/python3.11/site-packages/airflow/example_dags/example_short_circuit_operator.py took 0.085 seconds
[2026-07-05T16:18:21.817+0000] {processor.py:161} INFO - Started process (PID=1014) to work on /home/airflow/.local/lib/python3.11/site-packages/airflow/example_dags/example_short_circuit_operator.py
[2026-07-05T16:18:21.819+0000] {processor.py:830} INFO - Processing file /home/airflow/.local/lib/python3.11/site-packages/airflow/example_dags/example_short_circuit_operator.py for tasks to queue
[2026-07-05T16:18:21.821+0000] {logging_mixin.py:188} INFO - [2026-07-05T16:18:21.821+0000] {dagbag.py:545} INFO - Filling up the DagBag from /home/airflow/.local/lib/python3.11/site-packages/airflow/example_dags/example_short_circuit_operator.py
[2026-07-05T16:18:21.829+0000] {processor.py:840} INFO - DAG(s) 'example_short_circuit_operator' retrieved from /home/airflow/.local/lib/python3.11/site-packages/airflow/example_dags/example_short_circuit_operator.py
[2026-07-05T16:18:21.857+0000] {logging_mixin.py:188} INFO - [2026-07-05T16:18:21.857+0000] {dag.py:3096} INFO - Sync 1 DAGs
[2026-07-05T16:18:21.881+0000] {logging_mixin.py:188} INFO - [2026-07-05T16:18:21.880+0000] {dag.py:3954} INFO - Setting next_dagrun for example_short_circuit_operator to 2026-07-04 00:00:00+00:00, run_after=2026-07-05 00:00:00+00:00
[2026-07-05T16:18:21.899+0000] {processor.py:183} INFO - Processing /home/airflow/.local/lib/python3.11/site-packages/airflow/example_dags/example_short_circuit_operator.py took 0.088 seconds
[2026-07-05T16:18:52.003+0000] {processor.py:161} INFO - Started process (PID=1072) to work on /home/airflow/.local/lib/python3.11/site-packages/airflow/example_dags/example_short_circuit_operator.py
[2026-07-05T16:18:52.004+0000] {processor.py:830} INFO - Processing file /home/airflow/.local/lib/python3.11/site-packages/airflow/example_dags/example_short_circuit_operator.py for tasks to queue
[2026-07-05T16:18:52.006+0000] {logging_mixin.py:188} INFO - [2026-07-05T16:18:52.005+0000] {dagbag.py:545} INFO - Filling up the DagBag from /home/airflow/.local/lib/python3.11/site-packages/airflow/example_dags/example_short_circuit_operator.py
[2026-07-05T16:18:52.013+0000] {processor.py:840} INFO - DAG(s) 'example_short_circuit_operator' retrieved from /home/airflow/.local/lib/python3.11/site-packages/airflow/example_dags/example_short_circuit_operator.py
[2026-07-05T16:18:52.041+0000] {logging_mixin.py:188} INFO - [2026-07-05T16:18:52.041+0000] {dag.py:3096} INFO - Sync 1 DAGs
[2026-07-05T16:18:52.071+0000] {logging_mixin.py:188} INFO - [2026-07-05T16:18:52.070+0000] {dag.py:3954} INFO - Setting next_dagrun for example_short_circuit_operator to 2026-07-04 00:00:00+00:00, run_after=2026-07-05 00:00:00+00:00
[2026-07-05T16:18:52.095+0000] {processor.py:183} INFO - Processing /home/airflow/.local/lib/python3.11/site-packages/airflow/example_dags/example_short_circuit_operator.py took 0.098 seconds
