[2026-07-05T16:07:40.474+0000] {processor.py:161} INFO - Started process (PID=108) to work on /home/airflow/.local/lib/python3.11/site-packages/airflow/example_dags/example_nested_branch_dag.py
[2026-07-05T16:07:40.476+0000] {processor.py:830} INFO - Processing file /home/airflow/.local/lib/python3.11/site-packages/airflow/example_dags/example_nested_branch_dag.py for tasks to queue
[2026-07-05T16:07:40.479+0000] {logging_mixin.py:188} INFO - [2026-07-05T16:07:40.478+0000] {dagbag.py:545} INFO - Filling up the DagBag from /home/airflow/.local/lib/python3.11/site-packages/airflow/example_dags/example_nested_branch_dag.py
[2026-07-05T16:07:40.496+0000] {processor.py:840} INFO - DAG(s) 'example_nested_branch_dag' retrieved from /home/airflow/.local/lib/python3.11/site-packages/airflow/example_dags/example_nested_branch_dag.py
[2026-07-05T16:07:40.642+0000] {logging_mixin.py:188} INFO - [2026-07-05T16:07:40.641+0000] {override.py:1829} INFO - Created Permission View: can delete on DAG:example_nested_branch_dag
[2026-07-05T16:07:40.656+0000] {logging_mixin.py:188} INFO - [2026-07-05T16:07:40.656+0000] {override.py:1829} INFO - Created Permission View: can read on DAG:example_nested_branch_dag
[2026-07-05T16:07:40.664+0000] {logging_mixin.py:188} INFO - [2026-07-05T16:07:40.664+0000] {override.py:1829} INFO - Created Permission View: can edit on DAG:example_nested_branch_dag
[2026-07-05T16:07:40.665+0000] {logging_mixin.py:188} INFO - [2026-07-05T16:07:40.665+0000] {dag.py:3096} INFO - Sync 1 DAGs
[2026-07-05T16:07:40.677+0000] {logging_mixin.py:188} INFO - [2026-07-05T16:07:40.677+0000] {dag.py:3118} INFO - Creating ORM DAG for example_nested_branch_dag
[2026-07-05T16:07:40.689+0000] {logging_mixin.py:188} INFO - [2026-07-05T16:07:40.689+0000] {dag.py:3954} INFO - Setting next_dagrun for example_nested_branch_dag to 2026-07-04 00:00:00+00:00, run_after=2026-07-05 00:00:00+00:00
[2026-07-05T16:07:40.709+0000] {processor.py:183} INFO - Processing /home/airflow/.local/lib/python3.11/site-packages/airflow/example_dags/example_nested_branch_dag.py took 0.242 seconds
[2026-07-05T16:08:11.344+0000] {processor.py:161} INFO - Started process (PID=166) to work on /home/airflow/.local/lib/python3.11/site-packages/airflow/example_dags/example_nested_branch_dag.py
[2026-07-05T16:08:11.345+0000] {processor.py:830} INFO - Processing file /home/airflow/.local/lib/python3.11/site-packages/airflow/example_dags/example_nested_branch_dag.py for tasks to queue
[2026-07-05T16:08:11.347+0000] {logging_mixin.py:188} INFO - [2026-07-05T16:08:11.347+0000] {dagbag.py:545} INFO - Filling up the DagBag from /home/airflow/.local/lib/python3.11/site-packages/airflow/example_dags/example_nested_branch_dag.py
[2026-07-05T16:08:11.357+0000] {processor.py:840} INFO - DAG(s) 'example_nested_branch_dag' retrieved from /home/airflow/.local/lib/python3.11/site-packages/airflow/example_dags/example_nested_branch_dag.py
[2026-07-05T16:08:11.378+0000] {logging_mixin.py:188} INFO - [2026-07-05T16:08:11.378+0000] {dag.py:3096} INFO - Sync 1 DAGs
[2026-07-05T16:08:11.398+0000] {logging_mixin.py:188} INFO - [2026-07-05T16:08:11.398+0000] {dag.py:3954} INFO - Setting next_dagrun for example_nested_branch_dag to 2026-07-04 00:00:00+00:00, run_after=2026-07-05 00:00:00+00:00
[2026-07-05T16:08:11.417+0000] {processor.py:183} INFO - Processing /home/airflow/.local/lib/python3.11/site-packages/airflow/example_dags/example_nested_branch_dag.py took 0.079 seconds
[2026-07-05T16:08:42.043+0000] {processor.py:161} INFO - Started process (PID=224) to work on /home/airflow/.local/lib/python3.11/site-packages/airflow/example_dags/example_nested_branch_dag.py
[2026-07-05T16:08:42.044+0000] {processor.py:830} INFO - Processing file /home/airflow/.local/lib/python3.11/site-packages/airflow/example_dags/example_nested_branch_dag.py for tasks to queue
[2026-07-05T16:08:42.047+0000] {logging_mixin.py:188} INFO - [2026-07-05T16:08:42.046+0000] {dagbag.py:545} INFO - Filling up the DagBag from /home/airflow/.local/lib/python3.11/site-packages/airflow/example_dags/example_nested_branch_dag.py
[2026-07-05T16:08:42.060+0000] {processor.py:840} INFO - DAG(s) 'example_nested_branch_dag' retrieved from /home/airflow/.local/lib/python3.11/site-packages/airflow/example_dags/example_nested_branch_dag.py
[2026-07-05T16:08:42.085+0000] {logging_mixin.py:188} INFO - [2026-07-05T16:08:42.085+0000] {dag.py:3096} INFO - Sync 1 DAGs
[2026-07-05T16:08:42.119+0000] {logging_mixin.py:188} INFO - [2026-07-05T16:08:42.119+0000] {dag.py:3954} INFO - Setting next_dagrun for example_nested_branch_dag to 2026-07-04 00:00:00+00:00, run_after=2026-07-05 00:00:00+00:00
[2026-07-05T16:08:42.143+0000] {processor.py:183} INFO - Processing /home/airflow/.local/lib/python3.11/site-packages/airflow/example_dags/example_nested_branch_dag.py took 0.108 seconds
[2026-07-05T16:09:12.384+0000] {processor.py:161} INFO - Started process (PID=282) to work on /home/airflow/.local/lib/python3.11/site-packages/airflow/example_dags/example_nested_branch_dag.py
[2026-07-05T16:09:12.386+0000] {processor.py:830} INFO - Processing file /home/airflow/.local/lib/python3.11/site-packages/airflow/example_dags/example_nested_branch_dag.py for tasks to queue
[2026-07-05T16:09:12.389+0000] {logging_mixin.py:188} INFO - [2026-07-05T16:09:12.389+0000] {dagbag.py:545} INFO - Filling up the DagBag from /home/airflow/.local/lib/python3.11/site-packages/airflow/example_dags/example_nested_branch_dag.py
[2026-07-05T16:09:12.404+0000] {processor.py:840} INFO - DAG(s) 'example_nested_branch_dag' retrieved from /home/airflow/.local/lib/python3.11/site-packages/airflow/example_dags/example_nested_branch_dag.py
[2026-07-05T16:09:12.421+0000] {logging_mixin.py:188} INFO - [2026-07-05T16:09:12.421+0000] {dag.py:3096} INFO - Sync 1 DAGs
[2026-07-05T16:09:12.454+0000] {logging_mixin.py:188} INFO - [2026-07-05T16:09:12.453+0000] {dag.py:3954} INFO - Setting next_dagrun for example_nested_branch_dag to 2026-07-04 00:00:00+00:00, run_after=2026-07-05 00:00:00+00:00
[2026-07-05T16:09:12.477+0000] {processor.py:183} INFO - Processing /home/airflow/.local/lib/python3.11/site-packages/airflow/example_dags/example_nested_branch_dag.py took 0.103 seconds
[2026-07-05T16:09:43.195+0000] {processor.py:161} INFO - Started process (PID=340) to work on /home/airflow/.local/lib/python3.11/site-packages/airflow/example_dags/example_nested_branch_dag.py
[2026-07-05T16:09:43.196+0000] {processor.py:830} INFO - Processing file /home/airflow/.local/lib/python3.11/site-packages/airflow/example_dags/example_nested_branch_dag.py for tasks to queue
[2026-07-05T16:09:43.198+0000] {logging_mixin.py:188} INFO - [2026-07-05T16:09:43.198+0000] {dagbag.py:545} INFO - Filling up the DagBag from /home/airflow/.local/lib/python3.11/site-packages/airflow/example_dags/example_nested_branch_dag.py
[2026-07-05T16:09:43.208+0000] {processor.py:840} INFO - DAG(s) 'example_nested_branch_dag' retrieved from /home/airflow/.local/lib/python3.11/site-packages/airflow/example_dags/example_nested_branch_dag.py
[2026-07-05T16:09:43.327+0000] {logging_mixin.py:188} INFO - [2026-07-05T16:09:43.326+0000] {dag.py:3096} INFO - Sync 1 DAGs
[2026-07-05T16:09:43.356+0000] {logging_mixin.py:188} INFO - [2026-07-05T16:09:43.356+0000] {dag.py:3954} INFO - Setting next_dagrun for example_nested_branch_dag to 2026-07-04 00:00:00+00:00, run_after=2026-07-05 00:00:00+00:00
[2026-07-05T16:09:43.387+0000] {processor.py:183} INFO - Processing /home/airflow/.local/lib/python3.11/site-packages/airflow/example_dags/example_nested_branch_dag.py took 0.199 seconds
[2026-07-05T16:10:16.749+0000] {processor.py:161} INFO - Started process (PID=103) to work on /home/airflow/.local/lib/python3.11/site-packages/airflow/example_dags/example_nested_branch_dag.py
[2026-07-05T16:10:16.750+0000] {processor.py:830} INFO - Processing file /home/airflow/.local/lib/python3.11/site-packages/airflow/example_dags/example_nested_branch_dag.py for tasks to queue
[2026-07-05T16:10:16.752+0000] {logging_mixin.py:188} INFO - [2026-07-05T16:10:16.752+0000] {dagbag.py:545} INFO - Filling up the DagBag from /home/airflow/.local/lib/python3.11/site-packages/airflow/example_dags/example_nested_branch_dag.py
[2026-07-05T16:10:16.763+0000] {processor.py:840} INFO - DAG(s) 'example_nested_branch_dag' retrieved from /home/airflow/.local/lib/python3.11/site-packages/airflow/example_dags/example_nested_branch_dag.py
[2026-07-05T16:10:16.777+0000] {logging_mixin.py:188} INFO - [2026-07-05T16:10:16.776+0000] {dag.py:3096} INFO - Sync 1 DAGs
[2026-07-05T16:10:16.808+0000] {logging_mixin.py:188} INFO - [2026-07-05T16:10:16.807+0000] {dag.py:3954} INFO - Setting next_dagrun for example_nested_branch_dag to 2026-07-04 00:00:00+00:00, run_after=2026-07-05 00:00:00+00:00
[2026-07-05T16:10:16.838+0000] {processor.py:183} INFO - Processing /home/airflow/.local/lib/python3.11/site-packages/airflow/example_dags/example_nested_branch_dag.py took 0.096 seconds
[2026-07-05T16:10:48.081+0000] {processor.py:161} INFO - Started process (PID=162) to work on /home/airflow/.local/lib/python3.11/site-packages/airflow/example_dags/example_nested_branch_dag.py
[2026-07-05T16:10:48.083+0000] {processor.py:830} INFO - Processing file /home/airflow/.local/lib/python3.11/site-packages/airflow/example_dags/example_nested_branch_dag.py for tasks to queue
[2026-07-05T16:10:48.086+0000] {logging_mixin.py:188} INFO - [2026-07-05T16:10:48.086+0000] {dagbag.py:545} INFO - Filling up the DagBag from /home/airflow/.local/lib/python3.11/site-packages/airflow/example_dags/example_nested_branch_dag.py
[2026-07-05T16:10:48.100+0000] {processor.py:840} INFO - DAG(s) 'example_nested_branch_dag' retrieved from /home/airflow/.local/lib/python3.11/site-packages/airflow/example_dags/example_nested_branch_dag.py
[2026-07-05T16:10:48.235+0000] {logging_mixin.py:188} INFO - [2026-07-05T16:10:48.235+0000] {dag.py:3096} INFO - Sync 1 DAGs
[2026-07-05T16:10:48.260+0000] {logging_mixin.py:188} INFO - [2026-07-05T16:10:48.260+0000] {dag.py:3954} INFO - Setting next_dagrun for example_nested_branch_dag to 2026-07-04 00:00:00+00:00, run_after=2026-07-05 00:00:00+00:00
[2026-07-05T16:10:48.301+0000] {processor.py:183} INFO - Processing /home/airflow/.local/lib/python3.11/site-packages/airflow/example_dags/example_nested_branch_dag.py took 0.230 seconds
[2026-07-05T16:11:18.469+0000] {processor.py:161} INFO - Started process (PID=220) to work on /home/airflow/.local/lib/python3.11/site-packages/airflow/example_dags/example_nested_branch_dag.py
[2026-07-05T16:11:18.470+0000] {processor.py:830} INFO - Processing file /home/airflow/.local/lib/python3.11/site-packages/airflow/example_dags/example_nested_branch_dag.py for tasks to queue
[2026-07-05T16:11:18.474+0000] {logging_mixin.py:188} INFO - [2026-07-05T16:11:18.473+0000] {dagbag.py:545} INFO - Filling up the DagBag from /home/airflow/.local/lib/python3.11/site-packages/airflow/example_dags/example_nested_branch_dag.py
[2026-07-05T16:11:18.486+0000] {processor.py:840} INFO - DAG(s) 'example_nested_branch_dag' retrieved from /home/airflow/.local/lib/python3.11/site-packages/airflow/example_dags/example_nested_branch_dag.py
[2026-07-05T16:11:18.509+0000] {logging_mixin.py:188} INFO - [2026-07-05T16:11:18.509+0000] {dag.py:3096} INFO - Sync 1 DAGs
[2026-07-05T16:11:18.534+0000] {logging_mixin.py:188} INFO - [2026-07-05T16:11:18.534+0000] {dag.py:3954} INFO - Setting next_dagrun for example_nested_branch_dag to 2026-07-04 00:00:00+00:00, run_after=2026-07-05 00:00:00+00:00
[2026-07-05T16:11:18.556+0000] {processor.py:183} INFO - Processing /home/airflow/.local/lib/python3.11/site-packages/airflow/example_dags/example_nested_branch_dag.py took 0.097 seconds
[2026-07-05T16:11:49.270+0000] {processor.py:161} INFO - Started process (PID=278) to work on /home/airflow/.local/lib/python3.11/site-packages/airflow/example_dags/example_nested_branch_dag.py
[2026-07-05T16:11:49.272+0000] {processor.py:830} INFO - Processing file /home/airflow/.local/lib/python3.11/site-packages/airflow/example_dags/example_nested_branch_dag.py for tasks to queue
[2026-07-05T16:11:49.275+0000] {logging_mixin.py:188} INFO - [2026-07-05T16:11:49.274+0000] {dagbag.py:545} INFO - Filling up the DagBag from /home/airflow/.local/lib/python3.11/site-packages/airflow/example_dags/example_nested_branch_dag.py
[2026-07-05T16:11:49.289+0000] {processor.py:840} INFO - DAG(s) 'example_nested_branch_dag' retrieved from /home/airflow/.local/lib/python3.11/site-packages/airflow/example_dags/example_nested_branch_dag.py
[2026-07-05T16:11:49.305+0000] {logging_mixin.py:188} INFO - [2026-07-05T16:11:49.305+0000] {dag.py:3096} INFO - Sync 1 DAGs
[2026-07-05T16:11:49.334+0000] {logging_mixin.py:188} INFO - [2026-07-05T16:11:49.333+0000] {dag.py:3954} INFO - Setting next_dagrun for example_nested_branch_dag to 2026-07-04 00:00:00+00:00, run_after=2026-07-05 00:00:00+00:00
[2026-07-05T16:11:49.359+0000] {processor.py:183} INFO - Processing /home/airflow/.local/lib/python3.11/site-packages/airflow/example_dags/example_nested_branch_dag.py took 0.097 seconds
[2026-07-05T16:12:21.612+0000] {processor.py:161} INFO - Started process (PID=336) to work on /home/airflow/.local/lib/python3.11/site-packages/airflow/example_dags/example_nested_branch_dag.py
[2026-07-05T16:12:21.619+0000] {processor.py:830} INFO - Processing file /home/airflow/.local/lib/python3.11/site-packages/airflow/example_dags/example_nested_branch_dag.py for tasks to queue
[2026-07-05T16:12:21.624+0000] {logging_mixin.py:188} INFO - [2026-07-05T16:12:21.623+0000] {dagbag.py:545} INFO - Filling up the DagBag from /home/airflow/.local/lib/python3.11/site-packages/airflow/example_dags/example_nested_branch_dag.py
[2026-07-05T16:12:21.644+0000] {processor.py:840} INFO - DAG(s) 'example_nested_branch_dag' retrieved from /home/airflow/.local/lib/python3.11/site-packages/airflow/example_dags/example_nested_branch_dag.py
[2026-07-05T16:12:21.910+0000] {logging_mixin.py:188} INFO - [2026-07-05T16:12:21.909+0000] {dag.py:3096} INFO - Sync 1 DAGs
[2026-07-05T16:12:22.038+0000] {logging_mixin.py:188} INFO - [2026-07-05T16:12:22.038+0000] {dag.py:3954} INFO - Setting next_dagrun for example_nested_branch_dag to 2026-07-04 00:00:00+00:00, run_after=2026-07-05 00:00:00+00:00
[2026-07-05T16:12:22.116+0000] {processor.py:183} INFO - Processing /home/airflow/.local/lib/python3.11/site-packages/airflow/example_dags/example_nested_branch_dag.py took 0.515 seconds
[2026-07-05T16:12:52.922+0000] {processor.py:161} INFO - Started process (PID=395) to work on /home/airflow/.local/lib/python3.11/site-packages/airflow/example_dags/example_nested_branch_dag.py
[2026-07-05T16:12:52.924+0000] {processor.py:830} INFO - Processing file /home/airflow/.local/lib/python3.11/site-packages/airflow/example_dags/example_nested_branch_dag.py for tasks to queue
[2026-07-05T16:12:52.926+0000] {logging_mixin.py:188} INFO - [2026-07-05T16:12:52.926+0000] {dagbag.py:545} INFO - Filling up the DagBag from /home/airflow/.local/lib/python3.11/site-packages/airflow/example_dags/example_nested_branch_dag.py
[2026-07-05T16:12:52.941+0000] {processor.py:840} INFO - DAG(s) 'example_nested_branch_dag' retrieved from /home/airflow/.local/lib/python3.11/site-packages/airflow/example_dags/example_nested_branch_dag.py
[2026-07-05T16:12:52.973+0000] {logging_mixin.py:188} INFO - [2026-07-05T16:12:52.973+0000] {dag.py:3096} INFO - Sync 1 DAGs
[2026-07-05T16:12:52.996+0000] {logging_mixin.py:188} INFO - [2026-07-05T16:12:52.995+0000] {dag.py:3954} INFO - Setting next_dagrun for example_nested_branch_dag to 2026-07-04 00:00:00+00:00, run_after=2026-07-05 00:00:00+00:00
[2026-07-05T16:12:53.020+0000] {processor.py:183} INFO - Processing /home/airflow/.local/lib/python3.11/site-packages/airflow/example_dags/example_nested_branch_dag.py took 0.106 seconds
[2026-07-05T16:13:23.601+0000] {processor.py:161} INFO - Started process (PID=453) to work on /home/airflow/.local/lib/python3.11/site-packages/airflow/example_dags/example_nested_branch_dag.py
[2026-07-05T16:13:23.602+0000] {processor.py:830} INFO - Processing file /home/airflow/.local/lib/python3.11/site-packages/airflow/example_dags/example_nested_branch_dag.py for tasks to queue
[2026-07-05T16:13:23.604+0000] {logging_mixin.py:188} INFO - [2026-07-05T16:13:23.604+0000] {dagbag.py:545} INFO - Filling up the DagBag from /home/airflow/.local/lib/python3.11/site-packages/airflow/example_dags/example_nested_branch_dag.py
[2026-07-05T16:13:23.615+0000] {processor.py:840} INFO - DAG(s) 'example_nested_branch_dag' retrieved from /home/airflow/.local/lib/python3.11/site-packages/airflow/example_dags/example_nested_branch_dag.py
[2026-07-05T16:13:23.639+0000] {logging_mixin.py:188} INFO - [2026-07-05T16:13:23.639+0000] {dag.py:3096} INFO - Sync 1 DAGs
[2026-07-05T16:13:23.662+0000] {logging_mixin.py:188} INFO - [2026-07-05T16:13:23.661+0000] {dag.py:3954} INFO - Setting next_dagrun for example_nested_branch_dag to 2026-07-04 00:00:00+00:00, run_after=2026-07-05 00:00:00+00:00
[2026-07-05T16:13:23.682+0000] {processor.py:183} INFO - Processing /home/airflow/.local/lib/python3.11/site-packages/airflow/example_dags/example_nested_branch_dag.py took 0.087 seconds
[2026-07-05T16:13:54.002+0000] {processor.py:161} INFO - Started process (PID=511) to work on /home/airflow/.local/lib/python3.11/site-packages/airflow/example_dags/example_nested_branch_dag.py
[2026-07-05T16:13:54.004+0000] {processor.py:830} INFO - Processing file /home/airflow/.local/lib/python3.11/site-packages/airflow/example_dags/example_nested_branch_dag.py for tasks to queue
[2026-07-05T16:13:54.005+0000] {logging_mixin.py:188} INFO - [2026-07-05T16:13:54.005+0000] {dagbag.py:545} INFO - Filling up the DagBag from /home/airflow/.local/lib/python3.11/site-packages/airflow/example_dags/example_nested_branch_dag.py
[2026-07-05T16:13:54.014+0000] {processor.py:840} INFO - DAG(s) 'example_nested_branch_dag' retrieved from /home/airflow/.local/lib/python3.11/site-packages/airflow/example_dags/example_nested_branch_dag.py
[2026-07-05T16:13:54.034+0000] {logging_mixin.py:188} INFO - [2026-07-05T16:13:54.034+0000] {dag.py:3096} INFO - Sync 1 DAGs
[2026-07-05T16:13:54.052+0000] {logging_mixin.py:188} INFO - [2026-07-05T16:13:54.052+0000] {dag.py:3954} INFO - Setting next_dagrun for example_nested_branch_dag to 2026-07-04 00:00:00+00:00, run_after=2026-07-05 00:00:00+00:00
[2026-07-05T16:13:54.071+0000] {processor.py:183} INFO - Processing /home/airflow/.local/lib/python3.11/site-packages/airflow/example_dags/example_nested_branch_dag.py took 0.074 seconds
[2026-07-05T16:14:24.192+0000] {processor.py:161} INFO - Started process (PID=569) to work on /home/airflow/.local/lib/python3.11/site-packages/airflow/example_dags/example_nested_branch_dag.py
[2026-07-05T16:14:24.193+0000] {processor.py:830} INFO - Processing file /home/airflow/.local/lib/python3.11/site-packages/airflow/example_dags/example_nested_branch_dag.py for tasks to queue
[2026-07-05T16:14:24.195+0000] {logging_mixin.py:188} INFO - [2026-07-05T16:14:24.195+0000] {dagbag.py:545} INFO - Filling up the DagBag from /home/airflow/.local/lib/python3.11/site-packages/airflow/example_dags/example_nested_branch_dag.py
[2026-07-05T16:14:24.204+0000] {processor.py:840} INFO - DAG(s) 'example_nested_branch_dag' retrieved from /home/airflow/.local/lib/python3.11/site-packages/airflow/example_dags/example_nested_branch_dag.py
[2026-07-05T16:14:24.226+0000] {logging_mixin.py:188} INFO - [2026-07-05T16:14:24.226+0000] {dag.py:3096} INFO - Sync 1 DAGs
[2026-07-05T16:14:24.245+0000] {logging_mixin.py:188} INFO - [2026-07-05T16:14:24.244+0000] {dag.py:3954} INFO - Setting next_dagrun for example_nested_branch_dag to 2026-07-04 00:00:00+00:00, run_after=2026-07-05 00:00:00+00:00
[2026-07-05T16:14:24.265+0000] {processor.py:183} INFO - Processing /home/airflow/.local/lib/python3.11/site-packages/airflow/example_dags/example_nested_branch_dag.py took 0.079 seconds
[2026-07-05T16:14:54.623+0000] {processor.py:161} INFO - Started process (PID=627) to work on /home/airflow/.local/lib/python3.11/site-packages/airflow/example_dags/example_nested_branch_dag.py
[2026-07-05T16:14:54.624+0000] {processor.py:830} INFO - Processing file /home/airflow/.local/lib/python3.11/site-packages/airflow/example_dags/example_nested_branch_dag.py for tasks to queue
[2026-07-05T16:14:54.626+0000] {logging_mixin.py:188} INFO - [2026-07-05T16:14:54.625+0000] {dagbag.py:545} INFO - Filling up the DagBag from /home/airflow/.local/lib/python3.11/site-packages/airflow/example_dags/example_nested_branch_dag.py
[2026-07-05T16:14:54.635+0000] {processor.py:840} INFO - DAG(s) 'example_nested_branch_dag' retrieved from /home/airflow/.local/lib/python3.11/site-packages/airflow/example_dags/example_nested_branch_dag.py
[2026-07-05T16:14:54.655+0000] {logging_mixin.py:188} INFO - [2026-07-05T16:14:54.655+0000] {dag.py:3096} INFO - Sync 1 DAGs
[2026-07-05T16:14:54.676+0000] {logging_mixin.py:188} INFO - [2026-07-05T16:14:54.676+0000] {dag.py:3954} INFO - Setting next_dagrun for example_nested_branch_dag to 2026-07-04 00:00:00+00:00, run_after=2026-07-05 00:00:00+00:00
[2026-07-05T16:14:54.695+0000] {processor.py:183} INFO - Processing /home/airflow/.local/lib/python3.11/site-packages/airflow/example_dags/example_nested_branch_dag.py took 0.077 seconds
[2026-07-05T16:15:25.554+0000] {processor.py:161} INFO - Started process (PID=685) to work on /home/airflow/.local/lib/python3.11/site-packages/airflow/example_dags/example_nested_branch_dag.py
[2026-07-05T16:15:25.555+0000] {processor.py:830} INFO - Processing file /home/airflow/.local/lib/python3.11/site-packages/airflow/example_dags/example_nested_branch_dag.py for tasks to queue
[2026-07-05T16:15:25.557+0000] {logging_mixin.py:188} INFO - [2026-07-05T16:15:25.557+0000] {dagbag.py:545} INFO - Filling up the DagBag from /home/airflow/.local/lib/python3.11/site-packages/airflow/example_dags/example_nested_branch_dag.py
[2026-07-05T16:15:25.567+0000] {processor.py:840} INFO - DAG(s) 'example_nested_branch_dag' retrieved from /home/airflow/.local/lib/python3.11/site-packages/airflow/example_dags/example_nested_branch_dag.py
[2026-07-05T16:15:25.588+0000] {logging_mixin.py:188} INFO - [2026-07-05T16:15:25.587+0000] {dag.py:3096} INFO - Sync 1 DAGs
[2026-07-05T16:15:25.608+0000] {logging_mixin.py:188} INFO - [2026-07-05T16:15:25.608+0000] {dag.py:3954} INFO - Setting next_dagrun for example_nested_branch_dag to 2026-07-04 00:00:00+00:00, run_after=2026-07-05 00:00:00+00:00
[2026-07-05T16:15:25.626+0000] {processor.py:183} INFO - Processing /home/airflow/.local/lib/python3.11/site-packages/airflow/example_dags/example_nested_branch_dag.py took 0.077 seconds
[2026-07-05T16:15:55.725+0000] {processor.py:161} INFO - Started process (PID=743) to work on /home/airflow/.local/lib/python3.11/site-packages/airflow/example_dags/example_nested_branch_dag.py
[2026-07-05T16:15:55.727+0000] {processor.py:830} INFO - Processing file /home/airflow/.local/lib/python3.11/site-packages/airflow/example_dags/example_nested_branch_dag.py for tasks to queue
[2026-07-05T16:15:55.730+0000] {logging_mixin.py:188} INFO - [2026-07-05T16:15:55.729+0000] {dagbag.py:545} INFO - Filling up the DagBag from /home/airflow/.local/lib/python3.11/site-packages/airflow/example_dags/example_nested_branch_dag.py
[2026-07-05T16:15:55.743+0000] {processor.py:840} INFO - DAG(s) 'example_nested_branch_dag' retrieved from /home/airflow/.local/lib/python3.11/site-packages/airflow/example_dags/example_nested_branch_dag.py
[2026-07-05T16:15:55.767+0000] {logging_mixin.py:188} INFO - [2026-07-05T16:15:55.767+0000] {dag.py:3096} INFO - Sync 1 DAGs
[2026-07-05T16:15:55.790+0000] {logging_mixin.py:188} INFO - [2026-07-05T16:15:55.790+0000] {dag.py:3954} INFO - Setting next_dagrun for example_nested_branch_dag to 2026-07-04 00:00:00+00:00, run_after=2026-07-05 00:00:00+00:00
[2026-07-05T16:15:55.815+0000] {processor.py:183} INFO - Processing /home/airflow/.local/lib/python3.11/site-packages/airflow/example_dags/example_nested_branch_dag.py took 0.098 seconds
[2026-07-05T16:16:26.058+0000] {processor.py:161} INFO - Started process (PID=801) to work on /home/airflow/.local/lib/python3.11/site-packages/airflow/example_dags/example_nested_branch_dag.py
[2026-07-05T16:16:26.059+0000] {processor.py:830} INFO - Processing file /home/airflow/.local/lib/python3.11/site-packages/airflow/example_dags/example_nested_branch_dag.py for tasks to queue
[2026-07-05T16:16:26.060+0000] {logging_mixin.py:188} INFO - [2026-07-05T16:16:26.060+0000] {dagbag.py:545} INFO - Filling up the DagBag from /home/airflow/.local/lib/python3.11/site-packages/airflow/example_dags/example_nested_branch_dag.py
[2026-07-05T16:16:26.069+0000] {processor.py:840} INFO - DAG(s) 'example_nested_branch_dag' retrieved from /home/airflow/.local/lib/python3.11/site-packages/airflow/example_dags/example_nested_branch_dag.py
[2026-07-05T16:16:26.092+0000] {logging_mixin.py:188} INFO - [2026-07-05T16:16:26.092+0000] {dag.py:3096} INFO - Sync 1 DAGs
[2026-07-05T16:16:26.116+0000] {logging_mixin.py:188} INFO - [2026-07-05T16:16:26.115+0000] {dag.py:3954} INFO - Setting next_dagrun for example_nested_branch_dag to 2026-07-04 00:00:00+00:00, run_after=2026-07-05 00:00:00+00:00
[2026-07-05T16:16:26.135+0000] {processor.py:183} INFO - Processing /home/airflow/.local/lib/python3.11/site-packages/airflow/example_dags/example_nested_branch_dag.py took 0.082 seconds
[2026-07-05T16:16:56.187+0000] {processor.py:161} INFO - Started process (PID=859) to work on /home/airflow/.local/lib/python3.11/site-packages/airflow/example_dags/example_nested_branch_dag.py
[2026-07-05T16:16:56.188+0000] {processor.py:830} INFO - Processing file /home/airflow/.local/lib/python3.11/site-packages/airflow/example_dags/example_nested_branch_dag.py for tasks to queue
[2026-07-05T16:16:56.190+0000] {logging_mixin.py:188} INFO - [2026-07-05T16:16:56.190+0000] {dagbag.py:545} INFO - Filling up the DagBag from /home/airflow/.local/lib/python3.11/site-packages/airflow/example_dags/example_nested_branch_dag.py
[2026-07-05T16:16:56.199+0000] {processor.py:840} INFO - DAG(s) 'example_nested_branch_dag' retrieved from /home/airflow/.local/lib/python3.11/site-packages/airflow/example_dags/example_nested_branch_dag.py
[2026-07-05T16:16:56.219+0000] {logging_mixin.py:188} INFO - [2026-07-05T16:16:56.219+0000] {dag.py:3096} INFO - Sync 1 DAGs
[2026-07-05T16:16:56.237+0000] {logging_mixin.py:188} INFO - [2026-07-05T16:16:56.237+0000] {dag.py:3954} INFO - Setting next_dagrun for example_nested_branch_dag to 2026-07-04 00:00:00+00:00, run_after=2026-07-05 00:00:00+00:00
[2026-07-05T16:16:56.256+0000] {processor.py:183} INFO - Processing /home/airflow/.local/lib/python3.11/site-packages/airflow/example_dags/example_nested_branch_dag.py took 0.075 seconds
[2026-07-05T16:17:26.480+0000] {processor.py:161} INFO - Started process (PID=917) to work on /home/airflow/.local/lib/python3.11/site-packages/airflow/example_dags/example_nested_branch_dag.py
[2026-07-05T16:17:26.481+0000] {processor.py:830} INFO - Processing file /home/airflow/.local/lib/python3.11/site-packages/airflow/example_dags/example_nested_branch_dag.py for tasks to queue
[2026-07-05T16:17:26.483+0000] {logging_mixin.py:188} INFO - [2026-07-05T16:17:26.483+0000] {dagbag.py:545} INFO - Filling up the DagBag from /home/airflow/.local/lib/python3.11/site-packages/airflow/example_dags/example_nested_branch_dag.py
[2026-07-05T16:17:26.492+0000] {processor.py:840} INFO - DAG(s) 'example_nested_branch_dag' retrieved from /home/airflow/.local/lib/python3.11/site-packages/airflow/example_dags/example_nested_branch_dag.py
[2026-07-05T16:17:26.513+0000] {logging_mixin.py:188} INFO - [2026-07-05T16:17:26.512+0000] {dag.py:3096} INFO - Sync 1 DAGs
[2026-07-05T16:17:26.531+0000] {logging_mixin.py:188} INFO - [2026-07-05T16:17:26.531+0000] {dag.py:3954} INFO - Setting next_dagrun for example_nested_branch_dag to 2026-07-04 00:00:00+00:00, run_after=2026-07-05 00:00:00+00:00
[2026-07-05T16:17:26.550+0000] {processor.py:183} INFO - Processing /home/airflow/.local/lib/python3.11/site-packages/airflow/example_dags/example_nested_branch_dag.py took 0.075 seconds
[2026-07-05T16:17:56.737+0000] {processor.py:161} INFO - Started process (PID=975) to work on /home/airflow/.local/lib/python3.11/site-packages/airflow/example_dags/example_nested_branch_dag.py
[2026-07-05T16:17:56.738+0000] {processor.py:830} INFO - Processing file /home/airflow/.local/lib/python3.11/site-packages/airflow/example_dags/example_nested_branch_dag.py for tasks to queue
[2026-07-05T16:17:56.740+0000] {logging_mixin.py:188} INFO - [2026-07-05T16:17:56.740+0000] {dagbag.py:545} INFO - Filling up the DagBag from /home/airflow/.local/lib/python3.11/site-packages/airflow/example_dags/example_nested_branch_dag.py
[2026-07-05T16:17:56.750+0000] {processor.py:840} INFO - DAG(s) 'example_nested_branch_dag' retrieved from /home/airflow/.local/lib/python3.11/site-packages/airflow/example_dags/example_nested_branch_dag.py
[2026-07-05T16:17:56.771+0000] {logging_mixin.py:188} INFO - [2026-07-05T16:17:56.770+0000] {dag.py:3096} INFO - Sync 1 DAGs
[2026-07-05T16:17:56.790+0000] {logging_mixin.py:188} INFO - [2026-07-05T16:17:56.789+0000] {dag.py:3954} INFO - Setting next_dagrun for example_nested_branch_dag to 2026-07-04 00:00:00+00:00, run_after=2026-07-05 00:00:00+00:00
[2026-07-05T16:17:56.809+0000] {processor.py:183} INFO - Processing /home/airflow/.local/lib/python3.11/site-packages/airflow/example_dags/example_nested_branch_dag.py took 0.078 seconds
[2026-07-05T16:18:26.988+0000] {processor.py:161} INFO - Started process (PID=1033) to work on /home/airflow/.local/lib/python3.11/site-packages/airflow/example_dags/example_nested_branch_dag.py
[2026-07-05T16:18:26.989+0000] {processor.py:830} INFO - Processing file /home/airflow/.local/lib/python3.11/site-packages/airflow/example_dags/example_nested_branch_dag.py for tasks to queue
[2026-07-05T16:18:26.991+0000] {logging_mixin.py:188} INFO - [2026-07-05T16:18:26.991+0000] {dagbag.py:545} INFO - Filling up the DagBag from /home/airflow/.local/lib/python3.11/site-packages/airflow/example_dags/example_nested_branch_dag.py
[2026-07-05T16:18:27.001+0000] {processor.py:840} INFO - DAG(s) 'example_nested_branch_dag' retrieved from /home/airflow/.local/lib/python3.11/site-packages/airflow/example_dags/example_nested_branch_dag.py
[2026-07-05T16:18:27.023+0000] {logging_mixin.py:188} INFO - [2026-07-05T16:18:27.023+0000] {dag.py:3096} INFO - Sync 1 DAGs
[2026-07-05T16:18:27.045+0000] {logging_mixin.py:188} INFO - [2026-07-05T16:18:27.044+0000] {dag.py:3954} INFO - Setting next_dagrun for example_nested_branch_dag to 2026-07-04 00:00:00+00:00, run_after=2026-07-05 00:00:00+00:00
[2026-07-05T16:18:27.066+0000] {processor.py:183} INFO - Processing /home/airflow/.local/lib/python3.11/site-packages/airflow/example_dags/example_nested_branch_dag.py took 0.083 seconds
[2026-07-05T16:18:57.170+0000] {processor.py:161} INFO - Started process (PID=1091) to work on /home/airflow/.local/lib/python3.11/site-packages/airflow/example_dags/example_nested_branch_dag.py
[2026-07-05T16:18:57.171+0000] {processor.py:830} INFO - Processing file /home/airflow/.local/lib/python3.11/site-packages/airflow/example_dags/example_nested_branch_dag.py for tasks to queue
[2026-07-05T16:18:57.173+0000] {logging_mixin.py:188} INFO - [2026-07-05T16:18:57.172+0000] {dagbag.py:545} INFO - Filling up the DagBag from /home/airflow/.local/lib/python3.11/site-packages/airflow/example_dags/example_nested_branch_dag.py
[2026-07-05T16:18:57.182+0000] {processor.py:840} INFO - DAG(s) 'example_nested_branch_dag' retrieved from /home/airflow/.local/lib/python3.11/site-packages/airflow/example_dags/example_nested_branch_dag.py
[2026-07-05T16:18:57.202+0000] {logging_mixin.py:188} INFO - [2026-07-05T16:18:57.202+0000] {dag.py:3096} INFO - Sync 1 DAGs
[2026-07-05T16:18:57.223+0000] {logging_mixin.py:188} INFO - [2026-07-05T16:18:57.223+0000] {dag.py:3954} INFO - Setting next_dagrun for example_nested_branch_dag to 2026-07-04 00:00:00+00:00, run_after=2026-07-05 00:00:00+00:00
[2026-07-05T16:18:57.242+0000] {processor.py:183} INFO - Processing /home/airflow/.local/lib/python3.11/site-packages/airflow/example_dags/example_nested_branch_dag.py took 0.078 seconds
