[2026-07-05T16:07:39.893+0000] {processor.py:161} INFO - Started process (PID=104) to work on /home/airflow/.local/lib/python3.11/site-packages/airflow/example_dags/example_sensors.py
[2026-07-05T16:07:39.895+0000] {processor.py:830} INFO - Processing file /home/airflow/.local/lib/python3.11/site-packages/airflow/example_dags/example_sensors.py for tasks to queue
[2026-07-05T16:07:39.898+0000] {logging_mixin.py:188} INFO - [2026-07-05T16:07:39.898+0000] {dagbag.py:545} INFO - Filling up the DagBag from /home/airflow/.local/lib/python3.11/site-packages/airflow/example_dags/example_sensors.py
[2026-07-05T16:07:39.916+0000] {processor.py:840} INFO - DAG(s) 'example_sensors' retrieved from /home/airflow/.local/lib/python3.11/site-packages/airflow/example_dags/example_sensors.py
[2026-07-05T16:07:40.054+0000] {logging_mixin.py:188} INFO - [2026-07-05T16:07:40.053+0000] {override.py:1829} INFO - Created Permission View: can delete on DAG:example_sensors
[2026-07-05T16:07:40.065+0000] {logging_mixin.py:188} INFO - [2026-07-05T16:07:40.065+0000] {override.py:1829} INFO - Created Permission View: can read on DAG:example_sensors
[2026-07-05T16:07:40.073+0000] {logging_mixin.py:188} INFO - [2026-07-05T16:07:40.072+0000] {override.py:1829} INFO - Created Permission View: can edit on DAG:example_sensors
[2026-07-05T16:07:40.074+0000] {logging_mixin.py:188} INFO - [2026-07-05T16:07:40.073+0000] {dag.py:3096} INFO - Sync 1 DAGs
[2026-07-05T16:07:40.088+0000] {logging_mixin.py:188} INFO - [2026-07-05T16:07:40.087+0000] {dag.py:3118} INFO - Creating ORM DAG for example_sensors
[2026-07-05T16:07:40.089+0000] {logging_mixin.py:188} INFO - [2026-07-05T16:07:40.089+0000] {dag.py:3954} INFO - Setting next_dagrun for example_sensors to None, run_after=None
[2026-07-05T16:07:40.110+0000] {processor.py:183} INFO - Processing /home/airflow/.local/lib/python3.11/site-packages/airflow/example_dags/example_sensors.py took 0.227 seconds
[2026-07-05T16:08:11.072+0000] {processor.py:161} INFO - Started process (PID=162) to work on /home/airflow/.local/lib/python3.11/site-packages/airflow/example_dags/example_sensors.py
[2026-07-05T16:08:11.077+0000] {processor.py:830} INFO - Processing file /home/airflow/.local/lib/python3.11/site-packages/airflow/example_dags/example_sensors.py for tasks to queue
[2026-07-05T16:08:11.087+0000] {logging_mixin.py:188} INFO - [2026-07-05T16:08:11.086+0000] {dagbag.py:545} INFO - Filling up the DagBag from /home/airflow/.local/lib/python3.11/site-packages/airflow/example_dags/example_sensors.py
[2026-07-05T16:08:11.104+0000] {processor.py:840} INFO - DAG(s) 'example_sensors' retrieved from /home/airflow/.local/lib/python3.11/site-packages/airflow/example_dags/example_sensors.py
[2026-07-05T16:08:11.150+0000] {logging_mixin.py:188} INFO - [2026-07-05T16:08:11.149+0000] {dag.py:3096} INFO - Sync 1 DAGs
[2026-07-05T16:08:11.173+0000] {logging_mixin.py:188} INFO - [2026-07-05T16:08:11.172+0000] {dag.py:3954} INFO - Setting next_dagrun for example_sensors to None, run_after=None
[2026-07-05T16:08:11.197+0000] {processor.py:183} INFO - Processing /home/airflow/.local/lib/python3.11/site-packages/airflow/example_dags/example_sensors.py took 0.137 seconds
[2026-07-05T16:08:41.758+0000] {processor.py:161} INFO - Started process (PID=220) to work on /home/airflow/.local/lib/python3.11/site-packages/airflow/example_dags/example_sensors.py
[2026-07-05T16:08:41.759+0000] {processor.py:830} INFO - Processing file /home/airflow/.local/lib/python3.11/site-packages/airflow/example_dags/example_sensors.py for tasks to queue
[2026-07-05T16:08:41.762+0000] {logging_mixin.py:188} INFO - [2026-07-05T16:08:41.761+0000] {dagbag.py:545} INFO - Filling up the DagBag from /home/airflow/.local/lib/python3.11/site-packages/airflow/example_dags/example_sensors.py
[2026-07-05T16:08:41.774+0000] {processor.py:840} INFO - DAG(s) 'example_sensors' retrieved from /home/airflow/.local/lib/python3.11/site-packages/airflow/example_dags/example_sensors.py
[2026-07-05T16:08:41.802+0000] {logging_mixin.py:188} INFO - [2026-07-05T16:08:41.801+0000] {dag.py:3096} INFO - Sync 1 DAGs
[2026-07-05T16:08:41.816+0000] {logging_mixin.py:188} INFO - [2026-07-05T16:08:41.816+0000] {dag.py:3954} INFO - Setting next_dagrun for example_sensors to None, run_after=None
[2026-07-05T16:08:41.864+0000] {processor.py:183} INFO - Processing /home/airflow/.local/lib/python3.11/site-packages/airflow/example_dags/example_sensors.py took 0.091 seconds
[2026-07-05T16:09:12.095+0000] {processor.py:161} INFO - Started process (PID=278) to work on /home/airflow/.local/lib/python3.11/site-packages/airflow/example_dags/example_sensors.py
[2026-07-05T16:09:12.096+0000] {processor.py:830} INFO - Processing file /home/airflow/.local/lib/python3.11/site-packages/airflow/example_dags/example_sensors.py for tasks to queue
[2026-07-05T16:09:12.099+0000] {logging_mixin.py:188} INFO - [2026-07-05T16:09:12.098+0000] {dagbag.py:545} INFO - Filling up the DagBag from /home/airflow/.local/lib/python3.11/site-packages/airflow/example_dags/example_sensors.py
[2026-07-05T16:09:12.112+0000] {processor.py:840} INFO - DAG(s) 'example_sensors' retrieved from /home/airflow/.local/lib/python3.11/site-packages/airflow/example_dags/example_sensors.py
[2026-07-05T16:09:12.130+0000] {logging_mixin.py:188} INFO - [2026-07-05T16:09:12.130+0000] {dag.py:3096} INFO - Sync 1 DAGs
[2026-07-05T16:09:12.146+0000] {logging_mixin.py:188} INFO - [2026-07-05T16:09:12.146+0000] {dag.py:3954} INFO - Setting next_dagrun for example_sensors to None, run_after=None
[2026-07-05T16:09:12.176+0000] {processor.py:183} INFO - Processing /home/airflow/.local/lib/python3.11/site-packages/airflow/example_dags/example_sensors.py took 0.088 seconds
[2026-07-05T16:09:42.855+0000] {processor.py:161} INFO - Started process (PID=336) to work on /home/airflow/.local/lib/python3.11/site-packages/airflow/example_dags/example_sensors.py
[2026-07-05T16:09:42.856+0000] {processor.py:830} INFO - Processing file /home/airflow/.local/lib/python3.11/site-packages/airflow/example_dags/example_sensors.py for tasks to queue
[2026-07-05T16:09:42.858+0000] {logging_mixin.py:188} INFO - [2026-07-05T16:09:42.857+0000] {dagbag.py:545} INFO - Filling up the DagBag from /home/airflow/.local/lib/python3.11/site-packages/airflow/example_dags/example_sensors.py
[2026-07-05T16:09:42.869+0000] {processor.py:840} INFO - DAG(s) 'example_sensors' retrieved from /home/airflow/.local/lib/python3.11/site-packages/airflow/example_dags/example_sensors.py
[2026-07-05T16:09:42.953+0000] {logging_mixin.py:188} INFO - [2026-07-05T16:09:42.952+0000] {dag.py:3096} INFO - Sync 1 DAGs
[2026-07-05T16:09:42.961+0000] {logging_mixin.py:188} INFO - [2026-07-05T16:09:42.961+0000] {dag.py:3954} INFO - Setting next_dagrun for example_sensors to None, run_after=None
[2026-07-05T16:09:42.981+0000] {processor.py:183} INFO - Processing /home/airflow/.local/lib/python3.11/site-packages/airflow/example_dags/example_sensors.py took 0.132 seconds
[2026-07-05T16:10:16.381+0000] {processor.py:161} INFO - Started process (PID=99) to work on /home/airflow/.local/lib/python3.11/site-packages/airflow/example_dags/example_sensors.py
[2026-07-05T16:10:16.383+0000] {processor.py:830} INFO - Processing file /home/airflow/.local/lib/python3.11/site-packages/airflow/example_dags/example_sensors.py for tasks to queue
[2026-07-05T16:10:16.386+0000] {logging_mixin.py:188} INFO - [2026-07-05T16:10:16.385+0000] {dagbag.py:545} INFO - Filling up the DagBag from /home/airflow/.local/lib/python3.11/site-packages/airflow/example_dags/example_sensors.py
[2026-07-05T16:10:16.400+0000] {processor.py:840} INFO - DAG(s) 'example_sensors' retrieved from /home/airflow/.local/lib/python3.11/site-packages/airflow/example_dags/example_sensors.py
[2026-07-05T16:10:16.418+0000] {logging_mixin.py:188} INFO - [2026-07-05T16:10:16.418+0000] {dag.py:3096} INFO - Sync 1 DAGs
[2026-07-05T16:10:16.435+0000] {logging_mixin.py:188} INFO - [2026-07-05T16:10:16.435+0000] {dag.py:3954} INFO - Setting next_dagrun for example_sensors to None, run_after=None
[2026-07-05T16:10:16.468+0000] {processor.py:183} INFO - Processing /home/airflow/.local/lib/python3.11/site-packages/airflow/example_dags/example_sensors.py took 0.096 seconds
[2026-07-05T16:10:47.444+0000] {processor.py:161} INFO - Started process (PID=158) to work on /home/airflow/.local/lib/python3.11/site-packages/airflow/example_dags/example_sensors.py
[2026-07-05T16:10:47.446+0000] {processor.py:830} INFO - Processing file /home/airflow/.local/lib/python3.11/site-packages/airflow/example_dags/example_sensors.py for tasks to queue
[2026-07-05T16:10:47.451+0000] {logging_mixin.py:188} INFO - [2026-07-05T16:10:47.450+0000] {dagbag.py:545} INFO - Filling up the DagBag from /home/airflow/.local/lib/python3.11/site-packages/airflow/example_dags/example_sensors.py
[2026-07-05T16:10:47.466+0000] {processor.py:840} INFO - DAG(s) 'example_sensors' retrieved from /home/airflow/.local/lib/python3.11/site-packages/airflow/example_dags/example_sensors.py
[2026-07-05T16:10:47.633+0000] {logging_mixin.py:188} INFO - [2026-07-05T16:10:47.632+0000] {dag.py:3096} INFO - Sync 1 DAGs
[2026-07-05T16:10:47.646+0000] {logging_mixin.py:188} INFO - [2026-07-05T16:10:47.646+0000] {dag.py:3954} INFO - Setting next_dagrun for example_sensors to None, run_after=None
[2026-07-05T16:10:47.671+0000] {processor.py:183} INFO - Processing /home/airflow/.local/lib/python3.11/site-packages/airflow/example_dags/example_sensors.py took 0.234 seconds
[2026-07-05T16:11:18.141+0000] {processor.py:161} INFO - Started process (PID=216) to work on /home/airflow/.local/lib/python3.11/site-packages/airflow/example_dags/example_sensors.py
[2026-07-05T16:11:18.143+0000] {processor.py:830} INFO - Processing file /home/airflow/.local/lib/python3.11/site-packages/airflow/example_dags/example_sensors.py for tasks to queue
[2026-07-05T16:11:18.147+0000] {logging_mixin.py:188} INFO - [2026-07-05T16:11:18.146+0000] {dagbag.py:545} INFO - Filling up the DagBag from /home/airflow/.local/lib/python3.11/site-packages/airflow/example_dags/example_sensors.py
[2026-07-05T16:11:18.159+0000] {processor.py:840} INFO - DAG(s) 'example_sensors' retrieved from /home/airflow/.local/lib/python3.11/site-packages/airflow/example_dags/example_sensors.py
[2026-07-05T16:11:18.187+0000] {logging_mixin.py:188} INFO - [2026-07-05T16:11:18.187+0000] {dag.py:3096} INFO - Sync 1 DAGs
[2026-07-05T16:11:18.199+0000] {logging_mixin.py:188} INFO - [2026-07-05T16:11:18.199+0000] {dag.py:3954} INFO - Setting next_dagrun for example_sensors to None, run_after=None
[2026-07-05T16:11:18.222+0000] {processor.py:183} INFO - Processing /home/airflow/.local/lib/python3.11/site-packages/airflow/example_dags/example_sensors.py took 0.092 seconds
[2026-07-05T16:11:48.836+0000] {processor.py:161} INFO - Started process (PID=274) to work on /home/airflow/.local/lib/python3.11/site-packages/airflow/example_dags/example_sensors.py
[2026-07-05T16:11:48.838+0000] {processor.py:830} INFO - Processing file /home/airflow/.local/lib/python3.11/site-packages/airflow/example_dags/example_sensors.py for tasks to queue
[2026-07-05T16:11:48.841+0000] {logging_mixin.py:188} INFO - [2026-07-05T16:11:48.840+0000] {dagbag.py:545} INFO - Filling up the DagBag from /home/airflow/.local/lib/python3.11/site-packages/airflow/example_dags/example_sensors.py
[2026-07-05T16:11:48.851+0000] {processor.py:840} INFO - DAG(s) 'example_sensors' retrieved from /home/airflow/.local/lib/python3.11/site-packages/airflow/example_dags/example_sensors.py
[2026-07-05T16:11:48.867+0000] {logging_mixin.py:188} INFO - [2026-07-05T16:11:48.867+0000] {dag.py:3096} INFO - Sync 1 DAGs
[2026-07-05T16:11:48.883+0000] {logging_mixin.py:188} INFO - [2026-07-05T16:11:48.883+0000] {dag.py:3954} INFO - Setting next_dagrun for example_sensors to None, run_after=None
[2026-07-05T16:11:48.907+0000] {processor.py:183} INFO - Processing /home/airflow/.local/lib/python3.11/site-packages/airflow/example_dags/example_sensors.py took 0.078 seconds
[2026-07-05T16:12:20.401+0000] {processor.py:161} INFO - Started process (PID=332) to work on /home/airflow/.local/lib/python3.11/site-packages/airflow/example_dags/example_sensors.py
[2026-07-05T16:12:20.404+0000] {processor.py:830} INFO - Processing file /home/airflow/.local/lib/python3.11/site-packages/airflow/example_dags/example_sensors.py for tasks to queue
[2026-07-05T16:12:20.409+0000] {logging_mixin.py:188} INFO - [2026-07-05T16:12:20.408+0000] {dagbag.py:545} INFO - Filling up the DagBag from /home/airflow/.local/lib/python3.11/site-packages/airflow/example_dags/example_sensors.py
[2026-07-05T16:12:20.423+0000] {processor.py:840} INFO - DAG(s) 'example_sensors' retrieved from /home/airflow/.local/lib/python3.11/site-packages/airflow/example_dags/example_sensors.py
[2026-07-05T16:12:20.567+0000] {logging_mixin.py:188} INFO - [2026-07-05T16:12:20.566+0000] {dag.py:3096} INFO - Sync 1 DAGs
[2026-07-05T16:12:20.582+0000] {logging_mixin.py:188} INFO - [2026-07-05T16:12:20.581+0000] {dag.py:3954} INFO - Setting next_dagrun for example_sensors to None, run_after=None
[2026-07-05T16:12:20.608+0000] {processor.py:183} INFO - Processing /home/airflow/.local/lib/python3.11/site-packages/airflow/example_dags/example_sensors.py took 0.216 seconds
[2026-07-05T16:12:50.716+0000] {processor.py:161} INFO - Started process (PID=391) to work on /home/airflow/.local/lib/python3.11/site-packages/airflow/example_dags/example_sensors.py
[2026-07-05T16:12:50.717+0000] {processor.py:830} INFO - Processing file /home/airflow/.local/lib/python3.11/site-packages/airflow/example_dags/example_sensors.py for tasks to queue
[2026-07-05T16:12:50.720+0000] {logging_mixin.py:188} INFO - [2026-07-05T16:12:50.719+0000] {dagbag.py:545} INFO - Filling up the DagBag from /home/airflow/.local/lib/python3.11/site-packages/airflow/example_dags/example_sensors.py
[2026-07-05T16:12:50.728+0000] {processor.py:840} INFO - DAG(s) 'example_sensors' retrieved from /home/airflow/.local/lib/python3.11/site-packages/airflow/example_dags/example_sensors.py
[2026-07-05T16:12:50.752+0000] {logging_mixin.py:188} INFO - [2026-07-05T16:12:50.752+0000] {dag.py:3096} INFO - Sync 1 DAGs
[2026-07-05T16:12:50.766+0000] {logging_mixin.py:188} INFO - [2026-07-05T16:12:50.766+0000] {dag.py:3954} INFO - Setting next_dagrun for example_sensors to None, run_after=None
[2026-07-05T16:12:50.787+0000] {processor.py:183} INFO - Processing /home/airflow/.local/lib/python3.11/site-packages/airflow/example_dags/example_sensors.py took 0.078 seconds
[2026-07-05T16:13:21.311+0000] {processor.py:161} INFO - Started process (PID=449) to work on /home/airflow/.local/lib/python3.11/site-packages/airflow/example_dags/example_sensors.py
[2026-07-05T16:13:21.313+0000] {processor.py:830} INFO - Processing file /home/airflow/.local/lib/python3.11/site-packages/airflow/example_dags/example_sensors.py for tasks to queue
[2026-07-05T16:13:21.318+0000] {logging_mixin.py:188} INFO - [2026-07-05T16:13:21.317+0000] {dagbag.py:545} INFO - Filling up the DagBag from /home/airflow/.local/lib/python3.11/site-packages/airflow/example_dags/example_sensors.py
[2026-07-05T16:13:21.337+0000] {processor.py:840} INFO - DAG(s) 'example_sensors' retrieved from /home/airflow/.local/lib/python3.11/site-packages/airflow/example_dags/example_sensors.py
[2026-07-05T16:13:21.389+0000] {logging_mixin.py:188} INFO - [2026-07-05T16:13:21.389+0000] {dag.py:3096} INFO - Sync 1 DAGs
[2026-07-05T16:13:21.423+0000] {logging_mixin.py:188} INFO - [2026-07-05T16:13:21.422+0000] {dag.py:3954} INFO - Setting next_dagrun for example_sensors to None, run_after=None
[2026-07-05T16:13:21.455+0000] {processor.py:183} INFO - Processing /home/airflow/.local/lib/python3.11/site-packages/airflow/example_dags/example_sensors.py took 0.156 seconds
[2026-07-05T16:13:51.792+0000] {processor.py:161} INFO - Started process (PID=507) to work on /home/airflow/.local/lib/python3.11/site-packages/airflow/example_dags/example_sensors.py
[2026-07-05T16:13:51.794+0000] {processor.py:830} INFO - Processing file /home/airflow/.local/lib/python3.11/site-packages/airflow/example_dags/example_sensors.py for tasks to queue
[2026-07-05T16:13:51.796+0000] {logging_mixin.py:188} INFO - [2026-07-05T16:13:51.795+0000] {dagbag.py:545} INFO - Filling up the DagBag from /home/airflow/.local/lib/python3.11/site-packages/airflow/example_dags/example_sensors.py
[2026-07-05T16:13:51.805+0000] {processor.py:840} INFO - DAG(s) 'example_sensors' retrieved from /home/airflow/.local/lib/python3.11/site-packages/airflow/example_dags/example_sensors.py
[2026-07-05T16:13:51.832+0000] {logging_mixin.py:188} INFO - [2026-07-05T16:13:51.832+0000] {dag.py:3096} INFO - Sync 1 DAGs
[2026-07-05T16:13:51.845+0000] {logging_mixin.py:188} INFO - [2026-07-05T16:13:51.845+0000] {dag.py:3954} INFO - Setting next_dagrun for example_sensors to None, run_after=None
[2026-07-05T16:13:51.862+0000] {processor.py:183} INFO - Processing /home/airflow/.local/lib/python3.11/site-packages/airflow/example_dags/example_sensors.py took 0.076 seconds
[2026-07-05T16:14:21.975+0000] {processor.py:161} INFO - Started process (PID=565) to work on /home/airflow/.local/lib/python3.11/site-packages/airflow/example_dags/example_sensors.py
[2026-07-05T16:14:21.976+0000] {processor.py:830} INFO - Processing file /home/airflow/.local/lib/python3.11/site-packages/airflow/example_dags/example_sensors.py for tasks to queue
[2026-07-05T16:14:21.978+0000] {logging_mixin.py:188} INFO - [2026-07-05T16:14:21.977+0000] {dagbag.py:545} INFO - Filling up the DagBag from /home/airflow/.local/lib/python3.11/site-packages/airflow/example_dags/example_sensors.py
[2026-07-05T16:14:21.986+0000] {processor.py:840} INFO - DAG(s) 'example_sensors' retrieved from /home/airflow/.local/lib/python3.11/site-packages/airflow/example_dags/example_sensors.py
[2026-07-05T16:14:22.010+0000] {logging_mixin.py:188} INFO - [2026-07-05T16:14:22.009+0000] {dag.py:3096} INFO - Sync 1 DAGs
[2026-07-05T16:14:22.020+0000] {logging_mixin.py:188} INFO - [2026-07-05T16:14:22.020+0000] {dag.py:3954} INFO - Setting next_dagrun for example_sensors to None, run_after=None
[2026-07-05T16:14:22.037+0000] {processor.py:183} INFO - Processing /home/airflow/.local/lib/python3.11/site-packages/airflow/example_dags/example_sensors.py took 0.068 seconds
[2026-07-05T16:14:52.383+0000] {processor.py:161} INFO - Started process (PID=623) to work on /home/airflow/.local/lib/python3.11/site-packages/airflow/example_dags/example_sensors.py
[2026-07-05T16:14:52.384+0000] {processor.py:830} INFO - Processing file /home/airflow/.local/lib/python3.11/site-packages/airflow/example_dags/example_sensors.py for tasks to queue
[2026-07-05T16:14:52.386+0000] {logging_mixin.py:188} INFO - [2026-07-05T16:14:52.385+0000] {dagbag.py:545} INFO - Filling up the DagBag from /home/airflow/.local/lib/python3.11/site-packages/airflow/example_dags/example_sensors.py
[2026-07-05T16:14:52.394+0000] {processor.py:840} INFO - DAG(s) 'example_sensors' retrieved from /home/airflow/.local/lib/python3.11/site-packages/airflow/example_dags/example_sensors.py
[2026-07-05T16:14:52.422+0000] {logging_mixin.py:188} INFO - [2026-07-05T16:14:52.422+0000] {dag.py:3096} INFO - Sync 1 DAGs
[2026-07-05T16:14:52.435+0000] {logging_mixin.py:188} INFO - [2026-07-05T16:14:52.435+0000] {dag.py:3954} INFO - Setting next_dagrun for example_sensors to None, run_after=None
[2026-07-05T16:14:52.456+0000] {processor.py:183} INFO - Processing /home/airflow/.local/lib/python3.11/site-packages/airflow/example_dags/example_sensors.py took 0.080 seconds
[2026-07-05T16:15:23.306+0000] {processor.py:161} INFO - Started process (PID=681) to work on /home/airflow/.local/lib/python3.11/site-packages/airflow/example_dags/example_sensors.py
[2026-07-05T16:15:23.307+0000] {processor.py:830} INFO - Processing file /home/airflow/.local/lib/python3.11/site-packages/airflow/example_dags/example_sensors.py for tasks to queue
[2026-07-05T16:15:23.310+0000] {logging_mixin.py:188} INFO - [2026-07-05T16:15:23.310+0000] {dagbag.py:545} INFO - Filling up the DagBag from /home/airflow/.local/lib/python3.11/site-packages/airflow/example_dags/example_sensors.py
[2026-07-05T16:15:23.319+0000] {processor.py:840} INFO - DAG(s) 'example_sensors' retrieved from /home/airflow/.local/lib/python3.11/site-packages/airflow/example_dags/example_sensors.py
[2026-07-05T16:15:23.351+0000] {logging_mixin.py:188} INFO - [2026-07-05T16:15:23.351+0000] {dag.py:3096} INFO - Sync 1 DAGs
[2026-07-05T16:15:23.377+0000] {logging_mixin.py:188} INFO - [2026-07-05T16:15:23.376+0000] {dag.py:3954} INFO - Setting next_dagrun for example_sensors to None, run_after=None
[2026-07-05T16:15:23.400+0000] {processor.py:183} INFO - Processing /home/airflow/.local/lib/python3.11/site-packages/airflow/example_dags/example_sensors.py took 0.100 seconds
[2026-07-05T16:15:53.551+0000] {processor.py:161} INFO - Started process (PID=739) to work on /home/airflow/.local/lib/python3.11/site-packages/airflow/example_dags/example_sensors.py
[2026-07-05T16:15:53.552+0000] {processor.py:830} INFO - Processing file /home/airflow/.local/lib/python3.11/site-packages/airflow/example_dags/example_sensors.py for tasks to queue
[2026-07-05T16:15:53.555+0000] {logging_mixin.py:188} INFO - [2026-07-05T16:15:53.555+0000] {dagbag.py:545} INFO - Filling up the DagBag from /home/airflow/.local/lib/python3.11/site-packages/airflow/example_dags/example_sensors.py
[2026-07-05T16:15:53.563+0000] {processor.py:840} INFO - DAG(s) 'example_sensors' retrieved from /home/airflow/.local/lib/python3.11/site-packages/airflow/example_dags/example_sensors.py
[2026-07-05T16:15:53.587+0000] {logging_mixin.py:188} INFO - [2026-07-05T16:15:53.587+0000] {dag.py:3096} INFO - Sync 1 DAGs
[2026-07-05T16:15:53.597+0000] {logging_mixin.py:188} INFO - [2026-07-05T16:15:53.597+0000] {dag.py:3954} INFO - Setting next_dagrun for example_sensors to None, run_after=None
[2026-07-05T16:15:53.614+0000] {processor.py:183} INFO - Processing /home/airflow/.local/lib/python3.11/site-packages/airflow/example_dags/example_sensors.py took 0.070 seconds
[2026-07-05T16:16:23.824+0000] {processor.py:161} INFO - Started process (PID=797) to work on /home/airflow/.local/lib/python3.11/site-packages/airflow/example_dags/example_sensors.py
[2026-07-05T16:16:23.825+0000] {processor.py:830} INFO - Processing file /home/airflow/.local/lib/python3.11/site-packages/airflow/example_dags/example_sensors.py for tasks to queue
[2026-07-05T16:16:23.829+0000] {logging_mixin.py:188} INFO - [2026-07-05T16:16:23.828+0000] {dagbag.py:545} INFO - Filling up the DagBag from /home/airflow/.local/lib/python3.11/site-packages/airflow/example_dags/example_sensors.py
[2026-07-05T16:16:23.842+0000] {processor.py:840} INFO - DAG(s) 'example_sensors' retrieved from /home/airflow/.local/lib/python3.11/site-packages/airflow/example_dags/example_sensors.py
[2026-07-05T16:16:23.874+0000] {logging_mixin.py:188} INFO - [2026-07-05T16:16:23.874+0000] {dag.py:3096} INFO - Sync 1 DAGs
[2026-07-05T16:16:23.886+0000] {logging_mixin.py:188} INFO - [2026-07-05T16:16:23.885+0000] {dag.py:3954} INFO - Setting next_dagrun for example_sensors to None, run_after=None
[2026-07-05T16:16:23.904+0000] {processor.py:183} INFO - Processing /home/airflow/.local/lib/python3.11/site-packages/airflow/example_dags/example_sensors.py took 0.086 seconds
[2026-07-05T16:16:54.044+0000] {processor.py:161} INFO - Started process (PID=855) to work on /home/airflow/.local/lib/python3.11/site-packages/airflow/example_dags/example_sensors.py
[2026-07-05T16:16:54.045+0000] {processor.py:830} INFO - Processing file /home/airflow/.local/lib/python3.11/site-packages/airflow/example_dags/example_sensors.py for tasks to queue
[2026-07-05T16:16:54.047+0000] {logging_mixin.py:188} INFO - [2026-07-05T16:16:54.047+0000] {dagbag.py:545} INFO - Filling up the DagBag from /home/airflow/.local/lib/python3.11/site-packages/airflow/example_dags/example_sensors.py
[2026-07-05T16:16:54.056+0000] {processor.py:840} INFO - DAG(s) 'example_sensors' retrieved from /home/airflow/.local/lib/python3.11/site-packages/airflow/example_dags/example_sensors.py
[2026-07-05T16:16:54.079+0000] {logging_mixin.py:188} INFO - [2026-07-05T16:16:54.079+0000] {dag.py:3096} INFO - Sync 1 DAGs
[2026-07-05T16:16:54.089+0000] {logging_mixin.py:188} INFO - [2026-07-05T16:16:54.088+0000] {dag.py:3954} INFO - Setting next_dagrun for example_sensors to None, run_after=None
[2026-07-05T16:16:54.106+0000] {processor.py:183} INFO - Processing /home/airflow/.local/lib/python3.11/site-packages/airflow/example_dags/example_sensors.py took 0.067 seconds
[2026-07-05T16:17:24.227+0000] {processor.py:161} INFO - Started process (PID=913) to work on /home/airflow/.local/lib/python3.11/site-packages/airflow/example_dags/example_sensors.py
[2026-07-05T16:17:24.228+0000] {processor.py:830} INFO - Processing file /home/airflow/.local/lib/python3.11/site-packages/airflow/example_dags/example_sensors.py for tasks to queue
[2026-07-05T16:17:24.231+0000] {logging_mixin.py:188} INFO - [2026-07-05T16:17:24.230+0000] {dagbag.py:545} INFO - Filling up the DagBag from /home/airflow/.local/lib/python3.11/site-packages/airflow/example_dags/example_sensors.py
[2026-07-05T16:17:24.240+0000] {processor.py:840} INFO - DAG(s) 'example_sensors' retrieved from /home/airflow/.local/lib/python3.11/site-packages/airflow/example_dags/example_sensors.py
[2026-07-05T16:17:24.261+0000] {logging_mixin.py:188} INFO - [2026-07-05T16:17:24.261+0000] {dag.py:3096} INFO - Sync 1 DAGs
[2026-07-05T16:17:24.272+0000] {logging_mixin.py:188} INFO - [2026-07-05T16:17:24.272+0000] {dag.py:3954} INFO - Setting next_dagrun for example_sensors to None, run_after=None
[2026-07-05T16:17:24.291+0000] {processor.py:183} INFO - Processing /home/airflow/.local/lib/python3.11/site-packages/airflow/example_dags/example_sensors.py took 0.071 seconds
[2026-07-05T16:17:54.554+0000] {processor.py:161} INFO - Started process (PID=971) to work on /home/airflow/.local/lib/python3.11/site-packages/airflow/example_dags/example_sensors.py
[2026-07-05T16:17:54.555+0000] {processor.py:830} INFO - Processing file /home/airflow/.local/lib/python3.11/site-packages/airflow/example_dags/example_sensors.py for tasks to queue
[2026-07-05T16:17:54.557+0000] {logging_mixin.py:188} INFO - [2026-07-05T16:17:54.557+0000] {dagbag.py:545} INFO - Filling up the DagBag from /home/airflow/.local/lib/python3.11/site-packages/airflow/example_dags/example_sensors.py
[2026-07-05T16:17:54.566+0000] {processor.py:840} INFO - DAG(s) 'example_sensors' retrieved from /home/airflow/.local/lib/python3.11/site-packages/airflow/example_dags/example_sensors.py
[2026-07-05T16:17:54.588+0000] {logging_mixin.py:188} INFO - [2026-07-05T16:17:54.587+0000] {dag.py:3096} INFO - Sync 1 DAGs
[2026-07-05T16:17:54.598+0000] {logging_mixin.py:188} INFO - [2026-07-05T16:17:54.598+0000] {dag.py:3954} INFO - Setting next_dagrun for example_sensors to None, run_after=None
[2026-07-05T16:17:54.617+0000] {processor.py:183} INFO - Processing /home/airflow/.local/lib/python3.11/site-packages/airflow/example_dags/example_sensors.py took 0.069 seconds
[2026-07-05T16:18:24.751+0000] {processor.py:161} INFO - Started process (PID=1029) to work on /home/airflow/.local/lib/python3.11/site-packages/airflow/example_dags/example_sensors.py
[2026-07-05T16:18:24.752+0000] {processor.py:830} INFO - Processing file /home/airflow/.local/lib/python3.11/site-packages/airflow/example_dags/example_sensors.py for tasks to queue
[2026-07-05T16:18:24.754+0000] {logging_mixin.py:188} INFO - [2026-07-05T16:18:24.754+0000] {dagbag.py:545} INFO - Filling up the DagBag from /home/airflow/.local/lib/python3.11/site-packages/airflow/example_dags/example_sensors.py
[2026-07-05T16:18:24.763+0000] {processor.py:840} INFO - DAG(s) 'example_sensors' retrieved from /home/airflow/.local/lib/python3.11/site-packages/airflow/example_dags/example_sensors.py
[2026-07-05T16:18:24.787+0000] {logging_mixin.py:188} INFO - [2026-07-05T16:18:24.787+0000] {dag.py:3096} INFO - Sync 1 DAGs
[2026-07-05T16:18:24.798+0000] {logging_mixin.py:188} INFO - [2026-07-05T16:18:24.798+0000] {dag.py:3954} INFO - Setting next_dagrun for example_sensors to None, run_after=None
[2026-07-05T16:18:24.816+0000] {processor.py:183} INFO - Processing /home/airflow/.local/lib/python3.11/site-packages/airflow/example_dags/example_sensors.py took 0.072 seconds
[2026-07-05T16:18:55.031+0000] {processor.py:161} INFO - Started process (PID=1087) to work on /home/airflow/.local/lib/python3.11/site-packages/airflow/example_dags/example_sensors.py
[2026-07-05T16:18:55.032+0000] {processor.py:830} INFO - Processing file /home/airflow/.local/lib/python3.11/site-packages/airflow/example_dags/example_sensors.py for tasks to queue
[2026-07-05T16:18:55.037+0000] {logging_mixin.py:188} INFO - [2026-07-05T16:18:55.037+0000] {dagbag.py:545} INFO - Filling up the DagBag from /home/airflow/.local/lib/python3.11/site-packages/airflow/example_dags/example_sensors.py
[2026-07-05T16:18:55.046+0000] {processor.py:840} INFO - DAG(s) 'example_sensors' retrieved from /home/airflow/.local/lib/python3.11/site-packages/airflow/example_dags/example_sensors.py
[2026-07-05T16:18:55.074+0000] {logging_mixin.py:188} INFO - [2026-07-05T16:18:55.074+0000] {dag.py:3096} INFO - Sync 1 DAGs
[2026-07-05T16:18:55.086+0000] {logging_mixin.py:188} INFO - [2026-07-05T16:18:55.085+0000] {dag.py:3954} INFO - Setting next_dagrun for example_sensors to None, run_after=None
[2026-07-05T16:18:55.104+0000] {processor.py:183} INFO - Processing /home/airflow/.local/lib/python3.11/site-packages/airflow/example_dags/example_sensors.py took 0.081 seconds
