[2026-07-05T16:07:30.269+0000] {processor.py:161} INFO - Started process (PID=82) to work on /home/airflow/.local/lib/python3.11/site-packages/airflow/example_dags/example_bash_decorator.py
[2026-07-05T16:07:30.271+0000] {processor.py:830} INFO - Processing file /home/airflow/.local/lib/python3.11/site-packages/airflow/example_dags/example_bash_decorator.py for tasks to queue
[2026-07-05T16:07:30.275+0000] {logging_mixin.py:188} INFO - [2026-07-05T16:07:30.275+0000] {dagbag.py:545} INFO - Filling up the DagBag from /home/airflow/.local/lib/python3.11/site-packages/airflow/example_dags/example_bash_decorator.py
[2026-07-05T16:07:30.331+0000] {processor.py:840} INFO - DAG(s) 'example_bash_decorator' retrieved from /home/airflow/.local/lib/python3.11/site-packages/airflow/example_dags/example_bash_decorator.py
[2026-07-05T16:07:30.999+0000] {logging_mixin.py:188} INFO - [2026-07-05T16:07:30.994+0000] {override.py:1829} INFO - Created Permission View: can delete on DAG:example_bash_decorator
[2026-07-05T16:07:31.067+0000] {logging_mixin.py:188} INFO - [2026-07-05T16:07:31.067+0000] {override.py:1829} INFO - Created Permission View: can read on DAG:example_bash_decorator
[2026-07-05T16:07:31.089+0000] {logging_mixin.py:188} INFO - [2026-07-05T16:07:31.084+0000] {override.py:1829} INFO - Created Permission View: can edit on DAG:example_bash_decorator
[2026-07-05T16:07:31.094+0000] {logging_mixin.py:188} INFO - [2026-07-05T16:07:31.091+0000] {dag.py:3096} INFO - Sync 1 DAGs
[2026-07-05T16:07:31.132+0000] {logging_mixin.py:188} INFO - [2026-07-05T16:07:31.131+0000] {dag.py:3118} INFO - Creating ORM DAG for example_bash_decorator
[2026-07-05T16:07:31.142+0000] {logging_mixin.py:188} INFO - [2026-07-05T16:07:31.142+0000] {dag.py:3954} INFO - Setting next_dagrun for example_bash_decorator to None, run_after=None
[2026-07-05T16:07:31.226+0000] {processor.py:183} INFO - Processing /home/airflow/.local/lib/python3.11/site-packages/airflow/example_dags/example_bash_decorator.py took 0.967 seconds
[2026-07-05T16:08:01.786+0000] {processor.py:161} INFO - Started process (PID=140) to work on /home/airflow/.local/lib/python3.11/site-packages/airflow/example_dags/example_bash_decorator.py
[2026-07-05T16:08:01.787+0000] {processor.py:830} INFO - Processing file /home/airflow/.local/lib/python3.11/site-packages/airflow/example_dags/example_bash_decorator.py for tasks to queue
[2026-07-05T16:08:01.789+0000] {logging_mixin.py:188} INFO - [2026-07-05T16:08:01.789+0000] {dagbag.py:545} INFO - Filling up the DagBag from /home/airflow/.local/lib/python3.11/site-packages/airflow/example_dags/example_bash_decorator.py
[2026-07-05T16:08:01.804+0000] {processor.py:840} INFO - DAG(s) 'example_bash_decorator' retrieved from /home/airflow/.local/lib/python3.11/site-packages/airflow/example_dags/example_bash_decorator.py
[2026-07-05T16:08:01.824+0000] {logging_mixin.py:188} INFO - [2026-07-05T16:08:01.824+0000] {dag.py:3096} INFO - Sync 1 DAGs
[2026-07-05T16:08:01.836+0000] {logging_mixin.py:188} INFO - [2026-07-05T16:08:01.836+0000] {dag.py:3954} INFO - Setting next_dagrun for example_bash_decorator to None, run_after=None
[2026-07-05T16:08:01.854+0000] {processor.py:183} INFO - Processing /home/airflow/.local/lib/python3.11/site-packages/airflow/example_dags/example_bash_decorator.py took 0.074 seconds
[2026-07-05T16:08:32.352+0000] {processor.py:161} INFO - Started process (PID=198) to work on /home/airflow/.local/lib/python3.11/site-packages/airflow/example_dags/example_bash_decorator.py
[2026-07-05T16:08:32.353+0000] {processor.py:830} INFO - Processing file /home/airflow/.local/lib/python3.11/site-packages/airflow/example_dags/example_bash_decorator.py for tasks to queue
[2026-07-05T16:08:32.355+0000] {logging_mixin.py:188} INFO - [2026-07-05T16:08:32.355+0000] {dagbag.py:545} INFO - Filling up the DagBag from /home/airflow/.local/lib/python3.11/site-packages/airflow/example_dags/example_bash_decorator.py
[2026-07-05T16:08:32.369+0000] {processor.py:840} INFO - DAG(s) 'example_bash_decorator' retrieved from /home/airflow/.local/lib/python3.11/site-packages/airflow/example_dags/example_bash_decorator.py
[2026-07-05T16:08:32.391+0000] {logging_mixin.py:188} INFO - [2026-07-05T16:08:32.391+0000] {dag.py:3096} INFO - Sync 1 DAGs
[2026-07-05T16:08:32.402+0000] {logging_mixin.py:188} INFO - [2026-07-05T16:08:32.401+0000] {dag.py:3954} INFO - Setting next_dagrun for example_bash_decorator to None, run_after=None
[2026-07-05T16:08:32.421+0000] {processor.py:183} INFO - Processing /home/airflow/.local/lib/python3.11/site-packages/airflow/example_dags/example_bash_decorator.py took 0.074 seconds
[2026-07-05T16:09:02.670+0000] {processor.py:161} INFO - Started process (PID=256) to work on /home/airflow/.local/lib/python3.11/site-packages/airflow/example_dags/example_bash_decorator.py
[2026-07-05T16:09:02.672+0000] {processor.py:830} INFO - Processing file /home/airflow/.local/lib/python3.11/site-packages/airflow/example_dags/example_bash_decorator.py for tasks to queue
[2026-07-05T16:09:02.677+0000] {logging_mixin.py:188} INFO - [2026-07-05T16:09:02.676+0000] {dagbag.py:545} INFO - Filling up the DagBag from /home/airflow/.local/lib/python3.11/site-packages/airflow/example_dags/example_bash_decorator.py
[2026-07-05T16:09:02.701+0000] {processor.py:840} INFO - DAG(s) 'example_bash_decorator' retrieved from /home/airflow/.local/lib/python3.11/site-packages/airflow/example_dags/example_bash_decorator.py
[2026-07-05T16:09:02.741+0000] {logging_mixin.py:188} INFO - [2026-07-05T16:09:02.741+0000] {dag.py:3096} INFO - Sync 1 DAGs
[2026-07-05T16:09:02.758+0000] {logging_mixin.py:188} INFO - [2026-07-05T16:09:02.758+0000] {dag.py:3954} INFO - Setting next_dagrun for example_bash_decorator to None, run_after=None
[2026-07-05T16:09:02.781+0000] {processor.py:183} INFO - Processing /home/airflow/.local/lib/python3.11/site-packages/airflow/example_dags/example_bash_decorator.py took 0.122 seconds
[2026-07-05T16:09:33.754+0000] {processor.py:161} INFO - Started process (PID=314) to work on /home/airflow/.local/lib/python3.11/site-packages/airflow/example_dags/example_bash_decorator.py
[2026-07-05T16:09:33.756+0000] {processor.py:830} INFO - Processing file /home/airflow/.local/lib/python3.11/site-packages/airflow/example_dags/example_bash_decorator.py for tasks to queue
[2026-07-05T16:09:33.758+0000] {logging_mixin.py:188} INFO - [2026-07-05T16:09:33.758+0000] {dagbag.py:545} INFO - Filling up the DagBag from /home/airflow/.local/lib/python3.11/site-packages/airflow/example_dags/example_bash_decorator.py
[2026-07-05T16:09:33.784+0000] {processor.py:840} INFO - DAG(s) 'example_bash_decorator' retrieved from /home/airflow/.local/lib/python3.11/site-packages/airflow/example_dags/example_bash_decorator.py
[2026-07-05T16:09:33.796+0000] {logging_mixin.py:188} INFO - [2026-07-05T16:09:33.795+0000] {dag.py:3096} INFO - Sync 1 DAGs
[2026-07-05T16:09:33.809+0000] {logging_mixin.py:188} INFO - [2026-07-05T16:09:33.809+0000] {dag.py:3954} INFO - Setting next_dagrun for example_bash_decorator to None, run_after=None
[2026-07-05T16:09:33.828+0000] {processor.py:183} INFO - Processing /home/airflow/.local/lib/python3.11/site-packages/airflow/example_dags/example_bash_decorator.py took 0.092 seconds
[2026-07-05T16:10:12.905+0000] {processor.py:161} INFO - Started process (PID=77) to work on /home/airflow/.local/lib/python3.11/site-packages/airflow/example_dags/example_bash_decorator.py
[2026-07-05T16:10:12.907+0000] {processor.py:830} INFO - Processing file /home/airflow/.local/lib/python3.11/site-packages/airflow/example_dags/example_bash_decorator.py for tasks to queue
[2026-07-05T16:10:12.910+0000] {logging_mixin.py:188} INFO - [2026-07-05T16:10:12.909+0000] {dagbag.py:545} INFO - Filling up the DagBag from /home/airflow/.local/lib/python3.11/site-packages/airflow/example_dags/example_bash_decorator.py
[2026-07-05T16:10:13.205+0000] {processor.py:840} INFO - DAG(s) 'example_bash_decorator' retrieved from /home/airflow/.local/lib/python3.11/site-packages/airflow/example_dags/example_bash_decorator.py
[2026-07-05T16:10:13.225+0000] {logging_mixin.py:188} INFO - [2026-07-05T16:10:13.225+0000] {dag.py:3096} INFO - Sync 1 DAGs
[2026-07-05T16:10:13.244+0000] {logging_mixin.py:188} INFO - [2026-07-05T16:10:13.244+0000] {dag.py:3954} INFO - Setting next_dagrun for example_bash_decorator to None, run_after=None
[2026-07-05T16:10:13.281+0000] {processor.py:183} INFO - Processing /home/airflow/.local/lib/python3.11/site-packages/airflow/example_dags/example_bash_decorator.py took 0.389 seconds
[2026-07-05T16:10:44.156+0000] {processor.py:161} INFO - Started process (PID=136) to work on /home/airflow/.local/lib/python3.11/site-packages/airflow/example_dags/example_bash_decorator.py
[2026-07-05T16:10:44.159+0000] {processor.py:830} INFO - Processing file /home/airflow/.local/lib/python3.11/site-packages/airflow/example_dags/example_bash_decorator.py for tasks to queue
[2026-07-05T16:10:44.161+0000] {logging_mixin.py:188} INFO - [2026-07-05T16:10:44.161+0000] {dagbag.py:545} INFO - Filling up the DagBag from /home/airflow/.local/lib/python3.11/site-packages/airflow/example_dags/example_bash_decorator.py
[2026-07-05T16:10:44.180+0000] {processor.py:840} INFO - DAG(s) 'example_bash_decorator' retrieved from /home/airflow/.local/lib/python3.11/site-packages/airflow/example_dags/example_bash_decorator.py
[2026-07-05T16:10:44.331+0000] {logging_mixin.py:188} INFO - [2026-07-05T16:10:44.331+0000] {dag.py:3096} INFO - Sync 1 DAGs
[2026-07-05T16:10:44.343+0000] {logging_mixin.py:188} INFO - [2026-07-05T16:10:44.343+0000] {dag.py:3954} INFO - Setting next_dagrun for example_bash_decorator to None, run_after=None
[2026-07-05T16:10:44.369+0000] {processor.py:183} INFO - Processing /home/airflow/.local/lib/python3.11/site-packages/airflow/example_dags/example_bash_decorator.py took 0.220 seconds
[2026-07-05T16:11:14.695+0000] {processor.py:161} INFO - Started process (PID=194) to work on /home/airflow/.local/lib/python3.11/site-packages/airflow/example_dags/example_bash_decorator.py
[2026-07-05T16:11:14.696+0000] {processor.py:830} INFO - Processing file /home/airflow/.local/lib/python3.11/site-packages/airflow/example_dags/example_bash_decorator.py for tasks to queue
[2026-07-05T16:11:14.698+0000] {logging_mixin.py:188} INFO - [2026-07-05T16:11:14.698+0000] {dagbag.py:545} INFO - Filling up the DagBag from /home/airflow/.local/lib/python3.11/site-packages/airflow/example_dags/example_bash_decorator.py
[2026-07-05T16:11:14.711+0000] {processor.py:840} INFO - DAG(s) 'example_bash_decorator' retrieved from /home/airflow/.local/lib/python3.11/site-packages/airflow/example_dags/example_bash_decorator.py
[2026-07-05T16:11:14.734+0000] {logging_mixin.py:188} INFO - [2026-07-05T16:11:14.734+0000] {dag.py:3096} INFO - Sync 1 DAGs
[2026-07-05T16:11:14.745+0000] {logging_mixin.py:188} INFO - [2026-07-05T16:11:14.745+0000] {dag.py:3954} INFO - Setting next_dagrun for example_bash_decorator to None, run_after=None
[2026-07-05T16:11:14.766+0000] {processor.py:183} INFO - Processing /home/airflow/.local/lib/python3.11/site-packages/airflow/example_dags/example_bash_decorator.py took 0.076 seconds
[2026-07-05T16:11:45.192+0000] {processor.py:161} INFO - Started process (PID=252) to work on /home/airflow/.local/lib/python3.11/site-packages/airflow/example_dags/example_bash_decorator.py
[2026-07-05T16:11:45.197+0000] {processor.py:830} INFO - Processing file /home/airflow/.local/lib/python3.11/site-packages/airflow/example_dags/example_bash_decorator.py for tasks to queue
[2026-07-05T16:11:45.221+0000] {logging_mixin.py:188} INFO - [2026-07-05T16:11:45.220+0000] {dagbag.py:545} INFO - Filling up the DagBag from /home/airflow/.local/lib/python3.11/site-packages/airflow/example_dags/example_bash_decorator.py
[2026-07-05T16:11:45.277+0000] {processor.py:840} INFO - DAG(s) 'example_bash_decorator' retrieved from /home/airflow/.local/lib/python3.11/site-packages/airflow/example_dags/example_bash_decorator.py
[2026-07-05T16:11:45.342+0000] {logging_mixin.py:188} INFO - [2026-07-05T16:11:45.342+0000] {dag.py:3096} INFO - Sync 1 DAGs
[2026-07-05T16:11:45.368+0000] {logging_mixin.py:188} INFO - [2026-07-05T16:11:45.368+0000] {dag.py:3954} INFO - Setting next_dagrun for example_bash_decorator to None, run_after=None
[2026-07-05T16:11:45.407+0000] {processor.py:183} INFO - Processing /home/airflow/.local/lib/python3.11/site-packages/airflow/example_dags/example_bash_decorator.py took 0.232 seconds
[2026-07-05T16:12:15.707+0000] {processor.py:161} INFO - Started process (PID=311) to work on /home/airflow/.local/lib/python3.11/site-packages/airflow/example_dags/example_bash_decorator.py
[2026-07-05T16:12:15.710+0000] {processor.py:830} INFO - Processing file /home/airflow/.local/lib/python3.11/site-packages/airflow/example_dags/example_bash_decorator.py for tasks to queue
[2026-07-05T16:12:15.717+0000] {logging_mixin.py:188} INFO - [2026-07-05T16:12:15.717+0000] {dagbag.py:545} INFO - Filling up the DagBag from /home/airflow/.local/lib/python3.11/site-packages/airflow/example_dags/example_bash_decorator.py
[2026-07-05T16:12:15.764+0000] {processor.py:840} INFO - DAG(s) 'example_bash_decorator' retrieved from /home/airflow/.local/lib/python3.11/site-packages/airflow/example_dags/example_bash_decorator.py
[2026-07-05T16:12:16.007+0000] {logging_mixin.py:188} INFO - [2026-07-05T16:12:16.006+0000] {dag.py:3096} INFO - Sync 1 DAGs
[2026-07-05T16:12:16.031+0000] {logging_mixin.py:188} INFO - [2026-07-05T16:12:16.030+0000] {dag.py:3954} INFO - Setting next_dagrun for example_bash_decorator to None, run_after=None
[2026-07-05T16:12:16.100+0000] {processor.py:183} INFO - Processing /home/airflow/.local/lib/python3.11/site-packages/airflow/example_dags/example_bash_decorator.py took 0.417 seconds
[2026-07-05T16:12:46.305+0000] {processor.py:161} INFO - Started process (PID=369) to work on /home/airflow/.local/lib/python3.11/site-packages/airflow/example_dags/example_bash_decorator.py
[2026-07-05T16:12:46.307+0000] {processor.py:830} INFO - Processing file /home/airflow/.local/lib/python3.11/site-packages/airflow/example_dags/example_bash_decorator.py for tasks to queue
[2026-07-05T16:12:46.309+0000] {logging_mixin.py:188} INFO - [2026-07-05T16:12:46.308+0000] {dagbag.py:545} INFO - Filling up the DagBag from /home/airflow/.local/lib/python3.11/site-packages/airflow/example_dags/example_bash_decorator.py
[2026-07-05T16:12:46.326+0000] {processor.py:840} INFO - DAG(s) 'example_bash_decorator' retrieved from /home/airflow/.local/lib/python3.11/site-packages/airflow/example_dags/example_bash_decorator.py
[2026-07-05T16:12:46.351+0000] {logging_mixin.py:188} INFO - [2026-07-05T16:12:46.351+0000] {dag.py:3096} INFO - Sync 1 DAGs
[2026-07-05T16:12:46.364+0000] {logging_mixin.py:188} INFO - [2026-07-05T16:12:46.364+0000] {dag.py:3954} INFO - Setting next_dagrun for example_bash_decorator to None, run_after=None
[2026-07-05T16:12:46.389+0000] {processor.py:183} INFO - Processing /home/airflow/.local/lib/python3.11/site-packages/airflow/example_dags/example_bash_decorator.py took 0.091 seconds
[2026-07-05T16:13:16.892+0000] {processor.py:161} INFO - Started process (PID=427) to work on /home/airflow/.local/lib/python3.11/site-packages/airflow/example_dags/example_bash_decorator.py
[2026-07-05T16:13:16.893+0000] {processor.py:830} INFO - Processing file /home/airflow/.local/lib/python3.11/site-packages/airflow/example_dags/example_bash_decorator.py for tasks to queue
[2026-07-05T16:13:16.895+0000] {logging_mixin.py:188} INFO - [2026-07-05T16:13:16.895+0000] {dagbag.py:545} INFO - Filling up the DagBag from /home/airflow/.local/lib/python3.11/site-packages/airflow/example_dags/example_bash_decorator.py
[2026-07-05T16:13:16.911+0000] {processor.py:840} INFO - DAG(s) 'example_bash_decorator' retrieved from /home/airflow/.local/lib/python3.11/site-packages/airflow/example_dags/example_bash_decorator.py
[2026-07-05T16:13:16.937+0000] {logging_mixin.py:188} INFO - [2026-07-05T16:13:16.936+0000] {dag.py:3096} INFO - Sync 1 DAGs
[2026-07-05T16:13:16.953+0000] {logging_mixin.py:188} INFO - [2026-07-05T16:13:16.953+0000] {dag.py:3954} INFO - Setting next_dagrun for example_bash_decorator to None, run_after=None
[2026-07-05T16:13:16.972+0000] {processor.py:183} INFO - Processing /home/airflow/.local/lib/python3.11/site-packages/airflow/example_dags/example_bash_decorator.py took 0.086 seconds
[2026-07-05T16:13:47.433+0000] {processor.py:161} INFO - Started process (PID=485) to work on /home/airflow/.local/lib/python3.11/site-packages/airflow/example_dags/example_bash_decorator.py
[2026-07-05T16:13:47.434+0000] {processor.py:830} INFO - Processing file /home/airflow/.local/lib/python3.11/site-packages/airflow/example_dags/example_bash_decorator.py for tasks to queue
[2026-07-05T16:13:47.436+0000] {logging_mixin.py:188} INFO - [2026-07-05T16:13:47.436+0000] {dagbag.py:545} INFO - Filling up the DagBag from /home/airflow/.local/lib/python3.11/site-packages/airflow/example_dags/example_bash_decorator.py
[2026-07-05T16:13:47.449+0000] {processor.py:840} INFO - DAG(s) 'example_bash_decorator' retrieved from /home/airflow/.local/lib/python3.11/site-packages/airflow/example_dags/example_bash_decorator.py
[2026-07-05T16:13:47.471+0000] {logging_mixin.py:188} INFO - [2026-07-05T16:13:47.471+0000] {dag.py:3096} INFO - Sync 1 DAGs
[2026-07-05T16:13:47.489+0000] {logging_mixin.py:188} INFO - [2026-07-05T16:13:47.488+0000] {dag.py:3954} INFO - Setting next_dagrun for example_bash_decorator to None, run_after=None
[2026-07-05T16:13:47.511+0000] {processor.py:183} INFO - Processing /home/airflow/.local/lib/python3.11/site-packages/airflow/example_dags/example_bash_decorator.py took 0.084 seconds
[2026-07-05T16:14:17.669+0000] {processor.py:161} INFO - Started process (PID=543) to work on /home/airflow/.local/lib/python3.11/site-packages/airflow/example_dags/example_bash_decorator.py
[2026-07-05T16:14:17.672+0000] {processor.py:830} INFO - Processing file /home/airflow/.local/lib/python3.11/site-packages/airflow/example_dags/example_bash_decorator.py for tasks to queue
[2026-07-05T16:14:17.675+0000] {logging_mixin.py:188} INFO - [2026-07-05T16:14:17.675+0000] {dagbag.py:545} INFO - Filling up the DagBag from /home/airflow/.local/lib/python3.11/site-packages/airflow/example_dags/example_bash_decorator.py
[2026-07-05T16:14:17.705+0000] {processor.py:840} INFO - DAG(s) 'example_bash_decorator' retrieved from /home/airflow/.local/lib/python3.11/site-packages/airflow/example_dags/example_bash_decorator.py
[2026-07-05T16:14:17.734+0000] {logging_mixin.py:188} INFO - [2026-07-05T16:14:17.734+0000] {dag.py:3096} INFO - Sync 1 DAGs
[2026-07-05T16:14:17.751+0000] {logging_mixin.py:188} INFO - [2026-07-05T16:14:17.751+0000] {dag.py:3954} INFO - Setting next_dagrun for example_bash_decorator to None, run_after=None
[2026-07-05T16:14:17.775+0000] {processor.py:183} INFO - Processing /home/airflow/.local/lib/python3.11/site-packages/airflow/example_dags/example_bash_decorator.py took 0.117 seconds
[2026-07-05T16:14:47.865+0000] {processor.py:161} INFO - Started process (PID=601) to work on /home/airflow/.local/lib/python3.11/site-packages/airflow/example_dags/example_bash_decorator.py
[2026-07-05T16:14:47.866+0000] {processor.py:830} INFO - Processing file /home/airflow/.local/lib/python3.11/site-packages/airflow/example_dags/example_bash_decorator.py for tasks to queue
[2026-07-05T16:14:47.869+0000] {logging_mixin.py:188} INFO - [2026-07-05T16:14:47.868+0000] {dagbag.py:545} INFO - Filling up the DagBag from /home/airflow/.local/lib/python3.11/site-packages/airflow/example_dags/example_bash_decorator.py
[2026-07-05T16:14:47.884+0000] {processor.py:840} INFO - DAG(s) 'example_bash_decorator' retrieved from /home/airflow/.local/lib/python3.11/site-packages/airflow/example_dags/example_bash_decorator.py
[2026-07-05T16:14:47.915+0000] {logging_mixin.py:188} INFO - [2026-07-05T16:14:47.915+0000] {dag.py:3096} INFO - Sync 1 DAGs
[2026-07-05T16:14:47.927+0000] {logging_mixin.py:188} INFO - [2026-07-05T16:14:47.927+0000] {dag.py:3954} INFO - Setting next_dagrun for example_bash_decorator to None, run_after=None
[2026-07-05T16:14:47.946+0000] {processor.py:183} INFO - Processing /home/airflow/.local/lib/python3.11/site-packages/airflow/example_dags/example_bash_decorator.py took 0.088 seconds
[2026-07-05T16:15:18.023+0000] {processor.py:161} INFO - Started process (PID=659) to work on /home/airflow/.local/lib/python3.11/site-packages/airflow/example_dags/example_bash_decorator.py
[2026-07-05T16:15:18.024+0000] {processor.py:830} INFO - Processing file /home/airflow/.local/lib/python3.11/site-packages/airflow/example_dags/example_bash_decorator.py for tasks to queue
[2026-07-05T16:15:18.026+0000] {logging_mixin.py:188} INFO - [2026-07-05T16:15:18.026+0000] {dagbag.py:545} INFO - Filling up the DagBag from /home/airflow/.local/lib/python3.11/site-packages/airflow/example_dags/example_bash_decorator.py
[2026-07-05T16:15:18.038+0000] {processor.py:840} INFO - DAG(s) 'example_bash_decorator' retrieved from /home/airflow/.local/lib/python3.11/site-packages/airflow/example_dags/example_bash_decorator.py
[2026-07-05T16:15:18.059+0000] {logging_mixin.py:188} INFO - [2026-07-05T16:15:18.059+0000] {dag.py:3096} INFO - Sync 1 DAGs
[2026-07-05T16:15:18.072+0000] {logging_mixin.py:188} INFO - [2026-07-05T16:15:18.072+0000] {dag.py:3954} INFO - Setting next_dagrun for example_bash_decorator to None, run_after=None
[2026-07-05T16:15:18.090+0000] {processor.py:183} INFO - Processing /home/airflow/.local/lib/python3.11/site-packages/airflow/example_dags/example_bash_decorator.py took 0.073 seconds
[2026-07-05T16:15:48.260+0000] {processor.py:161} INFO - Started process (PID=717) to work on /home/airflow/.local/lib/python3.11/site-packages/airflow/example_dags/example_bash_decorator.py
[2026-07-05T16:15:48.261+0000] {processor.py:830} INFO - Processing file /home/airflow/.local/lib/python3.11/site-packages/airflow/example_dags/example_bash_decorator.py for tasks to queue
[2026-07-05T16:15:48.264+0000] {logging_mixin.py:188} INFO - [2026-07-05T16:15:48.263+0000] {dagbag.py:545} INFO - Filling up the DagBag from /home/airflow/.local/lib/python3.11/site-packages/airflow/example_dags/example_bash_decorator.py
[2026-07-05T16:15:48.276+0000] {processor.py:840} INFO - DAG(s) 'example_bash_decorator' retrieved from /home/airflow/.local/lib/python3.11/site-packages/airflow/example_dags/example_bash_decorator.py
[2026-07-05T16:15:48.296+0000] {logging_mixin.py:188} INFO - [2026-07-05T16:15:48.296+0000] {dag.py:3096} INFO - Sync 1 DAGs
[2026-07-05T16:15:48.308+0000] {logging_mixin.py:188} INFO - [2026-07-05T16:15:48.308+0000] {dag.py:3954} INFO - Setting next_dagrun for example_bash_decorator to None, run_after=None
[2026-07-05T16:15:48.326+0000] {processor.py:183} INFO - Processing /home/airflow/.local/lib/python3.11/site-packages/airflow/example_dags/example_bash_decorator.py took 0.074 seconds
[2026-07-05T16:16:18.402+0000] {processor.py:161} INFO - Started process (PID=775) to work on /home/airflow/.local/lib/python3.11/site-packages/airflow/example_dags/example_bash_decorator.py
[2026-07-05T16:16:18.403+0000] {processor.py:830} INFO - Processing file /home/airflow/.local/lib/python3.11/site-packages/airflow/example_dags/example_bash_decorator.py for tasks to queue
[2026-07-05T16:16:18.405+0000] {logging_mixin.py:188} INFO - [2026-07-05T16:16:18.405+0000] {dagbag.py:545} INFO - Filling up the DagBag from /home/airflow/.local/lib/python3.11/site-packages/airflow/example_dags/example_bash_decorator.py
[2026-07-05T16:16:18.418+0000] {processor.py:840} INFO - DAG(s) 'example_bash_decorator' retrieved from /home/airflow/.local/lib/python3.11/site-packages/airflow/example_dags/example_bash_decorator.py
[2026-07-05T16:16:18.441+0000] {logging_mixin.py:188} INFO - [2026-07-05T16:16:18.441+0000] {dag.py:3096} INFO - Sync 1 DAGs
[2026-07-05T16:16:18.451+0000] {logging_mixin.py:188} INFO - [2026-07-05T16:16:18.451+0000] {dag.py:3954} INFO - Setting next_dagrun for example_bash_decorator to None, run_after=None
[2026-07-05T16:16:18.472+0000] {processor.py:183} INFO - Processing /home/airflow/.local/lib/python3.11/site-packages/airflow/example_dags/example_bash_decorator.py took 0.076 seconds
[2026-07-05T16:16:48.755+0000] {processor.py:161} INFO - Started process (PID=833) to work on /home/airflow/.local/lib/python3.11/site-packages/airflow/example_dags/example_bash_decorator.py
[2026-07-05T16:16:48.756+0000] {processor.py:830} INFO - Processing file /home/airflow/.local/lib/python3.11/site-packages/airflow/example_dags/example_bash_decorator.py for tasks to queue
[2026-07-05T16:16:48.758+0000] {logging_mixin.py:188} INFO - [2026-07-05T16:16:48.757+0000] {dagbag.py:545} INFO - Filling up the DagBag from /home/airflow/.local/lib/python3.11/site-packages/airflow/example_dags/example_bash_decorator.py
[2026-07-05T16:16:48.770+0000] {processor.py:840} INFO - DAG(s) 'example_bash_decorator' retrieved from /home/airflow/.local/lib/python3.11/site-packages/airflow/example_dags/example_bash_decorator.py
[2026-07-05T16:16:48.792+0000] {logging_mixin.py:188} INFO - [2026-07-05T16:16:48.792+0000] {dag.py:3096} INFO - Sync 1 DAGs
[2026-07-05T16:16:48.802+0000] {logging_mixin.py:188} INFO - [2026-07-05T16:16:48.802+0000] {dag.py:3954} INFO - Setting next_dagrun for example_bash_decorator to None, run_after=None
[2026-07-05T16:16:48.824+0000] {processor.py:183} INFO - Processing /home/airflow/.local/lib/python3.11/site-packages/airflow/example_dags/example_bash_decorator.py took 0.075 seconds
[2026-07-05T16:17:19.066+0000] {processor.py:161} INFO - Started process (PID=891) to work on /home/airflow/.local/lib/python3.11/site-packages/airflow/example_dags/example_bash_decorator.py
[2026-07-05T16:17:19.067+0000] {processor.py:830} INFO - Processing file /home/airflow/.local/lib/python3.11/site-packages/airflow/example_dags/example_bash_decorator.py for tasks to queue
[2026-07-05T16:17:19.069+0000] {logging_mixin.py:188} INFO - [2026-07-05T16:17:19.069+0000] {dagbag.py:545} INFO - Filling up the DagBag from /home/airflow/.local/lib/python3.11/site-packages/airflow/example_dags/example_bash_decorator.py
[2026-07-05T16:17:19.082+0000] {processor.py:840} INFO - DAG(s) 'example_bash_decorator' retrieved from /home/airflow/.local/lib/python3.11/site-packages/airflow/example_dags/example_bash_decorator.py
[2026-07-05T16:17:19.104+0000] {logging_mixin.py:188} INFO - [2026-07-05T16:17:19.103+0000] {dag.py:3096} INFO - Sync 1 DAGs
[2026-07-05T16:17:19.114+0000] {logging_mixin.py:188} INFO - [2026-07-05T16:17:19.114+0000] {dag.py:3954} INFO - Setting next_dagrun for example_bash_decorator to None, run_after=None
[2026-07-05T16:17:19.136+0000] {processor.py:183} INFO - Processing /home/airflow/.local/lib/python3.11/site-packages/airflow/example_dags/example_bash_decorator.py took 0.075 seconds
[2026-07-05T16:17:49.352+0000] {processor.py:161} INFO - Started process (PID=949) to work on /home/airflow/.local/lib/python3.11/site-packages/airflow/example_dags/example_bash_decorator.py
[2026-07-05T16:17:49.353+0000] {processor.py:830} INFO - Processing file /home/airflow/.local/lib/python3.11/site-packages/airflow/example_dags/example_bash_decorator.py for tasks to queue
[2026-07-05T16:17:49.354+0000] {logging_mixin.py:188} INFO - [2026-07-05T16:17:49.354+0000] {dagbag.py:545} INFO - Filling up the DagBag from /home/airflow/.local/lib/python3.11/site-packages/airflow/example_dags/example_bash_decorator.py
[2026-07-05T16:17:49.368+0000] {processor.py:840} INFO - DAG(s) 'example_bash_decorator' retrieved from /home/airflow/.local/lib/python3.11/site-packages/airflow/example_dags/example_bash_decorator.py
[2026-07-05T16:17:49.392+0000] {logging_mixin.py:188} INFO - [2026-07-05T16:17:49.392+0000] {dag.py:3096} INFO - Sync 1 DAGs
[2026-07-05T16:17:49.407+0000] {logging_mixin.py:188} INFO - [2026-07-05T16:17:49.407+0000] {dag.py:3954} INFO - Setting next_dagrun for example_bash_decorator to None, run_after=None
[2026-07-05T16:17:49.427+0000] {processor.py:183} INFO - Processing /home/airflow/.local/lib/python3.11/site-packages/airflow/example_dags/example_bash_decorator.py took 0.081 seconds
[2026-07-05T16:18:20.179+0000] {processor.py:161} INFO - Started process (PID=1007) to work on /home/airflow/.local/lib/python3.11/site-packages/airflow/example_dags/example_bash_decorator.py
[2026-07-05T16:18:20.180+0000] {processor.py:830} INFO - Processing file /home/airflow/.local/lib/python3.11/site-packages/airflow/example_dags/example_bash_decorator.py for tasks to queue
[2026-07-05T16:18:20.182+0000] {logging_mixin.py:188} INFO - [2026-07-05T16:18:20.182+0000] {dagbag.py:545} INFO - Filling up the DagBag from /home/airflow/.local/lib/python3.11/site-packages/airflow/example_dags/example_bash_decorator.py
[2026-07-05T16:18:20.198+0000] {processor.py:840} INFO - DAG(s) 'example_bash_decorator' retrieved from /home/airflow/.local/lib/python3.11/site-packages/airflow/example_dags/example_bash_decorator.py
[2026-07-05T16:18:20.228+0000] {logging_mixin.py:188} INFO - [2026-07-05T16:18:20.227+0000] {dag.py:3096} INFO - Sync 1 DAGs
[2026-07-05T16:18:20.240+0000] {logging_mixin.py:188} INFO - [2026-07-05T16:18:20.240+0000] {dag.py:3954} INFO - Setting next_dagrun for example_bash_decorator to None, run_after=None
[2026-07-05T16:18:20.259+0000] {processor.py:183} INFO - Processing /home/airflow/.local/lib/python3.11/site-packages/airflow/example_dags/example_bash_decorator.py took 0.088 seconds
[2026-07-05T16:18:50.350+0000] {processor.py:161} INFO - Started process (PID=1065) to work on /home/airflow/.local/lib/python3.11/site-packages/airflow/example_dags/example_bash_decorator.py
[2026-07-05T16:18:50.351+0000] {processor.py:830} INFO - Processing file /home/airflow/.local/lib/python3.11/site-packages/airflow/example_dags/example_bash_decorator.py for tasks to queue
[2026-07-05T16:18:50.353+0000] {logging_mixin.py:188} INFO - [2026-07-05T16:18:50.352+0000] {dagbag.py:545} INFO - Filling up the DagBag from /home/airflow/.local/lib/python3.11/site-packages/airflow/example_dags/example_bash_decorator.py
[2026-07-05T16:18:50.365+0000] {processor.py:840} INFO - DAG(s) 'example_bash_decorator' retrieved from /home/airflow/.local/lib/python3.11/site-packages/airflow/example_dags/example_bash_decorator.py
[2026-07-05T16:18:50.387+0000] {logging_mixin.py:188} INFO - [2026-07-05T16:18:50.387+0000] {dag.py:3096} INFO - Sync 1 DAGs
[2026-07-05T16:18:50.398+0000] {logging_mixin.py:188} INFO - [2026-07-05T16:18:50.398+0000] {dag.py:3954} INFO - Setting next_dagrun for example_bash_decorator to None, run_after=None
[2026-07-05T16:18:50.415+0000] {processor.py:183} INFO - Processing /home/airflow/.local/lib/python3.11/site-packages/airflow/example_dags/example_bash_decorator.py took 0.071 seconds
