[2026-07-05T16:07:32.300+0000] {processor.py:161} INFO - Started process (PID=85) to work on /home/airflow/.local/lib/python3.11/site-packages/airflow/example_dags/example_dynamic_task_mapping.py
[2026-07-05T16:07:32.308+0000] {processor.py:830} INFO - Processing file /home/airflow/.local/lib/python3.11/site-packages/airflow/example_dags/example_dynamic_task_mapping.py for tasks to queue
[2026-07-05T16:07:32.325+0000] {logging_mixin.py:188} INFO - [2026-07-05T16:07:32.316+0000] {dagbag.py:545} INFO - Filling up the DagBag from /home/airflow/.local/lib/python3.11/site-packages/airflow/example_dags/example_dynamic_task_mapping.py
[2026-07-05T16:07:32.419+0000] {processor.py:840} INFO - DAG(s) 'example_dynamic_task_mapping' retrieved from /home/airflow/.local/lib/python3.11/site-packages/airflow/example_dags/example_dynamic_task_mapping.py
[2026-07-05T16:07:33.437+0000] {logging_mixin.py:188} INFO - [2026-07-05T16:07:33.432+0000] {override.py:1829} INFO - Created Permission View: can delete on DAG:example_dynamic_task_mapping
[2026-07-05T16:07:33.482+0000] {logging_mixin.py:188} INFO - [2026-07-05T16:07:33.482+0000] {override.py:1829} INFO - Created Permission View: can read on DAG:example_dynamic_task_mapping
[2026-07-05T16:07:33.502+0000] {logging_mixin.py:188} INFO - [2026-07-05T16:07:33.498+0000] {override.py:1829} INFO - Created Permission View: can edit on DAG:example_dynamic_task_mapping
[2026-07-05T16:07:33.504+0000] {logging_mixin.py:188} INFO - [2026-07-05T16:07:33.503+0000] {dag.py:3096} INFO - Sync 1 DAGs
[2026-07-05T16:07:33.561+0000] {logging_mixin.py:188} INFO - [2026-07-05T16:07:33.561+0000] {dag.py:3118} INFO - Creating ORM DAG for example_dynamic_task_mapping
[2026-07-05T16:07:33.595+0000] {logging_mixin.py:188} INFO - [2026-07-05T16:07:33.595+0000] {dag.py:3954} INFO - Setting next_dagrun for example_dynamic_task_mapping to 2022-03-04 00:00:00+00:00, run_after=2022-03-05 00:00:00+00:00
[2026-07-05T16:07:33.637+0000] {processor.py:183} INFO - Processing /home/airflow/.local/lib/python3.11/site-packages/airflow/example_dags/example_dynamic_task_mapping.py took 1.370 seconds
[2026-07-05T16:08:03.907+0000] {processor.py:161} INFO - Started process (PID=143) to work on /home/airflow/.local/lib/python3.11/site-packages/airflow/example_dags/example_dynamic_task_mapping.py
[2026-07-05T16:08:03.908+0000] {processor.py:830} INFO - Processing file /home/airflow/.local/lib/python3.11/site-packages/airflow/example_dags/example_dynamic_task_mapping.py for tasks to queue
[2026-07-05T16:08:03.911+0000] {logging_mixin.py:188} INFO - [2026-07-05T16:08:03.910+0000] {dagbag.py:545} INFO - Filling up the DagBag from /home/airflow/.local/lib/python3.11/site-packages/airflow/example_dags/example_dynamic_task_mapping.py
[2026-07-05T16:08:03.918+0000] {processor.py:840} INFO - DAG(s) 'example_dynamic_task_mapping' retrieved from /home/airflow/.local/lib/python3.11/site-packages/airflow/example_dags/example_dynamic_task_mapping.py
[2026-07-05T16:08:03.937+0000] {logging_mixin.py:188} INFO - [2026-07-05T16:08:03.937+0000] {dag.py:3096} INFO - Sync 1 DAGs
[2026-07-05T16:08:03.957+0000] {logging_mixin.py:188} INFO - [2026-07-05T16:08:03.957+0000] {dag.py:3954} INFO - Setting next_dagrun for example_dynamic_task_mapping to 2022-03-04 00:00:00+00:00, run_after=2022-03-05 00:00:00+00:00
[2026-07-05T16:08:03.976+0000] {processor.py:183} INFO - Processing /home/airflow/.local/lib/python3.11/site-packages/airflow/example_dags/example_dynamic_task_mapping.py took 0.074 seconds
[2026-07-05T16:08:34.467+0000] {processor.py:161} INFO - Started process (PID=201) to work on /home/airflow/.local/lib/python3.11/site-packages/airflow/example_dags/example_dynamic_task_mapping.py
[2026-07-05T16:08:34.468+0000] {processor.py:830} INFO - Processing file /home/airflow/.local/lib/python3.11/site-packages/airflow/example_dags/example_dynamic_task_mapping.py for tasks to queue
[2026-07-05T16:08:34.470+0000] {logging_mixin.py:188} INFO - [2026-07-05T16:08:34.470+0000] {dagbag.py:545} INFO - Filling up the DagBag from /home/airflow/.local/lib/python3.11/site-packages/airflow/example_dags/example_dynamic_task_mapping.py
[2026-07-05T16:08:34.478+0000] {processor.py:840} INFO - DAG(s) 'example_dynamic_task_mapping' retrieved from /home/airflow/.local/lib/python3.11/site-packages/airflow/example_dags/example_dynamic_task_mapping.py
[2026-07-05T16:08:34.500+0000] {logging_mixin.py:188} INFO - [2026-07-05T16:08:34.500+0000] {dag.py:3096} INFO - Sync 1 DAGs
[2026-07-05T16:08:34.519+0000] {logging_mixin.py:188} INFO - [2026-07-05T16:08:34.519+0000] {dag.py:3954} INFO - Setting next_dagrun for example_dynamic_task_mapping to 2022-03-04 00:00:00+00:00, run_after=2022-03-05 00:00:00+00:00
[2026-07-05T16:08:34.541+0000] {processor.py:183} INFO - Processing /home/airflow/.local/lib/python3.11/site-packages/airflow/example_dags/example_dynamic_task_mapping.py took 0.080 seconds
[2026-07-05T16:09:04.835+0000] {processor.py:161} INFO - Started process (PID=259) to work on /home/airflow/.local/lib/python3.11/site-packages/airflow/example_dags/example_dynamic_task_mapping.py
[2026-07-05T16:09:04.836+0000] {processor.py:830} INFO - Processing file /home/airflow/.local/lib/python3.11/site-packages/airflow/example_dags/example_dynamic_task_mapping.py for tasks to queue
[2026-07-05T16:09:04.838+0000] {logging_mixin.py:188} INFO - [2026-07-05T16:09:04.838+0000] {dagbag.py:545} INFO - Filling up the DagBag from /home/airflow/.local/lib/python3.11/site-packages/airflow/example_dags/example_dynamic_task_mapping.py
[2026-07-05T16:09:04.848+0000] {processor.py:840} INFO - DAG(s) 'example_dynamic_task_mapping' retrieved from /home/airflow/.local/lib/python3.11/site-packages/airflow/example_dags/example_dynamic_task_mapping.py
[2026-07-05T16:09:04.870+0000] {logging_mixin.py:188} INFO - [2026-07-05T16:09:04.870+0000] {dag.py:3096} INFO - Sync 1 DAGs
[2026-07-05T16:09:04.893+0000] {logging_mixin.py:188} INFO - [2026-07-05T16:09:04.892+0000] {dag.py:3954} INFO - Setting next_dagrun for example_dynamic_task_mapping to 2022-03-04 00:00:00+00:00, run_after=2022-03-05 00:00:00+00:00
[2026-07-05T16:09:04.914+0000] {processor.py:183} INFO - Processing /home/airflow/.local/lib/python3.11/site-packages/airflow/example_dags/example_dynamic_task_mapping.py took 0.086 seconds
[2026-07-05T16:09:34.952+0000] {processor.py:161} INFO - Started process (PID=317) to work on /home/airflow/.local/lib/python3.11/site-packages/airflow/example_dags/example_dynamic_task_mapping.py
[2026-07-05T16:09:34.954+0000] {processor.py:830} INFO - Processing file /home/airflow/.local/lib/python3.11/site-packages/airflow/example_dags/example_dynamic_task_mapping.py for tasks to queue
[2026-07-05T16:09:34.956+0000] {logging_mixin.py:188} INFO - [2026-07-05T16:09:34.956+0000] {dagbag.py:545} INFO - Filling up the DagBag from /home/airflow/.local/lib/python3.11/site-packages/airflow/example_dags/example_dynamic_task_mapping.py
[2026-07-05T16:09:34.965+0000] {processor.py:840} INFO - DAG(s) 'example_dynamic_task_mapping' retrieved from /home/airflow/.local/lib/python3.11/site-packages/airflow/example_dags/example_dynamic_task_mapping.py
[2026-07-05T16:09:34.980+0000] {logging_mixin.py:188} INFO - [2026-07-05T16:09:34.980+0000] {dag.py:3096} INFO - Sync 1 DAGs
[2026-07-05T16:09:35.003+0000] {logging_mixin.py:188} INFO - [2026-07-05T16:09:35.002+0000] {dag.py:3954} INFO - Setting next_dagrun for example_dynamic_task_mapping to 2022-03-04 00:00:00+00:00, run_after=2022-03-05 00:00:00+00:00
[2026-07-05T16:09:35.029+0000] {processor.py:183} INFO - Processing /home/airflow/.local/lib/python3.11/site-packages/airflow/example_dags/example_dynamic_task_mapping.py took 0.082 seconds
[2026-07-05T16:10:13.596+0000] {processor.py:161} INFO - Started process (PID=80) to work on /home/airflow/.local/lib/python3.11/site-packages/airflow/example_dags/example_dynamic_task_mapping.py
[2026-07-05T16:10:13.598+0000] {processor.py:830} INFO - Processing file /home/airflow/.local/lib/python3.11/site-packages/airflow/example_dags/example_dynamic_task_mapping.py for tasks to queue
[2026-07-05T16:10:13.601+0000] {logging_mixin.py:188} INFO - [2026-07-05T16:10:13.600+0000] {dagbag.py:545} INFO - Filling up the DagBag from /home/airflow/.local/lib/python3.11/site-packages/airflow/example_dags/example_dynamic_task_mapping.py
[2026-07-05T16:10:13.924+0000] {processor.py:840} INFO - DAG(s) 'example_dynamic_task_mapping' retrieved from /home/airflow/.local/lib/python3.11/site-packages/airflow/example_dags/example_dynamic_task_mapping.py
[2026-07-05T16:10:13.955+0000] {logging_mixin.py:188} INFO - [2026-07-05T16:10:13.955+0000] {dag.py:3096} INFO - Sync 1 DAGs
[2026-07-05T16:10:13.998+0000] {logging_mixin.py:188} INFO - [2026-07-05T16:10:13.998+0000] {dag.py:3954} INFO - Setting next_dagrun for example_dynamic_task_mapping to 2022-03-04 00:00:00+00:00, run_after=2022-03-05 00:00:00+00:00
[2026-07-05T16:10:14.039+0000] {processor.py:183} INFO - Processing /home/airflow/.local/lib/python3.11/site-packages/airflow/example_dags/example_dynamic_task_mapping.py took 0.456 seconds
[2026-07-05T16:10:44.415+0000] {processor.py:161} INFO - Started process (PID=139) to work on /home/airflow/.local/lib/python3.11/site-packages/airflow/example_dags/example_dynamic_task_mapping.py
[2026-07-05T16:10:44.417+0000] {processor.py:830} INFO - Processing file /home/airflow/.local/lib/python3.11/site-packages/airflow/example_dags/example_dynamic_task_mapping.py for tasks to queue
[2026-07-05T16:10:44.420+0000] {logging_mixin.py:188} INFO - [2026-07-05T16:10:44.419+0000] {dagbag.py:545} INFO - Filling up the DagBag from /home/airflow/.local/lib/python3.11/site-packages/airflow/example_dags/example_dynamic_task_mapping.py
[2026-07-05T16:10:44.429+0000] {processor.py:840} INFO - DAG(s) 'example_dynamic_task_mapping' retrieved from /home/airflow/.local/lib/python3.11/site-packages/airflow/example_dags/example_dynamic_task_mapping.py
[2026-07-05T16:10:44.537+0000] {logging_mixin.py:188} INFO - [2026-07-05T16:10:44.537+0000] {dag.py:3096} INFO - Sync 1 DAGs
[2026-07-05T16:10:44.566+0000] {logging_mixin.py:188} INFO - [2026-07-05T16:10:44.565+0000] {dag.py:3954} INFO - Setting next_dagrun for example_dynamic_task_mapping to 2022-03-04 00:00:00+00:00, run_after=2022-03-05 00:00:00+00:00
[2026-07-05T16:10:44.591+0000] {processor.py:183} INFO - Processing /home/airflow/.local/lib/python3.11/site-packages/airflow/example_dags/example_dynamic_task_mapping.py took 0.183 seconds
[2026-07-05T16:11:14.805+0000] {processor.py:161} INFO - Started process (PID=197) to work on /home/airflow/.local/lib/python3.11/site-packages/airflow/example_dags/example_dynamic_task_mapping.py
[2026-07-05T16:11:14.806+0000] {processor.py:830} INFO - Processing file /home/airflow/.local/lib/python3.11/site-packages/airflow/example_dags/example_dynamic_task_mapping.py for tasks to queue
[2026-07-05T16:11:14.808+0000] {logging_mixin.py:188} INFO - [2026-07-05T16:11:14.807+0000] {dagbag.py:545} INFO - Filling up the DagBag from /home/airflow/.local/lib/python3.11/site-packages/airflow/example_dags/example_dynamic_task_mapping.py
[2026-07-05T16:11:14.819+0000] {processor.py:840} INFO - DAG(s) 'example_dynamic_task_mapping' retrieved from /home/airflow/.local/lib/python3.11/site-packages/airflow/example_dags/example_dynamic_task_mapping.py
[2026-07-05T16:11:14.843+0000] {logging_mixin.py:188} INFO - [2026-07-05T16:11:14.842+0000] {dag.py:3096} INFO - Sync 1 DAGs
[2026-07-05T16:11:14.867+0000] {logging_mixin.py:188} INFO - [2026-07-05T16:11:14.867+0000] {dag.py:3954} INFO - Setting next_dagrun for example_dynamic_task_mapping to 2022-03-04 00:00:00+00:00, run_after=2022-03-05 00:00:00+00:00
[2026-07-05T16:11:14.892+0000] {processor.py:183} INFO - Processing /home/airflow/.local/lib/python3.11/site-packages/airflow/example_dags/example_dynamic_task_mapping.py took 0.093 seconds
[2026-07-05T16:11:45.666+0000] {processor.py:161} INFO - Started process (PID=255) to work on /home/airflow/.local/lib/python3.11/site-packages/airflow/example_dags/example_dynamic_task_mapping.py
[2026-07-05T16:11:45.668+0000] {processor.py:830} INFO - Processing file /home/airflow/.local/lib/python3.11/site-packages/airflow/example_dags/example_dynamic_task_mapping.py for tasks to queue
[2026-07-05T16:11:45.671+0000] {logging_mixin.py:188} INFO - [2026-07-05T16:11:45.671+0000] {dagbag.py:545} INFO - Filling up the DagBag from /home/airflow/.local/lib/python3.11/site-packages/airflow/example_dags/example_dynamic_task_mapping.py
[2026-07-05T16:11:45.681+0000] {processor.py:840} INFO - DAG(s) 'example_dynamic_task_mapping' retrieved from /home/airflow/.local/lib/python3.11/site-packages/airflow/example_dags/example_dynamic_task_mapping.py
[2026-07-05T16:11:45.728+0000] {logging_mixin.py:188} INFO - [2026-07-05T16:11:45.728+0000] {dag.py:3096} INFO - Sync 1 DAGs
[2026-07-05T16:11:45.763+0000] {logging_mixin.py:188} INFO - [2026-07-05T16:11:45.763+0000] {dag.py:3954} INFO - Setting next_dagrun for example_dynamic_task_mapping to 2022-03-04 00:00:00+00:00, run_after=2022-03-05 00:00:00+00:00
[2026-07-05T16:11:45.793+0000] {processor.py:183} INFO - Processing /home/airflow/.local/lib/python3.11/site-packages/airflow/example_dags/example_dynamic_task_mapping.py took 0.134 seconds
[2026-07-05T16:12:16.182+0000] {processor.py:161} INFO - Started process (PID=313) to work on /home/airflow/.local/lib/python3.11/site-packages/airflow/example_dags/example_dynamic_task_mapping.py
[2026-07-05T16:12:16.186+0000] {processor.py:830} INFO - Processing file /home/airflow/.local/lib/python3.11/site-packages/airflow/example_dags/example_dynamic_task_mapping.py for tasks to queue
[2026-07-05T16:12:16.189+0000] {logging_mixin.py:188} INFO - [2026-07-05T16:12:16.188+0000] {dagbag.py:545} INFO - Filling up the DagBag from /home/airflow/.local/lib/python3.11/site-packages/airflow/example_dags/example_dynamic_task_mapping.py
[2026-07-05T16:12:16.200+0000] {processor.py:840} INFO - DAG(s) 'example_dynamic_task_mapping' retrieved from /home/airflow/.local/lib/python3.11/site-packages/airflow/example_dags/example_dynamic_task_mapping.py
[2026-07-05T16:12:16.477+0000] {logging_mixin.py:188} INFO - [2026-07-05T16:12:16.477+0000] {dag.py:3096} INFO - Sync 1 DAGs
[2026-07-05T16:12:16.513+0000] {logging_mixin.py:188} INFO - [2026-07-05T16:12:16.512+0000] {dag.py:3954} INFO - Setting next_dagrun for example_dynamic_task_mapping to 2022-03-04 00:00:00+00:00, run_after=2022-03-05 00:00:00+00:00
[2026-07-05T16:12:16.544+0000] {processor.py:183} INFO - Processing /home/airflow/.local/lib/python3.11/site-packages/airflow/example_dags/example_dynamic_task_mapping.py took 0.372 seconds
[2026-07-05T16:12:47.434+0000] {processor.py:161} INFO - Started process (PID=372) to work on /home/airflow/.local/lib/python3.11/site-packages/airflow/example_dags/example_dynamic_task_mapping.py
[2026-07-05T16:12:47.435+0000] {processor.py:830} INFO - Processing file /home/airflow/.local/lib/python3.11/site-packages/airflow/example_dags/example_dynamic_task_mapping.py for tasks to queue
[2026-07-05T16:12:47.437+0000] {logging_mixin.py:188} INFO - [2026-07-05T16:12:47.437+0000] {dagbag.py:545} INFO - Filling up the DagBag from /home/airflow/.local/lib/python3.11/site-packages/airflow/example_dags/example_dynamic_task_mapping.py
[2026-07-05T16:12:47.444+0000] {processor.py:840} INFO - DAG(s) 'example_dynamic_task_mapping' retrieved from /home/airflow/.local/lib/python3.11/site-packages/airflow/example_dags/example_dynamic_task_mapping.py
[2026-07-05T16:12:47.467+0000] {logging_mixin.py:188} INFO - [2026-07-05T16:12:47.467+0000] {dag.py:3096} INFO - Sync 1 DAGs
[2026-07-05T16:12:47.487+0000] {logging_mixin.py:188} INFO - [2026-07-05T16:12:47.487+0000] {dag.py:3954} INFO - Setting next_dagrun for example_dynamic_task_mapping to 2022-03-04 00:00:00+00:00, run_after=2022-03-05 00:00:00+00:00
[2026-07-05T16:12:47.505+0000] {processor.py:183} INFO - Processing /home/airflow/.local/lib/python3.11/site-packages/airflow/example_dags/example_dynamic_task_mapping.py took 0.076 seconds
[2026-07-05T16:13:18.014+0000] {processor.py:161} INFO - Started process (PID=430) to work on /home/airflow/.local/lib/python3.11/site-packages/airflow/example_dags/example_dynamic_task_mapping.py
[2026-07-05T16:13:18.017+0000] {processor.py:830} INFO - Processing file /home/airflow/.local/lib/python3.11/site-packages/airflow/example_dags/example_dynamic_task_mapping.py for tasks to queue
[2026-07-05T16:13:18.020+0000] {logging_mixin.py:188} INFO - [2026-07-05T16:13:18.020+0000] {dagbag.py:545} INFO - Filling up the DagBag from /home/airflow/.local/lib/python3.11/site-packages/airflow/example_dags/example_dynamic_task_mapping.py
[2026-07-05T16:13:18.027+0000] {processor.py:840} INFO - DAG(s) 'example_dynamic_task_mapping' retrieved from /home/airflow/.local/lib/python3.11/site-packages/airflow/example_dags/example_dynamic_task_mapping.py
[2026-07-05T16:13:18.056+0000] {logging_mixin.py:188} INFO - [2026-07-05T16:13:18.056+0000] {dag.py:3096} INFO - Sync 1 DAGs
[2026-07-05T16:13:18.077+0000] {logging_mixin.py:188} INFO - [2026-07-05T16:13:18.077+0000] {dag.py:3954} INFO - Setting next_dagrun for example_dynamic_task_mapping to 2022-03-04 00:00:00+00:00, run_after=2022-03-05 00:00:00+00:00
[2026-07-05T16:13:18.099+0000] {processor.py:183} INFO - Processing /home/airflow/.local/lib/python3.11/site-packages/airflow/example_dags/example_dynamic_task_mapping.py took 0.094 seconds
[2026-07-05T16:13:48.552+0000] {processor.py:161} INFO - Started process (PID=488) to work on /home/airflow/.local/lib/python3.11/site-packages/airflow/example_dags/example_dynamic_task_mapping.py
[2026-07-05T16:13:48.553+0000] {processor.py:830} INFO - Processing file /home/airflow/.local/lib/python3.11/site-packages/airflow/example_dags/example_dynamic_task_mapping.py for tasks to queue
[2026-07-05T16:13:48.555+0000] {logging_mixin.py:188} INFO - [2026-07-05T16:13:48.555+0000] {dagbag.py:545} INFO - Filling up the DagBag from /home/airflow/.local/lib/python3.11/site-packages/airflow/example_dags/example_dynamic_task_mapping.py
[2026-07-05T16:13:48.562+0000] {processor.py:840} INFO - DAG(s) 'example_dynamic_task_mapping' retrieved from /home/airflow/.local/lib/python3.11/site-packages/airflow/example_dags/example_dynamic_task_mapping.py
[2026-07-05T16:13:48.583+0000] {logging_mixin.py:188} INFO - [2026-07-05T16:13:48.583+0000] {dag.py:3096} INFO - Sync 1 DAGs
[2026-07-05T16:13:48.605+0000] {logging_mixin.py:188} INFO - [2026-07-05T16:13:48.604+0000] {dag.py:3954} INFO - Setting next_dagrun for example_dynamic_task_mapping to 2022-03-04 00:00:00+00:00, run_after=2022-03-05 00:00:00+00:00
[2026-07-05T16:13:48.626+0000] {processor.py:183} INFO - Processing /home/airflow/.local/lib/python3.11/site-packages/airflow/example_dags/example_dynamic_task_mapping.py took 0.079 seconds
[2026-07-05T16:14:18.696+0000] {processor.py:161} INFO - Started process (PID=546) to work on /home/airflow/.local/lib/python3.11/site-packages/airflow/example_dags/example_dynamic_task_mapping.py
[2026-07-05T16:14:18.697+0000] {processor.py:830} INFO - Processing file /home/airflow/.local/lib/python3.11/site-packages/airflow/example_dags/example_dynamic_task_mapping.py for tasks to queue
[2026-07-05T16:14:18.699+0000] {logging_mixin.py:188} INFO - [2026-07-05T16:14:18.699+0000] {dagbag.py:545} INFO - Filling up the DagBag from /home/airflow/.local/lib/python3.11/site-packages/airflow/example_dags/example_dynamic_task_mapping.py
[2026-07-05T16:14:18.706+0000] {processor.py:840} INFO - DAG(s) 'example_dynamic_task_mapping' retrieved from /home/airflow/.local/lib/python3.11/site-packages/airflow/example_dags/example_dynamic_task_mapping.py
[2026-07-05T16:14:18.728+0000] {logging_mixin.py:188} INFO - [2026-07-05T16:14:18.728+0000] {dag.py:3096} INFO - Sync 1 DAGs
[2026-07-05T16:14:18.750+0000] {logging_mixin.py:188} INFO - [2026-07-05T16:14:18.750+0000] {dag.py:3954} INFO - Setting next_dagrun for example_dynamic_task_mapping to 2022-03-04 00:00:00+00:00, run_after=2022-03-05 00:00:00+00:00
[2026-07-05T16:14:18.769+0000] {processor.py:183} INFO - Processing /home/airflow/.local/lib/python3.11/site-packages/airflow/example_dags/example_dynamic_task_mapping.py took 0.080 seconds
[2026-07-05T16:14:48.978+0000] {processor.py:161} INFO - Started process (PID=604) to work on /home/airflow/.local/lib/python3.11/site-packages/airflow/example_dags/example_dynamic_task_mapping.py
[2026-07-05T16:14:48.979+0000] {processor.py:830} INFO - Processing file /home/airflow/.local/lib/python3.11/site-packages/airflow/example_dags/example_dynamic_task_mapping.py for tasks to queue
[2026-07-05T16:14:48.981+0000] {logging_mixin.py:188} INFO - [2026-07-05T16:14:48.980+0000] {dagbag.py:545} INFO - Filling up the DagBag from /home/airflow/.local/lib/python3.11/site-packages/airflow/example_dags/example_dynamic_task_mapping.py
[2026-07-05T16:14:48.987+0000] {processor.py:840} INFO - DAG(s) 'example_dynamic_task_mapping' retrieved from /home/airflow/.local/lib/python3.11/site-packages/airflow/example_dags/example_dynamic_task_mapping.py
[2026-07-05T16:14:49.005+0000] {logging_mixin.py:188} INFO - [2026-07-05T16:14:49.005+0000] {dag.py:3096} INFO - Sync 1 DAGs
[2026-07-05T16:14:49.028+0000] {logging_mixin.py:188} INFO - [2026-07-05T16:14:49.028+0000] {dag.py:3954} INFO - Setting next_dagrun for example_dynamic_task_mapping to 2022-03-04 00:00:00+00:00, run_after=2022-03-05 00:00:00+00:00
[2026-07-05T16:14:49.050+0000] {processor.py:183} INFO - Processing /home/airflow/.local/lib/python3.11/site-packages/airflow/example_dags/example_dynamic_task_mapping.py took 0.077 seconds
[2026-07-05T16:15:19.116+0000] {processor.py:161} INFO - Started process (PID=662) to work on /home/airflow/.local/lib/python3.11/site-packages/airflow/example_dags/example_dynamic_task_mapping.py
[2026-07-05T16:15:19.118+0000] {processor.py:830} INFO - Processing file /home/airflow/.local/lib/python3.11/site-packages/airflow/example_dags/example_dynamic_task_mapping.py for tasks to queue
[2026-07-05T16:15:19.120+0000] {logging_mixin.py:188} INFO - [2026-07-05T16:15:19.120+0000] {dagbag.py:545} INFO - Filling up the DagBag from /home/airflow/.local/lib/python3.11/site-packages/airflow/example_dags/example_dynamic_task_mapping.py
[2026-07-05T16:15:19.126+0000] {processor.py:840} INFO - DAG(s) 'example_dynamic_task_mapping' retrieved from /home/airflow/.local/lib/python3.11/site-packages/airflow/example_dags/example_dynamic_task_mapping.py
[2026-07-05T16:15:19.143+0000] {logging_mixin.py:188} INFO - [2026-07-05T16:15:19.143+0000] {dag.py:3096} INFO - Sync 1 DAGs
[2026-07-05T16:15:19.161+0000] {logging_mixin.py:188} INFO - [2026-07-05T16:15:19.161+0000] {dag.py:3954} INFO - Setting next_dagrun for example_dynamic_task_mapping to 2022-03-04 00:00:00+00:00, run_after=2022-03-05 00:00:00+00:00
[2026-07-05T16:15:19.182+0000] {processor.py:183} INFO - Processing /home/airflow/.local/lib/python3.11/site-packages/airflow/example_dags/example_dynamic_task_mapping.py took 0.071 seconds
[2026-07-05T16:15:49.373+0000] {processor.py:161} INFO - Started process (PID=720) to work on /home/airflow/.local/lib/python3.11/site-packages/airflow/example_dags/example_dynamic_task_mapping.py
[2026-07-05T16:15:49.375+0000] {processor.py:830} INFO - Processing file /home/airflow/.local/lib/python3.11/site-packages/airflow/example_dags/example_dynamic_task_mapping.py for tasks to queue
[2026-07-05T16:15:49.377+0000] {logging_mixin.py:188} INFO - [2026-07-05T16:15:49.376+0000] {dagbag.py:545} INFO - Filling up the DagBag from /home/airflow/.local/lib/python3.11/site-packages/airflow/example_dags/example_dynamic_task_mapping.py
[2026-07-05T16:15:49.383+0000] {processor.py:840} INFO - DAG(s) 'example_dynamic_task_mapping' retrieved from /home/airflow/.local/lib/python3.11/site-packages/airflow/example_dags/example_dynamic_task_mapping.py
[2026-07-05T16:15:49.400+0000] {logging_mixin.py:188} INFO - [2026-07-05T16:15:49.400+0000] {dag.py:3096} INFO - Sync 1 DAGs
[2026-07-05T16:15:49.421+0000] {logging_mixin.py:188} INFO - [2026-07-05T16:15:49.421+0000] {dag.py:3954} INFO - Setting next_dagrun for example_dynamic_task_mapping to 2022-03-04 00:00:00+00:00, run_after=2022-03-05 00:00:00+00:00
[2026-07-05T16:15:49.440+0000] {processor.py:183} INFO - Processing /home/airflow/.local/lib/python3.11/site-packages/airflow/example_dags/example_dynamic_task_mapping.py took 0.072 seconds
[2026-07-05T16:16:19.518+0000] {processor.py:161} INFO - Started process (PID=778) to work on /home/airflow/.local/lib/python3.11/site-packages/airflow/example_dags/example_dynamic_task_mapping.py
[2026-07-05T16:16:19.519+0000] {processor.py:830} INFO - Processing file /home/airflow/.local/lib/python3.11/site-packages/airflow/example_dags/example_dynamic_task_mapping.py for tasks to queue
[2026-07-05T16:16:19.521+0000] {logging_mixin.py:188} INFO - [2026-07-05T16:16:19.521+0000] {dagbag.py:545} INFO - Filling up the DagBag from /home/airflow/.local/lib/python3.11/site-packages/airflow/example_dags/example_dynamic_task_mapping.py
[2026-07-05T16:16:19.528+0000] {processor.py:840} INFO - DAG(s) 'example_dynamic_task_mapping' retrieved from /home/airflow/.local/lib/python3.11/site-packages/airflow/example_dags/example_dynamic_task_mapping.py
[2026-07-05T16:16:19.548+0000] {logging_mixin.py:188} INFO - [2026-07-05T16:16:19.548+0000] {dag.py:3096} INFO - Sync 1 DAGs
[2026-07-05T16:16:19.567+0000] {logging_mixin.py:188} INFO - [2026-07-05T16:16:19.567+0000] {dag.py:3954} INFO - Setting next_dagrun for example_dynamic_task_mapping to 2022-03-04 00:00:00+00:00, run_after=2022-03-05 00:00:00+00:00
[2026-07-05T16:16:19.586+0000] {processor.py:183} INFO - Processing /home/airflow/.local/lib/python3.11/site-packages/airflow/example_dags/example_dynamic_task_mapping.py took 0.074 seconds
[2026-07-05T16:16:49.812+0000] {processor.py:161} INFO - Started process (PID=836) to work on /home/airflow/.local/lib/python3.11/site-packages/airflow/example_dags/example_dynamic_task_mapping.py
[2026-07-05T16:16:49.813+0000] {processor.py:830} INFO - Processing file /home/airflow/.local/lib/python3.11/site-packages/airflow/example_dags/example_dynamic_task_mapping.py for tasks to queue
[2026-07-05T16:16:49.815+0000] {logging_mixin.py:188} INFO - [2026-07-05T16:16:49.814+0000] {dagbag.py:545} INFO - Filling up the DagBag from /home/airflow/.local/lib/python3.11/site-packages/airflow/example_dags/example_dynamic_task_mapping.py
[2026-07-05T16:16:49.821+0000] {processor.py:840} INFO - DAG(s) 'example_dynamic_task_mapping' retrieved from /home/airflow/.local/lib/python3.11/site-packages/airflow/example_dags/example_dynamic_task_mapping.py
[2026-07-05T16:16:49.839+0000] {logging_mixin.py:188} INFO - [2026-07-05T16:16:49.839+0000] {dag.py:3096} INFO - Sync 1 DAGs
[2026-07-05T16:16:49.857+0000] {logging_mixin.py:188} INFO - [2026-07-05T16:16:49.856+0000] {dag.py:3954} INFO - Setting next_dagrun for example_dynamic_task_mapping to 2022-03-04 00:00:00+00:00, run_after=2022-03-05 00:00:00+00:00
[2026-07-05T16:16:49.876+0000] {processor.py:183} INFO - Processing /home/airflow/.local/lib/python3.11/site-packages/airflow/example_dags/example_dynamic_task_mapping.py took 0.070 seconds
[2026-07-05T16:17:20.152+0000] {processor.py:161} INFO - Started process (PID=894) to work on /home/airflow/.local/lib/python3.11/site-packages/airflow/example_dags/example_dynamic_task_mapping.py
[2026-07-05T16:17:20.153+0000] {processor.py:830} INFO - Processing file /home/airflow/.local/lib/python3.11/site-packages/airflow/example_dags/example_dynamic_task_mapping.py for tasks to queue
[2026-07-05T16:17:20.155+0000] {logging_mixin.py:188} INFO - [2026-07-05T16:17:20.155+0000] {dagbag.py:545} INFO - Filling up the DagBag from /home/airflow/.local/lib/python3.11/site-packages/airflow/example_dags/example_dynamic_task_mapping.py
[2026-07-05T16:17:20.161+0000] {processor.py:840} INFO - DAG(s) 'example_dynamic_task_mapping' retrieved from /home/airflow/.local/lib/python3.11/site-packages/airflow/example_dags/example_dynamic_task_mapping.py
[2026-07-05T16:17:20.179+0000] {logging_mixin.py:188} INFO - [2026-07-05T16:17:20.179+0000] {dag.py:3096} INFO - Sync 1 DAGs
[2026-07-05T16:17:20.196+0000] {logging_mixin.py:188} INFO - [2026-07-05T16:17:20.196+0000] {dag.py:3954} INFO - Setting next_dagrun for example_dynamic_task_mapping to 2022-03-04 00:00:00+00:00, run_after=2022-03-05 00:00:00+00:00
[2026-07-05T16:17:20.216+0000] {processor.py:183} INFO - Processing /home/airflow/.local/lib/python3.11/site-packages/airflow/example_dags/example_dynamic_task_mapping.py took 0.069 seconds
[2026-07-05T16:17:50.451+0000] {processor.py:161} INFO - Started process (PID=952) to work on /home/airflow/.local/lib/python3.11/site-packages/airflow/example_dags/example_dynamic_task_mapping.py
[2026-07-05T16:17:50.452+0000] {processor.py:830} INFO - Processing file /home/airflow/.local/lib/python3.11/site-packages/airflow/example_dags/example_dynamic_task_mapping.py for tasks to queue
[2026-07-05T16:17:50.455+0000] {logging_mixin.py:188} INFO - [2026-07-05T16:17:50.454+0000] {dagbag.py:545} INFO - Filling up the DagBag from /home/airflow/.local/lib/python3.11/site-packages/airflow/example_dags/example_dynamic_task_mapping.py
[2026-07-05T16:17:50.463+0000] {processor.py:840} INFO - DAG(s) 'example_dynamic_task_mapping' retrieved from /home/airflow/.local/lib/python3.11/site-packages/airflow/example_dags/example_dynamic_task_mapping.py
[2026-07-05T16:17:50.486+0000] {logging_mixin.py:188} INFO - [2026-07-05T16:17:50.486+0000] {dag.py:3096} INFO - Sync 1 DAGs
[2026-07-05T16:17:50.506+0000] {logging_mixin.py:188} INFO - [2026-07-05T16:17:50.506+0000] {dag.py:3954} INFO - Setting next_dagrun for example_dynamic_task_mapping to 2022-03-04 00:00:00+00:00, run_after=2022-03-05 00:00:00+00:00
[2026-07-05T16:17:50.527+0000] {processor.py:183} INFO - Processing /home/airflow/.local/lib/python3.11/site-packages/airflow/example_dags/example_dynamic_task_mapping.py took 0.084 seconds
[2026-07-05T16:18:21.257+0000] {processor.py:161} INFO - Started process (PID=1010) to work on /home/airflow/.local/lib/python3.11/site-packages/airflow/example_dags/example_dynamic_task_mapping.py
[2026-07-05T16:18:21.265+0000] {processor.py:830} INFO - Processing file /home/airflow/.local/lib/python3.11/site-packages/airflow/example_dags/example_dynamic_task_mapping.py for tasks to queue
[2026-07-05T16:18:21.268+0000] {logging_mixin.py:188} INFO - [2026-07-05T16:18:21.268+0000] {dagbag.py:545} INFO - Filling up the DagBag from /home/airflow/.local/lib/python3.11/site-packages/airflow/example_dags/example_dynamic_task_mapping.py
[2026-07-05T16:18:21.278+0000] {processor.py:840} INFO - DAG(s) 'example_dynamic_task_mapping' retrieved from /home/airflow/.local/lib/python3.11/site-packages/airflow/example_dags/example_dynamic_task_mapping.py
[2026-07-05T16:18:21.307+0000] {logging_mixin.py:188} INFO - [2026-07-05T16:18:21.306+0000] {dag.py:3096} INFO - Sync 1 DAGs
[2026-07-05T16:18:21.329+0000] {logging_mixin.py:188} INFO - [2026-07-05T16:18:21.328+0000] {dag.py:3954} INFO - Setting next_dagrun for example_dynamic_task_mapping to 2022-03-04 00:00:00+00:00, run_after=2022-03-05 00:00:00+00:00
[2026-07-05T16:18:21.351+0000] {processor.py:183} INFO - Processing /home/airflow/.local/lib/python3.11/site-packages/airflow/example_dags/example_dynamic_task_mapping.py took 0.102 seconds
[2026-07-05T16:18:51.422+0000] {processor.py:161} INFO - Started process (PID=1068) to work on /home/airflow/.local/lib/python3.11/site-packages/airflow/example_dags/example_dynamic_task_mapping.py
[2026-07-05T16:18:51.424+0000] {processor.py:830} INFO - Processing file /home/airflow/.local/lib/python3.11/site-packages/airflow/example_dags/example_dynamic_task_mapping.py for tasks to queue
[2026-07-05T16:18:51.427+0000] {logging_mixin.py:188} INFO - [2026-07-05T16:18:51.427+0000] {dagbag.py:545} INFO - Filling up the DagBag from /home/airflow/.local/lib/python3.11/site-packages/airflow/example_dags/example_dynamic_task_mapping.py
[2026-07-05T16:18:51.438+0000] {processor.py:840} INFO - DAG(s) 'example_dynamic_task_mapping' retrieved from /home/airflow/.local/lib/python3.11/site-packages/airflow/example_dags/example_dynamic_task_mapping.py
[2026-07-05T16:18:51.461+0000] {logging_mixin.py:188} INFO - [2026-07-05T16:18:51.461+0000] {dag.py:3096} INFO - Sync 1 DAGs
[2026-07-05T16:18:51.500+0000] {logging_mixin.py:188} INFO - [2026-07-05T16:18:51.500+0000] {dag.py:3954} INFO - Setting next_dagrun for example_dynamic_task_mapping to 2022-03-04 00:00:00+00:00, run_after=2022-03-05 00:00:00+00:00
[2026-07-05T16:18:51.526+0000] {processor.py:183} INFO - Processing /home/airflow/.local/lib/python3.11/site-packages/airflow/example_dags/example_dynamic_task_mapping.py took 0.112 seconds
