[2026-07-05T16:07:38.344+0000] {processor.py:161} INFO - Started process (PID=95) to work on /home/airflow/.local/lib/python3.11/site-packages/airflow/example_dags/example_external_task_marker_dag.py
[2026-07-05T16:07:38.346+0000] {processor.py:830} INFO - Processing file /home/airflow/.local/lib/python3.11/site-packages/airflow/example_dags/example_external_task_marker_dag.py for tasks to queue
[2026-07-05T16:07:38.350+0000] {logging_mixin.py:188} INFO - [2026-07-05T16:07:38.349+0000] {dagbag.py:545} INFO - Filling up the DagBag from /home/airflow/.local/lib/python3.11/site-packages/airflow/example_dags/example_external_task_marker_dag.py
[2026-07-05T16:07:38.364+0000] {processor.py:840} INFO - DAG(s) 'example_external_task_marker_child', 'example_external_task_marker_parent' retrieved from /home/airflow/.local/lib/python3.11/site-packages/airflow/example_dags/example_external_task_marker_dag.py
[2026-07-05T16:07:38.668+0000] {logging_mixin.py:188} INFO - [2026-07-05T16:07:38.667+0000] {override.py:1829} INFO - Created Permission View: can delete on DAG:example_external_task_marker_child
[2026-07-05T16:07:38.691+0000] {logging_mixin.py:188} INFO - [2026-07-05T16:07:38.690+0000] {override.py:1829} INFO - Created Permission View: can read on DAG:example_external_task_marker_child
[2026-07-05T16:07:38.707+0000] {logging_mixin.py:188} INFO - [2026-07-05T16:07:38.707+0000] {override.py:1829} INFO - Created Permission View: can edit on DAG:example_external_task_marker_child
[2026-07-05T16:07:38.735+0000] {logging_mixin.py:188} INFO - [2026-07-05T16:07:38.735+0000] {override.py:1829} INFO - Created Permission View: can delete on DAG:example_external_task_marker_parent
[2026-07-05T16:07:38.745+0000] {logging_mixin.py:188} INFO - [2026-07-05T16:07:38.745+0000] {override.py:1829} INFO - Created Permission View: can read on DAG:example_external_task_marker_parent
[2026-07-05T16:07:38.755+0000] {logging_mixin.py:188} INFO - [2026-07-05T16:07:38.754+0000] {override.py:1829} INFO - Created Permission View: can edit on DAG:example_external_task_marker_parent
[2026-07-05T16:07:38.756+0000] {logging_mixin.py:188} INFO - [2026-07-05T16:07:38.756+0000] {dag.py:3096} INFO - Sync 2 DAGs
[2026-07-05T16:07:38.772+0000] {logging_mixin.py:188} INFO - [2026-07-05T16:07:38.771+0000] {dag.py:3118} INFO - Creating ORM DAG for example_external_task_marker_child
[2026-07-05T16:07:38.773+0000] {logging_mixin.py:188} INFO - [2026-07-05T16:07:38.773+0000] {dag.py:3118} INFO - Creating ORM DAG for example_external_task_marker_parent
[2026-07-05T16:07:38.774+0000] {logging_mixin.py:188} INFO - [2026-07-05T16:07:38.774+0000] {dag.py:3954} INFO - Setting next_dagrun for example_external_task_marker_child to None, run_after=None
[2026-07-05T16:07:38.776+0000] {logging_mixin.py:188} INFO - [2026-07-05T16:07:38.776+0000] {dag.py:3954} INFO - Setting next_dagrun for example_external_task_marker_parent to None, run_after=None
[2026-07-05T16:07:38.802+0000] {processor.py:183} INFO - Processing /home/airflow/.local/lib/python3.11/site-packages/airflow/example_dags/example_external_task_marker_dag.py took 0.469 seconds
[2026-07-05T16:08:09.363+0000] {processor.py:161} INFO - Started process (PID=153) to work on /home/airflow/.local/lib/python3.11/site-packages/airflow/example_dags/example_external_task_marker_dag.py
[2026-07-05T16:08:09.364+0000] {processor.py:830} INFO - Processing file /home/airflow/.local/lib/python3.11/site-packages/airflow/example_dags/example_external_task_marker_dag.py for tasks to queue
[2026-07-05T16:08:09.366+0000] {logging_mixin.py:188} INFO - [2026-07-05T16:08:09.366+0000] {dagbag.py:545} INFO - Filling up the DagBag from /home/airflow/.local/lib/python3.11/site-packages/airflow/example_dags/example_external_task_marker_dag.py
[2026-07-05T16:08:09.372+0000] {processor.py:840} INFO - DAG(s) 'example_external_task_marker_child', 'example_external_task_marker_parent' retrieved from /home/airflow/.local/lib/python3.11/site-packages/airflow/example_dags/example_external_task_marker_dag.py
[2026-07-05T16:08:09.394+0000] {logging_mixin.py:188} INFO - [2026-07-05T16:08:09.394+0000] {dag.py:3096} INFO - Sync 2 DAGs
[2026-07-05T16:08:09.406+0000] {logging_mixin.py:188} INFO - [2026-07-05T16:08:09.406+0000] {dag.py:3954} INFO - Setting next_dagrun for example_external_task_marker_child to None, run_after=None
[2026-07-05T16:08:09.410+0000] {logging_mixin.py:188} INFO - [2026-07-05T16:08:09.410+0000] {dag.py:3954} INFO - Setting next_dagrun for example_external_task_marker_parent to None, run_after=None
[2026-07-05T16:08:09.428+0000] {processor.py:183} INFO - Processing /home/airflow/.local/lib/python3.11/site-packages/airflow/example_dags/example_external_task_marker_dag.py took 0.073 seconds
[2026-07-05T16:08:39.943+0000] {processor.py:161} INFO - Started process (PID=211) to work on /home/airflow/.local/lib/python3.11/site-packages/airflow/example_dags/example_external_task_marker_dag.py
[2026-07-05T16:08:39.944+0000] {processor.py:830} INFO - Processing file /home/airflow/.local/lib/python3.11/site-packages/airflow/example_dags/example_external_task_marker_dag.py for tasks to queue
[2026-07-05T16:08:39.947+0000] {logging_mixin.py:188} INFO - [2026-07-05T16:08:39.946+0000] {dagbag.py:545} INFO - Filling up the DagBag from /home/airflow/.local/lib/python3.11/site-packages/airflow/example_dags/example_external_task_marker_dag.py
[2026-07-05T16:08:39.953+0000] {processor.py:840} INFO - DAG(s) 'example_external_task_marker_child', 'example_external_task_marker_parent' retrieved from /home/airflow/.local/lib/python3.11/site-packages/airflow/example_dags/example_external_task_marker_dag.py
[2026-07-05T16:08:39.978+0000] {logging_mixin.py:188} INFO - [2026-07-05T16:08:39.978+0000] {dag.py:3096} INFO - Sync 2 DAGs
[2026-07-05T16:08:39.990+0000] {logging_mixin.py:188} INFO - [2026-07-05T16:08:39.990+0000] {dag.py:3954} INFO - Setting next_dagrun for example_external_task_marker_child to None, run_after=None
[2026-07-05T16:08:39.997+0000] {logging_mixin.py:188} INFO - [2026-07-05T16:08:39.997+0000] {dag.py:3954} INFO - Setting next_dagrun for example_external_task_marker_parent to None, run_after=None
[2026-07-05T16:08:40.015+0000] {processor.py:183} INFO - Processing /home/airflow/.local/lib/python3.11/site-packages/airflow/example_dags/example_external_task_marker_dag.py took 0.078 seconds
[2026-07-05T16:09:10.099+0000] {processor.py:161} INFO - Started process (PID=268) to work on /home/airflow/.local/lib/python3.11/site-packages/airflow/example_dags/example_external_task_marker_dag.py
[2026-07-05T16:09:10.100+0000] {processor.py:830} INFO - Processing file /home/airflow/.local/lib/python3.11/site-packages/airflow/example_dags/example_external_task_marker_dag.py for tasks to queue
[2026-07-05T16:09:10.103+0000] {logging_mixin.py:188} INFO - [2026-07-05T16:09:10.102+0000] {dagbag.py:545} INFO - Filling up the DagBag from /home/airflow/.local/lib/python3.11/site-packages/airflow/example_dags/example_external_task_marker_dag.py
[2026-07-05T16:09:10.113+0000] {processor.py:840} INFO - DAG(s) 'example_external_task_marker_child', 'example_external_task_marker_parent' retrieved from /home/airflow/.local/lib/python3.11/site-packages/airflow/example_dags/example_external_task_marker_dag.py
[2026-07-05T16:09:10.129+0000] {logging_mixin.py:188} INFO - [2026-07-05T16:09:10.129+0000] {dag.py:3096} INFO - Sync 2 DAGs
[2026-07-05T16:09:10.149+0000] {logging_mixin.py:188} INFO - [2026-07-05T16:09:10.149+0000] {dag.py:3954} INFO - Setting next_dagrun for example_external_task_marker_child to None, run_after=None
[2026-07-05T16:09:10.156+0000] {logging_mixin.py:188} INFO - [2026-07-05T16:09:10.155+0000] {dag.py:3954} INFO - Setting next_dagrun for example_external_task_marker_parent to None, run_after=None
[2026-07-05T16:09:10.184+0000] {processor.py:183} INFO - Processing /home/airflow/.local/lib/python3.11/site-packages/airflow/example_dags/example_external_task_marker_dag.py took 0.095 seconds
[2026-07-05T16:09:40.580+0000] {processor.py:161} INFO - Started process (PID=327) to work on /home/airflow/.local/lib/python3.11/site-packages/airflow/example_dags/example_external_task_marker_dag.py
[2026-07-05T16:09:40.581+0000] {processor.py:830} INFO - Processing file /home/airflow/.local/lib/python3.11/site-packages/airflow/example_dags/example_external_task_marker_dag.py for tasks to queue
[2026-07-05T16:09:40.584+0000] {logging_mixin.py:188} INFO - [2026-07-05T16:09:40.584+0000] {dagbag.py:545} INFO - Filling up the DagBag from /home/airflow/.local/lib/python3.11/site-packages/airflow/example_dags/example_external_task_marker_dag.py
[2026-07-05T16:09:40.590+0000] {processor.py:840} INFO - DAG(s) 'example_external_task_marker_child', 'example_external_task_marker_parent' retrieved from /home/airflow/.local/lib/python3.11/site-packages/airflow/example_dags/example_external_task_marker_dag.py
[2026-07-05T16:09:40.709+0000] {logging_mixin.py:188} INFO - [2026-07-05T16:09:40.709+0000] {dag.py:3096} INFO - Sync 2 DAGs
[2026-07-05T16:09:40.718+0000] {logging_mixin.py:188} INFO - [2026-07-05T16:09:40.718+0000] {dag.py:3954} INFO - Setting next_dagrun for example_external_task_marker_child to None, run_after=None
[2026-07-05T16:09:40.722+0000] {logging_mixin.py:188} INFO - [2026-07-05T16:09:40.721+0000] {dag.py:3954} INFO - Setting next_dagrun for example_external_task_marker_parent to None, run_after=None
[2026-07-05T16:09:40.740+0000] {processor.py:183} INFO - Processing /home/airflow/.local/lib/python3.11/site-packages/airflow/example_dags/example_external_task_marker_dag.py took 0.166 seconds
[2026-07-05T16:10:15.183+0000] {processor.py:161} INFO - Started process (PID=90) to work on /home/airflow/.local/lib/python3.11/site-packages/airflow/example_dags/example_external_task_marker_dag.py
[2026-07-05T16:10:15.186+0000] {processor.py:830} INFO - Processing file /home/airflow/.local/lib/python3.11/site-packages/airflow/example_dags/example_external_task_marker_dag.py for tasks to queue
[2026-07-05T16:10:15.190+0000] {logging_mixin.py:188} INFO - [2026-07-05T16:10:15.189+0000] {dagbag.py:545} INFO - Filling up the DagBag from /home/airflow/.local/lib/python3.11/site-packages/airflow/example_dags/example_external_task_marker_dag.py
[2026-07-05T16:10:15.204+0000] {processor.py:840} INFO - DAG(s) 'example_external_task_marker_parent', 'example_external_task_marker_child' retrieved from /home/airflow/.local/lib/python3.11/site-packages/airflow/example_dags/example_external_task_marker_dag.py
[2026-07-05T16:10:15.247+0000] {logging_mixin.py:188} INFO - [2026-07-05T16:10:15.246+0000] {dag.py:3096} INFO - Sync 2 DAGs
[2026-07-05T16:10:15.279+0000] {logging_mixin.py:188} INFO - [2026-07-05T16:10:15.278+0000] {dag.py:3954} INFO - Setting next_dagrun for example_external_task_marker_child to None, run_after=None
[2026-07-05T16:10:15.286+0000] {logging_mixin.py:188} INFO - [2026-07-05T16:10:15.286+0000] {dag.py:3954} INFO - Setting next_dagrun for example_external_task_marker_parent to None, run_after=None
[2026-07-05T16:10:15.335+0000] {processor.py:183} INFO - Processing /home/airflow/.local/lib/python3.11/site-packages/airflow/example_dags/example_external_task_marker_dag.py took 0.164 seconds
[2026-07-05T16:10:45.946+0000] {processor.py:161} INFO - Started process (PID=149) to work on /home/airflow/.local/lib/python3.11/site-packages/airflow/example_dags/example_external_task_marker_dag.py
[2026-07-05T16:10:45.947+0000] {processor.py:830} INFO - Processing file /home/airflow/.local/lib/python3.11/site-packages/airflow/example_dags/example_external_task_marker_dag.py for tasks to queue
[2026-07-05T16:10:45.950+0000] {logging_mixin.py:188} INFO - [2026-07-05T16:10:45.950+0000] {dagbag.py:545} INFO - Filling up the DagBag from /home/airflow/.local/lib/python3.11/site-packages/airflow/example_dags/example_external_task_marker_dag.py
[2026-07-05T16:10:45.959+0000] {processor.py:840} INFO - DAG(s) 'example_external_task_marker_child', 'example_external_task_marker_parent' retrieved from /home/airflow/.local/lib/python3.11/site-packages/airflow/example_dags/example_external_task_marker_dag.py
[2026-07-05T16:10:46.123+0000] {logging_mixin.py:188} INFO - [2026-07-05T16:10:46.123+0000] {dag.py:3096} INFO - Sync 2 DAGs
[2026-07-05T16:10:46.147+0000] {logging_mixin.py:188} INFO - [2026-07-05T16:10:46.146+0000] {dag.py:3954} INFO - Setting next_dagrun for example_external_task_marker_child to None, run_after=None
[2026-07-05T16:10:46.151+0000] {logging_mixin.py:188} INFO - [2026-07-05T16:10:46.151+0000] {dag.py:3954} INFO - Setting next_dagrun for example_external_task_marker_parent to None, run_after=None
[2026-07-05T16:10:46.184+0000] {processor.py:183} INFO - Processing /home/airflow/.local/lib/python3.11/site-packages/airflow/example_dags/example_external_task_marker_dag.py took 0.246 seconds
[2026-07-05T16:11:16.475+0000] {processor.py:161} INFO - Started process (PID=207) to work on /home/airflow/.local/lib/python3.11/site-packages/airflow/example_dags/example_external_task_marker_dag.py
[2026-07-05T16:11:16.476+0000] {processor.py:830} INFO - Processing file /home/airflow/.local/lib/python3.11/site-packages/airflow/example_dags/example_external_task_marker_dag.py for tasks to queue
[2026-07-05T16:11:16.478+0000] {logging_mixin.py:188} INFO - [2026-07-05T16:11:16.478+0000] {dagbag.py:545} INFO - Filling up the DagBag from /home/airflow/.local/lib/python3.11/site-packages/airflow/example_dags/example_external_task_marker_dag.py
[2026-07-05T16:11:16.485+0000] {processor.py:840} INFO - DAG(s) 'example_external_task_marker_child', 'example_external_task_marker_parent' retrieved from /home/airflow/.local/lib/python3.11/site-packages/airflow/example_dags/example_external_task_marker_dag.py
[2026-07-05T16:11:16.506+0000] {logging_mixin.py:188} INFO - [2026-07-05T16:11:16.506+0000] {dag.py:3096} INFO - Sync 2 DAGs
[2026-07-05T16:11:16.518+0000] {logging_mixin.py:188} INFO - [2026-07-05T16:11:16.518+0000] {dag.py:3954} INFO - Setting next_dagrun for example_external_task_marker_child to None, run_after=None
[2026-07-05T16:11:16.522+0000] {logging_mixin.py:188} INFO - [2026-07-05T16:11:16.522+0000] {dag.py:3954} INFO - Setting next_dagrun for example_external_task_marker_parent to None, run_after=None
[2026-07-05T16:11:16.538+0000] {processor.py:183} INFO - Processing /home/airflow/.local/lib/python3.11/site-packages/airflow/example_dags/example_external_task_marker_dag.py took 0.068 seconds
[2026-07-05T16:11:47.340+0000] {processor.py:161} INFO - Started process (PID=265) to work on /home/airflow/.local/lib/python3.11/site-packages/airflow/example_dags/example_external_task_marker_dag.py
[2026-07-05T16:11:47.342+0000] {processor.py:830} INFO - Processing file /home/airflow/.local/lib/python3.11/site-packages/airflow/example_dags/example_external_task_marker_dag.py for tasks to queue
[2026-07-05T16:11:47.344+0000] {logging_mixin.py:188} INFO - [2026-07-05T16:11:47.344+0000] {dagbag.py:545} INFO - Filling up the DagBag from /home/airflow/.local/lib/python3.11/site-packages/airflow/example_dags/example_external_task_marker_dag.py
[2026-07-05T16:11:47.354+0000] {processor.py:840} INFO - DAG(s) 'example_external_task_marker_child', 'example_external_task_marker_parent' retrieved from /home/airflow/.local/lib/python3.11/site-packages/airflow/example_dags/example_external_task_marker_dag.py
[2026-07-05T16:11:47.370+0000] {logging_mixin.py:188} INFO - [2026-07-05T16:11:47.370+0000] {dag.py:3096} INFO - Sync 2 DAGs
[2026-07-05T16:11:47.386+0000] {logging_mixin.py:188} INFO - [2026-07-05T16:11:47.385+0000] {dag.py:3954} INFO - Setting next_dagrun for example_external_task_marker_child to None, run_after=None
[2026-07-05T16:11:47.390+0000] {logging_mixin.py:188} INFO - [2026-07-05T16:11:47.390+0000] {dag.py:3954} INFO - Setting next_dagrun for example_external_task_marker_parent to None, run_after=None
[2026-07-05T16:11:47.413+0000] {processor.py:183} INFO - Processing /home/airflow/.local/lib/python3.11/site-packages/airflow/example_dags/example_external_task_marker_dag.py took 0.082 seconds
[2026-07-05T16:12:18.255+0000] {processor.py:161} INFO - Started process (PID=323) to work on /home/airflow/.local/lib/python3.11/site-packages/airflow/example_dags/example_external_task_marker_dag.py
[2026-07-05T16:12:18.261+0000] {processor.py:830} INFO - Processing file /home/airflow/.local/lib/python3.11/site-packages/airflow/example_dags/example_external_task_marker_dag.py for tasks to queue
[2026-07-05T16:12:18.266+0000] {logging_mixin.py:188} INFO - [2026-07-05T16:12:18.266+0000] {dagbag.py:545} INFO - Filling up the DagBag from /home/airflow/.local/lib/python3.11/site-packages/airflow/example_dags/example_external_task_marker_dag.py
[2026-07-05T16:12:18.303+0000] {processor.py:840} INFO - DAG(s) 'example_external_task_marker_parent', 'example_external_task_marker_child' retrieved from /home/airflow/.local/lib/python3.11/site-packages/airflow/example_dags/example_external_task_marker_dag.py
[2026-07-05T16:12:18.669+0000] {logging_mixin.py:188} INFO - [2026-07-05T16:12:18.668+0000] {dag.py:3096} INFO - Sync 2 DAGs
[2026-07-05T16:12:18.703+0000] {logging_mixin.py:188} INFO - [2026-07-05T16:12:18.701+0000] {dag.py:3954} INFO - Setting next_dagrun for example_external_task_marker_child to None, run_after=None
[2026-07-05T16:12:18.712+0000] {logging_mixin.py:188} INFO - [2026-07-05T16:12:18.711+0000] {dag.py:3954} INFO - Setting next_dagrun for example_external_task_marker_parent to None, run_after=None
[2026-07-05T16:12:18.795+0000] {processor.py:183} INFO - Processing /home/airflow/.local/lib/python3.11/site-packages/airflow/example_dags/example_external_task_marker_dag.py took 0.562 seconds
[2026-07-05T16:12:49.101+0000] {processor.py:161} INFO - Started process (PID=382) to work on /home/airflow/.local/lib/python3.11/site-packages/airflow/example_dags/example_external_task_marker_dag.py
[2026-07-05T16:12:49.102+0000] {processor.py:830} INFO - Processing file /home/airflow/.local/lib/python3.11/site-packages/airflow/example_dags/example_external_task_marker_dag.py for tasks to queue
[2026-07-05T16:12:49.104+0000] {logging_mixin.py:188} INFO - [2026-07-05T16:12:49.104+0000] {dagbag.py:545} INFO - Filling up the DagBag from /home/airflow/.local/lib/python3.11/site-packages/airflow/example_dags/example_external_task_marker_dag.py
[2026-07-05T16:12:49.111+0000] {processor.py:840} INFO - DAG(s) 'example_external_task_marker_child', 'example_external_task_marker_parent' retrieved from /home/airflow/.local/lib/python3.11/site-packages/airflow/example_dags/example_external_task_marker_dag.py
[2026-07-05T16:12:49.134+0000] {logging_mixin.py:188} INFO - [2026-07-05T16:12:49.134+0000] {dag.py:3096} INFO - Sync 2 DAGs
[2026-07-05T16:12:49.145+0000] {logging_mixin.py:188} INFO - [2026-07-05T16:12:49.145+0000] {dag.py:3954} INFO - Setting next_dagrun for example_external_task_marker_child to None, run_after=None
[2026-07-05T16:12:49.149+0000] {logging_mixin.py:188} INFO - [2026-07-05T16:12:49.149+0000] {dag.py:3954} INFO - Setting next_dagrun for example_external_task_marker_parent to None, run_after=None
[2026-07-05T16:12:49.166+0000] {processor.py:183} INFO - Processing /home/airflow/.local/lib/python3.11/site-packages/airflow/example_dags/example_external_task_marker_dag.py took 0.071 seconds
[2026-07-05T16:13:19.790+0000] {processor.py:161} INFO - Started process (PID=440) to work on /home/airflow/.local/lib/python3.11/site-packages/airflow/example_dags/example_external_task_marker_dag.py
[2026-07-05T16:13:19.791+0000] {processor.py:830} INFO - Processing file /home/airflow/.local/lib/python3.11/site-packages/airflow/example_dags/example_external_task_marker_dag.py for tasks to queue
[2026-07-05T16:13:19.793+0000] {logging_mixin.py:188} INFO - [2026-07-05T16:13:19.793+0000] {dagbag.py:545} INFO - Filling up the DagBag from /home/airflow/.local/lib/python3.11/site-packages/airflow/example_dags/example_external_task_marker_dag.py
[2026-07-05T16:13:19.800+0000] {processor.py:840} INFO - DAG(s) 'example_external_task_marker_child', 'example_external_task_marker_parent' retrieved from /home/airflow/.local/lib/python3.11/site-packages/airflow/example_dags/example_external_task_marker_dag.py
[2026-07-05T16:13:19.825+0000] {logging_mixin.py:188} INFO - [2026-07-05T16:13:19.825+0000] {dag.py:3096} INFO - Sync 2 DAGs
[2026-07-05T16:13:19.836+0000] {logging_mixin.py:188} INFO - [2026-07-05T16:13:19.836+0000] {dag.py:3954} INFO - Setting next_dagrun for example_external_task_marker_child to None, run_after=None
[2026-07-05T16:13:19.840+0000] {logging_mixin.py:188} INFO - [2026-07-05T16:13:19.839+0000] {dag.py:3954} INFO - Setting next_dagrun for example_external_task_marker_parent to None, run_after=None
[2026-07-05T16:13:19.856+0000] {processor.py:183} INFO - Processing /home/airflow/.local/lib/python3.11/site-packages/airflow/example_dags/example_external_task_marker_dag.py took 0.072 seconds
[2026-07-05T16:13:50.249+0000] {processor.py:161} INFO - Started process (PID=498) to work on /home/airflow/.local/lib/python3.11/site-packages/airflow/example_dags/example_external_task_marker_dag.py
[2026-07-05T16:13:50.251+0000] {processor.py:830} INFO - Processing file /home/airflow/.local/lib/python3.11/site-packages/airflow/example_dags/example_external_task_marker_dag.py for tasks to queue
[2026-07-05T16:13:50.253+0000] {logging_mixin.py:188} INFO - [2026-07-05T16:13:50.253+0000] {dagbag.py:545} INFO - Filling up the DagBag from /home/airflow/.local/lib/python3.11/site-packages/airflow/example_dags/example_external_task_marker_dag.py
[2026-07-05T16:13:50.259+0000] {processor.py:840} INFO - DAG(s) 'example_external_task_marker_parent', 'example_external_task_marker_child' retrieved from /home/airflow/.local/lib/python3.11/site-packages/airflow/example_dags/example_external_task_marker_dag.py
[2026-07-05T16:13:50.281+0000] {logging_mixin.py:188} INFO - [2026-07-05T16:13:50.281+0000] {dag.py:3096} INFO - Sync 2 DAGs
[2026-07-05T16:13:50.293+0000] {logging_mixin.py:188} INFO - [2026-07-05T16:13:50.292+0000] {dag.py:3954} INFO - Setting next_dagrun for example_external_task_marker_child to None, run_after=None
[2026-07-05T16:13:50.297+0000] {logging_mixin.py:188} INFO - [2026-07-05T16:13:50.297+0000] {dag.py:3954} INFO - Setting next_dagrun for example_external_task_marker_parent to None, run_after=None
[2026-07-05T16:13:50.315+0000] {processor.py:183} INFO - Processing /home/airflow/.local/lib/python3.11/site-packages/airflow/example_dags/example_external_task_marker_dag.py took 0.071 seconds
[2026-07-05T16:14:20.418+0000] {processor.py:161} INFO - Started process (PID=556) to work on /home/airflow/.local/lib/python3.11/site-packages/airflow/example_dags/example_external_task_marker_dag.py
[2026-07-05T16:14:20.419+0000] {processor.py:830} INFO - Processing file /home/airflow/.local/lib/python3.11/site-packages/airflow/example_dags/example_external_task_marker_dag.py for tasks to queue
[2026-07-05T16:14:20.422+0000] {logging_mixin.py:188} INFO - [2026-07-05T16:14:20.421+0000] {dagbag.py:545} INFO - Filling up the DagBag from /home/airflow/.local/lib/python3.11/site-packages/airflow/example_dags/example_external_task_marker_dag.py
[2026-07-05T16:14:20.428+0000] {processor.py:840} INFO - DAG(s) 'example_external_task_marker_parent', 'example_external_task_marker_child' retrieved from /home/airflow/.local/lib/python3.11/site-packages/airflow/example_dags/example_external_task_marker_dag.py
[2026-07-05T16:14:20.451+0000] {logging_mixin.py:188} INFO - [2026-07-05T16:14:20.451+0000] {dag.py:3096} INFO - Sync 2 DAGs
[2026-07-05T16:14:20.463+0000] {logging_mixin.py:188} INFO - [2026-07-05T16:14:20.463+0000] {dag.py:3954} INFO - Setting next_dagrun for example_external_task_marker_child to None, run_after=None
[2026-07-05T16:14:20.467+0000] {logging_mixin.py:188} INFO - [2026-07-05T16:14:20.466+0000] {dag.py:3954} INFO - Setting next_dagrun for example_external_task_marker_parent to None, run_after=None
[2026-07-05T16:14:20.485+0000] {processor.py:183} INFO - Processing /home/airflow/.local/lib/python3.11/site-packages/airflow/example_dags/example_external_task_marker_dag.py took 0.073 seconds
[2026-07-05T16:14:50.715+0000] {processor.py:161} INFO - Started process (PID=614) to work on /home/airflow/.local/lib/python3.11/site-packages/airflow/example_dags/example_external_task_marker_dag.py
[2026-07-05T16:14:50.718+0000] {processor.py:830} INFO - Processing file /home/airflow/.local/lib/python3.11/site-packages/airflow/example_dags/example_external_task_marker_dag.py for tasks to queue
[2026-07-05T16:14:50.721+0000] {logging_mixin.py:188} INFO - [2026-07-05T16:14:50.720+0000] {dagbag.py:545} INFO - Filling up the DagBag from /home/airflow/.local/lib/python3.11/site-packages/airflow/example_dags/example_external_task_marker_dag.py
[2026-07-05T16:14:50.741+0000] {processor.py:840} INFO - DAG(s) 'example_external_task_marker_parent', 'example_external_task_marker_child' retrieved from /home/airflow/.local/lib/python3.11/site-packages/airflow/example_dags/example_external_task_marker_dag.py
[2026-07-05T16:14:50.778+0000] {logging_mixin.py:188} INFO - [2026-07-05T16:14:50.777+0000] {dag.py:3096} INFO - Sync 2 DAGs
[2026-07-05T16:14:50.796+0000] {logging_mixin.py:188} INFO - [2026-07-05T16:14:50.796+0000] {dag.py:3954} INFO - Setting next_dagrun for example_external_task_marker_child to None, run_after=None
[2026-07-05T16:14:50.802+0000] {logging_mixin.py:188} INFO - [2026-07-05T16:14:50.802+0000] {dag.py:3954} INFO - Setting next_dagrun for example_external_task_marker_parent to None, run_after=None
[2026-07-05T16:14:50.828+0000] {processor.py:183} INFO - Processing /home/airflow/.local/lib/python3.11/site-packages/airflow/example_dags/example_external_task_marker_dag.py took 0.137 seconds
[2026-07-05T16:15:21.725+0000] {processor.py:161} INFO - Started process (PID=672) to work on /home/airflow/.local/lib/python3.11/site-packages/airflow/example_dags/example_external_task_marker_dag.py
[2026-07-05T16:15:21.726+0000] {processor.py:830} INFO - Processing file /home/airflow/.local/lib/python3.11/site-packages/airflow/example_dags/example_external_task_marker_dag.py for tasks to queue
[2026-07-05T16:15:21.728+0000] {logging_mixin.py:188} INFO - [2026-07-05T16:15:21.727+0000] {dagbag.py:545} INFO - Filling up the DagBag from /home/airflow/.local/lib/python3.11/site-packages/airflow/example_dags/example_external_task_marker_dag.py
[2026-07-05T16:15:21.735+0000] {processor.py:840} INFO - DAG(s) 'example_external_task_marker_child', 'example_external_task_marker_parent' retrieved from /home/airflow/.local/lib/python3.11/site-packages/airflow/example_dags/example_external_task_marker_dag.py
[2026-07-05T16:15:21.762+0000] {logging_mixin.py:188} INFO - [2026-07-05T16:15:21.762+0000] {dag.py:3096} INFO - Sync 2 DAGs
[2026-07-05T16:15:21.775+0000] {logging_mixin.py:188} INFO - [2026-07-05T16:15:21.774+0000] {dag.py:3954} INFO - Setting next_dagrun for example_external_task_marker_child to None, run_after=None
[2026-07-05T16:15:21.778+0000] {logging_mixin.py:188} INFO - [2026-07-05T16:15:21.778+0000] {dag.py:3954} INFO - Setting next_dagrun for example_external_task_marker_parent to None, run_after=None
[2026-07-05T16:15:21.799+0000] {processor.py:183} INFO - Processing /home/airflow/.local/lib/python3.11/site-packages/airflow/example_dags/example_external_task_marker_dag.py took 0.079 seconds
[2026-07-05T16:15:51.998+0000] {processor.py:161} INFO - Started process (PID=730) to work on /home/airflow/.local/lib/python3.11/site-packages/airflow/example_dags/example_external_task_marker_dag.py
[2026-07-05T16:15:51.999+0000] {processor.py:830} INFO - Processing file /home/airflow/.local/lib/python3.11/site-packages/airflow/example_dags/example_external_task_marker_dag.py for tasks to queue
[2026-07-05T16:15:52.001+0000] {logging_mixin.py:188} INFO - [2026-07-05T16:15:52.001+0000] {dagbag.py:545} INFO - Filling up the DagBag from /home/airflow/.local/lib/python3.11/site-packages/airflow/example_dags/example_external_task_marker_dag.py
[2026-07-05T16:15:52.007+0000] {processor.py:840} INFO - DAG(s) 'example_external_task_marker_child', 'example_external_task_marker_parent' retrieved from /home/airflow/.local/lib/python3.11/site-packages/airflow/example_dags/example_external_task_marker_dag.py
[2026-07-05T16:15:52.028+0000] {logging_mixin.py:188} INFO - [2026-07-05T16:15:52.028+0000] {dag.py:3096} INFO - Sync 2 DAGs
[2026-07-05T16:15:52.040+0000] {logging_mixin.py:188} INFO - [2026-07-05T16:15:52.040+0000] {dag.py:3954} INFO - Setting next_dagrun for example_external_task_marker_child to None, run_after=None
[2026-07-05T16:15:52.043+0000] {logging_mixin.py:188} INFO - [2026-07-05T16:15:52.043+0000] {dag.py:3954} INFO - Setting next_dagrun for example_external_task_marker_parent to None, run_after=None
[2026-07-05T16:15:52.063+0000] {processor.py:183} INFO - Processing /home/airflow/.local/lib/python3.11/site-packages/airflow/example_dags/example_external_task_marker_dag.py took 0.071 seconds
[2026-07-05T16:16:22.115+0000] {processor.py:161} INFO - Started process (PID=788) to work on /home/airflow/.local/lib/python3.11/site-packages/airflow/example_dags/example_external_task_marker_dag.py
[2026-07-05T16:16:22.116+0000] {processor.py:830} INFO - Processing file /home/airflow/.local/lib/python3.11/site-packages/airflow/example_dags/example_external_task_marker_dag.py for tasks to queue
[2026-07-05T16:16:22.118+0000] {logging_mixin.py:188} INFO - [2026-07-05T16:16:22.117+0000] {dagbag.py:545} INFO - Filling up the DagBag from /home/airflow/.local/lib/python3.11/site-packages/airflow/example_dags/example_external_task_marker_dag.py
[2026-07-05T16:16:22.124+0000] {processor.py:840} INFO - DAG(s) 'example_external_task_marker_child', 'example_external_task_marker_parent' retrieved from /home/airflow/.local/lib/python3.11/site-packages/airflow/example_dags/example_external_task_marker_dag.py
[2026-07-05T16:16:22.147+0000] {logging_mixin.py:188} INFO - [2026-07-05T16:16:22.146+0000] {dag.py:3096} INFO - Sync 2 DAGs
[2026-07-05T16:16:22.158+0000] {logging_mixin.py:188} INFO - [2026-07-05T16:16:22.157+0000] {dag.py:3954} INFO - Setting next_dagrun for example_external_task_marker_child to None, run_after=None
[2026-07-05T16:16:22.161+0000] {logging_mixin.py:188} INFO - [2026-07-05T16:16:22.161+0000] {dag.py:3954} INFO - Setting next_dagrun for example_external_task_marker_parent to None, run_after=None
[2026-07-05T16:16:22.181+0000] {processor.py:183} INFO - Processing /home/airflow/.local/lib/python3.11/site-packages/airflow/example_dags/example_external_task_marker_dag.py took 0.072 seconds
[2026-07-05T16:16:52.332+0000] {processor.py:161} INFO - Started process (PID=846) to work on /home/airflow/.local/lib/python3.11/site-packages/airflow/example_dags/example_external_task_marker_dag.py
[2026-07-05T16:16:52.333+0000] {processor.py:830} INFO - Processing file /home/airflow/.local/lib/python3.11/site-packages/airflow/example_dags/example_external_task_marker_dag.py for tasks to queue
[2026-07-05T16:16:52.335+0000] {logging_mixin.py:188} INFO - [2026-07-05T16:16:52.335+0000] {dagbag.py:545} INFO - Filling up the DagBag from /home/airflow/.local/lib/python3.11/site-packages/airflow/example_dags/example_external_task_marker_dag.py
[2026-07-05T16:16:52.344+0000] {processor.py:840} INFO - DAG(s) 'example_external_task_marker_parent', 'example_external_task_marker_child' retrieved from /home/airflow/.local/lib/python3.11/site-packages/airflow/example_dags/example_external_task_marker_dag.py
[2026-07-05T16:16:52.367+0000] {logging_mixin.py:188} INFO - [2026-07-05T16:16:52.367+0000] {dag.py:3096} INFO - Sync 2 DAGs
[2026-07-05T16:16:52.378+0000] {logging_mixin.py:188} INFO - [2026-07-05T16:16:52.378+0000] {dag.py:3954} INFO - Setting next_dagrun for example_external_task_marker_child to None, run_after=None
[2026-07-05T16:16:52.381+0000] {logging_mixin.py:188} INFO - [2026-07-05T16:16:52.381+0000] {dag.py:3954} INFO - Setting next_dagrun for example_external_task_marker_parent to None, run_after=None
[2026-07-05T16:16:52.400+0000] {processor.py:183} INFO - Processing /home/airflow/.local/lib/python3.11/site-packages/airflow/example_dags/example_external_task_marker_dag.py took 0.073 seconds
[2026-07-05T16:17:22.678+0000] {processor.py:161} INFO - Started process (PID=904) to work on /home/airflow/.local/lib/python3.11/site-packages/airflow/example_dags/example_external_task_marker_dag.py
[2026-07-05T16:17:22.678+0000] {processor.py:830} INFO - Processing file /home/airflow/.local/lib/python3.11/site-packages/airflow/example_dags/example_external_task_marker_dag.py for tasks to queue
[2026-07-05T16:17:22.680+0000] {logging_mixin.py:188} INFO - [2026-07-05T16:17:22.680+0000] {dagbag.py:545} INFO - Filling up the DagBag from /home/airflow/.local/lib/python3.11/site-packages/airflow/example_dags/example_external_task_marker_dag.py
[2026-07-05T16:17:22.686+0000] {processor.py:840} INFO - DAG(s) 'example_external_task_marker_child', 'example_external_task_marker_parent' retrieved from /home/airflow/.local/lib/python3.11/site-packages/airflow/example_dags/example_external_task_marker_dag.py
[2026-07-05T16:17:22.709+0000] {logging_mixin.py:188} INFO - [2026-07-05T16:17:22.709+0000] {dag.py:3096} INFO - Sync 2 DAGs
[2026-07-05T16:17:22.720+0000] {logging_mixin.py:188} INFO - [2026-07-05T16:17:22.719+0000] {dag.py:3954} INFO - Setting next_dagrun for example_external_task_marker_child to None, run_after=None
[2026-07-05T16:17:22.723+0000] {logging_mixin.py:188} INFO - [2026-07-05T16:17:22.723+0000] {dag.py:3954} INFO - Setting next_dagrun for example_external_task_marker_parent to None, run_after=None
[2026-07-05T16:17:22.739+0000] {processor.py:183} INFO - Processing /home/airflow/.local/lib/python3.11/site-packages/airflow/example_dags/example_external_task_marker_dag.py took 0.066 seconds
[2026-07-05T16:17:53.032+0000] {processor.py:161} INFO - Started process (PID=962) to work on /home/airflow/.local/lib/python3.11/site-packages/airflow/example_dags/example_external_task_marker_dag.py
[2026-07-05T16:17:53.033+0000] {processor.py:830} INFO - Processing file /home/airflow/.local/lib/python3.11/site-packages/airflow/example_dags/example_external_task_marker_dag.py for tasks to queue
[2026-07-05T16:17:53.035+0000] {logging_mixin.py:188} INFO - [2026-07-05T16:17:53.035+0000] {dagbag.py:545} INFO - Filling up the DagBag from /home/airflow/.local/lib/python3.11/site-packages/airflow/example_dags/example_external_task_marker_dag.py
[2026-07-05T16:17:53.041+0000] {processor.py:840} INFO - DAG(s) 'example_external_task_marker_child', 'example_external_task_marker_parent' retrieved from /home/airflow/.local/lib/python3.11/site-packages/airflow/example_dags/example_external_task_marker_dag.py
[2026-07-05T16:17:53.064+0000] {logging_mixin.py:188} INFO - [2026-07-05T16:17:53.064+0000] {dag.py:3096} INFO - Sync 2 DAGs
[2026-07-05T16:17:53.074+0000] {logging_mixin.py:188} INFO - [2026-07-05T16:17:53.074+0000] {dag.py:3954} INFO - Setting next_dagrun for example_external_task_marker_child to None, run_after=None
[2026-07-05T16:17:53.078+0000] {logging_mixin.py:188} INFO - [2026-07-05T16:17:53.078+0000] {dag.py:3954} INFO - Setting next_dagrun for example_external_task_marker_parent to None, run_after=None
[2026-07-05T16:17:53.097+0000] {processor.py:183} INFO - Processing /home/airflow/.local/lib/python3.11/site-packages/airflow/example_dags/example_external_task_marker_dag.py took 0.071 seconds
[2026-07-05T16:18:24.114+0000] {processor.py:161} INFO - Started process (PID=1020) to work on /home/airflow/.local/lib/python3.11/site-packages/airflow/example_dags/example_external_task_marker_dag.py
[2026-07-05T16:18:24.115+0000] {processor.py:830} INFO - Processing file /home/airflow/.local/lib/python3.11/site-packages/airflow/example_dags/example_external_task_marker_dag.py for tasks to queue
[2026-07-05T16:18:24.117+0000] {logging_mixin.py:188} INFO - [2026-07-05T16:18:24.117+0000] {dagbag.py:545} INFO - Filling up the DagBag from /home/airflow/.local/lib/python3.11/site-packages/airflow/example_dags/example_external_task_marker_dag.py
[2026-07-05T16:18:24.124+0000] {processor.py:840} INFO - DAG(s) 'example_external_task_marker_parent', 'example_external_task_marker_child' retrieved from /home/airflow/.local/lib/python3.11/site-packages/airflow/example_dags/example_external_task_marker_dag.py
[2026-07-05T16:18:24.146+0000] {logging_mixin.py:188} INFO - [2026-07-05T16:18:24.146+0000] {dag.py:3096} INFO - Sync 2 DAGs
[2026-07-05T16:18:24.159+0000] {logging_mixin.py:188} INFO - [2026-07-05T16:18:24.159+0000] {dag.py:3954} INFO - Setting next_dagrun for example_external_task_marker_child to None, run_after=None
[2026-07-05T16:18:24.163+0000] {logging_mixin.py:188} INFO - [2026-07-05T16:18:24.163+0000] {dag.py:3954} INFO - Setting next_dagrun for example_external_task_marker_parent to None, run_after=None
[2026-07-05T16:18:24.179+0000] {processor.py:183} INFO - Processing /home/airflow/.local/lib/python3.11/site-packages/airflow/example_dags/example_external_task_marker_dag.py took 0.070 seconds
[2026-07-05T16:18:54.224+0000] {processor.py:161} INFO - Started process (PID=1078) to work on /home/airflow/.local/lib/python3.11/site-packages/airflow/example_dags/example_external_task_marker_dag.py
[2026-07-05T16:18:54.225+0000] {processor.py:830} INFO - Processing file /home/airflow/.local/lib/python3.11/site-packages/airflow/example_dags/example_external_task_marker_dag.py for tasks to queue
[2026-07-05T16:18:54.227+0000] {logging_mixin.py:188} INFO - [2026-07-05T16:18:54.227+0000] {dagbag.py:545} INFO - Filling up the DagBag from /home/airflow/.local/lib/python3.11/site-packages/airflow/example_dags/example_external_task_marker_dag.py
[2026-07-05T16:18:54.234+0000] {processor.py:840} INFO - DAG(s) 'example_external_task_marker_parent', 'example_external_task_marker_child' retrieved from /home/airflow/.local/lib/python3.11/site-packages/airflow/example_dags/example_external_task_marker_dag.py
[2026-07-05T16:18:54.263+0000] {logging_mixin.py:188} INFO - [2026-07-05T16:18:54.263+0000] {dag.py:3096} INFO - Sync 2 DAGs
[2026-07-05T16:18:54.278+0000] {logging_mixin.py:188} INFO - [2026-07-05T16:18:54.277+0000] {dag.py:3954} INFO - Setting next_dagrun for example_external_task_marker_child to None, run_after=None
[2026-07-05T16:18:54.283+0000] {logging_mixin.py:188} INFO - [2026-07-05T16:18:54.283+0000] {dag.py:3954} INFO - Setting next_dagrun for example_external_task_marker_parent to None, run_after=None
[2026-07-05T16:18:54.303+0000] {processor.py:183} INFO - Processing /home/airflow/.local/lib/python3.11/site-packages/airflow/example_dags/example_external_task_marker_dag.py took 0.084 seconds
