[2026-07-05T16:07:39.221+0000] {processor.py:161} INFO - Started process (PID=100) to work on /home/airflow/.local/lib/python3.11/site-packages/airflow/example_dags/example_xcom.py
[2026-07-05T16:07:39.222+0000] {processor.py:830} INFO - Processing file /home/airflow/.local/lib/python3.11/site-packages/airflow/example_dags/example_xcom.py for tasks to queue
[2026-07-05T16:07:39.225+0000] {logging_mixin.py:188} INFO - [2026-07-05T16:07:39.224+0000] {dagbag.py:545} INFO - Filling up the DagBag from /home/airflow/.local/lib/python3.11/site-packages/airflow/example_dags/example_xcom.py
[2026-07-05T16:07:39.238+0000] {processor.py:840} INFO - DAG(s) 'example_xcom' retrieved from /home/airflow/.local/lib/python3.11/site-packages/airflow/example_dags/example_xcom.py
[2026-07-05T16:07:39.379+0000] {logging_mixin.py:188} INFO - [2026-07-05T16:07:39.378+0000] {override.py:1829} INFO - Created Permission View: can delete on DAG:example_xcom
[2026-07-05T16:07:39.397+0000] {logging_mixin.py:188} INFO - [2026-07-05T16:07:39.396+0000] {override.py:1829} INFO - Created Permission View: can read on DAG:example_xcom
[2026-07-05T16:07:39.407+0000] {logging_mixin.py:188} INFO - [2026-07-05T16:07:39.406+0000] {override.py:1829} INFO - Created Permission View: can edit on DAG:example_xcom
[2026-07-05T16:07:39.408+0000] {logging_mixin.py:188} INFO - [2026-07-05T16:07:39.407+0000] {dag.py:3096} INFO - Sync 1 DAGs
[2026-07-05T16:07:39.421+0000] {logging_mixin.py:188} INFO - [2026-07-05T16:07:39.421+0000] {dag.py:3118} INFO - Creating ORM DAG for example_xcom
[2026-07-05T16:07:39.439+0000] {logging_mixin.py:188} INFO - [2026-07-05T16:07:39.438+0000] {dag.py:3954} INFO - Setting next_dagrun for example_xcom to 2021-01-01 00:00:00+00:00, run_after=2021-01-01 00:00:00+00:00
[2026-07-05T16:07:39.462+0000] {processor.py:183} INFO - Processing /home/airflow/.local/lib/python3.11/site-packages/airflow/example_dags/example_xcom.py took 0.248 seconds
[2026-07-05T16:08:09.651+0000] {processor.py:161} INFO - Started process (PID=158) to work on /home/airflow/.local/lib/python3.11/site-packages/airflow/example_dags/example_xcom.py
[2026-07-05T16:08:09.652+0000] {processor.py:830} INFO - Processing file /home/airflow/.local/lib/python3.11/site-packages/airflow/example_dags/example_xcom.py for tasks to queue
[2026-07-05T16:08:09.654+0000] {logging_mixin.py:188} INFO - [2026-07-05T16:08:09.654+0000] {dagbag.py:545} INFO - Filling up the DagBag from /home/airflow/.local/lib/python3.11/site-packages/airflow/example_dags/example_xcom.py
[2026-07-05T16:08:09.661+0000] {processor.py:840} INFO - DAG(s) 'example_xcom' retrieved from /home/airflow/.local/lib/python3.11/site-packages/airflow/example_dags/example_xcom.py
[2026-07-05T16:08:09.679+0000] {logging_mixin.py:188} INFO - [2026-07-05T16:08:09.679+0000] {dag.py:3096} INFO - Sync 1 DAGs
[2026-07-05T16:08:09.696+0000] {logging_mixin.py:188} INFO - [2026-07-05T16:08:09.695+0000] {dag.py:3954} INFO - Setting next_dagrun for example_xcom to 2021-01-01 00:00:00+00:00, run_after=2021-01-01 00:00:00+00:00
[2026-07-05T16:08:09.728+0000] {processor.py:183} INFO - Processing /home/airflow/.local/lib/python3.11/site-packages/airflow/example_dags/example_xcom.py took 0.083 seconds
[2026-07-05T16:08:40.484+0000] {processor.py:161} INFO - Started process (PID=216) to work on /home/airflow/.local/lib/python3.11/site-packages/airflow/example_dags/example_xcom.py
[2026-07-05T16:08:40.485+0000] {processor.py:830} INFO - Processing file /home/airflow/.local/lib/python3.11/site-packages/airflow/example_dags/example_xcom.py for tasks to queue
[2026-07-05T16:08:40.488+0000] {logging_mixin.py:188} INFO - [2026-07-05T16:08:40.487+0000] {dagbag.py:545} INFO - Filling up the DagBag from /home/airflow/.local/lib/python3.11/site-packages/airflow/example_dags/example_xcom.py
[2026-07-05T16:08:40.497+0000] {processor.py:840} INFO - DAG(s) 'example_xcom' retrieved from /home/airflow/.local/lib/python3.11/site-packages/airflow/example_dags/example_xcom.py
[2026-07-05T16:08:40.521+0000] {logging_mixin.py:188} INFO - [2026-07-05T16:08:40.521+0000] {dag.py:3096} INFO - Sync 1 DAGs
[2026-07-05T16:08:40.545+0000] {logging_mixin.py:188} INFO - [2026-07-05T16:08:40.545+0000] {dag.py:3954} INFO - Setting next_dagrun for example_xcom to 2021-01-01 00:00:00+00:00, run_after=2021-01-01 00:00:00+00:00
[2026-07-05T16:08:40.568+0000] {processor.py:183} INFO - Processing /home/airflow/.local/lib/python3.11/site-packages/airflow/example_dags/example_xcom.py took 0.090 seconds
[2026-07-05T16:09:10.696+0000] {processor.py:161} INFO - Started process (PID=274) to work on /home/airflow/.local/lib/python3.11/site-packages/airflow/example_dags/example_xcom.py
[2026-07-05T16:09:10.698+0000] {processor.py:830} INFO - Processing file /home/airflow/.local/lib/python3.11/site-packages/airflow/example_dags/example_xcom.py for tasks to queue
[2026-07-05T16:09:10.701+0000] {logging_mixin.py:188} INFO - [2026-07-05T16:09:10.700+0000] {dagbag.py:545} INFO - Filling up the DagBag from /home/airflow/.local/lib/python3.11/site-packages/airflow/example_dags/example_xcom.py
[2026-07-05T16:09:10.718+0000] {processor.py:840} INFO - DAG(s) 'example_xcom' retrieved from /home/airflow/.local/lib/python3.11/site-packages/airflow/example_dags/example_xcom.py
[2026-07-05T16:09:10.739+0000] {logging_mixin.py:188} INFO - [2026-07-05T16:09:10.738+0000] {dag.py:3096} INFO - Sync 1 DAGs
[2026-07-05T16:09:10.776+0000] {logging_mixin.py:188} INFO - [2026-07-05T16:09:10.775+0000] {dag.py:3954} INFO - Setting next_dagrun for example_xcom to 2021-01-01 00:00:00+00:00, run_after=2021-01-01 00:00:00+00:00
[2026-07-05T16:09:10.814+0000] {processor.py:183} INFO - Processing /home/airflow/.local/lib/python3.11/site-packages/airflow/example_dags/example_xcom.py took 0.125 seconds
[2026-07-05T16:09:41.467+0000] {processor.py:161} INFO - Started process (PID=332) to work on /home/airflow/.local/lib/python3.11/site-packages/airflow/example_dags/example_xcom.py
[2026-07-05T16:09:41.468+0000] {processor.py:830} INFO - Processing file /home/airflow/.local/lib/python3.11/site-packages/airflow/example_dags/example_xcom.py for tasks to queue
[2026-07-05T16:09:41.470+0000] {logging_mixin.py:188} INFO - [2026-07-05T16:09:41.469+0000] {dagbag.py:545} INFO - Filling up the DagBag from /home/airflow/.local/lib/python3.11/site-packages/airflow/example_dags/example_xcom.py
[2026-07-05T16:09:41.477+0000] {processor.py:840} INFO - DAG(s) 'example_xcom' retrieved from /home/airflow/.local/lib/python3.11/site-packages/airflow/example_dags/example_xcom.py
[2026-07-05T16:09:41.557+0000] {logging_mixin.py:188} INFO - [2026-07-05T16:09:41.556+0000] {dag.py:3096} INFO - Sync 1 DAGs
[2026-07-05T16:09:41.571+0000] {logging_mixin.py:188} INFO - [2026-07-05T16:09:41.571+0000] {dag.py:3954} INFO - Setting next_dagrun for example_xcom to 2021-01-01 00:00:00+00:00, run_after=2021-01-01 00:00:00+00:00
[2026-07-05T16:09:41.588+0000] {processor.py:183} INFO - Processing /home/airflow/.local/lib/python3.11/site-packages/airflow/example_dags/example_xcom.py took 0.127 seconds
[2026-07-05T16:10:16.129+0000] {processor.py:161} INFO - Started process (PID=95) to work on /home/airflow/.local/lib/python3.11/site-packages/airflow/example_dags/example_xcom.py
[2026-07-05T16:10:16.130+0000] {processor.py:830} INFO - Processing file /home/airflow/.local/lib/python3.11/site-packages/airflow/example_dags/example_xcom.py for tasks to queue
[2026-07-05T16:10:16.134+0000] {logging_mixin.py:188} INFO - [2026-07-05T16:10:16.133+0000] {dagbag.py:545} INFO - Filling up the DagBag from /home/airflow/.local/lib/python3.11/site-packages/airflow/example_dags/example_xcom.py
[2026-07-05T16:10:16.144+0000] {processor.py:840} INFO - DAG(s) 'example_xcom' retrieved from /home/airflow/.local/lib/python3.11/site-packages/airflow/example_dags/example_xcom.py
[2026-07-05T16:10:16.162+0000] {logging_mixin.py:188} INFO - [2026-07-05T16:10:16.162+0000] {dag.py:3096} INFO - Sync 1 DAGs
[2026-07-05T16:10:16.192+0000] {logging_mixin.py:188} INFO - [2026-07-05T16:10:16.191+0000] {dag.py:3954} INFO - Setting next_dagrun for example_xcom to 2021-01-01 00:00:00+00:00, run_after=2021-01-01 00:00:00+00:00
[2026-07-05T16:10:16.214+0000] {processor.py:183} INFO - Processing /home/airflow/.local/lib/python3.11/site-packages/airflow/example_dags/example_xcom.py took 0.092 seconds
[2026-07-05T16:10:46.830+0000] {processor.py:161} INFO - Started process (PID=154) to work on /home/airflow/.local/lib/python3.11/site-packages/airflow/example_dags/example_xcom.py
[2026-07-05T16:10:46.832+0000] {processor.py:830} INFO - Processing file /home/airflow/.local/lib/python3.11/site-packages/airflow/example_dags/example_xcom.py for tasks to queue
[2026-07-05T16:10:46.836+0000] {logging_mixin.py:188} INFO - [2026-07-05T16:10:46.835+0000] {dagbag.py:545} INFO - Filling up the DagBag from /home/airflow/.local/lib/python3.11/site-packages/airflow/example_dags/example_xcom.py
[2026-07-05T16:10:46.850+0000] {processor.py:840} INFO - DAG(s) 'example_xcom' retrieved from /home/airflow/.local/lib/python3.11/site-packages/airflow/example_dags/example_xcom.py
[2026-07-05T16:10:47.000+0000] {logging_mixin.py:188} INFO - [2026-07-05T16:10:46.999+0000] {dag.py:3096} INFO - Sync 1 DAGs
[2026-07-05T16:10:47.027+0000] {logging_mixin.py:188} INFO - [2026-07-05T16:10:47.027+0000] {dag.py:3954} INFO - Setting next_dagrun for example_xcom to 2021-01-01 00:00:00+00:00, run_after=2021-01-01 00:00:00+00:00
[2026-07-05T16:10:47.061+0000] {processor.py:183} INFO - Processing /home/airflow/.local/lib/python3.11/site-packages/airflow/example_dags/example_xcom.py took 0.241 seconds
[2026-07-05T16:11:17.861+0000] {processor.py:161} INFO - Started process (PID=212) to work on /home/airflow/.local/lib/python3.11/site-packages/airflow/example_dags/example_xcom.py
[2026-07-05T16:11:17.862+0000] {processor.py:830} INFO - Processing file /home/airflow/.local/lib/python3.11/site-packages/airflow/example_dags/example_xcom.py for tasks to queue
[2026-07-05T16:11:17.864+0000] {logging_mixin.py:188} INFO - [2026-07-05T16:11:17.864+0000] {dagbag.py:545} INFO - Filling up the DagBag from /home/airflow/.local/lib/python3.11/site-packages/airflow/example_dags/example_xcom.py
[2026-07-05T16:11:17.879+0000] {processor.py:840} INFO - DAG(s) 'example_xcom' retrieved from /home/airflow/.local/lib/python3.11/site-packages/airflow/example_dags/example_xcom.py
[2026-07-05T16:11:17.907+0000] {logging_mixin.py:188} INFO - [2026-07-05T16:11:17.907+0000] {dag.py:3096} INFO - Sync 1 DAGs
[2026-07-05T16:11:17.929+0000] {logging_mixin.py:188} INFO - [2026-07-05T16:11:17.929+0000] {dag.py:3954} INFO - Setting next_dagrun for example_xcom to 2021-01-01 00:00:00+00:00, run_after=2021-01-01 00:00:00+00:00
[2026-07-05T16:11:17.952+0000] {processor.py:183} INFO - Processing /home/airflow/.local/lib/python3.11/site-packages/airflow/example_dags/example_xcom.py took 0.098 seconds
[2026-07-05T16:11:48.565+0000] {processor.py:161} INFO - Started process (PID=270) to work on /home/airflow/.local/lib/python3.11/site-packages/airflow/example_dags/example_xcom.py
[2026-07-05T16:11:48.570+0000] {processor.py:830} INFO - Processing file /home/airflow/.local/lib/python3.11/site-packages/airflow/example_dags/example_xcom.py for tasks to queue
[2026-07-05T16:11:48.573+0000] {logging_mixin.py:188} INFO - [2026-07-05T16:11:48.572+0000] {dagbag.py:545} INFO - Filling up the DagBag from /home/airflow/.local/lib/python3.11/site-packages/airflow/example_dags/example_xcom.py
[2026-07-05T16:11:48.581+0000] {processor.py:840} INFO - DAG(s) 'example_xcom' retrieved from /home/airflow/.local/lib/python3.11/site-packages/airflow/example_dags/example_xcom.py
[2026-07-05T16:11:48.596+0000] {logging_mixin.py:188} INFO - [2026-07-05T16:11:48.595+0000] {dag.py:3096} INFO - Sync 1 DAGs
[2026-07-05T16:11:48.621+0000] {logging_mixin.py:188} INFO - [2026-07-05T16:11:48.620+0000] {dag.py:3954} INFO - Setting next_dagrun for example_xcom to 2021-01-01 00:00:00+00:00, run_after=2021-01-01 00:00:00+00:00
[2026-07-05T16:11:48.644+0000] {processor.py:183} INFO - Processing /home/airflow/.local/lib/python3.11/site-packages/airflow/example_dags/example_xcom.py took 0.087 seconds
[2026-07-05T16:12:19.680+0000] {processor.py:161} INFO - Started process (PID=328) to work on /home/airflow/.local/lib/python3.11/site-packages/airflow/example_dags/example_xcom.py
[2026-07-05T16:12:19.682+0000] {processor.py:830} INFO - Processing file /home/airflow/.local/lib/python3.11/site-packages/airflow/example_dags/example_xcom.py for tasks to queue
[2026-07-05T16:12:19.685+0000] {logging_mixin.py:188} INFO - [2026-07-05T16:12:19.685+0000] {dagbag.py:545} INFO - Filling up the DagBag from /home/airflow/.local/lib/python3.11/site-packages/airflow/example_dags/example_xcom.py
[2026-07-05T16:12:19.699+0000] {processor.py:840} INFO - DAG(s) 'example_xcom' retrieved from /home/airflow/.local/lib/python3.11/site-packages/airflow/example_dags/example_xcom.py
[2026-07-05T16:12:19.910+0000] {logging_mixin.py:188} INFO - [2026-07-05T16:12:19.910+0000] {dag.py:3096} INFO - Sync 1 DAGs
[2026-07-05T16:12:19.937+0000] {logging_mixin.py:188} INFO - [2026-07-05T16:12:19.937+0000] {dag.py:3954} INFO - Setting next_dagrun for example_xcom to 2021-01-01 00:00:00+00:00, run_after=2021-01-01 00:00:00+00:00
[2026-07-05T16:12:19.977+0000] {processor.py:183} INFO - Processing /home/airflow/.local/lib/python3.11/site-packages/airflow/example_dags/example_xcom.py took 0.308 seconds
[2026-07-05T16:12:50.405+0000] {processor.py:161} INFO - Started process (PID=387) to work on /home/airflow/.local/lib/python3.11/site-packages/airflow/example_dags/example_xcom.py
[2026-07-05T16:12:50.406+0000] {processor.py:830} INFO - Processing file /home/airflow/.local/lib/python3.11/site-packages/airflow/example_dags/example_xcom.py for tasks to queue
[2026-07-05T16:12:50.408+0000] {logging_mixin.py:188} INFO - [2026-07-05T16:12:50.408+0000] {dagbag.py:545} INFO - Filling up the DagBag from /home/airflow/.local/lib/python3.11/site-packages/airflow/example_dags/example_xcom.py
[2026-07-05T16:12:50.416+0000] {processor.py:840} INFO - DAG(s) 'example_xcom' retrieved from /home/airflow/.local/lib/python3.11/site-packages/airflow/example_dags/example_xcom.py
[2026-07-05T16:12:50.436+0000] {logging_mixin.py:188} INFO - [2026-07-05T16:12:50.436+0000] {dag.py:3096} INFO - Sync 1 DAGs
[2026-07-05T16:12:50.454+0000] {logging_mixin.py:188} INFO - [2026-07-05T16:12:50.454+0000] {dag.py:3954} INFO - Setting next_dagrun for example_xcom to 2021-01-01 00:00:00+00:00, run_after=2021-01-01 00:00:00+00:00
[2026-07-05T16:12:50.472+0000] {processor.py:183} INFO - Processing /home/airflow/.local/lib/python3.11/site-packages/airflow/example_dags/example_xcom.py took 0.072 seconds
[2026-07-05T16:13:21.027+0000] {processor.py:161} INFO - Started process (PID=445) to work on /home/airflow/.local/lib/python3.11/site-packages/airflow/example_dags/example_xcom.py
[2026-07-05T16:13:21.028+0000] {processor.py:830} INFO - Processing file /home/airflow/.local/lib/python3.11/site-packages/airflow/example_dags/example_xcom.py for tasks to queue
[2026-07-05T16:13:21.030+0000] {logging_mixin.py:188} INFO - [2026-07-05T16:13:21.030+0000] {dagbag.py:545} INFO - Filling up the DagBag from /home/airflow/.local/lib/python3.11/site-packages/airflow/example_dags/example_xcom.py
[2026-07-05T16:13:21.038+0000] {processor.py:840} INFO - DAG(s) 'example_xcom' retrieved from /home/airflow/.local/lib/python3.11/site-packages/airflow/example_dags/example_xcom.py
[2026-07-05T16:13:21.057+0000] {logging_mixin.py:188} INFO - [2026-07-05T16:13:21.057+0000] {dag.py:3096} INFO - Sync 1 DAGs
[2026-07-05T16:13:21.075+0000] {logging_mixin.py:188} INFO - [2026-07-05T16:13:21.075+0000] {dag.py:3954} INFO - Setting next_dagrun for example_xcom to 2021-01-01 00:00:00+00:00, run_after=2021-01-01 00:00:00+00:00
[2026-07-05T16:13:21.092+0000] {processor.py:183} INFO - Processing /home/airflow/.local/lib/python3.11/site-packages/airflow/example_dags/example_xcom.py took 0.071 seconds
[2026-07-05T16:13:51.529+0000] {processor.py:161} INFO - Started process (PID=503) to work on /home/airflow/.local/lib/python3.11/site-packages/airflow/example_dags/example_xcom.py
[2026-07-05T16:13:51.530+0000] {processor.py:830} INFO - Processing file /home/airflow/.local/lib/python3.11/site-packages/airflow/example_dags/example_xcom.py for tasks to queue
[2026-07-05T16:13:51.532+0000] {logging_mixin.py:188} INFO - [2026-07-05T16:13:51.532+0000] {dagbag.py:545} INFO - Filling up the DagBag from /home/airflow/.local/lib/python3.11/site-packages/airflow/example_dags/example_xcom.py
[2026-07-05T16:13:51.540+0000] {processor.py:840} INFO - DAG(s) 'example_xcom' retrieved from /home/airflow/.local/lib/python3.11/site-packages/airflow/example_dags/example_xcom.py
[2026-07-05T16:13:51.560+0000] {logging_mixin.py:188} INFO - [2026-07-05T16:13:51.560+0000] {dag.py:3096} INFO - Sync 1 DAGs
[2026-07-05T16:13:51.592+0000] {logging_mixin.py:188} INFO - [2026-07-05T16:13:51.591+0000] {dag.py:3954} INFO - Setting next_dagrun for example_xcom to 2021-01-01 00:00:00+00:00, run_after=2021-01-01 00:00:00+00:00
[2026-07-05T16:13:51.618+0000] {processor.py:183} INFO - Processing /home/airflow/.local/lib/python3.11/site-packages/airflow/example_dags/example_xcom.py took 0.095 seconds
[2026-07-05T16:14:21.751+0000] {processor.py:161} INFO - Started process (PID=561) to work on /home/airflow/.local/lib/python3.11/site-packages/airflow/example_dags/example_xcom.py
[2026-07-05T16:14:21.753+0000] {processor.py:830} INFO - Processing file /home/airflow/.local/lib/python3.11/site-packages/airflow/example_dags/example_xcom.py for tasks to queue
[2026-07-05T16:14:21.755+0000] {logging_mixin.py:188} INFO - [2026-07-05T16:14:21.754+0000] {dagbag.py:545} INFO - Filling up the DagBag from /home/airflow/.local/lib/python3.11/site-packages/airflow/example_dags/example_xcom.py
[2026-07-05T16:14:21.764+0000] {processor.py:840} INFO - DAG(s) 'example_xcom' retrieved from /home/airflow/.local/lib/python3.11/site-packages/airflow/example_dags/example_xcom.py
[2026-07-05T16:14:21.785+0000] {logging_mixin.py:188} INFO - [2026-07-05T16:14:21.785+0000] {dag.py:3096} INFO - Sync 1 DAGs
[2026-07-05T16:14:21.804+0000] {logging_mixin.py:188} INFO - [2026-07-05T16:14:21.803+0000] {dag.py:3954} INFO - Setting next_dagrun for example_xcom to 2021-01-01 00:00:00+00:00, run_after=2021-01-01 00:00:00+00:00
[2026-07-05T16:14:21.822+0000] {processor.py:183} INFO - Processing /home/airflow/.local/lib/python3.11/site-packages/airflow/example_dags/example_xcom.py took 0.078 seconds
[2026-07-05T16:14:52.109+0000] {processor.py:161} INFO - Started process (PID=619) to work on /home/airflow/.local/lib/python3.11/site-packages/airflow/example_dags/example_xcom.py
[2026-07-05T16:14:52.110+0000] {processor.py:830} INFO - Processing file /home/airflow/.local/lib/python3.11/site-packages/airflow/example_dags/example_xcom.py for tasks to queue
[2026-07-05T16:14:52.112+0000] {logging_mixin.py:188} INFO - [2026-07-05T16:14:52.112+0000] {dagbag.py:545} INFO - Filling up the DagBag from /home/airflow/.local/lib/python3.11/site-packages/airflow/example_dags/example_xcom.py
[2026-07-05T16:14:52.120+0000] {processor.py:840} INFO - DAG(s) 'example_xcom' retrieved from /home/airflow/.local/lib/python3.11/site-packages/airflow/example_dags/example_xcom.py
[2026-07-05T16:14:52.147+0000] {logging_mixin.py:188} INFO - [2026-07-05T16:14:52.146+0000] {dag.py:3096} INFO - Sync 1 DAGs
[2026-07-05T16:14:52.170+0000] {logging_mixin.py:188} INFO - [2026-07-05T16:14:52.170+0000] {dag.py:3954} INFO - Setting next_dagrun for example_xcom to 2021-01-01 00:00:00+00:00, run_after=2021-01-01 00:00:00+00:00
[2026-07-05T16:14:52.194+0000] {processor.py:183} INFO - Processing /home/airflow/.local/lib/python3.11/site-packages/airflow/example_dags/example_xcom.py took 0.094 seconds
[2026-07-05T16:15:23.071+0000] {processor.py:161} INFO - Started process (PID=677) to work on /home/airflow/.local/lib/python3.11/site-packages/airflow/example_dags/example_xcom.py
[2026-07-05T16:15:23.072+0000] {processor.py:830} INFO - Processing file /home/airflow/.local/lib/python3.11/site-packages/airflow/example_dags/example_xcom.py for tasks to queue
[2026-07-05T16:15:23.074+0000] {logging_mixin.py:188} INFO - [2026-07-05T16:15:23.074+0000] {dagbag.py:545} INFO - Filling up the DagBag from /home/airflow/.local/lib/python3.11/site-packages/airflow/example_dags/example_xcom.py
[2026-07-05T16:15:23.081+0000] {processor.py:840} INFO - DAG(s) 'example_xcom' retrieved from /home/airflow/.local/lib/python3.11/site-packages/airflow/example_dags/example_xcom.py
[2026-07-05T16:15:23.104+0000] {logging_mixin.py:188} INFO - [2026-07-05T16:15:23.104+0000] {dag.py:3096} INFO - Sync 1 DAGs
[2026-07-05T16:15:23.123+0000] {logging_mixin.py:188} INFO - [2026-07-05T16:15:23.123+0000] {dag.py:3954} INFO - Setting next_dagrun for example_xcom to 2021-01-01 00:00:00+00:00, run_after=2021-01-01 00:00:00+00:00
[2026-07-05T16:15:23.144+0000] {processor.py:183} INFO - Processing /home/airflow/.local/lib/python3.11/site-packages/airflow/example_dags/example_xcom.py took 0.078 seconds
[2026-07-05T16:15:53.334+0000] {processor.py:161} INFO - Started process (PID=735) to work on /home/airflow/.local/lib/python3.11/site-packages/airflow/example_dags/example_xcom.py
[2026-07-05T16:15:53.335+0000] {processor.py:830} INFO - Processing file /home/airflow/.local/lib/python3.11/site-packages/airflow/example_dags/example_xcom.py for tasks to queue
[2026-07-05T16:15:53.337+0000] {logging_mixin.py:188} INFO - [2026-07-05T16:15:53.336+0000] {dagbag.py:545} INFO - Filling up the DagBag from /home/airflow/.local/lib/python3.11/site-packages/airflow/example_dags/example_xcom.py
[2026-07-05T16:15:53.343+0000] {processor.py:840} INFO - DAG(s) 'example_xcom' retrieved from /home/airflow/.local/lib/python3.11/site-packages/airflow/example_dags/example_xcom.py
[2026-07-05T16:15:53.365+0000] {logging_mixin.py:188} INFO - [2026-07-05T16:15:53.364+0000] {dag.py:3096} INFO - Sync 1 DAGs
[2026-07-05T16:15:53.382+0000] {logging_mixin.py:188} INFO - [2026-07-05T16:15:53.381+0000] {dag.py:3954} INFO - Setting next_dagrun for example_xcom to 2021-01-01 00:00:00+00:00, run_after=2021-01-01 00:00:00+00:00
[2026-07-05T16:15:53.399+0000] {processor.py:183} INFO - Processing /home/airflow/.local/lib/python3.11/site-packages/airflow/example_dags/example_xcom.py took 0.071 seconds
[2026-07-05T16:16:23.545+0000] {processor.py:161} INFO - Started process (PID=793) to work on /home/airflow/.local/lib/python3.11/site-packages/airflow/example_dags/example_xcom.py
[2026-07-05T16:16:23.547+0000] {processor.py:830} INFO - Processing file /home/airflow/.local/lib/python3.11/site-packages/airflow/example_dags/example_xcom.py for tasks to queue
[2026-07-05T16:16:23.549+0000] {logging_mixin.py:188} INFO - [2026-07-05T16:16:23.549+0000] {dagbag.py:545} INFO - Filling up the DagBag from /home/airflow/.local/lib/python3.11/site-packages/airflow/example_dags/example_xcom.py
[2026-07-05T16:16:23.560+0000] {processor.py:840} INFO - DAG(s) 'example_xcom' retrieved from /home/airflow/.local/lib/python3.11/site-packages/airflow/example_dags/example_xcom.py
[2026-07-05T16:16:23.587+0000] {logging_mixin.py:188} INFO - [2026-07-05T16:16:23.586+0000] {dag.py:3096} INFO - Sync 1 DAGs
[2026-07-05T16:16:23.615+0000] {logging_mixin.py:188} INFO - [2026-07-05T16:16:23.615+0000] {dag.py:3954} INFO - Setting next_dagrun for example_xcom to 2021-01-01 00:00:00+00:00, run_after=2021-01-01 00:00:00+00:00
[2026-07-05T16:16:23.638+0000] {processor.py:183} INFO - Processing /home/airflow/.local/lib/python3.11/site-packages/airflow/example_dags/example_xcom.py took 0.101 seconds
[2026-07-05T16:16:53.681+0000] {processor.py:161} INFO - Started process (PID=851) to work on /home/airflow/.local/lib/python3.11/site-packages/airflow/example_dags/example_xcom.py
[2026-07-05T16:16:53.682+0000] {processor.py:830} INFO - Processing file /home/airflow/.local/lib/python3.11/site-packages/airflow/example_dags/example_xcom.py for tasks to queue
[2026-07-05T16:16:53.684+0000] {logging_mixin.py:188} INFO - [2026-07-05T16:16:53.684+0000] {dagbag.py:545} INFO - Filling up the DagBag from /home/airflow/.local/lib/python3.11/site-packages/airflow/example_dags/example_xcom.py
[2026-07-05T16:16:53.692+0000] {processor.py:840} INFO - DAG(s) 'example_xcom' retrieved from /home/airflow/.local/lib/python3.11/site-packages/airflow/example_dags/example_xcom.py
[2026-07-05T16:16:53.713+0000] {logging_mixin.py:188} INFO - [2026-07-05T16:16:53.713+0000] {dag.py:3096} INFO - Sync 1 DAGs
[2026-07-05T16:16:53.733+0000] {logging_mixin.py:188} INFO - [2026-07-05T16:16:53.732+0000] {dag.py:3954} INFO - Setting next_dagrun for example_xcom to 2021-01-01 00:00:00+00:00, run_after=2021-01-01 00:00:00+00:00
[2026-07-05T16:16:53.750+0000] {processor.py:183} INFO - Processing /home/airflow/.local/lib/python3.11/site-packages/airflow/example_dags/example_xcom.py took 0.075 seconds
[2026-07-05T16:17:24.007+0000] {processor.py:161} INFO - Started process (PID=909) to work on /home/airflow/.local/lib/python3.11/site-packages/airflow/example_dags/example_xcom.py
[2026-07-05T16:17:24.008+0000] {processor.py:830} INFO - Processing file /home/airflow/.local/lib/python3.11/site-packages/airflow/example_dags/example_xcom.py for tasks to queue
[2026-07-05T16:17:24.011+0000] {logging_mixin.py:188} INFO - [2026-07-05T16:17:24.010+0000] {dagbag.py:545} INFO - Filling up the DagBag from /home/airflow/.local/lib/python3.11/site-packages/airflow/example_dags/example_xcom.py
[2026-07-05T16:17:24.018+0000] {processor.py:840} INFO - DAG(s) 'example_xcom' retrieved from /home/airflow/.local/lib/python3.11/site-packages/airflow/example_dags/example_xcom.py
[2026-07-05T16:17:24.038+0000] {logging_mixin.py:188} INFO - [2026-07-05T16:17:24.038+0000] {dag.py:3096} INFO - Sync 1 DAGs
[2026-07-05T16:17:24.056+0000] {logging_mixin.py:188} INFO - [2026-07-05T16:17:24.055+0000] {dag.py:3954} INFO - Setting next_dagrun for example_xcom to 2021-01-01 00:00:00+00:00, run_after=2021-01-01 00:00:00+00:00
[2026-07-05T16:17:24.074+0000] {processor.py:183} INFO - Processing /home/airflow/.local/lib/python3.11/site-packages/airflow/example_dags/example_xcom.py took 0.074 seconds
[2026-07-05T16:17:54.257+0000] {processor.py:161} INFO - Started process (PID=967) to work on /home/airflow/.local/lib/python3.11/site-packages/airflow/example_dags/example_xcom.py
[2026-07-05T16:17:54.258+0000] {processor.py:830} INFO - Processing file /home/airflow/.local/lib/python3.11/site-packages/airflow/example_dags/example_xcom.py for tasks to queue
[2026-07-05T16:17:54.260+0000] {logging_mixin.py:188} INFO - [2026-07-05T16:17:54.259+0000] {dagbag.py:545} INFO - Filling up the DagBag from /home/airflow/.local/lib/python3.11/site-packages/airflow/example_dags/example_xcom.py
[2026-07-05T16:17:54.268+0000] {processor.py:840} INFO - DAG(s) 'example_xcom' retrieved from /home/airflow/.local/lib/python3.11/site-packages/airflow/example_dags/example_xcom.py
[2026-07-05T16:17:54.289+0000] {logging_mixin.py:188} INFO - [2026-07-05T16:17:54.289+0000] {dag.py:3096} INFO - Sync 1 DAGs
[2026-07-05T16:17:54.306+0000] {logging_mixin.py:188} INFO - [2026-07-05T16:17:54.306+0000] {dag.py:3954} INFO - Setting next_dagrun for example_xcom to 2021-01-01 00:00:00+00:00, run_after=2021-01-01 00:00:00+00:00
[2026-07-05T16:17:54.327+0000] {processor.py:183} INFO - Processing /home/airflow/.local/lib/python3.11/site-packages/airflow/example_dags/example_xcom.py took 0.076 seconds
[2026-07-05T16:18:24.514+0000] {processor.py:161} INFO - Started process (PID=1025) to work on /home/airflow/.local/lib/python3.11/site-packages/airflow/example_dags/example_xcom.py
[2026-07-05T16:18:24.515+0000] {processor.py:830} INFO - Processing file /home/airflow/.local/lib/python3.11/site-packages/airflow/example_dags/example_xcom.py for tasks to queue
[2026-07-05T16:18:24.517+0000] {logging_mixin.py:188} INFO - [2026-07-05T16:18:24.517+0000] {dagbag.py:545} INFO - Filling up the DagBag from /home/airflow/.local/lib/python3.11/site-packages/airflow/example_dags/example_xcom.py
[2026-07-05T16:18:24.525+0000] {processor.py:840} INFO - DAG(s) 'example_xcom' retrieved from /home/airflow/.local/lib/python3.11/site-packages/airflow/example_dags/example_xcom.py
[2026-07-05T16:18:24.549+0000] {logging_mixin.py:188} INFO - [2026-07-05T16:18:24.549+0000] {dag.py:3096} INFO - Sync 1 DAGs
[2026-07-05T16:18:24.570+0000] {logging_mixin.py:188} INFO - [2026-07-05T16:18:24.570+0000] {dag.py:3954} INFO - Setting next_dagrun for example_xcom to 2021-01-01 00:00:00+00:00, run_after=2021-01-01 00:00:00+00:00
[2026-07-05T16:18:24.589+0000] {processor.py:183} INFO - Processing /home/airflow/.local/lib/python3.11/site-packages/airflow/example_dags/example_xcom.py took 0.081 seconds
[2026-07-05T16:18:54.652+0000] {processor.py:161} INFO - Started process (PID=1083) to work on /home/airflow/.local/lib/python3.11/site-packages/airflow/example_dags/example_xcom.py
[2026-07-05T16:18:54.657+0000] {processor.py:830} INFO - Processing file /home/airflow/.local/lib/python3.11/site-packages/airflow/example_dags/example_xcom.py for tasks to queue
[2026-07-05T16:18:54.659+0000] {logging_mixin.py:188} INFO - [2026-07-05T16:18:54.659+0000] {dagbag.py:545} INFO - Filling up the DagBag from /home/airflow/.local/lib/python3.11/site-packages/airflow/example_dags/example_xcom.py
[2026-07-05T16:18:54.667+0000] {processor.py:840} INFO - DAG(s) 'example_xcom' retrieved from /home/airflow/.local/lib/python3.11/site-packages/airflow/example_dags/example_xcom.py
[2026-07-05T16:18:54.692+0000] {logging_mixin.py:188} INFO - [2026-07-05T16:18:54.692+0000] {dag.py:3096} INFO - Sync 1 DAGs
[2026-07-05T16:18:54.713+0000] {logging_mixin.py:188} INFO - [2026-07-05T16:18:54.713+0000] {dag.py:3954} INFO - Setting next_dagrun for example_xcom to 2021-01-01 00:00:00+00:00, run_after=2021-01-01 00:00:00+00:00
[2026-07-05T16:18:54.734+0000] {processor.py:183} INFO - Processing /home/airflow/.local/lib/python3.11/site-packages/airflow/example_dags/example_xcom.py took 0.088 seconds
