[2026-07-05T16:07:27.555+0000] {processor.py:161} INFO - Started process (PID=76) to work on /home/airflow/.local/lib/python3.11/site-packages/airflow/example_dags/example_sla_dag.py
[2026-07-05T16:07:27.557+0000] {processor.py:830} INFO - Processing file /home/airflow/.local/lib/python3.11/site-packages/airflow/example_dags/example_sla_dag.py for tasks to queue
[2026-07-05T16:07:27.561+0000] {logging_mixin.py:188} INFO - [2026-07-05T16:07:27.560+0000] {dagbag.py:545} INFO - Filling up the DagBag from /home/airflow/.local/lib/python3.11/site-packages/airflow/example_dags/example_sla_dag.py
[2026-07-05T16:07:27.577+0000] {processor.py:840} INFO - DAG(s) 'example_sla_dag' retrieved from /home/airflow/.local/lib/python3.11/site-packages/airflow/example_dags/example_sla_dag.py
[2026-07-05T16:07:28.177+0000] {logging_mixin.py:188} INFO - [2026-07-05T16:07:28.176+0000] {override.py:1829} INFO - Created Permission View: can delete on DAG:example_sla_dag
[2026-07-05T16:07:28.193+0000] {logging_mixin.py:188} INFO - [2026-07-05T16:07:28.193+0000] {override.py:1829} INFO - Created Permission View: can read on DAG:example_sla_dag
[2026-07-05T16:07:28.208+0000] {logging_mixin.py:188} INFO - [2026-07-05T16:07:28.207+0000] {override.py:1829} INFO - Created Permission View: can edit on DAG:example_sla_dag
[2026-07-05T16:07:28.210+0000] {logging_mixin.py:188} INFO - [2026-07-05T16:07:28.210+0000] {dag.py:3096} INFO - Sync 1 DAGs
[2026-07-05T16:07:28.283+0000] {logging_mixin.py:188} INFO - [2026-07-05T16:07:28.283+0000] {dag.py:3118} INFO - Creating ORM DAG for example_sla_dag
[2026-07-05T16:07:28.334+0000] {logging_mixin.py:188} INFO - [2026-07-05T16:07:28.333+0000] {dag.py:3954} INFO - Setting next_dagrun for example_sla_dag to 2026-07-05 16:04:00+00:00, run_after=2026-07-05 16:06:00+00:00
[2026-07-05T16:07:28.374+0000] {processor.py:183} INFO - Processing /home/airflow/.local/lib/python3.11/site-packages/airflow/example_dags/example_sla_dag.py took 0.830 seconds
[2026-07-05T16:07:58.552+0000] {processor.py:161} INFO - Started process (PID=134) to work on /home/airflow/.local/lib/python3.11/site-packages/airflow/example_dags/example_sla_dag.py
[2026-07-05T16:07:58.553+0000] {processor.py:830} INFO - Processing file /home/airflow/.local/lib/python3.11/site-packages/airflow/example_dags/example_sla_dag.py for tasks to queue
[2026-07-05T16:07:58.555+0000] {logging_mixin.py:188} INFO - [2026-07-05T16:07:58.555+0000] {dagbag.py:545} INFO - Filling up the DagBag from /home/airflow/.local/lib/python3.11/site-packages/airflow/example_dags/example_sla_dag.py
[2026-07-05T16:07:58.564+0000] {processor.py:840} INFO - DAG(s) 'example_sla_dag' retrieved from /home/airflow/.local/lib/python3.11/site-packages/airflow/example_dags/example_sla_dag.py
[2026-07-05T16:07:58.582+0000] {logging_mixin.py:188} INFO - [2026-07-05T16:07:58.582+0000] {dag.py:3096} INFO - Sync 1 DAGs
[2026-07-05T16:07:58.601+0000] {logging_mixin.py:188} INFO - [2026-07-05T16:07:58.601+0000] {dag.py:3954} INFO - Setting next_dagrun for example_sla_dag to 2026-07-05 16:04:00+00:00, run_after=2026-07-05 16:06:00+00:00
[2026-07-05T16:07:58.619+0000] {processor.py:183} INFO - Processing /home/airflow/.local/lib/python3.11/site-packages/airflow/example_dags/example_sla_dag.py took 0.073 seconds
[2026-07-05T16:08:29.145+0000] {processor.py:161} INFO - Started process (PID=192) to work on /home/airflow/.local/lib/python3.11/site-packages/airflow/example_dags/example_sla_dag.py
[2026-07-05T16:08:29.147+0000] {processor.py:830} INFO - Processing file /home/airflow/.local/lib/python3.11/site-packages/airflow/example_dags/example_sla_dag.py for tasks to queue
[2026-07-05T16:08:29.150+0000] {logging_mixin.py:188} INFO - [2026-07-05T16:08:29.149+0000] {dagbag.py:545} INFO - Filling up the DagBag from /home/airflow/.local/lib/python3.11/site-packages/airflow/example_dags/example_sla_dag.py
[2026-07-05T16:08:29.162+0000] {processor.py:840} INFO - DAG(s) 'example_sla_dag' retrieved from /home/airflow/.local/lib/python3.11/site-packages/airflow/example_dags/example_sla_dag.py
[2026-07-05T16:08:29.193+0000] {logging_mixin.py:188} INFO - [2026-07-05T16:08:29.193+0000] {dag.py:3096} INFO - Sync 1 DAGs
[2026-07-05T16:08:29.218+0000] {logging_mixin.py:188} INFO - [2026-07-05T16:08:29.218+0000] {dag.py:3954} INFO - Setting next_dagrun for example_sla_dag to 2026-07-05 16:06:00+00:00, run_after=2026-07-05 16:08:00+00:00
[2026-07-05T16:08:29.240+0000] {processor.py:183} INFO - Processing /home/airflow/.local/lib/python3.11/site-packages/airflow/example_dags/example_sla_dag.py took 0.105 seconds
[2026-07-05T16:08:59.367+0000] {processor.py:161} INFO - Started process (PID=250) to work on /home/airflow/.local/lib/python3.11/site-packages/airflow/example_dags/example_sla_dag.py
[2026-07-05T16:08:59.369+0000] {processor.py:830} INFO - Processing file /home/airflow/.local/lib/python3.11/site-packages/airflow/example_dags/example_sla_dag.py for tasks to queue
[2026-07-05T16:08:59.371+0000] {logging_mixin.py:188} INFO - [2026-07-05T16:08:59.370+0000] {dagbag.py:545} INFO - Filling up the DagBag from /home/airflow/.local/lib/python3.11/site-packages/airflow/example_dags/example_sla_dag.py
[2026-07-05T16:08:59.379+0000] {processor.py:840} INFO - DAG(s) 'example_sla_dag' retrieved from /home/airflow/.local/lib/python3.11/site-packages/airflow/example_dags/example_sla_dag.py
[2026-07-05T16:08:59.402+0000] {logging_mixin.py:188} INFO - [2026-07-05T16:08:59.402+0000] {dag.py:3096} INFO - Sync 1 DAGs
[2026-07-05T16:08:59.424+0000] {logging_mixin.py:188} INFO - [2026-07-05T16:08:59.424+0000] {dag.py:3954} INFO - Setting next_dagrun for example_sla_dag to 2026-07-05 16:06:00+00:00, run_after=2026-07-05 16:08:00+00:00
[2026-07-05T16:08:59.442+0000] {processor.py:183} INFO - Processing /home/airflow/.local/lib/python3.11/site-packages/airflow/example_dags/example_sla_dag.py took 0.081 seconds
[2026-07-05T16:09:29.515+0000] {processor.py:161} INFO - Started process (PID=308) to work on /home/airflow/.local/lib/python3.11/site-packages/airflow/example_dags/example_sla_dag.py
[2026-07-05T16:09:29.516+0000] {processor.py:830} INFO - Processing file /home/airflow/.local/lib/python3.11/site-packages/airflow/example_dags/example_sla_dag.py for tasks to queue
[2026-07-05T16:09:29.518+0000] {logging_mixin.py:188} INFO - [2026-07-05T16:09:29.517+0000] {dagbag.py:545} INFO - Filling up the DagBag from /home/airflow/.local/lib/python3.11/site-packages/airflow/example_dags/example_sla_dag.py
[2026-07-05T16:09:29.525+0000] {processor.py:840} INFO - DAG(s) 'example_sla_dag' retrieved from /home/airflow/.local/lib/python3.11/site-packages/airflow/example_dags/example_sla_dag.py
[2026-07-05T16:09:29.539+0000] {logging_mixin.py:188} INFO - [2026-07-05T16:09:29.538+0000] {dag.py:3096} INFO - Sync 1 DAGs
[2026-07-05T16:09:29.562+0000] {logging_mixin.py:188} INFO - [2026-07-05T16:09:29.562+0000] {dag.py:3954} INFO - Setting next_dagrun for example_sla_dag to 2026-07-05 16:06:00+00:00, run_after=2026-07-05 16:08:00+00:00
[2026-07-05T16:09:29.580+0000] {processor.py:183} INFO - Processing /home/airflow/.local/lib/python3.11/site-packages/airflow/example_dags/example_sla_dag.py took 0.072 seconds
[2026-07-05T16:10:11.427+0000] {processor.py:161} INFO - Started process (PID=65) to work on /home/airflow/.local/lib/python3.11/site-packages/airflow/example_dags/example_sla_dag.py
[2026-07-05T16:10:11.430+0000] {processor.py:830} INFO - Processing file /home/airflow/.local/lib/python3.11/site-packages/airflow/example_dags/example_sla_dag.py for tasks to queue
[2026-07-05T16:10:11.433+0000] {logging_mixin.py:188} INFO - [2026-07-05T16:10:11.432+0000] {dagbag.py:545} INFO - Filling up the DagBag from /home/airflow/.local/lib/python3.11/site-packages/airflow/example_dags/example_sla_dag.py
[2026-07-05T16:10:11.450+0000] {processor.py:840} INFO - DAG(s) 'example_sla_dag' retrieved from /home/airflow/.local/lib/python3.11/site-packages/airflow/example_dags/example_sla_dag.py
[2026-07-05T16:10:11.468+0000] {logging_mixin.py:188} INFO - [2026-07-05T16:10:11.468+0000] {dag.py:3096} INFO - Sync 1 DAGs
[2026-07-05T16:10:11.697+0000] {logging_mixin.py:188} INFO - [2026-07-05T16:10:11.696+0000] {dag.py:3954} INFO - Setting next_dagrun for example_sla_dag to 2026-07-05 16:08:00+00:00, run_after=2026-07-05 16:10:00+00:00
[2026-07-05T16:10:11.724+0000] {processor.py:183} INFO - Processing /home/airflow/.local/lib/python3.11/site-packages/airflow/example_dags/example_sla_dag.py took 0.306 seconds
[2026-07-05T16:10:41.935+0000] {processor.py:161} INFO - Started process (PID=123) to work on /home/airflow/.local/lib/python3.11/site-packages/airflow/example_dags/example_sla_dag.py
[2026-07-05T16:10:41.937+0000] {processor.py:830} INFO - Processing file /home/airflow/.local/lib/python3.11/site-packages/airflow/example_dags/example_sla_dag.py for tasks to queue
[2026-07-05T16:10:41.940+0000] {logging_mixin.py:188} INFO - [2026-07-05T16:10:41.940+0000] {dagbag.py:545} INFO - Filling up the DagBag from /home/airflow/.local/lib/python3.11/site-packages/airflow/example_dags/example_sla_dag.py
[2026-07-05T16:10:41.951+0000] {processor.py:840} INFO - DAG(s) 'example_sla_dag' retrieved from /home/airflow/.local/lib/python3.11/site-packages/airflow/example_dags/example_sla_dag.py
[2026-07-05T16:10:42.106+0000] {logging_mixin.py:188} INFO - [2026-07-05T16:10:42.106+0000] {dag.py:3096} INFO - Sync 1 DAGs
[2026-07-05T16:10:42.138+0000] {logging_mixin.py:188} INFO - [2026-07-05T16:10:42.138+0000] {dag.py:3954} INFO - Setting next_dagrun for example_sla_dag to 2026-07-05 16:08:00+00:00, run_after=2026-07-05 16:10:00+00:00
[2026-07-05T16:10:42.167+0000] {processor.py:183} INFO - Processing /home/airflow/.local/lib/python3.11/site-packages/airflow/example_dags/example_sla_dag.py took 0.200 seconds
[2026-07-05T16:11:12.352+0000] {processor.py:161} INFO - Started process (PID=188) to work on /home/airflow/.local/lib/python3.11/site-packages/airflow/example_dags/example_sla_dag.py
[2026-07-05T16:11:12.353+0000] {processor.py:830} INFO - Processing file /home/airflow/.local/lib/python3.11/site-packages/airflow/example_dags/example_sla_dag.py for tasks to queue
[2026-07-05T16:11:12.355+0000] {logging_mixin.py:188} INFO - [2026-07-05T16:11:12.355+0000] {dagbag.py:545} INFO - Filling up the DagBag from /home/airflow/.local/lib/python3.11/site-packages/airflow/example_dags/example_sla_dag.py
[2026-07-05T16:11:12.363+0000] {processor.py:840} INFO - DAG(s) 'example_sla_dag' retrieved from /home/airflow/.local/lib/python3.11/site-packages/airflow/example_dags/example_sla_dag.py
[2026-07-05T16:11:12.381+0000] {logging_mixin.py:188} INFO - [2026-07-05T16:11:12.381+0000] {dag.py:3096} INFO - Sync 1 DAGs
[2026-07-05T16:11:12.405+0000] {logging_mixin.py:188} INFO - [2026-07-05T16:11:12.405+0000] {dag.py:3954} INFO - Setting next_dagrun for example_sla_dag to 2026-07-05 16:08:00+00:00, run_after=2026-07-05 16:10:00+00:00
[2026-07-05T16:11:12.424+0000] {processor.py:183} INFO - Processing /home/airflow/.local/lib/python3.11/site-packages/airflow/example_dags/example_sla_dag.py took 0.078 seconds
[2026-07-05T16:11:42.699+0000] {processor.py:161} INFO - Started process (PID=246) to work on /home/airflow/.local/lib/python3.11/site-packages/airflow/example_dags/example_sla_dag.py
[2026-07-05T16:11:42.700+0000] {processor.py:830} INFO - Processing file /home/airflow/.local/lib/python3.11/site-packages/airflow/example_dags/example_sla_dag.py for tasks to queue
[2026-07-05T16:11:42.703+0000] {logging_mixin.py:188} INFO - [2026-07-05T16:11:42.702+0000] {dagbag.py:545} INFO - Filling up the DagBag from /home/airflow/.local/lib/python3.11/site-packages/airflow/example_dags/example_sla_dag.py
[2026-07-05T16:11:42.714+0000] {processor.py:840} INFO - DAG(s) 'example_sla_dag' retrieved from /home/airflow/.local/lib/python3.11/site-packages/airflow/example_dags/example_sla_dag.py
[2026-07-05T16:11:42.738+0000] {logging_mixin.py:188} INFO - [2026-07-05T16:11:42.738+0000] {dag.py:3096} INFO - Sync 1 DAGs
[2026-07-05T16:11:42.762+0000] {logging_mixin.py:188} INFO - [2026-07-05T16:11:42.761+0000] {dag.py:3954} INFO - Setting next_dagrun for example_sla_dag to 2026-07-05 16:08:00+00:00, run_after=2026-07-05 16:10:00+00:00
[2026-07-05T16:11:42.784+0000] {processor.py:183} INFO - Processing /home/airflow/.local/lib/python3.11/site-packages/airflow/example_dags/example_sla_dag.py took 0.090 seconds
[2026-07-05T16:12:13.733+0000] {processor.py:161} INFO - Started process (PID=304) to work on /home/airflow/.local/lib/python3.11/site-packages/airflow/example_dags/example_sla_dag.py
[2026-07-05T16:12:13.736+0000] {processor.py:830} INFO - Processing file /home/airflow/.local/lib/python3.11/site-packages/airflow/example_dags/example_sla_dag.py for tasks to queue
[2026-07-05T16:12:13.740+0000] {logging_mixin.py:188} INFO - [2026-07-05T16:12:13.739+0000] {dagbag.py:545} INFO - Filling up the DagBag from /home/airflow/.local/lib/python3.11/site-packages/airflow/example_dags/example_sla_dag.py
[2026-07-05T16:12:13.758+0000] {processor.py:840} INFO - DAG(s) 'example_sla_dag' retrieved from /home/airflow/.local/lib/python3.11/site-packages/airflow/example_dags/example_sla_dag.py
[2026-07-05T16:12:13.778+0000] {logging_mixin.py:188} INFO - [2026-07-05T16:12:13.778+0000] {dag.py:3096} INFO - Sync 1 DAGs
[2026-07-05T16:12:13.826+0000] {logging_mixin.py:188} INFO - [2026-07-05T16:12:13.826+0000] {dag.py:3954} INFO - Setting next_dagrun for example_sla_dag to 2026-07-05 16:10:00+00:00, run_after=2026-07-05 16:12:00+00:00
[2026-07-05T16:12:13.862+0000] {processor.py:183} INFO - Processing /home/airflow/.local/lib/python3.11/site-packages/airflow/example_dags/example_sla_dag.py took 0.141 seconds
[2026-07-05T16:12:44.242+0000] {processor.py:161} INFO - Started process (PID=363) to work on /home/airflow/.local/lib/python3.11/site-packages/airflow/example_dags/example_sla_dag.py
[2026-07-05T16:12:44.244+0000] {processor.py:830} INFO - Processing file /home/airflow/.local/lib/python3.11/site-packages/airflow/example_dags/example_sla_dag.py for tasks to queue
[2026-07-05T16:12:44.246+0000] {logging_mixin.py:188} INFO - [2026-07-05T16:12:44.246+0000] {dagbag.py:545} INFO - Filling up the DagBag from /home/airflow/.local/lib/python3.11/site-packages/airflow/example_dags/example_sla_dag.py
[2026-07-05T16:12:44.259+0000] {processor.py:840} INFO - DAG(s) 'example_sla_dag' retrieved from /home/airflow/.local/lib/python3.11/site-packages/airflow/example_dags/example_sla_dag.py
[2026-07-05T16:12:44.445+0000] {logging_mixin.py:188} INFO - [2026-07-05T16:12:44.445+0000] {dag.py:3096} INFO - Sync 1 DAGs
[2026-07-05T16:12:44.480+0000] {logging_mixin.py:188} INFO - [2026-07-05T16:12:44.479+0000] {dag.py:3954} INFO - Setting next_dagrun for example_sla_dag to 2026-07-05 16:10:00+00:00, run_after=2026-07-05 16:12:00+00:00
[2026-07-05T16:12:44.508+0000] {processor.py:183} INFO - Processing /home/airflow/.local/lib/python3.11/site-packages/airflow/example_dags/example_sla_dag.py took 0.274 seconds
[2026-07-05T16:13:15.400+0000] {processor.py:161} INFO - Started process (PID=421) to work on /home/airflow/.local/lib/python3.11/site-packages/airflow/example_dags/example_sla_dag.py
[2026-07-05T16:13:15.402+0000] {processor.py:830} INFO - Processing file /home/airflow/.local/lib/python3.11/site-packages/airflow/example_dags/example_sla_dag.py for tasks to queue
[2026-07-05T16:13:15.405+0000] {logging_mixin.py:188} INFO - [2026-07-05T16:13:15.404+0000] {dagbag.py:545} INFO - Filling up the DagBag from /home/airflow/.local/lib/python3.11/site-packages/airflow/example_dags/example_sla_dag.py
[2026-07-05T16:13:15.417+0000] {processor.py:840} INFO - DAG(s) 'example_sla_dag' retrieved from /home/airflow/.local/lib/python3.11/site-packages/airflow/example_dags/example_sla_dag.py
[2026-07-05T16:13:15.449+0000] {logging_mixin.py:188} INFO - [2026-07-05T16:13:15.449+0000] {dag.py:3096} INFO - Sync 1 DAGs
[2026-07-05T16:13:15.490+0000] {logging_mixin.py:188} INFO - [2026-07-05T16:13:15.489+0000] {dag.py:3954} INFO - Setting next_dagrun for example_sla_dag to 2026-07-05 16:10:00+00:00, run_after=2026-07-05 16:12:00+00:00
[2026-07-05T16:13:15.525+0000] {processor.py:183} INFO - Processing /home/airflow/.local/lib/python3.11/site-packages/airflow/example_dags/example_sla_dag.py took 0.133 seconds
[2026-07-05T16:13:45.939+0000] {processor.py:161} INFO - Started process (PID=479) to work on /home/airflow/.local/lib/python3.11/site-packages/airflow/example_dags/example_sla_dag.py
[2026-07-05T16:13:45.941+0000] {processor.py:830} INFO - Processing file /home/airflow/.local/lib/python3.11/site-packages/airflow/example_dags/example_sla_dag.py for tasks to queue
[2026-07-05T16:13:46.000+0000] {logging_mixin.py:188} INFO - [2026-07-05T16:13:45.943+0000] {dagbag.py:545} INFO - Filling up the DagBag from /home/airflow/.local/lib/python3.11/site-packages/airflow/example_dags/example_sla_dag.py
[2026-07-05T16:13:46.013+0000] {processor.py:840} INFO - DAG(s) 'example_sla_dag' retrieved from /home/airflow/.local/lib/python3.11/site-packages/airflow/example_dags/example_sla_dag.py
[2026-07-05T16:13:46.089+0000] {logging_mixin.py:188} INFO - [2026-07-05T16:13:46.088+0000] {dag.py:3096} INFO - Sync 1 DAGs
[2026-07-05T16:13:46.145+0000] {logging_mixin.py:188} INFO - [2026-07-05T16:13:46.144+0000] {dag.py:3954} INFO - Setting next_dagrun for example_sla_dag to 2026-07-05 16:10:00+00:00, run_after=2026-07-05 16:12:00+00:00
[2026-07-05T16:13:46.162+0000] {processor.py:183} INFO - Processing /home/airflow/.local/lib/python3.11/site-packages/airflow/example_dags/example_sla_dag.py took 0.231 seconds
[2026-07-05T16:14:16.195+0000] {processor.py:161} INFO - Started process (PID=536) to work on /home/airflow/.local/lib/python3.11/site-packages/airflow/example_dags/example_sla_dag.py
[2026-07-05T16:14:16.196+0000] {processor.py:830} INFO - Processing file /home/airflow/.local/lib/python3.11/site-packages/airflow/example_dags/example_sla_dag.py for tasks to queue
[2026-07-05T16:14:16.199+0000] {logging_mixin.py:188} INFO - [2026-07-05T16:14:16.198+0000] {dagbag.py:545} INFO - Filling up the DagBag from /home/airflow/.local/lib/python3.11/site-packages/airflow/example_dags/example_sla_dag.py
[2026-07-05T16:14:16.206+0000] {processor.py:840} INFO - DAG(s) 'example_sla_dag' retrieved from /home/airflow/.local/lib/python3.11/site-packages/airflow/example_dags/example_sla_dag.py
[2026-07-05T16:14:16.228+0000] {logging_mixin.py:188} INFO - [2026-07-05T16:14:16.227+0000] {dag.py:3096} INFO - Sync 1 DAGs
[2026-07-05T16:14:16.249+0000] {logging_mixin.py:188} INFO - [2026-07-05T16:14:16.249+0000] {dag.py:3954} INFO - Setting next_dagrun for example_sla_dag to 2026-07-05 16:12:00+00:00, run_after=2026-07-05 16:14:00+00:00
[2026-07-05T16:14:16.267+0000] {processor.py:183} INFO - Processing /home/airflow/.local/lib/python3.11/site-packages/airflow/example_dags/example_sla_dag.py took 0.077 seconds
[2026-07-05T16:14:46.421+0000] {processor.py:161} INFO - Started process (PID=594) to work on /home/airflow/.local/lib/python3.11/site-packages/airflow/example_dags/example_sla_dag.py
[2026-07-05T16:14:46.422+0000] {processor.py:830} INFO - Processing file /home/airflow/.local/lib/python3.11/site-packages/airflow/example_dags/example_sla_dag.py for tasks to queue
[2026-07-05T16:14:46.425+0000] {logging_mixin.py:188} INFO - [2026-07-05T16:14:46.424+0000] {dagbag.py:545} INFO - Filling up the DagBag from /home/airflow/.local/lib/python3.11/site-packages/airflow/example_dags/example_sla_dag.py
[2026-07-05T16:14:46.434+0000] {processor.py:840} INFO - DAG(s) 'example_sla_dag' retrieved from /home/airflow/.local/lib/python3.11/site-packages/airflow/example_dags/example_sla_dag.py
[2026-07-05T16:14:46.453+0000] {logging_mixin.py:188} INFO - [2026-07-05T16:14:46.453+0000] {dag.py:3096} INFO - Sync 1 DAGs
[2026-07-05T16:14:46.473+0000] {logging_mixin.py:188} INFO - [2026-07-05T16:14:46.473+0000] {dag.py:3954} INFO - Setting next_dagrun for example_sla_dag to 2026-07-05 16:12:00+00:00, run_after=2026-07-05 16:14:00+00:00
[2026-07-05T16:14:46.493+0000] {processor.py:183} INFO - Processing /home/airflow/.local/lib/python3.11/site-packages/airflow/example_dags/example_sla_dag.py took 0.079 seconds
[2026-07-05T16:15:16.593+0000] {processor.py:161} INFO - Started process (PID=652) to work on /home/airflow/.local/lib/python3.11/site-packages/airflow/example_dags/example_sla_dag.py
[2026-07-05T16:15:16.595+0000] {processor.py:830} INFO - Processing file /home/airflow/.local/lib/python3.11/site-packages/airflow/example_dags/example_sla_dag.py for tasks to queue
[2026-07-05T16:15:16.597+0000] {logging_mixin.py:188} INFO - [2026-07-05T16:15:16.596+0000] {dagbag.py:545} INFO - Filling up the DagBag from /home/airflow/.local/lib/python3.11/site-packages/airflow/example_dags/example_sla_dag.py
[2026-07-05T16:15:16.605+0000] {processor.py:840} INFO - DAG(s) 'example_sla_dag' retrieved from /home/airflow/.local/lib/python3.11/site-packages/airflow/example_dags/example_sla_dag.py
[2026-07-05T16:15:16.624+0000] {logging_mixin.py:188} INFO - [2026-07-05T16:15:16.624+0000] {dag.py:3096} INFO - Sync 1 DAGs
[2026-07-05T16:15:16.645+0000] {logging_mixin.py:188} INFO - [2026-07-05T16:15:16.645+0000] {dag.py:3954} INFO - Setting next_dagrun for example_sla_dag to 2026-07-05 16:12:00+00:00, run_after=2026-07-05 16:14:00+00:00
[2026-07-05T16:15:16.666+0000] {processor.py:183} INFO - Processing /home/airflow/.local/lib/python3.11/site-packages/airflow/example_dags/example_sla_dag.py took 0.078 seconds
[2026-07-05T16:15:46.859+0000] {processor.py:161} INFO - Started process (PID=711) to work on /home/airflow/.local/lib/python3.11/site-packages/airflow/example_dags/example_sla_dag.py
[2026-07-05T16:15:46.860+0000] {processor.py:830} INFO - Processing file /home/airflow/.local/lib/python3.11/site-packages/airflow/example_dags/example_sla_dag.py for tasks to queue
[2026-07-05T16:15:46.862+0000] {logging_mixin.py:188} INFO - [2026-07-05T16:15:46.862+0000] {dagbag.py:545} INFO - Filling up the DagBag from /home/airflow/.local/lib/python3.11/site-packages/airflow/example_dags/example_sla_dag.py
[2026-07-05T16:15:46.872+0000] {processor.py:840} INFO - DAG(s) 'example_sla_dag' retrieved from /home/airflow/.local/lib/python3.11/site-packages/airflow/example_dags/example_sla_dag.py
[2026-07-05T16:15:46.892+0000] {logging_mixin.py:188} INFO - [2026-07-05T16:15:46.891+0000] {dag.py:3096} INFO - Sync 1 DAGs
[2026-07-05T16:15:46.913+0000] {logging_mixin.py:188} INFO - [2026-07-05T16:15:46.913+0000] {dag.py:3954} INFO - Setting next_dagrun for example_sla_dag to 2026-07-05 16:12:00+00:00, run_after=2026-07-05 16:14:00+00:00
[2026-07-05T16:15:46.931+0000] {processor.py:183} INFO - Processing /home/airflow/.local/lib/python3.11/site-packages/airflow/example_dags/example_sla_dag.py took 0.077 seconds
[2026-07-05T16:16:16.972+0000] {processor.py:161} INFO - Started process (PID=768) to work on /home/airflow/.local/lib/python3.11/site-packages/airflow/example_dags/example_sla_dag.py
[2026-07-05T16:16:16.973+0000] {processor.py:830} INFO - Processing file /home/airflow/.local/lib/python3.11/site-packages/airflow/example_dags/example_sla_dag.py for tasks to queue
[2026-07-05T16:16:16.974+0000] {logging_mixin.py:188} INFO - [2026-07-05T16:16:16.974+0000] {dagbag.py:545} INFO - Filling up the DagBag from /home/airflow/.local/lib/python3.11/site-packages/airflow/example_dags/example_sla_dag.py
[2026-07-05T16:16:16.982+0000] {processor.py:840} INFO - DAG(s) 'example_sla_dag' retrieved from /home/airflow/.local/lib/python3.11/site-packages/airflow/example_dags/example_sla_dag.py
[2026-07-05T16:16:17.000+0000] {logging_mixin.py:188} INFO - [2026-07-05T16:16:17.000+0000] {dag.py:3096} INFO - Sync 1 DAGs
[2026-07-05T16:16:17.018+0000] {logging_mixin.py:188} INFO - [2026-07-05T16:16:17.018+0000] {dag.py:3954} INFO - Setting next_dagrun for example_sla_dag to 2026-07-05 16:14:00+00:00, run_after=2026-07-05 16:16:00+00:00
[2026-07-05T16:16:17.036+0000] {processor.py:183} INFO - Processing /home/airflow/.local/lib/python3.11/site-packages/airflow/example_dags/example_sla_dag.py took 0.070 seconds
[2026-07-05T16:16:47.403+0000] {processor.py:161} INFO - Started process (PID=827) to work on /home/airflow/.local/lib/python3.11/site-packages/airflow/example_dags/example_sla_dag.py
[2026-07-05T16:16:47.405+0000] {processor.py:830} INFO - Processing file /home/airflow/.local/lib/python3.11/site-packages/airflow/example_dags/example_sla_dag.py for tasks to queue
[2026-07-05T16:16:47.407+0000] {logging_mixin.py:188} INFO - [2026-07-05T16:16:47.407+0000] {dagbag.py:545} INFO - Filling up the DagBag from /home/airflow/.local/lib/python3.11/site-packages/airflow/example_dags/example_sla_dag.py
[2026-07-05T16:16:47.416+0000] {processor.py:840} INFO - DAG(s) 'example_sla_dag' retrieved from /home/airflow/.local/lib/python3.11/site-packages/airflow/example_dags/example_sla_dag.py
[2026-07-05T16:16:47.437+0000] {logging_mixin.py:188} INFO - [2026-07-05T16:16:47.436+0000] {dag.py:3096} INFO - Sync 1 DAGs
[2026-07-05T16:16:47.458+0000] {logging_mixin.py:188} INFO - [2026-07-05T16:16:47.458+0000] {dag.py:3954} INFO - Setting next_dagrun for example_sla_dag to 2026-07-05 16:14:00+00:00, run_after=2026-07-05 16:16:00+00:00
[2026-07-05T16:16:47.476+0000] {processor.py:183} INFO - Processing /home/airflow/.local/lib/python3.11/site-packages/airflow/example_dags/example_sla_dag.py took 0.079 seconds
[2026-07-05T16:17:17.597+0000] {processor.py:161} INFO - Started process (PID=885) to work on /home/airflow/.local/lib/python3.11/site-packages/airflow/example_dags/example_sla_dag.py
[2026-07-05T16:17:17.598+0000] {processor.py:830} INFO - Processing file /home/airflow/.local/lib/python3.11/site-packages/airflow/example_dags/example_sla_dag.py for tasks to queue
[2026-07-05T16:17:17.601+0000] {logging_mixin.py:188} INFO - [2026-07-05T16:17:17.600+0000] {dagbag.py:545} INFO - Filling up the DagBag from /home/airflow/.local/lib/python3.11/site-packages/airflow/example_dags/example_sla_dag.py
[2026-07-05T16:17:17.611+0000] {processor.py:840} INFO - DAG(s) 'example_sla_dag' retrieved from /home/airflow/.local/lib/python3.11/site-packages/airflow/example_dags/example_sla_dag.py
[2026-07-05T16:17:17.636+0000] {logging_mixin.py:188} INFO - [2026-07-05T16:17:17.636+0000] {dag.py:3096} INFO - Sync 1 DAGs
[2026-07-05T16:17:17.665+0000] {logging_mixin.py:188} INFO - [2026-07-05T16:17:17.664+0000] {dag.py:3954} INFO - Setting next_dagrun for example_sla_dag to 2026-07-05 16:14:00+00:00, run_after=2026-07-05 16:16:00+00:00
[2026-07-05T16:17:17.687+0000] {processor.py:183} INFO - Processing /home/airflow/.local/lib/python3.11/site-packages/airflow/example_dags/example_sla_dag.py took 0.097 seconds
[2026-07-05T16:17:47.940+0000] {processor.py:161} INFO - Started process (PID=943) to work on /home/airflow/.local/lib/python3.11/site-packages/airflow/example_dags/example_sla_dag.py
[2026-07-05T16:17:47.941+0000] {processor.py:830} INFO - Processing file /home/airflow/.local/lib/python3.11/site-packages/airflow/example_dags/example_sla_dag.py for tasks to queue
[2026-07-05T16:17:47.943+0000] {logging_mixin.py:188} INFO - [2026-07-05T16:17:47.943+0000] {dagbag.py:545} INFO - Filling up the DagBag from /home/airflow/.local/lib/python3.11/site-packages/airflow/example_dags/example_sla_dag.py
[2026-07-05T16:17:47.951+0000] {processor.py:840} INFO - DAG(s) 'example_sla_dag' retrieved from /home/airflow/.local/lib/python3.11/site-packages/airflow/example_dags/example_sla_dag.py
[2026-07-05T16:17:47.970+0000] {logging_mixin.py:188} INFO - [2026-07-05T16:17:47.970+0000] {dag.py:3096} INFO - Sync 1 DAGs
[2026-07-05T16:17:47.990+0000] {logging_mixin.py:188} INFO - [2026-07-05T16:17:47.990+0000] {dag.py:3954} INFO - Setting next_dagrun for example_sla_dag to 2026-07-05 16:14:00+00:00, run_after=2026-07-05 16:16:00+00:00
[2026-07-05T16:17:48.009+0000] {processor.py:183} INFO - Processing /home/airflow/.local/lib/python3.11/site-packages/airflow/example_dags/example_sla_dag.py took 0.074 seconds
[2026-07-05T16:18:18.743+0000] {processor.py:161} INFO - Started process (PID=1001) to work on /home/airflow/.local/lib/python3.11/site-packages/airflow/example_dags/example_sla_dag.py
[2026-07-05T16:18:18.744+0000] {processor.py:830} INFO - Processing file /home/airflow/.local/lib/python3.11/site-packages/airflow/example_dags/example_sla_dag.py for tasks to queue
[2026-07-05T16:18:18.746+0000] {logging_mixin.py:188} INFO - [2026-07-05T16:18:18.746+0000] {dagbag.py:545} INFO - Filling up the DagBag from /home/airflow/.local/lib/python3.11/site-packages/airflow/example_dags/example_sla_dag.py
[2026-07-05T16:18:18.755+0000] {processor.py:840} INFO - DAG(s) 'example_sla_dag' retrieved from /home/airflow/.local/lib/python3.11/site-packages/airflow/example_dags/example_sla_dag.py
[2026-07-05T16:18:18.777+0000] {logging_mixin.py:188} INFO - [2026-07-05T16:18:18.776+0000] {dag.py:3096} INFO - Sync 1 DAGs
[2026-07-05T16:18:18.803+0000] {logging_mixin.py:188} INFO - [2026-07-05T16:18:18.803+0000] {dag.py:3954} INFO - Setting next_dagrun for example_sla_dag to 2026-07-05 16:16:00+00:00, run_after=2026-07-05 16:18:00+00:00
[2026-07-05T16:18:18.825+0000] {processor.py:183} INFO - Processing /home/airflow/.local/lib/python3.11/site-packages/airflow/example_dags/example_sla_dag.py took 0.089 seconds
[2026-07-05T16:18:49.025+0000] {processor.py:161} INFO - Started process (PID=1059) to work on /home/airflow/.local/lib/python3.11/site-packages/airflow/example_dags/example_sla_dag.py
[2026-07-05T16:18:49.026+0000] {processor.py:830} INFO - Processing file /home/airflow/.local/lib/python3.11/site-packages/airflow/example_dags/example_sla_dag.py for tasks to queue
[2026-07-05T16:18:49.028+0000] {logging_mixin.py:188} INFO - [2026-07-05T16:18:49.028+0000] {dagbag.py:545} INFO - Filling up the DagBag from /home/airflow/.local/lib/python3.11/site-packages/airflow/example_dags/example_sla_dag.py
[2026-07-05T16:18:49.036+0000] {processor.py:840} INFO - DAG(s) 'example_sla_dag' retrieved from /home/airflow/.local/lib/python3.11/site-packages/airflow/example_dags/example_sla_dag.py
[2026-07-05T16:18:49.055+0000] {logging_mixin.py:188} INFO - [2026-07-05T16:18:49.055+0000] {dag.py:3096} INFO - Sync 1 DAGs
[2026-07-05T16:18:49.077+0000] {logging_mixin.py:188} INFO - [2026-07-05T16:18:49.076+0000] {dag.py:3954} INFO - Setting next_dagrun for example_sla_dag to 2026-07-05 16:16:00+00:00, run_after=2026-07-05 16:18:00+00:00
[2026-07-05T16:18:49.095+0000] {processor.py:183} INFO - Processing /home/airflow/.local/lib/python3.11/site-packages/airflow/example_dags/example_sla_dag.py took 0.075 seconds
