[2026-07-05T16:07:33.436+0000] {processor.py:161} INFO - Started process (PID=86) to work on /home/airflow/.local/lib/python3.11/site-packages/airflow/example_dags/tutorial.py
[2026-07-05T16:07:33.438+0000] {processor.py:830} INFO - Processing file /home/airflow/.local/lib/python3.11/site-packages/airflow/example_dags/tutorial.py for tasks to queue
[2026-07-05T16:07:33.448+0000] {logging_mixin.py:188} INFO - [2026-07-05T16:07:33.448+0000] {dagbag.py:545} INFO - Filling up the DagBag from /home/airflow/.local/lib/python3.11/site-packages/airflow/example_dags/tutorial.py
[2026-07-05T16:07:33.490+0000] {processor.py:840} INFO - DAG(s) 'tutorial' retrieved from /home/airflow/.local/lib/python3.11/site-packages/airflow/example_dags/tutorial.py
[2026-07-05T16:07:33.993+0000] {logging_mixin.py:188} INFO - [2026-07-05T16:07:33.990+0000] {override.py:1829} INFO - Created Permission View: can delete on DAG:tutorial
[2026-07-05T16:07:34.028+0000] {logging_mixin.py:188} INFO - [2026-07-05T16:07:34.028+0000] {override.py:1829} INFO - Created Permission View: can read on DAG:tutorial
[2026-07-05T16:07:34.050+0000] {logging_mixin.py:188} INFO - [2026-07-05T16:07:34.050+0000] {override.py:1829} INFO - Created Permission View: can edit on DAG:tutorial
[2026-07-05T16:07:34.053+0000] {logging_mixin.py:188} INFO - [2026-07-05T16:07:34.053+0000] {dag.py:3096} INFO - Sync 1 DAGs
[2026-07-05T16:07:34.128+0000] {logging_mixin.py:188} INFO - [2026-07-05T16:07:34.127+0000] {dag.py:3118} INFO - Creating ORM DAG for tutorial
[2026-07-05T16:07:34.185+0000] {logging_mixin.py:188} INFO - [2026-07-05T16:07:34.179+0000] {dag.py:3954} INFO - Setting next_dagrun for tutorial to 2026-07-04 00:00:00+00:00, run_after=2026-07-05 00:00:00+00:00
[2026-07-05T16:07:34.250+0000] {processor.py:183} INFO - Processing /home/airflow/.local/lib/python3.11/site-packages/airflow/example_dags/tutorial.py took 0.835 seconds
[2026-07-05T16:08:05.011+0000] {processor.py:161} INFO - Started process (PID=144) to work on /home/airflow/.local/lib/python3.11/site-packages/airflow/example_dags/tutorial.py
[2026-07-05T16:08:05.012+0000] {processor.py:830} INFO - Processing file /home/airflow/.local/lib/python3.11/site-packages/airflow/example_dags/tutorial.py for tasks to queue
[2026-07-05T16:08:05.016+0000] {logging_mixin.py:188} INFO - [2026-07-05T16:08:05.015+0000] {dagbag.py:545} INFO - Filling up the DagBag from /home/airflow/.local/lib/python3.11/site-packages/airflow/example_dags/tutorial.py
[2026-07-05T16:08:05.023+0000] {processor.py:840} INFO - DAG(s) 'tutorial' retrieved from /home/airflow/.local/lib/python3.11/site-packages/airflow/example_dags/tutorial.py
[2026-07-05T16:08:05.049+0000] {logging_mixin.py:188} INFO - [2026-07-05T16:08:05.048+0000] {dag.py:3096} INFO - Sync 1 DAGs
[2026-07-05T16:08:05.083+0000] {logging_mixin.py:188} INFO - [2026-07-05T16:08:05.083+0000] {dag.py:3954} INFO - Setting next_dagrun for tutorial to 2026-07-04 00:00:00+00:00, run_after=2026-07-05 00:00:00+00:00
[2026-07-05T16:08:05.141+0000] {processor.py:183} INFO - Processing /home/airflow/.local/lib/python3.11/site-packages/airflow/example_dags/tutorial.py took 0.138 seconds
[2026-07-05T16:08:35.486+0000] {processor.py:161} INFO - Started process (PID=202) to work on /home/airflow/.local/lib/python3.11/site-packages/airflow/example_dags/tutorial.py
[2026-07-05T16:08:35.488+0000] {processor.py:830} INFO - Processing file /home/airflow/.local/lib/python3.11/site-packages/airflow/example_dags/tutorial.py for tasks to queue
[2026-07-05T16:08:35.491+0000] {logging_mixin.py:188} INFO - [2026-07-05T16:08:35.490+0000] {dagbag.py:545} INFO - Filling up the DagBag from /home/airflow/.local/lib/python3.11/site-packages/airflow/example_dags/tutorial.py
[2026-07-05T16:08:35.498+0000] {processor.py:840} INFO - DAG(s) 'tutorial' retrieved from /home/airflow/.local/lib/python3.11/site-packages/airflow/example_dags/tutorial.py
[2026-07-05T16:08:35.524+0000] {logging_mixin.py:188} INFO - [2026-07-05T16:08:35.524+0000] {dag.py:3096} INFO - Sync 1 DAGs
[2026-07-05T16:08:35.547+0000] {logging_mixin.py:188} INFO - [2026-07-05T16:08:35.547+0000] {dag.py:3954} INFO - Setting next_dagrun for tutorial to 2026-07-04 00:00:00+00:00, run_after=2026-07-05 00:00:00+00:00
[2026-07-05T16:08:35.565+0000] {processor.py:183} INFO - Processing /home/airflow/.local/lib/python3.11/site-packages/airflow/example_dags/tutorial.py took 0.086 seconds
[2026-07-05T16:09:05.864+0000] {processor.py:161} INFO - Started process (PID=260) to work on /home/airflow/.local/lib/python3.11/site-packages/airflow/example_dags/tutorial.py
[2026-07-05T16:09:05.865+0000] {processor.py:830} INFO - Processing file /home/airflow/.local/lib/python3.11/site-packages/airflow/example_dags/tutorial.py for tasks to queue
[2026-07-05T16:09:05.869+0000] {logging_mixin.py:188} INFO - [2026-07-05T16:09:05.868+0000] {dagbag.py:545} INFO - Filling up the DagBag from /home/airflow/.local/lib/python3.11/site-packages/airflow/example_dags/tutorial.py
[2026-07-05T16:09:05.878+0000] {processor.py:840} INFO - DAG(s) 'tutorial' retrieved from /home/airflow/.local/lib/python3.11/site-packages/airflow/example_dags/tutorial.py
[2026-07-05T16:09:05.905+0000] {logging_mixin.py:188} INFO - [2026-07-05T16:09:05.905+0000] {dag.py:3096} INFO - Sync 1 DAGs
[2026-07-05T16:09:05.946+0000] {logging_mixin.py:188} INFO - [2026-07-05T16:09:05.946+0000] {dag.py:3954} INFO - Setting next_dagrun for tutorial to 2026-07-04 00:00:00+00:00, run_after=2026-07-05 00:00:00+00:00
[2026-07-05T16:09:05.981+0000] {processor.py:183} INFO - Processing /home/airflow/.local/lib/python3.11/site-packages/airflow/example_dags/tutorial.py took 0.125 seconds
[2026-07-05T16:09:36.074+0000] {processor.py:161} INFO - Started process (PID=318) to work on /home/airflow/.local/lib/python3.11/site-packages/airflow/example_dags/tutorial.py
[2026-07-05T16:09:36.075+0000] {processor.py:830} INFO - Processing file /home/airflow/.local/lib/python3.11/site-packages/airflow/example_dags/tutorial.py for tasks to queue
[2026-07-05T16:09:36.077+0000] {logging_mixin.py:188} INFO - [2026-07-05T16:09:36.077+0000] {dagbag.py:545} INFO - Filling up the DagBag from /home/airflow/.local/lib/python3.11/site-packages/airflow/example_dags/tutorial.py
[2026-07-05T16:09:36.083+0000] {processor.py:840} INFO - DAG(s) 'tutorial' retrieved from /home/airflow/.local/lib/python3.11/site-packages/airflow/example_dags/tutorial.py
[2026-07-05T16:09:36.096+0000] {logging_mixin.py:188} INFO - [2026-07-05T16:09:36.096+0000] {dag.py:3096} INFO - Sync 1 DAGs
[2026-07-05T16:09:36.116+0000] {logging_mixin.py:188} INFO - [2026-07-05T16:09:36.116+0000] {dag.py:3954} INFO - Setting next_dagrun for tutorial to 2026-07-04 00:00:00+00:00, run_after=2026-07-05 00:00:00+00:00
[2026-07-05T16:09:36.140+0000] {processor.py:183} INFO - Processing /home/airflow/.local/lib/python3.11/site-packages/airflow/example_dags/tutorial.py took 0.072 seconds
[2026-07-05T16:10:13.900+0000] {processor.py:161} INFO - Started process (PID=81) to work on /home/airflow/.local/lib/python3.11/site-packages/airflow/example_dags/tutorial.py
[2026-07-05T16:10:13.902+0000] {processor.py:830} INFO - Processing file /home/airflow/.local/lib/python3.11/site-packages/airflow/example_dags/tutorial.py for tasks to queue
[2026-07-05T16:10:13.906+0000] {logging_mixin.py:188} INFO - [2026-07-05T16:10:13.905+0000] {dagbag.py:545} INFO - Filling up the DagBag from /home/airflow/.local/lib/python3.11/site-packages/airflow/example_dags/tutorial.py
[2026-07-05T16:10:14.207+0000] {processor.py:840} INFO - DAG(s) 'tutorial' retrieved from /home/airflow/.local/lib/python3.11/site-packages/airflow/example_dags/tutorial.py
[2026-07-05T16:10:14.222+0000] {logging_mixin.py:188} INFO - [2026-07-05T16:10:14.222+0000] {dag.py:3096} INFO - Sync 1 DAGs
[2026-07-05T16:10:14.254+0000] {logging_mixin.py:188} INFO - [2026-07-05T16:10:14.254+0000] {dag.py:3954} INFO - Setting next_dagrun for tutorial to 2026-07-04 00:00:00+00:00, run_after=2026-07-05 00:00:00+00:00
[2026-07-05T16:10:14.280+0000] {processor.py:183} INFO - Processing /home/airflow/.local/lib/python3.11/site-packages/airflow/example_dags/tutorial.py took 0.397 seconds
[2026-07-05T16:10:44.629+0000] {processor.py:161} INFO - Started process (PID=140) to work on /home/airflow/.local/lib/python3.11/site-packages/airflow/example_dags/tutorial.py
[2026-07-05T16:10:44.631+0000] {processor.py:830} INFO - Processing file /home/airflow/.local/lib/python3.11/site-packages/airflow/example_dags/tutorial.py for tasks to queue
[2026-07-05T16:10:44.633+0000] {logging_mixin.py:188} INFO - [2026-07-05T16:10:44.633+0000] {dagbag.py:545} INFO - Filling up the DagBag from /home/airflow/.local/lib/python3.11/site-packages/airflow/example_dags/tutorial.py
[2026-07-05T16:10:44.640+0000] {processor.py:840} INFO - DAG(s) 'tutorial' retrieved from /home/airflow/.local/lib/python3.11/site-packages/airflow/example_dags/tutorial.py
[2026-07-05T16:10:44.747+0000] {logging_mixin.py:188} INFO - [2026-07-05T16:10:44.747+0000] {dag.py:3096} INFO - Sync 1 DAGs
[2026-07-05T16:10:44.770+0000] {logging_mixin.py:188} INFO - [2026-07-05T16:10:44.769+0000] {dag.py:3954} INFO - Setting next_dagrun for tutorial to 2026-07-04 00:00:00+00:00, run_after=2026-07-05 00:00:00+00:00
[2026-07-05T16:10:44.801+0000] {processor.py:183} INFO - Processing /home/airflow/.local/lib/python3.11/site-packages/airflow/example_dags/tutorial.py took 0.180 seconds
[2026-07-05T16:11:14.937+0000] {processor.py:161} INFO - Started process (PID=198) to work on /home/airflow/.local/lib/python3.11/site-packages/airflow/example_dags/tutorial.py
[2026-07-05T16:11:14.938+0000] {processor.py:830} INFO - Processing file /home/airflow/.local/lib/python3.11/site-packages/airflow/example_dags/tutorial.py for tasks to queue
[2026-07-05T16:11:14.940+0000] {logging_mixin.py:188} INFO - [2026-07-05T16:11:14.940+0000] {dagbag.py:545} INFO - Filling up the DagBag from /home/airflow/.local/lib/python3.11/site-packages/airflow/example_dags/tutorial.py
[2026-07-05T16:11:14.946+0000] {processor.py:840} INFO - DAG(s) 'tutorial' retrieved from /home/airflow/.local/lib/python3.11/site-packages/airflow/example_dags/tutorial.py
[2026-07-05T16:11:14.966+0000] {logging_mixin.py:188} INFO - [2026-07-05T16:11:14.965+0000] {dag.py:3096} INFO - Sync 1 DAGs
[2026-07-05T16:11:14.984+0000] {logging_mixin.py:188} INFO - [2026-07-05T16:11:14.984+0000] {dag.py:3954} INFO - Setting next_dagrun for tutorial to 2026-07-04 00:00:00+00:00, run_after=2026-07-05 00:00:00+00:00
[2026-07-05T16:11:15.006+0000] {processor.py:183} INFO - Processing /home/airflow/.local/lib/python3.11/site-packages/airflow/example_dags/tutorial.py took 0.074 seconds
[2026-07-05T16:11:45.668+0000] {processor.py:161} INFO - Started process (PID=256) to work on /home/airflow/.local/lib/python3.11/site-packages/airflow/example_dags/tutorial.py
[2026-07-05T16:11:45.670+0000] {processor.py:830} INFO - Processing file /home/airflow/.local/lib/python3.11/site-packages/airflow/example_dags/tutorial.py for tasks to queue
[2026-07-05T16:11:45.673+0000] {logging_mixin.py:188} INFO - [2026-07-05T16:11:45.672+0000] {dagbag.py:545} INFO - Filling up the DagBag from /home/airflow/.local/lib/python3.11/site-packages/airflow/example_dags/tutorial.py
[2026-07-05T16:11:45.681+0000] {processor.py:840} INFO - DAG(s) 'tutorial' retrieved from /home/airflow/.local/lib/python3.11/site-packages/airflow/example_dags/tutorial.py
[2026-07-05T16:11:45.729+0000] {logging_mixin.py:188} INFO - [2026-07-05T16:11:45.729+0000] {dag.py:3096} INFO - Sync 1 DAGs
[2026-07-05T16:11:45.761+0000] {logging_mixin.py:188} INFO - [2026-07-05T16:11:45.761+0000] {dag.py:3954} INFO - Setting next_dagrun for tutorial to 2026-07-04 00:00:00+00:00, run_after=2026-07-05 00:00:00+00:00
[2026-07-05T16:11:45.791+0000] {processor.py:183} INFO - Processing /home/airflow/.local/lib/python3.11/site-packages/airflow/example_dags/tutorial.py took 0.131 seconds
[2026-07-05T16:12:16.512+0000] {processor.py:161} INFO - Started process (PID=314) to work on /home/airflow/.local/lib/python3.11/site-packages/airflow/example_dags/tutorial.py
[2026-07-05T16:12:16.514+0000] {processor.py:830} INFO - Processing file /home/airflow/.local/lib/python3.11/site-packages/airflow/example_dags/tutorial.py for tasks to queue
[2026-07-05T16:12:16.519+0000] {logging_mixin.py:188} INFO - [2026-07-05T16:12:16.518+0000] {dagbag.py:545} INFO - Filling up the DagBag from /home/airflow/.local/lib/python3.11/site-packages/airflow/example_dags/tutorial.py
[2026-07-05T16:12:16.531+0000] {processor.py:840} INFO - DAG(s) 'tutorial' retrieved from /home/airflow/.local/lib/python3.11/site-packages/airflow/example_dags/tutorial.py
[2026-07-05T16:12:16.713+0000] {logging_mixin.py:188} INFO - [2026-07-05T16:12:16.713+0000] {dag.py:3096} INFO - Sync 1 DAGs
[2026-07-05T16:12:16.741+0000] {logging_mixin.py:188} INFO - [2026-07-05T16:12:16.741+0000] {dag.py:3954} INFO - Setting next_dagrun for tutorial to 2026-07-04 00:00:00+00:00, run_after=2026-07-05 00:00:00+00:00
[2026-07-05T16:12:16.771+0000] {processor.py:183} INFO - Processing /home/airflow/.local/lib/python3.11/site-packages/airflow/example_dags/tutorial.py took 0.272 seconds
[2026-07-05T16:12:47.542+0000] {processor.py:161} INFO - Started process (PID=373) to work on /home/airflow/.local/lib/python3.11/site-packages/airflow/example_dags/tutorial.py
[2026-07-05T16:12:47.544+0000] {processor.py:830} INFO - Processing file /home/airflow/.local/lib/python3.11/site-packages/airflow/example_dags/tutorial.py for tasks to queue
[2026-07-05T16:12:47.546+0000] {logging_mixin.py:188} INFO - [2026-07-05T16:12:47.545+0000] {dagbag.py:545} INFO - Filling up the DagBag from /home/airflow/.local/lib/python3.11/site-packages/airflow/example_dags/tutorial.py
[2026-07-05T16:12:47.552+0000] {processor.py:840} INFO - DAG(s) 'tutorial' retrieved from /home/airflow/.local/lib/python3.11/site-packages/airflow/example_dags/tutorial.py
[2026-07-05T16:12:47.573+0000] {logging_mixin.py:188} INFO - [2026-07-05T16:12:47.572+0000] {dag.py:3096} INFO - Sync 1 DAGs
[2026-07-05T16:12:47.592+0000] {logging_mixin.py:188} INFO - [2026-07-05T16:12:47.592+0000] {dag.py:3954} INFO - Setting next_dagrun for tutorial to 2026-07-04 00:00:00+00:00, run_after=2026-07-05 00:00:00+00:00
[2026-07-05T16:12:47.611+0000] {processor.py:183} INFO - Processing /home/airflow/.local/lib/python3.11/site-packages/airflow/example_dags/tutorial.py took 0.075 seconds
[2026-07-05T16:13:18.136+0000] {processor.py:161} INFO - Started process (PID=431) to work on /home/airflow/.local/lib/python3.11/site-packages/airflow/example_dags/tutorial.py
[2026-07-05T16:13:18.137+0000] {processor.py:830} INFO - Processing file /home/airflow/.local/lib/python3.11/site-packages/airflow/example_dags/tutorial.py for tasks to queue
[2026-07-05T16:13:18.139+0000] {logging_mixin.py:188} INFO - [2026-07-05T16:13:18.139+0000] {dagbag.py:545} INFO - Filling up the DagBag from /home/airflow/.local/lib/python3.11/site-packages/airflow/example_dags/tutorial.py
[2026-07-05T16:13:18.155+0000] {processor.py:840} INFO - DAG(s) 'tutorial' retrieved from /home/airflow/.local/lib/python3.11/site-packages/airflow/example_dags/tutorial.py
[2026-07-05T16:13:18.191+0000] {logging_mixin.py:188} INFO - [2026-07-05T16:13:18.191+0000] {dag.py:3096} INFO - Sync 1 DAGs
[2026-07-05T16:13:18.250+0000] {logging_mixin.py:188} INFO - [2026-07-05T16:13:18.250+0000] {dag.py:3954} INFO - Setting next_dagrun for tutorial to 2026-07-04 00:00:00+00:00, run_after=2026-07-05 00:00:00+00:00
[2026-07-05T16:13:18.277+0000] {processor.py:183} INFO - Processing /home/airflow/.local/lib/python3.11/site-packages/airflow/example_dags/tutorial.py took 0.148 seconds
[2026-07-05T16:13:48.661+0000] {processor.py:161} INFO - Started process (PID=489) to work on /home/airflow/.local/lib/python3.11/site-packages/airflow/example_dags/tutorial.py
[2026-07-05T16:13:48.663+0000] {processor.py:830} INFO - Processing file /home/airflow/.local/lib/python3.11/site-packages/airflow/example_dags/tutorial.py for tasks to queue
[2026-07-05T16:13:48.665+0000] {logging_mixin.py:188} INFO - [2026-07-05T16:13:48.665+0000] {dagbag.py:545} INFO - Filling up the DagBag from /home/airflow/.local/lib/python3.11/site-packages/airflow/example_dags/tutorial.py
[2026-07-05T16:13:48.672+0000] {processor.py:840} INFO - DAG(s) 'tutorial' retrieved from /home/airflow/.local/lib/python3.11/site-packages/airflow/example_dags/tutorial.py
[2026-07-05T16:13:48.693+0000] {logging_mixin.py:188} INFO - [2026-07-05T16:13:48.692+0000] {dag.py:3096} INFO - Sync 1 DAGs
[2026-07-05T16:13:48.709+0000] {logging_mixin.py:188} INFO - [2026-07-05T16:13:48.709+0000] {dag.py:3954} INFO - Setting next_dagrun for tutorial to 2026-07-04 00:00:00+00:00, run_after=2026-07-05 00:00:00+00:00
[2026-07-05T16:13:48.726+0000] {processor.py:183} INFO - Processing /home/airflow/.local/lib/python3.11/site-packages/airflow/example_dags/tutorial.py took 0.072 seconds
[2026-07-05T16:14:18.807+0000] {processor.py:161} INFO - Started process (PID=547) to work on /home/airflow/.local/lib/python3.11/site-packages/airflow/example_dags/tutorial.py
[2026-07-05T16:14:18.808+0000] {processor.py:830} INFO - Processing file /home/airflow/.local/lib/python3.11/site-packages/airflow/example_dags/tutorial.py for tasks to queue
[2026-07-05T16:14:18.811+0000] {logging_mixin.py:188} INFO - [2026-07-05T16:14:18.810+0000] {dagbag.py:545} INFO - Filling up the DagBag from /home/airflow/.local/lib/python3.11/site-packages/airflow/example_dags/tutorial.py
[2026-07-05T16:14:18.817+0000] {processor.py:840} INFO - DAG(s) 'tutorial' retrieved from /home/airflow/.local/lib/python3.11/site-packages/airflow/example_dags/tutorial.py
[2026-07-05T16:14:18.838+0000] {logging_mixin.py:188} INFO - [2026-07-05T16:14:18.838+0000] {dag.py:3096} INFO - Sync 1 DAGs
[2026-07-05T16:14:18.857+0000] {logging_mixin.py:188} INFO - [2026-07-05T16:14:18.857+0000] {dag.py:3954} INFO - Setting next_dagrun for tutorial to 2026-07-04 00:00:00+00:00, run_after=2026-07-05 00:00:00+00:00
[2026-07-05T16:14:18.875+0000] {processor.py:183} INFO - Processing /home/airflow/.local/lib/python3.11/site-packages/airflow/example_dags/tutorial.py took 0.074 seconds
[2026-07-05T16:14:49.085+0000] {processor.py:161} INFO - Started process (PID=605) to work on /home/airflow/.local/lib/python3.11/site-packages/airflow/example_dags/tutorial.py
[2026-07-05T16:14:49.086+0000] {processor.py:830} INFO - Processing file /home/airflow/.local/lib/python3.11/site-packages/airflow/example_dags/tutorial.py for tasks to queue
[2026-07-05T16:14:49.088+0000] {logging_mixin.py:188} INFO - [2026-07-05T16:14:49.087+0000] {dagbag.py:545} INFO - Filling up the DagBag from /home/airflow/.local/lib/python3.11/site-packages/airflow/example_dags/tutorial.py
[2026-07-05T16:14:49.093+0000] {processor.py:840} INFO - DAG(s) 'tutorial' retrieved from /home/airflow/.local/lib/python3.11/site-packages/airflow/example_dags/tutorial.py
[2026-07-05T16:14:49.112+0000] {logging_mixin.py:188} INFO - [2026-07-05T16:14:49.112+0000] {dag.py:3096} INFO - Sync 1 DAGs
[2026-07-05T16:14:49.131+0000] {logging_mixin.py:188} INFO - [2026-07-05T16:14:49.131+0000] {dag.py:3954} INFO - Setting next_dagrun for tutorial to 2026-07-04 00:00:00+00:00, run_after=2026-07-05 00:00:00+00:00
[2026-07-05T16:14:49.149+0000] {processor.py:183} INFO - Processing /home/airflow/.local/lib/python3.11/site-packages/airflow/example_dags/tutorial.py took 0.070 seconds
[2026-07-05T16:15:19.213+0000] {processor.py:161} INFO - Started process (PID=663) to work on /home/airflow/.local/lib/python3.11/site-packages/airflow/example_dags/tutorial.py
[2026-07-05T16:15:19.214+0000] {processor.py:830} INFO - Processing file /home/airflow/.local/lib/python3.11/site-packages/airflow/example_dags/tutorial.py for tasks to queue
[2026-07-05T16:15:19.216+0000] {logging_mixin.py:188} INFO - [2026-07-05T16:15:19.216+0000] {dagbag.py:545} INFO - Filling up the DagBag from /home/airflow/.local/lib/python3.11/site-packages/airflow/example_dags/tutorial.py
[2026-07-05T16:15:19.222+0000] {processor.py:840} INFO - DAG(s) 'tutorial' retrieved from /home/airflow/.local/lib/python3.11/site-packages/airflow/example_dags/tutorial.py
[2026-07-05T16:15:19.240+0000] {logging_mixin.py:188} INFO - [2026-07-05T16:15:19.240+0000] {dag.py:3096} INFO - Sync 1 DAGs
[2026-07-05T16:15:19.257+0000] {logging_mixin.py:188} INFO - [2026-07-05T16:15:19.257+0000] {dag.py:3954} INFO - Setting next_dagrun for tutorial to 2026-07-04 00:00:00+00:00, run_after=2026-07-05 00:00:00+00:00
[2026-07-05T16:15:19.272+0000] {processor.py:183} INFO - Processing /home/airflow/.local/lib/python3.11/site-packages/airflow/example_dags/tutorial.py took 0.065 seconds
[2026-07-05T16:15:49.474+0000] {processor.py:161} INFO - Started process (PID=721) to work on /home/airflow/.local/lib/python3.11/site-packages/airflow/example_dags/tutorial.py
[2026-07-05T16:15:49.475+0000] {processor.py:830} INFO - Processing file /home/airflow/.local/lib/python3.11/site-packages/airflow/example_dags/tutorial.py for tasks to queue
[2026-07-05T16:15:49.477+0000] {logging_mixin.py:188} INFO - [2026-07-05T16:15:49.477+0000] {dagbag.py:545} INFO - Filling up the DagBag from /home/airflow/.local/lib/python3.11/site-packages/airflow/example_dags/tutorial.py
[2026-07-05T16:15:49.483+0000] {processor.py:840} INFO - DAG(s) 'tutorial' retrieved from /home/airflow/.local/lib/python3.11/site-packages/airflow/example_dags/tutorial.py
[2026-07-05T16:15:49.502+0000] {logging_mixin.py:188} INFO - [2026-07-05T16:15:49.502+0000] {dag.py:3096} INFO - Sync 1 DAGs
[2026-07-05T16:15:49.518+0000] {logging_mixin.py:188} INFO - [2026-07-05T16:15:49.518+0000] {dag.py:3954} INFO - Setting next_dagrun for tutorial to 2026-07-04 00:00:00+00:00, run_after=2026-07-05 00:00:00+00:00
[2026-07-05T16:15:49.536+0000] {processor.py:183} INFO - Processing /home/airflow/.local/lib/python3.11/site-packages/airflow/example_dags/tutorial.py took 0.068 seconds
[2026-07-05T16:16:19.623+0000] {processor.py:161} INFO - Started process (PID=779) to work on /home/airflow/.local/lib/python3.11/site-packages/airflow/example_dags/tutorial.py
[2026-07-05T16:16:19.625+0000] {processor.py:830} INFO - Processing file /home/airflow/.local/lib/python3.11/site-packages/airflow/example_dags/tutorial.py for tasks to queue
[2026-07-05T16:16:19.626+0000] {logging_mixin.py:188} INFO - [2026-07-05T16:16:19.626+0000] {dagbag.py:545} INFO - Filling up the DagBag from /home/airflow/.local/lib/python3.11/site-packages/airflow/example_dags/tutorial.py
[2026-07-05T16:16:19.632+0000] {processor.py:840} INFO - DAG(s) 'tutorial' retrieved from /home/airflow/.local/lib/python3.11/site-packages/airflow/example_dags/tutorial.py
[2026-07-05T16:16:19.652+0000] {logging_mixin.py:188} INFO - [2026-07-05T16:16:19.651+0000] {dag.py:3096} INFO - Sync 1 DAGs
[2026-07-05T16:16:19.670+0000] {logging_mixin.py:188} INFO - [2026-07-05T16:16:19.670+0000] {dag.py:3954} INFO - Setting next_dagrun for tutorial to 2026-07-04 00:00:00+00:00, run_after=2026-07-05 00:00:00+00:00
[2026-07-05T16:16:19.691+0000] {processor.py:183} INFO - Processing /home/airflow/.local/lib/python3.11/site-packages/airflow/example_dags/tutorial.py took 0.073 seconds
[2026-07-05T16:16:49.908+0000] {processor.py:161} INFO - Started process (PID=837) to work on /home/airflow/.local/lib/python3.11/site-packages/airflow/example_dags/tutorial.py
[2026-07-05T16:16:49.909+0000] {processor.py:830} INFO - Processing file /home/airflow/.local/lib/python3.11/site-packages/airflow/example_dags/tutorial.py for tasks to queue
[2026-07-05T16:16:49.911+0000] {logging_mixin.py:188} INFO - [2026-07-05T16:16:49.911+0000] {dagbag.py:545} INFO - Filling up the DagBag from /home/airflow/.local/lib/python3.11/site-packages/airflow/example_dags/tutorial.py
[2026-07-05T16:16:49.918+0000] {processor.py:840} INFO - DAG(s) 'tutorial' retrieved from /home/airflow/.local/lib/python3.11/site-packages/airflow/example_dags/tutorial.py
[2026-07-05T16:16:49.937+0000] {logging_mixin.py:188} INFO - [2026-07-05T16:16:49.936+0000] {dag.py:3096} INFO - Sync 1 DAGs
[2026-07-05T16:16:49.953+0000] {logging_mixin.py:188} INFO - [2026-07-05T16:16:49.953+0000] {dag.py:3954} INFO - Setting next_dagrun for tutorial to 2026-07-04 00:00:00+00:00, run_after=2026-07-05 00:00:00+00:00
[2026-07-05T16:16:49.971+0000] {processor.py:183} INFO - Processing /home/airflow/.local/lib/python3.11/site-packages/airflow/example_dags/tutorial.py took 0.070 seconds
[2026-07-05T16:17:20.246+0000] {processor.py:161} INFO - Started process (PID=895) to work on /home/airflow/.local/lib/python3.11/site-packages/airflow/example_dags/tutorial.py
[2026-07-05T16:17:20.247+0000] {processor.py:830} INFO - Processing file /home/airflow/.local/lib/python3.11/site-packages/airflow/example_dags/tutorial.py for tasks to queue
[2026-07-05T16:17:20.249+0000] {logging_mixin.py:188} INFO - [2026-07-05T16:17:20.249+0000] {dagbag.py:545} INFO - Filling up the DagBag from /home/airflow/.local/lib/python3.11/site-packages/airflow/example_dags/tutorial.py
[2026-07-05T16:17:20.255+0000] {processor.py:840} INFO - DAG(s) 'tutorial' retrieved from /home/airflow/.local/lib/python3.11/site-packages/airflow/example_dags/tutorial.py
[2026-07-05T16:17:20.272+0000] {logging_mixin.py:188} INFO - [2026-07-05T16:17:20.272+0000] {dag.py:3096} INFO - Sync 1 DAGs
[2026-07-05T16:17:20.291+0000] {logging_mixin.py:188} INFO - [2026-07-05T16:17:20.290+0000] {dag.py:3954} INFO - Setting next_dagrun for tutorial to 2026-07-04 00:00:00+00:00, run_after=2026-07-05 00:00:00+00:00
[2026-07-05T16:17:20.307+0000] {processor.py:183} INFO - Processing /home/airflow/.local/lib/python3.11/site-packages/airflow/example_dags/tutorial.py took 0.066 seconds
[2026-07-05T16:17:50.560+0000] {processor.py:161} INFO - Started process (PID=953) to work on /home/airflow/.local/lib/python3.11/site-packages/airflow/example_dags/tutorial.py
[2026-07-05T16:17:50.561+0000] {processor.py:830} INFO - Processing file /home/airflow/.local/lib/python3.11/site-packages/airflow/example_dags/tutorial.py for tasks to queue
[2026-07-05T16:17:50.563+0000] {logging_mixin.py:188} INFO - [2026-07-05T16:17:50.562+0000] {dagbag.py:545} INFO - Filling up the DagBag from /home/airflow/.local/lib/python3.11/site-packages/airflow/example_dags/tutorial.py
[2026-07-05T16:17:50.568+0000] {processor.py:840} INFO - DAG(s) 'tutorial' retrieved from /home/airflow/.local/lib/python3.11/site-packages/airflow/example_dags/tutorial.py
[2026-07-05T16:17:50.589+0000] {logging_mixin.py:188} INFO - [2026-07-05T16:17:50.588+0000] {dag.py:3096} INFO - Sync 1 DAGs
[2026-07-05T16:17:50.606+0000] {logging_mixin.py:188} INFO - [2026-07-05T16:17:50.606+0000] {dag.py:3954} INFO - Setting next_dagrun for tutorial to 2026-07-04 00:00:00+00:00, run_after=2026-07-05 00:00:00+00:00
[2026-07-05T16:17:50.625+0000] {processor.py:183} INFO - Processing /home/airflow/.local/lib/python3.11/site-packages/airflow/example_dags/tutorial.py took 0.071 seconds
[2026-07-05T16:18:21.380+0000] {processor.py:161} INFO - Started process (PID=1011) to work on /home/airflow/.local/lib/python3.11/site-packages/airflow/example_dags/tutorial.py
[2026-07-05T16:18:21.381+0000] {processor.py:830} INFO - Processing file /home/airflow/.local/lib/python3.11/site-packages/airflow/example_dags/tutorial.py for tasks to queue
[2026-07-05T16:18:21.383+0000] {logging_mixin.py:188} INFO - [2026-07-05T16:18:21.383+0000] {dagbag.py:545} INFO - Filling up the DagBag from /home/airflow/.local/lib/python3.11/site-packages/airflow/example_dags/tutorial.py
[2026-07-05T16:18:21.392+0000] {processor.py:840} INFO - DAG(s) 'tutorial' retrieved from /home/airflow/.local/lib/python3.11/site-packages/airflow/example_dags/tutorial.py
[2026-07-05T16:18:21.427+0000] {logging_mixin.py:188} INFO - [2026-07-05T16:18:21.427+0000] {dag.py:3096} INFO - Sync 1 DAGs
[2026-07-05T16:18:21.457+0000] {logging_mixin.py:188} INFO - [2026-07-05T16:18:21.457+0000] {dag.py:3954} INFO - Setting next_dagrun for tutorial to 2026-07-04 00:00:00+00:00, run_after=2026-07-05 00:00:00+00:00
[2026-07-05T16:18:21.503+0000] {processor.py:183} INFO - Processing /home/airflow/.local/lib/python3.11/site-packages/airflow/example_dags/tutorial.py took 0.129 seconds
[2026-07-05T16:18:51.599+0000] {processor.py:161} INFO - Started process (PID=1069) to work on /home/airflow/.local/lib/python3.11/site-packages/airflow/example_dags/tutorial.py
[2026-07-05T16:18:51.601+0000] {processor.py:830} INFO - Processing file /home/airflow/.local/lib/python3.11/site-packages/airflow/example_dags/tutorial.py for tasks to queue
[2026-07-05T16:18:51.604+0000] {logging_mixin.py:188} INFO - [2026-07-05T16:18:51.603+0000] {dagbag.py:545} INFO - Filling up the DagBag from /home/airflow/.local/lib/python3.11/site-packages/airflow/example_dags/tutorial.py
[2026-07-05T16:18:51.616+0000] {processor.py:840} INFO - DAG(s) 'tutorial' retrieved from /home/airflow/.local/lib/python3.11/site-packages/airflow/example_dags/tutorial.py
[2026-07-05T16:18:51.674+0000] {logging_mixin.py:188} INFO - [2026-07-05T16:18:51.674+0000] {dag.py:3096} INFO - Sync 1 DAGs
[2026-07-05T16:18:51.719+0000] {logging_mixin.py:188} INFO - [2026-07-05T16:18:51.718+0000] {dag.py:3954} INFO - Setting next_dagrun for tutorial to 2026-07-04 00:00:00+00:00, run_after=2026-07-05 00:00:00+00:00
[2026-07-05T16:18:51.740+0000] {processor.py:183} INFO - Processing /home/airflow/.local/lib/python3.11/site-packages/airflow/example_dags/tutorial.py took 0.164 seconds
