[2026-07-05T16:07:34.310+0000] {processor.py:161} INFO - Started process (PID=87) to work on /home/airflow/.local/lib/python3.11/site-packages/airflow/example_dags/tutorial_objectstorage.py
[2026-07-05T16:07:34.324+0000] {processor.py:830} INFO - Processing file /home/airflow/.local/lib/python3.11/site-packages/airflow/example_dags/tutorial_objectstorage.py for tasks to queue
[2026-07-05T16:07:34.333+0000] {logging_mixin.py:188} INFO - [2026-07-05T16:07:34.332+0000] {dagbag.py:545} INFO - Filling up the DagBag from /home/airflow/.local/lib/python3.11/site-packages/airflow/example_dags/tutorial_objectstorage.py
[2026-07-05T16:07:34.424+0000] {processor.py:840} INFO - DAG(s) 'tutorial_objectstorage' retrieved from /home/airflow/.local/lib/python3.11/site-packages/airflow/example_dags/tutorial_objectstorage.py
[2026-07-05T16:07:35.455+0000] {logging_mixin.py:188} INFO - [2026-07-05T16:07:35.453+0000] {override.py:1829} INFO - Created Permission View: can delete on DAG:tutorial_objectstorage
[2026-07-05T16:07:35.507+0000] {logging_mixin.py:188} INFO - [2026-07-05T16:07:35.505+0000] {override.py:1829} INFO - Created Permission View: can read on DAG:tutorial_objectstorage
[2026-07-05T16:07:35.525+0000] {logging_mixin.py:188} INFO - [2026-07-05T16:07:35.524+0000] {override.py:1829} INFO - Created Permission View: can edit on DAG:tutorial_objectstorage
[2026-07-05T16:07:35.527+0000] {logging_mixin.py:188} INFO - [2026-07-05T16:07:35.527+0000] {dag.py:3096} INFO - Sync 1 DAGs
[2026-07-05T16:07:35.605+0000] {logging_mixin.py:188} INFO - [2026-07-05T16:07:35.605+0000] {dag.py:3118} INFO - Creating ORM DAG for tutorial_objectstorage
[2026-07-05T16:07:35.617+0000] {logging_mixin.py:188} INFO - [2026-07-05T16:07:35.616+0000] {dag.py:3954} INFO - Setting next_dagrun for tutorial_objectstorage to None, run_after=None
[2026-07-05T16:07:35.702+0000] {processor.py:183} INFO - Processing /home/airflow/.local/lib/python3.11/site-packages/airflow/example_dags/tutorial_objectstorage.py took 1.407 seconds
[2026-07-05T16:08:06.028+0000] {processor.py:161} INFO - Started process (PID=145) to work on /home/airflow/.local/lib/python3.11/site-packages/airflow/example_dags/tutorial_objectstorage.py
[2026-07-05T16:08:06.029+0000] {processor.py:830} INFO - Processing file /home/airflow/.local/lib/python3.11/site-packages/airflow/example_dags/tutorial_objectstorage.py for tasks to queue
[2026-07-05T16:08:06.031+0000] {logging_mixin.py:188} INFO - [2026-07-05T16:08:06.030+0000] {dagbag.py:545} INFO - Filling up the DagBag from /home/airflow/.local/lib/python3.11/site-packages/airflow/example_dags/tutorial_objectstorage.py
[2026-07-05T16:08:06.038+0000] {processor.py:840} INFO - DAG(s) 'tutorial_objectstorage' retrieved from /home/airflow/.local/lib/python3.11/site-packages/airflow/example_dags/tutorial_objectstorage.py
[2026-07-05T16:08:06.057+0000] {logging_mixin.py:188} INFO - [2026-07-05T16:08:06.056+0000] {dag.py:3096} INFO - Sync 1 DAGs
[2026-07-05T16:08:06.067+0000] {logging_mixin.py:188} INFO - [2026-07-05T16:08:06.067+0000] {dag.py:3954} INFO - Setting next_dagrun for tutorial_objectstorage to None, run_after=None
[2026-07-05T16:08:06.086+0000] {processor.py:183} INFO - Processing /home/airflow/.local/lib/python3.11/site-packages/airflow/example_dags/tutorial_objectstorage.py took 0.064 seconds
[2026-07-05T16:08:36.593+0000] {processor.py:161} INFO - Started process (PID=203) to work on /home/airflow/.local/lib/python3.11/site-packages/airflow/example_dags/tutorial_objectstorage.py
[2026-07-05T16:08:36.594+0000] {processor.py:830} INFO - Processing file /home/airflow/.local/lib/python3.11/site-packages/airflow/example_dags/tutorial_objectstorage.py for tasks to queue
[2026-07-05T16:08:36.596+0000] {logging_mixin.py:188} INFO - [2026-07-05T16:08:36.596+0000] {dagbag.py:545} INFO - Filling up the DagBag from /home/airflow/.local/lib/python3.11/site-packages/airflow/example_dags/tutorial_objectstorage.py
[2026-07-05T16:08:36.604+0000] {processor.py:840} INFO - DAG(s) 'tutorial_objectstorage' retrieved from /home/airflow/.local/lib/python3.11/site-packages/airflow/example_dags/tutorial_objectstorage.py
[2026-07-05T16:08:36.629+0000] {logging_mixin.py:188} INFO - [2026-07-05T16:08:36.628+0000] {dag.py:3096} INFO - Sync 1 DAGs
[2026-07-05T16:08:36.640+0000] {logging_mixin.py:188} INFO - [2026-07-05T16:08:36.640+0000] {dag.py:3954} INFO - Setting next_dagrun for tutorial_objectstorage to None, run_after=None
[2026-07-05T16:08:36.660+0000] {processor.py:183} INFO - Processing /home/airflow/.local/lib/python3.11/site-packages/airflow/example_dags/tutorial_objectstorage.py took 0.074 seconds
[2026-07-05T16:09:06.992+0000] {processor.py:161} INFO - Started process (PID=261) to work on /home/airflow/.local/lib/python3.11/site-packages/airflow/example_dags/tutorial_objectstorage.py
[2026-07-05T16:09:06.995+0000] {processor.py:830} INFO - Processing file /home/airflow/.local/lib/python3.11/site-packages/airflow/example_dags/tutorial_objectstorage.py for tasks to queue
[2026-07-05T16:09:07.005+0000] {logging_mixin.py:188} INFO - [2026-07-05T16:09:07.004+0000] {dagbag.py:545} INFO - Filling up the DagBag from /home/airflow/.local/lib/python3.11/site-packages/airflow/example_dags/tutorial_objectstorage.py
[2026-07-05T16:09:07.058+0000] {processor.py:840} INFO - DAG(s) 'tutorial_objectstorage' retrieved from /home/airflow/.local/lib/python3.11/site-packages/airflow/example_dags/tutorial_objectstorage.py
[2026-07-05T16:09:07.149+0000] {logging_mixin.py:188} INFO - [2026-07-05T16:09:07.149+0000] {dag.py:3096} INFO - Sync 1 DAGs
[2026-07-05T16:09:07.193+0000] {logging_mixin.py:188} INFO - [2026-07-05T16:09:07.193+0000] {dag.py:3954} INFO - Setting next_dagrun for tutorial_objectstorage to None, run_after=None
[2026-07-05T16:09:07.244+0000] {processor.py:183} INFO - Processing /home/airflow/.local/lib/python3.11/site-packages/airflow/example_dags/tutorial_objectstorage.py took 0.282 seconds
[2026-07-05T16:09:38.086+0000] {processor.py:161} INFO - Started process (PID=319) to work on /home/airflow/.local/lib/python3.11/site-packages/airflow/example_dags/tutorial_objectstorage.py
[2026-07-05T16:09:38.088+0000] {processor.py:830} INFO - Processing file /home/airflow/.local/lib/python3.11/site-packages/airflow/example_dags/tutorial_objectstorage.py for tasks to queue
[2026-07-05T16:09:38.090+0000] {logging_mixin.py:188} INFO - [2026-07-05T16:09:38.089+0000] {dagbag.py:545} INFO - Filling up the DagBag from /home/airflow/.local/lib/python3.11/site-packages/airflow/example_dags/tutorial_objectstorage.py
[2026-07-05T16:09:38.097+0000] {processor.py:840} INFO - DAG(s) 'tutorial_objectstorage' retrieved from /home/airflow/.local/lib/python3.11/site-packages/airflow/example_dags/tutorial_objectstorage.py
[2026-07-05T16:09:38.110+0000] {logging_mixin.py:188} INFO - [2026-07-05T16:09:38.110+0000] {dag.py:3096} INFO - Sync 1 DAGs
[2026-07-05T16:09:38.124+0000] {logging_mixin.py:188} INFO - [2026-07-05T16:09:38.124+0000] {dag.py:3954} INFO - Setting next_dagrun for tutorial_objectstorage to None, run_after=None
[2026-07-05T16:09:38.144+0000] {processor.py:183} INFO - Processing /home/airflow/.local/lib/python3.11/site-packages/airflow/example_dags/tutorial_objectstorage.py took 0.064 seconds
[2026-07-05T16:10:14.396+0000] {processor.py:161} INFO - Started process (PID=82) to work on /home/airflow/.local/lib/python3.11/site-packages/airflow/example_dags/tutorial_objectstorage.py
[2026-07-05T16:10:14.398+0000] {processor.py:830} INFO - Processing file /home/airflow/.local/lib/python3.11/site-packages/airflow/example_dags/tutorial_objectstorage.py for tasks to queue
[2026-07-05T16:10:14.401+0000] {logging_mixin.py:188} INFO - [2026-07-05T16:10:14.401+0000] {dagbag.py:545} INFO - Filling up the DagBag from /home/airflow/.local/lib/python3.11/site-packages/airflow/example_dags/tutorial_objectstorage.py
[2026-07-05T16:10:14.410+0000] {processor.py:840} INFO - DAG(s) 'tutorial_objectstorage' retrieved from /home/airflow/.local/lib/python3.11/site-packages/airflow/example_dags/tutorial_objectstorage.py
[2026-07-05T16:10:14.426+0000] {logging_mixin.py:188} INFO - [2026-07-05T16:10:14.426+0000] {dag.py:3096} INFO - Sync 1 DAGs
[2026-07-05T16:10:14.447+0000] {logging_mixin.py:188} INFO - [2026-07-05T16:10:14.447+0000] {dag.py:3954} INFO - Setting next_dagrun for tutorial_objectstorage to None, run_after=None
[2026-07-05T16:10:14.474+0000] {processor.py:183} INFO - Processing /home/airflow/.local/lib/python3.11/site-packages/airflow/example_dags/tutorial_objectstorage.py took 0.086 seconds
[2026-07-05T16:10:44.862+0000] {processor.py:161} INFO - Started process (PID=141) to work on /home/airflow/.local/lib/python3.11/site-packages/airflow/example_dags/tutorial_objectstorage.py
[2026-07-05T16:10:44.864+0000] {processor.py:830} INFO - Processing file /home/airflow/.local/lib/python3.11/site-packages/airflow/example_dags/tutorial_objectstorage.py for tasks to queue
[2026-07-05T16:10:44.867+0000] {logging_mixin.py:188} INFO - [2026-07-05T16:10:44.866+0000] {dagbag.py:545} INFO - Filling up the DagBag from /home/airflow/.local/lib/python3.11/site-packages/airflow/example_dags/tutorial_objectstorage.py
[2026-07-05T16:10:44.879+0000] {processor.py:840} INFO - DAG(s) 'tutorial_objectstorage' retrieved from /home/airflow/.local/lib/python3.11/site-packages/airflow/example_dags/tutorial_objectstorage.py
[2026-07-05T16:10:44.994+0000] {logging_mixin.py:188} INFO - [2026-07-05T16:10:44.993+0000] {dag.py:3096} INFO - Sync 1 DAGs
[2026-07-05T16:10:45.007+0000] {logging_mixin.py:188} INFO - [2026-07-05T16:10:45.006+0000] {dag.py:3954} INFO - Setting next_dagrun for tutorial_objectstorage to None, run_after=None
[2026-07-05T16:10:45.029+0000] {processor.py:183} INFO - Processing /home/airflow/.local/lib/python3.11/site-packages/airflow/example_dags/tutorial_objectstorage.py took 0.176 seconds
[2026-07-05T16:11:15.954+0000] {processor.py:161} INFO - Started process (PID=199) to work on /home/airflow/.local/lib/python3.11/site-packages/airflow/example_dags/tutorial_objectstorage.py
[2026-07-05T16:11:15.955+0000] {processor.py:830} INFO - Processing file /home/airflow/.local/lib/python3.11/site-packages/airflow/example_dags/tutorial_objectstorage.py for tasks to queue
[2026-07-05T16:11:15.956+0000] {logging_mixin.py:188} INFO - [2026-07-05T16:11:15.956+0000] {dagbag.py:545} INFO - Filling up the DagBag from /home/airflow/.local/lib/python3.11/site-packages/airflow/example_dags/tutorial_objectstorage.py
[2026-07-05T16:11:15.965+0000] {processor.py:840} INFO - DAG(s) 'tutorial_objectstorage' retrieved from /home/airflow/.local/lib/python3.11/site-packages/airflow/example_dags/tutorial_objectstorage.py
[2026-07-05T16:11:15.983+0000] {logging_mixin.py:188} INFO - [2026-07-05T16:11:15.983+0000] {dag.py:3096} INFO - Sync 1 DAGs
[2026-07-05T16:11:15.994+0000] {logging_mixin.py:188} INFO - [2026-07-05T16:11:15.993+0000] {dag.py:3954} INFO - Setting next_dagrun for tutorial_objectstorage to None, run_after=None
[2026-07-05T16:11:16.013+0000] {processor.py:183} INFO - Processing /home/airflow/.local/lib/python3.11/site-packages/airflow/example_dags/tutorial_objectstorage.py took 0.066 seconds
[2026-07-05T16:11:46.683+0000] {processor.py:161} INFO - Started process (PID=257) to work on /home/airflow/.local/lib/python3.11/site-packages/airflow/example_dags/tutorial_objectstorage.py
[2026-07-05T16:11:46.684+0000] {processor.py:830} INFO - Processing file /home/airflow/.local/lib/python3.11/site-packages/airflow/example_dags/tutorial_objectstorage.py for tasks to queue
[2026-07-05T16:11:46.687+0000] {logging_mixin.py:188} INFO - [2026-07-05T16:11:46.686+0000] {dagbag.py:545} INFO - Filling up the DagBag from /home/airflow/.local/lib/python3.11/site-packages/airflow/example_dags/tutorial_objectstorage.py
[2026-07-05T16:11:46.702+0000] {processor.py:840} INFO - DAG(s) 'tutorial_objectstorage' retrieved from /home/airflow/.local/lib/python3.11/site-packages/airflow/example_dags/tutorial_objectstorage.py
[2026-07-05T16:11:46.726+0000] {logging_mixin.py:188} INFO - [2026-07-05T16:11:46.725+0000] {dag.py:3096} INFO - Sync 1 DAGs
[2026-07-05T16:11:46.744+0000] {logging_mixin.py:188} INFO - [2026-07-05T16:11:46.744+0000] {dag.py:3954} INFO - Setting next_dagrun for tutorial_objectstorage to None, run_after=None
[2026-07-05T16:11:46.770+0000] {processor.py:183} INFO - Processing /home/airflow/.local/lib/python3.11/site-packages/airflow/example_dags/tutorial_objectstorage.py took 0.093 seconds
[2026-07-05T16:12:16.832+0000] {processor.py:161} INFO - Started process (PID=315) to work on /home/airflow/.local/lib/python3.11/site-packages/airflow/example_dags/tutorial_objectstorage.py
[2026-07-05T16:12:16.834+0000] {processor.py:830} INFO - Processing file /home/airflow/.local/lib/python3.11/site-packages/airflow/example_dags/tutorial_objectstorage.py for tasks to queue
[2026-07-05T16:12:16.838+0000] {logging_mixin.py:188} INFO - [2026-07-05T16:12:16.838+0000] {dagbag.py:545} INFO - Filling up the DagBag from /home/airflow/.local/lib/python3.11/site-packages/airflow/example_dags/tutorial_objectstorage.py
[2026-07-05T16:12:16.858+0000] {processor.py:840} INFO - DAG(s) 'tutorial_objectstorage' retrieved from /home/airflow/.local/lib/python3.11/site-packages/airflow/example_dags/tutorial_objectstorage.py
[2026-07-05T16:12:17.036+0000] {logging_mixin.py:188} INFO - [2026-07-05T16:12:17.036+0000] {dag.py:3096} INFO - Sync 1 DAGs
[2026-07-05T16:12:17.061+0000] {logging_mixin.py:188} INFO - [2026-07-05T16:12:17.061+0000] {dag.py:3954} INFO - Setting next_dagrun for tutorial_objectstorage to None, run_after=None
[2026-07-05T16:12:17.098+0000] {processor.py:183} INFO - Processing /home/airflow/.local/lib/python3.11/site-packages/airflow/example_dags/tutorial_objectstorage.py took 0.276 seconds
[2026-07-05T16:12:47.655+0000] {processor.py:161} INFO - Started process (PID=374) to work on /home/airflow/.local/lib/python3.11/site-packages/airflow/example_dags/tutorial_objectstorage.py
[2026-07-05T16:12:47.656+0000] {processor.py:830} INFO - Processing file /home/airflow/.local/lib/python3.11/site-packages/airflow/example_dags/tutorial_objectstorage.py for tasks to queue
[2026-07-05T16:12:47.658+0000] {logging_mixin.py:188} INFO - [2026-07-05T16:12:47.658+0000] {dagbag.py:545} INFO - Filling up the DagBag from /home/airflow/.local/lib/python3.11/site-packages/airflow/example_dags/tutorial_objectstorage.py
[2026-07-05T16:12:47.666+0000] {processor.py:840} INFO - DAG(s) 'tutorial_objectstorage' retrieved from /home/airflow/.local/lib/python3.11/site-packages/airflow/example_dags/tutorial_objectstorage.py
[2026-07-05T16:12:47.687+0000] {logging_mixin.py:188} INFO - [2026-07-05T16:12:47.686+0000] {dag.py:3096} INFO - Sync 1 DAGs
[2026-07-05T16:12:47.697+0000] {logging_mixin.py:188} INFO - [2026-07-05T16:12:47.697+0000] {dag.py:3954} INFO - Setting next_dagrun for tutorial_objectstorage to None, run_after=None
[2026-07-05T16:12:47.720+0000] {processor.py:183} INFO - Processing /home/airflow/.local/lib/python3.11/site-packages/airflow/example_dags/tutorial_objectstorage.py took 0.071 seconds
[2026-07-05T16:13:18.322+0000] {processor.py:161} INFO - Started process (PID=432) to work on /home/airflow/.local/lib/python3.11/site-packages/airflow/example_dags/tutorial_objectstorage.py
[2026-07-05T16:13:18.323+0000] {processor.py:830} INFO - Processing file /home/airflow/.local/lib/python3.11/site-packages/airflow/example_dags/tutorial_objectstorage.py for tasks to queue
[2026-07-05T16:13:18.325+0000] {logging_mixin.py:188} INFO - [2026-07-05T16:13:18.324+0000] {dagbag.py:545} INFO - Filling up the DagBag from /home/airflow/.local/lib/python3.11/site-packages/airflow/example_dags/tutorial_objectstorage.py
[2026-07-05T16:13:18.335+0000] {processor.py:840} INFO - DAG(s) 'tutorial_objectstorage' retrieved from /home/airflow/.local/lib/python3.11/site-packages/airflow/example_dags/tutorial_objectstorage.py
[2026-07-05T16:13:18.357+0000] {logging_mixin.py:188} INFO - [2026-07-05T16:13:18.357+0000] {dag.py:3096} INFO - Sync 1 DAGs
[2026-07-05T16:13:18.370+0000] {logging_mixin.py:188} INFO - [2026-07-05T16:13:18.370+0000] {dag.py:3954} INFO - Setting next_dagrun for tutorial_objectstorage to None, run_after=None
[2026-07-05T16:13:18.389+0000] {processor.py:183} INFO - Processing /home/airflow/.local/lib/python3.11/site-packages/airflow/example_dags/tutorial_objectstorage.py took 0.075 seconds
[2026-07-05T16:13:48.759+0000] {processor.py:161} INFO - Started process (PID=490) to work on /home/airflow/.local/lib/python3.11/site-packages/airflow/example_dags/tutorial_objectstorage.py
[2026-07-05T16:13:48.761+0000] {processor.py:830} INFO - Processing file /home/airflow/.local/lib/python3.11/site-packages/airflow/example_dags/tutorial_objectstorage.py for tasks to queue
[2026-07-05T16:13:48.762+0000] {logging_mixin.py:188} INFO - [2026-07-05T16:13:48.762+0000] {dagbag.py:545} INFO - Filling up the DagBag from /home/airflow/.local/lib/python3.11/site-packages/airflow/example_dags/tutorial_objectstorage.py
[2026-07-05T16:13:48.770+0000] {processor.py:840} INFO - DAG(s) 'tutorial_objectstorage' retrieved from /home/airflow/.local/lib/python3.11/site-packages/airflow/example_dags/tutorial_objectstorage.py
[2026-07-05T16:13:48.790+0000] {logging_mixin.py:188} INFO - [2026-07-05T16:13:48.790+0000] {dag.py:3096} INFO - Sync 1 DAGs
[2026-07-05T16:13:48.804+0000] {logging_mixin.py:188} INFO - [2026-07-05T16:13:48.804+0000] {dag.py:3954} INFO - Setting next_dagrun for tutorial_objectstorage to None, run_after=None
[2026-07-05T16:13:48.829+0000] {processor.py:183} INFO - Processing /home/airflow/.local/lib/python3.11/site-packages/airflow/example_dags/tutorial_objectstorage.py took 0.075 seconds
[2026-07-05T16:14:18.951+0000] {processor.py:161} INFO - Started process (PID=548) to work on /home/airflow/.local/lib/python3.11/site-packages/airflow/example_dags/tutorial_objectstorage.py
[2026-07-05T16:14:18.952+0000] {processor.py:830} INFO - Processing file /home/airflow/.local/lib/python3.11/site-packages/airflow/example_dags/tutorial_objectstorage.py for tasks to queue
[2026-07-05T16:14:18.956+0000] {logging_mixin.py:188} INFO - [2026-07-05T16:14:18.955+0000] {dagbag.py:545} INFO - Filling up the DagBag from /home/airflow/.local/lib/python3.11/site-packages/airflow/example_dags/tutorial_objectstorage.py
[2026-07-05T16:14:18.965+0000] {processor.py:840} INFO - DAG(s) 'tutorial_objectstorage' retrieved from /home/airflow/.local/lib/python3.11/site-packages/airflow/example_dags/tutorial_objectstorage.py
[2026-07-05T16:14:18.990+0000] {logging_mixin.py:188} INFO - [2026-07-05T16:14:18.990+0000] {dag.py:3096} INFO - Sync 1 DAGs
[2026-07-05T16:14:19.001+0000] {logging_mixin.py:188} INFO - [2026-07-05T16:14:19.001+0000] {dag.py:3954} INFO - Setting next_dagrun for tutorial_objectstorage to None, run_after=None
[2026-07-05T16:14:19.021+0000] {processor.py:183} INFO - Processing /home/airflow/.local/lib/python3.11/site-packages/airflow/example_dags/tutorial_objectstorage.py took 0.086 seconds
[2026-07-05T16:14:49.185+0000] {processor.py:161} INFO - Started process (PID=606) to work on /home/airflow/.local/lib/python3.11/site-packages/airflow/example_dags/tutorial_objectstorage.py
[2026-07-05T16:14:49.186+0000] {processor.py:830} INFO - Processing file /home/airflow/.local/lib/python3.11/site-packages/airflow/example_dags/tutorial_objectstorage.py for tasks to queue
[2026-07-05T16:14:49.188+0000] {logging_mixin.py:188} INFO - [2026-07-05T16:14:49.188+0000] {dagbag.py:545} INFO - Filling up the DagBag from /home/airflow/.local/lib/python3.11/site-packages/airflow/example_dags/tutorial_objectstorage.py
[2026-07-05T16:14:49.195+0000] {processor.py:840} INFO - DAG(s) 'tutorial_objectstorage' retrieved from /home/airflow/.local/lib/python3.11/site-packages/airflow/example_dags/tutorial_objectstorage.py
[2026-07-05T16:14:49.225+0000] {logging_mixin.py:188} INFO - [2026-07-05T16:14:49.225+0000] {dag.py:3096} INFO - Sync 1 DAGs
[2026-07-05T16:14:49.239+0000] {logging_mixin.py:188} INFO - [2026-07-05T16:14:49.239+0000] {dag.py:3954} INFO - Setting next_dagrun for tutorial_objectstorage to None, run_after=None
[2026-07-05T16:14:49.261+0000] {processor.py:183} INFO - Processing /home/airflow/.local/lib/python3.11/site-packages/airflow/example_dags/tutorial_objectstorage.py took 0.082 seconds
[2026-07-05T16:15:19.308+0000] {processor.py:161} INFO - Started process (PID=664) to work on /home/airflow/.local/lib/python3.11/site-packages/airflow/example_dags/tutorial_objectstorage.py
[2026-07-05T16:15:19.309+0000] {processor.py:830} INFO - Processing file /home/airflow/.local/lib/python3.11/site-packages/airflow/example_dags/tutorial_objectstorage.py for tasks to queue
[2026-07-05T16:15:19.310+0000] {logging_mixin.py:188} INFO - [2026-07-05T16:15:19.310+0000] {dagbag.py:545} INFO - Filling up the DagBag from /home/airflow/.local/lib/python3.11/site-packages/airflow/example_dags/tutorial_objectstorage.py
[2026-07-05T16:15:19.317+0000] {processor.py:840} INFO - DAG(s) 'tutorial_objectstorage' retrieved from /home/airflow/.local/lib/python3.11/site-packages/airflow/example_dags/tutorial_objectstorage.py
[2026-07-05T16:15:19.334+0000] {logging_mixin.py:188} INFO - [2026-07-05T16:15:19.334+0000] {dag.py:3096} INFO - Sync 1 DAGs
[2026-07-05T16:15:19.344+0000] {logging_mixin.py:188} INFO - [2026-07-05T16:15:19.344+0000] {dag.py:3954} INFO - Setting next_dagrun for tutorial_objectstorage to None, run_after=None
[2026-07-05T16:15:19.362+0000] {processor.py:183} INFO - Processing /home/airflow/.local/lib/python3.11/site-packages/airflow/example_dags/tutorial_objectstorage.py took 0.060 seconds
[2026-07-05T16:15:49.575+0000] {processor.py:161} INFO - Started process (PID=722) to work on /home/airflow/.local/lib/python3.11/site-packages/airflow/example_dags/tutorial_objectstorage.py
[2026-07-05T16:15:49.576+0000] {processor.py:830} INFO - Processing file /home/airflow/.local/lib/python3.11/site-packages/airflow/example_dags/tutorial_objectstorage.py for tasks to queue
[2026-07-05T16:15:49.578+0000] {logging_mixin.py:188} INFO - [2026-07-05T16:15:49.577+0000] {dagbag.py:545} INFO - Filling up the DagBag from /home/airflow/.local/lib/python3.11/site-packages/airflow/example_dags/tutorial_objectstorage.py
[2026-07-05T16:15:49.584+0000] {processor.py:840} INFO - DAG(s) 'tutorial_objectstorage' retrieved from /home/airflow/.local/lib/python3.11/site-packages/airflow/example_dags/tutorial_objectstorage.py
[2026-07-05T16:15:49.603+0000] {logging_mixin.py:188} INFO - [2026-07-05T16:15:49.603+0000] {dag.py:3096} INFO - Sync 1 DAGs
[2026-07-05T16:15:49.613+0000] {logging_mixin.py:188} INFO - [2026-07-05T16:15:49.613+0000] {dag.py:3954} INFO - Setting next_dagrun for tutorial_objectstorage to None, run_after=None
[2026-07-05T16:15:49.634+0000] {processor.py:183} INFO - Processing /home/airflow/.local/lib/python3.11/site-packages/airflow/example_dags/tutorial_objectstorage.py took 0.067 seconds
[2026-07-05T16:16:19.730+0000] {processor.py:161} INFO - Started process (PID=780) to work on /home/airflow/.local/lib/python3.11/site-packages/airflow/example_dags/tutorial_objectstorage.py
[2026-07-05T16:16:19.731+0000] {processor.py:830} INFO - Processing file /home/airflow/.local/lib/python3.11/site-packages/airflow/example_dags/tutorial_objectstorage.py for tasks to queue
[2026-07-05T16:16:19.733+0000] {logging_mixin.py:188} INFO - [2026-07-05T16:16:19.733+0000] {dagbag.py:545} INFO - Filling up the DagBag from /home/airflow/.local/lib/python3.11/site-packages/airflow/example_dags/tutorial_objectstorage.py
[2026-07-05T16:16:19.740+0000] {processor.py:840} INFO - DAG(s) 'tutorial_objectstorage' retrieved from /home/airflow/.local/lib/python3.11/site-packages/airflow/example_dags/tutorial_objectstorage.py
[2026-07-05T16:16:19.771+0000] {logging_mixin.py:188} INFO - [2026-07-05T16:16:19.770+0000] {dag.py:3096} INFO - Sync 1 DAGs
[2026-07-05T16:16:19.787+0000] {logging_mixin.py:188} INFO - [2026-07-05T16:16:19.786+0000] {dag.py:3954} INFO - Setting next_dagrun for tutorial_objectstorage to None, run_after=None
[2026-07-05T16:16:19.810+0000] {processor.py:183} INFO - Processing /home/airflow/.local/lib/python3.11/site-packages/airflow/example_dags/tutorial_objectstorage.py took 0.087 seconds
[2026-07-05T16:16:50.003+0000] {processor.py:161} INFO - Started process (PID=838) to work on /home/airflow/.local/lib/python3.11/site-packages/airflow/example_dags/tutorial_objectstorage.py
[2026-07-05T16:16:50.004+0000] {processor.py:830} INFO - Processing file /home/airflow/.local/lib/python3.11/site-packages/airflow/example_dags/tutorial_objectstorage.py for tasks to queue
[2026-07-05T16:16:50.006+0000] {logging_mixin.py:188} INFO - [2026-07-05T16:16:50.006+0000] {dagbag.py:545} INFO - Filling up the DagBag from /home/airflow/.local/lib/python3.11/site-packages/airflow/example_dags/tutorial_objectstorage.py
[2026-07-05T16:16:50.013+0000] {processor.py:840} INFO - DAG(s) 'tutorial_objectstorage' retrieved from /home/airflow/.local/lib/python3.11/site-packages/airflow/example_dags/tutorial_objectstorage.py
[2026-07-05T16:16:50.032+0000] {logging_mixin.py:188} INFO - [2026-07-05T16:16:50.032+0000] {dag.py:3096} INFO - Sync 1 DAGs
[2026-07-05T16:16:50.043+0000] {logging_mixin.py:188} INFO - [2026-07-05T16:16:50.042+0000] {dag.py:3954} INFO - Setting next_dagrun for tutorial_objectstorage to None, run_after=None
[2026-07-05T16:16:50.062+0000] {processor.py:183} INFO - Processing /home/airflow/.local/lib/python3.11/site-packages/airflow/example_dags/tutorial_objectstorage.py took 0.064 seconds
[2026-07-05T16:17:20.340+0000] {processor.py:161} INFO - Started process (PID=896) to work on /home/airflow/.local/lib/python3.11/site-packages/airflow/example_dags/tutorial_objectstorage.py
[2026-07-05T16:17:20.341+0000] {processor.py:830} INFO - Processing file /home/airflow/.local/lib/python3.11/site-packages/airflow/example_dags/tutorial_objectstorage.py for tasks to queue
[2026-07-05T16:17:20.343+0000] {logging_mixin.py:188} INFO - [2026-07-05T16:17:20.342+0000] {dagbag.py:545} INFO - Filling up the DagBag from /home/airflow/.local/lib/python3.11/site-packages/airflow/example_dags/tutorial_objectstorage.py
[2026-07-05T16:17:20.349+0000] {processor.py:840} INFO - DAG(s) 'tutorial_objectstorage' retrieved from /home/airflow/.local/lib/python3.11/site-packages/airflow/example_dags/tutorial_objectstorage.py
[2026-07-05T16:17:20.370+0000] {logging_mixin.py:188} INFO - [2026-07-05T16:17:20.370+0000] {dag.py:3096} INFO - Sync 1 DAGs
[2026-07-05T16:17:20.380+0000] {logging_mixin.py:188} INFO - [2026-07-05T16:17:20.380+0000] {dag.py:3954} INFO - Setting next_dagrun for tutorial_objectstorage to None, run_after=None
[2026-07-05T16:17:20.401+0000] {processor.py:183} INFO - Processing /home/airflow/.local/lib/python3.11/site-packages/airflow/example_dags/tutorial_objectstorage.py took 0.066 seconds
[2026-07-05T16:17:50.662+0000] {processor.py:161} INFO - Started process (PID=954) to work on /home/airflow/.local/lib/python3.11/site-packages/airflow/example_dags/tutorial_objectstorage.py
[2026-07-05T16:17:50.663+0000] {processor.py:830} INFO - Processing file /home/airflow/.local/lib/python3.11/site-packages/airflow/example_dags/tutorial_objectstorage.py for tasks to queue
[2026-07-05T16:17:50.665+0000] {logging_mixin.py:188} INFO - [2026-07-05T16:17:50.665+0000] {dagbag.py:545} INFO - Filling up the DagBag from /home/airflow/.local/lib/python3.11/site-packages/airflow/example_dags/tutorial_objectstorage.py
[2026-07-05T16:17:50.672+0000] {processor.py:840} INFO - DAG(s) 'tutorial_objectstorage' retrieved from /home/airflow/.local/lib/python3.11/site-packages/airflow/example_dags/tutorial_objectstorage.py
[2026-07-05T16:17:50.691+0000] {logging_mixin.py:188} INFO - [2026-07-05T16:17:50.691+0000] {dag.py:3096} INFO - Sync 1 DAGs
[2026-07-05T16:17:50.702+0000] {logging_mixin.py:188} INFO - [2026-07-05T16:17:50.702+0000] {dag.py:3954} INFO - Setting next_dagrun for tutorial_objectstorage to None, run_after=None
[2026-07-05T16:17:50.721+0000] {processor.py:183} INFO - Processing /home/airflow/.local/lib/python3.11/site-packages/airflow/example_dags/tutorial_objectstorage.py took 0.065 seconds
[2026-07-05T16:18:21.396+0000] {processor.py:161} INFO - Started process (PID=1012) to work on /home/airflow/.local/lib/python3.11/site-packages/airflow/example_dags/tutorial_objectstorage.py
[2026-07-05T16:18:21.398+0000] {processor.py:830} INFO - Processing file /home/airflow/.local/lib/python3.11/site-packages/airflow/example_dags/tutorial_objectstorage.py for tasks to queue
[2026-07-05T16:18:21.402+0000] {logging_mixin.py:188} INFO - [2026-07-05T16:18:21.401+0000] {dagbag.py:545} INFO - Filling up the DagBag from /home/airflow/.local/lib/python3.11/site-packages/airflow/example_dags/tutorial_objectstorage.py
[2026-07-05T16:18:21.416+0000] {processor.py:840} INFO - DAG(s) 'tutorial_objectstorage' retrieved from /home/airflow/.local/lib/python3.11/site-packages/airflow/example_dags/tutorial_objectstorage.py
[2026-07-05T16:18:21.448+0000] {logging_mixin.py:188} INFO - [2026-07-05T16:18:21.447+0000] {dag.py:3096} INFO - Sync 1 DAGs
[2026-07-05T16:18:21.473+0000] {logging_mixin.py:188} INFO - [2026-07-05T16:18:21.472+0000] {dag.py:3954} INFO - Setting next_dagrun for tutorial_objectstorage to None, run_after=None
[2026-07-05T16:18:21.511+0000] {processor.py:183} INFO - Processing /home/airflow/.local/lib/python3.11/site-packages/airflow/example_dags/tutorial_objectstorage.py took 0.124 seconds
[2026-07-05T16:18:51.780+0000] {processor.py:161} INFO - Started process (PID=1070) to work on /home/airflow/.local/lib/python3.11/site-packages/airflow/example_dags/tutorial_objectstorage.py
[2026-07-05T16:18:51.781+0000] {processor.py:830} INFO - Processing file /home/airflow/.local/lib/python3.11/site-packages/airflow/example_dags/tutorial_objectstorage.py for tasks to queue
[2026-07-05T16:18:51.784+0000] {logging_mixin.py:188} INFO - [2026-07-05T16:18:51.783+0000] {dagbag.py:545} INFO - Filling up the DagBag from /home/airflow/.local/lib/python3.11/site-packages/airflow/example_dags/tutorial_objectstorage.py
[2026-07-05T16:18:51.791+0000] {processor.py:840} INFO - DAG(s) 'tutorial_objectstorage' retrieved from /home/airflow/.local/lib/python3.11/site-packages/airflow/example_dags/tutorial_objectstorage.py
[2026-07-05T16:18:51.810+0000] {logging_mixin.py:188} INFO - [2026-07-05T16:18:51.810+0000] {dag.py:3096} INFO - Sync 1 DAGs
[2026-07-05T16:18:51.823+0000] {logging_mixin.py:188} INFO - [2026-07-05T16:18:51.823+0000] {dag.py:3954} INFO - Setting next_dagrun for tutorial_objectstorage to None, run_after=None
[2026-07-05T16:18:51.840+0000] {processor.py:183} INFO - Processing /home/airflow/.local/lib/python3.11/site-packages/airflow/example_dags/tutorial_objectstorage.py took 0.066 seconds
