[2026-07-05T16:07:25.826+0000] {processor.py:161} INFO - Started process (PID=71) to work on /home/airflow/.local/lib/python3.11/site-packages/airflow/example_dags/tutorial_dag.py
[2026-07-05T16:07:25.833+0000] {processor.py:830} INFO - Processing file /home/airflow/.local/lib/python3.11/site-packages/airflow/example_dags/tutorial_dag.py for tasks to queue
[2026-07-05T16:07:25.850+0000] {logging_mixin.py:188} INFO - [2026-07-05T16:07:25.849+0000] {dagbag.py:545} INFO - Filling up the DagBag from /home/airflow/.local/lib/python3.11/site-packages/airflow/example_dags/tutorial_dag.py
[2026-07-05T16:07:25.943+0000] {processor.py:840} INFO - DAG(s) 'tutorial_dag' retrieved from /home/airflow/.local/lib/python3.11/site-packages/airflow/example_dags/tutorial_dag.py
[2026-07-05T16:07:26.320+0000] {logging_mixin.py:188} INFO - [2026-07-05T16:07:26.317+0000] {override.py:1829} INFO - Created Permission View: can delete on DAG:tutorial_dag
[2026-07-05T16:07:26.355+0000] {logging_mixin.py:188} INFO - [2026-07-05T16:07:26.354+0000] {override.py:1829} INFO - Created Permission View: can read on DAG:tutorial_dag
[2026-07-05T16:07:26.373+0000] {logging_mixin.py:188} INFO - [2026-07-05T16:07:26.373+0000] {override.py:1829} INFO - Created Permission View: can edit on DAG:tutorial_dag
[2026-07-05T16:07:26.375+0000] {logging_mixin.py:188} INFO - [2026-07-05T16:07:26.374+0000] {dag.py:3096} INFO - Sync 1 DAGs
[2026-07-05T16:07:26.429+0000] {logging_mixin.py:188} INFO - [2026-07-05T16:07:26.429+0000] {dag.py:3118} INFO - Creating ORM DAG for tutorial_dag
[2026-07-05T16:07:26.432+0000] {logging_mixin.py:188} INFO - [2026-07-05T16:07:26.432+0000] {dag.py:3954} INFO - Setting next_dagrun for tutorial_dag to None, run_after=None
[2026-07-05T16:07:26.479+0000] {processor.py:183} INFO - Processing /home/airflow/.local/lib/python3.11/site-packages/airflow/example_dags/tutorial_dag.py took 0.719 seconds
[2026-07-05T16:07:57.324+0000] {processor.py:161} INFO - Started process (PID=129) to work on /home/airflow/.local/lib/python3.11/site-packages/airflow/example_dags/tutorial_dag.py
[2026-07-05T16:07:57.325+0000] {processor.py:830} INFO - Processing file /home/airflow/.local/lib/python3.11/site-packages/airflow/example_dags/tutorial_dag.py for tasks to queue
[2026-07-05T16:07:57.327+0000] {logging_mixin.py:188} INFO - [2026-07-05T16:07:57.326+0000] {dagbag.py:545} INFO - Filling up the DagBag from /home/airflow/.local/lib/python3.11/site-packages/airflow/example_dags/tutorial_dag.py
[2026-07-05T16:07:57.332+0000] {processor.py:840} INFO - DAG(s) 'tutorial_dag' retrieved from /home/airflow/.local/lib/python3.11/site-packages/airflow/example_dags/tutorial_dag.py
[2026-07-05T16:07:57.354+0000] {logging_mixin.py:188} INFO - [2026-07-05T16:07:57.354+0000] {dag.py:3096} INFO - Sync 1 DAGs
[2026-07-05T16:07:57.364+0000] {logging_mixin.py:188} INFO - [2026-07-05T16:07:57.364+0000] {dag.py:3954} INFO - Setting next_dagrun for tutorial_dag to None, run_after=None
[2026-07-05T16:07:57.382+0000] {processor.py:183} INFO - Processing /home/airflow/.local/lib/python3.11/site-packages/airflow/example_dags/tutorial_dag.py took 0.064 seconds
[2026-07-05T16:08:27.695+0000] {processor.py:161} INFO - Started process (PID=187) to work on /home/airflow/.local/lib/python3.11/site-packages/airflow/example_dags/tutorial_dag.py
[2026-07-05T16:08:27.697+0000] {processor.py:830} INFO - Processing file /home/airflow/.local/lib/python3.11/site-packages/airflow/example_dags/tutorial_dag.py for tasks to queue
[2026-07-05T16:08:27.704+0000] {logging_mixin.py:188} INFO - [2026-07-05T16:08:27.703+0000] {dagbag.py:545} INFO - Filling up the DagBag from /home/airflow/.local/lib/python3.11/site-packages/airflow/example_dags/tutorial_dag.py
[2026-07-05T16:08:27.742+0000] {processor.py:840} INFO - DAG(s) 'tutorial_dag' retrieved from /home/airflow/.local/lib/python3.11/site-packages/airflow/example_dags/tutorial_dag.py
[2026-07-05T16:08:27.809+0000] {logging_mixin.py:188} INFO - [2026-07-05T16:08:27.808+0000] {dag.py:3096} INFO - Sync 1 DAGs
[2026-07-05T16:08:27.848+0000] {logging_mixin.py:188} INFO - [2026-07-05T16:08:27.848+0000] {dag.py:3954} INFO - Setting next_dagrun for tutorial_dag to None, run_after=None
[2026-07-05T16:08:27.890+0000] {processor.py:183} INFO - Processing /home/airflow/.local/lib/python3.11/site-packages/airflow/example_dags/tutorial_dag.py took 0.208 seconds
[2026-07-05T16:08:58.069+0000] {processor.py:161} INFO - Started process (PID=245) to work on /home/airflow/.local/lib/python3.11/site-packages/airflow/example_dags/tutorial_dag.py
[2026-07-05T16:08:58.070+0000] {processor.py:830} INFO - Processing file /home/airflow/.local/lib/python3.11/site-packages/airflow/example_dags/tutorial_dag.py for tasks to queue
[2026-07-05T16:08:58.072+0000] {logging_mixin.py:188} INFO - [2026-07-05T16:08:58.072+0000] {dagbag.py:545} INFO - Filling up the DagBag from /home/airflow/.local/lib/python3.11/site-packages/airflow/example_dags/tutorial_dag.py
[2026-07-05T16:08:58.078+0000] {processor.py:840} INFO - DAG(s) 'tutorial_dag' retrieved from /home/airflow/.local/lib/python3.11/site-packages/airflow/example_dags/tutorial_dag.py
[2026-07-05T16:08:58.101+0000] {logging_mixin.py:188} INFO - [2026-07-05T16:08:58.101+0000] {dag.py:3096} INFO - Sync 1 DAGs
[2026-07-05T16:08:58.113+0000] {logging_mixin.py:188} INFO - [2026-07-05T16:08:58.112+0000] {dag.py:3954} INFO - Setting next_dagrun for tutorial_dag to None, run_after=None
[2026-07-05T16:08:58.135+0000] {processor.py:183} INFO - Processing /home/airflow/.local/lib/python3.11/site-packages/airflow/example_dags/tutorial_dag.py took 0.072 seconds
[2026-07-05T16:09:28.183+0000] {processor.py:161} INFO - Started process (PID=303) to work on /home/airflow/.local/lib/python3.11/site-packages/airflow/example_dags/tutorial_dag.py
[2026-07-05T16:09:28.185+0000] {processor.py:830} INFO - Processing file /home/airflow/.local/lib/python3.11/site-packages/airflow/example_dags/tutorial_dag.py for tasks to queue
[2026-07-05T16:09:28.188+0000] {logging_mixin.py:188} INFO - [2026-07-05T16:09:28.188+0000] {dagbag.py:545} INFO - Filling up the DagBag from /home/airflow/.local/lib/python3.11/site-packages/airflow/example_dags/tutorial_dag.py
[2026-07-05T16:09:28.195+0000] {processor.py:840} INFO - DAG(s) 'tutorial_dag' retrieved from /home/airflow/.local/lib/python3.11/site-packages/airflow/example_dags/tutorial_dag.py
[2026-07-05T16:09:28.210+0000] {logging_mixin.py:188} INFO - [2026-07-05T16:09:28.210+0000] {dag.py:3096} INFO - Sync 1 DAGs
[2026-07-05T16:09:28.225+0000] {logging_mixin.py:188} INFO - [2026-07-05T16:09:28.225+0000] {dag.py:3954} INFO - Setting next_dagrun for tutorial_dag to None, run_after=None
[2026-07-05T16:09:28.252+0000] {processor.py:183} INFO - Processing /home/airflow/.local/lib/python3.11/site-packages/airflow/example_dags/tutorial_dag.py took 0.077 seconds
[2026-07-05T16:10:10.197+0000] {processor.py:161} INFO - Started process (PID=60) to work on /home/airflow/.local/lib/python3.11/site-packages/airflow/example_dags/tutorial_dag.py
[2026-07-05T16:10:10.199+0000] {processor.py:830} INFO - Processing file /home/airflow/.local/lib/python3.11/site-packages/airflow/example_dags/tutorial_dag.py for tasks to queue
[2026-07-05T16:10:10.202+0000] {logging_mixin.py:188} INFO - [2026-07-05T16:10:10.202+0000] {dagbag.py:545} INFO - Filling up the DagBag from /home/airflow/.local/lib/python3.11/site-packages/airflow/example_dags/tutorial_dag.py
[2026-07-05T16:10:10.216+0000] {processor.py:840} INFO - DAG(s) 'tutorial_dag' retrieved from /home/airflow/.local/lib/python3.11/site-packages/airflow/example_dags/tutorial_dag.py
[2026-07-05T16:10:10.232+0000] {logging_mixin.py:188} INFO - [2026-07-05T16:10:10.231+0000] {dag.py:3096} INFO - Sync 1 DAGs
[2026-07-05T16:10:10.480+0000] {logging_mixin.py:188} INFO - [2026-07-05T16:10:10.479+0000] {dag.py:3954} INFO - Setting next_dagrun for tutorial_dag to None, run_after=None
[2026-07-05T16:10:10.504+0000] {processor.py:183} INFO - Processing /home/airflow/.local/lib/python3.11/site-packages/airflow/example_dags/tutorial_dag.py took 0.315 seconds
[2026-07-05T16:10:40.702+0000] {processor.py:161} INFO - Started process (PID=118) to work on /home/airflow/.local/lib/python3.11/site-packages/airflow/example_dags/tutorial_dag.py
[2026-07-05T16:10:40.703+0000] {processor.py:830} INFO - Processing file /home/airflow/.local/lib/python3.11/site-packages/airflow/example_dags/tutorial_dag.py for tasks to queue
[2026-07-05T16:10:40.705+0000] {logging_mixin.py:188} INFO - [2026-07-05T16:10:40.704+0000] {dagbag.py:545} INFO - Filling up the DagBag from /home/airflow/.local/lib/python3.11/site-packages/airflow/example_dags/tutorial_dag.py
[2026-07-05T16:10:40.710+0000] {processor.py:840} INFO - DAG(s) 'tutorial_dag' retrieved from /home/airflow/.local/lib/python3.11/site-packages/airflow/example_dags/tutorial_dag.py
[2026-07-05T16:10:40.830+0000] {logging_mixin.py:188} INFO - [2026-07-05T16:10:40.830+0000] {dag.py:3096} INFO - Sync 1 DAGs
[2026-07-05T16:10:40.844+0000] {logging_mixin.py:188} INFO - [2026-07-05T16:10:40.844+0000] {dag.py:3954} INFO - Setting next_dagrun for tutorial_dag to None, run_after=None
[2026-07-05T16:10:40.872+0000] {processor.py:183} INFO - Processing /home/airflow/.local/lib/python3.11/site-packages/airflow/example_dags/tutorial_dag.py took 0.176 seconds
[2026-07-05T16:11:11.030+0000] {processor.py:161} INFO - Started process (PID=177) to work on /home/airflow/.local/lib/python3.11/site-packages/airflow/example_dags/tutorial_dag.py
[2026-07-05T16:11:11.031+0000] {processor.py:830} INFO - Processing file /home/airflow/.local/lib/python3.11/site-packages/airflow/example_dags/tutorial_dag.py for tasks to queue
[2026-07-05T16:11:11.034+0000] {logging_mixin.py:188} INFO - [2026-07-05T16:11:11.034+0000] {dagbag.py:545} INFO - Filling up the DagBag from /home/airflow/.local/lib/python3.11/site-packages/airflow/example_dags/tutorial_dag.py
[2026-07-05T16:11:11.042+0000] {processor.py:840} INFO - DAG(s) 'tutorial_dag' retrieved from /home/airflow/.local/lib/python3.11/site-packages/airflow/example_dags/tutorial_dag.py
[2026-07-05T16:11:11.075+0000] {logging_mixin.py:188} INFO - [2026-07-05T16:11:11.075+0000] {dag.py:3096} INFO - Sync 1 DAGs
[2026-07-05T16:11:11.092+0000] {logging_mixin.py:188} INFO - [2026-07-05T16:11:11.091+0000] {dag.py:3954} INFO - Setting next_dagrun for tutorial_dag to None, run_after=None
[2026-07-05T16:11:11.120+0000] {processor.py:183} INFO - Processing /home/airflow/.local/lib/python3.11/site-packages/airflow/example_dags/tutorial_dag.py took 0.099 seconds
[2026-07-05T16:11:41.177+0000] {processor.py:161} INFO - Started process (PID=234) to work on /home/airflow/.local/lib/python3.11/site-packages/airflow/example_dags/tutorial_dag.py
[2026-07-05T16:11:41.179+0000] {processor.py:830} INFO - Processing file /home/airflow/.local/lib/python3.11/site-packages/airflow/example_dags/tutorial_dag.py for tasks to queue
[2026-07-05T16:11:41.183+0000] {logging_mixin.py:188} INFO - [2026-07-05T16:11:41.182+0000] {dagbag.py:545} INFO - Filling up the DagBag from /home/airflow/.local/lib/python3.11/site-packages/airflow/example_dags/tutorial_dag.py
[2026-07-05T16:11:41.197+0000] {processor.py:840} INFO - DAG(s) 'tutorial_dag' retrieved from /home/airflow/.local/lib/python3.11/site-packages/airflow/example_dags/tutorial_dag.py
[2026-07-05T16:11:41.246+0000] {logging_mixin.py:188} INFO - [2026-07-05T16:11:41.246+0000] {dag.py:3096} INFO - Sync 1 DAGs
[2026-07-05T16:11:41.271+0000] {logging_mixin.py:188} INFO - [2026-07-05T16:11:41.271+0000] {dag.py:3954} INFO - Setting next_dagrun for tutorial_dag to None, run_after=None
[2026-07-05T16:11:41.303+0000] {processor.py:183} INFO - Processing /home/airflow/.local/lib/python3.11/site-packages/airflow/example_dags/tutorial_dag.py took 0.141 seconds
[2026-07-05T16:12:12.227+0000] {processor.py:161} INFO - Started process (PID=293) to work on /home/airflow/.local/lib/python3.11/site-packages/airflow/example_dags/tutorial_dag.py
[2026-07-05T16:12:12.230+0000] {processor.py:830} INFO - Processing file /home/airflow/.local/lib/python3.11/site-packages/airflow/example_dags/tutorial_dag.py for tasks to queue
[2026-07-05T16:12:12.233+0000] {logging_mixin.py:188} INFO - [2026-07-05T16:12:12.232+0000] {dagbag.py:545} INFO - Filling up the DagBag from /home/airflow/.local/lib/python3.11/site-packages/airflow/example_dags/tutorial_dag.py
[2026-07-05T16:12:12.244+0000] {processor.py:840} INFO - DAG(s) 'tutorial_dag' retrieved from /home/airflow/.local/lib/python3.11/site-packages/airflow/example_dags/tutorial_dag.py
[2026-07-05T16:12:12.266+0000] {logging_mixin.py:188} INFO - [2026-07-05T16:12:12.265+0000] {dag.py:3096} INFO - Sync 1 DAGs
[2026-07-05T16:12:12.308+0000] {logging_mixin.py:188} INFO - [2026-07-05T16:12:12.307+0000] {dag.py:3954} INFO - Setting next_dagrun for tutorial_dag to None, run_after=None
[2026-07-05T16:12:12.350+0000] {processor.py:183} INFO - Processing /home/airflow/.local/lib/python3.11/site-packages/airflow/example_dags/tutorial_dag.py took 0.135 seconds
[2026-07-05T16:12:42.671+0000] {processor.py:161} INFO - Started process (PID=351) to work on /home/airflow/.local/lib/python3.11/site-packages/airflow/example_dags/tutorial_dag.py
[2026-07-05T16:12:42.672+0000] {processor.py:830} INFO - Processing file /home/airflow/.local/lib/python3.11/site-packages/airflow/example_dags/tutorial_dag.py for tasks to queue
[2026-07-05T16:12:42.676+0000] {logging_mixin.py:188} INFO - [2026-07-05T16:12:42.675+0000] {dagbag.py:545} INFO - Filling up the DagBag from /home/airflow/.local/lib/python3.11/site-packages/airflow/example_dags/tutorial_dag.py
[2026-07-05T16:12:42.685+0000] {processor.py:840} INFO - DAG(s) 'tutorial_dag' retrieved from /home/airflow/.local/lib/python3.11/site-packages/airflow/example_dags/tutorial_dag.py
[2026-07-05T16:12:42.858+0000] {logging_mixin.py:188} INFO - [2026-07-05T16:12:42.857+0000] {dag.py:3096} INFO - Sync 1 DAGs
[2026-07-05T16:12:42.873+0000] {logging_mixin.py:188} INFO - [2026-07-05T16:12:42.873+0000] {dag.py:3954} INFO - Setting next_dagrun for tutorial_dag to None, run_after=None
[2026-07-05T16:12:42.897+0000] {processor.py:183} INFO - Processing /home/airflow/.local/lib/python3.11/site-packages/airflow/example_dags/tutorial_dag.py took 0.235 seconds
[2026-07-05T16:13:13.079+0000] {processor.py:161} INFO - Started process (PID=416) to work on /home/airflow/.local/lib/python3.11/site-packages/airflow/example_dags/tutorial_dag.py
[2026-07-05T16:13:13.080+0000] {processor.py:830} INFO - Processing file /home/airflow/.local/lib/python3.11/site-packages/airflow/example_dags/tutorial_dag.py for tasks to queue
[2026-07-05T16:13:13.083+0000] {logging_mixin.py:188} INFO - [2026-07-05T16:13:13.082+0000] {dagbag.py:545} INFO - Filling up the DagBag from /home/airflow/.local/lib/python3.11/site-packages/airflow/example_dags/tutorial_dag.py
[2026-07-05T16:13:13.088+0000] {processor.py:840} INFO - DAG(s) 'tutorial_dag' retrieved from /home/airflow/.local/lib/python3.11/site-packages/airflow/example_dags/tutorial_dag.py
[2026-07-05T16:13:13.119+0000] {logging_mixin.py:188} INFO - [2026-07-05T16:13:13.118+0000] {dag.py:3096} INFO - Sync 1 DAGs
[2026-07-05T16:13:13.145+0000] {logging_mixin.py:188} INFO - [2026-07-05T16:13:13.145+0000] {dag.py:3954} INFO - Setting next_dagrun for tutorial_dag to None, run_after=None
[2026-07-05T16:13:13.181+0000] {processor.py:183} INFO - Processing /home/airflow/.local/lib/python3.11/site-packages/airflow/example_dags/tutorial_dag.py took 0.110 seconds
[2026-07-05T16:13:43.686+0000] {processor.py:161} INFO - Started process (PID=474) to work on /home/airflow/.local/lib/python3.11/site-packages/airflow/example_dags/tutorial_dag.py
[2026-07-05T16:13:43.688+0000] {processor.py:830} INFO - Processing file /home/airflow/.local/lib/python3.11/site-packages/airflow/example_dags/tutorial_dag.py for tasks to queue
[2026-07-05T16:13:43.690+0000] {logging_mixin.py:188} INFO - [2026-07-05T16:13:43.690+0000] {dagbag.py:545} INFO - Filling up the DagBag from /home/airflow/.local/lib/python3.11/site-packages/airflow/example_dags/tutorial_dag.py
[2026-07-05T16:13:43.697+0000] {processor.py:840} INFO - DAG(s) 'tutorial_dag' retrieved from /home/airflow/.local/lib/python3.11/site-packages/airflow/example_dags/tutorial_dag.py
[2026-07-05T16:13:43.718+0000] {logging_mixin.py:188} INFO - [2026-07-05T16:13:43.718+0000] {dag.py:3096} INFO - Sync 1 DAGs
[2026-07-05T16:13:43.731+0000] {logging_mixin.py:188} INFO - [2026-07-05T16:13:43.730+0000] {dag.py:3954} INFO - Setting next_dagrun for tutorial_dag to None, run_after=None
[2026-07-05T16:13:43.755+0000] {processor.py:183} INFO - Processing /home/airflow/.local/lib/python3.11/site-packages/airflow/example_dags/tutorial_dag.py took 0.075 seconds
[2026-07-05T16:14:13.946+0000] {processor.py:161} INFO - Started process (PID=532) to work on /home/airflow/.local/lib/python3.11/site-packages/airflow/example_dags/tutorial_dag.py
[2026-07-05T16:14:13.947+0000] {processor.py:830} INFO - Processing file /home/airflow/.local/lib/python3.11/site-packages/airflow/example_dags/tutorial_dag.py for tasks to queue
[2026-07-05T16:14:13.951+0000] {logging_mixin.py:188} INFO - [2026-07-05T16:14:13.950+0000] {dagbag.py:545} INFO - Filling up the DagBag from /home/airflow/.local/lib/python3.11/site-packages/airflow/example_dags/tutorial_dag.py
[2026-07-05T16:14:13.956+0000] {processor.py:840} INFO - DAG(s) 'tutorial_dag' retrieved from /home/airflow/.local/lib/python3.11/site-packages/airflow/example_dags/tutorial_dag.py
[2026-07-05T16:14:13.979+0000] {logging_mixin.py:188} INFO - [2026-07-05T16:14:13.978+0000] {dag.py:3096} INFO - Sync 1 DAGs
[2026-07-05T16:14:13.990+0000] {logging_mixin.py:188} INFO - [2026-07-05T16:14:13.990+0000] {dag.py:3954} INFO - Setting next_dagrun for tutorial_dag to None, run_after=None
[2026-07-05T16:14:14.009+0000] {processor.py:183} INFO - Processing /home/airflow/.local/lib/python3.11/site-packages/airflow/example_dags/tutorial_dag.py took 0.069 seconds
[2026-07-05T16:14:44.177+0000] {processor.py:161} INFO - Started process (PID=590) to work on /home/airflow/.local/lib/python3.11/site-packages/airflow/example_dags/tutorial_dag.py
[2026-07-05T16:14:44.178+0000] {processor.py:830} INFO - Processing file /home/airflow/.local/lib/python3.11/site-packages/airflow/example_dags/tutorial_dag.py for tasks to queue
[2026-07-05T16:14:44.180+0000] {logging_mixin.py:188} INFO - [2026-07-05T16:14:44.180+0000] {dagbag.py:545} INFO - Filling up the DagBag from /home/airflow/.local/lib/python3.11/site-packages/airflow/example_dags/tutorial_dag.py
[2026-07-05T16:14:44.185+0000] {processor.py:840} INFO - DAG(s) 'tutorial_dag' retrieved from /home/airflow/.local/lib/python3.11/site-packages/airflow/example_dags/tutorial_dag.py
[2026-07-05T16:14:44.208+0000] {logging_mixin.py:188} INFO - [2026-07-05T16:14:44.208+0000] {dag.py:3096} INFO - Sync 1 DAGs
[2026-07-05T16:14:44.219+0000] {logging_mixin.py:188} INFO - [2026-07-05T16:14:44.218+0000] {dag.py:3954} INFO - Setting next_dagrun for tutorial_dag to None, run_after=None
[2026-07-05T16:14:44.236+0000] {processor.py:183} INFO - Processing /home/airflow/.local/lib/python3.11/site-packages/airflow/example_dags/tutorial_dag.py took 0.065 seconds
[2026-07-05T16:15:14.358+0000] {processor.py:161} INFO - Started process (PID=648) to work on /home/airflow/.local/lib/python3.11/site-packages/airflow/example_dags/tutorial_dag.py
[2026-07-05T16:15:14.359+0000] {processor.py:830} INFO - Processing file /home/airflow/.local/lib/python3.11/site-packages/airflow/example_dags/tutorial_dag.py for tasks to queue
[2026-07-05T16:15:14.361+0000] {logging_mixin.py:188} INFO - [2026-07-05T16:15:14.360+0000] {dagbag.py:545} INFO - Filling up the DagBag from /home/airflow/.local/lib/python3.11/site-packages/airflow/example_dags/tutorial_dag.py
[2026-07-05T16:15:14.365+0000] {processor.py:840} INFO - DAG(s) 'tutorial_dag' retrieved from /home/airflow/.local/lib/python3.11/site-packages/airflow/example_dags/tutorial_dag.py
[2026-07-05T16:15:14.385+0000] {logging_mixin.py:188} INFO - [2026-07-05T16:15:14.384+0000] {dag.py:3096} INFO - Sync 1 DAGs
[2026-07-05T16:15:14.397+0000] {logging_mixin.py:188} INFO - [2026-07-05T16:15:14.397+0000] {dag.py:3954} INFO - Setting next_dagrun for tutorial_dag to None, run_after=None
[2026-07-05T16:15:14.418+0000] {processor.py:183} INFO - Processing /home/airflow/.local/lib/python3.11/site-packages/airflow/example_dags/tutorial_dag.py took 0.065 seconds
[2026-07-05T16:15:44.529+0000] {processor.py:161} INFO - Started process (PID=706) to work on /home/airflow/.local/lib/python3.11/site-packages/airflow/example_dags/tutorial_dag.py
[2026-07-05T16:15:44.530+0000] {processor.py:830} INFO - Processing file /home/airflow/.local/lib/python3.11/site-packages/airflow/example_dags/tutorial_dag.py for tasks to queue
[2026-07-05T16:15:44.532+0000] {logging_mixin.py:188} INFO - [2026-07-05T16:15:44.532+0000] {dagbag.py:545} INFO - Filling up the DagBag from /home/airflow/.local/lib/python3.11/site-packages/airflow/example_dags/tutorial_dag.py
[2026-07-05T16:15:44.538+0000] {processor.py:840} INFO - DAG(s) 'tutorial_dag' retrieved from /home/airflow/.local/lib/python3.11/site-packages/airflow/example_dags/tutorial_dag.py
[2026-07-05T16:15:44.557+0000] {logging_mixin.py:188} INFO - [2026-07-05T16:15:44.557+0000] {dag.py:3096} INFO - Sync 1 DAGs
[2026-07-05T16:15:44.571+0000] {logging_mixin.py:188} INFO - [2026-07-05T16:15:44.571+0000] {dag.py:3954} INFO - Setting next_dagrun for tutorial_dag to None, run_after=None
[2026-07-05T16:15:44.591+0000] {processor.py:183} INFO - Processing /home/airflow/.local/lib/python3.11/site-packages/airflow/example_dags/tutorial_dag.py took 0.068 seconds
[2026-07-05T16:16:14.691+0000] {processor.py:161} INFO - Started process (PID=763) to work on /home/airflow/.local/lib/python3.11/site-packages/airflow/example_dags/tutorial_dag.py
[2026-07-05T16:16:14.693+0000] {processor.py:830} INFO - Processing file /home/airflow/.local/lib/python3.11/site-packages/airflow/example_dags/tutorial_dag.py for tasks to queue
[2026-07-05T16:16:14.695+0000] {logging_mixin.py:188} INFO - [2026-07-05T16:16:14.695+0000] {dagbag.py:545} INFO - Filling up the DagBag from /home/airflow/.local/lib/python3.11/site-packages/airflow/example_dags/tutorial_dag.py
[2026-07-05T16:16:14.701+0000] {processor.py:840} INFO - DAG(s) 'tutorial_dag' retrieved from /home/airflow/.local/lib/python3.11/site-packages/airflow/example_dags/tutorial_dag.py
[2026-07-05T16:16:14.722+0000] {logging_mixin.py:188} INFO - [2026-07-05T16:16:14.722+0000] {dag.py:3096} INFO - Sync 1 DAGs
[2026-07-05T16:16:14.734+0000] {logging_mixin.py:188} INFO - [2026-07-05T16:16:14.734+0000] {dag.py:3954} INFO - Setting next_dagrun for tutorial_dag to None, run_after=None
[2026-07-05T16:16:14.753+0000] {processor.py:183} INFO - Processing /home/airflow/.local/lib/python3.11/site-packages/airflow/example_dags/tutorial_dag.py took 0.069 seconds
[2026-07-05T16:16:45.057+0000] {processor.py:161} INFO - Started process (PID=821) to work on /home/airflow/.local/lib/python3.11/site-packages/airflow/example_dags/tutorial_dag.py
[2026-07-05T16:16:45.058+0000] {processor.py:830} INFO - Processing file /home/airflow/.local/lib/python3.11/site-packages/airflow/example_dags/tutorial_dag.py for tasks to queue
[2026-07-05T16:16:45.061+0000] {logging_mixin.py:188} INFO - [2026-07-05T16:16:45.060+0000] {dagbag.py:545} INFO - Filling up the DagBag from /home/airflow/.local/lib/python3.11/site-packages/airflow/example_dags/tutorial_dag.py
[2026-07-05T16:16:45.067+0000] {processor.py:840} INFO - DAG(s) 'tutorial_dag' retrieved from /home/airflow/.local/lib/python3.11/site-packages/airflow/example_dags/tutorial_dag.py
[2026-07-05T16:16:45.090+0000] {logging_mixin.py:188} INFO - [2026-07-05T16:16:45.090+0000] {dag.py:3096} INFO - Sync 1 DAGs
[2026-07-05T16:16:45.103+0000] {logging_mixin.py:188} INFO - [2026-07-05T16:16:45.102+0000] {dag.py:3954} INFO - Setting next_dagrun for tutorial_dag to None, run_after=None
[2026-07-05T16:16:45.123+0000] {processor.py:183} INFO - Processing /home/airflow/.local/lib/python3.11/site-packages/airflow/example_dags/tutorial_dag.py took 0.072 seconds
[2026-07-05T16:17:15.293+0000] {processor.py:161} INFO - Started process (PID=879) to work on /home/airflow/.local/lib/python3.11/site-packages/airflow/example_dags/tutorial_dag.py
[2026-07-05T16:17:15.294+0000] {processor.py:830} INFO - Processing file /home/airflow/.local/lib/python3.11/site-packages/airflow/example_dags/tutorial_dag.py for tasks to queue
[2026-07-05T16:17:15.297+0000] {logging_mixin.py:188} INFO - [2026-07-05T16:17:15.297+0000] {dagbag.py:545} INFO - Filling up the DagBag from /home/airflow/.local/lib/python3.11/site-packages/airflow/example_dags/tutorial_dag.py
[2026-07-05T16:17:15.306+0000] {processor.py:840} INFO - DAG(s) 'tutorial_dag' retrieved from /home/airflow/.local/lib/python3.11/site-packages/airflow/example_dags/tutorial_dag.py
[2026-07-05T16:17:15.332+0000] {logging_mixin.py:188} INFO - [2026-07-05T16:17:15.332+0000] {dag.py:3096} INFO - Sync 1 DAGs
[2026-07-05T16:17:15.348+0000] {logging_mixin.py:188} INFO - [2026-07-05T16:17:15.347+0000] {dag.py:3954} INFO - Setting next_dagrun for tutorial_dag to None, run_after=None
[2026-07-05T16:17:15.373+0000] {processor.py:183} INFO - Processing /home/airflow/.local/lib/python3.11/site-packages/airflow/example_dags/tutorial_dag.py took 0.088 seconds
[2026-07-05T16:17:45.632+0000] {processor.py:161} INFO - Started process (PID=937) to work on /home/airflow/.local/lib/python3.11/site-packages/airflow/example_dags/tutorial_dag.py
[2026-07-05T16:17:45.633+0000] {processor.py:830} INFO - Processing file /home/airflow/.local/lib/python3.11/site-packages/airflow/example_dags/tutorial_dag.py for tasks to queue
[2026-07-05T16:17:45.637+0000] {logging_mixin.py:188} INFO - [2026-07-05T16:17:45.637+0000] {dagbag.py:545} INFO - Filling up the DagBag from /home/airflow/.local/lib/python3.11/site-packages/airflow/example_dags/tutorial_dag.py
[2026-07-05T16:17:45.645+0000] {processor.py:840} INFO - DAG(s) 'tutorial_dag' retrieved from /home/airflow/.local/lib/python3.11/site-packages/airflow/example_dags/tutorial_dag.py
[2026-07-05T16:17:45.670+0000] {logging_mixin.py:188} INFO - [2026-07-05T16:17:45.670+0000] {dag.py:3096} INFO - Sync 1 DAGs
[2026-07-05T16:17:45.683+0000] {logging_mixin.py:188} INFO - [2026-07-05T16:17:45.682+0000] {dag.py:3954} INFO - Setting next_dagrun for tutorial_dag to None, run_after=None
[2026-07-05T16:17:45.704+0000] {processor.py:183} INFO - Processing /home/airflow/.local/lib/python3.11/site-packages/airflow/example_dags/tutorial_dag.py took 0.088 seconds
[2026-07-05T16:18:16.475+0000] {processor.py:161} INFO - Started process (PID=996) to work on /home/airflow/.local/lib/python3.11/site-packages/airflow/example_dags/tutorial_dag.py
[2026-07-05T16:18:16.476+0000] {processor.py:830} INFO - Processing file /home/airflow/.local/lib/python3.11/site-packages/airflow/example_dags/tutorial_dag.py for tasks to queue
[2026-07-05T16:18:16.478+0000] {logging_mixin.py:188} INFO - [2026-07-05T16:18:16.478+0000] {dagbag.py:545} INFO - Filling up the DagBag from /home/airflow/.local/lib/python3.11/site-packages/airflow/example_dags/tutorial_dag.py
[2026-07-05T16:18:16.484+0000] {processor.py:840} INFO - DAG(s) 'tutorial_dag' retrieved from /home/airflow/.local/lib/python3.11/site-packages/airflow/example_dags/tutorial_dag.py
[2026-07-05T16:18:16.509+0000] {logging_mixin.py:188} INFO - [2026-07-05T16:18:16.509+0000] {dag.py:3096} INFO - Sync 1 DAGs
[2026-07-05T16:18:16.524+0000] {logging_mixin.py:188} INFO - [2026-07-05T16:18:16.524+0000] {dag.py:3954} INFO - Setting next_dagrun for tutorial_dag to None, run_after=None
[2026-07-05T16:18:16.546+0000] {processor.py:183} INFO - Processing /home/airflow/.local/lib/python3.11/site-packages/airflow/example_dags/tutorial_dag.py took 0.079 seconds
[2026-07-05T16:18:46.788+0000] {processor.py:161} INFO - Started process (PID=1054) to work on /home/airflow/.local/lib/python3.11/site-packages/airflow/example_dags/tutorial_dag.py
[2026-07-05T16:18:46.789+0000] {processor.py:830} INFO - Processing file /home/airflow/.local/lib/python3.11/site-packages/airflow/example_dags/tutorial_dag.py for tasks to queue
[2026-07-05T16:18:46.792+0000] {logging_mixin.py:188} INFO - [2026-07-05T16:18:46.792+0000] {dagbag.py:545} INFO - Filling up the DagBag from /home/airflow/.local/lib/python3.11/site-packages/airflow/example_dags/tutorial_dag.py
[2026-07-05T16:18:46.797+0000] {processor.py:840} INFO - DAG(s) 'tutorial_dag' retrieved from /home/airflow/.local/lib/python3.11/site-packages/airflow/example_dags/tutorial_dag.py
[2026-07-05T16:18:46.825+0000] {logging_mixin.py:188} INFO - [2026-07-05T16:18:46.825+0000] {dag.py:3096} INFO - Sync 1 DAGs
[2026-07-05T16:18:46.837+0000] {logging_mixin.py:188} INFO - [2026-07-05T16:18:46.837+0000] {dag.py:3954} INFO - Setting next_dagrun for tutorial_dag to None, run_after=None
[2026-07-05T16:18:46.858+0000] {processor.py:183} INFO - Processing /home/airflow/.local/lib/python3.11/site-packages/airflow/example_dags/tutorial_dag.py took 0.076 seconds
[2026-07-05T18:48:22.890+0000] {processor.py:161} INFO - Started process (PID=1106) to work on /home/airflow/.local/lib/python3.11/site-packages/airflow/example_dags/tutorial_dag.py
[2026-07-05T18:48:22.894+0000] {processor.py:830} INFO - Processing file /home/airflow/.local/lib/python3.11/site-packages/airflow/example_dags/tutorial_dag.py for tasks to queue
[2026-07-05T18:48:22.905+0000] {logging_mixin.py:188} INFO - [2026-07-05T18:48:22.904+0000] {dagbag.py:545} INFO - Filling up the DagBag from /home/airflow/.local/lib/python3.11/site-packages/airflow/example_dags/tutorial_dag.py
[2026-07-05T18:48:22.916+0000] {processor.py:840} INFO - DAG(s) 'tutorial_dag' retrieved from /home/airflow/.local/lib/python3.11/site-packages/airflow/example_dags/tutorial_dag.py
[2026-07-05T18:48:22.982+0000] {logging_mixin.py:188} INFO - [2026-07-05T18:48:22.982+0000] {dag.py:3096} INFO - Sync 1 DAGs
