[2026-07-07T15:44:22.574+0000] {local_task_job_runner.py:120} INFO - ::group::Pre task execution logs
[2026-07-07T15:44:22.588+0000] {taskinstance.py:2076} INFO - Dependencies all met for dep_context=non-requeueable deps ti=<TaskInstance: mongo_to_bq_dag.extract_users manual__2026-07-07T15:44:18.949736+00:00 [queued]>
[2026-07-07T15:44:22.596+0000] {taskinstance.py:2076} INFO - Dependencies all met for dep_context=requeueable deps ti=<TaskInstance: mongo_to_bq_dag.extract_users manual__2026-07-07T15:44:18.949736+00:00 [queued]>
[2026-07-07T15:44:22.597+0000] {taskinstance.py:2306} INFO - Starting attempt 1 of 1
[2026-07-07T15:44:22.608+0000] {taskinstance.py:2330} INFO - Executing <Task(PythonOperator): extract_users> on 2026-07-07 15:44:18.949736+00:00
[2026-07-07T15:44:22.615+0000] {standard_task_runner.py:63} INFO - Started process 472 to run task
[2026-07-07T15:44:22.618+0000] {standard_task_runner.py:90} INFO - Running: ['***', 'tasks', 'run', 'mongo_to_bq_dag', 'extract_users', 'manual__2026-07-07T15:44:18.949736+00:00', '--job-id', '48', '--raw', '--subdir', 'DAGS_FOLDER/mongo_to_bq_dag.py', '--cfg-path', '/tmp/tmpkgovdxr_']
[2026-07-07T15:44:22.619+0000] {standard_task_runner.py:91} INFO - Job 48: Subtask extract_users
[2026-07-07T15:44:22.671+0000] {task_command.py:426} INFO - Running <TaskInstance: mongo_to_bq_dag.extract_users manual__2026-07-07T15:44:18.949736+00:00 [running]> on host b66a75308c99
[2026-07-07T15:44:23.054+0000] {taskinstance.py:2648} INFO - Exporting env vars: AIRFLOW_CTX_DAG_OWNER='data_engineer' AIRFLOW_CTX_DAG_ID='mongo_to_bq_dag' AIRFLOW_CTX_TASK_ID='extract_users' AIRFLOW_CTX_EXECUTION_DATE='2026-07-07T15:44:18.949736+00:00' AIRFLOW_CTX_TRY_NUMBER='1' AIRFLOW_CTX_DAG_RUN_ID='manual__2026-07-07T15:44:18.949736+00:00'
[2026-07-07T15:44:23.057+0000] {taskinstance.py:430} INFO - ::endgroup::
[2026-07-07T15:44:23.058+0000] {logging_mixin.py:188} INFO - Ekstraksi MongoDB untuk collection: users
[2026-07-07T15:44:23.071+0000] {base.py:84} INFO - Using connection ID 'mongo_conn' for task execution.
[2026-07-07T15:44:23.541+0000] {logger.py:96} INFO - {"message": "Waiting for suitable server to become available", "selector": "Primary()", "operation": "find", "topologyDescription": "<TopologyDescription id: 6a4d1ed7acfc96e77a7dd278, topology_type: ReplicaSetNoPrimary, servers: [<ServerDescription ('ac-u3q28i0-shard-00-00.cpdvfd0.mongodb.net', 27017) server_type: Unknown, rtt: None>, <ServerDescription ('ac-u3q28i0-shard-00-01.cpdvfd0.mongodb.net', 27017) server_type: Unknown, rtt: None>, <ServerDescription ('ac-u3q28i0-shard-00-02.cpdvfd0.mongodb.net', 27017) server_type: Unknown, rtt: None>]>", "clientId": {"$oid": "6a4d1ed7acfc96e77a7dd278"}, "remainingTimeMS": 29}
[2026-07-07T15:44:25.023+0000] {python.py:237} INFO - Done. Returned value was: /opt/***/dags/temp_users.json
[2026-07-07T15:44:25.024+0000] {taskinstance.py:441} INFO - ::group::Post task execution logs
[2026-07-07T15:44:25.045+0000] {taskinstance.py:1206} INFO - Marking task as SUCCESS. dag_id=mongo_to_bq_dag, task_id=extract_users, run_id=manual__2026-07-07T15:44:18.949736+00:00, execution_date=20260707T154418, start_date=20260707T154422, end_date=20260707T154425
[2026-07-07T15:44:25.082+0000] {local_task_job_runner.py:240} INFO - Task exited with return code 0
[2026-07-07T15:44:25.099+0000] {taskinstance.py:3498} INFO - 1 downstream tasks scheduled from follow-on schedule check
[2026-07-07T15:44:25.101+0000] {local_task_job_runner.py:222} INFO - ::endgroup::
