[0m23:54:37.442288 [debug] [MainThread]: Sending event: {'category': 'dbt', 'action': 'invocation', 'label': 'start', 'context': [<snowplow_tracker.self_describing_json.SelfDescribingJson object at 0x00000299C97D6510>, <snowplow_tracker.self_describing_json.SelfDescribingJson object at 0x00000299C5CE7750>, <snowplow_tracker.self_describing_json.SelfDescribingJson object at 0x00000299CB907D90>]}


============================== 23:54:37.449880 | b392cd50-cedd-4962-8f6f-09a6d0d02080 ==============================
[0m23:54:37.449880 [info ] [MainThread]: Running with dbt=1.11.11
[0m23:54:37.450643 [debug] [MainThread]: running dbt with arguments {'version_check': 'True', 'no_print': 'None', 'static_parser': 'True', 'warn_error_options': 'WarnErrorOptionsV2(error=[], warn=[], silence=[])', 'target_path': 'None', 'printer_width': '80', 'write_json': 'True', 'introspect': 'True', 'log_cache_events': 'False', 'empty': 'None', 'cache_selected_only': 'False', 'fail_fast': 'False', 'debug': 'False', 'log_format': 'default', 'profiles_dir': 'C:\\Users\\adeik\\.dbt', 'send_anonymous_usage_stats': 'True', 'quiet': 'False', 'warn_error': 'None', 'partial_parse': 'True', 'invocation_command': 'dbt init ecom_transformation', 'indirect_selection': 'eager', 'use_colors': 'True', 'use_experimental_parser': 'False', 'log_path': 'logs'}
[0m23:54:37.484759 [info ] [MainThread]: Creating dbt configuration folder at C:\Users\adeik\.dbt
[0m23:54:37.488095 [debug] [MainThread]: Starter project path: C:\Users\adeik\AppData\Local\Packages\PythonSoftwareFoundation.Python.3.13_qbz5n2kfra8p0\LocalCache\local-packages\Python313\site-packages\dbt\include\starter_project
[0m23:54:37.503650 [info ] [MainThread]: 
Your new dbt project "ecom_transformation" was created!

For more information on how to configure the profiles.yml file,
please consult the dbt documentation here:

  https://docs.getdbt.com/docs/configure-your-profile

One more thing:

Need help? Don't hesitate to reach out to us via GitHub issues or on Slack:

  https://community.getdbt.com/

Happy modeling!

[0m23:54:37.504228 [info ] [MainThread]: Setting up your profile.
[0m23:59:51.706696 [info ] [MainThread]: Profile ecom_transformation written to C:\Users\adeik\.dbt\profiles.yml using target's profile_template.yml and your supplied values. Run 'dbt debug' to validate the connection.
[0m23:59:51.709146 [debug] [MainThread]: Command `python -m dbt.cli.main init` succeeded at 23:59:51.708945 after 314.44 seconds
[0m23:59:51.709646 [debug] [MainThread]: Sending event: {'category': 'dbt', 'action': 'invocation', 'label': 'end', 'context': [<snowplow_tracker.self_describing_json.SelfDescribingJson object at 0x00000299DCC46B10>, <snowplow_tracker.self_describing_json.SelfDescribingJson object at 0x00000299CB6C69F0>, <snowplow_tracker.self_describing_json.SelfDescribingJson object at 0x00000299DCD04050>]}
[0m23:59:51.710051 [debug] [MainThread]: Flushing usage events
[0m23:59:53.851281 [debug] [MainThread]: An error was encountered while trying to flush usage events
[0m00:00:22.923316 [debug] [MainThread]: Sending event: {'category': 'dbt', 'action': 'invocation', 'label': 'start', 'context': [<snowplow_tracker.self_describing_json.SelfDescribingJson object at 0x000001C25E116510>, <snowplow_tracker.self_describing_json.SelfDescribingJson object at 0x000001C25A6C7750>, <snowplow_tracker.self_describing_json.SelfDescribingJson object at 0x000001C260363ED0>]}


============================== 00:00:22.930566 | f6df2e6b-57b3-407b-a853-718ba97f61e0 ==============================
[0m00:00:22.930566 [info ] [MainThread]: Running with dbt=1.11.11
[0m00:00:22.931407 [debug] [MainThread]: running dbt with arguments {'version_check': 'True', 'no_print': 'None', 'static_parser': 'True', 'target_path': 'None', 'warn_error_options': 'WarnErrorOptionsV2(error=[], warn=[], silence=[])', 'printer_width': '80', 'write_json': 'True', 'introspect': 'True', 'log_cache_events': 'False', 'empty': 'False', 'cache_selected_only': 'False', 'log_format': 'default', 'debug': 'False', 'fail_fast': 'False', 'profiles_dir': 'C:\\Users\\adeik\\.dbt', 'send_anonymous_usage_stats': 'True', 'quiet': 'False', 'warn_error': 'None', 'partial_parse': 'True', 'invocation_command': 'dbt run', 'use_colors': 'True', 'indirect_selection': 'eager', 'use_experimental_parser': 'False', 'log_path': 'logs'}
[0m00:00:22.932005 [error] [MainThread]: Encountered an error:
Runtime Error
  No dbt_project.yml found at expected path E:\Data Projects\ecom-pipeline-gcp-project\dbt_project.yml
  Verify that each entry within packages.yml (and their transitive dependencies) contains a file named dbt_project.yml
  
[0m00:00:22.932898 [debug] [MainThread]: Command `python -m dbt.cli.main run` failed at 00:00:22.932758 after 0.16 seconds
[0m00:00:22.933259 [debug] [MainThread]: Sending event: {'category': 'dbt', 'action': 'invocation', 'label': 'end', 'context': [<snowplow_tracker.self_describing_json.SelfDescribingJson object at 0x000001C2602EBBB0>, <snowplow_tracker.self_describing_json.SelfDescribingJson object at 0x000001C26030F9B0>, <snowplow_tracker.self_describing_json.SelfDescribingJson object at 0x000001C260322470>]}
[0m00:00:22.933615 [debug] [MainThread]: Flushing usage events
[0m00:00:28.887876 [debug] [MainThread]: An error was encountered while trying to flush usage events
[0m00:05:08.012399 [debug] [MainThread]: Sending event: {'category': 'dbt', 'action': 'invocation', 'label': 'start', 'context': [<snowplow_tracker.self_describing_json.SelfDescribingJson object at 0x000001A0743D6510>, <snowplow_tracker.self_describing_json.SelfDescribingJson object at 0x000001A0709B7750>, <snowplow_tracker.self_describing_json.SelfDescribingJson object at 0x000001A07650BD90>]}


============================== 00:05:08.016582 | bc9db554-2e0a-4bd0-a02b-3f91adad6c15 ==============================
[0m00:05:08.016582 [info ] [MainThread]: Running with dbt=1.11.11
[0m00:05:08.017381 [debug] [MainThread]: running dbt with arguments {'version_check': 'True', 'no_print': 'None', 'static_parser': 'True', 'target_path': 'None', 'warn_error_options': 'WarnErrorOptionsV2(error=[], warn=[], silence=[])', 'printer_width': '80', 'write_json': 'True', 'empty': 'None', 'log_cache_events': 'False', 'introspect': 'True', 'cache_selected_only': 'False', 'log_format': 'default', 'debug': 'False', 'fail_fast': 'False', 'profiles_dir': 'C:\\Users\\adeik\\.dbt', 'send_anonymous_usage_stats': 'True', 'quiet': 'False', 'warn_error': 'None', 'partial_parse': 'True', 'use_colors': 'True', 'invocation_command': 'dbt init ecom_transformation', 'indirect_selection': 'eager', 'use_experimental_parser': 'False', 'log_path': 'logs'}
[0m00:05:08.035959 [info ] [MainThread]: A project called ecom_transformation already exists here.
[0m00:05:08.036938 [debug] [MainThread]: Command `python -m dbt.cli.main init` succeeded at 00:05:08.036785 after 0.14 seconds
[0m00:05:08.037290 [debug] [MainThread]: Sending event: {'category': 'dbt', 'action': 'invocation', 'label': 'end', 'context': [<snowplow_tracker.self_describing_json.SelfDescribingJson object at 0x000001A0764EEEA0>, <snowplow_tracker.self_describing_json.SelfDescribingJson object at 0x000001A0765B3E30>, <snowplow_tracker.self_describing_json.SelfDescribingJson object at 0x000001A076550490>]}
[0m00:05:08.037653 [debug] [MainThread]: Flushing usage events
[0m00:05:09.739676 [debug] [MainThread]: An error was encountered while trying to flush usage events
[0m00:05:22.429424 [debug] [MainThread]: Sending event: {'category': 'dbt', 'action': 'invocation', 'label': 'start', 'context': [<snowplow_tracker.self_describing_json.SelfDescribingJson object at 0x000001856FAD6510>, <snowplow_tracker.self_describing_json.SelfDescribingJson object at 0x000001856C037750>, <snowplow_tracker.self_describing_json.SelfDescribingJson object at 0x0000018571C63ED0>]}


============================== 00:05:22.433526 | e6b99d6c-173b-4624-9d55-638f66ad4255 ==============================
[0m00:05:22.433526 [info ] [MainThread]: Running with dbt=1.11.11
[0m00:05:22.434262 [debug] [MainThread]: running dbt with arguments {'version_check': 'True', 'no_print': 'None', 'static_parser': 'True', 'target_path': 'None', 'warn_error_options': 'WarnErrorOptionsV2(error=[], warn=[], silence=[])', 'printer_width': '80', 'write_json': 'True', 'empty': 'False', 'log_cache_events': 'False', 'introspect': 'True', 'cache_selected_only': 'False', 'fail_fast': 'False', 'debug': 'False', 'log_format': 'default', 'profiles_dir': 'C:\\Users\\adeik\\.dbt', 'send_anonymous_usage_stats': 'True', 'quiet': 'False', 'warn_error': 'None', 'partial_parse': 'True', 'indirect_selection': 'eager', 'invocation_command': 'dbt run', 'use_colors': 'True', 'use_experimental_parser': 'False', 'log_path': 'logs'}
[0m00:05:22.434705 [error] [MainThread]: Encountered an error:
Runtime Error
  No dbt_project.yml found at expected path E:\Data Projects\ecom-pipeline-gcp-project\dbt_project.yml
  Verify that each entry within packages.yml (and their transitive dependencies) contains a file named dbt_project.yml
  
[0m00:05:22.435560 [debug] [MainThread]: Command `python -m dbt.cli.main run` failed at 00:05:22.435450 after 0.12 seconds
[0m00:05:22.435841 [debug] [MainThread]: Sending event: {'category': 'dbt', 'action': 'invocation', 'label': 'end', 'context': [<snowplow_tracker.self_describing_json.SelfDescribingJson object at 0x0000018571BEBBB0>, <snowplow_tracker.self_describing_json.SelfDescribingJson object at 0x0000018571C0F9B0>, <snowplow_tracker.self_describing_json.SelfDescribingJson object at 0x0000018571C22470>]}
[0m00:05:22.436138 [debug] [MainThread]: Flushing usage events
[0m00:05:24.070965 [debug] [MainThread]: An error was encountered while trying to flush usage events
[0m00:06:52.754960 [debug] [MainThread]: Sending event: {'category': 'dbt', 'action': 'invocation', 'label': 'start', 'context': [<snowplow_tracker.self_describing_json.SelfDescribingJson object at 0x000001B042E06510>, <snowplow_tracker.self_describing_json.SelfDescribingJson object at 0x000001B03F3B7750>, <snowplow_tracker.self_describing_json.SelfDescribingJson object at 0x000001B04500BD90>]}


============================== 00:06:52.759578 | c4d67981-487c-42e5-90e1-9c0d856e253c ==============================
[0m00:06:52.759578 [info ] [MainThread]: Running with dbt=1.11.11
[0m00:06:52.760226 [debug] [MainThread]: running dbt with arguments {'version_check': 'True', 'no_print': 'None', 'static_parser': 'True', 'warn_error_options': 'WarnErrorOptionsV2(error=[], warn=[], silence=[])', 'target_path': 'None', 'printer_width': '80', 'write_json': 'True', 'empty': 'None', 'log_cache_events': 'False', 'introspect': 'True', 'cache_selected_only': 'False', 'fail_fast': 'False', 'debug': 'False', 'log_format': 'default', 'profiles_dir': 'C:\\Users\\adeik\\.dbt', 'send_anonymous_usage_stats': 'True', 'quiet': 'False', 'warn_error': 'None', 'partial_parse': 'True', 'indirect_selection': 'eager', 'invocation_command': 'dbt init ecom_transformation', 'use_colors': 'True', 'use_experimental_parser': 'False', 'log_path': 'logs'}
[0m00:06:52.777502 [info ] [MainThread]: A project called ecom_transformation already exists here.
[0m00:06:52.778658 [debug] [MainThread]: Command `python -m dbt.cli.main init` succeeded at 00:06:52.778484 after 0.14 seconds
[0m00:06:52.779029 [debug] [MainThread]: Sending event: {'category': 'dbt', 'action': 'invocation', 'label': 'end', 'context': [<snowplow_tracker.self_describing_json.SelfDescribingJson object at 0x000001B043F1EEA0>, <snowplow_tracker.self_describing_json.SelfDescribingJson object at 0x000001B0450B3E30>, <snowplow_tracker.self_describing_json.SelfDescribingJson object at 0x000001B045044490>]}
[0m00:06:52.779414 [debug] [MainThread]: Flushing usage events
[0m00:06:54.621137 [debug] [MainThread]: An error was encountered while trying to flush usage events
[0m00:37:14.985612 [debug] [MainThread]: Sending event: {'category': 'dbt', 'action': 'invocation', 'label': 'start', 'context': [<snowplow_tracker.self_describing_json.SelfDescribingJson object at 0x000002B081BD6510>, <snowplow_tracker.self_describing_json.SelfDescribingJson object at 0x000002B07E0F7750>, <snowplow_tracker.self_describing_json.SelfDescribingJson object at 0x000002B083D5FED0>]}


============================== 00:37:14.992579 | 7467e52d-3bb1-4e7a-9e34-4231e809e4be ==============================
[0m00:37:14.992579 [info ] [MainThread]: Running with dbt=1.11.11
[0m00:37:14.993457 [debug] [MainThread]: running dbt with arguments {'version_check': 'True', 'no_print': 'None', 'static_parser': 'True', 'target_path': 'None', 'warn_error_options': 'WarnErrorOptionsV2(error=[], warn=[], silence=[])', 'printer_width': '80', 'write_json': 'True', 'empty': 'False', 'log_cache_events': 'False', 'introspect': 'True', 'cache_selected_only': 'False', 'log_format': 'default', 'debug': 'False', 'fail_fast': 'False', 'partial_parse': 'True', 'send_anonymous_usage_stats': 'True', 'quiet': 'False', 'warn_error': 'None', 'profiles_dir': 'C:\\Users\\adeik\\.dbt', 'invocation_command': 'dbt run', 'indirect_selection': 'eager', 'use_colors': 'True', 'use_experimental_parser': 'False', 'log_path': 'logs'}
[0m00:37:14.993970 [error] [MainThread]: Encountered an error:
Runtime Error
  No dbt_project.yml found at expected path E:\Data Projects\ecom-pipeline-gcp-project\dbt_project.yml
  Verify that each entry within packages.yml (and their transitive dependencies) contains a file named dbt_project.yml
  
[0m00:37:14.994925 [debug] [MainThread]: Command `python -m dbt.cli.main run` failed at 00:37:14.994776 after 0.17 seconds
[0m00:37:14.995291 [debug] [MainThread]: Sending event: {'category': 'dbt', 'action': 'invocation', 'label': 'end', 'context': [<snowplow_tracker.self_describing_json.SelfDescribingJson object at 0x000002B083CEBBB0>, <snowplow_tracker.self_describing_json.SelfDescribingJson object at 0x000002B083D0F9B0>, <snowplow_tracker.self_describing_json.SelfDescribingJson object at 0x000002B083D22470>]}
[0m00:37:14.995689 [debug] [MainThread]: Flushing usage events
[0m00:37:16.533478 [debug] [MainThread]: An error was encountered while trying to flush usage events
