[2026-07-06T13:38:04.633+0000] {local_task_job_runner.py:120} INFO - ::group::Pre task execution logs
[2026-07-06T13:38:04.660+0000] {taskinstance.py:2076} INFO - Dependencies all met for dep_context=non-requeueable deps ti=<TaskInstance: mongo_to_bigquery_pipeline.extract_from_mongodb manual__2026-07-06T13:38:02.555389+00:00 [queued]>
[2026-07-06T13:38:04.675+0000] {taskinstance.py:2076} INFO - Dependencies all met for dep_context=requeueable deps ti=<TaskInstance: mongo_to_bigquery_pipeline.extract_from_mongodb manual__2026-07-06T13:38:02.555389+00:00 [queued]>
[2026-07-06T13:38:04.676+0000] {taskinstance.py:2306} INFO - Starting attempt 1 of 2
[2026-07-06T13:38:04.707+0000] {taskinstance.py:2330} INFO - Executing <Task(PythonOperator): extract_from_mongodb> on 2026-07-06 13:38:02.555389+00:00
[2026-07-06T13:38:04.718+0000] {standard_task_runner.py:63} INFO - Started process 1707 to run task
[2026-07-06T13:38:04.725+0000] {standard_task_runner.py:90} INFO - Running: ['***', 'tasks', 'run', 'mongo_to_bigquery_pipeline', 'extract_from_mongodb', 'manual__2026-07-06T13:38:02.555389+00:00', '--job-id', '27', '--raw', '--subdir', 'DAGS_FOLDER/mongo_to_bq_dag.py', '--cfg-path', '/tmp/tmp6hz40d55']
[2026-07-06T13:38:04.730+0000] {standard_task_runner.py:91} INFO - Job 27: Subtask extract_from_mongodb
[2026-07-06T13:38:04.823+0000] {task_command.py:426} INFO - Running <TaskInstance: mongo_to_bigquery_pipeline.extract_from_mongodb manual__2026-07-06T13:38:02.555389+00:00 [running]> on host b66a75308c99
[2026-07-06T13:38:04.902+0000] {taskinstance.py:2648} INFO - Exporting env vars: AIRFLOW_CTX_DAG_OWNER='data_engineer' AIRFLOW_CTX_DAG_ID='mongo_to_bigquery_pipeline' AIRFLOW_CTX_TASK_ID='extract_from_mongodb' AIRFLOW_CTX_EXECUTION_DATE='2026-07-06T13:38:02.555389+00:00' AIRFLOW_CTX_TRY_NUMBER='1' AIRFLOW_CTX_DAG_RUN_ID='manual__2026-07-06T13:38:02.555389+00:00'
[2026-07-06T13:38:04.904+0000] {taskinstance.py:430} INFO - ::endgroup::
[2026-07-06T13:38:04.905+0000] {logging_mixin.py:188} INFO - Mulai koneksi ke MongoDB...
[2026-07-06T13:38:04.916+0000] {base.py:84} INFO - Using connection ID 'mongo_conn' for task execution.
[2026-07-06T13:38:05.116+0000] {logger.py:96} INFO - {"message": "Waiting for suitable server to become available", "selector": "Primary()", "operation": "find", "topologyDescription": "<TopologyDescription id: 6a4bafbd8b4cf4fe0ca27262, topology_type: ReplicaSetNoPrimary, servers: [<ServerDescription ('ac-u3q28i0-shard-00-00.cpdvfd0.mongodb.net', 27017) server_type: Unknown, rtt: None>, <ServerDescription ('ac-u3q28i0-shard-00-01.cpdvfd0.mongodb.net', 27017) server_type: Unknown, rtt: None>, <ServerDescription ('ac-u3q28i0-shard-00-02.cpdvfd0.mongodb.net', 27017) server_type: Unknown, rtt: None>]>", "clientId": {"$oid": "6a4bafbd8b4cf4fe0ca27262"}, "remainingTimeMS": 29}
[2026-07-06T13:38:05.510+0000] {logging_mixin.py:188} INFO - Ekstraksi selesai. Data disimpan di /opt/***/dags/temp_extracted_data.json
[2026-07-06T13:38:05.511+0000] {python.py:237} INFO - Done. Returned value was: None
[2026-07-06T13:38:05.511+0000] {taskinstance.py:441} INFO - ::group::Post task execution logs
[2026-07-06T13:38:05.520+0000] {taskinstance.py:1206} INFO - Marking task as SUCCESS. dag_id=mongo_to_bigquery_pipeline, task_id=extract_from_mongodb, run_id=manual__2026-07-06T13:38:02.555389+00:00, execution_date=20260706T133802, start_date=20260706T133804, end_date=20260706T133805
[2026-07-06T13:38:05.544+0000] {local_task_job_runner.py:240} INFO - Task exited with return code 0
[2026-07-06T13:38:05.566+0000] {taskinstance.py:3498} INFO - 1 downstream tasks scheduled from follow-on schedule check
[2026-07-06T13:38:05.568+0000] {local_task_job_runner.py:222} INFO - ::endgroup::
