[2026-07-06T13:38:12.954+0000] {local_task_job_runner.py:120} INFO - ::group::Pre task execution logs
[2026-07-06T13:38:12.967+0000] {taskinstance.py:2076} INFO - Dependencies all met for dep_context=non-requeueable deps ti=<TaskInstance: mongo_to_bigquery_pipeline.load_to_bigquery manual__2026-07-06T13:38:02.555389+00:00 [queued]>
[2026-07-06T13:38:12.973+0000] {taskinstance.py:2076} INFO - Dependencies all met for dep_context=requeueable deps ti=<TaskInstance: mongo_to_bigquery_pipeline.load_to_bigquery manual__2026-07-06T13:38:02.555389+00:00 [queued]>
[2026-07-06T13:38:12.974+0000] {taskinstance.py:2306} INFO - Starting attempt 1 of 2
[2026-07-06T13:38:12.985+0000] {taskinstance.py:2330} INFO - Executing <Task(GCSToBigQueryOperator): load_to_bigquery> on 2026-07-06 13:38:02.555389+00:00
[2026-07-06T13:38:12.990+0000] {standard_task_runner.py:63} INFO - Started process 1727 to run task
[2026-07-06T13:38:12.993+0000] {standard_task_runner.py:90} INFO - Running: ['***', 'tasks', 'run', 'mongo_to_bigquery_pipeline', 'load_to_bigquery', 'manual__2026-07-06T13:38:02.555389+00:00', '--job-id', '29', '--raw', '--subdir', 'DAGS_FOLDER/mongo_to_bq_dag.py', '--cfg-path', '/tmp/tmp6l9zocy6']
[2026-07-06T13:38:12.995+0000] {standard_task_runner.py:91} INFO - Job 29: Subtask load_to_bigquery
[2026-07-06T13:38:13.041+0000] {task_command.py:426} INFO - Running <TaskInstance: mongo_to_bigquery_pipeline.load_to_bigquery manual__2026-07-06T13:38:02.555389+00:00 [running]> on host b66a75308c99
[2026-07-06T13:38:13.109+0000] {taskinstance.py:2648} INFO - Exporting env vars: AIRFLOW_CTX_DAG_OWNER='data_engineer' AIRFLOW_CTX_DAG_ID='mongo_to_bigquery_pipeline' AIRFLOW_CTX_TASK_ID='load_to_bigquery' AIRFLOW_CTX_EXECUTION_DATE='2026-07-06T13:38:02.555389+00:00' AIRFLOW_CTX_TRY_NUMBER='1' AIRFLOW_CTX_DAG_RUN_ID='manual__2026-07-06T13:38:02.555389+00:00'
[2026-07-06T13:38:13.111+0000] {taskinstance.py:430} INFO - ::endgroup::
[2026-07-06T13:38:13.118+0000] {connection.py:274} WARNING - Connection schemes (type: google_cloud_platform) shall not contain '_' according to RFC3986.
[2026-07-06T13:38:13.120+0000] {base.py:84} INFO - Using connection ID 'gcp_conn' for task execution.
[2026-07-06T13:38:13.121+0000] {gcs_to_bigquery.py:380} INFO - Using existing BigQuery table for storing data...
[2026-07-06T13:38:13.164+0000] {bigquery.py:2375} INFO - Project is not included in destination_project_dataset_table: bronze_layer.raw_carts; using project "ecom-data-pipeline-501504"
[2026-07-06T13:38:13.165+0000] {gcs_to_bigquery.py:384} INFO - Executing: {'load': {'autodetect': True, 'createDisposition': 'CREATE_IF_NEEDED', 'destinationTable': {'projectId': 'ecom-data-pipeline-501504', 'datasetId': 'bronze_layer', 'tableId': 'raw_carts'}, 'sourceFormat': 'NEWLINE_DELIMITED_JSON', 'sourceUris': ['gs://ecom-datalake/raw_data/carts_data.json'], 'writeDisposition': 'WRITE_TRUNCATE', 'ignoreUnknownValues': False}}
[2026-07-06T13:38:13.166+0000] {bigquery.py:1660} INFO - Inserting job ***_mongo_to_bigquery_pipeline_load_to_bigquery_2026_07_06T13_38_02_555389_00_00_4ed93a5396c8d22bcf01eff55da6668f
[2026-07-06T13:38:16.059+0000] {taskinstance.py:441} INFO - ::group::Post task execution logs
[2026-07-06T13:38:16.069+0000] {taskinstance.py:1206} INFO - Marking task as SUCCESS. dag_id=mongo_to_bigquery_pipeline, task_id=load_to_bigquery, run_id=manual__2026-07-06T13:38:02.555389+00:00, execution_date=20260706T133802, start_date=20260706T133812, end_date=20260706T133816
[2026-07-06T13:38:16.111+0000] {local_task_job_runner.py:240} INFO - Task exited with return code 0
[2026-07-06T13:38:16.126+0000] {taskinstance.py:3498} INFO - 0 downstream tasks scheduled from follow-on schedule check
[2026-07-06T13:38:16.128+0000] {local_task_job_runner.py:222} INFO - ::endgroup::
