[2026-07-07T15:44:26.410+0000] {local_task_job_runner.py:120} INFO - ::group::Pre task execution logs
[2026-07-07T15:44:26.423+0000] {taskinstance.py:2076} INFO - Dependencies all met for dep_context=non-requeueable deps ti=<TaskInstance: mongo_to_bq_dag.load_users manual__2026-07-07T15:44:18.949736+00:00 [queued]>
[2026-07-07T15:44:26.430+0000] {taskinstance.py:2076} INFO - Dependencies all met for dep_context=requeueable deps ti=<TaskInstance: mongo_to_bq_dag.load_users manual__2026-07-07T15:44:18.949736+00:00 [queued]>
[2026-07-07T15:44:26.431+0000] {taskinstance.py:2306} INFO - Starting attempt 1 of 1
[2026-07-07T15:44:26.442+0000] {taskinstance.py:2330} INFO - Executing <Task(PythonOperator): load_users> on 2026-07-07 15:44:18.949736+00:00
[2026-07-07T15:44:26.448+0000] {standard_task_runner.py:63} INFO - Started process 500 to run task
[2026-07-07T15:44:26.451+0000] {standard_task_runner.py:90} INFO - Running: ['***', 'tasks', 'run', 'mongo_to_bq_dag', 'load_users', 'manual__2026-07-07T15:44:18.949736+00:00', '--job-id', '51', '--raw', '--subdir', 'DAGS_FOLDER/mongo_to_bq_dag.py', '--cfg-path', '/tmp/tmpwhzwym6e']
[2026-07-07T15:44:26.452+0000] {standard_task_runner.py:91} INFO - Job 51: Subtask load_users
[2026-07-07T15:44:26.491+0000] {task_command.py:426} INFO - Running <TaskInstance: mongo_to_bq_dag.load_users manual__2026-07-07T15:44:18.949736+00:00 [running]> on host b66a75308c99
[2026-07-07T15:44:26.736+0000] {taskinstance.py:2648} INFO - Exporting env vars: AIRFLOW_CTX_DAG_OWNER='data_engineer' AIRFLOW_CTX_DAG_ID='mongo_to_bq_dag' AIRFLOW_CTX_TASK_ID='load_users' AIRFLOW_CTX_EXECUTION_DATE='2026-07-07T15:44:18.949736+00:00' AIRFLOW_CTX_TRY_NUMBER='1' AIRFLOW_CTX_DAG_RUN_ID='manual__2026-07-07T15:44:18.949736+00:00'
[2026-07-07T15:44:26.741+0000] {taskinstance.py:430} INFO - ::endgroup::
[2026-07-07T15:44:26.742+0000] {logging_mixin.py:188} INFO - 🚀 Memulai upload data dari /opt/***/dags/temp_users.json ke ecom-data-pipeline-51504.bronze_layer.raw_users...
[2026-07-07T15:44:28.383+0000] {taskinstance.py:441} INFO - ::group::Post task execution logs
[2026-07-07T15:44:28.383+0000] {taskinstance.py:2905} ERROR - Task failed with exception
Traceback (most recent call last):
  File "/home/airflow/.local/lib/python3.11/site-packages/google/cloud/bigquery/client.py", line 2580, in load_table_from_file
    response = self._do_resumable_upload(
               ^^^^^^^^^^^^^^^^^^^^^^^^^^
  File "/home/airflow/.local/lib/python3.11/site-packages/google/cloud/bigquery/client.py", line 3000, in _do_resumable_upload
    upload, transport = self._initiate_resumable_upload(
                        ^^^^^^^^^^^^^^^^^^^^^^^^^^^^^^^^
  File "/home/airflow/.local/lib/python3.11/site-packages/google/cloud/bigquery/client.py", line 3069, in _initiate_resumable_upload
    upload.initiate(
  File "/home/airflow/.local/lib/python3.11/site-packages/google/resumable_media/requests/upload.py", line 420, in initiate
    return _request_helpers.wait_and_retry(
           ^^^^^^^^^^^^^^^^^^^^^^^^^^^^^^^^
  File "/home/airflow/.local/lib/python3.11/site-packages/google/resumable_media/requests/_request_helpers.py", line 155, in wait_and_retry
    response = func()
               ^^^^^^
  File "/home/airflow/.local/lib/python3.11/site-packages/google/resumable_media/requests/upload.py", line 416, in retriable_request
    self._process_initiate_response(result)
  File "/home/airflow/.local/lib/python3.11/site-packages/google/resumable_media/_upload.py", line 518, in _process_initiate_response
    _helpers.require_status_code(
  File "/home/airflow/.local/lib/python3.11/site-packages/google/resumable_media/_helpers.py", line 108, in require_status_code
    raise common.InvalidResponse(
google.resumable_media.common.InvalidResponse: ('Request failed with status code', 404, 'Expected one of', 200, 201)

During handling of the above exception, another exception occurred:

Traceback (most recent call last):
  File "/home/airflow/.local/lib/python3.11/site-packages/airflow/models/taskinstance.py", line 465, in _execute_task
    result = _execute_callable(context=context, **execute_callable_kwargs)
             ^^^^^^^^^^^^^^^^^^^^^^^^^^^^^^^^^^^^^^^^^^^^^^^^^^^^^^^^^^^^^
  File "/home/airflow/.local/lib/python3.11/site-packages/airflow/models/taskinstance.py", line 432, in _execute_callable
    return execute_callable(context=context, **execute_callable_kwargs)
           ^^^^^^^^^^^^^^^^^^^^^^^^^^^^^^^^^^^^^^^^^^^^^^^^^^^^^^^^^^^^
  File "/home/airflow/.local/lib/python3.11/site-packages/airflow/models/baseoperator.py", line 400, in wrapper
    return func(self, *args, **kwargs)
           ^^^^^^^^^^^^^^^^^^^^^^^^^^^
  File "/home/airflow/.local/lib/python3.11/site-packages/airflow/operators/python.py", line 235, in execute
    return_value = self.execute_callable()
                   ^^^^^^^^^^^^^^^^^^^^^^^
  File "/home/airflow/.local/lib/python3.11/site-packages/airflow/operators/python.py", line 252, in execute_callable
    return self.python_callable(*self.op_args, **self.op_kwargs)
           ^^^^^^^^^^^^^^^^^^^^^^^^^^^^^^^^^^^^^^^^^^^^^^^^^^^^^
  File "/opt/airflow/dags/mongo_to_bq_dag.py", line 53, in load_to_bq
    job = client.load_table_from_file(source_file, table_id, job_config=job_config)
          ^^^^^^^^^^^^^^^^^^^^^^^^^^^^^^^^^^^^^^^^^^^^^^^^^^^^^^^^^^^^^^^^^^^^^^^^^
  File "/home/airflow/.local/lib/python3.11/site-packages/google/cloud/bigquery/client.py", line 2588, in load_table_from_file
    raise exceptions.from_http_response(exc.response)
google.api_core.exceptions.NotFound: 404 POST https://bigquery.googleapis.com/upload/bigquery/v2/projects/ecom-data-pipeline-501504/jobs?uploadType=resumable: Not found: Project ecom-data-pipeline-51504
[2026-07-07T15:44:28.399+0000] {taskinstance.py:1206} INFO - Marking task as FAILED. dag_id=mongo_to_bq_dag, task_id=load_users, run_id=manual__2026-07-07T15:44:18.949736+00:00, execution_date=20260707T154418, start_date=20260707T154426, end_date=20260707T154428
[2026-07-07T15:44:28.412+0000] {standard_task_runner.py:110} ERROR - Failed to execute job 51 for task load_users (404 POST https://bigquery.googleapis.com/upload/bigquery/v2/projects/ecom-data-pipeline-501504/jobs?uploadType=resumable: Not found: Project ecom-data-pipeline-51504; 500)
[2026-07-07T15:44:28.427+0000] {local_task_job_runner.py:240} INFO - Task exited with return code 1
[2026-07-07T15:44:28.442+0000] {taskinstance.py:3498} INFO - 0 downstream tasks scheduled from follow-on schedule check
[2026-07-07T15:44:28.444+0000] {local_task_job_runner.py:222} INFO - ::endgroup::
