[2026-07-07T15:20:05.892+0000] {local_task_job_runner.py:120} INFO - ::group::Pre task execution logs
[2026-07-07T15:20:05.915+0000] {taskinstance.py:2076} INFO - Dependencies all met for dep_context=non-requeueable deps ti=<TaskInstance: mongo_to_bq_dag.extract_carts scheduled__2026-07-06T00:00:00+00:00 [queued]>
[2026-07-07T15:20:05.933+0000] {taskinstance.py:2076} INFO - Dependencies all met for dep_context=requeueable deps ti=<TaskInstance: mongo_to_bq_dag.extract_carts scheduled__2026-07-06T00:00:00+00:00 [queued]>
[2026-07-07T15:20:05.934+0000] {taskinstance.py:2306} INFO - Starting attempt 1 of 1
[2026-07-07T15:20:05.960+0000] {taskinstance.py:2330} INFO - Executing <Task(PythonOperator): extract_carts> on 2026-07-06 00:00:00+00:00
[2026-07-07T15:20:05.971+0000] {standard_task_runner.py:63} INFO - Started process 114 to run task
[2026-07-07T15:20:05.993+0000] {standard_task_runner.py:90} INFO - Running: ['***', 'tasks', 'run', 'mongo_to_bq_dag', 'extract_carts', 'scheduled__2026-07-06T00:00:00+00:00', '--job-id', '39', '--raw', '--subdir', 'DAGS_FOLDER/mongo_to_bq_dag.py', '--cfg-path', '/tmp/tmp7czbc542']
[2026-07-07T15:20:05.996+0000] {standard_task_runner.py:91} INFO - Job 39: Subtask extract_carts
[2026-07-07T15:20:06.164+0000] {task_command.py:426} INFO - Running <TaskInstance: mongo_to_bq_dag.extract_carts scheduled__2026-07-06T00:00:00+00:00 [running]> on host b66a75308c99
[2026-07-07T15:20:07.192+0000] {taskinstance.py:2648} INFO - Exporting env vars: AIRFLOW_CTX_DAG_OWNER='data_engineer' AIRFLOW_CTX_DAG_ID='mongo_to_bq_dag' AIRFLOW_CTX_TASK_ID='extract_carts' AIRFLOW_CTX_EXECUTION_DATE='2026-07-06T00:00:00+00:00' AIRFLOW_CTX_TRY_NUMBER='1' AIRFLOW_CTX_DAG_RUN_ID='scheduled__2026-07-06T00:00:00+00:00'
[2026-07-07T15:20:07.199+0000] {taskinstance.py:430} INFO - ::endgroup::
[2026-07-07T15:20:07.205+0000] {logging_mixin.py:188} INFO - Ekstraksi MongoDB untuk collection: carts
[2026-07-07T15:20:07.222+0000] {base.py:84} INFO - Using connection ID 'mongo_conn' for task execution.
[2026-07-07T15:20:07.744+0000] {logger.py:96} INFO - {"message": "Waiting for suitable server to become available", "selector": "Primary()", "operation": "find", "topologyDescription": "<TopologyDescription id: 6a4d1927718ce5b487b86e95, topology_type: ReplicaSetNoPrimary, servers: [<ServerDescription ('ac-u3q28i0-shard-00-00.cpdvfd0.mongodb.net', 27017) server_type: Unknown, rtt: None>, <ServerDescription ('ac-u3q28i0-shard-00-01.cpdvfd0.mongodb.net', 27017) server_type: Unknown, rtt: None>, <ServerDescription ('ac-u3q28i0-shard-00-02.cpdvfd0.mongodb.net', 27017) server_type: Unknown, rtt: None>]>", "clientId": {"$oid": "6a4d1927718ce5b487b86e95"}, "remainingTimeMS": 29}
[2026-07-07T15:20:08.916+0000] {python.py:237} INFO - Done. Returned value was: /opt/***/dags/temp_carts.json
[2026-07-07T15:20:08.917+0000] {taskinstance.py:441} INFO - ::group::Post task execution logs
[2026-07-07T15:20:08.952+0000] {taskinstance.py:1206} INFO - Marking task as SUCCESS. dag_id=mongo_to_bq_dag, task_id=extract_carts, run_id=scheduled__2026-07-06T00:00:00+00:00, execution_date=20260706T000000, start_date=20260707T152005, end_date=20260707T152008
[2026-07-07T15:20:09.016+0000] {local_task_job_runner.py:240} INFO - Task exited with return code 0
[2026-07-07T15:20:09.059+0000] {taskinstance.py:3498} INFO - 1 downstream tasks scheduled from follow-on schedule check
[2026-07-07T15:20:09.066+0000] {local_task_job_runner.py:222} INFO - ::endgroup::
