[2026-07-06T12:58:27.960+0000] {local_task_job_runner.py:120} INFO - ::group::Pre task execution logs
[2026-07-06T12:58:27.972+0000] {taskinstance.py:2076} INFO - Dependencies all met for dep_context=non-requeueable deps ti=<TaskInstance: mongo_to_bigquery_pipeline.extract_from_mongodb manual__2026-07-06T12:58:26.133325+00:00 [queued]>
[2026-07-06T12:58:27.978+0000] {taskinstance.py:2076} INFO - Dependencies all met for dep_context=requeueable deps ti=<TaskInstance: mongo_to_bigquery_pipeline.extract_from_mongodb manual__2026-07-06T12:58:26.133325+00:00 [queued]>
[2026-07-06T12:58:27.978+0000] {taskinstance.py:2306} INFO - Starting attempt 1 of 2
[2026-07-06T12:58:27.989+0000] {taskinstance.py:2330} INFO - Executing <Task(PythonOperator): extract_from_mongodb> on 2026-07-06 12:58:26.133325+00:00
[2026-07-06T12:58:27.994+0000] {standard_task_runner.py:63} INFO - Started process 1175 to run task
[2026-07-06T12:58:27.997+0000] {standard_task_runner.py:90} INFO - Running: ['***', 'tasks', 'run', 'mongo_to_bigquery_pipeline', 'extract_from_mongodb', 'manual__2026-07-06T12:58:26.133325+00:00', '--job-id', '18', '--raw', '--subdir', 'DAGS_FOLDER/mongo_to_bq_dag.py', '--cfg-path', '/tmp/tmphm31d55_']
[2026-07-06T12:58:27.999+0000] {standard_task_runner.py:91} INFO - Job 18: Subtask extract_from_mongodb
[2026-07-06T12:58:28.043+0000] {task_command.py:426} INFO - Running <TaskInstance: mongo_to_bigquery_pipeline.extract_from_mongodb manual__2026-07-06T12:58:26.133325+00:00 [running]> on host b66a75308c99
[2026-07-06T12:58:28.108+0000] {taskinstance.py:2648} INFO - Exporting env vars: AIRFLOW_CTX_DAG_OWNER='data_engineer' AIRFLOW_CTX_DAG_ID='mongo_to_bigquery_pipeline' AIRFLOW_CTX_TASK_ID='extract_from_mongodb' AIRFLOW_CTX_EXECUTION_DATE='2026-07-06T12:58:26.133325+00:00' AIRFLOW_CTX_TRY_NUMBER='1' AIRFLOW_CTX_DAG_RUN_ID='manual__2026-07-06T12:58:26.133325+00:00'
[2026-07-06T12:58:28.109+0000] {taskinstance.py:430} INFO - ::endgroup::
[2026-07-06T12:58:28.110+0000] {logging_mixin.py:188} INFO - Mulai koneksi ke MongoDB...
[2026-07-06T12:58:28.120+0000] {base.py:84} INFO - Using connection ID 'mongo_conn' for task execution.
[2026-07-06T12:58:28.317+0000] {logger.py:96} INFO - {"message": "Waiting for suitable server to become available", "selector": "Primary()", "operation": "find", "topologyDescription": "<TopologyDescription id: 6a4ba674cccbab3883c3b594, topology_type: ReplicaSetNoPrimary, servers: [<ServerDescription ('ac-u3q28i0-shard-00-00.cpdvfd0.mongodb.net', 27017) server_type: Unknown, rtt: None>, <ServerDescription ('ac-u3q28i0-shard-00-01.cpdvfd0.mongodb.net', 27017) server_type: Unknown, rtt: None>, <ServerDescription ('ac-u3q28i0-shard-00-02.cpdvfd0.mongodb.net', 27017) server_type: Unknown, rtt: None>]>", "clientId": {"$oid": "6a4ba674cccbab3883c3b594"}, "remainingTimeMS": 29}
[2026-07-06T12:59:01.134+0000] {taskinstance.py:441} INFO - ::group::Post task execution logs
[2026-07-06T12:59:01.135+0000] {taskinstance.py:2905} ERROR - Task failed with exception
Traceback (most recent call last):
  File "/home/airflow/.local/lib/python3.11/site-packages/airflow/models/taskinstance.py", line 465, in _execute_task
    result = _execute_callable(context=context, **execute_callable_kwargs)
             ^^^^^^^^^^^^^^^^^^^^^^^^^^^^^^^^^^^^^^^^^^^^^^^^^^^^^^^^^^^^^
  File "/home/airflow/.local/lib/python3.11/site-packages/airflow/models/taskinstance.py", line 432, in _execute_callable
    return execute_callable(context=context, **execute_callable_kwargs)
           ^^^^^^^^^^^^^^^^^^^^^^^^^^^^^^^^^^^^^^^^^^^^^^^^^^^^^^^^^^^^
  File "/home/airflow/.local/lib/python3.11/site-packages/airflow/models/baseoperator.py", line 400, in wrapper
    return func(self, *args, **kwargs)
           ^^^^^^^^^^^^^^^^^^^^^^^^^^^
  File "/home/airflow/.local/lib/python3.11/site-packages/airflow/operators/python.py", line 235, in execute
    return_value = self.execute_callable()
                   ^^^^^^^^^^^^^^^^^^^^^^^
  File "/home/airflow/.local/lib/python3.11/site-packages/airflow/operators/python.py", line 252, in execute_callable
    return self.python_callable(*self.op_args, **self.op_kwargs)
           ^^^^^^^^^^^^^^^^^^^^^^^^^^^^^^^^^^^^^^^^^^^^^^^^^^^^^
  File "/opt/airflow/dags/mongo_to_bq_dag.py", line 23, in extract_mongo_data
    for doc in cursor:
  File "/home/airflow/.local/lib/python3.11/site-packages/pymongo/cursor.py", line 1243, in next
    if len(self.__data) or self._refresh():
                           ^^^^^^^^^^^^^^^
  File "/home/airflow/.local/lib/python3.11/site-packages/pymongo/cursor.py", line 1160, in _refresh
    self.__send_message(q)
  File "/home/airflow/.local/lib/python3.11/site-packages/pymongo/cursor.py", line 1039, in __send_message
    response = client._run_operation(
               ^^^^^^^^^^^^^^^^^^^^^^
  File "/home/airflow/.local/lib/python3.11/site-packages/pymongo/_csot.py", line 108, in csot_wrapper
    return func(self, *args, **kwargs)
           ^^^^^^^^^^^^^^^^^^^^^^^^^^^
  File "/home/airflow/.local/lib/python3.11/site-packages/pymongo/mongo_client.py", line 1425, in _run_operation
    return self._retryable_read(
           ^^^^^^^^^^^^^^^^^^^^^
  File "/home/airflow/.local/lib/python3.11/site-packages/pymongo/mongo_client.py", line 1534, in _retryable_read
    return self._retry_internal(
           ^^^^^^^^^^^^^^^^^^^^^
  File "/home/airflow/.local/lib/python3.11/site-packages/pymongo/_csot.py", line 108, in csot_wrapper
    return func(self, *args, **kwargs)
           ^^^^^^^^^^^^^^^^^^^^^^^^^^^
  File "/home/airflow/.local/lib/python3.11/site-packages/pymongo/mongo_client.py", line 1501, in _retry_internal
    ).run()
      ^^^^^
  File "/home/airflow/.local/lib/python3.11/site-packages/pymongo/mongo_client.py", line 2347, in run
    return self._read() if self._is_read else self._write()
           ^^^^^^^^^^^^
  File "/home/airflow/.local/lib/python3.11/site-packages/pymongo/mongo_client.py", line 2477, in _read
    self._server = self._get_server()
                   ^^^^^^^^^^^^^^^^^^
  File "/home/airflow/.local/lib/python3.11/site-packages/pymongo/mongo_client.py", line 2433, in _get_server
    return self._client._select_server(
           ^^^^^^^^^^^^^^^^^^^^^^^^^^^^
  File "/home/airflow/.local/lib/python3.11/site-packages/pymongo/mongo_client.py", line 1316, in _select_server
    server = topology.select_server(
             ^^^^^^^^^^^^^^^^^^^^^^^
  File "/home/airflow/.local/lib/python3.11/site-packages/pymongo/topology.py", line 369, in select_server
    server = self._select_server(
             ^^^^^^^^^^^^^^^^^^^^
  File "/home/airflow/.local/lib/python3.11/site-packages/pymongo/topology.py", line 347, in _select_server
    servers = self.select_servers(
              ^^^^^^^^^^^^^^^^^^^^
  File "/home/airflow/.local/lib/python3.11/site-packages/pymongo/topology.py", line 254, in select_servers
    server_descriptions = self._select_servers_loop(
                          ^^^^^^^^^^^^^^^^^^^^^^^^^^
  File "/home/airflow/.local/lib/python3.11/site-packages/pymongo/topology.py", line 304, in _select_servers_loop
    raise ServerSelectionTimeoutError(
pymongo.errors.ServerSelectionTimeoutError: SSL handshake failed: ac-u3q28i0-shard-00-00.cpdvfd0.mongodb.net:27017: [SSL: TLSV1_ALERT_INTERNAL_ERROR] tlsv1 alert internal error (_ssl.c:1006) (configured timeouts: socketTimeoutMS: 20000.0ms, connectTimeoutMS: 20000.0ms),SSL handshake failed: ac-u3q28i0-shard-00-01.cpdvfd0.mongodb.net:27017: [SSL: TLSV1_ALERT_INTERNAL_ERROR] tlsv1 alert internal error (_ssl.c:1006) (configured timeouts: socketTimeoutMS: 20000.0ms, connectTimeoutMS: 20000.0ms),SSL handshake failed: ac-u3q28i0-shard-00-02.cpdvfd0.mongodb.net:27017: [SSL: TLSV1_ALERT_INTERNAL_ERROR] tlsv1 alert internal error (_ssl.c:1006) (configured timeouts: socketTimeoutMS: 20000.0ms, connectTimeoutMS: 20000.0ms), Timeout: 30s, Topology Description: <TopologyDescription id: 6a4ba674cccbab3883c3b594, topology_type: ReplicaSetNoPrimary, servers: [<ServerDescription ('ac-u3q28i0-shard-00-00.cpdvfd0.mongodb.net', 27017) server_type: Unknown, rtt: None, error=AutoReconnect('SSL handshake failed: ac-u3q28i0-shard-00-00.cpdvfd0.mongodb.net:27017: [SSL: TLSV1_ALERT_INTERNAL_ERROR] tlsv1 alert internal error (_ssl.c:1006) (configured timeouts: socketTimeoutMS: 20000.0ms, connectTimeoutMS: 20000.0ms)')>, <ServerDescription ('ac-u3q28i0-shard-00-01.cpdvfd0.mongodb.net', 27017) server_type: Unknown, rtt: None, error=AutoReconnect('SSL handshake failed: ac-u3q28i0-shard-00-01.cpdvfd0.mongodb.net:27017: [SSL: TLSV1_ALERT_INTERNAL_ERROR] tlsv1 alert internal error (_ssl.c:1006) (configured timeouts: socketTimeoutMS: 20000.0ms, connectTimeoutMS: 20000.0ms)')>, <ServerDescription ('ac-u3q28i0-shard-00-02.cpdvfd0.mongodb.net', 27017) server_type: Unknown, rtt: None, error=AutoReconnect('SSL handshake failed: ac-u3q28i0-shard-00-02.cpdvfd0.mongodb.net:27017: [SSL: TLSV1_ALERT_INTERNAL_ERROR] tlsv1 alert internal error (_ssl.c:1006) (configured timeouts: socketTimeoutMS: 20000.0ms, connectTimeoutMS: 20000.0ms)')>]>
[2026-07-06T12:59:01.146+0000] {taskinstance.py:1206} INFO - Marking task as UP_FOR_RETRY. dag_id=mongo_to_bigquery_pipeline, task_id=extract_from_mongodb, run_id=manual__2026-07-06T12:58:26.133325+00:00, execution_date=20260706T125826, start_date=20260706T125827, end_date=20260706T125901
[2026-07-06T12:59:01.156+0000] {standard_task_runner.py:110} ERROR - Failed to execute job 18 for task extract_from_mongodb (SSL handshake failed: ac-u3q28i0-shard-00-00.cpdvfd0.mongodb.net:27017: [SSL: TLSV1_ALERT_INTERNAL_ERROR] tlsv1 alert internal error (_ssl.c:1006) (configured timeouts: socketTimeoutMS: 20000.0ms, connectTimeoutMS: 20000.0ms),SSL handshake failed: ac-u3q28i0-shard-00-01.cpdvfd0.mongodb.net:27017: [SSL: TLSV1_ALERT_INTERNAL_ERROR] tlsv1 alert internal error (_ssl.c:1006) (configured timeouts: socketTimeoutMS: 20000.0ms, connectTimeoutMS: 20000.0ms),SSL handshake failed: ac-u3q28i0-shard-00-02.cpdvfd0.mongodb.net:27017: [SSL: TLSV1_ALERT_INTERNAL_ERROR] tlsv1 alert internal error (_ssl.c:1006) (configured timeouts: socketTimeoutMS: 20000.0ms, connectTimeoutMS: 20000.0ms), Timeout: 30s, Topology Description: <TopologyDescription id: 6a4ba674cccbab3883c3b594, topology_type: ReplicaSetNoPrimary, servers: [<ServerDescription ('ac-u3q28i0-shard-00-00.cpdvfd0.mongodb.net', 27017) server_type: Unknown, rtt: None, error=AutoReconnect('SSL handshake failed: ac-u3q28i0-shard-00-00.cpdvfd0.mongodb.net:27017: [SSL: TLSV1_ALERT_INTERNAL_ERROR] tlsv1 alert internal error (_ssl.c:1006) (configured timeouts: socketTimeoutMS: 20000.0ms, connectTimeoutMS: 20000.0ms)')>, <ServerDescription ('ac-u3q28i0-shard-00-01.cpdvfd0.mongodb.net', 27017) server_type: Unknown, rtt: None, error=AutoReconnect('SSL handshake failed: ac-u3q28i0-shard-00-01.cpdvfd0.mongodb.net:27017: [SSL: TLSV1_ALERT_INTERNAL_ERROR] tlsv1 alert internal error (_ssl.c:1006) (configured timeouts: socketTimeoutMS: 20000.0ms, connectTimeoutMS: 20000.0ms)')>, <ServerDescription ('ac-u3q28i0-shard-00-02.cpdvfd0.mongodb.net', 27017) server_type: Unknown, rtt: None, error=AutoReconnect('SSL handshake failed: ac-u3q28i0-shard-00-02.cpdvfd0.mongodb.net:27017: [SSL: TLSV1_ALERT_INTERNAL_ERROR] tlsv1 alert internal error (_ssl.c:1006) (configured timeouts: socketTimeoutMS: 20000.0ms, connectTimeoutMS: 20000.0ms)')>]>; 1175)
[2026-07-06T12:59:01.171+0000] {local_task_job_runner.py:240} INFO - Task exited with return code 1
[2026-07-06T12:59:01.187+0000] {taskinstance.py:3498} INFO - 0 downstream tasks scheduled from follow-on schedule check
[2026-07-06T12:59:01.189+0000] {local_task_job_runner.py:222} INFO - ::endgroup::
