[2026-07-06T12:27:13.104+0000] {local_task_job_runner.py:120} INFO - ::group::Pre task execution logs
[2026-07-06T12:27:13.122+0000] {taskinstance.py:2076} INFO - Dependencies all met for dep_context=non-requeueable deps ti=<TaskInstance: mongo_to_bigquery_pipeline.extract_from_mongodb manual__2026-07-06T12:27:07.325386+00:00 [queued]>
[2026-07-06T12:27:13.131+0000] {taskinstance.py:2076} INFO - Dependencies all met for dep_context=requeueable deps ti=<TaskInstance: mongo_to_bigquery_pipeline.extract_from_mongodb manual__2026-07-06T12:27:07.325386+00:00 [queued]>
[2026-07-06T12:27:13.132+0000] {taskinstance.py:2306} INFO - Starting attempt 1 of 2
[2026-07-06T12:27:13.148+0000] {taskinstance.py:2330} INFO - Executing <Task(PythonOperator): extract_from_mongodb> on 2026-07-06 12:27:07.325386+00:00
[2026-07-06T12:27:13.158+0000] {standard_task_runner.py:63} INFO - Started process 786 to run task
[2026-07-06T12:27:13.162+0000] {standard_task_runner.py:90} INFO - Running: ['***', 'tasks', 'run', 'mongo_to_bigquery_pipeline', 'extract_from_mongodb', 'manual__2026-07-06T12:27:07.325386+00:00', '--job-id', '13', '--raw', '--subdir', 'DAGS_FOLDER/mongo_to_bq_dag.py', '--cfg-path', '/tmp/tmpmjou_3sa']
[2026-07-06T12:27:13.164+0000] {standard_task_runner.py:91} INFO - Job 13: Subtask extract_from_mongodb
[2026-07-06T12:27:13.260+0000] {task_command.py:426} INFO - Running <TaskInstance: mongo_to_bigquery_pipeline.extract_from_mongodb manual__2026-07-06T12:27:07.325386+00:00 [running]> on host b66a75308c99
[2026-07-06T12:27:13.366+0000] {taskinstance.py:2648} INFO - Exporting env vars: AIRFLOW_CTX_DAG_OWNER='data_engineer' AIRFLOW_CTX_DAG_ID='mongo_to_bigquery_pipeline' AIRFLOW_CTX_TASK_ID='extract_from_mongodb' AIRFLOW_CTX_EXECUTION_DATE='2026-07-06T12:27:07.325386+00:00' AIRFLOW_CTX_TRY_NUMBER='1' AIRFLOW_CTX_DAG_RUN_ID='manual__2026-07-06T12:27:07.325386+00:00'
[2026-07-06T12:27:13.368+0000] {taskinstance.py:430} INFO - ::endgroup::
[2026-07-06T12:27:13.369+0000] {logging_mixin.py:188} INFO - Mulai koneksi ke MongoDB...
[2026-07-06T12:27:13.379+0000] {base.py:84} INFO - Using connection ID 'mongo_conn' for task execution.
[2026-07-06T12:27:13.380+0000] {taskinstance.py:441} INFO - ::group::Post task execution logs
[2026-07-06T12:27:13.380+0000] {taskinstance.py:2905} ERROR - Task failed with exception
Traceback (most recent call last):
  File "/home/airflow/.local/lib/python3.11/site-packages/airflow/models/taskinstance.py", line 465, in _execute_task
    result = _execute_callable(context=context, **execute_callable_kwargs)
             ^^^^^^^^^^^^^^^^^^^^^^^^^^^^^^^^^^^^^^^^^^^^^^^^^^^^^^^^^^^^^
  File "/home/airflow/.local/lib/python3.11/site-packages/airflow/models/taskinstance.py", line 432, in _execute_callable
    return execute_callable(context=context, **execute_callable_kwargs)
           ^^^^^^^^^^^^^^^^^^^^^^^^^^^^^^^^^^^^^^^^^^^^^^^^^^^^^^^^^^^^
  File "/home/airflow/.local/lib/python3.11/site-packages/airflow/models/baseoperator.py", line 400, in wrapper
    return func(self, *args, **kwargs)
           ^^^^^^^^^^^^^^^^^^^^^^^^^^^
  File "/home/airflow/.local/lib/python3.11/site-packages/airflow/operators/python.py", line 235, in execute
    return_value = self.execute_callable()
                   ^^^^^^^^^^^^^^^^^^^^^^^
  File "/home/airflow/.local/lib/python3.11/site-packages/airflow/operators/python.py", line 252, in execute_callable
    return self.python_callable(*self.op_args, **self.op_kwargs)
           ^^^^^^^^^^^^^^^^^^^^^^^^^^^^^^^^^^^^^^^^^^^^^^^^^^^^^
  File "/opt/airflow/dags/mongo_to_bq_dag.py", line 16, in extract_mongo_data
    client = hook.get_conn()
             ^^^^^^^^^^^^^^^
  File "/home/airflow/.local/lib/python3.11/site-packages/airflow/providers/mongo/hooks/mongo.py", line 145, in get_conn
    self.client = MongoClient(self.uri, **options)
                  ^^^^^^^^^^^^^^^^^^^^^^^^^^^^^^^^
  File "/home/airflow/.local/lib/python3.11/site-packages/pymongo/mongo_client.py", line 774, in __init__
    res = uri_parser.parse_uri(
          ^^^^^^^^^^^^^^^^^^^^^
  File "/home/airflow/.local/lib/python3.11/site-packages/pymongo/uri_parser.py", line 513, in parse_uri
    raise InvalidURI('Bad database name "%s"' % dbase)
pymongo.errors.InvalidURI: Bad database name "/adeikmalmaulanaa_db_user:4IspZD7DBEjeSska@storedegcp"
[2026-07-06T12:27:13.394+0000] {taskinstance.py:1206} INFO - Marking task as UP_FOR_RETRY. dag_id=mongo_to_bigquery_pipeline, task_id=extract_from_mongodb, run_id=manual__2026-07-06T12:27:07.325386+00:00, execution_date=20260706T122707, start_date=20260706T122713, end_date=20260706T122713
[2026-07-06T12:27:13.408+0000] {standard_task_runner.py:110} ERROR - Failed to execute job 13 for task extract_from_mongodb (Bad database name "/adeikmalmaulanaa_db_user:4IspZD7DBEjeSska@storedegcp"; 786)
[2026-07-06T12:27:13.459+0000] {local_task_job_runner.py:240} INFO - Task exited with return code 1
[2026-07-06T12:27:13.486+0000] {taskinstance.py:3498} INFO - 0 downstream tasks scheduled from follow-on schedule check
[2026-07-06T12:27:13.489+0000] {local_task_job_runner.py:222} INFO - ::endgroup::
